
Jupyter server is running on: c17-03
Job starts at: Thu Oct 26 21:36:55 EDT 2017

Step 1 :

If you are working in NYU campus, please open an iTerm window, run command

ssh -L 9973:localhost:9973 vl1019@prince.hpc.nyu.edu

If you are working off campus, you should already have ssh tunneling setup through HPC bastion host,
that you can directly login to prince with command

ssh vl1019@prince

Please open an iTerm window, run command

ssh -L 9973:localhost:9973 vl1019@prince

Step 2:

Keep the iTerm windows in the previouse step open. Now open browser, find the line with

The Jupyter Notebook is running at:

the URL is something: http://localhost:/?token=XXXXXXXX

you should be able to connect to jupyter notebook running remotly on prince compute node with above url

[I 21:36:57.690 NotebookApp] Writing notebook server cookie secret to /state/partition1/job-2722611/jupyter/notebook_cookie_secret
[I 21:36:58.572 NotebookApp] Serving notebooks from local directory: /home/vl1019
[I 21:36:58.572 NotebookApp] 0 active kernels 
[I 21:36:58.572 NotebookApp] The Jupyter Notebook is running at: http://localhost:9973/?token=e196093f491d5b53cff397a4f85c50012175bfa46ad083a7
[I 21:36:58.572 NotebookApp] Use Control-C to stop this server and shut down all kernels (twice to skip confirmation).
[C 21:36:58.573 NotebookApp] 
    
    Copy/paste this URL into your browser when you connect for the first time,
    to login with a token:
        http://localhost:9973/?token=e196093f491d5b53cff397a4f85c50012175bfa46ad083a7
