2017-08-25 11:45:43.745844: W tensorflow/core/platform/cpu_feature_guard.cc:45] The TensorFlow library wasn't compiled to use SSE4.1 instructions, but these are available on your machine and could speed up CPU computations.
2017-08-25 11:45:43.746157: W tensorflow/core/platform/cpu_feature_guard.cc:45] The TensorFlow library wasn't compiled to use SSE4.2 instructions, but these are available on your machine and could speed up CPU computations.
2017-08-25 11:45:43.746170: W tensorflow/core/platform/cpu_feature_guard.cc:45] The TensorFlow library wasn't compiled to use AVX instructions, but these are available on your machine and could speed up CPU computations.
Using TensorFlow backend.
2017-08-25 11:45:16.870008 Start.
Training Salamon's ICASSP 2017 convnet on BirdVox-70k. 
Training set: unit05, unit07, unit10.
Validation set: unit01, unit02.
Test set: unit03.

h5py version: 2.6.0
keras version: 2.0.6
numpy version: 1.13.1
pandas version: 0.20.3
pescador version: 1.0.0
tensorflow version: 1.2.1

_________________________________________________________________
Layer (type)                 Output Shape              Param #   
=================================================================
input_1 (InputLayer)         (None, 128, 104, 1)       0         
_________________________________________________________________
batch_normalization_1 (Batch (None, 128, 104, 1)       4         
_________________________________________________________________
conv2d_1 (Conv2D)            (None, 128, 104, 24)      624       
_________________________________________________________________
max_pooling2d_1 (MaxPooling2 (None, 64, 26, 24)        0         
_________________________________________________________________
conv2d_2 (Conv2D)            (None, 64, 26, 48)        28848     
_________________________________________________________________
max_pooling2d_2 (MaxPooling2 (None, 32, 6, 48)         0         
_________________________________________________________________
conv2d_3 (Conv2D)            (None, 32, 6, 48)         57648     
_________________________________________________________________
flatten_1 (Flatten)          (None, 9216)              0         
_________________________________________________________________
dense_1 (Dense)              (None, 64)                589888    
_________________________________________________________________
dense_2 (Dense)              (None, 1)                 65        
=================================================================
Total params: 677,077
Trainable params: 677,075
Non-trainable params: 2
_________________________________________________________________
         acc      loss   val_acc  val_loss
0   0.829102  0.505501  0.671509  1.464764
1   0.927734  0.238583  0.729980  1.374824
2   0.955200  0.169641  0.751831  0.653546
3   0.958740  0.148581  0.780518  0.762819
4   0.960693  0.138411  0.787109  0.796313
5   0.968018  0.123519  0.796143  0.666598
6   0.966675  0.125990  0.800537  0.657987
7   0.970825  0.111806  0.804932  0.621318
8   0.973389  0.101685  0.808105  0.539414
9   0.973511  0.104066  0.807373  0.718985
10  0.972534  0.102135  0.819458  0.584835
11  0.971069  0.109520  0.820068  0.802219
12  0.977661  0.094381  0.786377  1.071553
13  0.977051  0.094178  0.811646  0.518578
14  0.976929  0.102556  0.823120  0.865939
15  0.976318  0.094740  0.846680  0.603466
16  0.976074  0.097251  0.810303  0.615674
17  0.976562  0.092381  0.811523  0.924601
18  0.978027  0.094713  0.792114  0.722011
19  0.965698  0.140967  0.797485  0.851394
20  0.974854  0.119880  0.798828  1.095725
21  0.978271  0.097417  0.801636  1.323051
22  0.979248  0.094030  0.796265  0.971623
23  0.977905  0.098049  0.816650  0.589482
24  0.979248  0.090492  0.824219  0.751101
25  0.976562  0.084522  0.822388  0.749613
26  0.979126  0.082564  0.831909  0.589031
27  0.905518  0.576037  0.504150  7.941084
28  0.494263  8.093661  0.507324  7.881123
29  0.496094  8.057169  0.502197  7.957189
30  0.504761  7.914147  0.507568  7.867377
31  0.490356  8.140070  0.491699  8.117064

2017-08-25 16:06:27.794754 Finish.
Total elapsed time: 04:21:11.79.
