
Jupyter server is running on: gpu-25
Job starts at: Mon Jul 24 12:13:23 EDT 2017

Step 1 :

If you are working in NYU campus, please open an iTerm window, run command

ssh -L 9502:localhost:9502 vl1019@prince.hpc.nyu.edu

If you are working off campus, you should already have ssh tunneling setup through HPC bastion host, 
that you can directly login to prince with command

ssh vl1019@prince

Please open an iTerm window, run command

ssh -L 9502:localhost:9502 vl1019@prince

Step 2:

Keep the iTerm windows in the previouse step open. Now open browser, find the line with

The Jupyter Notebook is running at:

the URL is something: http://localhost:/?token=XXXXXXXX

you should be able to connect to jupyter notebook running remotly on prince compute node with above url

[I 12:13:27.249 NotebookApp] Writing notebook server cookie secret to /state/partition1/job-1584641/jupyter/notebook_cookie_secret
[I 12:13:28.273 NotebookApp] Serving notebooks from local directory: /home/vl1019
[I 12:13:28.273 NotebookApp] 0 active kernels 
[I 12:13:28.273 NotebookApp] The Jupyter Notebook is running at: http://localhost:9502/?token=68a370509e9f8e832c86642b0291113a293683e39a36c930
[I 12:13:28.273 NotebookApp] Use Control-C to stop this server and shut down all kernels (twice to skip confirmation).
[C 12:13:28.273 NotebookApp] 
    
    Copy/paste this URL into your browser when you connect for the first time,
    to login with a token:
        http://localhost:9502/?token=68a370509e9f8e832c86642b0291113a293683e39a36c930
[I 12:14:40.656 NotebookApp] 302 GET /?token=68a370509e9f8e832c86642b0291113a293683e39a36c930 (::1) 0.82ms
[I 12:33:49.583 NotebookApp] Saving file at /spl2017/src/000_generate_BirdVox-70k_clips.py
[I 12:49:10.963 NotebookApp] Creating new notebook in /spl2017/src
[I 12:49:13.686 NotebookApp] Kernel started: 75aec886-9cbf-4c46-b5a8-b48ad359d8b6
[W 12:49:13.770 NotebookApp] 404 GET /nbextensions/widgets/notebook/js/extension.js?v=20170724121327 (::1) 23.82ms referer=http://localhost:9502/notebooks/spl2017/src/Untitled.ipynb?kernel_name=python3
[I 12:51:13.745 NotebookApp] Saving file at /spl2017/src/001_generate_jams.py.ipynb
[I 12:53:13.747 NotebookApp] Saving file at /spl2017/src/001_generate_jams.py.ipynb
[I 12:55:13.804 NotebookApp] Saving file at /spl2017/src/001_generate_jams.py.ipynb
[I 12:59:13.729 NotebookApp] Saving file at /spl2017/src/001_generate_jams.py.ipynb
[I 13:01:13.752 NotebookApp] Saving file at /spl2017/src/001_generate_jams.py.ipynb
[I 13:03:13.819 NotebookApp] Saving file at /spl2017/src/001_generate_jams.py.ipynb
[W 13:06:14.888 NotebookApp] WebSocket ping timeout after 119947 ms.
[I 13:30:43.831 NotebookApp] 302 GET /?token=68a370509e9f8e832c86642b0291113a293683e39a36c930 (::1) 0.48ms
[W 13:30:53.796 NotebookApp] 404 GET /nbextensions/widgets/notebook/js/extension.js?v=20170724121327 (::1) 2.05ms referer=http://localhost:9502/notebooks/spl2017/notebooks/bugfix_BirdVox-70k.ipynb
[I 13:30:54.978 NotebookApp] Kernel started: b8586b44-6ac2-4807-83a9-f5d301868bbe
[W 13:31:12.862 NotebookApp] 404 GET /nbextensions/widgets/notebook/js/extension.js?v=20170724121327 (::1) 1.80ms referer=http://localhost:9502/notebooks/spl2017/src/001_generate_jams.py.ipynb
[I 13:33:13.105 NotebookApp] Saving file at /spl2017/src/001_generate_jams.py.ipynb
[I 13:35:13.098 NotebookApp] Saving file at /spl2017/src/001_generate_jams.py.ipynb
[I 13:39:13.118 NotebookApp] Saving file at /spl2017/src/001_generate_jams.py.ipynb
[I 13:41:13.113 NotebookApp] Saving file at /spl2017/src/001_generate_jams.py.ipynb
[I 13:43:35.117 NotebookApp] Saving file at /spl2017/src/001_generate_jams.py.ipynb
[I 15:01:09.831 NotebookApp] 302 GET /?token=68a370509e9f8e832c86642b0291113a293683e39a36c930 (::1) 0.46ms
