2017-08-24 20:42:15.994559: W tensorflow/core/platform/cpu_feature_guard.cc:45] The TensorFlow library wasn't compiled to use SSE4.1 instructions, but these are available on your machine and could speed up CPU computations.
2017-08-24 20:42:15.994768: W tensorflow/core/platform/cpu_feature_guard.cc:45] The TensorFlow library wasn't compiled to use SSE4.2 instructions, but these are available on your machine and could speed up CPU computations.
2017-08-24 20:42:15.994782: W tensorflow/core/platform/cpu_feature_guard.cc:45] The TensorFlow library wasn't compiled to use AVX instructions, but these are available on your machine and could speed up CPU computations.
Using TensorFlow backend.
2017-08-24 20:42:01.580499 Start.
Training Salamon's ICASSP 2017 convnet on BirdVox-70k. 
Training set: unit10, unit01, unit02.
Validation set: unit03, unit05.
Test set: unit07.

h5py version: 2.6.0
keras version: 2.0.6
numpy version: 1.13.1
pandas version: 0.20.3
pescador version: 1.0.0
tensorflow version: 1.2.1

_________________________________________________________________
Layer (type)                 Output Shape              Param #   
=================================================================
input_1 (InputLayer)         (None, 128, 104, 1)       0         
_________________________________________________________________
batch_normalization_1 (Batch (None, 128, 104, 1)       4         
_________________________________________________________________
conv2d_1 (Conv2D)            (None, 128, 104, 24)      624       
_________________________________________________________________
max_pooling2d_1 (MaxPooling2 (None, 64, 26, 24)        0         
_________________________________________________________________
conv2d_2 (Conv2D)            (None, 64, 26, 48)        28848     
_________________________________________________________________
max_pooling2d_2 (MaxPooling2 (None, 32, 6, 48)         0         
_________________________________________________________________
conv2d_3 (Conv2D)            (None, 32, 6, 48)         57648     
_________________________________________________________________
flatten_1 (Flatten)          (None, 9216)              0         
_________________________________________________________________
dense_1 (Dense)              (None, 64)                589888    
_________________________________________________________________
dense_2 (Dense)              (None, 1)                 65        
=================================================================
Total params: 677,077
Trainable params: 677,075
Non-trainable params: 2
_________________________________________________________________
         acc      loss   val_acc  val_loss
0   0.806519  0.503562  0.860840  0.380031
1   0.900879  0.288975  0.855713  0.337490
2   0.926392  0.229527  0.890137  0.291019
3   0.929688  0.218776  0.946045  0.195595
4   0.934814  0.202256  0.912109  0.231739
5   0.936890  0.189090  0.839722  0.355920
6   0.942749  0.179074  0.919678  0.215283
7   0.946777  0.165226  0.955933  0.153325
8   0.947998  0.164577  0.930176  0.204031
9   0.945557  0.181422  0.956787  0.181340
10  0.945435  0.175079  0.936523  0.190565
11  0.944946  0.186275  0.956299  0.142691
12  0.946899  0.160697  0.959717  0.147853
13  0.937500  0.203428  0.966064  0.142777
14  0.948730  0.161263  0.957520  0.148199
15  0.942383  0.194165  0.917236  0.225019
16  0.742188  3.298791  0.501099  8.021993
17  0.501343  8.010838  0.498413  8.051577
18  0.497070  8.068542  0.496094  8.080089
19  0.497192  8.059245  0.504272  7.943267
20  0.498535  8.032055  0.503662  7.947787
21  0.504150  7.937771  0.497437  8.042678
22  0.500610  7.990180  0.499023  8.013659
23  0.504883  7.918608  0.495972  8.059096
24  0.505127  7.911711  0.497192  8.036830
25  0.497803  8.025847  0.508301  7.857271
26  0.504150  7.922331  0.503052  7.938774
27  0.498535  8.009797  0.489502  8.152855
28  0.500122  7.982670  0.502563  7.942899
29  0.498657  8.004392  0.499390  7.991956
30  0.497192  8.026287  0.502563  7.939980
31  0.504150  7.914055  0.496704  8.032159

2017-08-25 01:07:06.773907 Finish.
Total elapsed time: 04:25:05.77.
