2017-08-25 01:27:59.378347: W tensorflow/core/platform/cpu_feature_guard.cc:45] The TensorFlow library wasn't compiled to use SSE4.1 instructions, but these are available on your machine and could speed up CPU computations.
2017-08-25 01:27:59.378651: W tensorflow/core/platform/cpu_feature_guard.cc:45] The TensorFlow library wasn't compiled to use SSE4.2 instructions, but these are available on your machine and could speed up CPU computations.
2017-08-25 01:27:59.378665: W tensorflow/core/platform/cpu_feature_guard.cc:45] The TensorFlow library wasn't compiled to use AVX instructions, but these are available on your machine and could speed up CPU computations.
Using TensorFlow backend.
2017-08-25 01:27:49.798577 Start.
Training Salamon's ICASSP 2017 convnet on BirdVox-70k. 
Training set: unit03, unit05, unit07.
Validation set: unit10, unit01.
Test set: unit02.

h5py version: 2.6.0
keras version: 2.0.6
numpy version: 1.13.1
pandas version: 0.20.3
pescador version: 1.0.0
tensorflow version: 1.2.1

_________________________________________________________________
Layer (type)                 Output Shape              Param #   
=================================================================
input_1 (InputLayer)         (None, 128, 104, 1)       0         
_________________________________________________________________
batch_normalization_1 (Batch (None, 128, 104, 1)       4         
_________________________________________________________________
conv2d_1 (Conv2D)            (None, 128, 104, 24)      624       
_________________________________________________________________
max_pooling2d_1 (MaxPooling2 (None, 64, 26, 24)        0         
_________________________________________________________________
conv2d_2 (Conv2D)            (None, 64, 26, 48)        28848     
_________________________________________________________________
max_pooling2d_2 (MaxPooling2 (None, 32, 6, 48)         0         
_________________________________________________________________
conv2d_3 (Conv2D)            (None, 32, 6, 48)         57648     
_________________________________________________________________
flatten_1 (Flatten)          (None, 9216)              0         
_________________________________________________________________
dense_1 (Dense)              (None, 64)                589888    
_________________________________________________________________
dense_2 (Dense)              (None, 1)                 65        
=================================================================
Total params: 677,077
Trainable params: 677,075
Non-trainable params: 2
_________________________________________________________________
         acc      loss   val_acc  val_loss
0   0.834473  0.430559  0.818848  0.585748
1   0.944702  0.179044  0.812744  0.695623
2   0.948608  0.169342  0.799561  0.717563
3   0.960571  0.130772  0.872192  0.372201
4   0.962158  0.127517  0.812988  0.551937
5   0.967041  0.118366  0.852539  0.479308
6   0.969360  0.113670  0.886841  0.392218
7   0.973022  0.101812  0.878662  0.364221
8   0.962280  0.157203  0.856689  0.405595
9   0.972656  0.105564  0.899048  0.338723
10  0.973267  0.099886  0.849976  0.440041
11  0.972412  0.100009  0.876587  0.453377
12  0.975098  0.088751  0.860229  0.452627
13  0.979370  0.081556  0.875977  0.518355
14  0.978882  0.083139  0.881836  0.408595
15  0.977783  0.085028  0.884155  0.413919
16  0.978394  0.079240  0.877686  0.416722
17  0.978027  0.080143  0.870605  0.481479
18  0.977783  0.084065  0.830200  0.598370
19  0.974243  0.089562  0.866089  0.457188
20  0.977539  0.097413  0.897705  0.367041
21  0.978149  0.088565  0.909180  0.373021
22  0.973511  0.100048  0.874023  0.448708
23  0.977173  0.083383  0.884399  0.446100
24  0.976074  0.091133  0.892822  0.401639
25  0.980957  0.079063  0.897461  0.486819
26  0.930298  0.705416  0.495361  8.095528
27  0.504517  7.980210  0.500122  8.119965
28  0.503174  8.066845  0.501343  8.092972
29  0.496338  8.170958  0.499512  8.117318
30  0.495361  8.182077  0.486450  8.323680
31  0.504883  8.024774  0.498779  8.121415

2017-08-25 05:53:41.275825 Finish.
Total elapsed time: 04:25:52.28.
