2017-08-25 01:27:51.840367: W tensorflow/core/platform/cpu_feature_guard.cc:45] The TensorFlow library wasn't compiled to use SSE4.1 instructions, but these are available on your machine and could speed up CPU computations.
2017-08-25 01:27:51.840641: W tensorflow/core/platform/cpu_feature_guard.cc:45] The TensorFlow library wasn't compiled to use SSE4.2 instructions, but these are available on your machine and could speed up CPU computations.
2017-08-25 01:27:51.840655: W tensorflow/core/platform/cpu_feature_guard.cc:45] The TensorFlow library wasn't compiled to use AVX instructions, but these are available on your machine and could speed up CPU computations.
Using TensorFlow backend.
2017-08-25 01:27:49.867250 Start.
Training Salamon's ICASSP 2017 convnet on BirdVox-70k. 
Training set: unit03, unit05, unit07.
Validation set: unit10, unit01.
Test set: unit02.

h5py version: 2.6.0
keras version: 2.0.6
numpy version: 1.13.1
pandas version: 0.20.3
pescador version: 1.0.0
tensorflow version: 1.2.1

_________________________________________________________________
Layer (type)                 Output Shape              Param #   
=================================================================
input_1 (InputLayer)         (None, 128, 104, 1)       0         
_________________________________________________________________
batch_normalization_1 (Batch (None, 128, 104, 1)       4         
_________________________________________________________________
conv2d_1 (Conv2D)            (None, 128, 104, 24)      624       
_________________________________________________________________
max_pooling2d_1 (MaxPooling2 (None, 64, 26, 24)        0         
_________________________________________________________________
conv2d_2 (Conv2D)            (None, 64, 26, 48)        28848     
_________________________________________________________________
max_pooling2d_2 (MaxPooling2 (None, 32, 6, 48)         0         
_________________________________________________________________
conv2d_3 (Conv2D)            (None, 32, 6, 48)         57648     
_________________________________________________________________
flatten_1 (Flatten)          (None, 9216)              0         
_________________________________________________________________
dense_1 (Dense)              (None, 64)                589888    
_________________________________________________________________
dense_2 (Dense)              (None, 1)                 65        
=================================================================
Total params: 677,077
Trainable params: 677,075
Non-trainable params: 2
_________________________________________________________________
         acc      loss   val_acc  val_loss
0   0.888672  0.387964  0.901978  1.376549
1   0.967163  0.147788  0.821533  0.397800
2   0.975220  0.093708  0.757080  0.618014
3   0.977173  0.087740  0.760620  0.959355
4   0.981445  0.065443  0.971558  0.175425
5   0.981567  0.062100  0.902222  0.332869
6   0.983521  0.070602  0.750610  1.210787
7   0.987183  0.058147  0.865356  0.416914
8   0.984741  0.068561  0.846558  0.395320
9   0.989624  0.049839  0.768799  0.572479
10  0.986328  0.055063  0.946167  0.232744
11  0.989502  0.049037  0.847168  0.437864
12  0.988159  0.048528  0.875732  0.415443
13  0.990479  0.047407  0.859985  0.420894
14  0.992676  0.037653  0.854614  0.466311
15  0.988770  0.048903  0.968506  0.182375
16  0.931763  0.959013  0.845093  2.512558
17  0.788452  3.431564  0.493530  8.127483
18  0.677734  5.192404  0.820068  2.917902
19  0.807739  3.139806  0.829834  2.754828
20  0.838745  2.641450  0.730835  4.336097
21  0.844482  2.541470  0.502808  7.981193
22  0.492920  8.143070  0.496826  8.078048
23  0.498413  8.050520  0.502197  7.988141
24  0.499390  8.031134  0.500244  8.015827
25  0.498413  8.043500  0.504272  7.948618
26  0.489258  8.186631  0.504639  7.940099
27  0.504395  7.942751  0.494751  8.095275
28  0.503418  7.955951  0.494995  8.089096
29  0.504761  7.932326  0.500366  8.001314
30  0.500488  7.998343  0.497681  8.042086
31  0.508301  7.871797  0.501709  7.975913

2017-08-25 05:53:58.648842 Finish.
Total elapsed time: 04:26:09.65.
