/home/vl1019/miniconda3/lib/python3.6/site-packages/librosa/core/pitch.py:145: UserWarning: Trying to estimate tuning from empty frequency set.
  warnings.warn('Trying to estimate tuning from empty frequency set.')
/home/vl1019/miniconda3/lib/python3.6/site-packages/librosa/core/pitch.py:145: UserWarning: Trying to estimate tuning from empty frequency set.
  warnings.warn('Trying to estimate tuning from empty frequency set.')
/home/vl1019/miniconda3/lib/python3.6/site-packages/librosa/core/pitch.py:145: UserWarning: Trying to estimate tuning from empty frequency set.
  warnings.warn('Trying to estimate tuning from empty frequency set.')
/home/vl1019/miniconda3/lib/python3.6/site-packages/librosa/core/pitch.py:145: UserWarning: Trying to estimate tuning from empty frequency set.
  warnings.warn('Trying to estimate tuning from empty frequency set.')
/home/vl1019/miniconda3/lib/python3.6/site-packages/librosa/core/pitch.py:145: UserWarning: Trying to estimate tuning from empty frequency set.
  warnings.warn('Trying to estimate tuning from empty frequency set.')
/home/vl1019/miniconda3/lib/python3.6/site-packages/librosa/core/pitch.py:145: UserWarning: Trying to estimate tuning from empty frequency set.
  warnings.warn('Trying to estimate tuning from empty frequency set.')
/home/vl1019/miniconda3/lib/python3.6/site-packages/librosa/core/pitch.py:145: UserWarning: Trying to estimate tuning from empty frequency set.
  warnings.warn('Trying to estimate tuning from empty frequency set.')
/home/vl1019/miniconda3/lib/python3.6/site-packages/librosa/core/pitch.py:145: UserWarning: Trying to estimate tuning from empty frequency set.
  warnings.warn('Trying to estimate tuning from empty frequency set.')
/home/vl1019/miniconda3/lib/python3.6/site-packages/librosa/core/pitch.py:145: UserWarning: Trying to estimate tuning from empty frequency set.
  warnings.warn('Trying to estimate tuning from empty frequency set.')
/home/vl1019/miniconda3/lib/python3.6/site-packages/librosa/core/pitch.py:145: UserWarning: Trying to estimate tuning from empty frequency set.
  warnings.warn('Trying to estimate tuning from empty frequency set.')
/home/vl1019/miniconda3/lib/python3.6/site-packages/librosa/core/pitch.py:145: UserWarning: Trying to estimate tuning from empty frequency set.
  warnings.warn('Trying to estimate tuning from empty frequency set.')
/home/vl1019/miniconda3/lib/python3.6/site-packages/librosa/core/pitch.py:145: UserWarning: Trying to estimate tuning from empty frequency set.
  warnings.warn('Trying to estimate tuning from empty frequency set.')
/home/vl1019/miniconda3/lib/python3.6/site-packages/librosa/core/pitch.py:145: UserWarning: Trying to estimate tuning from empty frequency set.
  warnings.warn('Trying to estimate tuning from empty frequency set.')
/home/vl1019/miniconda3/lib/python3.6/site-packages/librosa/core/pitch.py:145: UserWarning: Trying to estimate tuning from empty frequency set.
  warnings.warn('Trying to estimate tuning from empty frequency set.')
/home/vl1019/miniconda3/lib/python3.6/site-packages/librosa/core/pitch.py:145: UserWarning: Trying to estimate tuning from empty frequency set.
  warnings.warn('Trying to estimate tuning from empty frequency set.')
/home/vl1019/miniconda3/lib/python3.6/site-packages/librosa/core/pitch.py:145: UserWarning: Trying to estimate tuning from empty frequency set.
  warnings.warn('Trying to estimate tuning from empty frequency set.')
/home/vl1019/miniconda3/lib/python3.6/site-packages/librosa/core/pitch.py:145: UserWarning: Trying to estimate tuning from empty frequency set.
  warnings.warn('Trying to estimate tuning from empty frequency set.')
/home/vl1019/miniconda3/lib/python3.6/site-packages/librosa/core/pitch.py:145: UserWarning: Trying to estimate tuning from empty frequency set.
  warnings.warn('Trying to estimate tuning from empty frequency set.')
/home/vl1019/miniconda3/lib/python3.6/site-packages/librosa/core/pitch.py:145: UserWarning: Trying to estimate tuning from empty frequency set.
  warnings.warn('Trying to estimate tuning from empty frequency set.')
/home/vl1019/miniconda3/lib/python3.6/site-packages/librosa/core/pitch.py:145: UserWarning: Trying to estimate tuning from empty frequency set.
  warnings.warn('Trying to estimate tuning from empty frequency set.')
/home/vl1019/miniconda3/lib/python3.6/site-packages/librosa/core/pitch.py:145: UserWarning: Trying to estimate tuning from empty frequency set.
  warnings.warn('Trying to estimate tuning from empty frequency set.')
/home/vl1019/miniconda3/lib/python3.6/site-packages/librosa/core/pitch.py:145: UserWarning: Trying to estimate tuning from empty frequency set.
  warnings.warn('Trying to estimate tuning from empty frequency set.')
/home/vl1019/miniconda3/lib/python3.6/site-packages/librosa/core/pitch.py:145: UserWarning: Trying to estimate tuning from empty frequency set.
  warnings.warn('Trying to estimate tuning from empty frequency set.')
/home/vl1019/miniconda3/lib/python3.6/site-packages/librosa/core/pitch.py:145: UserWarning: Trying to estimate tuning from empty frequency set.
  warnings.warn('Trying to estimate tuning from empty frequency set.')
/home/vl1019/miniconda3/lib/python3.6/site-packages/librosa/core/pitch.py:145: UserWarning: Trying to estimate tuning from empty frequency set.
  warnings.warn('Trying to estimate tuning from empty frequency set.')
/home/vl1019/miniconda3/lib/python3.6/site-packages/librosa/core/pitch.py:145: UserWarning: Trying to estimate tuning from empty frequency set.
  warnings.warn('Trying to estimate tuning from empty frequency set.')
/home/vl1019/miniconda3/lib/python3.6/site-packages/librosa/core/pitch.py:145: UserWarning: Trying to estimate tuning from empty frequency set.
  warnings.warn('Trying to estimate tuning from empty frequency set.')
/home/vl1019/miniconda3/lib/python3.6/site-packages/librosa/core/pitch.py:145: UserWarning: Trying to estimate tuning from empty frequency set.
  warnings.warn('Trying to estimate tuning from empty frequency set.')
/home/vl1019/miniconda3/lib/python3.6/site-packages/librosa/core/pitch.py:145: UserWarning: Trying to estimate tuning from empty frequency set.
  warnings.warn('Trying to estimate tuning from empty frequency set.')
/home/vl1019/miniconda3/lib/python3.6/site-packages/librosa/core/pitch.py:145: UserWarning: Trying to estimate tuning from empty frequency set.
  warnings.warn('Trying to estimate tuning from empty frequency set.')
/home/vl1019/miniconda3/lib/python3.6/site-packages/librosa/core/pitch.py:145: UserWarning: Trying to estimate tuning from empty frequency set.
  warnings.warn('Trying to estimate tuning from empty frequency set.')
/home/vl1019/miniconda3/lib/python3.6/site-packages/librosa/core/pitch.py:145: UserWarning: Trying to estimate tuning from empty frequency set.
  warnings.warn('Trying to estimate tuning from empty frequency set.')
/home/vl1019/miniconda3/lib/python3.6/site-packages/librosa/core/pitch.py:145: UserWarning: Trying to estimate tuning from empty frequency set.
  warnings.warn('Trying to estimate tuning from empty frequency set.')
2017-07-30 11:34:54.222960 Start.
Augmenting BirdVox-70k clips for unit07
with augmentation pitch and instance 3.
jams version: 0.3.0
librosa version: 0.5.1
muda version: 0.1.4
numpy version: 1.13.1

2017-07-30 12:16:48.150986 Finish.
Total elapsed time: 00:41:54.15.
