2017-08-25 01:27:51.681869: W tensorflow/core/platform/cpu_feature_guard.cc:45] The TensorFlow library wasn't compiled to use SSE4.1 instructions, but these are available on your machine and could speed up CPU computations.
2017-08-25 01:27:51.681992: W tensorflow/core/platform/cpu_feature_guard.cc:45] The TensorFlow library wasn't compiled to use SSE4.2 instructions, but these are available on your machine and could speed up CPU computations.
2017-08-25 01:27:51.682006: W tensorflow/core/platform/cpu_feature_guard.cc:45] The TensorFlow library wasn't compiled to use AVX instructions, but these are available on your machine and could speed up CPU computations.
Using TensorFlow backend.
2017-08-25 01:27:49.997308 Start.
Training Salamon's ICASSP 2017 convnet on BirdVox-70k. 
Training set: unit07, unit10, unit01.
Validation set: unit02, unit03.
Test set: unit05.

h5py version: 2.6.0
keras version: 2.0.6
numpy version: 1.13.1
pandas version: 0.20.3
pescador version: 1.0.0
tensorflow version: 1.2.1

_________________________________________________________________
Layer (type)                 Output Shape              Param #   
=================================================================
input_1 (InputLayer)         (None, 128, 104, 1)       0         
_________________________________________________________________
batch_normalization_1 (Batch (None, 128, 104, 1)       4         
_________________________________________________________________
conv2d_1 (Conv2D)            (None, 128, 104, 24)      624       
_________________________________________________________________
max_pooling2d_1 (MaxPooling2 (None, 64, 26, 24)        0         
_________________________________________________________________
conv2d_2 (Conv2D)            (None, 64, 26, 48)        28848     
_________________________________________________________________
max_pooling2d_2 (MaxPooling2 (None, 32, 6, 48)         0         
_________________________________________________________________
conv2d_3 (Conv2D)            (None, 32, 6, 48)         57648     
_________________________________________________________________
flatten_1 (Flatten)          (None, 9216)              0         
_________________________________________________________________
dense_1 (Dense)              (None, 64)                589888    
_________________________________________________________________
dense_2 (Dense)              (None, 1)                 65        
=================================================================
Total params: 677,077
Trainable params: 677,075
Non-trainable params: 2
_________________________________________________________________
         acc      loss   val_acc  val_loss
0   0.864502  0.446889  0.774902  1.214647
1   0.956055  0.161794  0.904541  0.475065
2   0.967773  0.131856  0.888672  0.690496
3   0.973633  0.103508  0.918701  0.514890
4   0.974121  0.107093  0.948486  0.274822
5   0.979126  0.094550  0.948486  0.302693
6   0.976074  0.114721  0.926514  0.465162
7   0.983032  0.079727  0.949097  0.299363
8   0.983521  0.080971  0.968872  0.169711
9   0.982910  0.076109  0.969360  0.193000
10  0.984253  0.068258  0.966675  0.190351
11  0.981689  0.082265  0.961914  0.363316
12  0.984497  0.078827  0.960815  0.259992
13  0.986328  0.064587  0.970337  0.181447
14  0.986816  0.061887  0.941650  0.433277
15  0.988037  0.051969  0.958008  0.259780
16  0.984741  0.063624  0.969360  0.247631
17  0.961548  0.193706  0.952881  0.292004
18  0.983154  0.092664  0.939209  0.422957
19  0.986938  0.070197  0.947876  0.384302
20  0.987671  0.062268  0.927979  0.476646
21  0.985474  0.074302  0.956177  0.307936
22  0.988525  0.064037  0.938477  0.539093
23  0.989380  0.055978  0.962158  0.236473
24  0.988525  0.058168  0.958618  0.274966
25  0.988647  0.056554  0.959473  0.365841
26  0.987061  0.063003  0.911987  0.663086
27  0.990601  0.056257  0.912842  0.651763
28  0.983032  0.082047  0.895874  0.896842
29  0.987183  0.068027  0.886841  1.159776
30  0.574463  6.835376  0.504272  8.030655
31  0.510498  7.926796  0.494141  8.187359

2017-08-25 05:51:37.821650 Finish.
Total elapsed time: 04:23:48.82.
