
Jupyter server is running on: c25-04
Job starts at: Fri Oct 20 15:48:39 EDT 2017

Step 1 :

If you are working in NYU campus, please open an iTerm window, run command

ssh -L 9549:localhost:9549 vl1019@prince.hpc.nyu.edu

If you are working off campus, you should already have ssh tunneling setup through HPC bastion host,
that you can directly login to prince with command

ssh vl1019@prince

Please open an iTerm window, run command

ssh -L 9549:localhost:9549 vl1019@prince

Step 2:

Keep the iTerm windows in the previouse step open. Now open browser, find the line with

The Jupyter Notebook is running at:

the URL is something: http://localhost:/?token=XXXXXXXX

you should be able to connect to jupyter notebook running remotly on prince compute node with above url

[I 15:48:42.943 NotebookApp] Writing notebook server cookie secret to /state/partition1/job-2628128/jupyter/notebook_cookie_secret
[I 15:48:43.722 NotebookApp] Serving notebooks from local directory: /home/vl1019
[I 15:48:43.722 NotebookApp] 0 active kernels 
[I 15:48:43.722 NotebookApp] The Jupyter Notebook is running at: http://localhost:9549/?token=f90dc3f4b2ce5b8fd1ed109da4ef9c1528e46a693c86f6df
[I 15:48:43.722 NotebookApp] Use Control-C to stop this server and shut down all kernels (twice to skip confirmation).
[C 15:48:43.722 NotebookApp] 
    
    Copy/paste this URL into your browser when you connect for the first time,
    to login with a token:
        http://localhost:9549/?token=f90dc3f4b2ce5b8fd1ed109da4ef9c1528e46a693c86f6df
[I 16:11:43.090 NotebookApp] 302 GET /?token=f90dc3f4b2ce5b8fd1ed109da4ef9c1528e46a693c86f6df (::1) 1.39ms
[I 16:11:52.403 NotebookApp] Creating new notebook in /spl2017/notebooks
[I 16:11:54.513 NotebookApp] Kernel started: cb765881-3799-4e52-a63b-6780a1b77d05
[W 16:11:54.540 NotebookApp] 404 GET /nbextensions/widgets/notebook/js/extension.js?v=20171020154842 (::1) 22.40ms referer=http://localhost:9549/notebooks/spl2017/notebooks/Untitled1.ipynb?kernel_name=python3
[I 16:13:54.475 NotebookApp] Saving file at /spl2017/notebooks/train_skm.ipynb
[I 16:15:54.492 NotebookApp] Saving file at /spl2017/notebooks/train_skm.ipynb
[I 16:29:54.555 NotebookApp] Saving file at /spl2017/notebooks/train_skm.ipynb
[I 16:31:40.045 NotebookApp] Saving file at /spl2017/notebooks/train_skm.ipynb
[I 16:31:40.189 NotebookApp] Saving file at /spl2017/notebooks/train_skm.ipynb
[I 16:33:54.547 NotebookApp] Saving file at /spl2017/notebooks/train_skm.ipynb
[W 18:50:55.585 NotebookApp] WebSocket ping timeout after 119938 ms.
