2017-08-25 01:04:44.129517: W tensorflow/core/platform/cpu_feature_guard.cc:45] The TensorFlow library wasn't compiled to use SSE4.1 instructions, but these are available on your machine and could speed up CPU computations.
2017-08-25 01:04:44.129781: W tensorflow/core/platform/cpu_feature_guard.cc:45] The TensorFlow library wasn't compiled to use SSE4.2 instructions, but these are available on your machine and could speed up CPU computations.
2017-08-25 01:04:44.129796: W tensorflow/core/platform/cpu_feature_guard.cc:45] The TensorFlow library wasn't compiled to use AVX instructions, but these are available on your machine and could speed up CPU computations.
Using TensorFlow backend.
2017-08-25 01:04:35.471885 Start.
Training Salamon's ICASSP 2017 convnet on BirdVox-70k. 
Training set: unit03, unit05, unit07.
Validation set: unit10, unit01.
Test set: unit02.

h5py version: 2.6.0
keras version: 2.0.6
numpy version: 1.13.1
pandas version: 0.20.3
pescador version: 1.0.0
tensorflow version: 1.2.1

_________________________________________________________________
Layer (type)                 Output Shape              Param #   
=================================================================
input_1 (InputLayer)         (None, 128, 104, 1)       0         
_________________________________________________________________
batch_normalization_1 (Batch (None, 128, 104, 1)       4         
_________________________________________________________________
conv2d_1 (Conv2D)            (None, 128, 104, 24)      624       
_________________________________________________________________
max_pooling2d_1 (MaxPooling2 (None, 64, 26, 24)        0         
_________________________________________________________________
conv2d_2 (Conv2D)            (None, 64, 26, 48)        28848     
_________________________________________________________________
max_pooling2d_2 (MaxPooling2 (None, 32, 6, 48)         0         
_________________________________________________________________
conv2d_3 (Conv2D)            (None, 32, 6, 48)         57648     
_________________________________________________________________
flatten_1 (Flatten)          (None, 9216)              0         
_________________________________________________________________
dense_1 (Dense)              (None, 64)                589888    
_________________________________________________________________
dense_2 (Dense)              (None, 1)                 65        
=================================================================
Total params: 677,077
Trainable params: 677,075
Non-trainable params: 2
_________________________________________________________________
         acc      loss   val_acc  val_loss
0   0.817993  0.509061  0.744385  0.658195
1   0.920532  0.248822  0.783569  0.629975
2   0.942505  0.186133  0.708130  0.663648
3   0.952759  0.157374  0.767578  0.598006
4   0.963013  0.129917  0.721069  0.617813
5   0.963135  0.130012  0.754028  0.529310
6   0.969971  0.110221  0.785889  0.544797
7   0.970947  0.103761  0.785522  0.574470
8   0.971313  0.105235  0.811523  0.476559
9   0.976196  0.090256  0.814209  0.474257
10  0.970581  0.105876  0.772095  0.757518
11  0.976196  0.093713  0.778809  0.548585
12  0.977173  0.081833  0.782104  0.620891
13  0.978271  0.083323  0.771484  0.625683
14  0.974731  0.090245  0.820923  0.529570
15  0.974487  0.090718  0.833252  0.589187
16  0.975830  0.092433  0.723511  1.305474
17  0.976807  0.090742  0.812622  0.842856
18  0.977783  0.092035  0.810547  0.643854
19  0.975830  0.088066  0.849121  0.578760
20  0.980103  0.078863  0.821899  0.578449
21  0.979248  0.080432  0.786987  0.507240
22  0.973755  0.086452  0.838745  0.750093
23  0.979126  0.082171  0.803101  0.685238
24  0.979736  0.082545  0.806396  0.765018
25  0.976440  0.091395  0.834595  0.796685
26  0.975830  0.098001  0.824829  0.628041
27  0.979370  0.075891  0.831543  0.777555
28  0.980835  0.075725  0.807617  0.712066
29  0.979248  0.081809  0.847168  0.675609
30  0.978271  0.084716  0.835938  0.610667
31  0.977661  0.082314  0.884644  0.462533

2017-08-25 05:29:37.855246 Finish.
Total elapsed time: 04:25:02.86.
