2017-08-25 05:30:34.835520: W tensorflow/core/platform/cpu_feature_guard.cc:45] The TensorFlow library wasn't compiled to use SSE4.1 instructions, but these are available on your machine and could speed up CPU computations.
2017-08-25 05:30:34.835835: W tensorflow/core/platform/cpu_feature_guard.cc:45] The TensorFlow library wasn't compiled to use SSE4.2 instructions, but these are available on your machine and could speed up CPU computations.
2017-08-25 05:30:34.835850: W tensorflow/core/platform/cpu_feature_guard.cc:45] The TensorFlow library wasn't compiled to use AVX instructions, but these are available on your machine and could speed up CPU computations.
Using TensorFlow backend.
2017-08-25 05:30:33.729785 Start.
Training Salamon's ICASSP 2017 convnet on BirdVox-70k. 
Training set: unit03, unit05, unit07.
Validation set: unit10, unit01.
Test set: unit02.

h5py version: 2.6.0
keras version: 2.0.6
numpy version: 1.13.1
pandas version: 0.20.3
pescador version: 1.0.0
tensorflow version: 1.2.1

_________________________________________________________________
Layer (type)                 Output Shape              Param #   
=================================================================
input_1 (InputLayer)         (None, 128, 104, 1)       0         
_________________________________________________________________
batch_normalization_1 (Batch (None, 128, 104, 1)       4         
_________________________________________________________________
conv2d_1 (Conv2D)            (None, 128, 104, 24)      624       
_________________________________________________________________
max_pooling2d_1 (MaxPooling2 (None, 64, 26, 24)        0         
_________________________________________________________________
conv2d_2 (Conv2D)            (None, 64, 26, 48)        28848     
_________________________________________________________________
max_pooling2d_2 (MaxPooling2 (None, 32, 6, 48)         0         
_________________________________________________________________
conv2d_3 (Conv2D)            (None, 32, 6, 48)         57648     
_________________________________________________________________
flatten_1 (Flatten)          (None, 9216)              0         
_________________________________________________________________
dense_1 (Dense)              (None, 64)                589888    
_________________________________________________________________
dense_2 (Dense)              (None, 1)                 65        
=================================================================
Total params: 677,077
Trainable params: 677,075
Non-trainable params: 2
_________________________________________________________________
         acc      loss   val_acc  val_loss
0   0.859863  0.482688  0.776733  0.547602
1   0.949463  0.174573  0.757812  0.871014
2   0.972290  0.114088  0.921509  0.292361
3   0.975098  0.106227  0.942871  0.253828
4   0.980713  0.081451  0.902954  0.462337
5   0.985596  0.072683  0.932617  0.304092
6   0.978760  0.098524  0.879761  0.577846
7   0.988037  0.062418  0.941895  0.236937
8   0.987061  0.063504  0.920898  0.411975
9   0.988525  0.052662  0.955933  0.199666
10  0.986084  0.063352  0.900879  1.041544
11  0.980835  0.096990  0.804199  0.603193
12  0.985352  0.074966  0.960205  0.274467
13  0.985718  0.060808  0.881104  0.726218
14  0.985840  0.065632  0.919678  0.441733
15  0.986084  0.065077  0.955933  0.212364
16  0.988525  0.051905  0.870117  0.518816
17  0.774902  3.544551  0.493530  8.192163
18  0.495483  8.158358  0.502197  8.048095
19  0.501465  8.058239  0.500488  8.072437
20  0.496948  8.128169  0.499390  8.087563
21  0.502197  8.041199  0.501465  8.051943
22  0.503540  8.017540  0.501221  8.054006
23  0.501221  8.053171  0.502563  8.030722
24  0.498535  8.094912  0.484131  8.326366
25  0.501709  8.042381  0.497803  8.104702
26  0.501953  8.037214  0.502808  8.022865
27  0.504150  8.000688  0.508057  7.937206
28  0.503052  8.017393  0.495239  8.142845
29  0.500000  8.065674  0.497192  8.110501
30  0.492310  8.188808  0.503906  8.001506
31  0.490967  8.209708  0.496582  8.118854

2017-08-25 09:53:25.493589 Finish.
Total elapsed time: 04:22:52.49.
