
Jupyter server is running on: gpu-23
Job starts at: Wed Mar  7 00:50:26 EST 2018

Step 1 :

If you are working in NYU campus, please open an iTerm window, run command

ssh -L 9405:localhost:9405 vl1019@prince.hpc.nyu.edu

If you are working off campus, you should already have ssh tunneling setup through HPC bastion host, 
that you can directly login to prince with command

ssh vl1019@prince

Please open an iTerm window, run command

ssh -L 9405:localhost:9405 vl1019@prince

Step 2:

Keep the iTerm windows in the previouse step open. Now open browser, find the line with

The Jupyter Notebook is running at:

the URL is something: http://localhost:/?token=XXXXXXXX

you should be able to connect to jupyter notebook running remotly on prince compute node with above url

[I 00:50:28.334 NotebookApp] Writing notebook server cookie secret to /state/partition1/job-4799983/jupyter/notebook_cookie_secret
[I 00:50:29.029 NotebookApp] Serving notebooks from local directory: /home/vl1019
[I 00:50:29.029 NotebookApp] 0 active kernels 
[I 00:50:29.029 NotebookApp] The Jupyter Notebook is running at: http://localhost:9405/?token=e81eca0c32306fdda7ac8956056bedcc2d0eb3cb30721f76
[I 00:50:29.029 NotebookApp] Use Control-C to stop this server and shut down all kernels (twice to skip confirmation).
[C 00:50:29.030 NotebookApp] 
    
    Copy/paste this URL into your browser when you connect for the first time,
    to login with a token:
        http://localhost:9405/?token=e81eca0c32306fdda7ac8956056bedcc2d0eb3cb30721f76
slurmstepd: error: *** JOB 4799983 ON gpu-23 CANCELLED AT 2018-03-07T12:50:33 DUE TO TIME LIMIT ***
