2017-08-25 05:52:34.148679: W tensorflow/core/platform/cpu_feature_guard.cc:45] The TensorFlow library wasn't compiled to use SSE4.1 instructions, but these are available on your machine and could speed up CPU computations.
2017-08-25 05:52:34.148946: W tensorflow/core/platform/cpu_feature_guard.cc:45] The TensorFlow library wasn't compiled to use SSE4.2 instructions, but these are available on your machine and could speed up CPU computations.
2017-08-25 05:52:34.148961: W tensorflow/core/platform/cpu_feature_guard.cc:45] The TensorFlow library wasn't compiled to use AVX instructions, but these are available on your machine and could speed up CPU computations.
Using TensorFlow backend.
2017-08-25 05:52:33.076741 Start.
Training Salamon's ICASSP 2017 convnet on BirdVox-70k. 
Training set: unit01, unit02, unit03.
Validation set: unit05, unit07.
Test set: unit10.

h5py version: 2.6.0
keras version: 2.0.6
numpy version: 1.13.1
pandas version: 0.20.3
pescador version: 1.0.0
tensorflow version: 1.2.1

_________________________________________________________________
Layer (type)                 Output Shape              Param #   
=================================================================
input_1 (InputLayer)         (None, 128, 104, 1)       0         
_________________________________________________________________
batch_normalization_1 (Batch (None, 128, 104, 1)       4         
_________________________________________________________________
conv2d_1 (Conv2D)            (None, 128, 104, 24)      624       
_________________________________________________________________
max_pooling2d_1 (MaxPooling2 (None, 64, 26, 24)        0         
_________________________________________________________________
conv2d_2 (Conv2D)            (None, 64, 26, 48)        28848     
_________________________________________________________________
max_pooling2d_2 (MaxPooling2 (None, 32, 6, 48)         0         
_________________________________________________________________
conv2d_3 (Conv2D)            (None, 32, 6, 48)         57648     
_________________________________________________________________
flatten_1 (Flatten)          (None, 9216)              0         
_________________________________________________________________
dense_1 (Dense)              (None, 64)                589888    
_________________________________________________________________
dense_2 (Dense)              (None, 1)                 65        
=================================================================
Total params: 677,077
Trainable params: 677,075
Non-trainable params: 2
_________________________________________________________________
         acc      loss   val_acc  val_loss
0   0.502441  7.755975  0.500732  7.993135
1   0.506592  7.895024  0.501587  7.970990
2   0.508667  7.855375  0.501587  7.965825
3   0.498413  8.014514  0.504150  7.921309
4   0.492065  8.112535  0.494629  8.070331
5   0.498535  8.006914  0.495117  8.060329
6   0.501465  7.958190  0.500366  7.974808
7   0.496826  8.030447  0.504761  7.903188
8   0.496704  8.030944  0.495728  8.045855
9   0.491455  8.113375  0.490112  8.134212
10  0.499390  7.985794  0.497925  8.008654
11  0.506958  7.864199  0.495239  8.050599
12  0.504395  7.904263  0.501587  7.948661
13  0.496704  8.026185  0.498535  7.996689
14  0.491821  8.103458  0.505249  7.889137
15  0.497925  8.005686  0.499390  7.982130
16  0.495239  8.048124  0.498047  8.003203
17  0.497437  8.012800  0.507324  7.855042
18  0.508423  7.837426  0.502441  7.932691
19  0.502441  7.932617  0.493774  8.070722
20  0.484253  8.222464  0.504150  7.905203
21  0.500488  7.963549  0.498657  7.992709
22  0.488159  8.320095  0.500977  8.115687
23  0.494629  8.201182  0.514038  7.876904
24  0.501587  8.071333  0.507446  7.971738
25  0.503418  8.032862  0.506470  7.980231
26  0.497803  8.117050  0.496948  8.128131
27  0.501343  8.054985  0.496216  8.135544
28  0.495361  8.147298  0.498291  8.098277
29  0.499268  8.081002  0.493042  8.179899
30  0.496948  8.115721  0.502075  8.031939
31  0.509155  7.927312  0.503540  8.100089

2017-08-25 10:16:55.578065 Finish.
Total elapsed time: 04:24:22.58.
