2017-08-24 20:56:00.321632: W tensorflow/core/platform/cpu_feature_guard.cc:45] The TensorFlow library wasn't compiled to use SSE4.1 instructions, but these are available on your machine and could speed up CPU computations.
2017-08-24 20:56:00.321856: W tensorflow/core/platform/cpu_feature_guard.cc:45] The TensorFlow library wasn't compiled to use SSE4.2 instructions, but these are available on your machine and could speed up CPU computations.
2017-08-24 20:56:00.321871: W tensorflow/core/platform/cpu_feature_guard.cc:45] The TensorFlow library wasn't compiled to use AVX instructions, but these are available on your machine and could speed up CPU computations.
Using TensorFlow backend.
2017-08-24 20:55:50.479602 Start.
Training Salamon's ICASSP 2017 convnet on BirdVox-70k. 
Training set: unit05, unit07, unit10.
Validation set: unit01, unit02.
Test set: unit03.

h5py version: 2.6.0
keras version: 2.0.6
numpy version: 1.13.1
pandas version: 0.20.3
pescador version: 1.0.0
tensorflow version: 1.2.1

_________________________________________________________________
Layer (type)                 Output Shape              Param #   
=================================================================
input_1 (InputLayer)         (None, 128, 104, 1)       0         
_________________________________________________________________
batch_normalization_1 (Batch (None, 128, 104, 1)       4         
_________________________________________________________________
conv2d_1 (Conv2D)            (None, 128, 104, 24)      624       
_________________________________________________________________
max_pooling2d_1 (MaxPooling2 (None, 64, 26, 24)        0         
_________________________________________________________________
conv2d_2 (Conv2D)            (None, 64, 26, 48)        28848     
_________________________________________________________________
max_pooling2d_2 (MaxPooling2 (None, 32, 6, 48)         0         
_________________________________________________________________
conv2d_3 (Conv2D)            (None, 32, 6, 48)         57648     
_________________________________________________________________
flatten_1 (Flatten)          (None, 9216)              0         
_________________________________________________________________
dense_1 (Dense)              (None, 64)                589888    
_________________________________________________________________
dense_2 (Dense)              (None, 1)                 65        
=================================================================
Total params: 677,077
Trainable params: 677,075
Non-trainable params: 2
_________________________________________________________________
         acc      loss   val_acc  val_loss
0   0.479736  0.780267  0.496338  0.725388
1   0.506592  0.717782  0.505859  0.710390
2   0.502686  2.047841  0.508057  7.870043
3   0.489624  8.156323  0.506592  7.880770
4   0.501099  7.965527  0.507324  7.863984
5   0.508423  7.844902  0.509277  7.829938
6   0.504150  7.988128  0.498901  8.108655
7   0.497681  8.123043  0.504028  8.016759
8   0.507568  7.957271  0.493164  8.187367
9   0.496582  8.130693  0.500244  8.070228
10  0.500122  8.070997  0.504761  7.995107
11  0.491089  8.214491  0.502563  8.028606
12  0.506836  7.958903  0.503296  8.015153
13  0.499878  8.069508  0.502930  8.019608
14  0.494629  8.152748  0.495728  8.134407
15  0.502808  8.019711  0.498169  8.093917
16  0.493774  8.164237  0.502808  8.018146
17  0.497192  8.108206  0.495972  8.127453
18  0.499512  8.070010  0.494873  8.144410
19  0.499268  8.073254  0.502441  8.021791
20  0.500000  8.060873  0.502319  8.023237
21  0.501709  8.032858  0.510742  7.887058
22  0.500488  8.052160  0.500244  8.055937
23  0.494995  8.140410  0.502930  8.012400
24  0.505371  7.972951  0.493530  8.163714
25  0.497070  8.099609  0.499146  8.006067
26  0.507690  7.858955  0.502686  7.933634
27  0.491455  8.110882  0.486572  8.187446
28  0.502930  7.925985  0.502808  7.927409
29  0.500488  7.964083  0.493530  8.074777
30  0.495972  8.035718  0.496094  8.033666
31  0.495850  8.037495  0.505981  7.875921

2017-08-25 01:21:38.860146 Finish.
Total elapsed time: 04:25:48.86.
