Using TensorFlow backend.
Exception in thread Thread-1:
Traceback (most recent call last):
  File "/home/vl1019/miniconda3/lib/python3.6/threading.py", line 916, in _bootstrap_inner
    self.run()
  File "/home/vl1019/miniconda3/lib/python3.6/threading.py", line 864, in run
    self._target(*self._args, **self._kwargs)
  File "/home/vl1019/miniconda3/lib/python3.6/site-packages/keras/utils/data_utils.py", line 560, in data_generator_task
    generator_output = next(self._generator)
  File "/home/vl1019/miniconda3/lib/python3.6/site-packages/pescador/core.py", line 224, in tuples
    for data in self.cycle():
  File "/home/vl1019/miniconda3/lib/python3.6/site-packages/pescador/core.py", line 171, in cycle
    for obj in self:
  File "/home/vl1019/miniconda3/lib/python3.6/site-packages/pescador/buffered.py", line 82, in iterate
    partial=partial)):
  File "/home/vl1019/miniconda3/lib/python3.6/site-packages/pescador/maps.py", line 55, in buffer_stream
    for x in stream:
  File "/home/vl1019/miniconda3/lib/python3.6/site-packages/pescador/mux.py", line 213, in iterate
    yield six.advance_iterator(self.streams_[idx])
  File "/home/vl1019/miniconda3/lib/python3.6/site-packages/pescador/core.py", line 153, in iterate
    with StreamActivator(self):
  File "/home/vl1019/miniconda3/lib/python3.6/site-packages/pescador/core.py", line 19, in __enter__
    self.streamer.activate()
  File "/home/vl1019/miniconda3/lib/python3.6/site-packages/pescador/core.py", line 118, in activate
    self.stream_ = self.streamer(*(self.args), **(self.kwargs))
TypeError: yield_logmelspec() takes 2 positional arguments but 3 were given

2017-08-22 21:06:56.332776 Start.
Training Salamon's ICASSP 2017 convnet on BirdVox-70k. 
Training set: unit02, unit03, unit05.
Validation set: unit07, unit10.
Test set: unit01.

h5py version: 2.6.0
keras version: 2.0.6
numpy version: 1.13.1
pandas version: 0.20.3
pescador version: 1.0.0
tensorflow version: 1.2.1

_________________________________________________________________
Layer (type)                 Output Shape              Param #   
=================================================================
input_1 (InputLayer)         (None, 128, 104, 1)       0         
_________________________________________________________________
batch_normalization_1 (Batch (None, 128, 104, 1)       4         
_________________________________________________________________
conv2d_1 (Conv2D)            (None, 128, 104, 24)      624       
_________________________________________________________________
max_pooling2d_1 (MaxPooling2 (None, 64, 26, 24)        0         
_________________________________________________________________
conv2d_2 (Conv2D)            (None, 64, 26, 48)        28848     
_________________________________________________________________
max_pooling2d_2 (MaxPooling2 (None, 32, 6, 48)         0         
_________________________________________________________________
conv2d_3 (Conv2D)            (None, 32, 6, 48)         57648     
_________________________________________________________________
flatten_1 (Flatten)          (None, 9216)              0         
_________________________________________________________________
dropout_1 (Dropout)          (None, 9216)              0         
_________________________________________________________________
dense_1 (Dense)              (None, 64)                589888    
_________________________________________________________________
dropout_2 (Dropout)          (None, 64)                0         
_________________________________________________________________
dense_2 (Dense)              (None, 1)                 65        
=================================================================
Total params: 677,077
Trainable params: 677,075
Non-trainable params: 2
_________________________________________________________________
Traceback (most recent call last):
  File "../src/013_train-icassp-convnet.py", line 182, in <module>
    validation_steps = validation_steps)
  File "/home/vl1019/miniconda3/lib/python3.6/site-packages/keras/legacy/interfaces.py", line 87, in wrapper
    return func(*args, **kwargs)
  File "/home/vl1019/miniconda3/lib/python3.6/site-packages/keras/engine/training.py", line 1809, in fit_generator
    generator_output = next(output_generator)
StopIteration
