2017-08-25 05:26:16.119575: W tensorflow/core/platform/cpu_feature_guard.cc:45] The TensorFlow library wasn't compiled to use SSE4.1 instructions, but these are available on your machine and could speed up CPU computations.
2017-08-25 05:26:16.119809: W tensorflow/core/platform/cpu_feature_guard.cc:45] The TensorFlow library wasn't compiled to use SSE4.2 instructions, but these are available on your machine and could speed up CPU computations.
2017-08-25 05:26:16.119823: W tensorflow/core/platform/cpu_feature_guard.cc:45] The TensorFlow library wasn't compiled to use AVX instructions, but these are available on your machine and could speed up CPU computations.
Using TensorFlow backend.
2017-08-25 05:26:15.034418 Start.
Training Salamon's ICASSP 2017 convnet on BirdVox-70k. 
Training set: unit03, unit05, unit07.
Validation set: unit10, unit01.
Test set: unit02.

h5py version: 2.6.0
keras version: 2.0.6
numpy version: 1.13.1
pandas version: 0.20.3
pescador version: 1.0.0
tensorflow version: 1.2.1

_________________________________________________________________
Layer (type)                 Output Shape              Param #   
=================================================================
input_1 (InputLayer)         (None, 128, 104, 1)       0         
_________________________________________________________________
batch_normalization_1 (Batch (None, 128, 104, 1)       4         
_________________________________________________________________
conv2d_1 (Conv2D)            (None, 128, 104, 24)      624       
_________________________________________________________________
max_pooling2d_1 (MaxPooling2 (None, 64, 26, 24)        0         
_________________________________________________________________
conv2d_2 (Conv2D)            (None, 64, 26, 48)        28848     
_________________________________________________________________
max_pooling2d_2 (MaxPooling2 (None, 32, 6, 48)         0         
_________________________________________________________________
conv2d_3 (Conv2D)            (None, 32, 6, 48)         57648     
_________________________________________________________________
flatten_1 (Flatten)          (None, 9216)              0         
_________________________________________________________________
dense_1 (Dense)              (None, 64)                589888    
_________________________________________________________________
dense_2 (Dense)              (None, 1)                 65        
=================================================================
Total params: 677,077
Trainable params: 677,075
Non-trainable params: 2
_________________________________________________________________
         acc      loss   val_acc  val_loss
0   0.738525  2.950424  0.699829  4.712979
1   0.831299  2.625199  0.765503  3.647758
2   0.789917  3.353803  0.741699  4.135184
3   0.654663  5.590664  0.697632  4.906085
4   0.592285  6.545879  0.499878  8.026392
5   0.507690  7.900021  0.494263  8.112428
6   0.500854  8.005932  0.503906  7.955951
7   0.493774  8.116292  0.512085  7.823238
8   0.499023  8.030417  0.498535  8.037195
9   0.488892  8.189944  0.499512  8.019675
10  0.505005  7.931182  0.500244  8.006167
11  0.499268  8.020852  0.500610  7.998585
12  0.506470  7.904292  0.506958  7.895648
13  0.501465  7.982381  0.497314  8.047728
14  0.493774  8.103315  0.498291  8.030480
15  0.499146  8.016042  0.505737  7.910157
16  0.502319  7.963820  0.495239  8.075885
17  0.496948  8.047843  0.493408  8.103502
18  0.509155  7.851648  0.508423  7.862534
19  0.503540  7.939600  0.501587  7.969957
20  0.505615  7.904969  0.487549  8.192222
21  0.495605  8.063024  0.498291  8.019453
22  0.504028  7.927245  0.503174  7.940125
23  0.501831  7.960806  0.496338  8.047655
24  0.498901  8.006078  0.499878  7.989802
25  0.506104  7.889864  0.494141  8.079894
26  0.498901  8.003331  0.500000  7.985154
27  0.502930  7.937807  0.500366  7.978039
28  0.495972  8.047485  0.500000  7.982656
29  0.501343  7.960666  0.507202  7.866675
30  0.497925  8.014027  0.494751  8.064080
31  0.504150  7.913712  0.502075  7.946284

2017-08-25 09:46:58.706203 Finish.
Total elapsed time: 04:20:43.71.
