2017-08-09 09:18:57.465117 Start.
Running Old Bird clip suppressor on BirdVox-70k.
h5py version: 2.6.0
numpy version: 1.13.1
pandas version: 0.20.3

Traceback (most recent call last):
  File "../src/009_suppress-clips-oldbird.py", line 74, in <module>
    in_df = pd.read_csv(in_prediction_path)
  File "/home/vl1019/miniconda3/lib/python3.6/site-packages/pandas/io/parsers.py", line 655, in parser_f
    return _read(filepath_or_buffer, kwds)
  File "/home/vl1019/miniconda3/lib/python3.6/site-packages/pandas/io/parsers.py", line 405, in _read
    parser = TextFileReader(filepath_or_buffer, **kwds)
  File "/home/vl1019/miniconda3/lib/python3.6/site-packages/pandas/io/parsers.py", line 764, in __init__
    self._make_engine(self.engine)
  File "/home/vl1019/miniconda3/lib/python3.6/site-packages/pandas/io/parsers.py", line 985, in _make_engine
    self._engine = CParserWrapper(self.f, **self.options)
  File "/home/vl1019/miniconda3/lib/python3.6/site-packages/pandas/io/parsers.py", line 1605, in __init__
    self._reader = parsers.TextReader(src, **kwds)
  File "pandas/_libs/parsers.pyx", line 394, in pandas._libs.parsers.TextReader.__cinit__ (pandas/_libs/parsers.c:4209)
  File "pandas/_libs/parsers.pyx", line 710, in pandas._libs.parsers.TextReader._setup_parser_source (pandas/_libs/parsers.c:8873)
FileNotFoundError: File b'/scratch/vl1019/spl2017_models/oldbird/unit02/predictions_no-clip-suppressor/BirdVox-70k_oldbird_tseep_unit02_th-01_predictions.csv' does not exist
