2017-08-25 01:27:53.926049: W tensorflow/core/platform/cpu_feature_guard.cc:45] The TensorFlow library wasn't compiled to use SSE4.1 instructions, but these are available on your machine and could speed up CPU computations.
2017-08-25 01:27:53.926354: W tensorflow/core/platform/cpu_feature_guard.cc:45] The TensorFlow library wasn't compiled to use SSE4.2 instructions, but these are available on your machine and could speed up CPU computations.
2017-08-25 01:27:53.926369: W tensorflow/core/platform/cpu_feature_guard.cc:45] The TensorFlow library wasn't compiled to use AVX instructions, but these are available on your machine and could speed up CPU computations.
Using TensorFlow backend.
2017-08-25 01:27:52.704482 Start.
Training Salamon's ICASSP 2017 convnet on BirdVox-70k. 
Training set: unit03, unit05, unit07.
Validation set: unit10, unit01.
Test set: unit02.

h5py version: 2.6.0
keras version: 2.0.6
numpy version: 1.13.1
pandas version: 0.20.3
pescador version: 1.0.0
tensorflow version: 1.2.1

_________________________________________________________________
Layer (type)                 Output Shape              Param #   
=================================================================
input_1 (InputLayer)         (None, 128, 104, 1)       0         
_________________________________________________________________
batch_normalization_1 (Batch (None, 128, 104, 1)       4         
_________________________________________________________________
conv2d_1 (Conv2D)            (None, 128, 104, 24)      624       
_________________________________________________________________
max_pooling2d_1 (MaxPooling2 (None, 64, 26, 24)        0         
_________________________________________________________________
conv2d_2 (Conv2D)            (None, 64, 26, 48)        28848     
_________________________________________________________________
max_pooling2d_2 (MaxPooling2 (None, 32, 6, 48)         0         
_________________________________________________________________
conv2d_3 (Conv2D)            (None, 32, 6, 48)         57648     
_________________________________________________________________
flatten_1 (Flatten)          (None, 9216)              0         
_________________________________________________________________
dense_1 (Dense)              (None, 64)                589888    
_________________________________________________________________
dense_2 (Dense)              (None, 1)                 65        
=================================================================
Total params: 677,077
Trainable params: 677,075
Non-trainable params: 2
_________________________________________________________________
         acc      loss   val_acc  val_loss
0   0.869751  0.485739  0.794434  0.632960
1   0.967651  0.136789  0.688110  0.768537
2   0.971191  0.113745  0.806030  0.472799
3   0.980469  0.093206  0.737305  0.838003
4   0.979614  0.084696  0.747803  0.996410
5   0.982910  0.081404  0.768799  0.722202
6   0.985718  0.071360  0.806763  0.420952
7   0.984619  0.076592  0.743042  0.603495
8   0.986450  0.069349  0.762451  0.617914
9   0.984741  0.074779  0.821045  0.458723
10  0.989746  0.060057  0.817139  0.520293
11  0.985718  0.065862  0.744873  1.363307
12  0.984497  0.082059  0.813110  0.608963
13  0.989746  0.057199  0.803711  0.462179
14  0.989014  0.051704  0.757202  0.705994
15  0.987549  0.051397  0.767822  0.653914
16  0.986084  0.069295  0.754883  0.541246
17  0.991333  0.046519  0.794556  0.664809
18  0.985840  0.062948  0.795288  0.449165
19  0.988647  0.053334  0.803223  0.486564
20  0.989624  0.050791  0.817749  0.621171
21  0.988647  0.056660  0.811523  0.807523
22  0.985474  0.069891  0.764038  0.554716
23  0.987671  0.058346  0.756836  0.745486
24  0.986816  0.058036  0.773071  0.574386
25  0.860718  2.042585  0.493042  8.116408
26  0.500122  7.999590  0.504395  7.928333
27  0.496460  8.052522  0.503662  7.935613
28  0.489502  8.159624  0.494019  8.085995
29  0.503296  7.936685  0.515259  7.744634
30  0.502686  7.943898  0.501953  7.954444
31  0.495483  8.056572  0.498779  8.003052

2017-08-25 05:49:27.432773 Finish.
Total elapsed time: 04:21:35.43.
