2017-08-24 20:42:52.287946: W tensorflow/core/platform/cpu_feature_guard.cc:45] The TensorFlow library wasn't compiled to use SSE4.1 instructions, but these are available on your machine and could speed up CPU computations.
2017-08-24 20:42:52.288192: W tensorflow/core/platform/cpu_feature_guard.cc:45] The TensorFlow library wasn't compiled to use SSE4.2 instructions, but these are available on your machine and could speed up CPU computations.
2017-08-24 20:42:52.288206: W tensorflow/core/platform/cpu_feature_guard.cc:45] The TensorFlow library wasn't compiled to use AVX instructions, but these are available on your machine and could speed up CPU computations.
Using TensorFlow backend.
2017-08-24 20:42:49.345925 Start.
Training Salamon's ICASSP 2017 convnet on BirdVox-70k. 
Training set: unit01, unit02, unit03.
Validation set: unit05, unit07.
Test set: unit10.

h5py version: 2.6.0
keras version: 2.0.6
numpy version: 1.13.1
pandas version: 0.20.3
pescador version: 1.0.0
tensorflow version: 1.2.1

_________________________________________________________________
Layer (type)                 Output Shape              Param #   
=================================================================
input_1 (InputLayer)         (None, 128, 104, 1)       0         
_________________________________________________________________
batch_normalization_1 (Batch (None, 128, 104, 1)       4         
_________________________________________________________________
conv2d_1 (Conv2D)            (None, 128, 104, 24)      624       
_________________________________________________________________
max_pooling2d_1 (MaxPooling2 (None, 64, 26, 24)        0         
_________________________________________________________________
conv2d_2 (Conv2D)            (None, 64, 26, 48)        28848     
_________________________________________________________________
max_pooling2d_2 (MaxPooling2 (None, 32, 6, 48)         0         
_________________________________________________________________
conv2d_3 (Conv2D)            (None, 32, 6, 48)         57648     
_________________________________________________________________
flatten_1 (Flatten)          (None, 9216)              0         
_________________________________________________________________
dense_1 (Dense)              (None, 64)                589888    
_________________________________________________________________
dense_2 (Dense)              (None, 1)                 65        
=================================================================
Total params: 677,077
Trainable params: 677,075
Non-trainable params: 2
_________________________________________________________________
         acc      loss   val_acc  val_loss
0   0.768188  0.694293  0.770874  0.555351
1   0.900269  0.292652  0.918945  0.237410
2   0.927734  0.223401  0.933838  0.203613
3   0.936523  0.201155  0.875488  0.302241
4   0.942139  0.191641  0.925171  0.208486
5   0.947510  0.177655  0.925293  0.204931
6   0.951294  0.158776  0.905396  0.255196
7   0.954834  0.147327  0.843994  0.350375
8   0.956055  0.153046  0.943726  0.169219
9   0.955200  0.141301  0.902344  0.214329
10  0.962646  0.124153  0.924805  0.191264
11  0.958252  0.140743  0.946777  0.162658
12  0.962891  0.132587  0.923828  0.198946
13  0.959717  0.144857  0.915405  0.232872
14  0.960693  0.131543  0.933350  0.195695
15  0.957397  0.140130  0.915283  0.200295
16  0.959961  0.138272  0.932007  0.185216
17  0.963623  0.137020  0.895630  0.268969
18  0.963257  0.126632  0.917725  0.220178
19  0.965942  0.115525  0.950928  0.149889
20  0.963745  0.119631  0.938232  0.192414
21  0.953369  0.164967  0.944946  0.197360
22  0.961670  0.140846  0.928711  0.186970
23  0.965088  0.127446  0.933838  0.194385
24  0.961060  0.137362  0.957397  0.165473
25  0.963379  0.127479  0.878296  0.323474
26  0.964966  0.130741  0.939575  0.214815
27  0.963379  0.141489  0.965088  0.142192
28  0.963623  0.131043  0.948730  0.174940
29  0.962158  0.132899  0.958252  0.154870
30  0.967041  0.127178  0.959351  0.145820
31  0.964233  0.128244  0.942993  0.178433

2017-08-25 01:06:02.071014 Finish.
Total elapsed time: 04:23:13.07.
