
Jupyter server is running on: gpu-26
Job starts at: Thu Aug  3 15:47:15 EDT 2017

Step 1 :

If you are working in NYU campus, please open an iTerm window, run command

ssh -L 6731:localhost:6731 vl1019@prince.hpc.nyu.edu

If you are working off campus, you should already have ssh tunneling setup through HPC bastion host,
that you can directly login to prince with command

ssh vl1019@prince

Please open an iTerm window, run command

ssh -L 6731:localhost:6731 vl1019@prince

Step 2:

Keep the iTerm windows in the previouse step open. Now open browser, find the line with

The Jupyter Notebook is running at:

the URL is something: http://localhost:/?token=XXXXXXXX

you should be able to connect to jupyter notebook running remotly on prince compute node with above url

[I 15:47:17.110 NotebookApp] Writing notebook server cookie secret to /state/partition1/job-1731854/jupyter/notebook_cookie_secret
[I 15:47:17.464 NotebookApp] Serving notebooks from local directory: /home/vl1019
[I 15:47:17.464 NotebookApp] 0 active kernels 
[I 15:47:17.464 NotebookApp] The Jupyter Notebook is running at: http://localhost:6731/?token=6c4972994904ebc65f1d6a724f144f53842022b8670d74f2
[I 15:47:17.464 NotebookApp] Use Control-C to stop this server and shut down all kernels (twice to skip confirmation).
[C 15:47:17.465 NotebookApp] 
    
    Copy/paste this URL into your browser when you connect for the first time,
    to login with a token:
        http://localhost:6731/?token=6c4972994904ebc65f1d6a724f144f53842022b8670d74f2
[I 15:47:57.146 NotebookApp] 302 GET /?token=6c4972994904ebc65f1d6a724f144f53842022b8670d74f2 (::1) 0.80ms
[I 15:49:18.566 NotebookApp] Kernel started: e85e49af-5678-41b8-90ac-527f3a0b3142
[W 15:49:18.819 NotebookApp] 404 GET /nbextensions/widgets/notebook/js/extension.js?v=20170803154717 (::1) 9.48ms referer=http://localhost:6731/notebooks/spl2017/notebooks/summarize-skm-evaluation.ipynb
[I 15:51:18.631 NotebookApp] Saving file at /spl2017/notebooks/summarize-skm-evaluation.ipynb
[I 15:53:18.600 NotebookApp] Saving file at /spl2017/notebooks/summarize-skm-evaluation.ipynb
[I 15:55:18.904 NotebookApp] Saving file at /spl2017/notebooks/summarize-skm-evaluation.ipynb
[I 15:57:18.604 NotebookApp] Saving file at /spl2017/notebooks/summarize-skm-evaluation.ipynb
[I 15:59:18.615 NotebookApp] Saving file at /spl2017/notebooks/summarize-skm-evaluation.ipynb
[I 16:01:18.628 NotebookApp] Saving file at /spl2017/notebooks/summarize-skm-evaluation.ipynb
[I 16:05:18.642 NotebookApp] Saving file at /spl2017/notebooks/summarize-skm-evaluation.ipynb
[I 16:07:18.633 NotebookApp] Saving file at /spl2017/notebooks/summarize-skm-evaluation.ipynb
[I 16:09:18.634 NotebookApp] Saving file at /spl2017/notebooks/summarize-skm-evaluation.ipynb
slurmstepd: error: *** JOB 1731854 ON gpu-26 CANCELLED AT 2017-08-04T03:47:22 DUE TO TIME LIMIT ***
