
Jupyter server is running on: c39-02
Job starts at: Mon Aug  6 17:32:39 EDT 2018

Step 1 :

If you are working in NYU campus, please open an iTerm window, run command

ssh -L 7943:localhost:7943 vl1019@prince.hpc.nyu.edu

If you are working off campus, you should already have ssh tunneling setup through HPC bastion host,
that you can directly login to prince with command

ssh vl1019@prince

Please open an iTerm window, run command

ssh -L 7943:localhost:7943 vl1019@prince

Step 2:

Keep the iTerm windows in the previouse step open. Now open browser, find the line with

The Jupyter Notebook is running at:

the URL is something: http://localhost:/?token=XXXXXXXX

you should be able to connect to jupyter notebook running remotly on prince compute node with above url

[I 17:32:44.126 NotebookApp] Writing notebook server cookie secret to /state/partition1/job-8001966/jupyter/notebook_cookie_secret
[I 17:32:46.419 NotebookApp] Serving notebooks from local directory: /home/vl1019
[I 17:32:46.420 NotebookApp] 0 active kernels 
[I 17:32:46.420 NotebookApp] The Jupyter Notebook is running at: http://localhost:7943/?token=4d1fa934e823f176476b3b94443ed6ff49d6d9e04f78370b
[I 17:32:46.420 NotebookApp] Use Control-C to stop this server and shut down all kernels (twice to skip confirmation).
[C 17:32:46.420 NotebookApp] 
    
    Copy/paste this URL into your browser when you connect for the first time,
    to login with a token:
        http://localhost:7943/?token=4d1fa934e823f176476b3b94443ed6ff49d6d9e04f78370b
[I 20:57:58.538 NotebookApp] 302 GET /?token=4d1fa934e823f176476b3b94443ed6ff49d6d9e04f78370b (::1) 0.93ms
[W 21:44:33.747 NotebookApp] Notebook BirdVox-70k_icassp2018/spl2018/pcen_snr.ipynb is not trusted
[W 21:44:33.913 NotebookApp] 404 GET /nbextensions/widgets/notebook/js/extension.js?v=20180806173244 (::1) 156.84ms referer=http://localhost:7943/notebooks/BirdVox-70k_icassp2018/spl2018/pcen_snr.ipynb
[I 21:44:34.445 NotebookApp] Kernel started: 55be30a6-700c-4f79-abae-f32edd5b7a65
[W 21:44:56.509 NotebookApp] Notebook BirdVox-70k_icassp2018/spl2018/fig_pcen-snr.ipynb is not trusted
[W 21:44:56.663 NotebookApp] 404 GET /nbextensions/widgets/notebook/js/extension.js?v=20180806173244 (::1) 2.27ms referer=http://localhost:7943/notebooks/BirdVox-70k_icassp2018/spl2018/fig_pcen-snr.ipynb
[I 21:44:57.387 NotebookApp] Kernel started: 88fbfe68-2e92-4016-af1d-9d03774800d1
[I 21:46:37.181 NotebookApp] Kernel restarted: 88fbfe68-2e92-4016-af1d-9d03774800d1
[I 21:46:57.691 NotebookApp] Saving file at /BirdVox-70k_icassp2018/spl2018/fig_pcen-snr.ipynb
[W 21:46:57.692 NotebookApp] Saving untrusted notebook BirdVox-70k_icassp2018/spl2018/fig_pcen-snr.ipynb
[I 21:48:57.471 NotebookApp] Saving file at /BirdVox-70k_icassp2018/spl2018/fig_pcen-snr.ipynb
[W 21:48:57.471 NotebookApp] Saving untrusted notebook BirdVox-70k_icassp2018/spl2018/fig_pcen-snr.ipynb
[W 22:15:37.904 NotebookApp] WebSocket ping timeout after 119428 ms.
[W 22:15:38.467 NotebookApp] WebSocket ping timeout after 119991 ms.
slurmstepd: error: *** JOB 8001966 ON c39-02 CANCELLED AT 2018-08-07T05:32:49 DUE TO TIME LIMIT ***
