
Jupyter server is running on: c25-02
Job starts at: Wed Oct 18 17:20:44 EDT 2017

Step 1 :

If you are working in NYU campus, please open an iTerm window, run command

ssh -L 9008:localhost:9008 vl1019@prince.hpc.nyu.edu

If you are working off campus, you should already have ssh tunneling setup through HPC bastion host,
that you can directly login to prince with command

ssh vl1019@prince

Please open an iTerm window, run command

ssh -L 9008:localhost:9008 vl1019@prince

Step 2:

Keep the iTerm windows in the previouse step open. Now open browser, find the line with

The Jupyter Notebook is running at:

the URL is something: http://localhost:/?token=XXXXXXXX

you should be able to connect to jupyter notebook running remotly on prince compute node with above url

[I 17:20:47.867 NotebookApp] Writing notebook server cookie secret to /state/partition1/job-2590382/jupyter/notebook_cookie_secret
[I 17:20:48.741 NotebookApp] Serving notebooks from local directory: /home/vl1019
[I 17:20:48.742 NotebookApp] 0 active kernels 
[I 17:20:48.742 NotebookApp] The Jupyter Notebook is running at: http://localhost:9008/?token=702ea14260c03b557f06c5a7f77f6804622fd4fd7d636ac8
[I 17:20:48.742 NotebookApp] Use Control-C to stop this server and shut down all kernels (twice to skip confirmation).
[C 17:20:48.742 NotebookApp] 
    
    Copy/paste this URL into your browser when you connect for the first time,
    to login with a token:
        http://localhost:9008/?token=702ea14260c03b557f06c5a7f77f6804622fd4fd7d636ac8
[I 21:32:21.085 NotebookApp] 302 GET /?token=702ea14260c03b557f06c5a7f77f6804622fd4fd7d636ac8 (::1) 1.55ms
[I 21:32:33.277 NotebookApp] Creating new notebook in /spl2017
[W 21:32:34.651 NotebookApp] 404 GET /nbextensions/widgets/notebook/js/extension.js?v=20171018172047 (::1) 28.88ms referer=http://localhost:9008/notebooks/spl2017/Untitled.ipynb?kernel_name=python3
[I 21:32:34.766 NotebookApp] Kernel started: 35da05b4-c93d-4a9e-9816-19bb907e826a
[I 21:32:42.334 NotebookApp] Kernel shutdown: 35da05b4-c93d-4a9e-9816-19bb907e826a
[W 21:32:42.337 NotebookApp] delete /spl2017/Untitled.ipynb
[I 21:32:44.571 NotebookApp] Creating new directory in /spl2017
[I 21:33:03.800 NotebookApp] Creating new notebook in /spl2017/figs
[I 21:33:04.369 NotebookApp] Kernel started: b8fadcfa-1078-4e8a-bdfa-00d6cadf72ed
[W 21:33:04.375 NotebookApp] 404 GET /nbextensions/widgets/notebook/js/extension.js?v=20171018172047 (::1) 3.41ms referer=http://localhost:9008/notebooks/spl2017/figs/Untitled.ipynb?kernel_name=python3
[W 21:33:54.020 NotebookApp] Notebook spl2017/notebooks/compare-pr-curves.ipynb is not trusted
[W 21:33:54.041 NotebookApp] 404 GET /nbextensions/widgets/notebook/js/extension.js?v=20171018172047 (::1) 2.11ms referer=http://localhost:9008/notebooks/spl2017/notebooks/compare-pr-curves.ipynb
[I 21:33:54.701 NotebookApp] Kernel started: 13dd2077-68b8-4626-b372-8ef7aba21e72
[W 21:34:05.141 NotebookApp] Notebook spl2017/notebooks/analyze_icassp_errors.ipynb is not trusted
[W 21:34:05.199 NotebookApp] 404 GET /nbextensions/widgets/notebook/js/extension.js?v=20171018172047 (::1) 1.51ms referer=http://localhost:9008/notebooks/spl2017/notebooks/analyze_icassp_errors.ipynb
[I 21:34:06.339 NotebookApp] Kernel started: d2b5abc0-502f-466e-b948-a9f62ec9446f
[I 21:35:04.399 NotebookApp] Saving file at /spl2017/figs/fig_f1score_time.ipynb
[I 21:37:04.395 NotebookApp] Saving file at /spl2017/figs/fig_f1score_time.ipynb
[I 21:39:04.388 NotebookApp] Saving file at /spl2017/figs/fig_f1score_time.ipynb
[I 21:40:04.708 NotebookApp] Kernel interrupted: b8fadcfa-1078-4e8a-bdfa-00d6cadf72ed
[I 21:40:47.232 NotebookApp] Kernel interrupted: b8fadcfa-1078-4e8a-bdfa-00d6cadf72ed
[I 21:41:04.400 NotebookApp] Saving file at /spl2017/figs/fig_f1score_time.ipynb
[I 21:43:04.406 NotebookApp] Saving file at /spl2017/figs/fig_f1score_time.ipynb
[I 21:47:04.420 NotebookApp] Saving file at /spl2017/figs/fig_f1score_time.ipynb
[I 21:49:04.434 NotebookApp] Saving file at /spl2017/figs/fig_f1score_time.ipynb
[I 21:51:04.437 NotebookApp] Saving file at /spl2017/figs/fig_f1score_time.ipynb
[I 21:53:04.438 NotebookApp] Saving file at /spl2017/figs/fig_f1score_time.ipynb
[I 21:55:04.447 NotebookApp] Saving file at /spl2017/figs/fig_f1score_time.ipynb
[I 22:01:04.472 NotebookApp] Saving file at /spl2017/figs/fig_f1score_time.ipynb
[I 22:03:04.487 NotebookApp] Saving file at /spl2017/figs/fig_f1score_time.ipynb
[I 22:09:04.500 NotebookApp] Saving file at /spl2017/figs/fig_f1score_time.ipynb
[W 23:58:35.286 NotebookApp] WebSocket ping timeout after 119959 ms.
[W 23:58:37.219 NotebookApp] WebSocket ping timeout after 119908 ms.
[W 00:02:48.002 NotebookApp] WebSocket ping timeout after 119893 ms.
[W 00:02:48.022 NotebookApp] WebSocket ping timeout after 119914 ms.
[W 00:04:47.109 NotebookApp] WebSocket ping timeout after 90000 ms.
[W 00:04:47.131 NotebookApp] WebSocket ping timeout after 90000 ms.
slurmstepd: error: *** JOB 2590382 ON c25-02 CANCELLED AT 2017-10-19T05:21:02 DUE TO TIME LIMIT ***
