
Jupyter server is running on: c17-03
Job starts at: Sun Jan 21 23:36:18 EST 2018

Step 1 :

If you are working in NYU campus, please open an iTerm window, run command

ssh -L 8665:localhost:8665 vl1019@prince.hpc.nyu.edu

If you are working off campus, you should already have ssh tunneling setup through HPC bastion host,
that you can directly login to prince with command

ssh vl1019@prince

Please open an iTerm window, run command

ssh -L 8665:localhost:8665 vl1019@prince

Step 2:

Keep the iTerm windows in the previouse step open. Now open browser, find the line with

The Jupyter Notebook is running at:

the URL is something: http://localhost:/?token=XXXXXXXX

you should be able to connect to jupyter notebook running remotly on prince compute node with above url

[I 23:36:24.007 NotebookApp] Writing notebook server cookie secret to /state/partition1/job-4238033/jupyter/notebook_cookie_secret
[I 23:36:25.248 NotebookApp] Serving notebooks from local directory: /home/vl1019
[I 23:36:25.248 NotebookApp] 0 active kernels 
[I 23:36:25.248 NotebookApp] The Jupyter Notebook is running at: http://localhost:8665/?token=6d1e7e557efaafbc9f51a1227c8f03419bae99e8be39815c
[I 23:36:25.248 NotebookApp] Use Control-C to stop this server and shut down all kernels (twice to skip confirmation).
[C 23:36:25.248 NotebookApp] 
    
    Copy/paste this URL into your browser when you connect for the first time,
    to login with a token:
        http://localhost:8665/?token=6d1e7e557efaafbc9f51a1227c8f03419bae99e8be39815c
[I 23:56:18.825 NotebookApp] 302 GET /?token=6d1e7e557efaafbc9f51a1227c8f03419bae99e8be39815c (::1) 1.36ms
[W 23:57:53.889 NotebookApp] 404 GET /nbextensions/widgets/notebook/js/extension.js (::1) 23.40ms referer=http://localhost:8665/notebooks/BirdVox-70k_icassp2018/notebooks/039.ipynb
[I 23:57:54.294 NotebookApp] Kernel started: 09dc4e0c-5703-40ca-a611-9d40200700c2
[I 23:59:54.243 NotebookApp] Saving file at /BirdVox-70k_icassp2018/notebooks/039.ipynb
2018-01-22 00:00:35.697762: W tensorflow/core/platform/cpu_feature_guard.cc:45] The TensorFlow library wasn't compiled to use SSE4.1 instructions, but these are available on your machine and could speed up CPU computations.
2018-01-22 00:00:35.698018: W tensorflow/core/platform/cpu_feature_guard.cc:45] The TensorFlow library wasn't compiled to use SSE4.2 instructions, but these are available on your machine and could speed up CPU computations.
2018-01-22 00:00:35.698032: W tensorflow/core/platform/cpu_feature_guard.cc:45] The TensorFlow library wasn't compiled to use AVX instructions, but these are available on your machine and could speed up CPU computations.
2018-01-22 00:00:35.698040: W tensorflow/core/platform/cpu_feature_guard.cc:45] The TensorFlow library wasn't compiled to use AVX2 instructions, but these are available on your machine and could speed up CPU computations.
2018-01-22 00:00:35.698047: W tensorflow/core/platform/cpu_feature_guard.cc:45] The TensorFlow library wasn't compiled to use FMA instructions, but these are available on your machine and could speed up CPU computations.
[I 00:01:29.895 NotebookApp] Saving file at /BirdVox-70k_icassp2018/notebooks/039.ipynb
[I 00:02:09.777 NotebookApp] Kernel interrupted: 09dc4e0c-5703-40ca-a611-9d40200700c2
[I 00:03:54.233 NotebookApp] Saving file at /BirdVox-70k_icassp2018/notebooks/039.ipynb
[I 00:05:54.870 NotebookApp] Saving file at /BirdVox-70k_icassp2018/notebooks/039.ipynb
[I 00:07:54.306 NotebookApp] Saving file at /BirdVox-70k_icassp2018/notebooks/039.ipynb
[I 00:09:54.782 NotebookApp] Saving file at /BirdVox-70k_icassp2018/notebooks/039.ipynb
[I 00:38:08.029 NotebookApp] 302 GET /?token=6d1e7e557efaafbc9f51a1227c8f03419bae99e8be39815c (::1) 0.84ms
[I 00:38:22.490 NotebookApp] Creating new notebook in /nemisig2018/notebooks
[W 00:38:22.916 NotebookApp] 404 GET /nbextensions/widgets/notebook/js/extension.js (::1) 2.73ms referer=http://localhost:8665/notebooks/nemisig2018/notebooks/Untitled.ipynb?kernel_name=python3
[I 00:38:23.050 NotebookApp] Kernel started: 1626d948-4798-4037-9dea-88381f45731e
[I 00:40:23.091 NotebookApp] Saving file at /nemisig2018/notebooks/sandbox.ipynb
[W 00:41:51.863 NotebookApp] 404 GET /nbextensions/widgets/notebook/js/extension.js (::1) 2.50ms referer=http://localhost:8665/notebooks/nemisig2018/notebooks/sandbox.ipynb
[I 00:43:52.004 NotebookApp] Saving file at /nemisig2018/notebooks/sandbox.ipynb
[I 00:45:51.990 NotebookApp] Saving file at /nemisig2018/notebooks/sandbox.ipynb
[I 00:47:52.011 NotebookApp] Saving file at /nemisig2018/notebooks/sandbox.ipynb
[I 00:49:52.074 NotebookApp] Saving file at /nemisig2018/notebooks/sandbox.ipynb
[I 00:58:43.623 NotebookApp] Saving file at /nemisig2018/notebooks/sandbox.ipynb
[I 01:00:43.637 NotebookApp] Saving file at /nemisig2018/notebooks/sandbox.ipynb
[I 01:02:45.696 NotebookApp] Saving file at /nemisig2018/notebooks/sandbox.ipynb
[I 01:04:43.639 NotebookApp] Saving file at /nemisig2018/notebooks/sandbox.ipynb
[I 01:06:43.684 NotebookApp] Saving file at /nemisig2018/notebooks/sandbox.ipynb
[I 01:11:47.636 NotebookApp] Saving file at /nemisig2018/notebooks/sandbox.ipynb
[I 01:13:47.650 NotebookApp] Saving file at /nemisig2018/notebooks/sandbox.ipynb
[I 01:15:47.669 NotebookApp] Saving file at /nemisig2018/notebooks/sandbox.ipynb
[I 01:17:47.670 NotebookApp] Saving file at /nemisig2018/notebooks/sandbox.ipynb
[I 01:18:05.429 NotebookApp] Saving file at /nemisig2018/notebooks/sandbox.ipynb
[I 01:18:46.236 NotebookApp] Saving file at /nemisig2018/notebooks/sandbox.ipynb
[I 01:21:49.579 NotebookApp] Saving file at /nemisig2018/notebooks/sandbox.ipynb
[I 01:23:49.583 NotebookApp] Saving file at /nemisig2018/notebooks/sandbox.ipynb
[I 01:33:52.110 NotebookApp] Saving file at /nemisig2018/notebooks/sandbox.ipynb
[I 01:35:52.113 NotebookApp] Saving file at /nemisig2018/notebooks/sandbox.ipynb
[I 01:37:52.150 NotebookApp] Saving file at /nemisig2018/notebooks/sandbox.ipynb
[I 01:39:52.136 NotebookApp] Saving file at /nemisig2018/notebooks/sandbox.ipynb
[I 01:41:52.200 NotebookApp] Saving file at /nemisig2018/notebooks/sandbox.ipynb
[I 01:43:52.259 NotebookApp] Saving file at /nemisig2018/notebooks/sandbox.ipynb
[I 01:45:52.138 NotebookApp] Saving file at /nemisig2018/notebooks/sandbox.ipynb
[I 01:47:52.125 NotebookApp] Saving file at /nemisig2018/notebooks/sandbox.ipynb
[I 01:49:52.171 NotebookApp] Saving file at /nemisig2018/notebooks/sandbox.ipynb
[I 01:51:52.187 NotebookApp] Saving file at /nemisig2018/notebooks/sandbox.ipynb
[I 01:53:52.165 NotebookApp] Saving file at /nemisig2018/notebooks/sandbox.ipynb
[I 01:55:52.148 NotebookApp] Saving file at /nemisig2018/notebooks/sandbox.ipynb
[I 01:57:52.184 NotebookApp] Saving file at /nemisig2018/notebooks/sandbox.ipynb
[I 01:59:16.035 NotebookApp] Kernel restarted: 1626d948-4798-4037-9dea-88381f45731e
[I 01:59:52.173 NotebookApp] Saving file at /nemisig2018/notebooks/sandbox.ipynb
[I 02:02:01.389 NotebookApp] Saving file at /nemisig2018/notebooks/sandbox.ipynb
[I 02:04:08.001 NotebookApp] Saving file at /nemisig2018/notebooks/sandbox.ipynb
