2017-08-25 05:53:27.683023: W tensorflow/core/platform/cpu_feature_guard.cc:45] The TensorFlow library wasn't compiled to use SSE4.1 instructions, but these are available on your machine and could speed up CPU computations.
2017-08-25 05:53:27.683351: W tensorflow/core/platform/cpu_feature_guard.cc:45] The TensorFlow library wasn't compiled to use SSE4.2 instructions, but these are available on your machine and could speed up CPU computations.
2017-08-25 05:53:27.683365: W tensorflow/core/platform/cpu_feature_guard.cc:45] The TensorFlow library wasn't compiled to use AVX instructions, but these are available on your machine and could speed up CPU computations.
Using TensorFlow backend.
2017-08-25 05:53:26.644436 Start.
Training Salamon's ICASSP 2017 convnet on BirdVox-70k. 
Training set: unit03, unit05, unit07.
Validation set: unit10, unit01.
Test set: unit02.

h5py version: 2.6.0
keras version: 2.0.6
numpy version: 1.13.1
pandas version: 0.20.3
pescador version: 1.0.0
tensorflow version: 1.2.1

_________________________________________________________________
Layer (type)                 Output Shape              Param #   
=================================================================
input_1 (InputLayer)         (None, 128, 104, 1)       0         
_________________________________________________________________
batch_normalization_1 (Batch (None, 128, 104, 1)       4         
_________________________________________________________________
conv2d_1 (Conv2D)            (None, 128, 104, 24)      624       
_________________________________________________________________
max_pooling2d_1 (MaxPooling2 (None, 64, 26, 24)        0         
_________________________________________________________________
conv2d_2 (Conv2D)            (None, 64, 26, 48)        28848     
_________________________________________________________________
max_pooling2d_2 (MaxPooling2 (None, 32, 6, 48)         0         
_________________________________________________________________
conv2d_3 (Conv2D)            (None, 32, 6, 48)         57648     
_________________________________________________________________
flatten_1 (Flatten)          (None, 9216)              0         
_________________________________________________________________
dense_1 (Dense)              (None, 64)                589888    
_________________________________________________________________
dense_2 (Dense)              (None, 1)                 65        
=================================================================
Total params: 677,077
Trainable params: 677,075
Non-trainable params: 2
_________________________________________________________________
         acc      loss   val_acc  val_loss
0   0.867310  0.442832  0.634644  0.647445
1   0.960815  0.143029  0.958618  0.188495
2   0.969849  0.114851  0.841431  0.346716
3   0.976318  0.093782  0.966919  0.169574
4   0.981323  0.085849  0.976196  0.136921
5   0.978027  0.084547  0.969604  0.156818
6   0.985596  0.064312  0.956909  0.205935
7   0.983521  0.065695  0.963745  0.172531
8   0.984985  0.055960  0.968140  0.159214
9   0.986694  0.060860  0.978149  0.112553
10  0.988770  0.052516  0.969116  0.178466
11  0.985718  0.062423  0.941406  0.224401
12  0.987061  0.054038  0.962280  0.141261
13  0.989136  0.049173  0.980713  0.122849
14  0.990112  0.047308  0.986328  0.113801
15  0.987671  0.057020  0.983032  0.121577
16  0.984741  0.067344  0.981445  0.116752
17  0.992554  0.041858  0.971069  0.153387
18  0.989624  0.046681  0.939453  0.234572
19  0.988525  0.058844  0.975342  0.155297
20  0.990845  0.050116  0.930786  0.291847
21  0.990479  0.052878  0.952881  0.216659
22  0.989624  0.051429  0.986694  0.131486
23  0.874756  1.899076  0.506226  7.900502
24  0.501953  7.965203  0.501953  7.962323
25  0.495483  8.063255  0.491455  8.125463
26  0.494019  8.082925  0.504639  7.912063
27  0.502686  7.941876  0.501953  7.952308
28  0.491333  8.120538  0.494141  8.074758
29  0.501709  7.953207  0.511475  7.796673
30  0.511841  7.790089  0.504517  7.906146
31  0.497925  8.010610  0.502441  7.938010

2017-08-25 10:14:52.757282 Finish.
Total elapsed time: 04:21:26.76.
