2017-08-24 20:42:20.656528: W tensorflow/core/platform/cpu_feature_guard.cc:45] The TensorFlow library wasn't compiled to use SSE4.1 instructions, but these are available on your machine and could speed up CPU computations.
2017-08-24 20:42:20.656768: W tensorflow/core/platform/cpu_feature_guard.cc:45] The TensorFlow library wasn't compiled to use SSE4.2 instructions, but these are available on your machine and could speed up CPU computations.
2017-08-24 20:42:20.656781: W tensorflow/core/platform/cpu_feature_guard.cc:45] The TensorFlow library wasn't compiled to use AVX instructions, but these are available on your machine and could speed up CPU computations.
Using TensorFlow backend.
2017-08-24 20:42:01.747048 Start.
Training Salamon's ICASSP 2017 convnet on BirdVox-70k. 
Training set: unit02, unit03, unit05.
Validation set: unit07, unit10.
Test set: unit01.

h5py version: 2.6.0
keras version: 2.0.6
numpy version: 1.13.1
pandas version: 0.20.3
pescador version: 1.0.0
tensorflow version: 1.2.1

_________________________________________________________________
Layer (type)                 Output Shape              Param #   
=================================================================
input_1 (InputLayer)         (None, 128, 104, 1)       0         
_________________________________________________________________
batch_normalization_1 (Batch (None, 128, 104, 1)       4         
_________________________________________________________________
conv2d_1 (Conv2D)            (None, 128, 104, 24)      624       
_________________________________________________________________
max_pooling2d_1 (MaxPooling2 (None, 64, 26, 24)        0         
_________________________________________________________________
conv2d_2 (Conv2D)            (None, 64, 26, 48)        28848     
_________________________________________________________________
max_pooling2d_2 (MaxPooling2 (None, 32, 6, 48)         0         
_________________________________________________________________
conv2d_3 (Conv2D)            (None, 32, 6, 48)         57648     
_________________________________________________________________
flatten_1 (Flatten)          (None, 9216)              0         
_________________________________________________________________
dense_1 (Dense)              (None, 64)                589888    
_________________________________________________________________
dense_2 (Dense)              (None, 1)                 65        
=================================================================
Total params: 677,077
Trainable params: 677,075
Non-trainable params: 2
_________________________________________________________________
         acc      loss   val_acc  val_loss
0   0.830933  0.599189  0.665527  1.059188
1   0.926636  0.230093  0.898682  0.307321
2   0.956787  0.157386  0.740234  0.588257
3   0.950439  0.158061  0.892090  0.282702
4   0.965698  0.131052  0.925049  0.228922
5   0.970215  0.115346  0.906860  0.253130
6   0.970703  0.111336  0.898438  0.272541
7   0.973755  0.102096  0.937012  0.200741
8   0.978394  0.091175  0.948608  0.178501
9   0.971069  0.106877  0.895264  0.282970
10  0.976440  0.096822  0.838379  0.352637
11  0.972778  0.101466  0.910522  0.265756
12  0.972534  0.102281  0.873779  0.343840
13  0.975098  0.093361  0.925903  0.249055
14  0.975220  0.107101  0.947998  0.180888
15  0.981567  0.083344  0.931274  0.208672
16  0.979004  0.089285  0.877197  0.325242
17  0.979370  0.090713  0.953491  0.181672
18  0.979980  0.085627  0.936157  0.218774
19  0.973145  0.124466  0.889893  0.423282
20  0.972290  0.114278  0.926636  0.238867
21  0.978271  0.103978  0.890991  0.319680
22  0.979858  0.091190  0.907227  0.255790
23  0.980469  0.088092  0.953613  0.196234
24  0.975586  0.098600  0.932007  0.226764
25  0.978638  0.099242  0.834717  0.529804
26  0.979370  0.092616  0.914062  0.538297
27  0.918945  1.029238  0.505981  8.004437
28  0.487549  8.297977  0.497681  8.131172
29  0.503418  8.036027  0.501465  8.065056
30  0.499878  8.088553  0.489380  8.255798
31  0.502075  8.049444  0.507446  7.961221

2017-08-25 01:04:59.872514 Finish.
Total elapsed time: 04:22:58.87.
