2017-08-24 20:42:20.539504: W tensorflow/core/platform/cpu_feature_guard.cc:45] The TensorFlow library wasn't compiled to use SSE4.1 instructions, but these are available on your machine and could speed up CPU computations.
2017-08-24 20:42:20.539711: W tensorflow/core/platform/cpu_feature_guard.cc:45] The TensorFlow library wasn't compiled to use SSE4.2 instructions, but these are available on your machine and could speed up CPU computations.
2017-08-24 20:42:20.539724: W tensorflow/core/platform/cpu_feature_guard.cc:45] The TensorFlow library wasn't compiled to use AVX instructions, but these are available on your machine and could speed up CPU computations.
Using TensorFlow backend.
2017-08-24 20:42:01.669472 Start.
Training Salamon's ICASSP 2017 convnet on BirdVox-70k. 
Training set: unit01, unit02, unit03.
Validation set: unit05, unit07.
Test set: unit10.

h5py version: 2.6.0
keras version: 2.0.6
numpy version: 1.13.1
pandas version: 0.20.3
pescador version: 1.0.0
tensorflow version: 1.2.1

_________________________________________________________________
Layer (type)                 Output Shape              Param #   
=================================================================
input_1 (InputLayer)         (None, 128, 104, 1)       0         
_________________________________________________________________
batch_normalization_1 (Batch (None, 128, 104, 1)       4         
_________________________________________________________________
conv2d_1 (Conv2D)            (None, 128, 104, 24)      624       
_________________________________________________________________
max_pooling2d_1 (MaxPooling2 (None, 64, 26, 24)        0         
_________________________________________________________________
conv2d_2 (Conv2D)            (None, 64, 26, 48)        28848     
_________________________________________________________________
max_pooling2d_2 (MaxPooling2 (None, 32, 6, 48)         0         
_________________________________________________________________
conv2d_3 (Conv2D)            (None, 32, 6, 48)         57648     
_________________________________________________________________
flatten_1 (Flatten)          (None, 9216)              0         
_________________________________________________________________
dense_1 (Dense)              (None, 64)                589888    
_________________________________________________________________
dense_2 (Dense)              (None, 1)                 65        
=================================================================
Total params: 677,077
Trainable params: 677,075
Non-trainable params: 2
_________________________________________________________________
         acc      loss   val_acc  val_loss
0   0.755737  1.071270  0.765137  0.509839
1   0.866943  0.359792  0.852295  0.342156
2   0.894897  0.304876  0.855713  0.334903
3   0.923584  0.237043  0.917725  0.234550
4   0.928955  0.219970  0.893066  0.276676
5   0.933472  0.201653  0.911621  0.235763
6   0.940918  0.188483  0.851440  0.335872
7   0.944580  0.176943  0.868896  0.307245
8   0.947144  0.169744  0.829956  0.378146
9   0.952271  0.149485  0.907227  0.227711
10  0.950073  0.156342  0.915771  0.217616
11  0.950562  0.154477  0.810913  0.400494
12  0.951538  0.150299  0.889404  0.272901
13  0.954468  0.151579  0.815308  0.391078
14  0.949707  0.159022  0.925293  0.208331
15  0.957764  0.149463  0.947510  0.181346
16  0.953247  0.158644  0.809814  0.343211
17  0.958984  0.140795  0.879150  0.271880
18  0.956909  0.148691  0.875000  0.285960
19  0.953247  0.155179  0.852417  0.294232
20  0.959473  0.139634  0.924072  0.179835
21  0.957397  0.143354  0.923950  0.180616
22  0.957031  0.152713  0.904053  0.220708
23  0.773926  1.693399  0.499390  8.122283
24  0.496582  8.157939  0.503540  8.039520
25  0.505493  8.004119  0.491211  8.230887
26  0.501953  8.055013  0.500854  8.070209
27  0.501343  8.060216  0.504272  8.011005
28  0.509644  7.922708  0.496704  8.129635
29  0.505737  7.982601  0.502808  8.028457
30  0.496094  8.135464  0.502075  8.037902
31  0.500854  8.056554  0.491333  8.209046

2017-08-25 01:09:47.837763 Finish.
Total elapsed time: 04:27:46.84.
