2017-08-24 20:42:17.115269: W tensorflow/core/platform/cpu_feature_guard.cc:45] The TensorFlow library wasn't compiled to use SSE4.1 instructions, but these are available on your machine and could speed up CPU computations.
2017-08-24 20:42:17.115481: W tensorflow/core/platform/cpu_feature_guard.cc:45] The TensorFlow library wasn't compiled to use SSE4.2 instructions, but these are available on your machine and could speed up CPU computations.
2017-08-24 20:42:17.115495: W tensorflow/core/platform/cpu_feature_guard.cc:45] The TensorFlow library wasn't compiled to use AVX instructions, but these are available on your machine and could speed up CPU computations.
Using TensorFlow backend.
2017-08-24 20:42:01.669471 Start.
Training Salamon's ICASSP 2017 convnet on BirdVox-70k. 
Training set: unit10, unit01, unit02.
Validation set: unit03, unit05.
Test set: unit07.

h5py version: 2.6.0
keras version: 2.0.6
numpy version: 1.13.1
pandas version: 0.20.3
pescador version: 1.0.0
tensorflow version: 1.2.1

_________________________________________________________________
Layer (type)                 Output Shape              Param #   
=================================================================
input_1 (InputLayer)         (None, 128, 104, 1)       0         
_________________________________________________________________
batch_normalization_1 (Batch (None, 128, 104, 1)       4         
_________________________________________________________________
conv2d_1 (Conv2D)            (None, 128, 104, 24)      624       
_________________________________________________________________
max_pooling2d_1 (MaxPooling2 (None, 64, 26, 24)        0         
_________________________________________________________________
conv2d_2 (Conv2D)            (None, 64, 26, 48)        28848     
_________________________________________________________________
max_pooling2d_2 (MaxPooling2 (None, 32, 6, 48)         0         
_________________________________________________________________
conv2d_3 (Conv2D)            (None, 32, 6, 48)         57648     
_________________________________________________________________
flatten_1 (Flatten)          (None, 9216)              0         
_________________________________________________________________
dense_1 (Dense)              (None, 64)                589888    
_________________________________________________________________
dense_2 (Dense)              (None, 1)                 65        
=================================================================
Total params: 677,077
Trainable params: 677,075
Non-trainable params: 2
_________________________________________________________________
         acc      loss   val_acc  val_loss
0   0.668091  0.721693  0.754028  0.654368
1   0.823486  0.549594  0.788696  0.567817
2   0.875000  0.448339  0.820312  0.511248
3   0.783203  1.908487  0.498657  8.043612
4   0.502686  7.969513  0.492554  8.123522
5   0.503174  7.949245  0.499146  8.009174
6   0.493408  8.097376  0.503174  7.938764
7   0.507202  7.872208  0.493774  8.084153
8   0.505127  7.901433  0.503174  7.930981
9   0.505493  7.892695  0.491699  8.111398
10  0.498535  8.001419  0.506348  7.875951
11  0.498047  8.007524  0.506470  7.872544
12  0.497192  8.019867  0.506104  7.877269
13  0.503540  7.917697  0.506104  7.876425
14  0.510742  7.802141  0.499146  7.986714
15  0.496460  8.029278  0.492920  8.085485
16  0.498779  7.991885  0.507446  7.853539
17  0.508057  7.843668  0.501343  7.950574
18  0.497314  8.014689  0.499146  7.985401
19  0.493896  8.069004  0.496094  8.033902
20  0.496216  8.031897  0.498291  7.998759
21  0.510864  7.855598  0.498291  8.210975
22  0.503296  8.114463  0.505737  8.061383
23  0.499634  8.148939  0.508057  8.003234
24  0.498169  8.154242  0.493286  8.225136
25  0.501221  8.090568  0.503540  8.046926
26  0.496582  8.153709  0.501465  8.069982
27  0.500732  8.077496  0.504028  8.020365
28  0.495850  8.148791  0.501465  8.055122
29  0.510742  7.902931  0.506470  7.969334
30  0.494751  8.156168  0.501221  8.050000
31  0.499023  8.083860  0.503540  8.009635

2017-08-25 01:09:15.123243 Finish.
Total elapsed time: 04:27:14.12.
