2017-08-24 20:42:02.698181: W tensorflow/core/platform/cpu_feature_guard.cc:45] The TensorFlow library wasn't compiled to use SSE4.1 instructions, but these are available on your machine and could speed up CPU computations.
2017-08-24 20:42:02.698454: W tensorflow/core/platform/cpu_feature_guard.cc:45] The TensorFlow library wasn't compiled to use SSE4.2 instructions, but these are available on your machine and could speed up CPU computations.
2017-08-24 20:42:02.698469: W tensorflow/core/platform/cpu_feature_guard.cc:45] The TensorFlow library wasn't compiled to use AVX instructions, but these are available on your machine and could speed up CPU computations.
Using TensorFlow backend.
2017-08-24 20:42:01.657606 Start.
Training Salamon's ICASSP 2017 convnet on BirdVox-70k. 
Training set: unit10, unit01, unit02.
Validation set: unit03, unit05.
Test set: unit07.

h5py version: 2.6.0
keras version: 2.0.6
numpy version: 1.13.1
pandas version: 0.20.3
pescador version: 1.0.0
tensorflow version: 1.2.1

_________________________________________________________________
Layer (type)                 Output Shape              Param #   
=================================================================
input_1 (InputLayer)         (None, 128, 104, 1)       0         
_________________________________________________________________
batch_normalization_1 (Batch (None, 128, 104, 1)       4         
_________________________________________________________________
conv2d_1 (Conv2D)            (None, 128, 104, 24)      624       
_________________________________________________________________
max_pooling2d_1 (MaxPooling2 (None, 64, 26, 24)        0         
_________________________________________________________________
conv2d_2 (Conv2D)            (None, 64, 26, 48)        28848     
_________________________________________________________________
max_pooling2d_2 (MaxPooling2 (None, 32, 6, 48)         0         
_________________________________________________________________
conv2d_3 (Conv2D)            (None, 32, 6, 48)         57648     
_________________________________________________________________
flatten_1 (Flatten)          (None, 9216)              0         
_________________________________________________________________
dense_1 (Dense)              (None, 64)                589888    
_________________________________________________________________
dense_2 (Dense)              (None, 1)                 65        
=================================================================
Total params: 677,077
Trainable params: 677,075
Non-trainable params: 2
_________________________________________________________________
         acc      loss   val_acc  val_loss
0   0.866821  0.420954  0.923462  0.274639
1   0.960449  0.150766  0.925171  0.264575
2   0.971802  0.123699  0.976685  0.100063
3   0.973633  0.117490  0.976440  0.100359
4   0.979126  0.097868  0.949951  0.144231
5   0.985229  0.072117  0.967163  0.122617
6   0.984497  0.074617  0.976074  0.107674
7   0.984131  0.080404  0.980713  0.084850
8   0.984985  0.070851  0.953857  0.143512
9   0.987061  0.066170  0.953247  0.154091
10  0.984253  0.078590  0.945679  0.230695
11  0.985718  0.070071  0.936401  0.179102
12  0.983276  0.075383  0.923462  0.240435
13  0.985962  0.061697  0.967529  0.135545
14  0.989136  0.053511  0.977417  0.089640
15  0.987305  0.062291  0.945923  0.199814
16  0.985352  0.071538  0.957764  0.127579
17  0.989868  0.055453  0.969238  0.112831
18  0.987671  0.059371  0.854614  0.529432
19  0.989502  0.063297  0.958862  0.130413
20  0.989380  0.058687  0.866821  0.382913
21  0.988037  0.068157  0.963379  0.124679
22  0.989136  0.063595  0.975830  0.122997
23  0.970215  0.241563  0.836670  2.603298
24  0.685547  5.114998  0.506958  7.935966
25  0.502197  8.006576  0.505371  7.951302
26  0.506958  7.922296  0.505981  7.934445
27  0.496460  8.083317  0.494873  8.105851
28  0.502930  7.974957  0.510498  7.851948
29  0.498901  8.034695  0.498657  8.036524
30  0.500854  7.999595  0.511108  7.834275
31  0.495850  8.075817  0.499878  8.009914

2017-08-25 01:04:37.882269 Finish.
Total elapsed time: 04:22:36.88.
