2017-08-25 01:00:43.336100: W tensorflow/core/platform/cpu_feature_guard.cc:45] The TensorFlow library wasn't compiled to use SSE4.1 instructions, but these are available on your machine and could speed up CPU computations.
2017-08-25 01:00:43.336395: W tensorflow/core/platform/cpu_feature_guard.cc:45] The TensorFlow library wasn't compiled to use SSE4.2 instructions, but these are available on your machine and could speed up CPU computations.
2017-08-25 01:00:43.336409: W tensorflow/core/platform/cpu_feature_guard.cc:45] The TensorFlow library wasn't compiled to use AVX instructions, but these are available on your machine and could speed up CPU computations.
Using TensorFlow backend.
2017-08-25 01:00:37.325513 Start.
Training Salamon's ICASSP 2017 convnet on BirdVox-70k. 
Training set: unit10, unit01, unit02.
Validation set: unit03, unit05.
Test set: unit07.

h5py version: 2.6.0
keras version: 2.0.6
numpy version: 1.13.1
pandas version: 0.20.3
pescador version: 1.0.0
tensorflow version: 1.2.1

_________________________________________________________________
Layer (type)                 Output Shape              Param #   
=================================================================
input_1 (InputLayer)         (None, 128, 104, 1)       0         
_________________________________________________________________
batch_normalization_1 (Batch (None, 128, 104, 1)       4         
_________________________________________________________________
conv2d_1 (Conv2D)            (None, 128, 104, 24)      624       
_________________________________________________________________
max_pooling2d_1 (MaxPooling2 (None, 64, 26, 24)        0         
_________________________________________________________________
conv2d_2 (Conv2D)            (None, 64, 26, 48)        28848     
_________________________________________________________________
max_pooling2d_2 (MaxPooling2 (None, 32, 6, 48)         0         
_________________________________________________________________
conv2d_3 (Conv2D)            (None, 32, 6, 48)         57648     
_________________________________________________________________
flatten_1 (Flatten)          (None, 9216)              0         
_________________________________________________________________
dense_1 (Dense)              (None, 64)                589888    
_________________________________________________________________
dense_2 (Dense)              (None, 1)                 65        
=================================================================
Total params: 677,077
Trainable params: 677,075
Non-trainable params: 2
_________________________________________________________________
         acc      loss   val_acc  val_loss
0   0.796509  0.510085  0.836914  0.381261
1   0.898682  0.290381  0.885376  0.306735
2   0.909668  0.259662  0.870728  0.306223
3   0.923096  0.227311  0.918335  0.232990
4   0.936279  0.204640  0.767578  0.546920
5   0.938721  0.187200  0.860840  0.312650
6   0.934692  0.201957  0.946411  0.178902
7   0.941528  0.179822  0.888794  0.273269
8   0.945190  0.185917  0.892944  0.271310
9   0.932373  0.272782  0.949707  0.174314
10  0.948364  0.181940  0.875854  0.306244
11  0.951904  0.168405  0.914795  0.235145
12  0.955200  0.164991  0.912842  0.213510
13  0.952759  0.159890  0.905762  0.251538
14  0.953857  0.149044  0.963989  0.134463
15  0.950317  0.164637  0.961670  0.154046
16  0.941162  0.195287  0.805420  0.329222
17  0.947510  0.175191  0.832642  0.671409
18  0.668335  3.550628  0.496338  8.092165
19  0.504639  7.952773  0.496216  8.081128
20  0.503174  7.965687  0.493530  8.115319
21  0.502686  7.965930  0.496338  8.063917
22  0.481079  8.304396  0.487549  8.198616
23  0.496338  8.056168  0.492798  8.110383
24  0.491333  8.131754  0.495972  8.055905
25  0.493530  8.093127  0.500854  7.974733
26  0.497681  8.023870  0.505249  7.901812
27  0.515869  7.731248  0.499268  7.994715
28  0.500977  7.966397  0.504272  7.912828
29  0.495850  8.046195  0.493530  8.082300
30  0.494141  8.071798  0.489990  8.137231
31  0.494507  8.064578  0.495972  8.040610

2017-08-25 05:25:33.758930 Finish.
Total elapsed time: 04:24:56.76.
