
Jupyter server is running on: gpu-23
Job starts at: Mon Nov 27 13:59:23 EST 2017

Step 1 :

If you are working in NYU campus, please open an iTerm window, run command

ssh -L 8832:localhost:8832 vl1019@prince.hpc.nyu.edu

If you are working off campus, you should already have ssh tunneling setup through HPC bastion host, 
that you can directly login to prince with command

ssh vl1019@prince

Please open an iTerm window, run command

ssh -L 8832:localhost:8832 vl1019@prince

Step 2:

Keep the iTerm windows in the previouse step open. Now open browser, find the line with

The Jupyter Notebook is running at:

the URL is something: http://localhost:/?token=XXXXXXXX

you should be able to connect to jupyter notebook running remotly on prince compute node with above url

[I 13:59:25.404 NotebookApp] Writing notebook server cookie secret to /state/partition1/job-3125750/jupyter/notebook_cookie_secret
[I 13:59:25.933 NotebookApp] Serving notebooks from local directory: /home/vl1019
[I 13:59:25.933 NotebookApp] 0 active kernels 
[I 13:59:25.933 NotebookApp] The Jupyter Notebook is running at: http://localhost:8832/?token=318616f39f2e8b757ee856ea8cf3faa64e0bb9e5cd589bb6
[I 13:59:25.933 NotebookApp] Use Control-C to stop this server and shut down all kernels (twice to skip confirmation).
[C 13:59:25.933 NotebookApp] 
    
    Copy/paste this URL into your browser when you connect for the first time,
    to login with a token:
        http://localhost:8832/?token=318616f39f2e8b757ee856ea8cf3faa64e0bb9e5cd589bb6
[I 15:25:39.111 NotebookApp] 302 GET /?token=318616f39f2e8b757ee856ea8cf3faa64e0bb9e5cd589bb6 (::1) 0.82ms
[W 15:29:28.908 NotebookApp] 404 GET /nbextensions/widgets/notebook/js/extension.js (::1) 29.82ms referer=http://localhost:8832/notebooks/BirdVox-70k_icassp2018/notebooks/028_train-median-background-convnet.ipynb
[I 15:29:29.524 NotebookApp] Kernel started: fdf26d66-f2f9-4a56-9492-0ce36696f09e
[I 15:31:29.492 NotebookApp] Saving file at /BirdVox-70k_icassp2018/notebooks/028_train-median-background-convnet.ipynb
[I 15:33:29.504 NotebookApp] Saving file at /BirdVox-70k_icassp2018/notebooks/028_train-median-background-convnet.ipynb
[I 15:35:29.518 NotebookApp] Saving file at /BirdVox-70k_icassp2018/notebooks/028_train-median-background-convnet.ipynb
[I 15:37:29.519 NotebookApp] Saving file at /BirdVox-70k_icassp2018/notebooks/028_train-median-background-convnet.ipynb
[I 16:09:29.632 NotebookApp] Saving file at /BirdVox-70k_icassp2018/notebooks/028_train-median-background-convnet.ipynb
[I 16:11:29.700 NotebookApp] Saving file at /BirdVox-70k_icassp2018/notebooks/028_train-median-background-convnet.ipynb
