2017-08-24 20:42:03.071055: W tensorflow/core/platform/cpu_feature_guard.cc:45] The TensorFlow library wasn't compiled to use SSE4.1 instructions, but these are available on your machine and could speed up CPU computations.
2017-08-24 20:42:03.071273: W tensorflow/core/platform/cpu_feature_guard.cc:45] The TensorFlow library wasn't compiled to use SSE4.2 instructions, but these are available on your machine and could speed up CPU computations.
2017-08-24 20:42:03.071288: W tensorflow/core/platform/cpu_feature_guard.cc:45] The TensorFlow library wasn't compiled to use AVX instructions, but these are available on your machine and could speed up CPU computations.
Using TensorFlow backend.
2017-08-24 20:42:01.857913 Start.
Training Salamon's ICASSP 2017 convnet on BirdVox-70k. 
Training set: unit05, unit07, unit10.
Validation set: unit01, unit02.
Test set: unit03.

h5py version: 2.6.0
keras version: 2.0.6
numpy version: 1.13.1
pandas version: 0.20.3
pescador version: 1.0.0
tensorflow version: 1.2.1

_________________________________________________________________
Layer (type)                 Output Shape              Param #   
=================================================================
input_1 (InputLayer)         (None, 128, 104, 1)       0         
_________________________________________________________________
batch_normalization_1 (Batch (None, 128, 104, 1)       4         
_________________________________________________________________
conv2d_1 (Conv2D)            (None, 128, 104, 24)      624       
_________________________________________________________________
max_pooling2d_1 (MaxPooling2 (None, 64, 26, 24)        0         
_________________________________________________________________
conv2d_2 (Conv2D)            (None, 64, 26, 48)        28848     
_________________________________________________________________
max_pooling2d_2 (MaxPooling2 (None, 32, 6, 48)         0         
_________________________________________________________________
conv2d_3 (Conv2D)            (None, 32, 6, 48)         57648     
_________________________________________________________________
flatten_1 (Flatten)          (None, 9216)              0         
_________________________________________________________________
dense_1 (Dense)              (None, 64)                589888    
_________________________________________________________________
dense_2 (Dense)              (None, 1)                 65        
=================================================================
Total params: 677,077
Trainable params: 677,075
Non-trainable params: 2
_________________________________________________________________
         acc      loss   val_acc  val_loss
0   0.812012  1.342916  0.702271  1.264805
1   0.940674  0.212967  0.826782  1.090412
2   0.962158  0.146724  0.800659  0.842421
3   0.967285  0.138513  0.891357  0.625744
4   0.976196  0.116724  0.894897  0.491472
5   0.978027  0.099468  0.939087  0.259423
6   0.977539  0.094743  0.935425  0.311859
7   0.975708  0.104937  0.942505  0.311657
8   0.978760  0.105794  0.926270  0.358343
9   0.984131  0.081543  0.872437  0.984107
10  0.982910  0.083005  0.949951  0.218558
11  0.984741  0.071675  0.950562  0.274067
12  0.987549  0.068539  0.944946  0.259993
13  0.986084  0.068274  0.918091  0.484806
14  0.982666  0.071319  0.955933  0.192142
15  0.982178  0.080835  0.938721  0.281755
16  0.984131  0.070690  0.970825  0.116486
17  0.988647  0.059480  0.952148  0.331804
18  0.983521  0.073607  0.947510  0.302776
19  0.987793  0.064068  0.949097  0.361107
20  0.989136  0.059178  0.921997  0.627553
21  0.985352  0.074996  0.914307  0.563442
22  0.988037  0.058637  0.936035  0.357241
23  0.972290  0.131248  0.942261  0.260943
24  0.983765  0.079886  0.929932  0.383908
25  0.983154  0.083142  0.911743  0.622035
26  0.936890  0.249198  0.826782  0.401349
27  0.963501  0.124751  0.955444  0.457136
28  0.984741  0.105823  0.959106  0.310905
29  0.986328  0.092561  0.953003  0.389846
30  0.980347  0.112302  0.970215  0.240760
31  0.981079  0.121303  0.953613  0.226833

2017-08-25 01:07:05.073389 Finish.
Total elapsed time: 04:25:04.07.
