2017-08-16 06:39:30.476858: W tensorflow/core/platform/cpu_feature_guard.cc:45] The TensorFlow library wasn't compiled to use SSE4.1 instructions, but these are available on your machine and could speed up CPU computations.
2017-08-16 06:39:30.477037: W tensorflow/core/platform/cpu_feature_guard.cc:45] The TensorFlow library wasn't compiled to use SSE4.2 instructions, but these are available on your machine and could speed up CPU computations.
2017-08-16 06:39:30.477049: W tensorflow/core/platform/cpu_feature_guard.cc:45] The TensorFlow library wasn't compiled to use AVX instructions, but these are available on your machine and could speed up CPU computations.
2017-08-16 06:39:30.477054: W tensorflow/core/platform/cpu_feature_guard.cc:45] The TensorFlow library wasn't compiled to use AVX2 instructions, but these are available on your machine and could speed up CPU computations.
2017-08-16 06:39:30.477058: W tensorflow/core/platform/cpu_feature_guard.cc:45] The TensorFlow library wasn't compiled to use FMA instructions, but these are available on your machine and could speed up CPU computations.
Using TensorFlow backend.
2017-08-16 06:39:05.458702 Start.
Training Salamon's ICASSP 2017 convnet on BirdVox-70k. 
Training set: unit05, unit07, unit10.
Validation set: unit01, unit02.
Test set: unit03.

h5py version: 2.6.0
keras version: 2.0.6
numpy version: 1.13.1
pandas version: 0.20.3
pescador version: 1.0.0
tensorflow version: 1.2.1

_________________________________________________________________
Layer (type)                 Output Shape              Param #   
=================================================================
batch_normalization_1 (Batch (None, 128, 104, 1)       4         
_________________________________________________________________
conv2d_1 (Conv2D)            (None, 128, 104, 24)      624       
_________________________________________________________________
max_pooling2d_1 (MaxPooling2 (None, 64, 26, 24)        0         
_________________________________________________________________
conv2d_2 (Conv2D)            (None, 64, 26, 48)        28848     
_________________________________________________________________
max_pooling2d_2 (MaxPooling2 (None, 32, 6, 48)         0         
_________________________________________________________________
conv2d_3 (Conv2D)            (None, 32, 6, 48)         57648     
_________________________________________________________________
dropout_1 (Dropout)          (None, 32, 6, 48)         0         
_________________________________________________________________
flatten_1 (Flatten)          (None, 9216)              0         
_________________________________________________________________
dense_1 (Dense)              (None, 64)                589888    
_________________________________________________________________
dropout_2 (Dropout)          (None, 64)                0         
_________________________________________________________________
dense_2 (Dense)              (None, 1)                 65        
=================================================================
Total params: 677,077
Trainable params: 677,075
Non-trainable params: 2
_________________________________________________________________
         acc      loss   val_acc  val_loss
0   0.495331  3.609532  0.498047  8.144850
1   0.502533  8.027359  0.500366  8.132359
2   0.498352  8.147084  0.487427  8.335848
3   0.504486  8.044782  0.495239  8.225637
4   0.499969  8.187630  0.497192  8.258427
5   0.496277  8.267728  0.495605  8.273076
6   0.499634  8.202383  0.503174  8.139594
7   0.498749  8.206497  0.498413  8.236504
8   0.498199  8.230109  0.493286  8.306205
9   0.494629  8.274678  0.494141  8.278385
10  0.496918  8.223741  0.504395  8.098135
11  0.499268  8.170903  0.502441  8.113989
12  0.500122  8.142957  0.496704  8.222172
13  0.502411  8.122111  0.500366  8.146754
14  0.502075  8.110738  0.502686  8.092499
15  0.501526  8.103027  0.501953  8.088248
16  0.501892  8.082132  0.504272  8.037236
17  0.501923  8.069681  0.501709  8.068418
18  0.504333  8.074409  0.506104  8.050107
19  0.499695  8.150553  0.501831  8.113341
20  0.494232  8.232985  0.498657  8.158708
21  0.499847  8.136280  0.505737  8.037947
22  0.502502  8.086489  0.500732  8.111375
23  0.502533  8.080628  0.488647  8.299869
24  0.498199  8.141708  0.503662  8.049917
25  0.497803  8.140390  0.496460  8.157774
26  0.494720  8.162010  0.502319  8.024440
27  0.504913  7.978900  0.497192  8.095974
28  0.499115  8.064392  0.495728  8.243500
29  0.496155  8.215367  0.502197  8.131808
30  0.499329  8.148631  0.513550  7.940918
31  0.503418  8.064070  0.411987  9.532141

2017-08-16 20:16:50.993621 Finish.
Total elapsed time: 13:37:45.99.
