
Jupyter server is running on: c40-04
Job starts at: Wed Dec 13 02:14:12 EST 2017

Step 1 :

If you are working in NYU campus, please open an iTerm window, run command

ssh -L 9349:localhost:9349 vl1019@prince.hpc.nyu.edu

If you are working off campus, you should already have ssh tunneling setup through HPC bastion host,
that you can directly login to prince with command

ssh vl1019@prince

Please open an iTerm window, run command

ssh -L 9349:localhost:9349 vl1019@prince

Step 2:

Keep the iTerm windows in the previouse step open. Now open browser, find the line with

The Jupyter Notebook is running at:

the URL is something: http://localhost:/?token=XXXXXXXX

you should be able to connect to jupyter notebook running remotly on prince compute node with above url

[I 02:14:17.799 NotebookApp] Writing notebook server cookie secret to /state/partition1/job-3383406/jupyter/notebook_cookie_secret
[I 02:14:19.036 NotebookApp] Serving notebooks from local directory: /home/vl1019
[I 02:14:19.036 NotebookApp] 0 active kernels 
[I 02:14:19.036 NotebookApp] The Jupyter Notebook is running at: http://localhost:9349/?token=c7b1b170b0cbd9dcf0791a089456087db20d1e03bcc63a94
[I 02:14:19.036 NotebookApp] Use Control-C to stop this server and shut down all kernels (twice to skip confirmation).
[C 02:14:19.036 NotebookApp] 
    
    Copy/paste this URL into your browser when you connect for the first time,
    to login with a token:
        http://localhost:9349/?token=c7b1b170b0cbd9dcf0791a089456087db20d1e03bcc63a94
