
Jupyter server is running on: gpu-28
Job starts at: Sat Jul 29 09:41:34 EDT 2017

Step 1 :

If you are working in NYU campus, please open an iTerm window, run command

ssh -L 8255:localhost:8255 vl1019@prince.hpc.nyu.edu

If you are working off campus, you should already have ssh tunneling setup through HPC bastion host,
that you can directly login to prince with command

ssh vl1019@prince

Please open an iTerm window, run command

ssh -L 8255:localhost:8255 vl1019@prince

Step 2:

Keep the iTerm windows in the previouse step open. Now open browser, find the line with

The Jupyter Notebook is running at:

the URL is something: http://localhost:/?token=XXXXXXXX

you should be able to connect to jupyter notebook running remotly on prince compute node with above url

[I 09:41:35.856 NotebookApp] Writing notebook server cookie secret to /state/partition1/job-1657600/jupyter/notebook_cookie_secret
[I 09:41:36.217 NotebookApp] Serving notebooks from local directory: /home/vl1019
[I 09:41:36.217 NotebookApp] 0 active kernels 
[I 09:41:36.217 NotebookApp] The Jupyter Notebook is running at: http://localhost:8255/?token=706890cef6945a42c848850f5313f7677c2a8923122b70bd
[I 09:41:36.217 NotebookApp] Use Control-C to stop this server and shut down all kernels (twice to skip confirmation).
[C 09:41:36.217 NotebookApp] 
    
    Copy/paste this URL into your browser when you connect for the first time,
    to login with a token:
        http://localhost:8255/?token=706890cef6945a42c848850f5313f7677c2a8923122b70bd
[I 09:42:22.279 NotebookApp] 302 GET /?token=706890cef6945a42c848850f5313f7677c2a8923122b70bd (::1) 0.93ms
[I 09:42:37.529 NotebookApp] Kernel started: cf7d8eae-3b1c-484d-b156-a10a8b5d2e8e
[W 09:42:37.655 NotebookApp] 404 GET /nbextensions/widgets/notebook/js/extension.js?v=20170729094135 (::1) 9.61ms referer=http://localhost:8255/notebooks/spl2017/notebooks/sandbox.ipynb
[I 09:44:43.705 NotebookApp] Saving file at /spl2017/notebooks/sandbox.ipynb
[W 10:00:38.457 NotebookApp] WebSocket ping timeout after 119913 ms.
slurmstepd: error: *** JOB 1657600 ON gpu-28 CANCELLED AT 2017-07-29T21:41:58 DUE TO TIME LIMIT ***
