2017-08-25 01:27:51.606293: W tensorflow/core/platform/cpu_feature_guard.cc:45] The TensorFlow library wasn't compiled to use SSE4.1 instructions, but these are available on your machine and could speed up CPU computations.
2017-08-25 01:27:51.606579: W tensorflow/core/platform/cpu_feature_guard.cc:45] The TensorFlow library wasn't compiled to use SSE4.2 instructions, but these are available on your machine and could speed up CPU computations.
2017-08-25 01:27:51.606594: W tensorflow/core/platform/cpu_feature_guard.cc:45] The TensorFlow library wasn't compiled to use AVX instructions, but these are available on your machine and could speed up CPU computations.
Using TensorFlow backend.
2017-08-25 01:27:49.867192 Start.
Training Salamon's ICASSP 2017 convnet on BirdVox-70k. 
Training set: unit02, unit03, unit05.
Validation set: unit07, unit10.
Test set: unit01.

h5py version: 2.6.0
keras version: 2.0.6
numpy version: 1.13.1
pandas version: 0.20.3
pescador version: 1.0.0
tensorflow version: 1.2.1

_________________________________________________________________
Layer (type)                 Output Shape              Param #   
=================================================================
input_1 (InputLayer)         (None, 128, 104, 1)       0         
_________________________________________________________________
batch_normalization_1 (Batch (None, 128, 104, 1)       4         
_________________________________________________________________
conv2d_1 (Conv2D)            (None, 128, 104, 24)      624       
_________________________________________________________________
max_pooling2d_1 (MaxPooling2 (None, 64, 26, 24)        0         
_________________________________________________________________
conv2d_2 (Conv2D)            (None, 64, 26, 48)        28848     
_________________________________________________________________
max_pooling2d_2 (MaxPooling2 (None, 32, 6, 48)         0         
_________________________________________________________________
conv2d_3 (Conv2D)            (None, 32, 6, 48)         57648     
_________________________________________________________________
flatten_1 (Flatten)          (None, 9216)              0         
_________________________________________________________________
dense_1 (Dense)              (None, 64)                589888    
_________________________________________________________________
dense_2 (Dense)              (None, 1)                 65        
=================================================================
Total params: 677,077
Trainable params: 677,075
Non-trainable params: 2
_________________________________________________________________
         acc      loss   val_acc  val_loss
0   0.910767  0.436323  0.547729  3.119474
1   0.964600  0.169022  0.652222  2.523232
2   0.967407  0.158511  0.867065  0.313471
3   0.982666  0.089529  0.706665  0.650447
4   0.985840  0.072259  0.933105  0.199869
5   0.987061  0.068911  0.810303  0.393269
6   0.986084  0.069260  0.807739  0.397629
7   0.990967  0.049941  0.832275  0.391092
8   0.985962  0.061192  0.778564  0.447978
9   0.989746  0.049020  0.805908  0.355359
10  0.989746  0.050764  0.885986  0.215995
11  0.990845  0.046818  0.886963  0.193664
12  0.987549  0.059293  0.864990  0.257861
13  0.991455  0.047352  0.813477  0.311071
14  0.990845  0.044821  0.842651  0.280641
15  0.989990  0.050308  0.875977  0.269851
16  0.991211  0.051443  0.881836  0.264770
17  0.988647  0.065232  0.857788  0.267658
18  0.992065  0.048085  0.922729  0.204540
19  0.993530  0.034293  0.964355  0.125406
20  0.993530  0.036379  0.963135  0.162229
21  0.985107  0.078311  0.961182  0.220319
22  0.988647  0.062080  0.963745  0.198561
23  0.993286  0.041404  0.926514  0.242413
24  0.993408  0.045165  0.957275  0.208845
25  0.993286  0.039972  0.931152  0.241259
26  0.992310  0.042372  0.963745  0.389673
27  0.679565  5.081277  0.499023  8.020852
28  0.505493  7.914455  0.506348  7.898114
29  0.499390  8.007013  0.498047  8.026589
30  0.499756  7.997836  0.499634  7.998376
31  0.497192  8.036083  0.492920  8.103044

2017-08-25 05:49:35.266418 Finish.
Total elapsed time: 04:21:46.27.
