
Jupyter server is running on: c39-01
Job starts at: Tue Apr 23 18:36:29 EDT 2019

Step 1 :

If you are working in NYU campus, please open an iTerm window, run command

ssh -L 9953:localhost:9953 vl1019@prince.hpc.nyu.edu

If you are working off campus, you should already have ssh tunneling setup through HPC bastion host,
that you can directly login to prince with command

ssh vl1019@prince

Please open an iTerm window, run command

ssh -L 9953:localhost:9953 vl1019@prince

Step 2:

Keep the iTerm windows in the previouse step open. Now open browser, find the line with

The Jupyter Notebook is running at:

the URL is something: http://localhost:/?token=XXXXXXXX

you should be able to connect to jupyter notebook running remotly on prince compute node with above url

[I 18:36:40.967 NotebookApp] Writing notebook server cookie secret to /state/partition1/job-870822/jupyter/notebook_cookie_secret
[I 18:36:44.339 NotebookApp] Serving notebooks from local directory: /home/vl1019
[I 18:36:44.339 NotebookApp] The Jupyter Notebook is running at:
[I 18:36:44.339 NotebookApp] http://localhost:9953/?token=454483fc721cd981716829645fbd60cedaf92262acb9ced2
[I 18:36:44.340 NotebookApp] Use Control-C to stop this server and shut down all kernels (twice to skip confirmation).
[C 18:36:44.340 NotebookApp] 
    
    Copy/paste this URL into your browser when you connect for the first time,
    to login with a token:
        http://localhost:9953/?token=454483fc721cd981716829645fbd60cedaf92262acb9ced2
slurmstepd: error: *** JOB 870822 ON c39-01 CANCELLED AT 2019-04-24T06:36:57 DUE TO TIME LIMIT ***
