
Jupyter server is running on: c17-02
Job starts at: Sun Nov 26 15:55:13 EST 2017

Step 1 :

If you are working in NYU campus, please open an iTerm window, run command

ssh -L 7314:localhost:7314 vl1019@prince.hpc.nyu.edu

If you are working off campus, you should already have ssh tunneling setup through HPC bastion host,
that you can directly login to prince with command

ssh vl1019@prince

Please open an iTerm window, run command

ssh -L 7314:localhost:7314 vl1019@prince

Step 2:

Keep the iTerm windows in the previouse step open. Now open browser, find the line with

The Jupyter Notebook is running at:

the URL is something: http://localhost:/?token=XXXXXXXX

you should be able to connect to jupyter notebook running remotly on prince compute node with above url

[I 15:55:15.741 NotebookApp] Writing notebook server cookie secret to /state/partition1/job-3118771/jupyter/notebook_cookie_secret
[I 15:55:16.353 NotebookApp] Serving notebooks from local directory: /home/vl1019
[I 15:55:16.354 NotebookApp] 0 active kernels 
[I 15:55:16.354 NotebookApp] The Jupyter Notebook is running at: http://localhost:7314/?token=062f960a1fa91d77b68165791035bfcdd3d6e3788d204188
[I 15:55:16.354 NotebookApp] Use Control-C to stop this server and shut down all kernels (twice to skip confirmation).
[C 15:55:16.354 NotebookApp] 
    
    Copy/paste this URL into your browser when you connect for the first time,
    to login with a token:
        http://localhost:7314/?token=062f960a1fa91d77b68165791035bfcdd3d6e3788d204188
