
Jupyter server is running on: c39-01
Job starts at: Fri Dec  1 12:24:10 EST 2017

Step 1 :

If you are working in NYU campus, please open an iTerm window, run command

ssh -L 8180:localhost:8180 vl1019@prince.hpc.nyu.edu

If you are working off campus, you should already have ssh tunneling setup through HPC bastion host,
that you can directly login to prince with command

ssh vl1019@prince

Please open an iTerm window, run command

ssh -L 8180:localhost:8180 vl1019@prince

Step 2:

Keep the iTerm windows in the previouse step open. Now open browser, find the line with

The Jupyter Notebook is running at:

the URL is something: http://localhost:/?token=XXXXXXXX

you should be able to connect to jupyter notebook running remotly on prince compute node with above url

[I 12:24:15.923 NotebookApp] Writing notebook server cookie secret to /state/partition1/job-3177150/jupyter/notebook_cookie_secret
[I 12:24:17.002 NotebookApp] Serving notebooks from local directory: /home/vl1019
[I 12:24:17.002 NotebookApp] 0 active kernels 
[I 12:24:17.002 NotebookApp] The Jupyter Notebook is running at: http://localhost:8180/?token=c392585aca09def36f38e2a3377557690dca3bb61a264362
[I 12:24:17.002 NotebookApp] Use Control-C to stop this server and shut down all kernels (twice to skip confirmation).
[C 12:24:17.002 NotebookApp] 
    
    Copy/paste this URL into your browser when you connect for the first time,
    to login with a token:
        http://localhost:8180/?token=c392585aca09def36f38e2a3377557690dca3bb61a264362
[I 12:35:18.299 NotebookApp] 302 GET /?token=c392585aca09def36f38e2a3377557690dca3bb61a264362 (::1) 0.81ms
[W 12:35:48.164 NotebookApp] Notebook BirdVox-70k_icassp2018/notebooks/Untitled.ipynb is not trusted
[W 12:35:48.260 NotebookApp] 404 GET /nbextensions/widgets/notebook/js/extension.js (::1) 21.22ms referer=http://localhost:8180/notebooks/BirdVox-70k_icassp2018/notebooks/Untitled.ipynb
[I 12:35:49.107 NotebookApp] Kernel started: cc2e8e70-5b15-4b3a-adf0-06fb1e0a0e8c
[I 12:44:10.706 NotebookApp] Creating new notebook in /BirdVox-70k_icassp2018/notebooks
[W 12:44:14.274 NotebookApp] 404 GET /nbextensions/widgets/notebook/js/extension.js (::1) 2.35ms referer=http://localhost:8180/notebooks/BirdVox-70k_icassp2018/notebooks/Untitled1.ipynb?kernel_name=python3
[I 12:44:14.318 NotebookApp] Kernel started: a7c93548-4835-4a37-a146-d8fd8db4d773
[I 12:46:14.389 NotebookApp] Saving file at /BirdVox-70k_icassp2018/notebooks/034_evaluate-pcen-full-audio.ipynb
[I 12:48:14.404 NotebookApp] Saving file at /BirdVox-70k_icassp2018/notebooks/034_evaluate-pcen-full-audio.ipynb
[I 12:48:45.702 NotebookApp] Kernel interrupted: a7c93548-4835-4a37-a146-d8fd8db4d773
[I 12:49:07.906 NotebookApp] Kernel interrupted: a7c93548-4835-4a37-a146-d8fd8db4d773
[I 12:50:14.479 NotebookApp] Saving file at /BirdVox-70k_icassp2018/notebooks/034_evaluate-pcen-full-audio.ipynb
[I 12:50:30.103 NotebookApp] Kernel interrupted: a7c93548-4835-4a37-a146-d8fd8db4d773
[I 12:52:14.793 NotebookApp] Saving file at /BirdVox-70k_icassp2018/notebooks/034_evaluate-pcen-full-audio.ipynb
[I 12:54:14.832 NotebookApp] Saving file at /BirdVox-70k_icassp2018/notebooks/034_evaluate-pcen-full-audio.ipynb
[I 12:58:14.855 NotebookApp] Saving file at /BirdVox-70k_icassp2018/notebooks/034_evaluate-pcen-full-audio.ipynb
[I 13:04:16.737 NotebookApp] Saving file at /BirdVox-70k_icassp2018/notebooks/034_evaluate-pcen-full-audio.ipynb
[W 13:40:45.398 NotebookApp] WebSocket ping timeout after 118345 ms.
[W 13:40:50.366 NotebookApp] WebSocket ping timeout after 116434 ms.
