
Jupyter server is running on: gpu-26
Job starts at: Tue Aug  1 07:37:06 EDT 2017

Step 1 :

If you are working in NYU campus, please open an iTerm window, run command

ssh -L 9590:localhost:9590 vl1019@prince.hpc.nyu.edu

If you are working off campus, you should already have ssh tunneling setup through HPC bastion host,
that you can directly login to prince with command

ssh vl1019@prince

Please open an iTerm window, run command

ssh -L 9590:localhost:9590 vl1019@prince

Step 2:

Keep the iTerm windows in the previouse step open. Now open browser, find the line with

The Jupyter Notebook is running at:

the URL is something: http://localhost:/?token=XXXXXXXX

you should be able to connect to jupyter notebook running remotly on prince compute node with above url

[I 07:37:09.459 NotebookApp] Writing notebook server cookie secret to /state/partition1/job-1695697/jupyter/notebook_cookie_secret
[I 07:37:10.236 NotebookApp] Serving notebooks from local directory: /home/vl1019
[I 07:37:10.236 NotebookApp] 0 active kernels 
[I 07:37:10.236 NotebookApp] The Jupyter Notebook is running at: http://localhost:9590/?token=52bafba0fb4747b70ae96846511fdf8cdf51756613683a32
[I 07:37:10.236 NotebookApp] Use Control-C to stop this server and shut down all kernels (twice to skip confirmation).
[C 07:37:10.237 NotebookApp] 
    
    Copy/paste this URL into your browser when you connect for the first time,
    to login with a token:
        http://localhost:9590/?token=52bafba0fb4747b70ae96846511fdf8cdf51756613683a32
[I 07:38:58.340 NotebookApp] 302 GET /?token=52bafba0fb4747b70ae96846511fdf8cdf51756613683a32 (::1) 0.95ms
[I 07:39:07.310 NotebookApp] Creating new notebook in /spl2017/notebooks
[I 07:39:11.151 NotebookApp] Kernel started: 0fff89cf-50b5-4a10-b5de-1393217c5655
[W 07:39:11.904 NotebookApp] 404 GET /nbextensions/widgets/notebook/js/extension.js?v=20170801073709 (::1) 10.81ms referer=http://localhost:9590/notebooks/spl2017/notebooks/Untitled.ipynb?kernel_name=python3
[I 07:41:11.193 NotebookApp] Saving file at /spl2017/notebooks/Untitled.ipynb
[I 07:47:11.169 NotebookApp] Saving file at /spl2017/notebooks/Untitled.ipynb
[I 07:49:11.171 NotebookApp] Saving file at /spl2017/notebooks/Untitled.ipynb
[I 07:51:11.198 NotebookApp] Saving file at /spl2017/notebooks/Untitled.ipynb
[I 07:53:11.284 NotebookApp] Saving file at /spl2017/notebooks/Untitled.ipynb
[I 07:55:11.263 NotebookApp] Saving file at /spl2017/notebooks/Untitled.ipynb
[I 07:57:11.193 NotebookApp] Saving file at /spl2017/notebooks/Untitled.ipynb
[I 07:59:11.240 NotebookApp] Saving file at /spl2017/notebooks/Untitled.ipynb
[I 08:01:11.280 NotebookApp] Saving file at /spl2017/notebooks/Untitled.ipynb
[I 08:03:11.290 NotebookApp] Saving file at /spl2017/notebooks/Untitled.ipynb
[I 08:05:11.404 NotebookApp] Saving file at /spl2017/notebooks/Untitled.ipynb
[I 08:07:11.254 NotebookApp] Saving file at /spl2017/notebooks/Untitled.ipynb
[I 08:07:40.049 NotebookApp] Saving file at /spl2017/notebooks/Untitled.ipynb
[I 08:09:11.284 NotebookApp] Saving file at /spl2017/notebooks/Untitled.ipynb
[I 08:11:11.312 NotebookApp] Saving file at /spl2017/notebooks/Untitled.ipynb
[I 08:13:11.217 NotebookApp] Saving file at /spl2017/notebooks/Untitled.ipynb
[I 08:15:11.237 NotebookApp] Saving file at /spl2017/notebooks/Untitled.ipynb
[I 08:17:11.330 NotebookApp] Saving file at /spl2017/notebooks/Untitled.ipynb
[I 08:19:11.324 NotebookApp] Saving file at /spl2017/notebooks/Untitled.ipynb
[I 08:21:11.357 NotebookApp] Saving file at /spl2017/notebooks/Untitled.ipynb
[I 08:23:11.363 NotebookApp] Saving file at /spl2017/notebooks/Untitled.ipynb
[I 08:25:11.301 NotebookApp] Saving file at /spl2017/notebooks/Untitled.ipynb
[I 08:27:11.289 NotebookApp] Saving file at /spl2017/notebooks/Untitled.ipynb
[I 08:29:11.348 NotebookApp] Saving file at /spl2017/notebooks/Untitled.ipynb
[I 08:31:11.389 NotebookApp] Saving file at /spl2017/notebooks/Untitled.ipynb
[I 08:33:11.327 NotebookApp] Saving file at /spl2017/notebooks/Untitled.ipynb
[I 08:35:11.333 NotebookApp] Saving file at /spl2017/notebooks/Untitled.ipynb
[I 08:37:11.390 NotebookApp] Saving file at /spl2017/notebooks/Untitled.ipynb
[I 08:43:11.302 NotebookApp] Saving file at /spl2017/notebooks/Untitled.ipynb
[I 08:45:11.315 NotebookApp] Saving file at /spl2017/notebooks/Untitled.ipynb
[I 08:47:11.284 NotebookApp] Saving file at /spl2017/notebooks/Untitled.ipynb
[I 08:47:31.885 NotebookApp] Saving file at /spl2017/notebooks/Untitled.ipynb
[I 08:47:35.016 NotebookApp] Saving file at /spl2017/notebooks/Untitled.ipynb
[I 08:49:11.281 NotebookApp] Saving file at /spl2017/notebooks/Untitled.ipynb
[I 08:51:11.314 NotebookApp] Saving file at /spl2017/notebooks/Untitled.ipynb
[I 08:53:11.303 NotebookApp] Saving file at /spl2017/notebooks/Untitled.ipynb
[I 08:55:11.305 NotebookApp] Saving file at /spl2017/notebooks/Untitled.ipynb
[I 08:57:11.318 NotebookApp] Saving file at /spl2017/notebooks/Untitled.ipynb
[I 08:59:11.329 NotebookApp] Saving file at /spl2017/notebooks/Untitled.ipynb
[I 09:01:11.413 NotebookApp] Saving file at /spl2017/notebooks/Untitled.ipynb
[I 09:03:11.350 NotebookApp] Saving file at /spl2017/notebooks/Untitled.ipynb
[I 09:05:12.539 NotebookApp] Saving file at /spl2017/notebooks/Untitled.ipynb
[I 09:07:11.344 NotebookApp] Saving file at /spl2017/notebooks/Untitled.ipynb
[W 09:12:12.246 NotebookApp] WebSocket ping timeout after 119874 ms.
[I 10:05:23.784 NotebookApp] 302 GET /?token=52bafba0fb4747b70ae96846511fdf8cdf51756613683a32 (::1) 0.44ms
[W 10:05:40.956 NotebookApp] 404 GET /nbextensions/widgets/notebook/js/extension.js?v=20170801073709 (::1) 2.20ms referer=http://localhost:9590/notebooks/spl2017/notebooks/Untitled.ipynb
[I 10:05:51.021 NotebookApp] Kernel restarted: 0fff89cf-50b5-4a10-b5de-1393217c5655
[I 10:07:40.814 NotebookApp] Saving file at /spl2017/notebooks/Untitled.ipynb
[I 10:09:41.229 NotebookApp] Saving file at /spl2017/notebooks/Untitled.ipynb
[I 10:17:40.826 NotebookApp] Saving file at /spl2017/notebooks/Untitled.ipynb
[I 10:19:40.842 NotebookApp] Saving file at /spl2017/notebooks/Untitled.ipynb
[I 10:25:40.841 NotebookApp] Saving file at /spl2017/notebooks/Untitled.ipynb
[I 10:27:40.834 NotebookApp] Saving file at /spl2017/notebooks/Untitled.ipynb
[I 10:29:40.850 NotebookApp] Saving file at /spl2017/notebooks/Untitled.ipynb
[I 10:31:40.836 NotebookApp] Saving file at /spl2017/notebooks/Untitled.ipynb
[I 10:33:40.850 NotebookApp] Saving file at /spl2017/notebooks/Untitled.ipynb
[I 10:53:47.416 NotebookApp] Saving file at /spl2017/notebooks/summarize-skm-evaluation.ipynb
[I 10:59:40.891 NotebookApp] Saving file at /spl2017/notebooks/summarize-skm-evaluation.ipynb
[I 11:01:40.895 NotebookApp] Saving file at /spl2017/notebooks/summarize-skm-evaluation.ipynb
[I 11:03:40.918 NotebookApp] Saving file at /spl2017/notebooks/summarize-skm-evaluation.ipynb
[I 11:05:49.409 NotebookApp] Saving file at /spl2017/notebooks/summarize-skm-evaluation.ipynb
[I 11:09:40.910 NotebookApp] Saving file at /spl2017/notebooks/summarize-skm-evaluation.ipynb
[I 11:11:41.267 NotebookApp] Saving file at /spl2017/notebooks/summarize-skm-evaluation.ipynb
[I 11:13:40.917 NotebookApp] Saving file at /spl2017/notebooks/summarize-skm-evaluation.ipynb
[W 11:29:52.073 NotebookApp] WebSocket ping timeout after 119995 ms.
