2018-01-31 14:12:08.556877: W tensorflow/core/platform/cpu_feature_guard.cc:45] The TensorFlow library wasn't compiled to use SSE4.1 instructions, but these are available on your machine and could speed up CPU computations.
2018-01-31 14:12:08.557190: W tensorflow/core/platform/cpu_feature_guard.cc:45] The TensorFlow library wasn't compiled to use SSE4.2 instructions, but these are available on your machine and could speed up CPU computations.
2018-01-31 14:12:08.557203: W tensorflow/core/platform/cpu_feature_guard.cc:45] The TensorFlow library wasn't compiled to use AVX instructions, but these are available on your machine and could speed up CPU computations.
Using TensorFlow backend.
2018-01-31 14:12:03.891254 Start.
Training Salamon's ICASSP 2017 convnet on BirdVox-70k. 
Training set: unit03, unit05, unit07.
Validation set: unit10, unit01.
Test set: unit02.

h5py version: 2.6.0
keras version: 2.0.6
numpy version: 1.13.1
pandas version: 0.20.3
pescador version: 1.0.0
tensorflow version: 1.2.1

_________________________________________________________________
Layer (type)                 Output Shape              Param #   
=================================================================
input_1 (InputLayer)         (None, 128, 104, 1)       0         
_________________________________________________________________
batch_normalization_1 (Batch (None, 128, 104, 1)       4         
_________________________________________________________________
conv2d_1 (Conv2D)            (None, 128, 104, 24)      624       
_________________________________________________________________
max_pooling2d_1 (MaxPooling2 (None, 64, 26, 24)        0         
_________________________________________________________________
conv2d_2 (Conv2D)            (None, 64, 26, 48)        28848     
_________________________________________________________________
max_pooling2d_2 (MaxPooling2 (None, 32, 6, 48)         0         
_________________________________________________________________
conv2d_3 (Conv2D)            (None, 32, 6, 48)         57648     
_________________________________________________________________
flatten_1 (Flatten)          (None, 9216)              0         
_________________________________________________________________
dense_1 (Dense)              (None, 64)                589888    
_________________________________________________________________
dense_2 (Dense)              (None, 1)                 65        
=================================================================
Total params: 677,077
Trainable params: 677,075
Non-trainable params: 2
_________________________________________________________________
         acc      loss   val_acc  val_loss
0   0.817871  0.473731  0.748901  2.386752
1   0.930420  0.223498  0.750244  0.522290
2   0.950073  0.162340  0.776001  1.282806
3   0.957886  0.142808  0.763794  0.482366
4   0.958618  0.141779  0.778198  1.831288
5   0.928345  0.301758  0.769165  0.583529
6   0.966797  0.132817  0.824097  0.468663
7   0.963745  0.170859  0.745605  0.849542
8   0.963013  0.201316  0.820435  0.973037
9   0.960327  0.151656  0.793945  0.554945
10  0.742798  3.657392  0.759155  3.922803
11  0.682861  5.168606  0.704468  4.779820
12  0.764893  3.825484  0.696167  4.907088
13  0.771851  3.710956  0.696777  4.892764
14  0.713257  4.650432  0.498901  8.073362
15  0.708862  4.777242  0.523560  7.705959
16  0.694580  4.981610  0.520020  7.758582
17  0.688354  5.077109  0.535889  7.501005
18  0.639038  5.862809  0.509644  7.936464
19  0.511475  7.905045  0.491577  8.220259
20  0.497925  8.117312  0.495117  8.160373
21  0.510620  7.911622  0.518311  7.787439
22  0.499390  8.087565  0.501465  8.052969
23  0.500732  8.063174  0.504639  7.999427
24  0.499878  8.073883  0.496826  8.121089
25  0.498291  8.096313  0.501099  8.050123
26  0.500244  8.062333  0.507202  7.949985
27  0.490967  8.207408  0.502930  8.015275
28  0.500366  8.054738  0.503296  8.006617
29  0.496460  8.114193  0.494141  8.149753
30  0.502686  8.012119  0.504028  7.989293
31  0.494263  8.143571  0.491577  8.184962

2018-01-31 18:00:49.466647 Finish.
Total elapsed time: 03:48:46.47.
