2018-01-31 14:12:07.430051: W tensorflow/core/platform/cpu_feature_guard.cc:45] The TensorFlow library wasn't compiled to use SSE4.1 instructions, but these are available on your machine and could speed up CPU computations.
2018-01-31 14:12:07.430293: W tensorflow/core/platform/cpu_feature_guard.cc:45] The TensorFlow library wasn't compiled to use SSE4.2 instructions, but these are available on your machine and could speed up CPU computations.
2018-01-31 14:12:07.430307: W tensorflow/core/platform/cpu_feature_guard.cc:45] The TensorFlow library wasn't compiled to use AVX instructions, but these are available on your machine and could speed up CPU computations.
Using TensorFlow backend.
2018-01-31 14:11:59.659718 Start.
Training Salamon's ICASSP 2017 convnet on BirdVox-70k. 
Training set: unit01, unit02, unit03.
Validation set: unit05, unit07.
Test set: unit10.

h5py version: 2.6.0
keras version: 2.0.6
numpy version: 1.13.1
pandas version: 0.20.3
pescador version: 1.0.0
tensorflow version: 1.2.1

_________________________________________________________________
Layer (type)                 Output Shape              Param #   
=================================================================
input_1 (InputLayer)         (None, 128, 104, 1)       0         
_________________________________________________________________
batch_normalization_1 (Batch (None, 128, 104, 1)       4         
_________________________________________________________________
conv2d_1 (Conv2D)            (None, 128, 104, 24)      624       
_________________________________________________________________
max_pooling2d_1 (MaxPooling2 (None, 64, 26, 24)        0         
_________________________________________________________________
conv2d_2 (Conv2D)            (None, 64, 26, 48)        28848     
_________________________________________________________________
max_pooling2d_2 (MaxPooling2 (None, 32, 6, 48)         0         
_________________________________________________________________
conv2d_3 (Conv2D)            (None, 32, 6, 48)         57648     
_________________________________________________________________
flatten_1 (Flatten)          (None, 9216)              0         
_________________________________________________________________
dense_1 (Dense)              (None, 64)                589888    
_________________________________________________________________
dense_2 (Dense)              (None, 1)                 65        
=================================================================
Total params: 677,077
Trainable params: 677,075
Non-trainable params: 2
_________________________________________________________________
         acc      loss   val_acc  val_loss
0   0.797974  0.483793  0.812622  0.414147
1   0.905762  0.263435  0.780884  0.463799
2   0.926025  0.214419  0.865601  0.317874
3   0.937256  0.187210  0.921021  0.218265
4   0.932495  0.215683  0.942627  0.180251
5   0.947510  0.160884  0.872437  0.330691
6   0.956177  0.139454  0.925659  0.216179
7   0.956299  0.147935  0.952271  0.155672
8   0.959717  0.135680  0.953125  0.149312
9   0.963745  0.126885  0.944458  0.166550
10  0.958252  0.142118  0.890137  0.270175
11  0.961792  0.133211  0.958984  0.140599
12  0.959106  0.138418  0.924194  0.178586
13  0.964966  0.122642  0.866943  0.367846
14  0.962646  0.128736  0.901245  0.284446
15  0.958862  0.135299  0.891113  0.253410
16  0.963745  0.126282  0.931885  0.158970
17  0.858032  1.369691  0.588257  6.601624
18  0.520264  7.778967  0.499146  8.125704
19  0.496948  8.158807  0.490356  8.262997
20  0.491577  8.241645  0.503540  8.047266
21  0.500732  8.091166  0.496704  8.154808
22  0.502808  8.055280  0.495972  8.164353
23  0.495239  8.175147  0.495605  8.168262
24  0.485107  8.336561  0.502930  8.048412
25  0.491943  8.224661  0.497070  8.141210
26  0.500977  8.077481  0.496216  8.153460
27  0.501221  8.072074  0.497192  8.136295
28  0.502197  8.054950  0.489014  8.266775
29  0.500244  8.085119  0.509888  7.929045
30  0.500000  8.087799  0.493774  8.187530
31  0.503174  8.035434  0.509155  7.938430

2018-01-31 17:55:25.489641 Finish.
Total elapsed time: 03:43:26.49.
