2017-08-25 01:04:54.423886: W tensorflow/core/platform/cpu_feature_guard.cc:45] The TensorFlow library wasn't compiled to use SSE4.1 instructions, but these are available on your machine and could speed up CPU computations.
2017-08-25 01:04:54.424170: W tensorflow/core/platform/cpu_feature_guard.cc:45] The TensorFlow library wasn't compiled to use SSE4.2 instructions, but these are available on your machine and could speed up CPU computations.
2017-08-25 01:04:54.424185: W tensorflow/core/platform/cpu_feature_guard.cc:45] The TensorFlow library wasn't compiled to use AVX instructions, but these are available on your machine and could speed up CPU computations.
Using TensorFlow backend.
2017-08-25 01:04:49.208857 Start.
Training Salamon's ICASSP 2017 convnet on BirdVox-70k. 
Training set: unit10, unit01, unit02.
Validation set: unit03, unit05.
Test set: unit07.

h5py version: 2.6.0
keras version: 2.0.6
numpy version: 1.13.1
pandas version: 0.20.3
pescador version: 1.0.0
tensorflow version: 1.2.1

_________________________________________________________________
Layer (type)                 Output Shape              Param #   
=================================================================
input_1 (InputLayer)         (None, 128, 104, 1)       0         
_________________________________________________________________
batch_normalization_1 (Batch (None, 128, 104, 1)       4         
_________________________________________________________________
conv2d_1 (Conv2D)            (None, 128, 104, 24)      624       
_________________________________________________________________
max_pooling2d_1 (MaxPooling2 (None, 64, 26, 24)        0         
_________________________________________________________________
conv2d_2 (Conv2D)            (None, 64, 26, 48)        28848     
_________________________________________________________________
max_pooling2d_2 (MaxPooling2 (None, 32, 6, 48)         0         
_________________________________________________________________
conv2d_3 (Conv2D)            (None, 32, 6, 48)         57648     
_________________________________________________________________
flatten_1 (Flatten)          (None, 9216)              0         
_________________________________________________________________
dense_1 (Dense)              (None, 64)                589888    
_________________________________________________________________
dense_2 (Dense)              (None, 1)                 65        
=================================================================
Total params: 677,077
Trainable params: 677,075
Non-trainable params: 2
_________________________________________________________________
         acc      loss   val_acc  val_loss
0   0.715088  0.646806  0.744141  0.569193
1   0.863770  0.344965  0.898926  0.298691
2   0.909912  0.264163  0.917603  0.238546
3   0.919556  0.238087  0.902588  0.258705
4   0.937012  0.199657  0.863403  0.346892
5   0.934326  0.201570  0.902710  0.253035
6   0.940186  0.179647  0.950317  0.169620
7   0.942261  0.187934  0.908203  0.248970
8   0.941284  0.189831  0.901978  0.276282
9   0.944214  0.179063  0.937256  0.178676
10  0.949341  0.162798  0.933105  0.193383
11  0.952759  0.153698  0.937134  0.177216
12  0.943359  0.190325  0.904297  0.316616
13  0.951172  0.167391  0.954224  0.195642
14  0.948853  0.169647  0.924683  0.200549
15  0.953735  0.165291  0.962158  0.149381
16  0.953613  0.153668  0.960449  0.146920
17  0.778687  1.826450  0.551147  7.293780
18  0.525391  7.706050  0.547852  7.339537
19  0.533447  7.571225  0.552612  7.256595
20  0.546021  7.296709  0.524048  7.639966
21  0.544922  7.303325  0.521851  7.670112
22  0.545776  7.286097  0.512085  7.823630
23  0.543701  7.316636  0.527222  7.577860
24  0.550171  7.210695  0.525391  7.600471
25  0.566650  6.967604  0.530396  7.579889
26  0.593628  6.554832  0.534546  7.507526
27  0.606567  6.375050  0.574707  6.905983
28  0.594116  6.566476  0.510254  7.898455
29  0.530640  7.570266  0.510742  7.886445
30  0.537720  7.453761  0.509033  7.910219
31  0.541016  7.398032  0.503174  8.000954

2017-08-25 05:31:06.258214 Finish.
Total elapsed time: 04:26:17.26.
