2018-01-31 14:12:07.246205: W tensorflow/core/platform/cpu_feature_guard.cc:45] The TensorFlow library wasn't compiled to use SSE4.1 instructions, but these are available on your machine and could speed up CPU computations.
2018-01-31 14:12:07.246414: W tensorflow/core/platform/cpu_feature_guard.cc:45] The TensorFlow library wasn't compiled to use SSE4.2 instructions, but these are available on your machine and could speed up CPU computations.
2018-01-31 14:12:07.246426: W tensorflow/core/platform/cpu_feature_guard.cc:45] The TensorFlow library wasn't compiled to use AVX instructions, but these are available on your machine and could speed up CPU computations.
Using TensorFlow backend.
2018-01-31 14:12:03.743076 Start.
Training Salamon's ICASSP 2017 convnet on BirdVox-70k. 
Training set: unit03, unit05, unit07.
Validation set: unit10, unit01.
Test set: unit02.

h5py version: 2.6.0
keras version: 2.0.6
numpy version: 1.13.1
pandas version: 0.20.3
pescador version: 1.0.0
tensorflow version: 1.2.1

_________________________________________________________________
Layer (type)                 Output Shape              Param #   
=================================================================
input_1 (InputLayer)         (None, 128, 104, 1)       0         
_________________________________________________________________
batch_normalization_1 (Batch (None, 128, 104, 1)       4         
_________________________________________________________________
conv2d_1 (Conv2D)            (None, 128, 104, 24)      624       
_________________________________________________________________
max_pooling2d_1 (MaxPooling2 (None, 64, 26, 24)        0         
_________________________________________________________________
conv2d_2 (Conv2D)            (None, 64, 26, 48)        28848     
_________________________________________________________________
max_pooling2d_2 (MaxPooling2 (None, 32, 6, 48)         0         
_________________________________________________________________
conv2d_3 (Conv2D)            (None, 32, 6, 48)         57648     
_________________________________________________________________
flatten_1 (Flatten)          (None, 9216)              0         
_________________________________________________________________
dense_1 (Dense)              (None, 64)                589888    
_________________________________________________________________
dense_2 (Dense)              (None, 1)                 65        
=================================================================
Total params: 677,077
Trainable params: 677,075
Non-trainable params: 2
_________________________________________________________________
         acc      loss   val_acc  val_loss
0   0.833008  0.754149  0.762329  0.474218
1   0.931519  0.220487  0.650635  0.735558
2   0.958740  0.152090  0.821289  0.450180
3   0.965698  0.129587  0.796509  0.540149
4   0.966553  0.128929  0.751587  0.605565
5   0.971558  0.107230  0.777222  0.478118
6   0.973389  0.108431  0.790039  0.813370
7   0.974487  0.104283  0.786133  0.642239
8   0.976074  0.095210  0.770752  0.868622
9   0.977417  0.093256  0.815430  0.616089
10  0.980957  0.079356  0.820923  0.469143
11  0.976318  0.094779  0.808228  0.683934
12  0.975952  0.091432  0.797729  0.985201
13  0.979126  0.081902  0.823364  0.410235
14  0.977783  0.090942  0.784546  1.887508
15  0.979736  0.085727  0.817139  0.679406
16  0.977295  0.087639  0.792358  0.661420
17  0.977295  0.087879  0.789551  0.782569
18  0.972656  0.117863  0.839111  0.453749
19  0.976440  0.123436  0.815796  0.443725
20  0.979736  0.091569  0.821899  0.619966
21  0.982666  0.080351  0.826782  0.487772
22  0.976807  0.109646  0.817993  0.414708
23  0.983765  0.075677  0.798950  0.473726
24  0.983154  0.074764  0.841309  0.474102
25  0.984863  0.072796  0.845337  0.457616
26  0.981323  0.075624  0.853516  0.632822
27  0.681519  5.042833  0.492065  8.153583
28  0.498413  8.046588  0.488281  8.203572
29  0.508667  7.875365  0.508423  7.876391
30  0.507935  7.881842  0.494873  8.087908
31  0.492798  8.119129  0.497559  8.041467

2018-01-31 17:49:50.667875 Finish.
Total elapsed time: 03:37:47.67.
