2017-08-25 01:27:59.702685: W tensorflow/core/platform/cpu_feature_guard.cc:45] The TensorFlow library wasn't compiled to use SSE4.1 instructions, but these are available on your machine and could speed up CPU computations.
2017-08-25 01:27:59.703009: W tensorflow/core/platform/cpu_feature_guard.cc:45] The TensorFlow library wasn't compiled to use SSE4.2 instructions, but these are available on your machine and could speed up CPU computations.
2017-08-25 01:27:59.703022: W tensorflow/core/platform/cpu_feature_guard.cc:45] The TensorFlow library wasn't compiled to use AVX instructions, but these are available on your machine and could speed up CPU computations.
Using TensorFlow backend.
2017-08-25 01:27:49.798783 Start.
Training Salamon's ICASSP 2017 convnet on BirdVox-70k. 
Training set: unit02, unit03, unit05.
Validation set: unit07, unit10.
Test set: unit01.

h5py version: 2.6.0
keras version: 2.0.6
numpy version: 1.13.1
pandas version: 0.20.3
pescador version: 1.0.0
tensorflow version: 1.2.1

_________________________________________________________________
Layer (type)                 Output Shape              Param #   
=================================================================
input_1 (InputLayer)         (None, 128, 104, 1)       0         
_________________________________________________________________
batch_normalization_1 (Batch (None, 128, 104, 1)       4         
_________________________________________________________________
conv2d_1 (Conv2D)            (None, 128, 104, 24)      624       
_________________________________________________________________
max_pooling2d_1 (MaxPooling2 (None, 64, 26, 24)        0         
_________________________________________________________________
conv2d_2 (Conv2D)            (None, 64, 26, 48)        28848     
_________________________________________________________________
max_pooling2d_2 (MaxPooling2 (None, 32, 6, 48)         0         
_________________________________________________________________
conv2d_3 (Conv2D)            (None, 32, 6, 48)         57648     
_________________________________________________________________
flatten_1 (Flatten)          (None, 9216)              0         
_________________________________________________________________
dense_1 (Dense)              (None, 64)                589888    
_________________________________________________________________
dense_2 (Dense)              (None, 1)                 65        
=================================================================
Total params: 677,077
Trainable params: 677,075
Non-trainable params: 2
_________________________________________________________________
         acc      loss   val_acc  val_loss
0   0.808716  0.526917  0.774170  0.676007
1   0.898193  0.304090  0.715576  0.872371
2   0.936157  0.205850  0.669434  0.948815
3   0.920288  0.296081  0.578735  1.047770
4   0.571045  6.687259  0.509033  7.949473
5   0.504761  8.015546  0.500244  8.084658
6   0.499146  8.058137  0.490601  8.183774
7   0.507202  7.911576  0.504883  7.941986
8   0.496338  8.073016  0.496216  8.070195
9   0.501831  7.976684  0.512817  7.797816
10  0.499756  8.002867  0.492065  8.122486
11  0.492554  8.112127  0.503662  7.932609
12  0.508301  7.856560  0.493286  8.093954
13  0.493286  8.092244  0.502563  7.942733
14  0.498291  8.009458  0.495361  8.054860
15  0.500366  7.973948  0.509277  7.830832
16  0.503052  7.929183  0.497559  8.015916
17  0.500122  7.974332  0.507935  7.849115
18  0.497559  8.013969  0.507080  7.861650
19  0.503662  7.915700  0.504028  7.909454
20  0.494629  8.058963  0.504883  7.895178
21  0.509033  7.828751  0.503906  7.910248
22  0.502808  7.927567  0.505859  7.878735
23  0.503662  7.913618  0.504150  7.905700
24  0.502197  7.936730  0.498657  7.993069
25  0.508301  7.839250  0.503052  7.922861
26  0.497437  8.012326  0.493286  8.078443
27  0.497803  8.006399  0.498413  7.996634
28  0.500488  7.963523  0.508179  7.840896
29  0.494629  8.056894  0.507324  7.854485
30  0.506836  7.862257  0.496826  8.021827
31  0.495117  8.049064  0.492310  8.082998

2017-08-25 05:53:40.164984 Finish.
Total elapsed time: 04:25:51.17.
