2018-01-31 14:12:06.844964: W tensorflow/core/platform/cpu_feature_guard.cc:45] The TensorFlow library wasn't compiled to use SSE4.1 instructions, but these are available on your machine and could speed up CPU computations.
2018-01-31 14:12:06.845190: W tensorflow/core/platform/cpu_feature_guard.cc:45] The TensorFlow library wasn't compiled to use SSE4.2 instructions, but these are available on your machine and could speed up CPU computations.
2018-01-31 14:12:06.845203: W tensorflow/core/platform/cpu_feature_guard.cc:45] The TensorFlow library wasn't compiled to use AVX instructions, but these are available on your machine and could speed up CPU computations.
Using TensorFlow backend.
2018-01-31 14:12:02.642085 Start.
Training Salamon's ICASSP 2017 convnet on BirdVox-70k. 
Training set: unit07, unit10, unit01.
Validation set: unit02, unit03.
Test set: unit05.

h5py version: 2.6.0
keras version: 2.0.6
numpy version: 1.13.1
pandas version: 0.20.3
pescador version: 1.0.0
tensorflow version: 1.2.1

_________________________________________________________________
Layer (type)                 Output Shape              Param #   
=================================================================
input_1 (InputLayer)         (None, 128, 104, 1)       0         
_________________________________________________________________
batch_normalization_1 (Batch (None, 128, 104, 1)       4         
_________________________________________________________________
conv2d_1 (Conv2D)            (None, 128, 104, 24)      624       
_________________________________________________________________
max_pooling2d_1 (MaxPooling2 (None, 64, 26, 24)        0         
_________________________________________________________________
conv2d_2 (Conv2D)            (None, 64, 26, 48)        28848     
_________________________________________________________________
max_pooling2d_2 (MaxPooling2 (None, 32, 6, 48)         0         
_________________________________________________________________
conv2d_3 (Conv2D)            (None, 32, 6, 48)         57648     
_________________________________________________________________
flatten_1 (Flatten)          (None, 9216)              0         
_________________________________________________________________
dense_1 (Dense)              (None, 64)                589888    
_________________________________________________________________
dense_2 (Dense)              (None, 1)                 65        
=================================================================
Total params: 677,077
Trainable params: 677,075
Non-trainable params: 2
_________________________________________________________________
         acc      loss   val_acc  val_loss
0   0.785034  0.817539  0.740112  0.922526
1   0.907471  0.279216  0.855591  0.530747
2   0.935913  0.216457  0.893677  0.495119
3   0.938843  0.199840  0.869751  0.925818
4   0.950684  0.180465  0.928223  0.382418
5   0.950195  0.173125  0.895142  0.618941
6   0.956909  0.157468  0.934448  0.361308
7   0.952881  0.164068  0.915283  0.509220
8   0.955078  0.168082  0.944580  0.284496
9   0.954590  0.157936  0.947632  0.213362
10  0.958984  0.159705  0.915161  0.442027
11  0.957031  0.149288  0.943848  0.265719
12  0.959351  0.147869  0.910889  0.565092
13  0.962280  0.131183  0.946533  0.253926
14  0.963501  0.131428  0.957764  0.160622
15  0.960327  0.141752  0.917114  0.430532
16  0.961182  0.131881  0.942993  0.276970
17  0.957520  0.147667  0.936401  0.324547
18  0.963745  0.120486  0.915161  0.558661
19  0.968018  0.115843  0.953979  0.220882
20  0.959595  0.140182  0.954224  0.211830
21  0.964111  0.136992  0.937500  0.316380
22  0.963013  0.137025  0.936523  0.361679
23  0.961060  0.143611  0.937500  0.402702
24  0.963501  0.129991  0.944824  0.389445
25  0.963013  0.132039  0.953003  0.206589
26  0.962158  0.138105  0.929810  0.402919
27  0.878784  1.236022  0.509033  7.958501
28  0.499268  8.109537  0.491821  8.224597
29  0.504272  8.020540  0.493652  8.188740
30  0.503662  8.025021  0.504150  8.014959
31  0.507080  7.965882  0.502441  8.038907

2018-01-31 17:57:22.586548 Finish.
Total elapsed time: 03:45:20.59.
