2017-08-25 05:50:12.301411: W tensorflow/core/platform/cpu_feature_guard.cc:45] The TensorFlow library wasn't compiled to use SSE4.1 instructions, but these are available on your machine and could speed up CPU computations.
2017-08-25 05:50:12.301648: W tensorflow/core/platform/cpu_feature_guard.cc:45] The TensorFlow library wasn't compiled to use SSE4.2 instructions, but these are available on your machine and could speed up CPU computations.
2017-08-25 05:50:12.301663: W tensorflow/core/platform/cpu_feature_guard.cc:45] The TensorFlow library wasn't compiled to use AVX instructions, but these are available on your machine and could speed up CPU computations.
Using TensorFlow backend.
2017-08-25 05:50:11.339308 Start.
Training Salamon's ICASSP 2017 convnet on BirdVox-70k. 
Training set: unit01, unit02, unit03.
Validation set: unit05, unit07.
Test set: unit10.

h5py version: 2.6.0
keras version: 2.0.6
numpy version: 1.13.1
pandas version: 0.20.3
pescador version: 1.0.0
tensorflow version: 1.2.1

_________________________________________________________________
Layer (type)                 Output Shape              Param #   
=================================================================
input_1 (InputLayer)         (None, 128, 104, 1)       0         
_________________________________________________________________
batch_normalization_1 (Batch (None, 128, 104, 1)       4         
_________________________________________________________________
conv2d_1 (Conv2D)            (None, 128, 104, 24)      624       
_________________________________________________________________
max_pooling2d_1 (MaxPooling2 (None, 64, 26, 24)        0         
_________________________________________________________________
conv2d_2 (Conv2D)            (None, 64, 26, 48)        28848     
_________________________________________________________________
max_pooling2d_2 (MaxPooling2 (None, 32, 6, 48)         0         
_________________________________________________________________
conv2d_3 (Conv2D)            (None, 32, 6, 48)         57648     
_________________________________________________________________
flatten_1 (Flatten)          (None, 9216)              0         
_________________________________________________________________
dense_1 (Dense)              (None, 64)                589888    
_________________________________________________________________
dense_2 (Dense)              (None, 1)                 65        
=================================================================
Total params: 677,077
Trainable params: 677,075
Non-trainable params: 2
_________________________________________________________________
         acc      loss   val_acc  val_loss
0   0.805664  1.084046  0.754761  0.502552
1   0.913940  0.276458  0.671997  1.212603
2   0.938843  0.195253  0.816284  0.411832
3   0.948730  0.167799  0.773560  0.772166
4   0.943848  0.183634  0.788330  0.479211
5   0.951782  0.153652  0.723022  0.792959
6   0.955322  0.145144  0.828857  0.367727
7   0.962769  0.118987  0.894043  0.264076
8   0.962646  0.115423  0.907593  0.229750
9   0.957642  0.139496  0.818726  0.404154
10  0.967896  0.105683  0.819214  0.387895
11  0.968018  0.104420  0.837769  0.327149
12  0.971313  0.101454  0.915894  0.239669
13  0.966919  0.096203  0.875366  0.234486
14  0.967529  0.106107  0.903076  0.238892
15  0.968628  0.093276  0.845947  0.288467
16  0.972412  0.090824  0.863647  0.307794
17  0.974243  0.088691  0.854004  0.420199
18  0.974121  0.090271  0.942505  0.165424
19  0.593994  6.385827  0.505981  7.894896
20  0.502930  7.941258  0.505615  7.896540
21  0.515625  7.735532  0.500244  7.979446
22  0.500488  7.974482  0.503540  7.924832
23  0.499634  7.986249  0.502319  7.942625
24  0.498901  7.996407  0.495361  8.052170
25  0.491211  8.117742  0.504395  7.906997
26  0.506226  7.877303  0.514526  7.744488
27  0.494751  8.059328  0.488403  8.160117
28  0.499634  7.980714  0.492432  8.095187
29  0.507812  7.849672  0.492065  8.100425
30  0.497559  8.012591  0.491699  8.105757
31  0.508301  7.840870  0.497070  8.019703

2017-08-25 10:11:10.629854 Finish.
Total elapsed time: 04:20:59.63.
