2018-01-31 14:12:08.346743: W tensorflow/core/platform/cpu_feature_guard.cc:45] The TensorFlow library wasn't compiled to use SSE4.1 instructions, but these are available on your machine and could speed up CPU computations.
2018-01-31 14:12:08.347022: W tensorflow/core/platform/cpu_feature_guard.cc:45] The TensorFlow library wasn't compiled to use SSE4.2 instructions, but these are available on your machine and could speed up CPU computations.
2018-01-31 14:12:08.347035: W tensorflow/core/platform/cpu_feature_guard.cc:45] The TensorFlow library wasn't compiled to use AVX instructions, but these are available on your machine and could speed up CPU computations.
Using TensorFlow backend.
2018-01-31 14:11:59.559583 Start.
Training Salamon's ICASSP 2017 convnet on BirdVox-70k. 
Training set: unit02, unit03, unit05.
Validation set: unit07, unit10.
Test set: unit01.

h5py version: 2.6.0
keras version: 2.0.6
numpy version: 1.13.1
pandas version: 0.20.3
pescador version: 1.0.0
tensorflow version: 1.2.1

_________________________________________________________________
Layer (type)                 Output Shape              Param #   
=================================================================
input_1 (InputLayer)         (None, 128, 104, 1)       0         
_________________________________________________________________
batch_normalization_1 (Batch (None, 128, 104, 1)       4         
_________________________________________________________________
conv2d_1 (Conv2D)            (None, 128, 104, 24)      624       
_________________________________________________________________
max_pooling2d_1 (MaxPooling2 (None, 64, 26, 24)        0         
_________________________________________________________________
conv2d_2 (Conv2D)            (None, 64, 26, 48)        28848     
_________________________________________________________________
max_pooling2d_2 (MaxPooling2 (None, 32, 6, 48)         0         
_________________________________________________________________
conv2d_3 (Conv2D)            (None, 32, 6, 48)         57648     
_________________________________________________________________
flatten_1 (Flatten)          (None, 9216)              0         
_________________________________________________________________
dense_1 (Dense)              (None, 64)                589888    
_________________________________________________________________
dense_2 (Dense)              (None, 1)                 65        
=================================================================
Total params: 677,077
Trainable params: 677,075
Non-trainable params: 2
_________________________________________________________________
         acc      loss   val_acc  val_loss
0   0.828247  0.532250  0.845581  0.562345
1   0.920532  0.233313  0.753662  0.867780
2   0.951050  0.157545  0.878906  0.343107
3   0.962402  0.123876  0.945557  0.190512
4   0.968018  0.116948  0.882935  0.281162
5   0.972778  0.098771  0.933838  0.216922
6   0.963135  0.127378  0.860474  0.323543
7   0.972046  0.103410  0.950195  0.178633
8   0.973389  0.098588  0.835449  0.411042
9   0.977295  0.086141  0.970215  0.126188
10  0.976807  0.092875  0.935669  0.179325
11  0.979004  0.081078  0.952515  0.179212
12  0.975708  0.096414  0.944336  0.193682
13  0.978027  0.090081  0.928955  0.310090
14  0.975342  0.106040  0.892090  0.291640
15  0.979858  0.088202  0.849121  0.460314
16  0.977661  0.095405  0.960083  0.149931
17  0.978516  0.086754  0.967163  0.194448
18  0.982666  0.077638  0.963257  0.166087
19  0.962646  0.122641  0.947388  0.331143
20  0.967773  0.118074  0.965942  0.204236
21  0.605591  5.730470  0.508057  7.888888
22  0.495972  8.077377  0.492432  8.130157
23  0.510620  7.837266  0.499756  8.007769
24  0.495605  8.071639  0.498413  8.024719
25  0.494263  8.089000  0.500488  7.987958
26  0.507202  7.879339  0.497681  8.029624
27  0.500732  7.979625  0.504517  7.918009
28  0.504517  7.916857  0.498413  8.013059
29  0.502197  7.951741  0.501831  7.956631
30  0.491943  8.113413  0.496826  8.034753
31  0.505493  7.895845  0.508423  7.848434

2018-01-31 17:51:16.011774 Finish.
Total elapsed time: 03:39:17.01.
