2017-08-24 20:42:21.680463: W tensorflow/core/platform/cpu_feature_guard.cc:45] The TensorFlow library wasn't compiled to use SSE4.1 instructions, but these are available on your machine and could speed up CPU computations.
2017-08-24 20:42:21.680712: W tensorflow/core/platform/cpu_feature_guard.cc:45] The TensorFlow library wasn't compiled to use SSE4.2 instructions, but these are available on your machine and could speed up CPU computations.
2017-08-24 20:42:21.680726: W tensorflow/core/platform/cpu_feature_guard.cc:45] The TensorFlow library wasn't compiled to use AVX instructions, but these are available on your machine and could speed up CPU computations.
Using TensorFlow backend.
2017-08-24 20:42:01.608842 Start.
Training Salamon's ICASSP 2017 convnet on BirdVox-70k. 
Training set: unit05, unit07, unit10.
Validation set: unit01, unit02.
Test set: unit03.

h5py version: 2.6.0
keras version: 2.0.6
numpy version: 1.13.1
pandas version: 0.20.3
pescador version: 1.0.0
tensorflow version: 1.2.1

_________________________________________________________________
Layer (type)                 Output Shape              Param #   
=================================================================
input_1 (InputLayer)         (None, 128, 104, 1)       0         
_________________________________________________________________
batch_normalization_1 (Batch (None, 128, 104, 1)       4         
_________________________________________________________________
conv2d_1 (Conv2D)            (None, 128, 104, 24)      624       
_________________________________________________________________
max_pooling2d_1 (MaxPooling2 (None, 64, 26, 24)        0         
_________________________________________________________________
conv2d_2 (Conv2D)            (None, 64, 26, 48)        28848     
_________________________________________________________________
max_pooling2d_2 (MaxPooling2 (None, 32, 6, 48)         0         
_________________________________________________________________
conv2d_3 (Conv2D)            (None, 32, 6, 48)         57648     
_________________________________________________________________
flatten_1 (Flatten)          (None, 9216)              0         
_________________________________________________________________
dense_1 (Dense)              (None, 64)                589888    
_________________________________________________________________
dense_2 (Dense)              (None, 1)                 65        
=================================================================
Total params: 677,077
Trainable params: 677,075
Non-trainable params: 2
_________________________________________________________________
         acc      loss   val_acc  val_loss
0   0.786011  1.619040  0.716919  0.727452
1   0.912598  0.268183  0.700684  0.880333
2   0.947876  0.176424  0.726807  0.979849
3   0.959839  0.150691  0.746094  0.852109
4   0.965820  0.132922  0.748779  0.895355
5   0.963989  0.128061  0.756104  1.251065
6   0.965942  0.135005  0.770142  0.810696
7   0.970337  0.121418  0.765503  0.738550
8   0.970947  0.116206  0.787231  0.932494
9   0.971436  0.107367  0.776123  0.651331
10  0.975464  0.094487  0.797852  0.806352
11  0.971313  0.105562  0.820801  0.553388
12  0.970215  0.108126  0.767456  1.146438
13  0.973999  0.100818  0.789062  1.079996
14  0.974365  0.096687  0.796509  0.776780
15  0.974731  0.098901  0.815674  0.576839
16  0.973511  0.093751  0.806152  0.739661
17  0.971436  0.098873  0.766235  0.727102
18  0.976318  0.093093  0.809448  0.705814
19  0.975098  0.092032  0.798950  0.765955
20  0.971558  0.103675  0.806763  0.417206
21  0.977051  0.086578  0.817627  0.659912
22  0.979370  0.081442  0.793579  0.995273
23  0.973389  0.114669  0.816650  0.562681
24  0.975220  0.092437  0.798340  0.672986
25  0.976196  0.095717  0.792358  0.777955
26  0.978882  0.087307  0.771362  0.821716
27  0.981201  0.078039  0.806396  0.915421
28  0.590942  5.972115  0.496948  8.042801
29  0.502808  7.947616  0.495605  8.060844
30  0.501465  7.966103  0.506958  7.877280
31  0.488403  8.171986  0.498901  8.003570

2017-08-25 01:07:28.378288 Finish.
Total elapsed time: 04:25:27.38.
