2017-08-25 01:27:58.346708: W tensorflow/core/platform/cpu_feature_guard.cc:45] The TensorFlow library wasn't compiled to use SSE4.1 instructions, but these are available on your machine and could speed up CPU computations.
2017-08-25 01:27:58.347041: W tensorflow/core/platform/cpu_feature_guard.cc:45] The TensorFlow library wasn't compiled to use SSE4.2 instructions, but these are available on your machine and could speed up CPU computations.
2017-08-25 01:27:58.347055: W tensorflow/core/platform/cpu_feature_guard.cc:45] The TensorFlow library wasn't compiled to use AVX instructions, but these are available on your machine and could speed up CPU computations.
Using TensorFlow backend.
2017-08-25 01:27:50.536682 Start.
Training Salamon's ICASSP 2017 convnet on BirdVox-70k. 
Training set: unit01, unit02, unit03.
Validation set: unit05, unit07.
Test set: unit10.

h5py version: 2.6.0
keras version: 2.0.6
numpy version: 1.13.1
pandas version: 0.20.3
pescador version: 1.0.0
tensorflow version: 1.2.1

_________________________________________________________________
Layer (type)                 Output Shape              Param #   
=================================================================
input_1 (InputLayer)         (None, 128, 104, 1)       0         
_________________________________________________________________
batch_normalization_1 (Batch (None, 128, 104, 1)       4         
_________________________________________________________________
conv2d_1 (Conv2D)            (None, 128, 104, 24)      624       
_________________________________________________________________
max_pooling2d_1 (MaxPooling2 (None, 64, 26, 24)        0         
_________________________________________________________________
conv2d_2 (Conv2D)            (None, 64, 26, 48)        28848     
_________________________________________________________________
max_pooling2d_2 (MaxPooling2 (None, 32, 6, 48)         0         
_________________________________________________________________
conv2d_3 (Conv2D)            (None, 32, 6, 48)         57648     
_________________________________________________________________
flatten_1 (Flatten)          (None, 9216)              0         
_________________________________________________________________
dense_1 (Dense)              (None, 64)                589888    
_________________________________________________________________
dense_2 (Dense)              (None, 1)                 65        
=================================================================
Total params: 677,077
Trainable params: 677,075
Non-trainable params: 2
_________________________________________________________________
         acc      loss   val_acc  val_loss
0   0.769165  0.625996  0.782715  0.574807
1   0.892212  0.306432  0.868286  0.346560
2   0.921509  0.228026  0.847168  0.346195
3   0.931274  0.208602  0.906372  0.248478
4   0.937378  0.189936  0.926758  0.228125
5   0.941772  0.180889  0.895386  0.273971
6   0.947266  0.160208  0.932617  0.215048
7   0.950928  0.152760  0.886963  0.279121
8   0.950806  0.155436  0.940063  0.181400
9   0.952881  0.151963  0.915894  0.205919
10  0.958130  0.136258  0.944092  0.170279
11  0.956177  0.141051  0.885010  0.265617
12  0.961304  0.124712  0.918213  0.202068
13  0.956665  0.138656  0.937988  0.182664
14  0.960938  0.125986  0.857544  0.318209
15  0.959839  0.138987  0.883911  0.242361
16  0.960815  0.128462  0.889160  0.215986
17  0.944824  0.187353  0.893188  0.219885
18  0.960693  0.139966  0.897827  0.210854
19  0.963379  0.126017  0.904175  0.235490
20  0.834106  0.316490  0.836548  0.312409
21  0.951538  0.168806  0.947388  0.292844
22  0.532837  7.536360  0.504639  8.029655
23  0.499268  8.113513  0.499268  8.111005
24  0.500000  8.097013  0.492065  8.222808
25  0.489136  8.268124  0.502319  8.053782
26  0.497803  8.124873  0.500732  8.075988
27  0.504639  8.011477  0.496948  8.133917
28  0.495850  8.150209  0.504395  8.011097
29  0.498779  8.100309  0.501953  8.047886
30  0.497314  8.121469  0.497070  8.124246
31  0.492798  8.192031  0.502686  8.031605

2017-08-25 05:54:11.693938 Finish.
Total elapsed time: 04:26:21.69.
