2018-01-31 14:12:08.846064: W tensorflow/core/platform/cpu_feature_guard.cc:45] The TensorFlow library wasn't compiled to use SSE4.1 instructions, but these are available on your machine and could speed up CPU computations.
2018-01-31 14:12:08.846335: W tensorflow/core/platform/cpu_feature_guard.cc:45] The TensorFlow library wasn't compiled to use SSE4.2 instructions, but these are available on your machine and could speed up CPU computations.
2018-01-31 14:12:08.846347: W tensorflow/core/platform/cpu_feature_guard.cc:45] The TensorFlow library wasn't compiled to use AVX instructions, but these are available on your machine and could speed up CPU computations.
Using TensorFlow backend.
2018-01-31 14:12:00.203872 Start.
Training Salamon's ICASSP 2017 convnet on BirdVox-70k. 
Training set: unit02, unit03, unit05.
Validation set: unit07, unit10.
Test set: unit01.

h5py version: 2.6.0
keras version: 2.0.6
numpy version: 1.13.1
pandas version: 0.20.3
pescador version: 1.0.0
tensorflow version: 1.2.1

_________________________________________________________________
Layer (type)                 Output Shape              Param #   
=================================================================
input_1 (InputLayer)         (None, 128, 104, 1)       0         
_________________________________________________________________
batch_normalization_1 (Batch (None, 128, 104, 1)       4         
_________________________________________________________________
conv2d_1 (Conv2D)            (None, 128, 104, 24)      624       
_________________________________________________________________
max_pooling2d_1 (MaxPooling2 (None, 64, 26, 24)        0         
_________________________________________________________________
conv2d_2 (Conv2D)            (None, 64, 26, 48)        28848     
_________________________________________________________________
max_pooling2d_2 (MaxPooling2 (None, 32, 6, 48)         0         
_________________________________________________________________
conv2d_3 (Conv2D)            (None, 32, 6, 48)         57648     
_________________________________________________________________
flatten_1 (Flatten)          (None, 9216)              0         
_________________________________________________________________
dense_1 (Dense)              (None, 64)                589888    
_________________________________________________________________
dense_2 (Dense)              (None, 1)                 65        
=================================================================
Total params: 677,077
Trainable params: 677,075
Non-trainable params: 2
_________________________________________________________________
         acc      loss   val_acc  val_loss
0   0.858643  0.423989  0.748047  0.431892
1   0.920410  0.224960  0.738892  0.506993
2   0.947144  0.161256  0.846313  0.290341
3   0.961304  0.126624  0.923096  0.216718
4   0.962646  0.130909  0.927368  0.219714
5   0.974365  0.099196  0.916382  0.205572
6   0.964722  0.184262  0.907471  0.230198
7   0.976440  0.095576  0.944458  0.203545
8   0.976562  0.095518  0.890259  0.228285
9   0.914795  0.367660  0.633911  0.695495
10  0.505005  7.527214  0.503540  8.034234
11  0.500854  8.073568  0.496094  8.147000
12  0.493164  8.191786  0.502319  8.042039
13  0.502319  8.040269  0.495972  8.140943
14  0.515747  7.820803  0.496094  8.136260
15  0.498901  8.089853  0.493286  8.179261
16  0.501709  8.042523  0.506714  7.960919
17  0.501709  8.040750  0.499756  8.071427
18  0.497803  8.102185  0.494263  8.158551
19  0.514160  7.837221  0.501709  8.037314
20  0.498047  8.095808  0.508911  7.920188
21  0.505493  7.974826  0.500366  8.057030
22  0.507080  7.948433  0.504150  7.995290
23  0.507080  7.947749  0.501221  8.041888
24  0.501709  8.033753  0.509033  7.915450
25  0.494019  8.157240  0.494751  8.145230
26  0.497559  8.099801  0.492676  8.178337
27  0.505127  7.977506  0.500000  8.060010
28  0.500366  8.053994  0.495728  8.128656
29  0.498657  8.081345  0.502686  8.016333
30  0.512695  7.854925  0.500977  8.043744
31  0.500610  8.049592  0.497192  8.104632

2018-01-31 17:58:17.984708 Finish.
Total elapsed time: 03:46:17.98.
