2018-01-31 14:12:08.065021: W tensorflow/core/platform/cpu_feature_guard.cc:45] The TensorFlow library wasn't compiled to use SSE4.1 instructions, but these are available on your machine and could speed up CPU computations.
2018-01-31 14:12:08.065252: W tensorflow/core/platform/cpu_feature_guard.cc:45] The TensorFlow library wasn't compiled to use SSE4.2 instructions, but these are available on your machine and could speed up CPU computations.
2018-01-31 14:12:08.065265: W tensorflow/core/platform/cpu_feature_guard.cc:45] The TensorFlow library wasn't compiled to use AVX instructions, but these are available on your machine and could speed up CPU computations.
2018-01-31 14:12:08.065270: W tensorflow/core/platform/cpu_feature_guard.cc:45] The TensorFlow library wasn't compiled to use AVX2 instructions, but these are available on your machine and could speed up CPU computations.
2018-01-31 14:12:08.065275: W tensorflow/core/platform/cpu_feature_guard.cc:45] The TensorFlow library wasn't compiled to use FMA instructions, but these are available on your machine and could speed up CPU computations.
Using TensorFlow backend.
2018-01-31 14:12:03.733063 Start.
Training Salamon's ICASSP 2017 convnet on BirdVox-70k. 
Training set: unit05, unit07, unit10.
Validation set: unit01, unit02.
Test set: unit03.

h5py version: 2.6.0
keras version: 2.0.6
numpy version: 1.13.1
pandas version: 0.20.3
pescador version: 1.0.0
tensorflow version: 1.2.1

_________________________________________________________________
Layer (type)                 Output Shape              Param #   
=================================================================
input_1 (InputLayer)         (None, 128, 104, 1)       0         
_________________________________________________________________
batch_normalization_1 (Batch (None, 128, 104, 1)       4         
_________________________________________________________________
conv2d_1 (Conv2D)            (None, 128, 104, 24)      624       
_________________________________________________________________
max_pooling2d_1 (MaxPooling2 (None, 64, 26, 24)        0         
_________________________________________________________________
conv2d_2 (Conv2D)            (None, 64, 26, 48)        28848     
_________________________________________________________________
max_pooling2d_2 (MaxPooling2 (None, 32, 6, 48)         0         
_________________________________________________________________
conv2d_3 (Conv2D)            (None, 32, 6, 48)         57648     
_________________________________________________________________
flatten_1 (Flatten)          (None, 9216)              0         
_________________________________________________________________
dense_1 (Dense)              (None, 64)                589888    
_________________________________________________________________
dense_2 (Dense)              (None, 1)                 65        
=================================================================
Total params: 677,077
Trainable params: 677,075
Non-trainable params: 2
_________________________________________________________________
         acc      loss   val_acc  val_loss
0   0.844727  0.581738  0.670532  1.243998
1   0.944824  0.191914  0.731567  1.947863
2   0.953735  0.164358  0.738159  1.094232
3   0.965820  0.137473  0.794434  0.641479
4   0.966187  0.130368  0.790161  1.025545
5   0.965698  0.130977  0.791870  0.951570
6   0.971558  0.116442  0.785156  0.962967
7   0.977295  0.109072  0.810059  0.743669
8   0.976685  0.100151  0.811646  0.588767
9   0.974487  0.103626  0.796021  1.001353
10  0.976685  0.097330  0.799316  1.004071
11  0.976196  0.108690  0.778442  1.091843
12  0.976929  0.086368  0.820435  0.566082
13  0.978516  0.089131  0.765869  1.223521
14  0.972656  0.108304  0.774902  1.115813
15  0.973022  0.115566  0.766968  1.084359
16  0.977539  0.107874  0.779785  1.216468
17  0.979858  0.094766  0.786621  0.971042
18  0.958740  0.172809  0.789551  1.133281
19  0.974731  0.105893  0.781128  1.252646
20  0.981201  0.084777  0.803223  1.258879
21  0.981934  0.085471  0.769653  2.532047
22  0.978638  0.094834  0.811157  0.842114
23  0.976196  0.094373  0.800049  1.124701
24  0.982422  0.077931  0.809204  0.818846
25  0.977295  0.109182  0.792969  0.968631
26  0.977905  0.098683  0.777832  1.090000
27  0.981323  0.090024  0.788818  1.067038
28  0.982056  0.076131  0.809570  0.912719
29  0.978760  0.096811  0.802856  1.366977
30  0.975098  0.106632  0.796875  1.801519
31  0.979004  0.099071  0.796875  1.132003

2018-01-31 17:54:02.179365 Finish.
Total elapsed time: 03:41:59.18.
