2018-01-31 14:12:06.910588: W tensorflow/core/platform/cpu_feature_guard.cc:45] The TensorFlow library wasn't compiled to use SSE4.1 instructions, but these are available on your machine and could speed up CPU computations.
2018-01-31 14:12:06.910878: W tensorflow/core/platform/cpu_feature_guard.cc:45] The TensorFlow library wasn't compiled to use SSE4.2 instructions, but these are available on your machine and could speed up CPU computations.
2018-01-31 14:12:06.910891: W tensorflow/core/platform/cpu_feature_guard.cc:45] The TensorFlow library wasn't compiled to use AVX instructions, but these are available on your machine and could speed up CPU computations.
Using TensorFlow backend.
2018-01-31 14:12:03.743078 Start.
Training Salamon's ICASSP 2017 convnet on BirdVox-70k. 
Training set: unit07, unit10, unit01.
Validation set: unit02, unit03.
Test set: unit05.

h5py version: 2.6.0
keras version: 2.0.6
numpy version: 1.13.1
pandas version: 0.20.3
pescador version: 1.0.0
tensorflow version: 1.2.1

_________________________________________________________________
Layer (type)                 Output Shape              Param #   
=================================================================
input_1 (InputLayer)         (None, 128, 104, 1)       0         
_________________________________________________________________
batch_normalization_1 (Batch (None, 128, 104, 1)       4         
_________________________________________________________________
conv2d_1 (Conv2D)            (None, 128, 104, 24)      624       
_________________________________________________________________
max_pooling2d_1 (MaxPooling2 (None, 64, 26, 24)        0         
_________________________________________________________________
conv2d_2 (Conv2D)            (None, 64, 26, 48)        28848     
_________________________________________________________________
max_pooling2d_2 (MaxPooling2 (None, 32, 6, 48)         0         
_________________________________________________________________
conv2d_3 (Conv2D)            (None, 32, 6, 48)         57648     
_________________________________________________________________
flatten_1 (Flatten)          (None, 9216)              0         
_________________________________________________________________
dense_1 (Dense)              (None, 64)                589888    
_________________________________________________________________
dense_2 (Dense)              (None, 1)                 65        
=================================================================
Total params: 677,077
Trainable params: 677,075
Non-trainable params: 2
_________________________________________________________________
         acc      loss   val_acc  val_loss
0   0.790649  0.592938  0.648804  1.853321
1   0.886108  0.329649  0.799438  0.607805
2   0.919800  0.245672  0.858276  0.620258
3   0.930054  0.219856  0.891357  0.438399
4   0.939575  0.195756  0.922485  0.311637
5   0.945557  0.181154  0.907349  0.400598
6   0.947876  0.166855  0.920166  0.378728
7   0.943848  0.183828  0.941040  0.232362
8   0.952515  0.158280  0.945557  0.224016
9   0.954712  0.157408  0.910889  0.519459
10  0.947388  0.169527  0.937500  0.256820
11  0.957520  0.149067  0.939941  0.206291
12  0.955811  0.155150  0.965088  0.153046
13  0.957520  0.150471  0.945435  0.209960
14  0.957397  0.157614  0.948242  0.189677
15  0.952271  0.160648  0.959473  0.144097
16  0.953125  0.155927  0.949585  0.189652
17  0.937134  0.204383  0.888062  0.579881
18  0.942261  0.192439  0.939941  0.244243
19  0.954346  0.165547  0.937256  0.370589
20  0.954590  0.148064  0.944336  0.234813
21  0.957031  0.152441  0.941162  0.218539
22  0.686401  3.837477  0.490723  8.265153
23  0.506104  8.009878  0.501465  8.078676
24  0.512939  7.889326  0.491821  8.225741
25  0.499023  8.106398  0.495117  8.166335
26  0.501709  8.057507  0.495605  8.153459
27  0.500488  8.072649  0.499756  8.082460
28  0.486938  8.287300  0.495483  8.147908
29  0.498657  8.095284  0.501709  8.044700
30  0.504883  7.992310  0.491211  8.211501
31  0.501343  8.047158  0.506958  7.955665

2018-01-31 17:49:49.228046 Finish.
Total elapsed time: 03:37:46.23.
