2017-10-09 20:18:12.938005: W tensorflow/core/platform/cpu_feature_guard.cc:45] The TensorFlow library wasn't compiled to use SSE4.1 instructions, but these are available on your machine and could speed up CPU computations.
2017-10-09 20:18:12.938325: W tensorflow/core/platform/cpu_feature_guard.cc:45] The TensorFlow library wasn't compiled to use SSE4.2 instructions, but these are available on your machine and could speed up CPU computations.
2017-10-09 20:18:12.938340: W tensorflow/core/platform/cpu_feature_guard.cc:45] The TensorFlow library wasn't compiled to use AVX instructions, but these are available on your machine and could speed up CPU computations.
Using TensorFlow backend.
2017-10-09 20:18:03.408516 Start.
Training Salamon's ICASSP 2017 convnet on BirdVox-70k. 
Training set: unit01, unit02, unit03.
Validation set: unit05, unit07.
Test set: unit10.

h5py version: 2.6.0
keras version: 2.0.6
numpy version: 1.13.1
pandas version: 0.20.3
pescador version: 1.0.0
tensorflow version: 1.2.1

_________________________________________________________________
Layer (type)                 Output Shape              Param #   
=================================================================
input_1 (InputLayer)         (None, 128, 104, 1)       0         
_________________________________________________________________
batch_normalization_1 (Batch (None, 128, 104, 1)       4         
_________________________________________________________________
conv2d_1 (Conv2D)            (None, 128, 104, 24)      624       
_________________________________________________________________
max_pooling2d_1 (MaxPooling2 (None, 64, 26, 24)        0         
_________________________________________________________________
conv2d_2 (Conv2D)            (None, 64, 26, 48)        28848     
_________________________________________________________________
max_pooling2d_2 (MaxPooling2 (None, 32, 6, 48)         0         
_________________________________________________________________
conv2d_3 (Conv2D)            (None, 32, 6, 48)         57648     
_________________________________________________________________
flatten_1 (Flatten)          (None, 9216)              0         
_________________________________________________________________
dense_1 (Dense)              (None, 64)                589888    
_________________________________________________________________
dense_2 (Dense)              (None, 1)                 65        
=================================================================
Total params: 677,077
Trainable params: 677,075
Non-trainable params: 2
_________________________________________________________________
         acc      loss   val_acc  val_loss
0   0.820312  0.513258  0.689697  0.814711
1   0.927856  0.221312  0.765381  0.515391
2   0.946777  0.175538  0.863403  0.338845
3   0.949829  0.160112  0.959595  0.136624
4   0.956177  0.143077  0.930176  0.192618
5   0.961426  0.126820  0.925903  0.191067
6   0.964844  0.119424  0.890503  0.259084
7   0.966797  0.111703  0.935547  0.167999
8   0.967773  0.102444  0.944824  0.171606
9   0.968994  0.105778  0.964355  0.132502
10  0.969482  0.102301  0.913940  0.257004
11  0.971313  0.092703  0.942627  0.134080
12  0.971313  0.097437  0.927979  0.165595
13  0.975220  0.085622  0.902710  0.255378
14  0.781616  3.314993  0.497925  8.191017
15  0.491455  8.284354  0.500610  8.128281
16  0.493408  8.238411  0.501709  8.099315
17  0.500244  8.118625  0.508667  7.978876
18  0.499023  8.130887  0.495361  8.186671
19  0.492920  8.223148  0.494873  8.188914
20  0.493774  8.204133  0.493164  8.211566
21  0.500610  8.089343  0.492676  8.215095
22  0.493652  8.197377  0.504883  8.014436
23  0.501099  8.073636  0.493896  8.187968
24  0.496948  8.137140  0.485229  8.324419
25  0.497192  8.130095  0.501221  8.063691
26  0.505981  7.985570  0.515015  7.838611
27  0.502319  8.041955  0.502808  8.032829
28  0.500366  8.070998  0.492432  8.197728
29  0.499634  8.080553  0.490723  8.223115
30  0.490601  8.224080  0.497925  8.105046
31  0.500122  8.068713  0.491943  8.199641

2017-10-10 00:44:43.859439 Finish.
Total elapsed time: 04:26:40.86.
