2018-01-31 16:00:41.475114: W tensorflow/core/platform/cpu_feature_guard.cc:45] The TensorFlow library wasn't compiled to use SSE4.1 instructions, but these are available on your machine and could speed up CPU computations.
2018-01-31 16:00:41.475397: W tensorflow/core/platform/cpu_feature_guard.cc:45] The TensorFlow library wasn't compiled to use SSE4.2 instructions, but these are available on your machine and could speed up CPU computations.
2018-01-31 16:00:41.475411: W tensorflow/core/platform/cpu_feature_guard.cc:45] The TensorFlow library wasn't compiled to use AVX instructions, but these are available on your machine and could speed up CPU computations.
2018-01-31 16:00:41.475416: W tensorflow/core/platform/cpu_feature_guard.cc:45] The TensorFlow library wasn't compiled to use AVX2 instructions, but these are available on your machine and could speed up CPU computations.
2018-01-31 16:00:41.475421: W tensorflow/core/platform/cpu_feature_guard.cc:45] The TensorFlow library wasn't compiled to use FMA instructions, but these are available on your machine and could speed up CPU computations.
Using TensorFlow backend.
2018-01-31 16:00:26.112825 Start.
Training Salamon's ICASSP 2017 convnet on BirdVox-70k. 
Training set: unit07, unit10, unit01.
Validation set: unit02, unit03.
Test set: unit05.

h5py version: 2.6.0
keras version: 2.0.6
numpy version: 1.13.1
pandas version: 0.20.3
pescador version: 1.0.0
tensorflow version: 1.2.1

_________________________________________________________________
Layer (type)                 Output Shape              Param #   
=================================================================
input_1 (InputLayer)         (None, 128, 104, 1)       0         
_________________________________________________________________
batch_normalization_1 (Batch (None, 128, 104, 1)       4         
_________________________________________________________________
conv2d_1 (Conv2D)            (None, 128, 104, 24)      624       
_________________________________________________________________
max_pooling2d_1 (MaxPooling2 (None, 64, 26, 24)        0         
_________________________________________________________________
conv2d_2 (Conv2D)            (None, 64, 26, 48)        28848     
_________________________________________________________________
max_pooling2d_2 (MaxPooling2 (None, 32, 6, 48)         0         
_________________________________________________________________
conv2d_3 (Conv2D)            (None, 32, 6, 48)         57648     
_________________________________________________________________
flatten_1 (Flatten)          (None, 9216)              0         
_________________________________________________________________
dense_1 (Dense)              (None, 64)                589888    
_________________________________________________________________
dense_2 (Dense)              (None, 1)                 65        
=================================================================
Total params: 677,077
Trainable params: 677,075
Non-trainable params: 2
_________________________________________________________________
         acc      loss   val_acc  val_loss
0   0.780518  0.563342  0.772461  0.866614
1   0.897827  0.285073  0.851196  0.458654
2   0.914917  0.240374  0.878540  0.378365
3   0.918579  0.236759  0.887329  0.544705
4   0.934570  0.200183  0.886963  0.713638
5   0.944214  0.174224  0.884155  0.377645
6   0.944092  0.167917  0.902100  0.574867
7   0.937866  0.182391  0.892090  0.497331
8   0.928223  0.205772  0.903931  0.430490
9   0.936646  0.198108  0.922485  0.258422
10  0.943726  0.172412  0.919067  0.520404
11  0.948853  0.163633  0.932007  0.348067
12  0.952393  0.153061  0.911743  0.431779
13  0.946411  0.176879  0.936279  0.345638
14  0.954468  0.153558  0.913208  0.451630
15  0.953735  0.151297  0.913086  0.407822
16  0.941284  0.185869  0.927490  0.416857
17  0.950195  0.169838  0.910156  0.519961
18  0.945679  0.171545  0.891602  0.447422
19  0.949097  0.162644  0.924072  0.234209
20  0.953247  0.151785  0.924438  0.255770
21  0.950562  0.153693  0.944092  0.219920
22  0.953735  0.152623  0.923706  0.243454
23  0.953003  0.148463  0.924438  0.447844
24  0.955078  0.151083  0.898071  0.533693
25  0.920288  0.281582  0.824341  0.804354
26  0.518555  7.495930  0.503540  7.961827
27  0.502319  7.977280  0.503418  7.956113
28  0.506470  7.904386  0.495728  8.072751
29  0.487183  8.206446  0.497437  8.040565
30  0.494141  8.090964  0.498413  8.020797
31  0.494385  8.083173  0.495605  8.061941

2018-01-31 19:54:41.559642 Finish.
Total elapsed time: 03:54:15.56.
