2018-01-31 14:12:08.282028: W tensorflow/core/platform/cpu_feature_guard.cc:45] The TensorFlow library wasn't compiled to use SSE4.1 instructions, but these are available on your machine and could speed up CPU computations.
2018-01-31 14:12:08.282360: W tensorflow/core/platform/cpu_feature_guard.cc:45] The TensorFlow library wasn't compiled to use SSE4.2 instructions, but these are available on your machine and could speed up CPU computations.
2018-01-31 14:12:08.282372: W tensorflow/core/platform/cpu_feature_guard.cc:45] The TensorFlow library wasn't compiled to use AVX instructions, but these are available on your machine and could speed up CPU computations.
Using TensorFlow backend.
2018-01-31 14:12:03.733943 Start.
Training Salamon's ICASSP 2017 convnet on BirdVox-70k. 
Training set: unit05, unit07, unit10.
Validation set: unit01, unit02.
Test set: unit03.

h5py version: 2.6.0
keras version: 2.0.6
numpy version: 1.13.1
pandas version: 0.20.3
pescador version: 1.0.0
tensorflow version: 1.2.1

_________________________________________________________________
Layer (type)                 Output Shape              Param #   
=================================================================
input_1 (InputLayer)         (None, 128, 104, 1)       0         
_________________________________________________________________
batch_normalization_1 (Batch (None, 128, 104, 1)       4         
_________________________________________________________________
conv2d_1 (Conv2D)            (None, 128, 104, 24)      624       
_________________________________________________________________
max_pooling2d_1 (MaxPooling2 (None, 64, 26, 24)        0         
_________________________________________________________________
conv2d_2 (Conv2D)            (None, 64, 26, 48)        28848     
_________________________________________________________________
max_pooling2d_2 (MaxPooling2 (None, 32, 6, 48)         0         
_________________________________________________________________
conv2d_3 (Conv2D)            (None, 32, 6, 48)         57648     
_________________________________________________________________
flatten_1 (Flatten)          (None, 9216)              0         
_________________________________________________________________
dense_1 (Dense)              (None, 64)                589888    
_________________________________________________________________
dense_2 (Dense)              (None, 1)                 65        
=================================================================
Total params: 677,077
Trainable params: 677,075
Non-trainable params: 2
_________________________________________________________________
         acc      loss   val_acc  val_loss
0   0.831543  0.471889  0.586914  0.994678
1   0.896851  0.306780  0.648682  0.596656
2   0.930298  0.252516  0.653198  0.791425
3   0.945068  0.207313  0.691650  0.583887
4   0.938965  0.216073  0.647705  0.860029
5   0.957275  0.173057  0.672119  0.594670
6   0.960205  0.156540  0.682983  2.418571
7   0.965576  0.140107  0.729370  2.753030
8   0.968384  0.121199  0.726318  1.714433
9   0.961792  0.149578  0.627197  3.165695
10  0.953125  0.204415  0.684692  2.117193
11  0.971313  0.134400  0.711548  1.775075
12  0.967163  0.127979  0.718384  1.502176
13  0.972656  0.113795  0.700317  2.632669
14  0.615967  1.932470  0.503174  7.957205
15  0.500854  7.989237  0.490479  8.150676
16  0.497070  8.042649  0.492188  8.117828
17  0.500854  7.977450  0.501221  7.969563
18  0.495361  8.061231  0.504517  7.913642
19  0.503052  7.935593  0.500122  7.980983
20  0.499634  7.987635  0.506592  7.875645
21  0.497681  8.016796  0.500122  7.977017
22  0.500122  7.976281  0.490967  8.121548
23  0.495483  8.048950  0.505859  7.882978
24  0.497192  8.020676  0.495850  8.041638
25  0.499512  7.982873  0.503052  7.926078
26  0.495972  8.038644  0.499023  7.982521
27  0.499756  8.056436  0.491577  8.244038
28  0.500122  8.103415  0.505615  8.012197
29  0.500732  8.088572  0.488403  8.285075
30  0.493530  8.200441  0.494995  8.174906
31  0.503662  8.033453  0.497925  8.124224

2018-01-31 17:40:44.088704 Finish.
Total elapsed time: 03:28:41.09.
