2017-08-25 03:24:51.534227: W tensorflow/core/platform/cpu_feature_guard.cc:45] The TensorFlow library wasn't compiled to use SSE4.1 instructions, but these are available on your machine and could speed up CPU computations.
2017-08-25 03:24:51.534463: W tensorflow/core/platform/cpu_feature_guard.cc:45] The TensorFlow library wasn't compiled to use SSE4.2 instructions, but these are available on your machine and could speed up CPU computations.
2017-08-25 03:24:51.534487: W tensorflow/core/platform/cpu_feature_guard.cc:45] The TensorFlow library wasn't compiled to use AVX instructions, but these are available on your machine and could speed up CPU computations.
Using TensorFlow backend.
2017-08-25 03:24:50.466625 Start.
Training Salamon's ICASSP 2017 convnet on BirdVox-70k. 
Training set: unit03, unit05, unit07.
Validation set: unit10, unit01.
Test set: unit02.

h5py version: 2.6.0
keras version: 2.0.6
numpy version: 1.13.1
pandas version: 0.20.3
pescador version: 1.0.0
tensorflow version: 1.2.1

_________________________________________________________________
Layer (type)                 Output Shape              Param #   
=================================================================
input_1 (InputLayer)         (None, 128, 104, 1)       0         
_________________________________________________________________
batch_normalization_1 (Batch (None, 128, 104, 1)       4         
_________________________________________________________________
conv2d_1 (Conv2D)            (None, 128, 104, 24)      624       
_________________________________________________________________
max_pooling2d_1 (MaxPooling2 (None, 64, 26, 24)        0         
_________________________________________________________________
conv2d_2 (Conv2D)            (None, 64, 26, 48)        28848     
_________________________________________________________________
max_pooling2d_2 (MaxPooling2 (None, 32, 6, 48)         0         
_________________________________________________________________
conv2d_3 (Conv2D)            (None, 32, 6, 48)         57648     
_________________________________________________________________
flatten_1 (Flatten)          (None, 9216)              0         
_________________________________________________________________
dense_1 (Dense)              (None, 64)                589888    
_________________________________________________________________
dense_2 (Dense)              (None, 1)                 65        
=================================================================
Total params: 677,077
Trainable params: 677,075
Non-trainable params: 2
_________________________________________________________________
         acc      loss   val_acc  val_loss
0   0.916504  0.534337  0.677979  4.662715
1   0.974609  0.136609  0.742310  0.588286
2   0.980469  0.088390  0.754517  0.561406
3   0.983521  0.090016  0.550293  0.731802
4   0.987671  0.068423  0.621338  0.758246
5   0.986816  0.067598  0.752197  0.535128
6   0.988647  0.055567  0.753540  0.506213
7   0.988647  0.060168  0.752808  0.644069
8   0.989624  0.054455  0.754517  0.522329
9   0.990356  0.053610  0.742310  0.661184
10  0.992920  0.042716  0.743896  0.603348
11  0.986694  0.061244  0.752808  1.267528
12  0.990234  0.051653  0.780884  0.584587
13  0.992188  0.042885  0.760864  0.625985
14  0.991455  0.051504  0.513428  1.313634
15  0.983154  0.081097  0.612915  4.225546
16  0.978638  0.122545  0.657471  0.504016
17  0.991455  0.053693  0.650146  0.736724
18  0.994019  0.043381  0.826416  0.470077
19  0.991089  0.049340  0.684326  0.456151
20  0.982178  0.092017  0.777710  0.693103
21  0.981323  0.100252  0.650757  0.543993
22  0.989136  0.058570  0.647217  0.591108
23  0.991821  0.049866  0.686401  3.810889
24  0.927246  1.119442  0.716309  4.570728
25  0.734375  4.298857  0.491333  8.173041
26  0.500244  8.028413  0.505249  7.946321
27  0.493652  8.129295  0.493042  8.137241
28  0.503296  7.972203  0.492188  8.147800
29  0.500122  8.019950  0.503784  7.960255
30  0.498901  8.036886  0.496582  8.072677
31  0.498169  8.046268  0.505371  7.930356

2017-08-25 07:48:01.606121 Finish.
Total elapsed time: 04:23:11.61.
