2017-08-25 05:26:53.513199: W tensorflow/core/platform/cpu_feature_guard.cc:45] The TensorFlow library wasn't compiled to use SSE4.1 instructions, but these are available on your machine and could speed up CPU computations.
2017-08-25 05:26:53.513490: W tensorflow/core/platform/cpu_feature_guard.cc:45] The TensorFlow library wasn't compiled to use SSE4.2 instructions, but these are available on your machine and could speed up CPU computations.
2017-08-25 05:26:53.513505: W tensorflow/core/platform/cpu_feature_guard.cc:45] The TensorFlow library wasn't compiled to use AVX instructions, but these are available on your machine and could speed up CPU computations.
Using TensorFlow backend.
2017-08-25 05:26:52.468307 Start.
Training Salamon's ICASSP 2017 convnet on BirdVox-70k. 
Training set: unit05, unit07, unit10.
Validation set: unit01, unit02.
Test set: unit03.

h5py version: 2.6.0
keras version: 2.0.6
numpy version: 1.13.1
pandas version: 0.20.3
pescador version: 1.0.0
tensorflow version: 1.2.1

_________________________________________________________________
Layer (type)                 Output Shape              Param #   
=================================================================
input_1 (InputLayer)         (None, 128, 104, 1)       0         
_________________________________________________________________
batch_normalization_1 (Batch (None, 128, 104, 1)       4         
_________________________________________________________________
conv2d_1 (Conv2D)            (None, 128, 104, 24)      624       
_________________________________________________________________
max_pooling2d_1 (MaxPooling2 (None, 64, 26, 24)        0         
_________________________________________________________________
conv2d_2 (Conv2D)            (None, 64, 26, 48)        28848     
_________________________________________________________________
max_pooling2d_2 (MaxPooling2 (None, 32, 6, 48)         0         
_________________________________________________________________
conv2d_3 (Conv2D)            (None, 32, 6, 48)         57648     
_________________________________________________________________
flatten_1 (Flatten)          (None, 9216)              0         
_________________________________________________________________
dense_1 (Dense)              (None, 64)                589888    
_________________________________________________________________
dense_2 (Dense)              (None, 1)                 65        
=================================================================
Total params: 677,077
Trainable params: 677,075
Non-trainable params: 2
_________________________________________________________________
         acc      loss   val_acc  val_loss
0   0.859985  0.481255  0.650757  2.715164
1   0.946167  0.203047  0.757202  1.657150
2   0.957642  0.177345  0.824585  1.121554
3   0.973511  0.122597  0.904175  0.531296
4   0.980713  0.097295  0.921509  0.506858
5   0.982056  0.089925  0.869141  0.748714
6   0.974976  0.108647  0.888428  0.860982
7   0.984497  0.073397  0.920776  0.440522
8   0.982910  0.081299  0.913940  0.574441
9   0.985718  0.074843  0.908203  0.591498
10  0.982422  0.083542  0.910034  0.526293
11  0.982910  0.077153  0.928101  0.462032
12  0.985229  0.073782  0.939697  0.334278
13  0.984741  0.065831  0.936279  0.384342
14  0.984863  0.081570  0.908203  0.651632
15  0.986694  0.073966  0.951904  0.251457
16  0.984253  0.069277  0.912720  0.660317
17  0.986572  0.064259  0.915161  0.569834
18  0.990479  0.048777  0.939819  0.379674
19  0.986084  0.058683  0.931885  0.387057
20  0.988159  0.060538  0.909058  0.645065
21  0.988403  0.063041  0.903076  0.841145
22  0.988403  0.052709  0.881104  1.075134
23  0.989014  0.062377  0.907837  0.706898
24  0.986206  0.071704  0.926270  0.465265
25  0.983398  0.082818  0.927368  0.530789
26  0.987915  0.063791  0.922363  0.537585
27  0.989624  0.064044  0.925903  0.624725
28  0.775513  3.525682  0.503418  8.053888
29  0.504150  8.035601  0.508911  7.953606
30  0.497559  8.132799  0.498901  8.107786
31  0.501831  8.057867  0.497314  8.128190

2017-08-25 09:45:39.202077 Finish.
Total elapsed time: 04:18:47.20.
