2018-01-31 16:00:43.810728: W tensorflow/core/platform/cpu_feature_guard.cc:45] The TensorFlow library wasn't compiled to use SSE4.1 instructions, but these are available on your machine and could speed up CPU computations.
2018-01-31 16:00:43.810922: W tensorflow/core/platform/cpu_feature_guard.cc:45] The TensorFlow library wasn't compiled to use SSE4.2 instructions, but these are available on your machine and could speed up CPU computations.
2018-01-31 16:00:43.810935: W tensorflow/core/platform/cpu_feature_guard.cc:45] The TensorFlow library wasn't compiled to use AVX instructions, but these are available on your machine and could speed up CPU computations.
2018-01-31 16:00:43.810941: W tensorflow/core/platform/cpu_feature_guard.cc:45] The TensorFlow library wasn't compiled to use AVX2 instructions, but these are available on your machine and could speed up CPU computations.
2018-01-31 16:00:43.810946: W tensorflow/core/platform/cpu_feature_guard.cc:45] The TensorFlow library wasn't compiled to use FMA instructions, but these are available on your machine and could speed up CPU computations.
Using TensorFlow backend.
2018-01-31 16:00:26.113062 Start.
Training Salamon's ICASSP 2017 convnet on BirdVox-70k. 
Training set: unit05, unit07, unit10.
Validation set: unit01, unit02.
Test set: unit03.

h5py version: 2.6.0
keras version: 2.0.6
numpy version: 1.13.1
pandas version: 0.20.3
pescador version: 1.0.0
tensorflow version: 1.2.1

_________________________________________________________________
Layer (type)                 Output Shape              Param #   
=================================================================
input_1 (InputLayer)         (None, 128, 104, 1)       0         
_________________________________________________________________
batch_normalization_1 (Batch (None, 128, 104, 1)       4         
_________________________________________________________________
conv2d_1 (Conv2D)            (None, 128, 104, 24)      624       
_________________________________________________________________
max_pooling2d_1 (MaxPooling2 (None, 64, 26, 24)        0         
_________________________________________________________________
conv2d_2 (Conv2D)            (None, 64, 26, 48)        28848     
_________________________________________________________________
max_pooling2d_2 (MaxPooling2 (None, 32, 6, 48)         0         
_________________________________________________________________
conv2d_3 (Conv2D)            (None, 32, 6, 48)         57648     
_________________________________________________________________
flatten_1 (Flatten)          (None, 9216)              0         
_________________________________________________________________
dense_1 (Dense)              (None, 64)                589888    
_________________________________________________________________
dense_2 (Dense)              (None, 1)                 65        
=================================================================
Total params: 677,077
Trainable params: 677,075
Non-trainable params: 2
_________________________________________________________________
         acc      loss   val_acc  val_loss
0   0.712891  0.661172  0.582153  0.921797
1   0.857788  0.491326  0.717651  1.319485
2   0.933716  0.235697  0.739380  1.551004
3   0.950806  0.165544  0.761475  0.966273
4   0.955566  0.166255  0.781006  0.868839
5   0.964722  0.132338  0.777832  1.199013
6   0.960205  0.140845  0.774292  1.294041
7   0.964355  0.138015  0.746826  1.848385
8   0.961670  0.165479  0.798828  0.861983
9   0.936646  0.184617  0.786987  0.938006
10  0.966431  0.152536  0.795654  1.464394
11  0.869385  0.296479  0.504639  0.641409
12  0.494873  7.415390  0.503784  8.030027
13  0.506958  7.975866  0.496460  8.142312
14  0.489990  8.244255  0.490723  8.230257
15  0.503174  8.027660  0.492310  8.200964
16  0.496216  8.136411  0.505127  7.991265
17  0.499146  8.086332  0.498169  8.100793
18  0.498901  8.087854  0.500366  8.063162
19  0.502808  8.022855  0.505981  7.970788
20  0.499512  8.074265  0.499146  8.079406
21  0.510376  7.897725  0.502930  8.017113
22  0.506836  7.953600  0.501953  8.031782
23  0.501709  8.035267  0.497803  8.097806
24  0.498901  8.079734  0.502563  8.020367
25  0.502075  8.027946  0.504761  7.984388
26  0.506836  7.951189  0.503662  8.034138
27  0.503784  8.026113  0.504639  8.008619
28  0.497314  8.124503  0.496704  8.132474
29  0.496948  8.127089  0.497559  8.115925
30  0.497437  8.116777  0.496216  8.135403
31  0.496460  8.130551  0.504761  7.995884

2018-01-31 19:54:14.449666 Finish.
Total elapsed time: 03:53:48.45.
