2018-01-31 14:12:08.002772: W tensorflow/core/platform/cpu_feature_guard.cc:45] The TensorFlow library wasn't compiled to use SSE4.1 instructions, but these are available on your machine and could speed up CPU computations.
2018-01-31 14:12:08.002934: W tensorflow/core/platform/cpu_feature_guard.cc:45] The TensorFlow library wasn't compiled to use SSE4.2 instructions, but these are available on your machine and could speed up CPU computations.
2018-01-31 14:12:08.002945: W tensorflow/core/platform/cpu_feature_guard.cc:45] The TensorFlow library wasn't compiled to use AVX instructions, but these are available on your machine and could speed up CPU computations.
2018-01-31 14:12:08.002950: W tensorflow/core/platform/cpu_feature_guard.cc:45] The TensorFlow library wasn't compiled to use AVX2 instructions, but these are available on your machine and could speed up CPU computations.
2018-01-31 14:12:08.002955: W tensorflow/core/platform/cpu_feature_guard.cc:45] The TensorFlow library wasn't compiled to use FMA instructions, but these are available on your machine and could speed up CPU computations.
Using TensorFlow backend.
2018-01-31 14:12:03.733066 Start.
Training Salamon's ICASSP 2017 convnet on BirdVox-70k. 
Training set: unit10, unit01, unit02.
Validation set: unit03, unit05.
Test set: unit07.

h5py version: 2.6.0
keras version: 2.0.6
numpy version: 1.13.1
pandas version: 0.20.3
pescador version: 1.0.0
tensorflow version: 1.2.1

_________________________________________________________________
Layer (type)                 Output Shape              Param #   
=================================================================
input_1 (InputLayer)         (None, 128, 104, 1)       0         
_________________________________________________________________
batch_normalization_1 (Batch (None, 128, 104, 1)       4         
_________________________________________________________________
conv2d_1 (Conv2D)            (None, 128, 104, 24)      624       
_________________________________________________________________
max_pooling2d_1 (MaxPooling2 (None, 64, 26, 24)        0         
_________________________________________________________________
conv2d_2 (Conv2D)            (None, 64, 26, 48)        28848     
_________________________________________________________________
max_pooling2d_2 (MaxPooling2 (None, 32, 6, 48)         0         
_________________________________________________________________
conv2d_3 (Conv2D)            (None, 32, 6, 48)         57648     
_________________________________________________________________
flatten_1 (Flatten)          (None, 9216)              0         
_________________________________________________________________
dense_1 (Dense)              (None, 64)                589888    
_________________________________________________________________
dense_2 (Dense)              (None, 1)                 65        
=================================================================
Total params: 677,077
Trainable params: 677,075
Non-trainable params: 2
_________________________________________________________________
         acc      loss   val_acc  val_loss
0   0.767334  0.606743  0.739624  0.969888
1   0.877197  0.324191  0.913696  0.241871
2   0.909668  0.258331  0.931519  0.192041
3   0.928467  0.217589  0.925415  0.218221
4   0.936523  0.203116  0.898071  0.287810
5   0.934937  0.204422  0.801880  0.500817
6   0.939087  0.193526  0.900757  0.269593
7   0.947388  0.171218  0.923950  0.233435
8   0.878662  0.430746  0.499268  0.702051
9   0.623169  0.670288  0.779541  0.593850
10  0.661621  1.420189  0.710205  1.822091
11  0.538818  6.177511  0.495117  8.206977
12  0.503906  8.061115  0.493774  8.220577
13  0.501709  8.089411  0.498779  8.133533
14  0.512207  7.914350  0.489502  8.277672
15  0.501831  8.076555  0.502319  8.066371
16  0.488770  8.282644  0.502075  8.066119
17  0.494751  8.182266  0.496216  8.156798
18  0.497681  8.131461  0.510254  7.927118
19  0.496338  8.149845  0.502563  8.047961
20  0.504395  8.017007  0.489258  8.259571
21  0.508057  7.955245  0.507446  7.963783
22  0.495972  8.147509  0.503906  8.018419
23  0.507202  7.964164  0.506714  7.970923
24  0.514648  7.841984  0.504150  8.010162
25  0.491943  8.205942  0.506714  7.966912
26  0.506226  7.973857  0.505615  7.982828
27  0.505981  7.976086  0.501709  8.044129
28  0.503418  8.015783  0.505737  7.977660
29  0.507324  7.951323  0.492065  8.195199
30  0.496826  8.109903  0.498047  8.032761
31  0.494263  8.084388  0.495483  8.059598

2018-01-31 17:52:31.189547 Finish.
Total elapsed time: 03:40:28.19.
