2018-01-31 14:12:07.851248: W tensorflow/core/platform/cpu_feature_guard.cc:45] The TensorFlow library wasn't compiled to use SSE4.1 instructions, but these are available on your machine and could speed up CPU computations.
2018-01-31 14:12:07.851540: W tensorflow/core/platform/cpu_feature_guard.cc:45] The TensorFlow library wasn't compiled to use SSE4.2 instructions, but these are available on your machine and could speed up CPU computations.
2018-01-31 14:12:07.851553: W tensorflow/core/platform/cpu_feature_guard.cc:45] The TensorFlow library wasn't compiled to use AVX instructions, but these are available on your machine and could speed up CPU computations.
Using TensorFlow backend.
2018-01-31 14:12:02.820018 Start.
Training Salamon's ICASSP 2017 convnet on BirdVox-70k. 
Training set: unit01, unit02, unit03.
Validation set: unit05, unit07.
Test set: unit10.

h5py version: 2.6.0
keras version: 2.0.6
numpy version: 1.13.1
pandas version: 0.20.3
pescador version: 1.0.0
tensorflow version: 1.2.1

_________________________________________________________________
Layer (type)                 Output Shape              Param #   
=================================================================
input_1 (InputLayer)         (None, 128, 104, 1)       0         
_________________________________________________________________
batch_normalization_1 (Batch (None, 128, 104, 1)       4         
_________________________________________________________________
conv2d_1 (Conv2D)            (None, 128, 104, 24)      624       
_________________________________________________________________
max_pooling2d_1 (MaxPooling2 (None, 64, 26, 24)        0         
_________________________________________________________________
conv2d_2 (Conv2D)            (None, 64, 26, 48)        28848     
_________________________________________________________________
max_pooling2d_2 (MaxPooling2 (None, 32, 6, 48)         0         
_________________________________________________________________
conv2d_3 (Conv2D)            (None, 32, 6, 48)         57648     
_________________________________________________________________
flatten_1 (Flatten)          (None, 9216)              0         
_________________________________________________________________
dense_1 (Dense)              (None, 64)                589888    
_________________________________________________________________
dense_2 (Dense)              (None, 1)                 65        
=================================================================
Total params: 677,077
Trainable params: 677,075
Non-trainable params: 2
_________________________________________________________________
         acc      loss   val_acc  val_loss
0   0.762817  0.541529  0.722168  0.590518
1   0.878906  0.325271  0.834595  0.324373
2   0.915771  0.250306  0.844849  0.368468
3   0.915283  0.234720  0.879150  0.288253
4   0.928345  0.218103  0.832764  0.376930
5   0.925171  0.237168  0.812378  0.506301
6   0.929688  0.218561  0.877686  0.286330
7   0.870361  0.300516  0.500366  0.479831
8   0.626953  1.435976  0.500488  0.745983
9   0.511230  3.470146  0.505371  7.943087
10  0.489136  8.198005  0.505615  7.931667
11  0.497559  8.056988  0.496826  8.065699
12  0.501099  7.994936  0.500977  7.994339
13  0.507690  7.884998  0.505981  7.910019
14  0.488770  8.182387  0.503784  7.941054
15  0.509155  7.853626  0.498535  8.021191
16  0.510498  7.828873  0.502319  7.957709
17  0.487549  8.191758  0.496582  8.046362
18  0.497192  8.035356  0.507446  7.870647
19  0.505737  7.896753  0.499512  7.994897
20  0.495850  8.052260  0.509155  7.839147
21  0.495850  8.050361  0.494629  8.068938
22  0.488281  8.169323  0.501709  7.954464
23  0.501953  7.949849  0.501221  7.960825
24  0.499634  7.985482  0.492676  8.095788
25  0.505371  7.892828  0.489868  8.139433
26  0.496582  8.031899  0.503906  7.914652
27  0.499390  8.036744  0.496460  8.210443
28  0.501221  8.129962  0.490234  8.303763
29  0.489624  8.310874  0.501465  8.117438
30  0.494019  8.235135  0.491211  8.278141
31  0.504150  8.067501  0.499268  8.144169

2018-01-31 17:57:32.575395 Finish.
Total elapsed time: 03:45:30.58.
