2017-08-25 05:54:29.582735: W tensorflow/core/platform/cpu_feature_guard.cc:45] The TensorFlow library wasn't compiled to use SSE4.1 instructions, but these are available on your machine and could speed up CPU computations.
2017-08-25 05:54:29.583055: W tensorflow/core/platform/cpu_feature_guard.cc:45] The TensorFlow library wasn't compiled to use SSE4.2 instructions, but these are available on your machine and could speed up CPU computations.
2017-08-25 05:54:29.583070: W tensorflow/core/platform/cpu_feature_guard.cc:45] The TensorFlow library wasn't compiled to use AVX instructions, but these are available on your machine and could speed up CPU computations.
Using TensorFlow backend.
2017-08-25 05:54:28.592182 Start.
Training Salamon's ICASSP 2017 convnet on BirdVox-70k. 
Training set: unit10, unit01, unit02.
Validation set: unit03, unit05.
Test set: unit07.

h5py version: 2.6.0
keras version: 2.0.6
numpy version: 1.13.1
pandas version: 0.20.3
pescador version: 1.0.0
tensorflow version: 1.2.1

_________________________________________________________________
Layer (type)                 Output Shape              Param #   
=================================================================
input_1 (InputLayer)         (None, 128, 104, 1)       0         
_________________________________________________________________
batch_normalization_1 (Batch (None, 128, 104, 1)       4         
_________________________________________________________________
conv2d_1 (Conv2D)            (None, 128, 104, 24)      624       
_________________________________________________________________
max_pooling2d_1 (MaxPooling2 (None, 64, 26, 24)        0         
_________________________________________________________________
conv2d_2 (Conv2D)            (None, 64, 26, 48)        28848     
_________________________________________________________________
max_pooling2d_2 (MaxPooling2 (None, 32, 6, 48)         0         
_________________________________________________________________
conv2d_3 (Conv2D)            (None, 32, 6, 48)         57648     
_________________________________________________________________
flatten_1 (Flatten)          (None, 9216)              0         
_________________________________________________________________
dense_1 (Dense)              (None, 64)                589888    
_________________________________________________________________
dense_2 (Dense)              (None, 1)                 65        
=================================================================
Total params: 677,077
Trainable params: 677,075
Non-trainable params: 2
_________________________________________________________________
         acc      loss   val_acc  val_loss
0   0.839844  0.488700  0.852905  0.720998
1   0.930908  0.227717  0.897095  0.339624
2   0.944702  0.173797  0.866333  0.400577
3   0.951538  0.158920  0.746094  0.649059
4   0.950317  0.141051  0.741333  0.676511
5   0.960693  0.128109  0.813599  0.358373
6   0.952637  0.136576  0.758667  0.738911
7   0.961304  0.144280  0.821167  0.521142
8   0.963989  0.134154  0.919800  0.214210
9   0.968140  0.120510  0.799316  0.682941
10  0.967041  0.112268  0.649536  0.691134
11  0.960205  0.153203  0.910156  0.289161
12  0.964966  0.125682  0.614868  3.176764
13  0.859253  0.328644  0.702271  1.155567
14  0.960327  0.165165  0.869263  0.586763
15  0.781860  2.970975  0.888794  0.793722
16  0.608643  4.367088  0.504395  7.946063
17  0.500610  8.003085  0.495605  8.079916
18  0.497925  8.040497  0.500610  7.995395
19  0.504639  7.929171  0.498901  8.018726
20  0.505371  7.913863  0.493042  8.108760
21  0.493530  8.099457  0.509277  7.846939
22  0.495850  8.059649  0.493652  8.093354
23  0.499146  8.004549  0.502563  7.948857
24  0.498047  8.019745  0.499634  7.993353
25  0.508423  7.852216  0.507446  7.866789
26  0.503784  7.924245  0.492065  8.110165
27  0.503418  7.928337  0.499023  7.997575
28  0.499268  7.992921  0.512329  7.783948
29  0.505005  7.900028  0.501465  7.955798
30  0.507080  7.865664  0.497559  8.016863
31  0.499634  7.983234  0.497192  8.021627

2017-08-25 10:15:39.140449 Finish.
Total elapsed time: 04:21:11.14.
