2018-01-31 14:12:09.084562: W tensorflow/core/platform/cpu_feature_guard.cc:45] The TensorFlow library wasn't compiled to use SSE4.1 instructions, but these are available on your machine and could speed up CPU computations.
2018-01-31 14:12:09.084870: W tensorflow/core/platform/cpu_feature_guard.cc:45] The TensorFlow library wasn't compiled to use SSE4.2 instructions, but these are available on your machine and could speed up CPU computations.
2018-01-31 14:12:09.084883: W tensorflow/core/platform/cpu_feature_guard.cc:45] The TensorFlow library wasn't compiled to use AVX instructions, but these are available on your machine and could speed up CPU computations.
Using TensorFlow backend.
2018-01-31 14:12:03.734248 Start.
Training Salamon's ICASSP 2017 convnet on BirdVox-70k. 
Training set: unit02, unit03, unit05.
Validation set: unit07, unit10.
Test set: unit01.

h5py version: 2.6.0
keras version: 2.0.6
numpy version: 1.13.1
pandas version: 0.20.3
pescador version: 1.0.0
tensorflow version: 1.2.1

_________________________________________________________________
Layer (type)                 Output Shape              Param #   
=================================================================
input_1 (InputLayer)         (None, 128, 104, 1)       0         
_________________________________________________________________
batch_normalization_1 (Batch (None, 128, 104, 1)       4         
_________________________________________________________________
conv2d_1 (Conv2D)            (None, 128, 104, 24)      624       
_________________________________________________________________
max_pooling2d_1 (MaxPooling2 (None, 64, 26, 24)        0         
_________________________________________________________________
conv2d_2 (Conv2D)            (None, 64, 26, 48)        28848     
_________________________________________________________________
max_pooling2d_2 (MaxPooling2 (None, 32, 6, 48)         0         
_________________________________________________________________
conv2d_3 (Conv2D)            (None, 32, 6, 48)         57648     
_________________________________________________________________
flatten_1 (Flatten)          (None, 9216)              0         
_________________________________________________________________
dense_1 (Dense)              (None, 64)                589888    
_________________________________________________________________
dense_2 (Dense)              (None, 1)                 65        
=================================================================
Total params: 677,077
Trainable params: 677,075
Non-trainable params: 2
_________________________________________________________________
         acc      loss   val_acc  val_loss
0   0.860718  0.564630  0.871948  0.342333
1   0.951172  0.174764  0.873901  0.297156
2   0.962524  0.134607  0.878906  0.283820
3   0.970581  0.121159  0.911011  0.235070
4   0.969727  0.115420  0.821045  0.361890
5   0.970337  0.110524  0.887451  0.346343
6   0.974365  0.101413  0.895142  0.252915
7   0.973877  0.110880  0.789551  0.454042
8   0.978271  0.089170  0.868164  0.281895
9   0.976685  0.097422  0.838745  0.458074
10  0.975342  0.095260  0.941040  0.195601
11  0.976807  0.102315  0.764648  0.548355
12  0.979858  0.091240  0.953857  0.168046
13  0.977051  0.098732  0.939087  0.196682
14  0.964355  0.161205  0.948486  0.216374
15  0.979004  0.094537  0.950806  0.190151
16  0.578979  6.696048  0.510864  7.838791
17  0.494507  8.095663  0.485840  8.230401
18  0.506104  7.904596  0.511230  7.820317
19  0.492310  8.119797  0.510986  7.820010
20  0.501831  7.964189  0.497803  8.026722
21  0.494263  8.081664  0.501099  7.971257
22  0.505249  7.903815  0.490723  8.134179
23  0.501099  7.967665  0.503418  7.929637
24  0.495605  8.053239  0.493042  8.093196
25  0.506470  7.878304  0.500488  7.972871
26  0.509033  7.835930  0.504028  7.915033
27  0.494141  8.072046  0.490479  8.129832
28  0.502808  7.932738  0.511719  7.790155
29  0.493042  8.087441  0.501953  7.944928
30  0.506592  7.870574  0.502075  7.942192
31  0.497925  8.008012  0.486572  8.188666

2018-01-31 17:55:36.119190 Finish.
Total elapsed time: 03:43:33.12.
