2017-08-25 01:27:58.723276: W tensorflow/core/platform/cpu_feature_guard.cc:45] The TensorFlow library wasn't compiled to use SSE4.1 instructions, but these are available on your machine and could speed up CPU computations.
2017-08-25 01:27:58.723487: W tensorflow/core/platform/cpu_feature_guard.cc:45] The TensorFlow library wasn't compiled to use SSE4.2 instructions, but these are available on your machine and could speed up CPU computations.
2017-08-25 01:27:58.723501: W tensorflow/core/platform/cpu_feature_guard.cc:45] The TensorFlow library wasn't compiled to use AVX instructions, but these are available on your machine and could speed up CPU computations.
Using TensorFlow backend.
2017-08-25 01:27:49.867195 Start.
Training Salamon's ICASSP 2017 convnet on BirdVox-70k. 
Training set: unit10, unit01, unit02.
Validation set: unit03, unit05.
Test set: unit07.

h5py version: 2.6.0
keras version: 2.0.6
numpy version: 1.13.1
pandas version: 0.20.3
pescador version: 1.0.0
tensorflow version: 1.2.1

_________________________________________________________________
Layer (type)                 Output Shape              Param #   
=================================================================
input_1 (InputLayer)         (None, 128, 104, 1)       0         
_________________________________________________________________
batch_normalization_1 (Batch (None, 128, 104, 1)       4         
_________________________________________________________________
conv2d_1 (Conv2D)            (None, 128, 104, 24)      624       
_________________________________________________________________
max_pooling2d_1 (MaxPooling2 (None, 64, 26, 24)        0         
_________________________________________________________________
conv2d_2 (Conv2D)            (None, 64, 26, 48)        28848     
_________________________________________________________________
max_pooling2d_2 (MaxPooling2 (None, 32, 6, 48)         0         
_________________________________________________________________
conv2d_3 (Conv2D)            (None, 32, 6, 48)         57648     
_________________________________________________________________
flatten_1 (Flatten)          (None, 9216)              0         
_________________________________________________________________
dense_1 (Dense)              (None, 64)                589888    
_________________________________________________________________
dense_2 (Dense)              (None, 1)                 65        
=================================================================
Total params: 677,077
Trainable params: 677,075
Non-trainable params: 2
_________________________________________________________________
         acc      loss   val_acc  val_loss
0   0.768433  0.918055  0.845093  0.395850
1   0.893677  0.304940  0.886597  0.292033
2   0.911743  0.261953  0.911011  0.241889
3   0.921143  0.237738  0.900024  0.252413
4   0.931885  0.215682  0.918457  0.250891
5   0.937622  0.200328  0.927734  0.221991
6   0.927490  0.231346  0.839844  0.370614
7   0.943237  0.192020  0.894165  0.286185
8   0.945068  0.186962  0.891968  0.271360
9   0.944458  0.193648  0.912720  0.232001
10  0.947388  0.181130  0.955444  0.166330
11  0.950562  0.170401  0.848389  0.340759
12  0.952393  0.157465  0.952148  0.159211
13  0.950684  0.167172  0.941040  0.175430
14  0.953979  0.160713  0.939941  0.196137
15  0.948975  0.164347  0.963989  0.134661
16  0.952637  0.152378  0.940796  0.182181
17  0.955444  0.155129  0.962158  0.145023
18  0.951416  0.158123  0.963867  0.131015
19  0.949463  0.173589  0.955444  0.151227
20  0.953491  0.154174  0.953125  0.156512
21  0.902344  0.347319  0.959229  0.159026
22  0.952026  0.176077  0.945068  0.181016
23  0.945435  0.182501  0.941406  0.200470
24  0.947754  0.176193  0.830566  0.432880
25  0.821167  0.453790  0.794067  0.644453
26  0.560425  5.016716  0.496582  8.078874
27  0.499878  8.021471  0.504395  7.945018
28  0.500488  8.003551  0.497192  8.052591
29  0.496582  8.059282  0.496094  8.064190
30  0.513184  7.789208  0.496948  8.045633
31  0.497925  8.027933  0.495117  8.070662

2017-08-25 05:50:58.881656 Finish.
Total elapsed time: 04:23:09.88.
