2017-08-25 01:27:59.840580: W tensorflow/core/platform/cpu_feature_guard.cc:45] The TensorFlow library wasn't compiled to use SSE4.1 instructions, but these are available on your machine and could speed up CPU computations.
2017-08-25 01:27:59.840898: W tensorflow/core/platform/cpu_feature_guard.cc:45] The TensorFlow library wasn't compiled to use SSE4.2 instructions, but these are available on your machine and could speed up CPU computations.
2017-08-25 01:27:59.840912: W tensorflow/core/platform/cpu_feature_guard.cc:45] The TensorFlow library wasn't compiled to use AVX instructions, but these are available on your machine and could speed up CPU computations.
Using TensorFlow backend.
2017-08-25 01:27:49.798711 Start.
Training Salamon's ICASSP 2017 convnet on BirdVox-70k. 
Training set: unit07, unit10, unit01.
Validation set: unit02, unit03.
Test set: unit05.

h5py version: 2.6.0
keras version: 2.0.6
numpy version: 1.13.1
pandas version: 0.20.3
pescador version: 1.0.0
tensorflow version: 1.2.1

_________________________________________________________________
Layer (type)                 Output Shape              Param #   
=================================================================
input_1 (InputLayer)         (None, 128, 104, 1)       0         
_________________________________________________________________
batch_normalization_1 (Batch (None, 128, 104, 1)       4         
_________________________________________________________________
conv2d_1 (Conv2D)            (None, 128, 104, 24)      624       
_________________________________________________________________
max_pooling2d_1 (MaxPooling2 (None, 64, 26, 24)        0         
_________________________________________________________________
conv2d_2 (Conv2D)            (None, 64, 26, 48)        28848     
_________________________________________________________________
max_pooling2d_2 (MaxPooling2 (None, 32, 6, 48)         0         
_________________________________________________________________
conv2d_3 (Conv2D)            (None, 32, 6, 48)         57648     
_________________________________________________________________
flatten_1 (Flatten)          (None, 9216)              0         
_________________________________________________________________
dense_1 (Dense)              (None, 64)                589888    
_________________________________________________________________
dense_2 (Dense)              (None, 1)                 65        
=================================================================
Total params: 677,077
Trainable params: 677,075
Non-trainable params: 2
_________________________________________________________________
         acc      loss   val_acc  val_loss
0   0.789673  0.517452  0.760376  1.143516
1   0.894897  0.297618  0.845215  0.456848
2   0.913696  0.247959  0.911133  0.397137
3   0.921875  0.226388  0.879883  0.531216
4   0.926514  0.225823  0.907715  0.373098
5   0.930420  0.211836  0.905151  0.402679
6   0.940918  0.190860  0.901978  0.644228
7   0.949829  0.170922  0.919800  0.392885
8   0.945190  0.178383  0.934448  0.262273
9   0.941040  0.181230  0.938721  0.251438
10  0.940430  0.181238  0.918701  0.410379
11  0.944702  0.170762  0.922607  0.470292
12  0.947266  0.171659  0.906738  0.489070
13  0.948120  0.153426  0.922729  0.397947
14  0.948242  0.160460  0.929932  0.280849
15  0.936279  0.201638  0.922241  0.411884
16  0.952271  0.145913  0.922241  0.350499
17  0.946777  0.177552  0.944092  0.248341
18  0.948730  0.160241  0.913818  0.531984
19  0.953491  0.151947  0.924927  0.366517
20  0.670776  3.843010  0.495117  8.092655
21  0.486938  8.218513  0.494995  8.086243
22  0.509277  7.855587  0.499878  8.002716
23  0.511719  7.811642  0.498657  8.017707
24  0.491577  8.128682  0.501587  7.967295
25  0.492432  8.111642  0.500366  7.983604
26  0.515869  7.735064  0.491821  8.117113
27  0.495728  8.053635  0.507812  7.859815
28  0.504272  7.915206  0.508667  7.844140
29  0.502930  7.934697  0.492676  8.097293
30  0.498047  8.010876  0.505493  7.891407
31  0.501953  7.947162  0.500732  7.965969

2017-08-25 05:52:13.978363 Finish.
Total elapsed time: 04:24:24.98.
