2017-08-25 05:51:59.449285: W tensorflow/core/platform/cpu_feature_guard.cc:45] The TensorFlow library wasn't compiled to use SSE4.1 instructions, but these are available on your machine and could speed up CPU computations.
2017-08-25 05:51:59.449496: W tensorflow/core/platform/cpu_feature_guard.cc:45] The TensorFlow library wasn't compiled to use SSE4.2 instructions, but these are available on your machine and could speed up CPU computations.
2017-08-25 05:51:59.449511: W tensorflow/core/platform/cpu_feature_guard.cc:45] The TensorFlow library wasn't compiled to use AVX instructions, but these are available on your machine and could speed up CPU computations.
Using TensorFlow backend.
2017-08-25 05:51:58.337960 Start.
Training Salamon's ICASSP 2017 convnet on BirdVox-70k. 
Training set: unit05, unit07, unit10.
Validation set: unit01, unit02.
Test set: unit03.

h5py version: 2.6.0
keras version: 2.0.6
numpy version: 1.13.1
pandas version: 0.20.3
pescador version: 1.0.0
tensorflow version: 1.2.1

_________________________________________________________________
Layer (type)                 Output Shape              Param #   
=================================================================
input_1 (InputLayer)         (None, 128, 104, 1)       0         
_________________________________________________________________
batch_normalization_1 (Batch (None, 128, 104, 1)       4         
_________________________________________________________________
conv2d_1 (Conv2D)            (None, 128, 104, 24)      624       
_________________________________________________________________
max_pooling2d_1 (MaxPooling2 (None, 64, 26, 24)        0         
_________________________________________________________________
conv2d_2 (Conv2D)            (None, 64, 26, 48)        28848     
_________________________________________________________________
max_pooling2d_2 (MaxPooling2 (None, 32, 6, 48)         0         
_________________________________________________________________
conv2d_3 (Conv2D)            (None, 32, 6, 48)         57648     
_________________________________________________________________
flatten_1 (Flatten)          (None, 9216)              0         
_________________________________________________________________
dense_1 (Dense)              (None, 64)                589888    
_________________________________________________________________
dense_2 (Dense)              (None, 1)                 65        
=================================================================
Total params: 677,077
Trainable params: 677,075
Non-trainable params: 2
_________________________________________________________________
         acc      loss   val_acc  val_loss
0   0.860229  0.673760  0.530029  1.428392
1   0.956665  0.166903  0.500000  2.468079
2   0.969116  0.141770  0.557251  1.382270
3   0.973267  0.118706  0.532837  1.679805
4   0.976440  0.105283  0.516357  2.781217
5   0.975586  0.108613  0.523071  1.767671
6   0.977783  0.108965  0.549805  2.790525
7   0.984131  0.076630  0.551758  1.854925
8   0.984253  0.087120  0.584351  1.625303
9   0.983643  0.074876  0.526245  3.642537
10  0.981079  0.090051  0.569946  1.975968
11  0.980591  0.089478  0.519775  3.693830
12  0.986572  0.072466  0.583252  1.162068
13  0.985962  0.074806  0.552124  2.045395
14  0.982666  0.088851  0.558105  1.872928
15  0.978882  0.118238  0.539795  2.908558
16  0.987061  0.077542  0.561035  0.961305
17  0.986572  0.080104  0.570435  1.914768
18  0.989624  0.068395  0.585449  1.707897
19  0.988037  0.061556  0.602661  1.930644
20  0.983643  0.079951  0.609497  1.761107
21  0.980347  0.106866  0.541138  5.183829
22  0.988159  0.066479  0.535156  3.163416
23  0.988037  0.065112  0.584473  2.985544
24  0.982666  0.084268  0.569092  2.352401
25  0.985474  0.082526  0.515991  3.496470
26  0.986816  0.072466  0.545898  1.438848
27  0.625977  5.881161  0.502075  7.971984
28  0.500122  7.999778  0.493652  8.099990
29  0.507080  7.883582  0.492554  8.113011
30  0.497925  8.025555  0.507202  7.875934
31  0.507446  7.870545  0.512817  7.783497

2017-08-25 10:16:01.768762 Finish.
Total elapsed time: 04:24:03.77.
