2018-01-31 14:12:07.000278: W tensorflow/core/platform/cpu_feature_guard.cc:45] The TensorFlow library wasn't compiled to use SSE4.1 instructions, but these are available on your machine and could speed up CPU computations.
2018-01-31 14:12:07.000587: W tensorflow/core/platform/cpu_feature_guard.cc:45] The TensorFlow library wasn't compiled to use SSE4.2 instructions, but these are available on your machine and could speed up CPU computations.
2018-01-31 14:12:07.000601: W tensorflow/core/platform/cpu_feature_guard.cc:45] The TensorFlow library wasn't compiled to use AVX instructions, but these are available on your machine and could speed up CPU computations.
Using TensorFlow backend.
2018-01-31 14:12:03.922692 Start.
Training Salamon's ICASSP 2017 convnet on BirdVox-70k. 
Training set: unit05, unit07, unit10.
Validation set: unit01, unit02.
Test set: unit03.

h5py version: 2.6.0
keras version: 2.0.6
numpy version: 1.13.1
pandas version: 0.20.3
pescador version: 1.0.0
tensorflow version: 1.2.1

_________________________________________________________________
Layer (type)                 Output Shape              Param #   
=================================================================
input_1 (InputLayer)         (None, 128, 104, 1)       0         
_________________________________________________________________
batch_normalization_1 (Batch (None, 128, 104, 1)       4         
_________________________________________________________________
conv2d_1 (Conv2D)            (None, 128, 104, 24)      624       
_________________________________________________________________
max_pooling2d_1 (MaxPooling2 (None, 64, 26, 24)        0         
_________________________________________________________________
conv2d_2 (Conv2D)            (None, 64, 26, 48)        28848     
_________________________________________________________________
max_pooling2d_2 (MaxPooling2 (None, 32, 6, 48)         0         
_________________________________________________________________
conv2d_3 (Conv2D)            (None, 32, 6, 48)         57648     
_________________________________________________________________
flatten_1 (Flatten)          (None, 9216)              0         
_________________________________________________________________
dense_1 (Dense)              (None, 64)                589888    
_________________________________________________________________
dense_2 (Dense)              (None, 1)                 65        
=================================================================
Total params: 677,077
Trainable params: 677,075
Non-trainable params: 2
_________________________________________________________________
         acc      loss   val_acc  val_loss
0   0.849731  0.520114  0.630493  1.441131
1   0.945801  0.190427  0.699341  1.178308
2   0.957153  0.157479  0.667969  1.040331
3   0.962769  0.144251  0.676025  1.969113
4   0.969238  0.122855  0.748657  0.684207
5   0.972412  0.113214  0.684326  1.887577
6   0.969971  0.133048  0.685913  2.912501
7   0.974731  0.110382  0.711304  1.481357
8   0.973389  0.111438  0.701660  1.442641
9   0.972534  0.108454  0.695312  0.992180
10  0.973511  0.113226  0.688477  1.474474
11  0.981445  0.092672  0.685547  1.459153
12  0.977783  0.091446  0.702515  2.209815
13  0.975586  0.099583  0.702393  1.166680
14  0.978638  0.092111  0.715088  1.304964
15  0.974243  0.102272  0.737061  0.727980
16  0.981445  0.087071  0.735107  1.109987
17  0.979004  0.084055  0.729736  0.978082
18  0.977905  0.096305  0.742920  0.961348
19  0.982788  0.084071  0.710815  1.182201
20  0.970215  0.119687  0.704224  1.162353
21  0.978149  0.107294  0.702637  1.724557
22  0.981445  0.086474  0.736938  1.518874
23  0.980347  0.090019  0.703369  0.998856
24  0.978271  0.094623  0.703491  1.936785
25  0.978149  0.099718  0.685669  1.912916
26  0.976562  0.103570  0.706665  1.950003
27  0.980103  0.092944  0.692383  0.809624
28  0.977173  0.088198  0.697632  0.792437
29  0.981812  0.080899  0.772217  0.906020
30  0.664673  5.289265  0.504517  7.938212
31  0.510742  7.836367  0.508667  7.867124

2018-01-31 17:57:56.917832 Finish.
Total elapsed time: 03:45:53.92.
