2017-08-24 20:42:52.242039: W tensorflow/core/platform/cpu_feature_guard.cc:45] The TensorFlow library wasn't compiled to use SSE4.1 instructions, but these are available on your machine and could speed up CPU computations.
2017-08-24 20:42:52.242313: W tensorflow/core/platform/cpu_feature_guard.cc:45] The TensorFlow library wasn't compiled to use SSE4.2 instructions, but these are available on your machine and could speed up CPU computations.
2017-08-24 20:42:52.242326: W tensorflow/core/platform/cpu_feature_guard.cc:45] The TensorFlow library wasn't compiled to use AVX instructions, but these are available on your machine and could speed up CPU computations.
Using TensorFlow backend.
2017-08-24 20:42:49.346010 Start.
Training Salamon's ICASSP 2017 convnet on BirdVox-70k. 
Training set: unit02, unit03, unit05.
Validation set: unit07, unit10.
Test set: unit01.

h5py version: 2.6.0
keras version: 2.0.6
numpy version: 1.13.1
pandas version: 0.20.3
pescador version: 1.0.0
tensorflow version: 1.2.1

_________________________________________________________________
Layer (type)                 Output Shape              Param #   
=================================================================
input_1 (InputLayer)         (None, 128, 104, 1)       0         
_________________________________________________________________
batch_normalization_1 (Batch (None, 128, 104, 1)       4         
_________________________________________________________________
conv2d_1 (Conv2D)            (None, 128, 104, 24)      624       
_________________________________________________________________
max_pooling2d_1 (MaxPooling2 (None, 64, 26, 24)        0         
_________________________________________________________________
conv2d_2 (Conv2D)            (None, 64, 26, 48)        28848     
_________________________________________________________________
max_pooling2d_2 (MaxPooling2 (None, 32, 6, 48)         0         
_________________________________________________________________
conv2d_3 (Conv2D)            (None, 32, 6, 48)         57648     
_________________________________________________________________
flatten_1 (Flatten)          (None, 9216)              0         
_________________________________________________________________
dense_1 (Dense)              (None, 64)                589888    
_________________________________________________________________
dense_2 (Dense)              (None, 1)                 65        
=================================================================
Total params: 677,077
Trainable params: 677,075
Non-trainable params: 2
_________________________________________________________________
         acc      loss   val_acc  val_loss
0   0.810059  0.491864  0.793579  1.289856
1   0.919189  0.256450  0.733276  0.654777
2   0.948730  0.181481  0.862305  0.352797
3   0.958252  0.154298  0.775757  0.494246
4   0.960693  0.140018  0.859985  0.362494
5   0.959595  0.147702  0.863159  0.337614
6   0.866699  1.389517  0.501099  8.002959
7   0.497437  8.056913  0.501709  7.984498
8   0.503662  7.950182  0.503662  7.947320
9   0.494873  8.085090  0.492920  8.114045
10  0.497559  8.038218  0.511353  7.816537
11  0.492188  8.120511  0.501587  7.969171
12  0.510498  7.825771  0.501587  7.966553
13  0.489746  8.154162  0.513672  7.771607
14  0.496948  8.037200  0.494507  8.075133
15  0.503052  7.938001  0.494751  8.069457
16  0.503052  7.936314  0.495117  8.062025
17  0.497925  8.016541  0.488770  8.161794
18  0.494507  8.069677  0.508667  7.843298
19  0.505127  7.899148  0.506226  7.881061
20  0.501099  7.962267  0.499512  7.987049
21  0.490723  8.126686  0.494873  8.060050
22  0.508179  7.847489  0.490112  8.135084
23  0.504395  7.906994  0.499146  7.990287
24  0.505859  7.882890  0.486816  8.186127
25  0.500610  7.965889  0.503540  7.918862
26  0.502686  7.932185  0.498169  8.003900
27  0.498413  7.999738  0.494629  8.059804
28  0.500366  7.968096  0.495361  8.047651
29  0.500000  7.973484  0.501953  7.942139
30  0.500000  7.973087  0.503662  7.914521
31  0.504639  7.898787  0.505371  7.886952

2017-08-25 01:06:13.142137 Finish.
Total elapsed time: 04:23:24.14.
