2017-08-25 01:27:53.785068: W tensorflow/core/platform/cpu_feature_guard.cc:45] The TensorFlow library wasn't compiled to use SSE4.1 instructions, but these are available on your machine and could speed up CPU computations.
2017-08-25 01:27:53.785363: W tensorflow/core/platform/cpu_feature_guard.cc:45] The TensorFlow library wasn't compiled to use SSE4.2 instructions, but these are available on your machine and could speed up CPU computations.
2017-08-25 01:27:53.785378: W tensorflow/core/platform/cpu_feature_guard.cc:45] The TensorFlow library wasn't compiled to use AVX instructions, but these are available on your machine and could speed up CPU computations.
Using TensorFlow backend.
2017-08-25 01:27:52.704534 Start.
Training Salamon's ICASSP 2017 convnet on BirdVox-70k. 
Training set: unit02, unit03, unit05.
Validation set: unit07, unit10.
Test set: unit01.

h5py version: 2.6.0
keras version: 2.0.6
numpy version: 1.13.1
pandas version: 0.20.3
pescador version: 1.0.0
tensorflow version: 1.2.1

_________________________________________________________________
Layer (type)                 Output Shape              Param #   
=================================================================
input_1 (InputLayer)         (None, 128, 104, 1)       0         
_________________________________________________________________
batch_normalization_1 (Batch (None, 128, 104, 1)       4         
_________________________________________________________________
conv2d_1 (Conv2D)            (None, 128, 104, 24)      624       
_________________________________________________________________
max_pooling2d_1 (MaxPooling2 (None, 64, 26, 24)        0         
_________________________________________________________________
conv2d_2 (Conv2D)            (None, 64, 26, 48)        28848     
_________________________________________________________________
max_pooling2d_2 (MaxPooling2 (None, 32, 6, 48)         0         
_________________________________________________________________
conv2d_3 (Conv2D)            (None, 32, 6, 48)         57648     
_________________________________________________________________
flatten_1 (Flatten)          (None, 9216)              0         
_________________________________________________________________
dense_1 (Dense)              (None, 64)                589888    
_________________________________________________________________
dense_2 (Dense)              (None, 1)                 65        
=================================================================
Total params: 677,077
Trainable params: 677,075
Non-trainable params: 2
_________________________________________________________________
         acc      loss   val_acc  val_loss
0   0.897461  0.381628  0.600586  2.468535
1   0.963745  0.161748  0.783936  0.403681
2   0.974243  0.105024  0.844604  0.353783
3   0.979004  0.094930  0.564697  1.500628
4   0.982544  0.077155  0.775024  0.691686
5   0.986694  0.059391  0.893555  0.196648
6   0.985718  0.068474  0.760986  0.409337
7   0.988647  0.055288  0.868530  0.368565
8   0.946533  0.208458  0.742554  0.539262
9   0.859985  0.642932  0.504883  7.928091
10  0.496826  8.054811  0.499268  8.012793
11  0.501221  7.979186  0.510498  7.829005
12  0.505737  7.902953  0.514160  7.766830
13  0.500244  7.987058  0.489746  8.152868
14  0.495972  8.052226  0.499878  7.988616
15  0.503906  7.923192  0.491943  8.112752
16  0.504395  7.913207  0.505737  7.890796
17  0.501953  7.950218  0.493530  8.083627
18  0.496704  8.032243  0.501221  7.959483
19  0.492065  8.104763  0.496460  8.034054
20  0.499146  7.990659  0.499268  7.988157
21  0.494629  8.061614  0.500122  7.973567
22  0.500854  7.961472  0.488892  8.151790
23  0.505859  7.880933  0.507324  7.857246
24  0.493896  8.071024  0.496460  8.029880
25  0.500122  7.971257  0.498779  7.992437
26  0.496216  8.033108  0.495850  8.038762
27  0.499268  7.984113  0.499634  7.978125
28  0.501099  7.954645  0.501343  7.950634
29  0.492554  8.090652  0.497314  8.014660
30  0.502075  7.938683  0.499634  7.977531
31  0.497559  8.010553  0.501221  7.952113

2017-08-25 05:47:25.119190 Finish.
Total elapsed time: 04:19:33.12.
