2018-01-31 16:00:40.923912: W tensorflow/core/platform/cpu_feature_guard.cc:45] The TensorFlow library wasn't compiled to use SSE4.1 instructions, but these are available on your machine and could speed up CPU computations.
2018-01-31 16:00:40.924197: W tensorflow/core/platform/cpu_feature_guard.cc:45] The TensorFlow library wasn't compiled to use SSE4.2 instructions, but these are available on your machine and could speed up CPU computations.
2018-01-31 16:00:40.924210: W tensorflow/core/platform/cpu_feature_guard.cc:45] The TensorFlow library wasn't compiled to use AVX instructions, but these are available on your machine and could speed up CPU computations.
2018-01-31 16:00:40.924216: W tensorflow/core/platform/cpu_feature_guard.cc:45] The TensorFlow library wasn't compiled to use AVX2 instructions, but these are available on your machine and could speed up CPU computations.
2018-01-31 16:00:40.924222: W tensorflow/core/platform/cpu_feature_guard.cc:45] The TensorFlow library wasn't compiled to use FMA instructions, but these are available on your machine and could speed up CPU computations.
Using TensorFlow backend.
2018-01-31 16:00:26.112797 Start.
Training Salamon's ICASSP 2017 convnet on BirdVox-70k. 
Training set: unit03, unit05, unit07.
Validation set: unit10, unit01.
Test set: unit02.

h5py version: 2.6.0
keras version: 2.0.6
numpy version: 1.13.1
pandas version: 0.20.3
pescador version: 1.0.0
tensorflow version: 1.2.1

_________________________________________________________________
Layer (type)                 Output Shape              Param #   
=================================================================
input_1 (InputLayer)         (None, 128, 104, 1)       0         
_________________________________________________________________
batch_normalization_1 (Batch (None, 128, 104, 1)       4         
_________________________________________________________________
conv2d_1 (Conv2D)            (None, 128, 104, 24)      624       
_________________________________________________________________
max_pooling2d_1 (MaxPooling2 (None, 64, 26, 24)        0         
_________________________________________________________________
conv2d_2 (Conv2D)            (None, 64, 26, 48)        28848     
_________________________________________________________________
max_pooling2d_2 (MaxPooling2 (None, 32, 6, 48)         0         
_________________________________________________________________
conv2d_3 (Conv2D)            (None, 32, 6, 48)         57648     
_________________________________________________________________
flatten_1 (Flatten)          (None, 9216)              0         
_________________________________________________________________
dense_1 (Dense)              (None, 64)                589888    
_________________________________________________________________
dense_2 (Dense)              (None, 1)                 65        
=================================================================
Total params: 677,077
Trainable params: 677,075
Non-trainable params: 2
_________________________________________________________________
         acc      loss   val_acc  val_loss
0   0.819702  0.470259  0.714355  1.309568
1   0.940796  0.192452  0.680786  0.944837
2   0.951782  0.160424  0.694336  0.641482
3   0.961548  0.131713  0.753662  0.697936
4   0.960449  0.127137  0.796509  0.617491
5   0.969727  0.110556  0.783569  0.657919
6   0.971069  0.105409  0.799683  0.611952
7   0.968384  0.111679  0.797119  0.649739
8   0.971924  0.107830  0.775513  0.772970
9   0.970947  0.101465  0.812012  0.714439
10  0.975586  0.092624  0.814697  1.063971
11  0.970825  0.110103  0.841553  0.454953
12  0.973755  0.098460  0.820312  0.609557
13  0.977661  0.087769  0.814941  0.638735
14  0.977295  0.089550  0.815918  0.612094
15  0.973877  0.098563  0.840576  0.466516
16  0.974243  0.099814  0.849365  0.500199
17  0.974365  0.099927  0.834473  0.767092
18  0.970947  0.115293  0.880981  0.506854
19  0.969604  0.114330  0.827271  0.565958
20  0.928223  0.325077  0.792114  0.608349
21  0.685669  4.967576  0.508545  7.886786
22  0.501587  7.993855  0.505737  7.924419
23  0.500732  8.001631  0.500000  8.010912
24  0.496826  8.059430  0.491821  8.137235
25  0.496948  8.053711  0.505859  7.909918
26  0.496704  8.054288  0.504395  7.930140
27  0.497437  8.039633  0.498047  8.028501
28  0.492920  8.108926  0.500000  7.994769
29  0.495483  8.065569  0.496582  8.046872
30  0.493896  8.088574  0.485596  8.219818
31  0.498901  8.006667  0.501465  7.964792

2018-01-31 19:52:03.504760 Finish.
Total elapsed time: 03:51:37.50.
