2017-08-24 20:42:52.516250: W tensorflow/core/platform/cpu_feature_guard.cc:45] The TensorFlow library wasn't compiled to use SSE4.1 instructions, but these are available on your machine and could speed up CPU computations.
2017-08-24 20:42:52.516466: W tensorflow/core/platform/cpu_feature_guard.cc:45] The TensorFlow library wasn't compiled to use SSE4.2 instructions, but these are available on your machine and could speed up CPU computations.
2017-08-24 20:42:52.516480: W tensorflow/core/platform/cpu_feature_guard.cc:45] The TensorFlow library wasn't compiled to use AVX instructions, but these are available on your machine and could speed up CPU computations.
Using TensorFlow backend.
2017-08-24 20:42:48.837592 Start.
Training Salamon's ICASSP 2017 convnet on BirdVox-70k. 
Training set: unit05, unit07, unit10.
Validation set: unit01, unit02.
Test set: unit03.

h5py version: 2.6.0
keras version: 2.0.6
numpy version: 1.13.1
pandas version: 0.20.3
pescador version: 1.0.0
tensorflow version: 1.2.1

_________________________________________________________________
Layer (type)                 Output Shape              Param #   
=================================================================
input_1 (InputLayer)         (None, 128, 104, 1)       0         
_________________________________________________________________
batch_normalization_1 (Batch (None, 128, 104, 1)       4         
_________________________________________________________________
conv2d_1 (Conv2D)            (None, 128, 104, 24)      624       
_________________________________________________________________
max_pooling2d_1 (MaxPooling2 (None, 64, 26, 24)        0         
_________________________________________________________________
conv2d_2 (Conv2D)            (None, 64, 26, 48)        28848     
_________________________________________________________________
max_pooling2d_2 (MaxPooling2 (None, 32, 6, 48)         0         
_________________________________________________________________
conv2d_3 (Conv2D)            (None, 32, 6, 48)         57648     
_________________________________________________________________
flatten_1 (Flatten)          (None, 9216)              0         
_________________________________________________________________
dense_1 (Dense)              (None, 64)                589888    
_________________________________________________________________
dense_2 (Dense)              (None, 1)                 65        
=================================================================
Total params: 677,077
Trainable params: 677,075
Non-trainable params: 2
_________________________________________________________________
         acc      loss   val_acc  val_loss
0   0.788208  0.521191  0.721924  1.087134
1   0.920288  0.261377  0.710449  1.190619
2   0.947266  0.185385  0.741943  0.936977
3   0.952637  0.165145  0.747925  1.359237
4   0.956421  0.158166  0.743286  1.809756
5   0.964844  0.127019  0.760620  0.696039
6   0.969360  0.117427  0.759888  0.910189
7   0.970825  0.117967  0.755005  1.842485
8   0.969604  0.115706  0.766235  0.983351
9   0.970215  0.114922  0.756592  1.567230
10  0.971802  0.114960  0.759155  1.249638
11  0.975098  0.101008  0.762207  1.661944
12  0.973755  0.106998  0.765503  1.850896
13  0.969849  0.113690  0.797241  0.687428
14  0.969849  0.119891  0.782349  1.320565
15  0.975098  0.099746  0.779297  1.881280
16  0.973511  0.111850  0.769409  1.247153
17  0.971313  0.110380  0.769043  1.268000
18  0.967529  0.118721  0.755127  1.569267
19  0.977417  0.095948  0.784180  1.398944
20  0.937988  0.198643  0.763428  1.002937
21  0.970337  0.132498  0.766357  1.363511
22  0.758911  3.615905  0.508301  7.972603
23  0.521484  7.700182  0.503662  7.976938
24  0.505981  7.937168  0.496582  8.084506
25  0.499268  8.039616  0.496582  8.080487
26  0.497803  8.059325  0.502686  7.979857
27  0.498169  8.050394  0.492676  8.136548
28  0.512573  7.818025  0.498169  8.046385
29  0.501221  7.996536  0.495117  8.092667
30  0.501953  7.982574  0.506226  7.913365
31  0.500854  7.997949  0.498779  8.029998

2017-08-25 01:10:01.006780 Finish.
Total elapsed time: 04:27:13.01.
