2018-01-31 14:12:07.340126: W tensorflow/core/platform/cpu_feature_guard.cc:45] The TensorFlow library wasn't compiled to use SSE4.1 instructions, but these are available on your machine and could speed up CPU computations.
2018-01-31 14:12:07.340409: W tensorflow/core/platform/cpu_feature_guard.cc:45] The TensorFlow library wasn't compiled to use SSE4.2 instructions, but these are available on your machine and could speed up CPU computations.
2018-01-31 14:12:07.340433: W tensorflow/core/platform/cpu_feature_guard.cc:45] The TensorFlow library wasn't compiled to use AVX instructions, but these are available on your machine and could speed up CPU computations.
2018-01-31 14:12:07.340438: W tensorflow/core/platform/cpu_feature_guard.cc:45] The TensorFlow library wasn't compiled to use AVX2 instructions, but these are available on your machine and could speed up CPU computations.
2018-01-31 14:12:07.340443: W tensorflow/core/platform/cpu_feature_guard.cc:45] The TensorFlow library wasn't compiled to use FMA instructions, but these are available on your machine and could speed up CPU computations.
Using TensorFlow backend.
2018-01-31 14:12:03.741415 Start.
Training Salamon's ICASSP 2017 convnet on BirdVox-70k. 
Training set: unit10, unit01, unit02.
Validation set: unit03, unit05.
Test set: unit07.

h5py version: 2.6.0
keras version: 2.0.6
numpy version: 1.13.1
pandas version: 0.20.3
pescador version: 1.0.0
tensorflow version: 1.2.1

_________________________________________________________________
Layer (type)                 Output Shape              Param #   
=================================================================
input_1 (InputLayer)         (None, 128, 104, 1)       0         
_________________________________________________________________
batch_normalization_1 (Batch (None, 128, 104, 1)       4         
_________________________________________________________________
conv2d_1 (Conv2D)            (None, 128, 104, 24)      624       
_________________________________________________________________
max_pooling2d_1 (MaxPooling2 (None, 64, 26, 24)        0         
_________________________________________________________________
conv2d_2 (Conv2D)            (None, 64, 26, 48)        28848     
_________________________________________________________________
max_pooling2d_2 (MaxPooling2 (None, 32, 6, 48)         0         
_________________________________________________________________
conv2d_3 (Conv2D)            (None, 32, 6, 48)         57648     
_________________________________________________________________
flatten_1 (Flatten)          (None, 9216)              0         
_________________________________________________________________
dense_1 (Dense)              (None, 64)                589888    
_________________________________________________________________
dense_2 (Dense)              (None, 1)                 65        
=================================================================
Total params: 677,077
Trainable params: 677,075
Non-trainable params: 2
_________________________________________________________________
         acc      loss   val_acc  val_loss
0   0.757568  0.675799  0.766724  0.569545
1   0.894775  0.316391  0.914429  0.248510
2   0.923096  0.240815  0.927124  0.216403
3   0.936523  0.209718  0.931519  0.212718
4   0.938232  0.200768  0.946411  0.174124
5   0.945435  0.192999  0.942017  0.189732
6   0.946777  0.180532  0.898560  0.274967
7   0.953979  0.159238  0.943970  0.181746
8   0.952271  0.159033  0.957153  0.138637
9   0.956665  0.150521  0.959839  0.143311
10  0.954102  0.159793  0.933350  0.184273
11  0.953369  0.162750  0.955566  0.139746
12  0.957886  0.151569  0.969238  0.108093
13  0.958008  0.146157  0.955811  0.137374
14  0.950684  0.175959  0.950806  0.165260
15  0.803833  1.030235  0.799683  3.214079
16  0.515869  7.772496  0.508057  7.891122
17  0.503052  7.966995  0.494507  8.099777
18  0.508667  7.871303  0.492188  8.131525
19  0.492310  8.127479  0.500854  7.989287
20  0.508057  7.872764  0.508057  7.871150
21  0.505249  7.914483  0.499390  8.006531
22  0.505371  7.909948  0.507202  7.879580
23  0.501831  7.964140  0.505859  7.898887
24  0.500610  7.981625  0.492065  8.116935
25  0.500732  7.977918  0.499390  7.998502
26  0.497437  8.028875  0.495605  8.057320
27  0.495117  8.064407  0.498779  8.005341
28  0.504517  7.913232  0.499023  8.000175
29  0.496704  8.036555  0.495972  8.047644
30  0.498291  8.010112  0.495728  8.050431
31  0.507324  7.865029  0.506348  7.880081

2018-01-31 18:03:22.764897 Finish.
Total elapsed time: 03:51:19.76.
