2017-10-09 20:18:05.664396: W tensorflow/core/platform/cpu_feature_guard.cc:45] The TensorFlow library wasn't compiled to use SSE4.1 instructions, but these are available on your machine and could speed up CPU computations.
2017-10-09 20:18:05.664703: W tensorflow/core/platform/cpu_feature_guard.cc:45] The TensorFlow library wasn't compiled to use SSE4.2 instructions, but these are available on your machine and could speed up CPU computations.
2017-10-09 20:18:05.664731: W tensorflow/core/platform/cpu_feature_guard.cc:45] The TensorFlow library wasn't compiled to use AVX instructions, but these are available on your machine and could speed up CPU computations.
Using TensorFlow backend.
2017-10-09 20:18:03.408592 Start.
Training Salamon's ICASSP 2017 convnet on BirdVox-70k. 
Training set: unit10, unit01, unit02.
Validation set: unit03, unit05.
Test set: unit07.

h5py version: 2.6.0
keras version: 2.0.6
numpy version: 1.13.1
pandas version: 0.20.3
pescador version: 1.0.0
tensorflow version: 1.2.1

_________________________________________________________________
Layer (type)                 Output Shape              Param #   
=================================================================
input_1 (InputLayer)         (None, 128, 104, 1)       0         
_________________________________________________________________
batch_normalization_1 (Batch (None, 128, 104, 1)       4         
_________________________________________________________________
conv2d_1 (Conv2D)            (None, 128, 104, 24)      624       
_________________________________________________________________
max_pooling2d_1 (MaxPooling2 (None, 64, 26, 24)        0         
_________________________________________________________________
conv2d_2 (Conv2D)            (None, 64, 26, 48)        28848     
_________________________________________________________________
max_pooling2d_2 (MaxPooling2 (None, 32, 6, 48)         0         
_________________________________________________________________
conv2d_3 (Conv2D)            (None, 32, 6, 48)         57648     
_________________________________________________________________
flatten_1 (Flatten)          (None, 9216)              0         
_________________________________________________________________
dense_1 (Dense)              (None, 64)                589888    
_________________________________________________________________
dense_2 (Dense)              (None, 1)                 65        
=================================================================
Total params: 677,077
Trainable params: 677,075
Non-trainable params: 2
_________________________________________________________________
         acc      loss   val_acc  val_loss
0   0.882812  0.422519  0.497925  3.476273
1   0.922363  0.228218  0.508179  1.387318
2   0.940308  0.190933  0.604858  1.007143
3   0.949219  0.158015  0.644775  0.778218
4   0.957642  0.135558  0.670776  0.585117
5   0.958740  0.140862  0.578613  1.382583
6   0.970825  0.112282  0.609985  1.139491
7   0.977661  0.095535  0.622192  1.639770
8   0.971313  0.118660  0.683105  1.807830
9   0.984863  0.086655  0.584229  2.497198
10  0.980347  0.103172  0.690918  0.973388
11  0.924072  0.302245  0.512939  1.800932
12  0.963379  0.184703  0.534058  4.239870
13  0.984985  0.114868  0.581787  2.299405
14  0.989258  0.094161  0.695312  1.778728
15  0.676758  4.812608  0.507935  7.916479
16  0.507446  7.917025  0.499146  8.042962
17  0.496094  8.086386  0.495850  8.085405
18  0.506348  7.913833  0.505371  7.925422
19  0.500366  8.001713  0.497437  8.045092
20  0.507812  7.876727  0.507446  7.879756
21  0.500122  7.994027  0.500977  7.978026
22  0.493042  8.102411  0.502563  7.948605
23  0.493774  8.086943  0.505737  7.894532
24  0.514038  7.760703  0.502686  7.940270
25  0.510376  7.816421  0.505249  7.896977
26  0.498169  8.008819  0.501221  7.959194
27  0.505249  7.894129  0.502563  7.936148
28  0.499634  7.982169  0.524170  7.590362
29  0.504150  7.908971  0.497559  8.013546
30  0.503296  7.921644  0.489868  8.135308
31  0.500488  7.965656  0.491211  8.113243

2017-10-10 00:45:04.869786 Finish.
Total elapsed time: 04:27:01.87.
