2017-10-09 20:18:09.642239: W tensorflow/core/platform/cpu_feature_guard.cc:45] The TensorFlow library wasn't compiled to use SSE4.1 instructions, but these are available on your machine and could speed up CPU computations.
2017-10-09 20:18:09.642477: W tensorflow/core/platform/cpu_feature_guard.cc:45] The TensorFlow library wasn't compiled to use SSE4.2 instructions, but these are available on your machine and could speed up CPU computations.
2017-10-09 20:18:09.642494: W tensorflow/core/platform/cpu_feature_guard.cc:45] The TensorFlow library wasn't compiled to use AVX instructions, but these are available on your machine and could speed up CPU computations.
Using TensorFlow backend.
2017-10-09 20:18:03.408506 Start.
Training Salamon's ICASSP 2017 convnet on BirdVox-70k. 
Training set: unit02, unit03, unit05.
Validation set: unit07, unit10.
Test set: unit01.

h5py version: 2.6.0
keras version: 2.0.6
numpy version: 1.13.1
pandas version: 0.20.3
pescador version: 1.0.0
tensorflow version: 1.2.1

_________________________________________________________________
Layer (type)                 Output Shape              Param #   
=================================================================
input_1 (InputLayer)         (None, 128, 104, 1)       0         
_________________________________________________________________
batch_normalization_1 (Batch (None, 128, 104, 1)       4         
_________________________________________________________________
conv2d_1 (Conv2D)            (None, 128, 104, 24)      624       
_________________________________________________________________
max_pooling2d_1 (MaxPooling2 (None, 64, 26, 24)        0         
_________________________________________________________________
conv2d_2 (Conv2D)            (None, 64, 26, 48)        28848     
_________________________________________________________________
max_pooling2d_2 (MaxPooling2 (None, 32, 6, 48)         0         
_________________________________________________________________
conv2d_3 (Conv2D)            (None, 32, 6, 48)         57648     
_________________________________________________________________
flatten_1 (Flatten)          (None, 9216)              0         
_________________________________________________________________
dense_1 (Dense)              (None, 64)                589888    
_________________________________________________________________
dense_2 (Dense)              (None, 1)                 65        
=================================================================
Total params: 677,077
Trainable params: 677,075
Non-trainable params: 2
_________________________________________________________________
         acc      loss   val_acc  val_loss
0   0.924805  0.366355  0.515259  1.902870
1   0.967529  0.205875  0.703857  0.463595
2   0.934814  0.791263  0.760498  3.813292
3   0.740845  4.221683  0.492188  8.179493
4   0.500000  8.050153  0.503052  7.996969
5   0.495605  8.111848  0.506714  7.931144
6   0.499023  8.050571  0.497314  8.074781
7   0.498169  8.058427  0.504883  7.948759
8   0.502930  7.977489  0.498413  8.047159
9   0.498413  8.045002  0.508423  7.883319
10  0.494263  8.107107  0.501587  7.988425
11  0.496582  8.066420  0.500488  8.002385
12  0.496826  8.059111  0.500366  8.001046
13  0.507935  7.878851  0.506348  7.902637
14  0.496826  8.053001  0.499878  8.002939
15  0.497437  8.040524  0.500244  7.994447
16  0.488281  8.183916  0.504150  7.929693
17  0.494263  8.086160  0.504761  7.917647
18  0.501587  7.967157  0.497070  8.038091
19  0.493408  8.095460  0.495605  8.059433
20  0.501343  7.967025  0.492798  8.102325
21  0.505859  7.893221  0.501831  7.956586
22  0.502808  7.940211  0.492920  8.097054
23  0.500244  7.979547  0.490112  8.140346
24  0.506104  7.884727  0.497070  8.028072
25  0.500000  7.980743  0.507446  7.861422
26  0.499878  7.981512  0.492798  8.093830
27  0.503174  7.927896  0.493774  8.077241
28  0.515503  7.730367  0.499023  7.992633
29  0.498901  7.994156  0.498901  7.993744
30  0.502319  7.938873  0.508057  7.847036
31  0.500732  7.963461  0.497803  8.009837

2017-10-10 00:44:38.149475 Finish.
Total elapsed time: 04:26:35.15.
