2017-08-25 05:50:12.050091: W tensorflow/core/platform/cpu_feature_guard.cc:45] The TensorFlow library wasn't compiled to use SSE4.1 instructions, but these are available on your machine and could speed up CPU computations.
2017-08-25 05:50:12.050332: W tensorflow/core/platform/cpu_feature_guard.cc:45] The TensorFlow library wasn't compiled to use SSE4.2 instructions, but these are available on your machine and could speed up CPU computations.
2017-08-25 05:50:12.050347: W tensorflow/core/platform/cpu_feature_guard.cc:45] The TensorFlow library wasn't compiled to use AVX instructions, but these are available on your machine and could speed up CPU computations.
Using TensorFlow backend.
2017-08-25 05:50:10.997479 Start.
Training Salamon's ICASSP 2017 convnet on BirdVox-70k. 
Training set: unit02, unit03, unit05.
Validation set: unit07, unit10.
Test set: unit01.

h5py version: 2.6.0
keras version: 2.0.6
numpy version: 1.13.1
pandas version: 0.20.3
pescador version: 1.0.0
tensorflow version: 1.2.1

_________________________________________________________________
Layer (type)                 Output Shape              Param #   
=================================================================
input_1 (InputLayer)         (None, 128, 104, 1)       0         
_________________________________________________________________
batch_normalization_1 (Batch (None, 128, 104, 1)       4         
_________________________________________________________________
conv2d_1 (Conv2D)            (None, 128, 104, 24)      624       
_________________________________________________________________
max_pooling2d_1 (MaxPooling2 (None, 64, 26, 24)        0         
_________________________________________________________________
conv2d_2 (Conv2D)            (None, 64, 26, 48)        28848     
_________________________________________________________________
max_pooling2d_2 (MaxPooling2 (None, 32, 6, 48)         0         
_________________________________________________________________
conv2d_3 (Conv2D)            (None, 32, 6, 48)         57648     
_________________________________________________________________
flatten_1 (Flatten)          (None, 9216)              0         
_________________________________________________________________
dense_1 (Dense)              (None, 64)                589888    
_________________________________________________________________
dense_2 (Dense)              (None, 1)                 65        
=================================================================
Total params: 677,077
Trainable params: 677,075
Non-trainable params: 2
_________________________________________________________________
         acc      loss   val_acc  val_loss
0   0.881104  0.420930  0.873291  0.355449
1   0.961548  0.149137  0.736328  0.542435
2   0.975342  0.109803  0.740356  0.641167
3   0.979004  0.098542  0.757568  0.641092
4   0.982666  0.079792  0.952637  0.201778
5   0.987061  0.060594  0.871704  0.295282
6   0.987061  0.059987  0.889038  0.276870
7   0.988403  0.056260  0.708008  1.171867
8   0.987183  0.057476  0.723999  0.614253
9   0.990112  0.049209  0.881348  0.334711
10  0.987915  0.048845  0.821899  0.435194
11  0.989624  0.052308  0.972168  0.132097
12  0.982300  0.117965  0.630005  1.103514
13  0.836792  0.556012  0.831177  2.450658
14  0.570557  4.530295  0.494629  8.094056
15  0.505249  7.921410  0.510010  7.842569
16  0.495361  8.073741  0.496704  8.050156
17  0.500854  7.982136  0.487549  8.192516
18  0.508057  7.864045  0.495850  8.057201
19  0.508301  7.857403  0.491943  8.116938
20  0.507202  7.872557  0.499146  7.999922
21  0.503174  7.934723  0.498047  8.015514
22  0.502441  7.944593  0.496948  8.031333
23  0.488037  8.172634  0.501221  7.961717
24  0.497559  8.019422  0.502075  7.946760
25  0.501587  7.953941  0.505249  7.894974
26  0.499268  7.989797  0.499268  7.989277
27  0.494263  8.068591  0.503174  7.926066
28  0.506348  7.875045  0.500610  7.966104
29  0.498047  8.006599  0.505371  7.889474
30  0.501709  7.947529  0.503418  7.919968
31  0.501221  7.954711  0.501099  7.956382

2017-08-25 10:11:38.641107 Finish.
Total elapsed time: 04:21:28.64.
