2017-08-25 00:11:50.902094: W tensorflow/core/platform/cpu_feature_guard.cc:45] The TensorFlow library wasn't compiled to use SSE4.1 instructions, but these are available on your machine and could speed up CPU computations.
2017-08-25 00:11:50.902404: W tensorflow/core/platform/cpu_feature_guard.cc:45] The TensorFlow library wasn't compiled to use SSE4.2 instructions, but these are available on your machine and could speed up CPU computations.
2017-08-25 00:11:50.902418: W tensorflow/core/platform/cpu_feature_guard.cc:45] The TensorFlow library wasn't compiled to use AVX instructions, but these are available on your machine and could speed up CPU computations.
Using TensorFlow backend.
2017-08-25 00:11:42.752901 Start.
Training Salamon's ICASSP 2017 convnet on BirdVox-70k. 
Training set: unit03, unit05, unit07.
Validation set: unit10, unit01.
Test set: unit02.

h5py version: 2.6.0
keras version: 2.0.6
numpy version: 1.13.1
pandas version: 0.20.3
pescador version: 1.0.0
tensorflow version: 1.2.1

_________________________________________________________________
Layer (type)                 Output Shape              Param #   
=================================================================
input_1 (InputLayer)         (None, 128, 104, 1)       0         
_________________________________________________________________
batch_normalization_1 (Batch (None, 128, 104, 1)       4         
_________________________________________________________________
conv2d_1 (Conv2D)            (None, 128, 104, 24)      624       
_________________________________________________________________
max_pooling2d_1 (MaxPooling2 (None, 64, 26, 24)        0         
_________________________________________________________________
conv2d_2 (Conv2D)            (None, 64, 26, 48)        28848     
_________________________________________________________________
max_pooling2d_2 (MaxPooling2 (None, 32, 6, 48)         0         
_________________________________________________________________
conv2d_3 (Conv2D)            (None, 32, 6, 48)         57648     
_________________________________________________________________
flatten_1 (Flatten)          (None, 9216)              0         
_________________________________________________________________
dense_1 (Dense)              (None, 64)                589888    
_________________________________________________________________
dense_2 (Dense)              (None, 1)                 65        
=================================================================
Total params: 677,077
Trainable params: 677,075
Non-trainable params: 2
_________________________________________________________________
         acc      loss   val_acc  val_loss
0   0.808228  0.700079  0.597168  0.852459
1   0.906982  0.263882  0.624634  0.843639
2   0.931519  0.201756  0.724976  0.713341
3   0.952515  0.154290  0.729980  0.807466
4   0.953369  0.152125  0.750732  0.611741
5   0.959595  0.138853  0.798950  0.571698
6   0.969727  0.103663  0.709961  0.822600
7   0.964233  0.131958  0.771362  0.722013
8   0.969116  0.109687  0.802612  0.584713
9   0.971313  0.107205  0.733521  0.701547
10  0.974365  0.098031  0.781982  0.931681
11  0.977295  0.091776  0.774414  0.645839
12  0.971191  0.104096  0.811279  0.605170
13  0.975708  0.089671  0.733643  0.728420
14  0.975220  0.084760  0.793945  1.333203
15  0.975464  0.091947  0.816040  0.528322
16  0.963867  0.125920  0.809937  0.610702
17  0.973267  0.092518  0.776611  0.674888
18  0.976562  0.086050  0.804321  0.650822
19  0.979370  0.081092  0.805176  0.653472
20  0.980835  0.073676  0.811157  0.943106
21  0.979980  0.073054  0.810181  0.803220
22  0.980225  0.077266  0.817627  0.700426
23  0.976929  0.082074  0.791016  0.805466
24  0.978149  0.083442  0.846924  0.564305
25  0.977051  0.085085  0.831421  0.631228
26  0.977051  0.086030  0.797852  0.781224
27  0.978394  0.089877  0.828979  0.754114
28  0.979004  0.088851  0.814209  0.687232
29  0.981445  0.073545  0.816895  0.720294
30  0.976807  0.096385  0.792114  2.418876
31  0.552124  7.227045  0.507080  7.977473

2017-08-25 04:37:11.130775 Finish.
Total elapsed time: 04:25:29.13.
