2017-08-24 20:42:20.564949: W tensorflow/core/platform/cpu_feature_guard.cc:45] The TensorFlow library wasn't compiled to use SSE4.1 instructions, but these are available on your machine and could speed up CPU computations.
2017-08-24 20:42:20.565174: W tensorflow/core/platform/cpu_feature_guard.cc:45] The TensorFlow library wasn't compiled to use SSE4.2 instructions, but these are available on your machine and could speed up CPU computations.
2017-08-24 20:42:20.565188: W tensorflow/core/platform/cpu_feature_guard.cc:45] The TensorFlow library wasn't compiled to use AVX instructions, but these are available on your machine and could speed up CPU computations.
Using TensorFlow backend.
2017-08-24 20:42:01.579265 Start.
Training Salamon's ICASSP 2017 convnet on BirdVox-70k. 
Training set: unit01, unit02, unit03.
Validation set: unit05, unit07.
Test set: unit10.

h5py version: 2.6.0
keras version: 2.0.6
numpy version: 1.13.1
pandas version: 0.20.3
pescador version: 1.0.0
tensorflow version: 1.2.1

_________________________________________________________________
Layer (type)                 Output Shape              Param #   
=================================================================
input_1 (InputLayer)         (None, 128, 104, 1)       0         
_________________________________________________________________
batch_normalization_1 (Batch (None, 128, 104, 1)       4         
_________________________________________________________________
conv2d_1 (Conv2D)            (None, 128, 104, 24)      624       
_________________________________________________________________
max_pooling2d_1 (MaxPooling2 (None, 64, 26, 24)        0         
_________________________________________________________________
conv2d_2 (Conv2D)            (None, 64, 26, 48)        28848     
_________________________________________________________________
max_pooling2d_2 (MaxPooling2 (None, 32, 6, 48)         0         
_________________________________________________________________
conv2d_3 (Conv2D)            (None, 32, 6, 48)         57648     
_________________________________________________________________
flatten_1 (Flatten)          (None, 9216)              0         
_________________________________________________________________
dense_1 (Dense)              (None, 64)                589888    
_________________________________________________________________
dense_2 (Dense)              (None, 1)                 65        
=================================================================
Total params: 677,077
Trainable params: 677,075
Non-trainable params: 2
_________________________________________________________________
         acc      loss   val_acc  val_loss
0   0.769165  0.700832  0.820801  0.432177
1   0.900635  0.293605  0.863892  0.330300
2   0.930176  0.222499  0.898804  0.270369
3   0.938232  0.191355  0.926758  0.230480
4   0.937988  0.183832  0.898315  0.242269
5   0.948730  0.164570  0.933960  0.198275
6   0.951782  0.151733  0.864746  0.325446
7   0.947510  0.167128  0.906128  0.233980
8   0.668579  4.926751  0.496826  8.059493
9   0.504028  7.938811  0.507935  7.872129
10  0.499390  8.005465  0.504639  7.919273
11  0.505127  7.909525  0.498657  8.010871
12  0.498047  8.019088  0.503418  7.932040
13  0.504272  7.917178  0.508789  7.843994
14  0.508911  7.840999  0.495361  8.056011
15  0.510010  7.821578  0.492676  8.097056
16  0.498413  8.004809  0.503784  7.918430
17  0.505127  7.896347  0.498169  8.006624
18  0.497559  8.015771  0.497559  8.015211
19  0.490479  8.127584  0.499023  7.990879
20  0.498779  7.994345  0.503418  7.919988
21  0.507202  7.859302  0.498657  7.995189
22  0.501221  7.954024  0.498413  7.998504
23  0.505859  7.879550  0.496460  8.029171
24  0.497314  8.015352  0.508057  7.843913
25  0.498901  7.989715  0.506836  7.863075
26  0.501587  7.946636  0.491455  8.108050
27  0.500488  7.963946  0.492554  8.090357
28  0.504517  7.899571  0.482422  8.251750
29  0.496216  8.031791  0.505859  7.878003
30  0.508057  7.842936  0.501099  7.953830
31  0.504639  8.028240  0.502441  8.052134

2017-08-25 01:07:04.250921 Finish.
Total elapsed time: 04:25:03.25.
