2017-08-25 11:45:35.848932: W tensorflow/core/platform/cpu_feature_guard.cc:45] The TensorFlow library wasn't compiled to use SSE4.1 instructions, but these are available on your machine and could speed up CPU computations.
2017-08-25 11:45:35.849209: W tensorflow/core/platform/cpu_feature_guard.cc:45] The TensorFlow library wasn't compiled to use SSE4.2 instructions, but these are available on your machine and could speed up CPU computations.
2017-08-25 11:45:35.849225: W tensorflow/core/platform/cpu_feature_guard.cc:45] The TensorFlow library wasn't compiled to use AVX instructions, but these are available on your machine and could speed up CPU computations.
Using TensorFlow backend.
2017-08-25 11:45:17.700748 Start.
Training Salamon's ICASSP 2017 convnet on BirdVox-70k. 
Training set: unit01, unit02, unit03.
Validation set: unit05, unit07.
Test set: unit10.

h5py version: 2.6.0
keras version: 2.0.6
numpy version: 1.13.1
pandas version: 0.20.3
pescador version: 1.0.0
tensorflow version: 1.2.1

_________________________________________________________________
Layer (type)                 Output Shape              Param #   
=================================================================
input_1 (InputLayer)         (None, 128, 104, 1)       0         
_________________________________________________________________
batch_normalization_1 (Batch (None, 128, 104, 1)       4         
_________________________________________________________________
conv2d_1 (Conv2D)            (None, 128, 104, 24)      624       
_________________________________________________________________
max_pooling2d_1 (MaxPooling2 (None, 64, 26, 24)        0         
_________________________________________________________________
conv2d_2 (Conv2D)            (None, 64, 26, 48)        28848     
_________________________________________________________________
max_pooling2d_2 (MaxPooling2 (None, 32, 6, 48)         0         
_________________________________________________________________
conv2d_3 (Conv2D)            (None, 32, 6, 48)         57648     
_________________________________________________________________
flatten_1 (Flatten)          (None, 9216)              0         
_________________________________________________________________
dense_1 (Dense)              (None, 64)                589888    
_________________________________________________________________
dense_2 (Dense)              (None, 1)                 65        
=================================================================
Total params: 677,077
Trainable params: 677,075
Non-trainable params: 2
_________________________________________________________________
         acc      loss   val_acc  val_loss
0   0.815308  0.565974  0.834351  0.412558
1   0.917725  0.266416  0.902222  0.283690
2   0.932373  0.219067  0.910522  0.243086
3   0.938232  0.194079  0.874268  0.307162
4   0.950073  0.167836  0.828247  0.365980
5   0.946411  0.164766  0.929932  0.212003
6   0.952759  0.155994  0.922607  0.229216
7   0.956055  0.150218  0.944214  0.187669
8   0.955444  0.153673  0.933350  0.212346
9   0.954102  0.153990  0.937744  0.196829
10  0.955688  0.146383  0.904541  0.250685
11  0.961426  0.134968  0.922241  0.221040
12  0.957031  0.140865  0.918091  0.219997
13  0.963013  0.127010  0.915039  0.239572
14  0.955688  0.143747  0.935425  0.192738
15  0.959351  0.140850  0.922974  0.282125
16  0.958740  0.147276  0.940552  0.198627
17  0.962524  0.139745  0.918701  0.230938
18  0.961792  0.132287  0.916626  0.262873
19  0.956299  0.152257  0.898804  0.278671
20  0.958496  0.152461  0.940918  0.231530
21  0.966553  0.128594  0.904663  0.275865
22  0.960205  0.142709  0.912964  0.231372
23  0.961670  0.125207  0.927979  0.231624
24  0.959351  0.142490  0.787354  0.510889
25  0.543579  7.040868  0.502441  7.970297
26  0.503540  7.949178  0.506470  7.899298
27  0.498413  8.025192  0.494629  8.083165
28  0.497314  8.038342  0.502808  7.948874
29  0.504395  7.921916  0.506836  7.881417
30  0.497437  8.029863  0.492920  8.100528
31  0.494751  8.070135  0.497559  8.024224

2017-08-25 16:10:44.196807 Finish.
Total elapsed time: 04:25:27.20.
