2018-01-19 18:23:40.126612: W tensorflow/core/platform/cpu_feature_guard.cc:45] The TensorFlow library wasn't compiled to use SSE4.1 instructions, but these are available on your machine and could speed up CPU computations.
2018-01-19 18:23:40.126904: W tensorflow/core/platform/cpu_feature_guard.cc:45] The TensorFlow library wasn't compiled to use SSE4.2 instructions, but these are available on your machine and could speed up CPU computations.
2018-01-19 18:23:40.126916: W tensorflow/core/platform/cpu_feature_guard.cc:45] The TensorFlow library wasn't compiled to use AVX instructions, but these are available on your machine and could speed up CPU computations.
2018-01-19 18:23:40.126922: W tensorflow/core/platform/cpu_feature_guard.cc:45] The TensorFlow library wasn't compiled to use AVX2 instructions, but these are available on your machine and could speed up CPU computations.
2018-01-19 18:23:40.126927: W tensorflow/core/platform/cpu_feature_guard.cc:45] The TensorFlow library wasn't compiled to use FMA instructions, but these are available on your machine and could speed up CPU computations.
Using TensorFlow backend.
2018-01-19 18:23:30.534956 Start.
Training convnet with adaptive threshold on BirdVox-70k with PCEN input. 
Training set: unit02, unit03, unit05.
Validation set: unit07, unit10.
Test set: unit01.

h5py version: 2.6.0
keras version: 2.0.6
numpy version: 1.13.1
pandas version: 0.20.3
pescador version: 1.0.0
tensorflow version: 1.2.1

____________________________________________________________________________________________________
Layer (type)                     Output Shape          Param #     Connected to                     
====================================================================================================
spec_input (InputLayer)          (None, 128, 104, 1)   0                                            
____________________________________________________________________________________________________
spec_bn (BatchNormalization)     (None, 128, 104, 1)   4           spec_input[0][0]                 
____________________________________________________________________________________________________
spec_conv1 (Conv2D)              (None, 128, 104, 24)  624         spec_bn[0][0]                    
____________________________________________________________________________________________________
spec_pool1 (MaxPooling2D)        (None, 64, 26, 24)    0           spec_conv1[0][0]                 
____________________________________________________________________________________________________
bg_input (InputLayer)            (None, 128, 9)        0                                            
____________________________________________________________________________________________________
spec_conv2 (Conv2D)              (None, 64, 26, 48)    28848       spec_pool1[0][0]                 
____________________________________________________________________________________________________
bg_pool (AveragePooling1D)       (None, 32, 9)         0           bg_input[0][0]                   
____________________________________________________________________________________________________
spec_pool2 (MaxPooling2D)        (None, 32, 6, 48)     0           spec_conv2[0][0]                 
____________________________________________________________________________________________________
bg_permute (Permute)             (None, 9, 32)         0           bg_pool[0][0]                    
____________________________________________________________________________________________________
spec_conv3 (Conv2D)              (None, 32, 6, 48)     57648       spec_pool2[0][0]                 
____________________________________________________________________________________________________
bg_conv (Conv1D)                 (None, 9, 8)          264         bg_permute[0][0]                 
____________________________________________________________________________________________________
spec_flatten (Flatten)           (None, 9216)          0           spec_conv3[0][0]                 
____________________________________________________________________________________________________
bg_flatten (Flatten)             (None, 72)            0           bg_conv[0][0]                    
____________________________________________________________________________________________________
spec_dense1 (Dense)              (None, 64)            589888      spec_flatten[0][0]               
____________________________________________________________________________________________________
bg_dense1 (Dense)                (None, 64)            4672        bg_flatten[0][0]                 
____________________________________________________________________________________________________
spec_dense2 (Dense)              (None, 1)             64          spec_dense1[0][0]                
____________________________________________________________________________________________________
bg_dense2 (Dense)                (None, 1)             64          bg_dense1[0][0]                  
____________________________________________________________________________________________________
add (Add)                        (None, 1)             0           spec_dense2[0][0]                
                                                                   bg_dense2[0][0]                  
____________________________________________________________________________________________________
dense (Dense)                    (None, 1)             2           add[0][0]                        
====================================================================================================
Total params: 682,078
Trainable params: 682,076
Non-trainable params: 2
____________________________________________________________________________________________________
         acc      loss   val_acc  val_loss
0   0.767090  0.482388  0.556519  0.786091
1   0.775391  0.477588  0.567383  0.731973
2   0.766357  0.479457  0.564941  0.775794
3   0.777832  0.466321  0.625000  0.642825
4   0.781372  0.463608  0.588501  0.686931
5   0.785889  0.460923  0.589600  0.657045
6   0.776245  0.473936  0.560913  0.773258
7   0.776978  0.469910  0.546875  0.766028
8   0.776611  0.470103  0.544067  0.762939
9   0.781006  0.462281  0.667358  0.578687
10  0.782471  0.466541  0.598511  0.635634
11  0.782349  0.464276  0.554688  0.785044
12  0.776733  0.466190  0.601196  0.638706
13  0.791260  0.451187  0.610352  0.626180
14  0.785400  0.451356  0.608765  0.650494
15  0.785156  0.458395  0.585571  0.679285
16  0.784546  0.457245  0.612915  0.624622
17  0.773193  0.466378  0.705322  0.567152
18  0.786865  0.455738  0.616577  0.611001
19  0.781250  0.461815  0.630493  0.615900
20  0.782959  0.460479  0.721924  0.545394
21  0.786377  0.458979  0.597412  0.653361
22  0.788940  0.448973  0.676025  0.578976
23  0.780518  0.460563  0.570312  0.754643
24  0.785034  0.452788  0.716675  0.547562
25  0.781860  0.461201  0.646851  0.583647
26  0.791992  0.451364  0.701294  0.564237
27  0.781250  0.457857  0.724854  0.540590
28  0.784912  0.455363  0.693115  0.557720
29  0.788452  0.450169  0.712769  0.542451
30  0.781860  0.461389  0.704712  0.557070
31  0.785767  0.453341  0.683838  0.590189

2018-01-19 22:43:13.648310 Finish.
Total elapsed time: 04:19:43.65.
