2018-01-19 18:23:24.263388: W tensorflow/core/platform/cpu_feature_guard.cc:45] The TensorFlow library wasn't compiled to use SSE4.1 instructions, but these are available on your machine and could speed up CPU computations.
2018-01-19 18:23:24.263702: W tensorflow/core/platform/cpu_feature_guard.cc:45] The TensorFlow library wasn't compiled to use SSE4.2 instructions, but these are available on your machine and could speed up CPU computations.
2018-01-19 18:23:24.263714: W tensorflow/core/platform/cpu_feature_guard.cc:45] The TensorFlow library wasn't compiled to use AVX instructions, but these are available on your machine and could speed up CPU computations.
Using TensorFlow backend.
2018-01-19 18:23:21.258055 Start.
Training convnet with adaptive threshold on BirdVox-70k with PCEN input. 
Training set: unit01, unit02, unit03.
Validation set: unit05, unit07.
Test set: unit10.

h5py version: 2.6.0
keras version: 2.0.6
numpy version: 1.13.1
pandas version: 0.20.3
pescador version: 1.0.0
tensorflow version: 1.2.1

____________________________________________________________________________________________________
Layer (type)                     Output Shape          Param #     Connected to                     
====================================================================================================
spec_input (InputLayer)          (None, 128, 104, 1)   0                                            
____________________________________________________________________________________________________
spec_bn (BatchNormalization)     (None, 128, 104, 1)   4           spec_input[0][0]                 
____________________________________________________________________________________________________
spec_conv1 (Conv2D)              (None, 128, 104, 24)  624         spec_bn[0][0]                    
____________________________________________________________________________________________________
spec_pool1 (MaxPooling2D)        (None, 64, 26, 24)    0           spec_conv1[0][0]                 
____________________________________________________________________________________________________
bg_input (InputLayer)            (None, 128, 9)        0                                            
____________________________________________________________________________________________________
spec_conv2 (Conv2D)              (None, 64, 26, 48)    28848       spec_pool1[0][0]                 
____________________________________________________________________________________________________
bg_pool (AveragePooling1D)       (None, 32, 9)         0           bg_input[0][0]                   
____________________________________________________________________________________________________
spec_pool2 (MaxPooling2D)        (None, 32, 6, 48)     0           spec_conv2[0][0]                 
____________________________________________________________________________________________________
bg_permute (Permute)             (None, 9, 32)         0           bg_pool[0][0]                    
____________________________________________________________________________________________________
spec_conv3 (Conv2D)              (None, 32, 6, 48)     57648       spec_pool2[0][0]                 
____________________________________________________________________________________________________
bg_conv (Conv1D)                 (None, 9, 8)          264         bg_permute[0][0]                 
____________________________________________________________________________________________________
spec_flatten (Flatten)           (None, 9216)          0           spec_conv3[0][0]                 
____________________________________________________________________________________________________
bg_flatten (Flatten)             (None, 72)            0           bg_conv[0][0]                    
____________________________________________________________________________________________________
spec_dense1 (Dense)              (None, 64)            589888      spec_flatten[0][0]               
____________________________________________________________________________________________________
bg_dense1 (Dense)                (None, 64)            4672        bg_flatten[0][0]                 
____________________________________________________________________________________________________
spec_dense2 (Dense)              (None, 1)             64          spec_dense1[0][0]                
____________________________________________________________________________________________________
bg_dense2 (Dense)                (None, 1)             64          bg_dense1[0][0]                  
____________________________________________________________________________________________________
add (Add)                        (None, 1)             0           spec_dense2[0][0]                
                                                                   bg_dense2[0][0]                  
____________________________________________________________________________________________________
dense (Dense)                    (None, 1)             2           add[0][0]                        
====================================================================================================
Total params: 682,078
Trainable params: 682,076
Non-trainable params: 2
____________________________________________________________________________________________________
         acc      loss   val_acc  val_loss
0   0.494385  8.071979  0.497314  8.023300
1   0.494873  8.060694  0.492676  8.094362
2   0.501221  7.957074  0.490479  8.127380
3   0.494629  8.060472  0.488647  8.155168
4   0.504761  7.897766  0.498657  7.994608
5   0.505615  7.883322  0.495972  8.036743
6   0.506348  7.871078  0.509521  7.820261
7   0.810791  1.464697  0.867065  0.420169
8   0.921753  0.250333  0.902710  0.285297
9   0.930298  0.210005  0.913086  0.274472
10  0.943848  0.182154  0.918823  0.240660
11  0.945923  0.173652  0.936157  0.193940
12  0.952515  0.157166  0.955688  0.161539
13  0.957397  0.139985  0.957275  0.141666
14  0.954224  0.147079  0.960693  0.142203
15  0.955078  0.143675  0.946167  0.164470
16  0.960815  0.127081  0.963257  0.125776
17  0.964722  0.120555  0.954712  0.141659
18  0.959473  0.136199  0.920532  0.188374
19  0.958862  0.128726  0.961914  0.129745
20  0.960938  0.121304  0.954834  0.150398
21  0.961304  0.129395  0.962646  0.125993
22  0.966675  0.111289  0.962402  0.133571
23  0.962891  0.121650  0.949707  0.163990
24  0.962036  0.121238  0.960327  0.133296
25  0.964844  0.113640  0.965088  0.122409
26  0.965332  0.112521  0.960815  0.126592
27  0.966919  0.114435  0.964722  0.119345
28  0.967651  0.107261  0.966919  0.119842
29  0.965942  0.112119  0.966064  0.120221
30  0.964478  0.114615  0.962036  0.128848
31  0.964722  0.112421  0.960083  0.136545

2018-01-19 22:51:35.204156 Finish.
Total elapsed time: 04:28:14.20.
