2018-01-19 18:23:39.430140: W tensorflow/core/platform/cpu_feature_guard.cc:45] The TensorFlow library wasn't compiled to use SSE4.1 instructions, but these are available on your machine and could speed up CPU computations.
2018-01-19 18:23:39.430452: W tensorflow/core/platform/cpu_feature_guard.cc:45] The TensorFlow library wasn't compiled to use SSE4.2 instructions, but these are available on your machine and could speed up CPU computations.
2018-01-19 18:23:39.430463: W tensorflow/core/platform/cpu_feature_guard.cc:45] The TensorFlow library wasn't compiled to use AVX instructions, but these are available on your machine and could speed up CPU computations.
Using TensorFlow backend.
2018-01-19 18:23:30.542693 Start.
Training convnet with adaptive threshold on BirdVox-70k with PCEN input. 
Training set: unit02, unit03, unit05.
Validation set: unit07, unit10.
Test set: unit01.

h5py version: 2.6.0
keras version: 2.0.6
numpy version: 1.13.1
pandas version: 0.20.3
pescador version: 1.0.0
tensorflow version: 1.2.1

____________________________________________________________________________________________________
Layer (type)                     Output Shape          Param #     Connected to                     
====================================================================================================
spec_input (InputLayer)          (None, 128, 104, 1)   0                                            
____________________________________________________________________________________________________
spec_bn (BatchNormalization)     (None, 128, 104, 1)   4           spec_input[0][0]                 
____________________________________________________________________________________________________
spec_conv1 (Conv2D)              (None, 128, 104, 24)  624         spec_bn[0][0]                    
____________________________________________________________________________________________________
spec_pool1 (MaxPooling2D)        (None, 64, 26, 24)    0           spec_conv1[0][0]                 
____________________________________________________________________________________________________
bg_input (InputLayer)            (None, 128, 9)        0                                            
____________________________________________________________________________________________________
spec_conv2 (Conv2D)              (None, 64, 26, 48)    28848       spec_pool1[0][0]                 
____________________________________________________________________________________________________
bg_pool (AveragePooling1D)       (None, 32, 9)         0           bg_input[0][0]                   
____________________________________________________________________________________________________
spec_pool2 (MaxPooling2D)        (None, 32, 6, 48)     0           spec_conv2[0][0]                 
____________________________________________________________________________________________________
bg_permute (Permute)             (None, 9, 32)         0           bg_pool[0][0]                    
____________________________________________________________________________________________________
spec_conv3 (Conv2D)              (None, 32, 6, 48)     57648       spec_pool2[0][0]                 
____________________________________________________________________________________________________
bg_conv (Conv1D)                 (None, 9, 8)          264         bg_permute[0][0]                 
____________________________________________________________________________________________________
spec_flatten (Flatten)           (None, 9216)          0           spec_conv3[0][0]                 
____________________________________________________________________________________________________
bg_flatten (Flatten)             (None, 72)            0           bg_conv[0][0]                    
____________________________________________________________________________________________________
spec_dense1 (Dense)              (None, 64)            589888      spec_flatten[0][0]               
____________________________________________________________________________________________________
bg_dense1 (Dense)                (None, 64)            4672        bg_flatten[0][0]                 
____________________________________________________________________________________________________
spec_dense2 (Dense)              (None, 1)             64          spec_dense1[0][0]                
____________________________________________________________________________________________________
bg_dense2 (Dense)                (None, 1)             64          bg_dense1[0][0]                  
____________________________________________________________________________________________________
add (Add)                        (None, 1)             0           spec_dense2[0][0]                
                                                                   bg_dense2[0][0]                  
____________________________________________________________________________________________________
dense (Dense)                    (None, 1)             2           add[0][0]                        
====================================================================================================
Total params: 682,078
Trainable params: 682,076
Non-trainable params: 2
____________________________________________________________________________________________________
         acc      loss   val_acc  val_loss
0   0.766113  0.487377  0.542603  0.783163
1   0.768799  0.486382  0.577637  0.687166
2   0.774780  0.474013  0.628418  0.642264
3   0.781006  0.463462  0.560425  0.722613
4   0.775757  0.464873  0.532715  0.914319
5   0.772461  0.474594  0.602539  0.710926
6   0.776001  0.470908  0.579102  0.812936
7   0.776245  0.463323  0.601440  0.788220
8   0.776001  0.470380  0.572510  0.731584
9   0.776001  0.471068  0.550537  0.988759
10  0.774780  0.473482  0.592163  0.736386
11  0.776855  0.463722  0.576416  0.769745
12  0.776855  0.466331  0.602539  0.744743
13  0.771362  0.470564  0.561890  0.840770
14  0.790771  0.451027  0.643188  0.635985
15  0.783936  0.461625  0.574097  0.821362
16  0.780762  0.464124  0.639648  0.657238
17  0.781006  0.454204  0.637939  0.659058
18  0.784546  0.454964  0.602905  0.803054
19  0.819702  0.414386  0.674683  0.711108
20  0.873779  0.314641  0.679443  0.681344
21  0.875000  0.307900  0.727417  0.612455
22  0.875977  0.299473  0.766846  0.498033
23  0.909424  0.232475  0.800049  0.464274
24  0.944092  0.171869  0.875854  0.356158
25  0.959351  0.143144  0.927124  0.228932
26  0.962402  0.127316  0.903320  0.295685
27  0.969727  0.112982  0.940308  0.212320
28  0.968262  0.112760  0.938843  0.211996
29  0.971924  0.106434  0.917114  0.261365
30  0.974854  0.095919  0.956055  0.166371
31  0.979736  0.079799  0.921875  0.255732

2018-01-19 22:52:14.617388 Finish.
Total elapsed time: 04:28:44.62.
