2018-01-19 18:23:37.002995: W tensorflow/core/platform/cpu_feature_guard.cc:45] The TensorFlow library wasn't compiled to use SSE4.1 instructions, but these are available on your machine and could speed up CPU computations.
2018-01-19 18:23:37.003292: W tensorflow/core/platform/cpu_feature_guard.cc:45] The TensorFlow library wasn't compiled to use SSE4.2 instructions, but these are available on your machine and could speed up CPU computations.
2018-01-19 18:23:37.003304: W tensorflow/core/platform/cpu_feature_guard.cc:45] The TensorFlow library wasn't compiled to use AVX instructions, but these are available on your machine and could speed up CPU computations.
Using TensorFlow backend.
2018-01-19 18:23:30.838203 Start.
Training convnet with adaptive threshold on BirdVox-70k with PCEN input. 
Training set: unit05, unit07, unit10.
Validation set: unit01, unit02.
Test set: unit03.

h5py version: 2.6.0
keras version: 2.0.6
numpy version: 1.13.1
pandas version: 0.20.3
pescador version: 1.0.0
tensorflow version: 1.2.1

____________________________________________________________________________________________________
Layer (type)                     Output Shape          Param #     Connected to                     
====================================================================================================
spec_input (InputLayer)          (None, 128, 104, 1)   0                                            
____________________________________________________________________________________________________
spec_bn (BatchNormalization)     (None, 128, 104, 1)   4           spec_input[0][0]                 
____________________________________________________________________________________________________
spec_conv1 (Conv2D)              (None, 128, 104, 24)  624         spec_bn[0][0]                    
____________________________________________________________________________________________________
spec_pool1 (MaxPooling2D)        (None, 64, 26, 24)    0           spec_conv1[0][0]                 
____________________________________________________________________________________________________
bg_input (InputLayer)            (None, 128, 9)        0                                            
____________________________________________________________________________________________________
spec_conv2 (Conv2D)              (None, 64, 26, 48)    28848       spec_pool1[0][0]                 
____________________________________________________________________________________________________
bg_pool (AveragePooling1D)       (None, 32, 9)         0           bg_input[0][0]                   
____________________________________________________________________________________________________
spec_pool2 (MaxPooling2D)        (None, 32, 6, 48)     0           spec_conv2[0][0]                 
____________________________________________________________________________________________________
bg_permute (Permute)             (None, 9, 32)         0           bg_pool[0][0]                    
____________________________________________________________________________________________________
spec_conv3 (Conv2D)              (None, 32, 6, 48)     57648       spec_pool2[0][0]                 
____________________________________________________________________________________________________
bg_conv (Conv1D)                 (None, 9, 8)          264         bg_permute[0][0]                 
____________________________________________________________________________________________________
spec_flatten (Flatten)           (None, 9216)          0           spec_conv3[0][0]                 
____________________________________________________________________________________________________
bg_flatten (Flatten)             (None, 72)            0           bg_conv[0][0]                    
____________________________________________________________________________________________________
spec_dense1 (Dense)              (None, 64)            589888      spec_flatten[0][0]               
____________________________________________________________________________________________________
bg_dense1 (Dense)                (None, 64)            4672        bg_flatten[0][0]                 
____________________________________________________________________________________________________
spec_dense2 (Dense)              (None, 1)             64          spec_dense1[0][0]                
____________________________________________________________________________________________________
bg_dense2 (Dense)                (None, 1)             64          bg_dense1[0][0]                  
____________________________________________________________________________________________________
add (Add)                        (None, 1)             0           spec_dense2[0][0]                
                                                                   bg_dense2[0][0]                  
____________________________________________________________________________________________________
dense (Dense)                    (None, 1)             2           add[0][0]                        
====================================================================================================
Total params: 682,078
Trainable params: 682,076
Non-trainable params: 2
____________________________________________________________________________________________________
         acc      loss   val_acc  val_loss
0   0.976807  0.104714  0.805664  0.866663
1   0.974487  0.103069  0.833740  0.712409
2   0.978394  0.096565  0.792969  0.927719
3   0.980713  0.088041  0.817383  0.836527
4   0.978394  0.092425  0.817017  0.795085
5   0.976562  0.113110  0.791138  0.872128
6   0.979614  0.092755  0.827881  0.680285
7   0.979980  0.093341  0.815674  0.770644
8   0.979248  0.090380  0.825317  0.824245
9   0.980713  0.093045  0.806641  0.775587
10  0.981323  0.087705  0.822876  0.883474
11  0.980225  0.087459  0.819214  0.673062
12  0.982056  0.085369  0.825806  0.676362
13  0.980591  0.090006  0.836670  0.576820
14  0.983032  0.083606  0.816162  0.833261
15  0.979614  0.088191  0.814209  0.664430
16  0.980835  0.088221  0.817261  0.651873
17  0.981934  0.077728  0.820312  0.778204
18  0.982788  0.081258  0.798462  0.941408
19  0.982666  0.077653  0.841675  0.691197
20  0.982544  0.076116  0.807983  0.741380
21  0.983521  0.081415  0.836670  0.738665
22  0.984497  0.069683  0.831177  0.738022
23  0.981689  0.078483  0.807983  1.013232
24  0.978638  0.087474  0.818359  0.743916
25  0.982422  0.081272  0.788696  0.760628
26  0.982544  0.075750  0.819214  0.705794
27  0.983398  0.073752  0.800903  0.748455
28  0.981934  0.075103  0.818604  0.773478
29  0.982178  0.077216  0.837280  0.691908
30  0.981445  0.075709  0.827148  0.747925
31  0.982300  0.073274  0.767700  0.952504

2018-01-19 22:32:44.120004 Finish.
Total elapsed time: 04:09:14.12.
