2018-01-19 18:23:39.954937: W tensorflow/core/platform/cpu_feature_guard.cc:45] The TensorFlow library wasn't compiled to use SSE4.1 instructions, but these are available on your machine and could speed up CPU computations.
2018-01-19 18:23:39.955204: W tensorflow/core/platform/cpu_feature_guard.cc:45] The TensorFlow library wasn't compiled to use SSE4.2 instructions, but these are available on your machine and could speed up CPU computations.
2018-01-19 18:23:39.955217: W tensorflow/core/platform/cpu_feature_guard.cc:45] The TensorFlow library wasn't compiled to use AVX instructions, but these are available on your machine and could speed up CPU computations.
2018-01-19 18:23:39.955224: W tensorflow/core/platform/cpu_feature_guard.cc:45] The TensorFlow library wasn't compiled to use AVX2 instructions, but these are available on your machine and could speed up CPU computations.
2018-01-19 18:23:39.955230: W tensorflow/core/platform/cpu_feature_guard.cc:45] The TensorFlow library wasn't compiled to use FMA instructions, but these are available on your machine and could speed up CPU computations.
Using TensorFlow backend.
2018-01-19 18:23:30.803881 Start.
Training convnet with adaptive threshold on BirdVox-70k with PCEN input. 
Training set: unit01, unit02, unit03.
Validation set: unit05, unit07.
Test set: unit10.

h5py version: 2.6.0
keras version: 2.0.6
numpy version: 1.13.1
pandas version: 0.20.3
pescador version: 1.0.0
tensorflow version: 1.2.1

____________________________________________________________________________________________________
Layer (type)                     Output Shape          Param #     Connected to                     
====================================================================================================
spec_input (InputLayer)          (None, 128, 104, 1)   0                                            
____________________________________________________________________________________________________
spec_bn (BatchNormalization)     (None, 128, 104, 1)   4           spec_input[0][0]                 
____________________________________________________________________________________________________
spec_conv1 (Conv2D)              (None, 128, 104, 24)  624         spec_bn[0][0]                    
____________________________________________________________________________________________________
spec_pool1 (MaxPooling2D)        (None, 64, 26, 24)    0           spec_conv1[0][0]                 
____________________________________________________________________________________________________
bg_input (InputLayer)            (None, 128, 9)        0                                            
____________________________________________________________________________________________________
spec_conv2 (Conv2D)              (None, 64, 26, 48)    28848       spec_pool1[0][0]                 
____________________________________________________________________________________________________
bg_pool (AveragePooling1D)       (None, 32, 9)         0           bg_input[0][0]                   
____________________________________________________________________________________________________
spec_pool2 (MaxPooling2D)        (None, 32, 6, 48)     0           spec_conv2[0][0]                 
____________________________________________________________________________________________________
bg_permute (Permute)             (None, 9, 32)         0           bg_pool[0][0]                    
____________________________________________________________________________________________________
spec_conv3 (Conv2D)              (None, 32, 6, 48)     57648       spec_pool2[0][0]                 
____________________________________________________________________________________________________
bg_conv (Conv1D)                 (None, 9, 8)          264         bg_permute[0][0]                 
____________________________________________________________________________________________________
spec_flatten (Flatten)           (None, 9216)          0           spec_conv3[0][0]                 
____________________________________________________________________________________________________
bg_flatten (Flatten)             (None, 72)            0           bg_conv[0][0]                    
____________________________________________________________________________________________________
spec_dense1 (Dense)              (None, 64)            589888      spec_flatten[0][0]               
____________________________________________________________________________________________________
bg_dense1 (Dense)                (None, 64)            4672        bg_flatten[0][0]                 
____________________________________________________________________________________________________
spec_dense2 (Dense)              (None, 1)             64          spec_dense1[0][0]                
____________________________________________________________________________________________________
bg_dense2 (Dense)                (None, 1)             64          bg_dense1[0][0]                  
____________________________________________________________________________________________________
add (Add)                        (None, 1)             0           spec_dense2[0][0]                
                                                                   bg_dense2[0][0]                  
____________________________________________________________________________________________________
dense (Dense)                    (None, 1)             2           add[0][0]                        
====================================================================================================
Total params: 682,078
Trainable params: 682,076
Non-trainable params: 2
____________________________________________________________________________________________________
         acc      loss   val_acc  val_loss
0   0.943237  0.175622  0.941162  0.161742
1   0.944092  0.163919  0.923096  0.199556
2   0.951172  0.141825  0.945435  0.153995
3   0.948975  0.148607  0.945068  0.154861
4   0.954590  0.145256  0.951782  0.134786
5   0.959595  0.129388  0.951660  0.128703
6   0.951538  0.147055  0.968872  0.104202
7   0.952881  0.136027  0.953369  0.135100
8   0.958984  0.127812  0.952881  0.133526
9   0.956787  0.131341  0.964233  0.118631
10  0.960693  0.122168  0.937866  0.167132
11  0.962524  0.121077  0.971069  0.102414
12  0.960693  0.123010  0.970947  0.101969
13  0.960449  0.117933  0.965942  0.118181
14  0.963745  0.111431  0.971802  0.099012
15  0.964233  0.117706  0.967285  0.117894
16  0.968384  0.109878  0.974487  0.096813
17  0.965942  0.107952  0.968140  0.104912
18  0.964844  0.114131  0.969238  0.114108
19  0.968750  0.105840  0.963989  0.114274
20  0.964111  0.115660  0.958618  0.128446
21  0.963013  0.118954  0.965820  0.117259
22  0.966431  0.104253  0.968140  0.110231
23  0.965210  0.111097  0.953613  0.138757
24  0.967041  0.108063  0.965088  0.134322
25  0.969116  0.104784  0.962646  0.120505
26  0.968872  0.109595  0.937744  0.171349
27  0.966675  0.113004  0.964844  0.125479
28  0.970459  0.096169  0.961548  0.120365
29  0.973755  0.088412  0.964722  0.123487
30  0.970215  0.102349  0.962036  0.118079
31  0.971191  0.099383  0.968018  0.112784

2018-01-19 23:07:36.070383 Finish.
Total elapsed time: 04:44:06.07.
