2018-01-19 18:22:22.476493: W tensorflow/core/platform/cpu_feature_guard.cc:45] The TensorFlow library wasn't compiled to use SSE4.1 instructions, but these are available on your machine and could speed up CPU computations.
2018-01-19 18:22:22.476787: W tensorflow/core/platform/cpu_feature_guard.cc:45] The TensorFlow library wasn't compiled to use SSE4.2 instructions, but these are available on your machine and could speed up CPU computations.
2018-01-19 18:22:22.476801: W tensorflow/core/platform/cpu_feature_guard.cc:45] The TensorFlow library wasn't compiled to use AVX instructions, but these are available on your machine and could speed up CPU computations.
Using TensorFlow backend.
2018-01-19 18:22:21.339508 Start.
Training convnet with adaptive threshold on BirdVox-70k with PCEN input. 
Training set: unit02, unit03, unit05.
Validation set: unit07, unit10.
Test set: unit01.

h5py version: 2.6.0
keras version: 2.0.6
numpy version: 1.13.1
pandas version: 0.20.3
pescador version: 1.0.0
tensorflow version: 1.2.1

____________________________________________________________________________________________________
Layer (type)                     Output Shape          Param #     Connected to                     
====================================================================================================
spec_input (InputLayer)          (None, 128, 104, 1)   0                                            
____________________________________________________________________________________________________
spec_bn (BatchNormalization)     (None, 128, 104, 1)   4           spec_input[0][0]                 
____________________________________________________________________________________________________
spec_conv1 (Conv2D)              (None, 128, 104, 24)  624         spec_bn[0][0]                    
____________________________________________________________________________________________________
spec_pool1 (MaxPooling2D)        (None, 64, 26, 24)    0           spec_conv1[0][0]                 
____________________________________________________________________________________________________
bg_input (InputLayer)            (None, 128, 9)        0                                            
____________________________________________________________________________________________________
spec_conv2 (Conv2D)              (None, 64, 26, 48)    28848       spec_pool1[0][0]                 
____________________________________________________________________________________________________
bg_pool (AveragePooling1D)       (None, 32, 9)         0           bg_input[0][0]                   
____________________________________________________________________________________________________
spec_pool2 (MaxPooling2D)        (None, 32, 6, 48)     0           spec_conv2[0][0]                 
____________________________________________________________________________________________________
bg_permute (Permute)             (None, 9, 32)         0           bg_pool[0][0]                    
____________________________________________________________________________________________________
spec_conv3 (Conv2D)              (None, 32, 6, 48)     57648       spec_pool2[0][0]                 
____________________________________________________________________________________________________
bg_conv (Conv1D)                 (None, 9, 8)          264         bg_permute[0][0]                 
____________________________________________________________________________________________________
spec_flatten (Flatten)           (None, 9216)          0           spec_conv3[0][0]                 
____________________________________________________________________________________________________
bg_flatten (Flatten)             (None, 72)            0           bg_conv[0][0]                    
____________________________________________________________________________________________________
spec_dense1 (Dense)              (None, 64)            589888      spec_flatten[0][0]               
____________________________________________________________________________________________________
bg_dense1 (Dense)                (None, 64)            4672        bg_flatten[0][0]                 
____________________________________________________________________________________________________
spec_dense2 (Dense)              (None, 1)             64          spec_dense1[0][0]                
____________________________________________________________________________________________________
bg_dense2 (Dense)                (None, 1)             64          bg_dense1[0][0]                  
____________________________________________________________________________________________________
add (Add)                        (None, 1)             0           spec_dense2[0][0]                
                                                                   bg_dense2[0][0]                  
____________________________________________________________________________________________________
dense (Dense)                    (None, 1)             2           add[0][0]                        
====================================================================================================
Total params: 682,078
Trainable params: 682,076
Non-trainable params: 2
____________________________________________________________________________________________________
         acc      loss   val_acc  val_loss
0   0.986938  0.067316  0.954956  0.186829
1   0.990112  0.062080  0.969238  0.162907
2   0.988647  0.061463  0.975220  0.134974
3   0.989624  0.060654  0.979614  0.115830
4   0.992798  0.050668  0.969604  0.153139
5   0.991333  0.052967  0.979858  0.117061
6   0.991821  0.048308  0.971436  0.150960
7   0.990234  0.057832  0.979126  0.120461
8   0.993652  0.040304  0.969727  0.155781
9   0.992798  0.040004  0.975586  0.150416
10  0.994385  0.039851  0.974976  0.151436
11  0.991699  0.047786  0.970947  0.134642
12  0.993652  0.041389  0.959351  0.167650
13  0.994141  0.039735  0.976318  0.132649
14  0.995850  0.037263  0.975220  0.122841
15  0.994507  0.036485  0.979980  0.108438

2018-01-19 20:47:46.551332 Finish.
Total elapsed time: 02:25:25.55.
