2018-01-19 18:23:35.105178: W tensorflow/core/platform/cpu_feature_guard.cc:45] The TensorFlow library wasn't compiled to use SSE4.1 instructions, but these are available on your machine and could speed up CPU computations.
2018-01-19 18:23:35.105500: W tensorflow/core/platform/cpu_feature_guard.cc:45] The TensorFlow library wasn't compiled to use SSE4.2 instructions, but these are available on your machine and could speed up CPU computations.
2018-01-19 18:23:35.105511: W tensorflow/core/platform/cpu_feature_guard.cc:45] The TensorFlow library wasn't compiled to use AVX instructions, but these are available on your machine and could speed up CPU computations.
Using TensorFlow backend.
2018-01-19 18:23:30.830921 Start.
Training convnet with adaptive threshold on BirdVox-70k with PCEN input. 
Training set: unit10, unit01, unit02.
Validation set: unit03, unit05.
Test set: unit07.

h5py version: 2.6.0
keras version: 2.0.6
numpy version: 1.13.1
pandas version: 0.20.3
pescador version: 1.0.0
tensorflow version: 1.2.1

____________________________________________________________________________________________________
Layer (type)                     Output Shape          Param #     Connected to                     
====================================================================================================
spec_input (InputLayer)          (None, 128, 104, 1)   0                                            
____________________________________________________________________________________________________
spec_bn (BatchNormalization)     (None, 128, 104, 1)   4           spec_input[0][0]                 
____________________________________________________________________________________________________
spec_conv1 (Conv2D)              (None, 128, 104, 24)  624         spec_bn[0][0]                    
____________________________________________________________________________________________________
spec_pool1 (MaxPooling2D)        (None, 64, 26, 24)    0           spec_conv1[0][0]                 
____________________________________________________________________________________________________
bg_input (InputLayer)            (None, 128, 9)        0                                            
____________________________________________________________________________________________________
spec_conv2 (Conv2D)              (None, 64, 26, 48)    28848       spec_pool1[0][0]                 
____________________________________________________________________________________________________
bg_pool (AveragePooling1D)       (None, 32, 9)         0           bg_input[0][0]                   
____________________________________________________________________________________________________
spec_pool2 (MaxPooling2D)        (None, 32, 6, 48)     0           spec_conv2[0][0]                 
____________________________________________________________________________________________________
bg_permute (Permute)             (None, 9, 32)         0           bg_pool[0][0]                    
____________________________________________________________________________________________________
spec_conv3 (Conv2D)              (None, 32, 6, 48)     57648       spec_pool2[0][0]                 
____________________________________________________________________________________________________
bg_conv (Conv1D)                 (None, 9, 8)          264         bg_permute[0][0]                 
____________________________________________________________________________________________________
spec_flatten (Flatten)           (None, 9216)          0           spec_conv3[0][0]                 
____________________________________________________________________________________________________
bg_flatten (Flatten)             (None, 72)            0           bg_conv[0][0]                    
____________________________________________________________________________________________________
spec_dense1 (Dense)              (None, 64)            589888      spec_flatten[0][0]               
____________________________________________________________________________________________________
bg_dense1 (Dense)                (None, 64)            4672        bg_flatten[0][0]                 
____________________________________________________________________________________________________
spec_dense2 (Dense)              (None, 1)             64          spec_dense1[0][0]                
____________________________________________________________________________________________________
bg_dense2 (Dense)                (None, 1)             64          bg_dense1[0][0]                  
____________________________________________________________________________________________________
add (Add)                        (None, 1)             0           spec_dense2[0][0]                
                                                                   bg_dense2[0][0]                  
____________________________________________________________________________________________________
dense (Dense)                    (None, 1)             2           add[0][0]                        
====================================================================================================
Total params: 682,078
Trainable params: 682,076
Non-trainable params: 2
____________________________________________________________________________________________________
         acc      loss   val_acc  val_loss
0   0.954590  0.156705  0.961182  0.138334
1   0.956421  0.156890  0.956665  0.154484
2   0.951172  0.161228  0.967529  0.118655
3   0.961792  0.149649  0.965576  0.154138
4   0.961060  0.149508  0.965088  0.138206
5   0.959839  0.149142  0.972046  0.112858
6   0.962036  0.141057  0.976440  0.102679
7   0.965454  0.123173  0.922241  0.223490
8   0.965576  0.128487  0.967773  0.127143
9   0.965332  0.132187  0.976196  0.105334
10  0.967651  0.122652  0.973022  0.102142
11  0.964233  0.129151  0.977173  0.103964
12  0.969971  0.119952  0.944946  0.178010
13  0.968140  0.116985  0.980469  0.089335
14  0.967773  0.127144  0.973389  0.110552
15  0.969604  0.116206  0.971191  0.106687
16  0.971191  0.118671  0.974976  0.101592
17  0.967773  0.123824  0.975952  0.110425
18  0.970825  0.115714  0.969360  0.113949
19  0.967529  0.121563  0.961792  0.131966
20  0.969604  0.114277  0.976929  0.102471
21  0.968506  0.112501  0.964478  0.134758
22  0.967896  0.128031  0.970703  0.126416
23  0.971558  0.114159  0.978638  0.090388
24  0.970703  0.117237  0.978638  0.095693
25  0.972778  0.107464  0.978638  0.090785
26  0.975098  0.101915  0.968140  0.126023
27  0.972046  0.110990  0.978271  0.094648
28  0.970581  0.114616  0.974365  0.105839
29  0.972778  0.104640  0.968384  0.119650
30  0.973267  0.116543  0.977661  0.099370
31  0.965088  0.122397  0.968018  0.120916

2018-01-19 22:26:23.922242 Finish.
Total elapsed time: 04:02:53.92.
