2018-01-19 18:23:39.601073: W tensorflow/core/platform/cpu_feature_guard.cc:45] The TensorFlow library wasn't compiled to use SSE4.1 instructions, but these are available on your machine and could speed up CPU computations.
2018-01-19 18:23:39.601371: W tensorflow/core/platform/cpu_feature_guard.cc:45] The TensorFlow library wasn't compiled to use SSE4.2 instructions, but these are available on your machine and could speed up CPU computations.
2018-01-19 18:23:39.601383: W tensorflow/core/platform/cpu_feature_guard.cc:45] The TensorFlow library wasn't compiled to use AVX instructions, but these are available on your machine and could speed up CPU computations.
Using TensorFlow backend.
2018-01-19 18:23:30.709898 Start.
Training convnet with adaptive threshold on BirdVox-70k with PCEN input. 
Training set: unit03, unit05, unit07.
Validation set: unit10, unit01.
Test set: unit02.

h5py version: 2.6.0
keras version: 2.0.6
numpy version: 1.13.1
pandas version: 0.20.3
pescador version: 1.0.0
tensorflow version: 1.2.1

____________________________________________________________________________________________________
Layer (type)                     Output Shape          Param #     Connected to                     
====================================================================================================
spec_input (InputLayer)          (None, 128, 104, 1)   0                                            
____________________________________________________________________________________________________
spec_bn (BatchNormalization)     (None, 128, 104, 1)   4           spec_input[0][0]                 
____________________________________________________________________________________________________
spec_conv1 (Conv2D)              (None, 128, 104, 24)  624         spec_bn[0][0]                    
____________________________________________________________________________________________________
spec_pool1 (MaxPooling2D)        (None, 64, 26, 24)    0           spec_conv1[0][0]                 
____________________________________________________________________________________________________
bg_input (InputLayer)            (None, 128, 9)        0                                            
____________________________________________________________________________________________________
spec_conv2 (Conv2D)              (None, 64, 26, 48)    28848       spec_pool1[0][0]                 
____________________________________________________________________________________________________
bg_pool (AveragePooling1D)       (None, 32, 9)         0           bg_input[0][0]                   
____________________________________________________________________________________________________
spec_pool2 (MaxPooling2D)        (None, 32, 6, 48)     0           spec_conv2[0][0]                 
____________________________________________________________________________________________________
bg_permute (Permute)             (None, 9, 32)         0           bg_pool[0][0]                    
____________________________________________________________________________________________________
spec_conv3 (Conv2D)              (None, 32, 6, 48)     57648       spec_pool2[0][0]                 
____________________________________________________________________________________________________
bg_conv (Conv1D)                 (None, 9, 8)          264         bg_permute[0][0]                 
____________________________________________________________________________________________________
spec_flatten (Flatten)           (None, 9216)          0           spec_conv3[0][0]                 
____________________________________________________________________________________________________
bg_flatten (Flatten)             (None, 72)            0           bg_conv[0][0]                    
____________________________________________________________________________________________________
spec_dense1 (Dense)              (None, 64)            589888      spec_flatten[0][0]               
____________________________________________________________________________________________________
bg_dense1 (Dense)                (None, 64)            4672        bg_flatten[0][0]                 
____________________________________________________________________________________________________
spec_dense2 (Dense)              (None, 1)             64          spec_dense1[0][0]                
____________________________________________________________________________________________________
bg_dense2 (Dense)                (None, 1)             64          bg_dense1[0][0]                  
____________________________________________________________________________________________________
add (Add)                        (None, 1)             0           spec_dense2[0][0]                
                                                                   bg_dense2[0][0]                  
____________________________________________________________________________________________________
dense (Dense)                    (None, 1)             2           add[0][0]                        
====================================================================================================
Total params: 682,078
Trainable params: 682,076
Non-trainable params: 2
____________________________________________________________________________________________________
         acc      loss   val_acc  val_loss
0   0.967041  0.114146  0.784546  0.741362
1   0.970093  0.103826  0.796143  0.783056
2   0.969116  0.104009  0.811401  0.732510
3   0.973999  0.092067  0.793335  0.869539
4   0.970703  0.105213  0.826904  0.708611
5   0.975098  0.084894  0.820068  0.809579
6   0.973022  0.094422  0.821777  0.790162
7   0.969971  0.097855  0.809570  0.913117
8   0.973999  0.092544  0.836670  0.675457
9   0.976196  0.087935  0.820557  0.781492
10  0.976807  0.078372  0.827026  0.777792
11  0.973267  0.087663  0.833862  0.743972
12  0.976685  0.078340  0.803101  0.982913
13  0.977905  0.076049  0.825806  0.853879
14  0.975952  0.080661  0.845947  0.721814
15  0.976807  0.079242  0.856689  0.672144
16  0.978516  0.075467  0.845337  0.776046
17  0.976318  0.083402  0.824585  0.885596
18  0.979004  0.072370  0.836304  0.877551
19  0.974121  0.083568  0.813232  1.120122
20  0.979248  0.074141  0.828003  0.918392
21  0.980469  0.072893  0.846558  0.789751
22  0.978760  0.076776  0.851318  0.784831
23  0.980347  0.077814  0.832520  0.868033
24  0.976807  0.083643  0.814087  1.129800
25  0.978271  0.076446  0.825806  0.957663
26  0.979858  0.070991  0.868164  0.666394
27  0.978027  0.074642  0.833862  0.900146
28  0.980469  0.071947  0.843872  0.918235
29  0.981445  0.067837  0.837402  0.975488
30  0.980469  0.067918  0.828125  1.045460
31  0.981934  0.064683  0.824951  1.127339

2018-01-19 22:37:00.259678 Finish.
Total elapsed time: 04:13:30.26.
