2018-01-19 18:23:38.411046: W tensorflow/core/platform/cpu_feature_guard.cc:45] The TensorFlow library wasn't compiled to use SSE4.1 instructions, but these are available on your machine and could speed up CPU computations.
2018-01-19 18:23:38.411304: W tensorflow/core/platform/cpu_feature_guard.cc:45] The TensorFlow library wasn't compiled to use SSE4.2 instructions, but these are available on your machine and could speed up CPU computations.
2018-01-19 18:23:38.411319: W tensorflow/core/platform/cpu_feature_guard.cc:45] The TensorFlow library wasn't compiled to use AVX instructions, but these are available on your machine and could speed up CPU computations.
2018-01-19 18:23:38.411325: W tensorflow/core/platform/cpu_feature_guard.cc:45] The TensorFlow library wasn't compiled to use AVX2 instructions, but these are available on your machine and could speed up CPU computations.
2018-01-19 18:23:38.411330: W tensorflow/core/platform/cpu_feature_guard.cc:45] The TensorFlow library wasn't compiled to use FMA instructions, but these are available on your machine and could speed up CPU computations.
Using TensorFlow backend.
2018-01-19 18:23:30.804437 Start.
Training convnet with adaptive threshold on BirdVox-70k with PCEN input. 
Training set: unit07, unit10, unit01.
Validation set: unit02, unit03.
Test set: unit05.

h5py version: 2.6.0
keras version: 2.0.6
numpy version: 1.13.1
pandas version: 0.20.3
pescador version: 1.0.0
tensorflow version: 1.2.1

____________________________________________________________________________________________________
Layer (type)                     Output Shape          Param #     Connected to                     
====================================================================================================
spec_input (InputLayer)          (None, 128, 104, 1)   0                                            
____________________________________________________________________________________________________
spec_bn (BatchNormalization)     (None, 128, 104, 1)   4           spec_input[0][0]                 
____________________________________________________________________________________________________
spec_conv1 (Conv2D)              (None, 128, 104, 24)  624         spec_bn[0][0]                    
____________________________________________________________________________________________________
spec_pool1 (MaxPooling2D)        (None, 64, 26, 24)    0           spec_conv1[0][0]                 
____________________________________________________________________________________________________
bg_input (InputLayer)            (None, 128, 9)        0                                            
____________________________________________________________________________________________________
spec_conv2 (Conv2D)              (None, 64, 26, 48)    28848       spec_pool1[0][0]                 
____________________________________________________________________________________________________
bg_pool (AveragePooling1D)       (None, 32, 9)         0           bg_input[0][0]                   
____________________________________________________________________________________________________
spec_pool2 (MaxPooling2D)        (None, 32, 6, 48)     0           spec_conv2[0][0]                 
____________________________________________________________________________________________________
bg_permute (Permute)             (None, 9, 32)         0           bg_pool[0][0]                    
____________________________________________________________________________________________________
spec_conv3 (Conv2D)              (None, 32, 6, 48)     57648       spec_pool2[0][0]                 
____________________________________________________________________________________________________
bg_conv (Conv1D)                 (None, 9, 8)          264         bg_permute[0][0]                 
____________________________________________________________________________________________________
spec_flatten (Flatten)           (None, 9216)          0           spec_conv3[0][0]                 
____________________________________________________________________________________________________
bg_flatten (Flatten)             (None, 72)            0           bg_conv[0][0]                    
____________________________________________________________________________________________________
spec_dense1 (Dense)              (None, 64)            589888      spec_flatten[0][0]               
____________________________________________________________________________________________________
bg_dense1 (Dense)                (None, 64)            4672        bg_flatten[0][0]                 
____________________________________________________________________________________________________
spec_dense2 (Dense)              (None, 1)             64          spec_dense1[0][0]                
____________________________________________________________________________________________________
bg_dense2 (Dense)                (None, 1)             64          bg_dense1[0][0]                  
____________________________________________________________________________________________________
add (Add)                        (None, 1)             0           spec_dense2[0][0]                
                                                                   bg_dense2[0][0]                  
____________________________________________________________________________________________________
dense (Dense)                    (None, 1)             2           add[0][0]                        
====================================================================================================
Total params: 682,078
Trainable params: 682,076
Non-trainable params: 2
____________________________________________________________________________________________________
         acc      loss   val_acc  val_loss
0   0.775269  0.481956  0.645874  0.765103
1   0.782104  0.461421  0.657715  0.714070
2   0.775879  0.473567  0.713501  0.717248
3   0.787231  0.461134  0.733765  0.670773
4   0.786377  0.457849  0.638794  0.724533
5   0.786743  0.458257  0.734741  0.675859
6   0.788208  0.452134  0.644165  0.698350
7   0.779297  0.463481  0.650757  0.716104
8   0.796265  0.449645  0.662720  0.674480
9   0.785522  0.456572  0.658325  0.685038
10  0.775879  0.465767  0.737549  0.642239
11  0.796631  0.436414  0.730713  0.654290
12  0.784180  0.447884  0.736084  0.625551
13  0.783691  0.450855  0.731201  0.660878
14  0.785522  0.450956  0.735840  0.619560
15  0.786011  0.454713  0.732910  0.672248
16  0.791748  0.443943  0.657715  0.667074
17  0.785889  0.460625  0.742798  0.619202
18  0.788696  0.453131  0.652832  0.668350
19  0.789062  0.449695  0.717529  0.645457
20  0.786499  0.455096  0.735229  0.629280
21  0.789673  0.446866  0.749146  0.640837
22  0.787598  0.457661  0.745728  0.604811
23  0.789062  0.445865  0.659912  0.661682
24  0.794067  0.440809  0.656006  0.645105
25  0.791138  0.453356  0.730591  0.636776
26  0.782837  0.454129  0.730713  0.600266
27  0.790771  0.446610  0.754150  0.578633
28  0.792725  0.441778  0.722412  0.629924
29  0.790894  0.449497  0.735107  0.613015
30  0.800293  0.428427  0.753906  0.617072
31  0.793091  0.437524  0.737915  0.605083

2018-01-19 22:53:44.272120 Finish.
Total elapsed time: 04:30:14.27.
