2018-01-19 18:23:26.538643: W tensorflow/core/platform/cpu_feature_guard.cc:45] The TensorFlow library wasn't compiled to use SSE4.1 instructions, but these are available on your machine and could speed up CPU computations.
2018-01-19 18:23:26.538936: W tensorflow/core/platform/cpu_feature_guard.cc:45] The TensorFlow library wasn't compiled to use SSE4.2 instructions, but these are available on your machine and could speed up CPU computations.
2018-01-19 18:23:26.538955: W tensorflow/core/platform/cpu_feature_guard.cc:45] The TensorFlow library wasn't compiled to use AVX instructions, but these are available on your machine and could speed up CPU computations.
2018-01-19 18:23:26.538963: W tensorflow/core/platform/cpu_feature_guard.cc:45] The TensorFlow library wasn't compiled to use AVX2 instructions, but these are available on your machine and could speed up CPU computations.
2018-01-19 18:23:26.538971: W tensorflow/core/platform/cpu_feature_guard.cc:45] The TensorFlow library wasn't compiled to use FMA instructions, but these are available on your machine and could speed up CPU computations.
Using TensorFlow backend.
2018-01-19 18:23:20.781005 Start.
Training convnet with adaptive threshold on BirdVox-70k with PCEN input. 
Training set: unit03, unit05, unit07.
Validation set: unit10, unit01.
Test set: unit02.

h5py version: 2.6.0
keras version: 2.0.6
numpy version: 1.13.1
pandas version: 0.20.3
pescador version: 1.0.0
tensorflow version: 1.2.1

____________________________________________________________________________________________________
Layer (type)                     Output Shape          Param #     Connected to                     
====================================================================================================
spec_input (InputLayer)          (None, 128, 104, 1)   0                                            
____________________________________________________________________________________________________
spec_bn (BatchNormalization)     (None, 128, 104, 1)   4           spec_input[0][0]                 
____________________________________________________________________________________________________
spec_conv1 (Conv2D)              (None, 128, 104, 24)  624         spec_bn[0][0]                    
____________________________________________________________________________________________________
spec_pool1 (MaxPooling2D)        (None, 64, 26, 24)    0           spec_conv1[0][0]                 
____________________________________________________________________________________________________
bg_input (InputLayer)            (None, 128, 9)        0                                            
____________________________________________________________________________________________________
spec_conv2 (Conv2D)              (None, 64, 26, 48)    28848       spec_pool1[0][0]                 
____________________________________________________________________________________________________
bg_pool (AveragePooling1D)       (None, 32, 9)         0           bg_input[0][0]                   
____________________________________________________________________________________________________
spec_pool2 (MaxPooling2D)        (None, 32, 6, 48)     0           spec_conv2[0][0]                 
____________________________________________________________________________________________________
bg_permute (Permute)             (None, 9, 32)         0           bg_pool[0][0]                    
____________________________________________________________________________________________________
spec_conv3 (Conv2D)              (None, 32, 6, 48)     57648       spec_pool2[0][0]                 
____________________________________________________________________________________________________
bg_conv (Conv1D)                 (None, 9, 8)          264         bg_permute[0][0]                 
____________________________________________________________________________________________________
spec_flatten (Flatten)           (None, 9216)          0           spec_conv3[0][0]                 
____________________________________________________________________________________________________
bg_flatten (Flatten)             (None, 72)            0           bg_conv[0][0]                    
____________________________________________________________________________________________________
spec_dense1 (Dense)              (None, 64)            589888      spec_flatten[0][0]               
____________________________________________________________________________________________________
bg_dense1 (Dense)                (None, 64)            4672        bg_flatten[0][0]                 
____________________________________________________________________________________________________
spec_dense2 (Dense)              (None, 1)             64          spec_dense1[0][0]                
____________________________________________________________________________________________________
bg_dense2 (Dense)                (None, 1)             64          bg_dense1[0][0]                  
____________________________________________________________________________________________________
add (Add)                        (None, 1)             0           spec_dense2[0][0]                
                                                                   bg_dense2[0][0]                  
____________________________________________________________________________________________________
dense (Dense)                    (None, 1)             2           add[0][0]                        
====================================================================================================
Total params: 682,078
Trainable params: 682,076
Non-trainable params: 2
____________________________________________________________________________________________________
         acc      loss   val_acc  val_loss
0   0.618652  4.384054  0.538330  4.438302
1   0.712646  1.572817  0.583740  0.962431
2   0.747803  0.535924  0.573853  1.000532
3   0.760376  0.507161  0.518921  1.011554
4   0.763916  0.497531  0.566284  1.087052
5   0.762573  0.495240  0.576294  1.164283
6   0.757935  0.503196  0.557617  1.111807
7   0.761963  0.496207  0.543091  1.070071
8   0.764893  0.481387  0.563843  1.133645
9   0.769653  0.480610  0.545898  1.074607
10  0.770020  0.480265  0.541260  1.142178
11  0.765503  0.484149  0.532104  1.088658
12  0.765259  0.485839  0.539673  1.091218
13  0.767090  0.478878  0.533081  1.092826
14  0.767578  0.472914  0.549194  1.107729
15  0.762939  0.488543  0.540161  1.175832
16  0.774048  0.470021  0.523560  0.990230
17  0.769409  0.478013  0.541992  1.162878
18  0.764771  0.478135  0.536377  1.125576
19  0.771851  0.477672  0.537720  1.025256
20  0.763794  0.482113  0.553589  0.964897
21  0.773315  0.476026  0.534302  1.144677
22  0.770996  0.475789  0.583374  1.261358
23  0.772095  0.474270  0.562012  1.091538
24  0.774292  0.471959  0.554810  1.069208
25  0.774658  0.472664  0.549438  1.039654
26  0.774292  0.469132  0.559082  1.192098
27  0.768921  0.476201  0.563354  1.110197
28  0.779053  0.461468  0.546997  1.122655
29  0.772705  0.468802  0.557251  0.969235
30  0.772339  0.469038  0.564331  1.178966
31  0.773438  0.471693  0.566650  1.129338

2018-01-19 22:51:09.131523 Finish.
Total elapsed time: 04:27:49.13.
