2018-01-19 18:23:36.531518: W tensorflow/core/platform/cpu_feature_guard.cc:45] The TensorFlow library wasn't compiled to use SSE4.1 instructions, but these are available on your machine and could speed up CPU computations.
2018-01-19 18:23:36.531957: W tensorflow/core/platform/cpu_feature_guard.cc:45] The TensorFlow library wasn't compiled to use SSE4.2 instructions, but these are available on your machine and could speed up CPU computations.
2018-01-19 18:23:36.531969: W tensorflow/core/platform/cpu_feature_guard.cc:45] The TensorFlow library wasn't compiled to use AVX instructions, but these are available on your machine and could speed up CPU computations.
Using TensorFlow backend.
2018-01-19 18:23:30.831782 Start.
Training convnet with adaptive threshold on BirdVox-70k with PCEN input. 
Training set: unit07, unit10, unit01.
Validation set: unit02, unit03.
Test set: unit05.

h5py version: 2.6.0
keras version: 2.0.6
numpy version: 1.13.1
pandas version: 0.20.3
pescador version: 1.0.0
tensorflow version: 1.2.1

____________________________________________________________________________________________________
Layer (type)                     Output Shape          Param #     Connected to                     
====================================================================================================
spec_input (InputLayer)          (None, 128, 104, 1)   0                                            
____________________________________________________________________________________________________
spec_bn (BatchNormalization)     (None, 128, 104, 1)   4           spec_input[0][0]                 
____________________________________________________________________________________________________
spec_conv1 (Conv2D)              (None, 128, 104, 24)  624         spec_bn[0][0]                    
____________________________________________________________________________________________________
spec_pool1 (MaxPooling2D)        (None, 64, 26, 24)    0           spec_conv1[0][0]                 
____________________________________________________________________________________________________
bg_input (InputLayer)            (None, 128, 9)        0                                            
____________________________________________________________________________________________________
spec_conv2 (Conv2D)              (None, 64, 26, 48)    28848       spec_pool1[0][0]                 
____________________________________________________________________________________________________
bg_pool (AveragePooling1D)       (None, 32, 9)         0           bg_input[0][0]                   
____________________________________________________________________________________________________
spec_pool2 (MaxPooling2D)        (None, 32, 6, 48)     0           spec_conv2[0][0]                 
____________________________________________________________________________________________________
bg_permute (Permute)             (None, 9, 32)         0           bg_pool[0][0]                    
____________________________________________________________________________________________________
spec_conv3 (Conv2D)              (None, 32, 6, 48)     57648       spec_pool2[0][0]                 
____________________________________________________________________________________________________
bg_conv (Conv1D)                 (None, 9, 8)          264         bg_permute[0][0]                 
____________________________________________________________________________________________________
spec_flatten (Flatten)           (None, 9216)          0           spec_conv3[0][0]                 
____________________________________________________________________________________________________
bg_flatten (Flatten)             (None, 72)            0           bg_conv[0][0]                    
____________________________________________________________________________________________________
spec_dense1 (Dense)              (None, 64)            589888      spec_flatten[0][0]               
____________________________________________________________________________________________________
bg_dense1 (Dense)                (None, 64)            4672        bg_flatten[0][0]                 
____________________________________________________________________________________________________
spec_dense2 (Dense)              (None, 1)             64          spec_dense1[0][0]                
____________________________________________________________________________________________________
bg_dense2 (Dense)                (None, 1)             64          bg_dense1[0][0]                  
____________________________________________________________________________________________________
add (Add)                        (None, 1)             0           spec_dense2[0][0]                
                                                                   bg_dense2[0][0]                  
____________________________________________________________________________________________________
dense (Dense)                    (None, 1)             2           add[0][0]                        
====================================================================================================
Total params: 682,078
Trainable params: 682,076
Non-trainable params: 2
____________________________________________________________________________________________________
         acc      loss   val_acc  val_loss
0   0.951904  0.173174  0.931641  0.289492
1   0.945435  0.186586  0.942871  0.207607
2   0.954468  0.162899  0.948120  0.192043
3   0.951172  0.174785  0.946655  0.235198
4   0.952881  0.175140  0.920776  0.308355
5   0.956177  0.159492  0.937744  0.244373
6   0.955811  0.170895  0.936768  0.254137
7   0.957153  0.159808  0.930298  0.305665
8   0.958984  0.152158  0.943970  0.219124
9   0.962891  0.144963  0.944336  0.232346
10  0.960327  0.143374  0.962646  0.186870
11  0.956543  0.157902  0.928345  0.319175
12  0.956543  0.152416  0.936890  0.222221
13  0.956177  0.156534  0.942383  0.253232
14  0.961304  0.139437  0.951050  0.205114
15  0.963867  0.136048  0.952637  0.240130
16  0.960083  0.141989  0.947510  0.195640
17  0.963623  0.139455  0.950317  0.209524
18  0.963623  0.139000  0.940308  0.237434
19  0.963135  0.136823  0.944580  0.204584
20  0.959229  0.143777  0.940308  0.227902
21  0.961670  0.137081  0.962280  0.151209
22  0.969116  0.125978  0.943970  0.238051
23  0.966431  0.126888  0.963013  0.161646
24  0.965576  0.127437  0.948730  0.214576
25  0.966064  0.133426  0.946655  0.250287
26  0.970093  0.126193  0.948853  0.227298
27  0.964844  0.140594  0.934082  0.248747
28  0.970215  0.121952  0.948853  0.256272
29  0.970093  0.120919  0.948486  0.201811
30  0.968262  0.122662  0.954346  0.211618
31  0.968262  0.125696  0.942871  0.267648

2018-01-19 22:38:15.381318 Finish.
Total elapsed time: 04:14:45.38.
