2018-01-19 18:23:37.059948: W tensorflow/core/platform/cpu_feature_guard.cc:45] The TensorFlow library wasn't compiled to use SSE4.1 instructions, but these are available on your machine and could speed up CPU computations.
2018-01-19 18:23:37.060173: W tensorflow/core/platform/cpu_feature_guard.cc:45] The TensorFlow library wasn't compiled to use SSE4.2 instructions, but these are available on your machine and could speed up CPU computations.
2018-01-19 18:23:37.060186: W tensorflow/core/platform/cpu_feature_guard.cc:45] The TensorFlow library wasn't compiled to use AVX instructions, but these are available on your machine and could speed up CPU computations.
Using TensorFlow backend.
2018-01-19 18:23:30.838520 Start.
Training convnet with adaptive threshold on BirdVox-70k with PCEN input. 
Training set: unit01, unit02, unit03.
Validation set: unit05, unit07.
Test set: unit10.

h5py version: 2.6.0
keras version: 2.0.6
numpy version: 1.13.1
pandas version: 0.20.3
pescador version: 1.0.0
tensorflow version: 1.2.1

____________________________________________________________________________________________________
Layer (type)                     Output Shape          Param #     Connected to                     
====================================================================================================
spec_input (InputLayer)          (None, 128, 104, 1)   0                                            
____________________________________________________________________________________________________
spec_bn (BatchNormalization)     (None, 128, 104, 1)   4           spec_input[0][0]                 
____________________________________________________________________________________________________
spec_conv1 (Conv2D)              (None, 128, 104, 24)  624         spec_bn[0][0]                    
____________________________________________________________________________________________________
spec_pool1 (MaxPooling2D)        (None, 64, 26, 24)    0           spec_conv1[0][0]                 
____________________________________________________________________________________________________
bg_input (InputLayer)            (None, 128, 9)        0                                            
____________________________________________________________________________________________________
spec_conv2 (Conv2D)              (None, 64, 26, 48)    28848       spec_pool1[0][0]                 
____________________________________________________________________________________________________
bg_pool (AveragePooling1D)       (None, 32, 9)         0           bg_input[0][0]                   
____________________________________________________________________________________________________
spec_pool2 (MaxPooling2D)        (None, 32, 6, 48)     0           spec_conv2[0][0]                 
____________________________________________________________________________________________________
bg_permute (Permute)             (None, 9, 32)         0           bg_pool[0][0]                    
____________________________________________________________________________________________________
spec_conv3 (Conv2D)              (None, 32, 6, 48)     57648       spec_pool2[0][0]                 
____________________________________________________________________________________________________
bg_conv (Conv1D)                 (None, 9, 8)          264         bg_permute[0][0]                 
____________________________________________________________________________________________________
spec_flatten (Flatten)           (None, 9216)          0           spec_conv3[0][0]                 
____________________________________________________________________________________________________
bg_flatten (Flatten)             (None, 72)            0           bg_conv[0][0]                    
____________________________________________________________________________________________________
spec_dense1 (Dense)              (None, 64)            589888      spec_flatten[0][0]               
____________________________________________________________________________________________________
bg_dense1 (Dense)                (None, 64)            4672        bg_flatten[0][0]                 
____________________________________________________________________________________________________
spec_dense2 (Dense)              (None, 1)             64          spec_dense1[0][0]                
____________________________________________________________________________________________________
bg_dense2 (Dense)                (None, 1)             64          bg_dense1[0][0]                  
____________________________________________________________________________________________________
add (Add)                        (None, 1)             0           spec_dense2[0][0]                
                                                                   bg_dense2[0][0]                  
____________________________________________________________________________________________________
dense (Dense)                    (None, 1)             2           add[0][0]                        
====================================================================================================
Total params: 682,078
Trainable params: 682,076
Non-trainable params: 2
____________________________________________________________________________________________________
         acc      loss   val_acc  val_loss
0   0.951782  0.154455  0.961304  0.132660
1   0.956055  0.152585  0.957153  0.148266
2   0.960205  0.133645  0.955444  0.149061
3   0.963257  0.129659  0.960693  0.136339
4   0.961548  0.140864  0.961304  0.140597
5   0.964966  0.118058  0.959961  0.159159
6   0.969849  0.121264  0.968506  0.113119
7   0.960693  0.133011  0.947021  0.163258
8   0.969238  0.111263  0.949097  0.167586
9   0.965454  0.121798  0.961182  0.132345
10  0.968384  0.120974  0.953857  0.160023
11  0.967529  0.110119  0.958496  0.135394
12  0.968506  0.109069  0.930420  0.186004
13  0.970947  0.104009  0.968018  0.120920
14  0.968262  0.104623  0.946411  0.162789
15  0.970581  0.099290  0.969360  0.114599
16  0.968628  0.112012  0.957520  0.138922
17  0.966919  0.122914  0.958740  0.145793
18  0.968994  0.111339  0.955811  0.143207
19  0.975098  0.092962  0.944702  0.165503
20  0.971191  0.104732  0.957642  0.139006
21  0.969971  0.100125  0.962524  0.130366
22  0.970337  0.105030  0.966919  0.119722
23  0.972778  0.102430  0.968872  0.118894
24  0.972900  0.102075  0.942261  0.174547
25  0.974487  0.093357  0.952271  0.159112
26  0.973999  0.098049  0.961792  0.136076
27  0.969727  0.097249  0.965088  0.122020
28  0.971802  0.099085  0.962036  0.136278
29  0.972046  0.105114  0.947266  0.157136
30  0.974609  0.098316  0.957764  0.129920
31  0.975098  0.092685  0.942139  0.163730

2018-01-19 22:50:42.128807 Finish.
Total elapsed time: 04:27:12.13.
