2018-01-19 18:23:39.801283: W tensorflow/core/platform/cpu_feature_guard.cc:45] The TensorFlow library wasn't compiled to use SSE4.1 instructions, but these are available on your machine and could speed up CPU computations.
2018-01-19 18:23:39.801553: W tensorflow/core/platform/cpu_feature_guard.cc:45] The TensorFlow library wasn't compiled to use SSE4.2 instructions, but these are available on your machine and could speed up CPU computations.
2018-01-19 18:23:39.801565: W tensorflow/core/platform/cpu_feature_guard.cc:45] The TensorFlow library wasn't compiled to use AVX instructions, but these are available on your machine and could speed up CPU computations.
Using TensorFlow backend.
2018-01-19 18:23:30.709799 Start.
Training convnet with adaptive threshold on BirdVox-70k with PCEN input. 
Training set: unit02, unit03, unit05.
Validation set: unit07, unit10.
Test set: unit01.

h5py version: 2.6.0
keras version: 2.0.6
numpy version: 1.13.1
pandas version: 0.20.3
pescador version: 1.0.0
tensorflow version: 1.2.1

____________________________________________________________________________________________________
Layer (type)                     Output Shape          Param #     Connected to                     
====================================================================================================
spec_input (InputLayer)          (None, 128, 104, 1)   0                                            
____________________________________________________________________________________________________
spec_bn (BatchNormalization)     (None, 128, 104, 1)   4           spec_input[0][0]                 
____________________________________________________________________________________________________
spec_conv1 (Conv2D)              (None, 128, 104, 24)  624         spec_bn[0][0]                    
____________________________________________________________________________________________________
spec_pool1 (MaxPooling2D)        (None, 64, 26, 24)    0           spec_conv1[0][0]                 
____________________________________________________________________________________________________
bg_input (InputLayer)            (None, 128, 9)        0                                            
____________________________________________________________________________________________________
spec_conv2 (Conv2D)              (None, 64, 26, 48)    28848       spec_pool1[0][0]                 
____________________________________________________________________________________________________
bg_pool (AveragePooling1D)       (None, 32, 9)         0           bg_input[0][0]                   
____________________________________________________________________________________________________
spec_pool2 (MaxPooling2D)        (None, 32, 6, 48)     0           spec_conv2[0][0]                 
____________________________________________________________________________________________________
bg_permute (Permute)             (None, 9, 32)         0           bg_pool[0][0]                    
____________________________________________________________________________________________________
spec_conv3 (Conv2D)              (None, 32, 6, 48)     57648       spec_pool2[0][0]                 
____________________________________________________________________________________________________
bg_conv (Conv1D)                 (None, 9, 8)          264         bg_permute[0][0]                 
____________________________________________________________________________________________________
spec_flatten (Flatten)           (None, 9216)          0           spec_conv3[0][0]                 
____________________________________________________________________________________________________
bg_flatten (Flatten)             (None, 72)            0           bg_conv[0][0]                    
____________________________________________________________________________________________________
spec_dense1 (Dense)              (None, 64)            589888      spec_flatten[0][0]               
____________________________________________________________________________________________________
bg_dense1 (Dense)                (None, 64)            4672        bg_flatten[0][0]                 
____________________________________________________________________________________________________
spec_dense2 (Dense)              (None, 1)             64          spec_dense1[0][0]                
____________________________________________________________________________________________________
bg_dense2 (Dense)                (None, 1)             64          bg_dense1[0][0]                  
____________________________________________________________________________________________________
add (Add)                        (None, 1)             0           spec_dense2[0][0]                
                                                                   bg_dense2[0][0]                  
____________________________________________________________________________________________________
dense (Dense)                    (None, 1)             2           add[0][0]                        
====================================================================================================
Total params: 682,078
Trainable params: 682,076
Non-trainable params: 2
____________________________________________________________________________________________________
         acc      loss   val_acc  val_loss
0   0.772217  0.483035  0.610962  0.665529
1   0.757080  0.492318  0.570312  0.750344
2   0.770996  0.474660  0.555054  0.748287
3   0.803955  0.435283  0.675415  0.613046
4   0.878784  0.298769  0.668579  0.683766
5   0.896362  0.248552  0.749512  0.479147
6   0.891602  0.247634  0.730103  0.531870
7   0.895142  0.237616  0.716309  0.554485
8   0.895630  0.233907  0.730591  0.550463
9   0.900879  0.234153  0.781494  0.441694
10  0.898804  0.229187  0.753174  0.490800
11  0.909058  0.213018  0.761963  0.476579
12  0.905884  0.220265  0.707275  0.631949
13  0.901855  0.222149  0.663940  0.691513
14  0.901733  0.217085  0.734741  0.576420
15  0.906006  0.216184  0.771240  0.430982
16  0.902222  0.220731  0.738892  0.525143
17  0.901611  0.224938  0.729126  0.497989
18  0.896118  0.224498  0.738037  0.464803
19  0.898804  0.227969  0.735107  0.548715
20  0.900513  0.223831  0.761841  0.446415
21  0.906738  0.210092  0.754639  0.503347
22  0.905762  0.217114  0.710815  0.679922
23  0.902710  0.217413  0.734619  0.565985
24  0.905151  0.214586  0.683960  0.676429
25  0.911133  0.207271  0.721802  0.567355
26  0.907227  0.215048  0.722900  0.531964
27  0.907837  0.210243  0.746704  0.489282
28  0.909790  0.209116  0.768433  0.466778
29  0.910889  0.198219  0.754150  0.504944
30  0.903442  0.217851  0.754639  0.511606
31  0.905151  0.213314  0.767212  0.424496

2018-01-19 22:48:42.965220 Finish.
Total elapsed time: 04:25:12.97.
