2018-01-19 18:23:25.144010: W tensorflow/core/platform/cpu_feature_guard.cc:45] The TensorFlow library wasn't compiled to use SSE4.1 instructions, but these are available on your machine and could speed up CPU computations.
2018-01-19 18:23:25.144315: W tensorflow/core/platform/cpu_feature_guard.cc:45] The TensorFlow library wasn't compiled to use SSE4.2 instructions, but these are available on your machine and could speed up CPU computations.
2018-01-19 18:23:25.144329: W tensorflow/core/platform/cpu_feature_guard.cc:45] The TensorFlow library wasn't compiled to use AVX instructions, but these are available on your machine and could speed up CPU computations.
Using TensorFlow backend.
2018-01-19 18:23:22.302587 Start.
Training convnet with adaptive threshold on BirdVox-70k with PCEN input. 
Training set: unit05, unit07, unit10.
Validation set: unit01, unit02.
Test set: unit03.

h5py version: 2.6.0
keras version: 2.0.6
numpy version: 1.13.1
pandas version: 0.20.3
pescador version: 1.0.0
tensorflow version: 1.2.1

____________________________________________________________________________________________________
Layer (type)                     Output Shape          Param #     Connected to                     
====================================================================================================
spec_input (InputLayer)          (None, 128, 104, 1)   0                                            
____________________________________________________________________________________________________
spec_bn (BatchNormalization)     (None, 128, 104, 1)   4           spec_input[0][0]                 
____________________________________________________________________________________________________
spec_conv1 (Conv2D)              (None, 128, 104, 24)  624         spec_bn[0][0]                    
____________________________________________________________________________________________________
spec_pool1 (MaxPooling2D)        (None, 64, 26, 24)    0           spec_conv1[0][0]                 
____________________________________________________________________________________________________
bg_input (InputLayer)            (None, 128, 9)        0                                            
____________________________________________________________________________________________________
spec_conv2 (Conv2D)              (None, 64, 26, 48)    28848       spec_pool1[0][0]                 
____________________________________________________________________________________________________
bg_pool (AveragePooling1D)       (None, 32, 9)         0           bg_input[0][0]                   
____________________________________________________________________________________________________
spec_pool2 (MaxPooling2D)        (None, 32, 6, 48)     0           spec_conv2[0][0]                 
____________________________________________________________________________________________________
bg_permute (Permute)             (None, 9, 32)         0           bg_pool[0][0]                    
____________________________________________________________________________________________________
spec_conv3 (Conv2D)              (None, 32, 6, 48)     57648       spec_pool2[0][0]                 
____________________________________________________________________________________________________
bg_conv (Conv1D)                 (None, 9, 8)          264         bg_permute[0][0]                 
____________________________________________________________________________________________________
spec_flatten (Flatten)           (None, 9216)          0           spec_conv3[0][0]                 
____________________________________________________________________________________________________
bg_flatten (Flatten)             (None, 72)            0           bg_conv[0][0]                    
____________________________________________________________________________________________________
spec_dense1 (Dense)              (None, 64)            589888      spec_flatten[0][0]               
____________________________________________________________________________________________________
bg_dense1 (Dense)                (None, 64)            4672        bg_flatten[0][0]                 
____________________________________________________________________________________________________
spec_dense2 (Dense)              (None, 1)             64          spec_dense1[0][0]                
____________________________________________________________________________________________________
bg_dense2 (Dense)                (None, 1)             64          bg_dense1[0][0]                  
____________________________________________________________________________________________________
add (Add)                        (None, 1)             0           spec_dense2[0][0]                
                                                                   bg_dense2[0][0]                  
____________________________________________________________________________________________________
dense (Dense)                    (None, 1)             2           add[0][0]                        
====================================================================================================
Total params: 682,078
Trainable params: 682,076
Non-trainable params: 2
____________________________________________________________________________________________________
         acc      loss   val_acc  val_loss
0   0.500244  7.983513  0.505127  7.903627
1   0.492554  8.102365  0.501343  7.960662
2   0.506592  7.875645  0.503418  7.925004
3   0.495239  8.054347  0.503906  7.915203
4   0.496094  8.038936  0.511230  7.796863
5   0.498413  8.000568  0.499390  7.984411
6   0.491943  8.102633  0.508545  7.837514
7   0.498779  7.992828  0.495850  8.039191
8   0.503784  7.912415  0.503784  7.912158
9   0.507080  7.859406  0.500366  7.966252
10  0.509399  7.823755  0.488770  8.258496
11  0.500000  8.110129  0.506348  7.985283
12  0.731689  2.563858  0.822998  0.588841
13  0.944946  0.208050  0.844604  0.567580
14  0.957153  0.160967  0.833496  0.728124
15  0.962769  0.144120  0.839355  0.663489
16  0.965820  0.132821  0.801636  0.932949
17  0.968506  0.126955  0.821655  0.821216
18  0.968628  0.126016  0.827759  0.753387
19  0.969971  0.122281  0.831421  0.688920
20  0.972656  0.109542  0.816528  0.858510
21  0.972290  0.108349  0.798218  0.903580
22  0.971924  0.114684  0.836914  0.675703
23  0.971436  0.115317  0.822144  0.797621
24  0.966431  0.127444  0.829224  0.732778
25  0.973633  0.105715  0.809082  0.848020
26  0.969238  0.117995  0.834106  0.649069
27  0.974487  0.099694  0.828125  0.764581
28  0.971558  0.111608  0.817871  0.738511
29  0.972534  0.097961  0.824341  0.827780
30  0.971191  0.111868  0.822388  0.758844
31  0.974731  0.109630  0.821289  0.755335

2018-01-19 22:39:53.976752 Finish.
Total elapsed time: 04:16:31.98.
