2018-01-19 18:23:40.165433: W tensorflow/core/platform/cpu_feature_guard.cc:45] The TensorFlow library wasn't compiled to use SSE4.1 instructions, but these are available on your machine and could speed up CPU computations.
2018-01-19 18:23:40.165731: W tensorflow/core/platform/cpu_feature_guard.cc:45] The TensorFlow library wasn't compiled to use SSE4.2 instructions, but these are available on your machine and could speed up CPU computations.
2018-01-19 18:23:40.165742: W tensorflow/core/platform/cpu_feature_guard.cc:45] The TensorFlow library wasn't compiled to use AVX instructions, but these are available on your machine and could speed up CPU computations.
Using TensorFlow backend.
2018-01-19 18:23:30.534900 Start.
Training convnet with adaptive threshold on BirdVox-70k with PCEN input. 
Training set: unit03, unit05, unit07.
Validation set: unit10, unit01.
Test set: unit02.

h5py version: 2.6.0
keras version: 2.0.6
numpy version: 1.13.1
pandas version: 0.20.3
pescador version: 1.0.0
tensorflow version: 1.2.1

____________________________________________________________________________________________________
Layer (type)                     Output Shape          Param #     Connected to                     
====================================================================================================
spec_input (InputLayer)          (None, 128, 104, 1)   0                                            
____________________________________________________________________________________________________
spec_bn (BatchNormalization)     (None, 128, 104, 1)   4           spec_input[0][0]                 
____________________________________________________________________________________________________
spec_conv1 (Conv2D)              (None, 128, 104, 24)  624         spec_bn[0][0]                    
____________________________________________________________________________________________________
spec_pool1 (MaxPooling2D)        (None, 64, 26, 24)    0           spec_conv1[0][0]                 
____________________________________________________________________________________________________
bg_input (InputLayer)            (None, 128, 9)        0                                            
____________________________________________________________________________________________________
spec_conv2 (Conv2D)              (None, 64, 26, 48)    28848       spec_pool1[0][0]                 
____________________________________________________________________________________________________
bg_pool (AveragePooling1D)       (None, 32, 9)         0           bg_input[0][0]                   
____________________________________________________________________________________________________
spec_pool2 (MaxPooling2D)        (None, 32, 6, 48)     0           spec_conv2[0][0]                 
____________________________________________________________________________________________________
bg_permute (Permute)             (None, 9, 32)         0           bg_pool[0][0]                    
____________________________________________________________________________________________________
spec_conv3 (Conv2D)              (None, 32, 6, 48)     57648       spec_pool2[0][0]                 
____________________________________________________________________________________________________
bg_conv (Conv1D)                 (None, 9, 8)          264         bg_permute[0][0]                 
____________________________________________________________________________________________________
spec_flatten (Flatten)           (None, 9216)          0           spec_conv3[0][0]                 
____________________________________________________________________________________________________
bg_flatten (Flatten)             (None, 72)            0           bg_conv[0][0]                    
____________________________________________________________________________________________________
spec_dense1 (Dense)              (None, 64)            589888      spec_flatten[0][0]               
____________________________________________________________________________________________________
bg_dense1 (Dense)                (None, 64)            4672        bg_flatten[0][0]                 
____________________________________________________________________________________________________
spec_dense2 (Dense)              (None, 1)             64          spec_dense1[0][0]                
____________________________________________________________________________________________________
bg_dense2 (Dense)                (None, 1)             64          bg_dense1[0][0]                  
____________________________________________________________________________________________________
add (Add)                        (None, 1)             0           spec_dense2[0][0]                
                                                                   bg_dense2[0][0]                  
____________________________________________________________________________________________________
dense (Dense)                    (None, 1)             2           add[0][0]                        
====================================================================================================
Total params: 682,078
Trainable params: 682,076
Non-trainable params: 2
____________________________________________________________________________________________________
         acc      loss   val_acc  val_loss
0   0.502808  7.933703  0.508667  7.838821
1   0.498291  8.003133  0.495483  8.046924
2   0.503296  7.921647  0.491211  8.113673
3   0.501465  7.949728  0.492554  8.091379
4   0.502197  7.937332  0.497192  8.016856
5   0.508057  7.843460  0.497681  8.008710
6   0.534790  5.936321  0.596436  4.256484
7   0.622192  3.709832  0.604858  4.246288
8   0.627197  3.550789  0.523315  4.190186
9   0.636841  3.579024  0.588013  4.344495
10  0.634277  3.645734  0.548462  4.196943
11  0.648682  3.424999  0.565430  4.280551
12  0.661133  3.362412  0.566772  4.178377
13  0.643555  3.430260  0.523926  4.158391
14  0.645630  3.613109  0.530884  4.250939
15  0.649414  3.491766  0.538940  4.215590
16  0.651733  3.527957  0.554565  4.211271
17  0.637817  3.610059  0.555786  4.353000
18  0.647461  3.480865  0.576538  4.014621
19  0.644775  3.513923  0.566895  4.314585
20  0.638550  3.526388  0.545410  4.180546
21  0.659912  3.369920  0.558960  4.192219
22  0.651611  3.441841  0.523438  4.145188
23  0.643066  3.567662  0.536499  4.202404
24  0.656494  3.434319  0.559082  4.171174
25  0.650635  3.517196  0.558838  4.075398
26  0.642822  3.657303  0.555054  4.088936
27  0.651855  3.557830  0.563599  4.237400
28  0.642334  3.472702  0.567505  4.235344
29  0.649780  3.499134  0.553589  4.160643
30  0.659302  3.364284  0.532837  4.183874
31  0.645874  3.595916  0.541382  4.204565

2018-01-19 22:47:29.896191 Finish.
Total elapsed time: 04:23:59.90.
