2018-01-19 18:23:26.120681: W tensorflow/core/platform/cpu_feature_guard.cc:45] The TensorFlow library wasn't compiled to use SSE4.1 instructions, but these are available on your machine and could speed up CPU computations.
2018-01-19 18:23:26.120916: W tensorflow/core/platform/cpu_feature_guard.cc:45] The TensorFlow library wasn't compiled to use SSE4.2 instructions, but these are available on your machine and could speed up CPU computations.
2018-01-19 18:23:26.120928: W tensorflow/core/platform/cpu_feature_guard.cc:45] The TensorFlow library wasn't compiled to use AVX instructions, but these are available on your machine and could speed up CPU computations.
Using TensorFlow backend.
2018-01-19 18:23:23.355101 Start.
Training convnet with adaptive threshold on BirdVox-70k with PCEN input. 
Training set: unit05, unit07, unit10.
Validation set: unit01, unit02.
Test set: unit03.

h5py version: 2.6.0
keras version: 2.0.6
numpy version: 1.13.1
pandas version: 0.20.3
pescador version: 1.0.0
tensorflow version: 1.2.1

____________________________________________________________________________________________________
Layer (type)                     Output Shape          Param #     Connected to                     
====================================================================================================
spec_input (InputLayer)          (None, 128, 104, 1)   0                                            
____________________________________________________________________________________________________
spec_bn (BatchNormalization)     (None, 128, 104, 1)   4           spec_input[0][0]                 
____________________________________________________________________________________________________
spec_conv1 (Conv2D)              (None, 128, 104, 24)  624         spec_bn[0][0]                    
____________________________________________________________________________________________________
spec_pool1 (MaxPooling2D)        (None, 64, 26, 24)    0           spec_conv1[0][0]                 
____________________________________________________________________________________________________
bg_input (InputLayer)            (None, 128, 9)        0                                            
____________________________________________________________________________________________________
spec_conv2 (Conv2D)              (None, 64, 26, 48)    28848       spec_pool1[0][0]                 
____________________________________________________________________________________________________
bg_pool (AveragePooling1D)       (None, 32, 9)         0           bg_input[0][0]                   
____________________________________________________________________________________________________
spec_pool2 (MaxPooling2D)        (None, 32, 6, 48)     0           spec_conv2[0][0]                 
____________________________________________________________________________________________________
bg_permute (Permute)             (None, 9, 32)         0           bg_pool[0][0]                    
____________________________________________________________________________________________________
spec_conv3 (Conv2D)              (None, 32, 6, 48)     57648       spec_pool2[0][0]                 
____________________________________________________________________________________________________
bg_conv (Conv1D)                 (None, 9, 8)          264         bg_permute[0][0]                 
____________________________________________________________________________________________________
spec_flatten (Flatten)           (None, 9216)          0           spec_conv3[0][0]                 
____________________________________________________________________________________________________
bg_flatten (Flatten)             (None, 72)            0           bg_conv[0][0]                    
____________________________________________________________________________________________________
spec_dense1 (Dense)              (None, 64)            589888      spec_flatten[0][0]               
____________________________________________________________________________________________________
bg_dense1 (Dense)                (None, 64)            4672        bg_flatten[0][0]                 
____________________________________________________________________________________________________
spec_dense2 (Dense)              (None, 1)             64          spec_dense1[0][0]                
____________________________________________________________________________________________________
bg_dense2 (Dense)                (None, 1)             64          bg_dense1[0][0]                  
____________________________________________________________________________________________________
add (Add)                        (None, 1)             0           spec_dense2[0][0]                
                                                                   bg_dense2[0][0]                  
____________________________________________________________________________________________________
dense (Dense)                    (None, 1)             2           add[0][0]                        
====================================================================================================
Total params: 682,078
Trainable params: 682,076
Non-trainable params: 2
____________________________________________________________________________________________________
         acc      loss   val_acc  val_loss
0   0.971313  0.117996  0.835938  0.600194
1   0.975220  0.107963  0.828857  0.607200
2   0.975220  0.113449  0.808350  0.723417
3   0.977417  0.101238  0.825562  0.763073
4   0.975098  0.118407  0.812012  0.737342
5   0.975464  0.100559  0.788208  0.772203
6   0.976196  0.097386  0.785034  0.821257
7   0.980103  0.089647  0.805542  0.672502
8   0.980957  0.097742  0.793213  0.769331
9   0.980103  0.092215  0.796143  0.793259
10  0.978638  0.091364  0.796631  0.881091
11  0.977539  0.092936  0.821167  0.621146
12  0.979614  0.093510  0.802368  0.694312
13  0.978027  0.095746  0.795166  0.693116
14  0.983276  0.078941  0.830078  0.614125
15  0.981812  0.084725  0.788696  0.740196
16  0.979492  0.084866  0.779419  0.905421
17  0.979736  0.081319  0.790649  0.844385
18  0.982910  0.077641  0.813965  0.752321
19  0.982056  0.083000  0.788086  0.839609
20  0.985229  0.068307  0.787964  0.892991
21  0.983398  0.071995  0.815796  0.721602
22  0.981201  0.080856  0.804565  0.770013
23  0.983276  0.073896  0.818848  0.709551
24  0.981079  0.081482  0.822754  0.602626
25  0.983032  0.075694  0.821777  0.891938
26  0.984131  0.071135  0.798950  0.700780
27  0.983276  0.072751  0.804565  0.743473
28  0.984741  0.070227  0.794434  0.794366
29  0.982300  0.073354  0.821777  0.716190
30  0.983032  0.070626  0.799927  0.733398
31  0.984497  0.068602  0.828125  0.726728

2018-01-19 22:45:00.663159 Finish.
Total elapsed time: 04:21:37.66.
