2018-01-19 18:23:36.097205: W tensorflow/core/platform/cpu_feature_guard.cc:45] The TensorFlow library wasn't compiled to use SSE4.1 instructions, but these are available on your machine and could speed up CPU computations.
2018-01-19 18:23:36.097360: W tensorflow/core/platform/cpu_feature_guard.cc:45] The TensorFlow library wasn't compiled to use SSE4.2 instructions, but these are available on your machine and could speed up CPU computations.
2018-01-19 18:23:36.097372: W tensorflow/core/platform/cpu_feature_guard.cc:45] The TensorFlow library wasn't compiled to use AVX instructions, but these are available on your machine and could speed up CPU computations.
Using TensorFlow backend.
2018-01-19 18:23:30.838495 Start.
Training convnet with adaptive threshold on BirdVox-70k with PCEN input. 
Training set: unit05, unit07, unit10.
Validation set: unit01, unit02.
Test set: unit03.

h5py version: 2.6.0
keras version: 2.0.6
numpy version: 1.13.1
pandas version: 0.20.3
pescador version: 1.0.0
tensorflow version: 1.2.1

____________________________________________________________________________________________________
Layer (type)                     Output Shape          Param #     Connected to                     
====================================================================================================
spec_input (InputLayer)          (None, 128, 104, 1)   0                                            
____________________________________________________________________________________________________
spec_bn (BatchNormalization)     (None, 128, 104, 1)   4           spec_input[0][0]                 
____________________________________________________________________________________________________
spec_conv1 (Conv2D)              (None, 128, 104, 24)  624         spec_bn[0][0]                    
____________________________________________________________________________________________________
spec_pool1 (MaxPooling2D)        (None, 64, 26, 24)    0           spec_conv1[0][0]                 
____________________________________________________________________________________________________
bg_input (InputLayer)            (None, 128, 9)        0                                            
____________________________________________________________________________________________________
spec_conv2 (Conv2D)              (None, 64, 26, 48)    28848       spec_pool1[0][0]                 
____________________________________________________________________________________________________
bg_pool (AveragePooling1D)       (None, 32, 9)         0           bg_input[0][0]                   
____________________________________________________________________________________________________
spec_pool2 (MaxPooling2D)        (None, 32, 6, 48)     0           spec_conv2[0][0]                 
____________________________________________________________________________________________________
bg_permute (Permute)             (None, 9, 32)         0           bg_pool[0][0]                    
____________________________________________________________________________________________________
spec_conv3 (Conv2D)              (None, 32, 6, 48)     57648       spec_pool2[0][0]                 
____________________________________________________________________________________________________
bg_conv (Conv1D)                 (None, 9, 8)          264         bg_permute[0][0]                 
____________________________________________________________________________________________________
spec_flatten (Flatten)           (None, 9216)          0           spec_conv3[0][0]                 
____________________________________________________________________________________________________
bg_flatten (Flatten)             (None, 72)            0           bg_conv[0][0]                    
____________________________________________________________________________________________________
spec_dense1 (Dense)              (None, 64)            589888      spec_flatten[0][0]               
____________________________________________________________________________________________________
bg_dense1 (Dense)                (None, 64)            4672        bg_flatten[0][0]                 
____________________________________________________________________________________________________
spec_dense2 (Dense)              (None, 1)             64          spec_dense1[0][0]                
____________________________________________________________________________________________________
bg_dense2 (Dense)                (None, 1)             64          bg_dense1[0][0]                  
____________________________________________________________________________________________________
add (Add)                        (None, 1)             0           spec_dense2[0][0]                
                                                                   bg_dense2[0][0]                  
____________________________________________________________________________________________________
dense (Dense)                    (None, 1)             2           add[0][0]                        
====================================================================================================
Total params: 682,078
Trainable params: 682,076
Non-trainable params: 2
____________________________________________________________________________________________________
         acc      loss   val_acc  val_loss
0   0.500366  7.981167  0.502563  7.944118
1   0.505005  7.903535  0.501953  7.950658
2   0.506348  7.879325  0.509521  7.827547
3   0.504517  7.906348  0.494629  8.063063
4   0.494141  8.070076  0.510010  7.816368
5   0.508545  7.839118  0.498657  7.996192
6   0.504883  7.896472  0.502930  7.927175
7   0.494141  8.066931  0.491943  8.101625
8   0.500732  7.961228  0.510986  7.797500
9   0.505737  7.880970  0.498047  8.003380
10  0.500977  7.956515  0.498657  7.993346
11  0.496704  8.024366  0.493164  8.080696
12  0.498657  7.993037  0.502930  7.924847
13  0.503784  7.920226  0.499512  8.125644
14  0.505737  8.003814  0.506348  7.976498
15  0.756836  3.406031  0.802734  0.821088
16  0.970947  0.134080  0.800415  1.022572
17  0.972900  0.118099  0.822388  0.817872
18  0.974609  0.115081  0.819336  0.610545
19  0.976440  0.103068  0.824097  0.664264
20  0.977051  0.101809  0.818115  0.670397
21  0.977905  0.101305  0.823975  0.701323
22  0.979004  0.093805  0.809937  0.738041
23  0.974854  0.109084  0.835938  0.665459
24  0.980713  0.084948  0.827148  0.599559
25  0.980591  0.088807  0.841309  0.560974
26  0.980957  0.078725  0.843994  0.616917
27  0.981689  0.082819  0.825928  0.706268
28  0.980713  0.080238  0.840332  0.653496
29  0.981201  0.081942  0.860107  0.549906
30  0.981934  0.078404  0.862427  0.506684
31  0.982300  0.081717  0.838257  0.560512

2018-01-19 22:39:47.501425 Finish.
Total elapsed time: 04:16:17.50.
