2018-01-19 18:23:29.412570: W tensorflow/core/platform/cpu_feature_guard.cc:45] The TensorFlow library wasn't compiled to use SSE4.1 instructions, but these are available on your machine and could speed up CPU computations.
2018-01-19 18:23:29.412799: W tensorflow/core/platform/cpu_feature_guard.cc:45] The TensorFlow library wasn't compiled to use SSE4.2 instructions, but these are available on your machine and could speed up CPU computations.
2018-01-19 18:23:29.412810: W tensorflow/core/platform/cpu_feature_guard.cc:45] The TensorFlow library wasn't compiled to use AVX instructions, but these are available on your machine and could speed up CPU computations.
2018-01-19 18:23:29.412815: W tensorflow/core/platform/cpu_feature_guard.cc:45] The TensorFlow library wasn't compiled to use AVX2 instructions, but these are available on your machine and could speed up CPU computations.
2018-01-19 18:23:29.412820: W tensorflow/core/platform/cpu_feature_guard.cc:45] The TensorFlow library wasn't compiled to use FMA instructions, but these are available on your machine and could speed up CPU computations.
Using TensorFlow backend.
2018-01-19 18:23:20.605428 Start.
Training convnet with adaptive threshold on BirdVox-70k with PCEN input. 
Training set: unit07, unit10, unit01.
Validation set: unit02, unit03.
Test set: unit05.

h5py version: 2.6.0
keras version: 2.0.6
numpy version: 1.13.1
pandas version: 0.20.3
pescador version: 1.0.0
tensorflow version: 1.2.1

____________________________________________________________________________________________________
Layer (type)                     Output Shape          Param #     Connected to                     
====================================================================================================
spec_input (InputLayer)          (None, 128, 104, 1)   0                                            
____________________________________________________________________________________________________
spec_bn (BatchNormalization)     (None, 128, 104, 1)   4           spec_input[0][0]                 
____________________________________________________________________________________________________
spec_conv1 (Conv2D)              (None, 128, 104, 24)  624         spec_bn[0][0]                    
____________________________________________________________________________________________________
spec_pool1 (MaxPooling2D)        (None, 64, 26, 24)    0           spec_conv1[0][0]                 
____________________________________________________________________________________________________
bg_input (InputLayer)            (None, 128, 9)        0                                            
____________________________________________________________________________________________________
spec_conv2 (Conv2D)              (None, 64, 26, 48)    28848       spec_pool1[0][0]                 
____________________________________________________________________________________________________
bg_pool (AveragePooling1D)       (None, 32, 9)         0           bg_input[0][0]                   
____________________________________________________________________________________________________
spec_pool2 (MaxPooling2D)        (None, 32, 6, 48)     0           spec_conv2[0][0]                 
____________________________________________________________________________________________________
bg_permute (Permute)             (None, 9, 32)         0           bg_pool[0][0]                    
____________________________________________________________________________________________________
spec_conv3 (Conv2D)              (None, 32, 6, 48)     57648       spec_pool2[0][0]                 
____________________________________________________________________________________________________
bg_conv (Conv1D)                 (None, 9, 8)          264         bg_permute[0][0]                 
____________________________________________________________________________________________________
spec_flatten (Flatten)           (None, 9216)          0           spec_conv3[0][0]                 
____________________________________________________________________________________________________
bg_flatten (Flatten)             (None, 72)            0           bg_conv[0][0]                    
____________________________________________________________________________________________________
spec_dense1 (Dense)              (None, 64)            589888      spec_flatten[0][0]               
____________________________________________________________________________________________________
bg_dense1 (Dense)                (None, 64)            4672        bg_flatten[0][0]                 
____________________________________________________________________________________________________
spec_dense2 (Dense)              (None, 1)             64          spec_dense1[0][0]                
____________________________________________________________________________________________________
bg_dense2 (Dense)                (None, 1)             64          bg_dense1[0][0]                  
____________________________________________________________________________________________________
add (Add)                        (None, 1)             0           spec_dense2[0][0]                
                                                                   bg_dense2[0][0]                  
____________________________________________________________________________________________________
dense (Dense)                    (None, 1)             2           add[0][0]                        
====================================================================================================
Total params: 682,078
Trainable params: 682,076
Non-trainable params: 2
____________________________________________________________________________________________________
         acc      loss   val_acc  val_loss
0   0.804688  0.436613  0.745850  0.698404
1   0.801636  0.434315  0.724854  0.782430
2   0.804443  0.425054  0.732300  0.780995
3   0.805054  0.431472  0.733765  0.818146
4   0.794922  0.441313  0.742554  0.694652
5   0.801758  0.424767  0.741089  0.736105
6   0.798706  0.439377  0.740967  0.709016
7   0.804077  0.432953  0.741943  0.695970
8   0.798950  0.435944  0.736816  0.666106
9   0.801025  0.432528  0.738281  0.662203
10  0.797974  0.430222  0.716309  0.646204
11  0.800781  0.442102  0.749756  0.631057
12  0.806641  0.422423  0.720093  0.637548
13  0.800415  0.437146  0.755737  0.640966
14  0.796509  0.441099  0.705566  0.607914
15  0.807861  0.426616  0.736328  0.677347
16  0.806030  0.419804  0.755981  0.616164
17  0.794678  0.446870  0.743286  0.676666
18  0.802734  0.429505  0.743652  0.630541
19  0.806641  0.425739  0.733521  0.653051
20  0.800293  0.430894  0.739380  0.623602
21  0.800049  0.430256  0.749146  0.618721
22  0.797852  0.433530  0.741211  0.628431
23  0.807739  0.426587  0.744141  0.605801
24  0.795166  0.439848  0.739136  0.628948
25  0.801270  0.432215  0.745117  0.629009
26  0.810303  0.420094  0.737793  0.636402
27  0.798462  0.436334  0.737915  0.634943
28  0.801270  0.434422  0.747437  0.612106
29  0.795532  0.435989  0.729858  0.672955
30  0.802002  0.427464  0.746338  0.607460
31  0.805054  0.427871  0.749634  0.644963

2018-01-19 22:54:51.306867 Finish.
Total elapsed time: 04:31:31.31.
