2018-01-19 18:23:38.838492: W tensorflow/core/platform/cpu_feature_guard.cc:45] The TensorFlow library wasn't compiled to use SSE4.1 instructions, but these are available on your machine and could speed up CPU computations.
2018-01-19 18:23:38.838642: W tensorflow/core/platform/cpu_feature_guard.cc:45] The TensorFlow library wasn't compiled to use SSE4.2 instructions, but these are available on your machine and could speed up CPU computations.
2018-01-19 18:23:38.838654: W tensorflow/core/platform/cpu_feature_guard.cc:45] The TensorFlow library wasn't compiled to use AVX instructions, but these are available on your machine and could speed up CPU computations.
Using TensorFlow backend.
2018-01-19 18:23:30.541747 Start.
Training convnet with adaptive threshold on BirdVox-70k with PCEN input. 
Training set: unit05, unit07, unit10.
Validation set: unit01, unit02.
Test set: unit03.

h5py version: 2.6.0
keras version: 2.0.6
numpy version: 1.13.1
pandas version: 0.20.3
pescador version: 1.0.0
tensorflow version: 1.2.1

____________________________________________________________________________________________________
Layer (type)                     Output Shape          Param #     Connected to                     
====================================================================================================
spec_input (InputLayer)          (None, 128, 104, 1)   0                                            
____________________________________________________________________________________________________
spec_bn (BatchNormalization)     (None, 128, 104, 1)   4           spec_input[0][0]                 
____________________________________________________________________________________________________
spec_conv1 (Conv2D)              (None, 128, 104, 24)  624         spec_bn[0][0]                    
____________________________________________________________________________________________________
spec_pool1 (MaxPooling2D)        (None, 64, 26, 24)    0           spec_conv1[0][0]                 
____________________________________________________________________________________________________
bg_input (InputLayer)            (None, 128, 9)        0                                            
____________________________________________________________________________________________________
spec_conv2 (Conv2D)              (None, 64, 26, 48)    28848       spec_pool1[0][0]                 
____________________________________________________________________________________________________
bg_pool (AveragePooling1D)       (None, 32, 9)         0           bg_input[0][0]                   
____________________________________________________________________________________________________
spec_pool2 (MaxPooling2D)        (None, 32, 6, 48)     0           spec_conv2[0][0]                 
____________________________________________________________________________________________________
bg_permute (Permute)             (None, 9, 32)         0           bg_pool[0][0]                    
____________________________________________________________________________________________________
spec_conv3 (Conv2D)              (None, 32, 6, 48)     57648       spec_pool2[0][0]                 
____________________________________________________________________________________________________
bg_conv (Conv1D)                 (None, 9, 8)          264         bg_permute[0][0]                 
____________________________________________________________________________________________________
spec_flatten (Flatten)           (None, 9216)          0           spec_conv3[0][0]                 
____________________________________________________________________________________________________
bg_flatten (Flatten)             (None, 72)            0           bg_conv[0][0]                    
____________________________________________________________________________________________________
spec_dense1 (Dense)              (None, 64)            589888      spec_flatten[0][0]               
____________________________________________________________________________________________________
bg_dense1 (Dense)                (None, 64)            4672        bg_flatten[0][0]                 
____________________________________________________________________________________________________
spec_dense2 (Dense)              (None, 1)             64          spec_dense1[0][0]                
____________________________________________________________________________________________________
bg_dense2 (Dense)                (None, 1)             64          bg_dense1[0][0]                  
____________________________________________________________________________________________________
add (Add)                        (None, 1)             0           spec_dense2[0][0]                
                                                                   bg_dense2[0][0]                  
____________________________________________________________________________________________________
dense (Dense)                    (None, 1)             2           add[0][0]                        
====================================================================================================
Total params: 682,078
Trainable params: 682,076
Non-trainable params: 2
____________________________________________________________________________________________________
         acc      loss   val_acc  val_loss
0   0.967896  0.115805  0.788696  0.956602
1   0.964600  0.123625  0.818604  0.683906
2   0.966064  0.115281  0.795288  0.880143
3   0.969727  0.110099  0.796387  0.919898
4   0.969482  0.108741  0.867188  0.472296
5   0.973633  0.103453  0.800171  0.861298
6   0.969971  0.100148  0.846802  0.586645
7   0.972534  0.094091  0.849854  0.615679
8   0.973633  0.100600  0.850830  0.536593
9   0.975708  0.090960  0.849365  0.669538
10  0.975708  0.091585  0.817261  0.801379
11  0.977173  0.084632  0.843750  0.656095
12  0.975220  0.090313  0.826660  0.684784
13  0.976318  0.097974  0.843506  0.582777
14  0.975952  0.094586  0.851807  0.646871
15  0.978882  0.077208  0.852539  0.639933
16  0.978882  0.080019  0.848633  0.679129
17  0.977783  0.082386  0.798096  1.014114
18  0.978271  0.081677  0.864868  0.603484
19  0.976318  0.088024  0.848877  0.606415
20  0.979858  0.078508  0.828369  0.722885
21  0.981079  0.078822  0.858521  0.613054
22  0.974487  0.092133  0.841309  0.622085
23  0.977783  0.082448  0.859619  0.596887
24  0.980103  0.074501  0.855225  0.561800
25  0.980103  0.072901  0.849487  0.728642
26  0.974243  0.092695  0.856689  0.571120
27  0.976318  0.087706  0.856079  0.598472
28  0.978149  0.080827  0.854736  0.663463
29  0.979736  0.085321  0.849976  0.604265
30  0.975830  0.089916  0.842407  0.591172
31  0.978638  0.088084  0.835815  0.689317

2018-01-19 22:35:55.706453 Finish.
Total elapsed time: 04:12:25.71.
