2018-01-19 18:23:39.050520: W tensorflow/core/platform/cpu_feature_guard.cc:45] The TensorFlow library wasn't compiled to use SSE4.1 instructions, but these are available on your machine and could speed up CPU computations.
2018-01-19 18:23:39.050811: W tensorflow/core/platform/cpu_feature_guard.cc:45] The TensorFlow library wasn't compiled to use SSE4.2 instructions, but these are available on your machine and could speed up CPU computations.
2018-01-19 18:23:39.050830: W tensorflow/core/platform/cpu_feature_guard.cc:45] The TensorFlow library wasn't compiled to use AVX instructions, but these are available on your machine and could speed up CPU computations.
Using TensorFlow backend.
2018-01-19 18:23:30.709764 Start.
Training convnet with adaptive threshold on BirdVox-70k with PCEN input. 
Training set: unit07, unit10, unit01.
Validation set: unit02, unit03.
Test set: unit05.

h5py version: 2.6.0
keras version: 2.0.6
numpy version: 1.13.1
pandas version: 0.20.3
pescador version: 1.0.0
tensorflow version: 1.2.1

____________________________________________________________________________________________________
Layer (type)                     Output Shape          Param #     Connected to                     
====================================================================================================
spec_input (InputLayer)          (None, 128, 104, 1)   0                                            
____________________________________________________________________________________________________
spec_bn (BatchNormalization)     (None, 128, 104, 1)   4           spec_input[0][0]                 
____________________________________________________________________________________________________
spec_conv1 (Conv2D)              (None, 128, 104, 24)  624         spec_bn[0][0]                    
____________________________________________________________________________________________________
spec_pool1 (MaxPooling2D)        (None, 64, 26, 24)    0           spec_conv1[0][0]                 
____________________________________________________________________________________________________
bg_input (InputLayer)            (None, 128, 9)        0                                            
____________________________________________________________________________________________________
spec_conv2 (Conv2D)              (None, 64, 26, 48)    28848       spec_pool1[0][0]                 
____________________________________________________________________________________________________
bg_pool (AveragePooling1D)       (None, 32, 9)         0           bg_input[0][0]                   
____________________________________________________________________________________________________
spec_pool2 (MaxPooling2D)        (None, 32, 6, 48)     0           spec_conv2[0][0]                 
____________________________________________________________________________________________________
bg_permute (Permute)             (None, 9, 32)         0           bg_pool[0][0]                    
____________________________________________________________________________________________________
spec_conv3 (Conv2D)              (None, 32, 6, 48)     57648       spec_pool2[0][0]                 
____________________________________________________________________________________________________
bg_conv (Conv1D)                 (None, 9, 8)          264         bg_permute[0][0]                 
____________________________________________________________________________________________________
spec_flatten (Flatten)           (None, 9216)          0           spec_conv3[0][0]                 
____________________________________________________________________________________________________
bg_flatten (Flatten)             (None, 72)            0           bg_conv[0][0]                    
____________________________________________________________________________________________________
spec_dense1 (Dense)              (None, 64)            589888      spec_flatten[0][0]               
____________________________________________________________________________________________________
bg_dense1 (Dense)                (None, 64)            4672        bg_flatten[0][0]                 
____________________________________________________________________________________________________
spec_dense2 (Dense)              (None, 1)             64          spec_dense1[0][0]                
____________________________________________________________________________________________________
bg_dense2 (Dense)                (None, 1)             64          bg_dense1[0][0]                  
____________________________________________________________________________________________________
add (Add)                        (None, 1)             0           spec_dense2[0][0]                
                                                                   bg_dense2[0][0]                  
____________________________________________________________________________________________________
dense (Dense)                    (None, 1)             2           add[0][0]                        
====================================================================================================
Total params: 682,078
Trainable params: 682,076
Non-trainable params: 2
____________________________________________________________________________________________________
         acc      loss   val_acc  val_loss
0   0.640869  4.439687  0.575073  5.771361
1   0.687622  4.316446  0.604980  5.628866
2   0.705933  4.317424  0.615234  5.669333
3   0.698975  4.407441  0.627930  5.630515
4   0.706299  4.296727  0.618042  5.663293
5   0.706421  4.354145  0.631104  5.495041
6   0.704468  4.389004  0.629883  5.647021
7   0.705811  4.371918  0.631592  5.605989
8   0.713623  4.307163  0.632324  5.599417
9   0.712158  4.279204  0.630737  5.578027
10  0.712524  4.272781  0.634521  5.541989
11  0.713745  4.263244  0.631836  5.621165
12  0.715942  4.271135  0.631958  5.680953
13  0.713379  4.301374  0.638306  5.562899
14  0.709717  4.380882  0.639526  5.474656
15  0.889404  0.743095  0.898438  0.368566
16  0.942993  0.184592  0.924438  0.290326
17  0.940918  0.178405  0.923340  0.296086
18  0.942383  0.179428  0.905151  0.340290
19  0.943726  0.176172  0.915039  0.318266
20  0.947144  0.161247  0.926880  0.301431
21  0.943359  0.173507  0.888306  0.424429
22  0.945190  0.163567  0.919434  0.321077
23  0.941284  0.179031  0.928711  0.303719
24  0.948975  0.167145  0.928223  0.257931
25  0.955688  0.140838  0.929321  0.293707
26  0.948975  0.161682  0.930176  0.263932
27  0.951538  0.154226  0.920898  0.297929
28  0.951294  0.145558  0.929199  0.269766
29  0.950195  0.150356  0.933228  0.257309
30  0.955322  0.146766  0.921875  0.305642
31  0.954224  0.153765  0.925171  0.264839

2018-01-19 22:43:02.407686 Finish.
Total elapsed time: 04:19:32.41.
