2018-01-19 18:23:35.720066: W tensorflow/core/platform/cpu_feature_guard.cc:45] The TensorFlow library wasn't compiled to use SSE4.1 instructions, but these are available on your machine and could speed up CPU computations.
2018-01-19 18:23:35.720318: W tensorflow/core/platform/cpu_feature_guard.cc:45] The TensorFlow library wasn't compiled to use SSE4.2 instructions, but these are available on your machine and could speed up CPU computations.
2018-01-19 18:23:35.720331: W tensorflow/core/platform/cpu_feature_guard.cc:45] The TensorFlow library wasn't compiled to use AVX instructions, but these are available on your machine and could speed up CPU computations.
Using TensorFlow backend.
2018-01-19 18:23:30.828367 Start.
Training convnet with adaptive threshold on BirdVox-70k with PCEN input. 
Training set: unit07, unit10, unit01.
Validation set: unit02, unit03.
Test set: unit05.

h5py version: 2.6.0
keras version: 2.0.6
numpy version: 1.13.1
pandas version: 0.20.3
pescador version: 1.0.0
tensorflow version: 1.2.1

____________________________________________________________________________________________________
Layer (type)                     Output Shape          Param #     Connected to                     
====================================================================================================
spec_input (InputLayer)          (None, 128, 104, 1)   0                                            
____________________________________________________________________________________________________
spec_bn (BatchNormalization)     (None, 128, 104, 1)   4           spec_input[0][0]                 
____________________________________________________________________________________________________
spec_conv1 (Conv2D)              (None, 128, 104, 24)  624         spec_bn[0][0]                    
____________________________________________________________________________________________________
spec_pool1 (MaxPooling2D)        (None, 64, 26, 24)    0           spec_conv1[0][0]                 
____________________________________________________________________________________________________
bg_input (InputLayer)            (None, 128, 9)        0                                            
____________________________________________________________________________________________________
spec_conv2 (Conv2D)              (None, 64, 26, 48)    28848       spec_pool1[0][0]                 
____________________________________________________________________________________________________
bg_pool (AveragePooling1D)       (None, 32, 9)         0           bg_input[0][0]                   
____________________________________________________________________________________________________
spec_pool2 (MaxPooling2D)        (None, 32, 6, 48)     0           spec_conv2[0][0]                 
____________________________________________________________________________________________________
bg_permute (Permute)             (None, 9, 32)         0           bg_pool[0][0]                    
____________________________________________________________________________________________________
spec_conv3 (Conv2D)              (None, 32, 6, 48)     57648       spec_pool2[0][0]                 
____________________________________________________________________________________________________
bg_conv (Conv1D)                 (None, 9, 8)          264         bg_permute[0][0]                 
____________________________________________________________________________________________________
spec_flatten (Flatten)           (None, 9216)          0           spec_conv3[0][0]                 
____________________________________________________________________________________________________
bg_flatten (Flatten)             (None, 72)            0           bg_conv[0][0]                    
____________________________________________________________________________________________________
spec_dense1 (Dense)              (None, 64)            589888      spec_flatten[0][0]               
____________________________________________________________________________________________________
bg_dense1 (Dense)                (None, 64)            4672        bg_flatten[0][0]                 
____________________________________________________________________________________________________
spec_dense2 (Dense)              (None, 1)             64          spec_dense1[0][0]                
____________________________________________________________________________________________________
bg_dense2 (Dense)                (None, 1)             64          bg_dense1[0][0]                  
____________________________________________________________________________________________________
add (Add)                        (None, 1)             0           spec_dense2[0][0]                
                                                                   bg_dense2[0][0]                  
____________________________________________________________________________________________________
dense (Dense)                    (None, 1)             2           add[0][0]                        
====================================================================================================
Total params: 682,078
Trainable params: 682,076
Non-trainable params: 2
____________________________________________________________________________________________________
         acc      loss   val_acc  val_loss
0   0.515991  7.721843  0.497437  8.016658
1   0.508301  7.842696  0.501587  7.949056
2   0.502808  7.929071  0.501831  7.944172
3   0.509521  7.821203  0.503540  7.916235
4   0.493408  8.077505  0.510864  7.798986
5   0.503906  7.909735  0.498413  7.997151
6   0.497559  8.010652  0.506836  7.862640
7   0.503540  7.915101  0.510132  7.809939
8   0.499390  8.003323  0.503174  8.084952
9   0.498291  8.125026  0.501587  8.052406
10  0.499756  8.067484  0.500000  7.996556
11  0.500854  7.969882  0.500977  7.962251
12  0.505737  7.888550  0.503052  7.929026
13  0.496826  8.029640  0.495605  8.047790
14  0.499146  7.990446  0.498535  7.999383
15  0.490845  8.121372  0.495972  8.039080
16  0.665771  4.365978  0.869995  0.371357
17  0.900879  0.313688  0.910400  0.284323
18  0.923096  0.250879  0.915039  0.280008
19  0.930176  0.234749  0.916016  0.286823
20  0.933960  0.211871  0.922241  0.276775
21  0.937134  0.213476  0.926636  0.244759
22  0.947266  0.182074  0.929321  0.252807
23  0.942749  0.195555  0.948608  0.206003
24  0.949585  0.174341  0.927490  0.290060
25  0.946533  0.185529  0.948608  0.214510
26  0.953735  0.158561  0.948364  0.220907
27  0.947021  0.176154  0.944214  0.209560
28  0.953125  0.157851  0.936646  0.252048
29  0.960327  0.142486  0.952637  0.198063
30  0.954956  0.161973  0.952637  0.188422
31  0.951660  0.163929  0.922363  0.281283

2018-01-19 22:49:25.752850 Finish.
Total elapsed time: 04:25:55.75.
