2018-01-19 18:23:23.791276: W tensorflow/core/platform/cpu_feature_guard.cc:45] The TensorFlow library wasn't compiled to use SSE4.1 instructions, but these are available on your machine and could speed up CPU computations.
2018-01-19 18:23:23.791531: W tensorflow/core/platform/cpu_feature_guard.cc:45] The TensorFlow library wasn't compiled to use SSE4.2 instructions, but these are available on your machine and could speed up CPU computations.
2018-01-19 18:23:23.791542: W tensorflow/core/platform/cpu_feature_guard.cc:45] The TensorFlow library wasn't compiled to use AVX instructions, but these are available on your machine and could speed up CPU computations.
Using TensorFlow backend.
2018-01-19 18:23:21.118538 Start.
Training convnet with adaptive threshold on BirdVox-70k with PCEN input. 
Training set: unit05, unit07, unit10.
Validation set: unit01, unit02.
Test set: unit03.

h5py version: 2.6.0
keras version: 2.0.6
numpy version: 1.13.1
pandas version: 0.20.3
pescador version: 1.0.0
tensorflow version: 1.2.1

____________________________________________________________________________________________________
Layer (type)                     Output Shape          Param #     Connected to                     
====================================================================================================
spec_input (InputLayer)          (None, 128, 104, 1)   0                                            
____________________________________________________________________________________________________
spec_bn (BatchNormalization)     (None, 128, 104, 1)   4           spec_input[0][0]                 
____________________________________________________________________________________________________
spec_conv1 (Conv2D)              (None, 128, 104, 24)  624         spec_bn[0][0]                    
____________________________________________________________________________________________________
spec_pool1 (MaxPooling2D)        (None, 64, 26, 24)    0           spec_conv1[0][0]                 
____________________________________________________________________________________________________
bg_input (InputLayer)            (None, 128, 9)        0                                            
____________________________________________________________________________________________________
spec_conv2 (Conv2D)              (None, 64, 26, 48)    28848       spec_pool1[0][0]                 
____________________________________________________________________________________________________
bg_pool (AveragePooling1D)       (None, 32, 9)         0           bg_input[0][0]                   
____________________________________________________________________________________________________
spec_pool2 (MaxPooling2D)        (None, 32, 6, 48)     0           spec_conv2[0][0]                 
____________________________________________________________________________________________________
bg_permute (Permute)             (None, 9, 32)         0           bg_pool[0][0]                    
____________________________________________________________________________________________________
spec_conv3 (Conv2D)              (None, 32, 6, 48)     57648       spec_pool2[0][0]                 
____________________________________________________________________________________________________
bg_conv (Conv1D)                 (None, 9, 8)          264         bg_permute[0][0]                 
____________________________________________________________________________________________________
spec_flatten (Flatten)           (None, 9216)          0           spec_conv3[0][0]                 
____________________________________________________________________________________________________
bg_flatten (Flatten)             (None, 72)            0           bg_conv[0][0]                    
____________________________________________________________________________________________________
spec_dense1 (Dense)              (None, 64)            589888      spec_flatten[0][0]               
____________________________________________________________________________________________________
bg_dense1 (Dense)                (None, 64)            4672        bg_flatten[0][0]                 
____________________________________________________________________________________________________
spec_dense2 (Dense)              (None, 1)             64          spec_dense1[0][0]                
____________________________________________________________________________________________________
bg_dense2 (Dense)                (None, 1)             64          bg_dense1[0][0]                  
____________________________________________________________________________________________________
add (Add)                        (None, 1)             0           spec_dense2[0][0]                
                                                                   bg_dense2[0][0]                  
____________________________________________________________________________________________________
dense (Dense)                    (None, 1)             2           add[0][0]                        
====================================================================================================
Total params: 682,078
Trainable params: 682,076
Non-trainable params: 2
____________________________________________________________________________________________________
         acc      loss   val_acc  val_loss
0   0.974731  0.114397  0.807129  0.850421
1   0.974854  0.110200  0.799683  0.890135
2   0.978882  0.093950  0.798462  0.741384
3   0.979126  0.106811  0.766235  0.857107
4   0.977905  0.096316  0.824463  0.609741
5   0.981445  0.088856  0.802612  0.769051
6   0.977417  0.095375  0.824463  0.576572
7   0.976685  0.099594  0.794922  0.612402
8   0.981323  0.091084  0.805176  0.729736
9   0.981567  0.083965  0.812622  0.661596
10  0.980591  0.086009  0.829346  0.600078
11  0.981323  0.083735  0.825562  0.711173
12  0.981201  0.083653  0.813110  0.637575
13  0.983032  0.074231  0.807983  0.817669
14  0.981079  0.082510  0.840454  0.640618
15  0.980103  0.083511  0.819092  0.633445
16  0.981567  0.079444  0.847168  0.664912
17  0.979126  0.080206  0.811646  0.746410
18  0.982300  0.081222  0.828857  0.829209
19  0.982178  0.073613  0.825073  0.640886
20  0.982422  0.077192  0.827759  0.659383
21  0.981323  0.073993  0.824463  0.696839
22  0.983032  0.076635  0.810059  0.616948
23  0.985352  0.071258  0.813843  0.699575
24  0.983276  0.073187  0.805176  0.800474
25  0.986450  0.067923  0.810303  0.763779
26  0.981934  0.079853  0.801880  0.721343
27  0.985352  0.070146  0.833130  0.571760
28  0.981323  0.077022  0.820801  0.597588
29  0.984985  0.067023  0.817139  0.727066
30  0.984863  0.069092  0.805298  0.758103
31  0.981934  0.071545  0.814453  0.850967

2018-01-19 22:33:36.396428 Finish.
Total elapsed time: 04:10:15.40.
