2018-01-19 18:23:39.088870: W tensorflow/core/platform/cpu_feature_guard.cc:45] The TensorFlow library wasn't compiled to use SSE4.1 instructions, but these are available on your machine and could speed up CPU computations.
2018-01-19 18:23:39.089123: W tensorflow/core/platform/cpu_feature_guard.cc:45] The TensorFlow library wasn't compiled to use SSE4.2 instructions, but these are available on your machine and could speed up CPU computations.
2018-01-19 18:23:39.089133: W tensorflow/core/platform/cpu_feature_guard.cc:45] The TensorFlow library wasn't compiled to use AVX instructions, but these are available on your machine and could speed up CPU computations.
2018-01-19 18:23:39.089137: W tensorflow/core/platform/cpu_feature_guard.cc:45] The TensorFlow library wasn't compiled to use AVX2 instructions, but these are available on your machine and could speed up CPU computations.
2018-01-19 18:23:39.089142: W tensorflow/core/platform/cpu_feature_guard.cc:45] The TensorFlow library wasn't compiled to use FMA instructions, but these are available on your machine and could speed up CPU computations.
Using TensorFlow backend.
2018-01-19 18:23:30.804730 Start.
Training convnet with adaptive threshold on BirdVox-70k with PCEN input. 
Training set: unit05, unit07, unit10.
Validation set: unit01, unit02.
Test set: unit03.

h5py version: 2.6.0
keras version: 2.0.6
numpy version: 1.13.1
pandas version: 0.20.3
pescador version: 1.0.0
tensorflow version: 1.2.1

____________________________________________________________________________________________________
Layer (type)                     Output Shape          Param #     Connected to                     
====================================================================================================
spec_input (InputLayer)          (None, 128, 104, 1)   0                                            
____________________________________________________________________________________________________
spec_bn (BatchNormalization)     (None, 128, 104, 1)   4           spec_input[0][0]                 
____________________________________________________________________________________________________
spec_conv1 (Conv2D)              (None, 128, 104, 24)  624         spec_bn[0][0]                    
____________________________________________________________________________________________________
spec_pool1 (MaxPooling2D)        (None, 64, 26, 24)    0           spec_conv1[0][0]                 
____________________________________________________________________________________________________
bg_input (InputLayer)            (None, 128, 9)        0                                            
____________________________________________________________________________________________________
spec_conv2 (Conv2D)              (None, 64, 26, 48)    28848       spec_pool1[0][0]                 
____________________________________________________________________________________________________
bg_pool (AveragePooling1D)       (None, 32, 9)         0           bg_input[0][0]                   
____________________________________________________________________________________________________
spec_pool2 (MaxPooling2D)        (None, 32, 6, 48)     0           spec_conv2[0][0]                 
____________________________________________________________________________________________________
bg_permute (Permute)             (None, 9, 32)         0           bg_pool[0][0]                    
____________________________________________________________________________________________________
spec_conv3 (Conv2D)              (None, 32, 6, 48)     57648       spec_pool2[0][0]                 
____________________________________________________________________________________________________
bg_conv (Conv1D)                 (None, 9, 8)          264         bg_permute[0][0]                 
____________________________________________________________________________________________________
spec_flatten (Flatten)           (None, 9216)          0           spec_conv3[0][0]                 
____________________________________________________________________________________________________
bg_flatten (Flatten)             (None, 72)            0           bg_conv[0][0]                    
____________________________________________________________________________________________________
spec_dense1 (Dense)              (None, 64)            589888      spec_flatten[0][0]               
____________________________________________________________________________________________________
bg_dense1 (Dense)                (None, 64)            4672        bg_flatten[0][0]                 
____________________________________________________________________________________________________
spec_dense2 (Dense)              (None, 1)             64          spec_dense1[0][0]                
____________________________________________________________________________________________________
bg_dense2 (Dense)                (None, 1)             64          bg_dense1[0][0]                  
____________________________________________________________________________________________________
add (Add)                        (None, 1)             0           spec_dense2[0][0]                
                                                                   bg_dense2[0][0]                  
____________________________________________________________________________________________________
dense (Dense)                    (None, 1)             2           add[0][0]                        
====================================================================================================
Total params: 682,078
Trainable params: 682,076
Non-trainable params: 2
____________________________________________________________________________________________________
         acc      loss   val_acc  val_loss
0   0.742920  0.515905  0.498413  1.588166
1   0.744263  0.518381  0.500610  1.618777
2   0.758545  0.501278  0.589355  1.414743
3   0.752686  0.500237  0.485962  1.724480
4   0.748779  0.503950  0.501465  1.625248
5   0.750854  0.504766  0.498657  1.650773
6   0.839233  0.369852  0.770142  0.855059
7   0.947021  0.169893  0.823242  0.675233
8   0.959961  0.138637  0.828125  0.674479
9   0.963623  0.122216  0.825928  0.690097
10  0.967163  0.129016  0.813721  0.811127
11  0.969971  0.112947  0.819580  0.737029
12  0.970093  0.116327  0.821411  0.703260
13  0.969482  0.106417  0.807007  0.845546
14  0.972168  0.112749  0.822388  0.824896
15  0.970459  0.112188  0.826172  0.770984
16  0.968994  0.108726  0.822754  0.828411
17  0.973877  0.106389  0.835938  0.777552
18  0.971069  0.104733  0.814697  0.816734
19  0.973877  0.104235  0.834473  0.754096
20  0.972290  0.103727  0.825562  0.865966
21  0.977539  0.091543  0.841309  0.752912
22  0.974854  0.095340  0.824829  0.828177
23  0.972656  0.104747  0.827881  0.769257
24  0.973145  0.100913  0.821899  0.795948
25  0.977905  0.085813  0.825073  0.785812
26  0.976807  0.090795  0.836670  0.798074
27  0.974731  0.096502  0.832764  0.806622
28  0.975342  0.095354  0.839478  0.770435
29  0.977783  0.085876  0.838989  1.022205
30  0.975220  0.088846  0.825562  0.819633
31  0.973145  0.095207  0.833618  0.817912

2018-01-19 22:47:54.018421 Finish.
Total elapsed time: 04:24:24.02.
