2018-01-19 18:22:35.804663: W tensorflow/core/platform/cpu_feature_guard.cc:45] The TensorFlow library wasn't compiled to use SSE4.1 instructions, but these are available on your machine and could speed up CPU computations.
2018-01-19 18:22:35.804920: W tensorflow/core/platform/cpu_feature_guard.cc:45] The TensorFlow library wasn't compiled to use SSE4.2 instructions, but these are available on your machine and could speed up CPU computations.
2018-01-19 18:22:35.804933: W tensorflow/core/platform/cpu_feature_guard.cc:45] The TensorFlow library wasn't compiled to use AVX instructions, but these are available on your machine and could speed up CPU computations.
Using TensorFlow backend.
2018-01-19 18:22:34.519026 Start.
Training convnet with adaptive threshold on BirdVox-70k with PCEN input. 
Training set: unit07, unit10, unit01.
Validation set: unit02, unit03.
Test set: unit05.

h5py version: 2.6.0
keras version: 2.0.6
numpy version: 1.13.1
pandas version: 0.20.3
pescador version: 1.0.0
tensorflow version: 1.2.1

____________________________________________________________________________________________________
Layer (type)                     Output Shape          Param #     Connected to                     
====================================================================================================
spec_input (InputLayer)          (None, 128, 104, 1)   0                                            
____________________________________________________________________________________________________
spec_bn (BatchNormalization)     (None, 128, 104, 1)   4           spec_input[0][0]                 
____________________________________________________________________________________________________
spec_conv1 (Conv2D)              (None, 128, 104, 24)  624         spec_bn[0][0]                    
____________________________________________________________________________________________________
spec_pool1 (MaxPooling2D)        (None, 64, 26, 24)    0           spec_conv1[0][0]                 
____________________________________________________________________________________________________
bg_input (InputLayer)            (None, 128, 9)        0                                            
____________________________________________________________________________________________________
spec_conv2 (Conv2D)              (None, 64, 26, 48)    28848       spec_pool1[0][0]                 
____________________________________________________________________________________________________
bg_pool (AveragePooling1D)       (None, 32, 9)         0           bg_input[0][0]                   
____________________________________________________________________________________________________
spec_pool2 (MaxPooling2D)        (None, 32, 6, 48)     0           spec_conv2[0][0]                 
____________________________________________________________________________________________________
bg_permute (Permute)             (None, 9, 32)         0           bg_pool[0][0]                    
____________________________________________________________________________________________________
spec_conv3 (Conv2D)              (None, 32, 6, 48)     57648       spec_pool2[0][0]                 
____________________________________________________________________________________________________
bg_conv (Conv1D)                 (None, 9, 8)          264         bg_permute[0][0]                 
____________________________________________________________________________________________________
spec_flatten (Flatten)           (None, 9216)          0           spec_conv3[0][0]                 
____________________________________________________________________________________________________
bg_flatten (Flatten)             (None, 72)            0           bg_conv[0][0]                    
____________________________________________________________________________________________________
spec_dense1 (Dense)              (None, 64)            589888      spec_flatten[0][0]               
____________________________________________________________________________________________________
bg_dense1 (Dense)                (None, 64)            4672        bg_flatten[0][0]                 
____________________________________________________________________________________________________
spec_dense2 (Dense)              (None, 1)             64          spec_dense1[0][0]                
____________________________________________________________________________________________________
bg_dense2 (Dense)                (None, 1)             64          bg_dense1[0][0]                  
____________________________________________________________________________________________________
add (Add)                        (None, 1)             0           spec_dense2[0][0]                
                                                                   bg_dense2[0][0]                  
____________________________________________________________________________________________________
dense (Dense)                    (None, 1)             2           add[0][0]                        
====================================================================================================
Total params: 682,078
Trainable params: 682,076
Non-trainable params: 2
____________________________________________________________________________________________________
         acc      loss   val_acc  val_loss
0   0.982056  0.088178  0.941284  0.289704
1   0.984497  0.079131  0.934692  0.362428
2   0.986206  0.071547  0.925415  0.355348
3   0.988403  0.061025  0.927734  0.358106
4   0.984497  0.084104  0.925293  0.400495
5   0.986206  0.077763  0.931152  0.296327
6   0.988647  0.065475  0.939087  0.278673
7   0.986816  0.075571  0.929688  0.400179
8   0.988281  0.067356  0.937378  0.337259
9   0.988037  0.065826  0.917236  0.456092
10  0.989136  0.059747  0.938599  0.309960
11  0.988403  0.066230  0.911133  0.522446
12  0.988159  0.062225  0.930176  0.387397
13  0.988525  0.052973  0.949097  0.293081
14  0.990112  0.057935  0.948730  0.305747
15  0.990479  0.054861  0.908447  0.509910

2018-01-19 20:42:00.725558 Finish.
Total elapsed time: 02:19:26.73.
