2018-01-19 18:23:23.562214: W tensorflow/core/platform/cpu_feature_guard.cc:45] The TensorFlow library wasn't compiled to use SSE4.1 instructions, but these are available on your machine and could speed up CPU computations.
2018-01-19 18:23:23.562465: W tensorflow/core/platform/cpu_feature_guard.cc:45] The TensorFlow library wasn't compiled to use SSE4.2 instructions, but these are available on your machine and could speed up CPU computations.
2018-01-19 18:23:23.562477: W tensorflow/core/platform/cpu_feature_guard.cc:45] The TensorFlow library wasn't compiled to use AVX instructions, but these are available on your machine and could speed up CPU computations.
Using TensorFlow backend.
2018-01-19 18:23:20.890892 Start.
Training convnet with adaptive threshold on BirdVox-70k with PCEN input. 
Training set: unit02, unit03, unit05.
Validation set: unit07, unit10.
Test set: unit01.

h5py version: 2.6.0
keras version: 2.0.6
numpy version: 1.13.1
pandas version: 0.20.3
pescador version: 1.0.0
tensorflow version: 1.2.1

____________________________________________________________________________________________________
Layer (type)                     Output Shape          Param #     Connected to                     
====================================================================================================
spec_input (InputLayer)          (None, 128, 104, 1)   0                                            
____________________________________________________________________________________________________
spec_bn (BatchNormalization)     (None, 128, 104, 1)   4           spec_input[0][0]                 
____________________________________________________________________________________________________
spec_conv1 (Conv2D)              (None, 128, 104, 24)  624         spec_bn[0][0]                    
____________________________________________________________________________________________________
spec_pool1 (MaxPooling2D)        (None, 64, 26, 24)    0           spec_conv1[0][0]                 
____________________________________________________________________________________________________
bg_input (InputLayer)            (None, 128, 9)        0                                            
____________________________________________________________________________________________________
spec_conv2 (Conv2D)              (None, 64, 26, 48)    28848       spec_pool1[0][0]                 
____________________________________________________________________________________________________
bg_pool (AveragePooling1D)       (None, 32, 9)         0           bg_input[0][0]                   
____________________________________________________________________________________________________
spec_pool2 (MaxPooling2D)        (None, 32, 6, 48)     0           spec_conv2[0][0]                 
____________________________________________________________________________________________________
bg_permute (Permute)             (None, 9, 32)         0           bg_pool[0][0]                    
____________________________________________________________________________________________________
spec_conv3 (Conv2D)              (None, 32, 6, 48)     57648       spec_pool2[0][0]                 
____________________________________________________________________________________________________
bg_conv (Conv1D)                 (None, 9, 8)          264         bg_permute[0][0]                 
____________________________________________________________________________________________________
spec_flatten (Flatten)           (None, 9216)          0           spec_conv3[0][0]                 
____________________________________________________________________________________________________
bg_flatten (Flatten)             (None, 72)            0           bg_conv[0][0]                    
____________________________________________________________________________________________________
spec_dense1 (Dense)              (None, 64)            589888      spec_flatten[0][0]               
____________________________________________________________________________________________________
bg_dense1 (Dense)                (None, 64)            4672        bg_flatten[0][0]                 
____________________________________________________________________________________________________
spec_dense2 (Dense)              (None, 1)             64          spec_dense1[0][0]                
____________________________________________________________________________________________________
bg_dense2 (Dense)                (None, 1)             64          bg_dense1[0][0]                  
____________________________________________________________________________________________________
add (Add)                        (None, 1)             0           spec_dense2[0][0]                
                                                                   bg_dense2[0][0]                  
____________________________________________________________________________________________________
dense (Dense)                    (None, 1)             2           add[0][0]                        
====================================================================================================
Total params: 682,078
Trainable params: 682,076
Non-trainable params: 2
____________________________________________________________________________________________________
         acc      loss   val_acc  val_loss
0   0.978394  0.093002  0.967407  0.149187
1   0.983276  0.079060  0.954224  0.173787
2   0.981445  0.080257  0.958496  0.165369
3   0.982422  0.074774  0.943604  0.191915
4   0.985718  0.079104  0.956665  0.164910
5   0.984619  0.069820  0.966675  0.147221
6   0.983643  0.069720  0.901001  0.280605
7   0.985840  0.072746  0.963745  0.157603
8   0.984863  0.068540  0.961914  0.153106
9   0.986572  0.065114  0.964355  0.154821
10  0.985596  0.066303  0.968506  0.139059
11  0.987427  0.065252  0.966309  0.152233
12  0.984863  0.068877  0.942749  0.214031
13  0.985596  0.069062  0.974731  0.118031
14  0.988159  0.058796  0.968262  0.135868
15  0.988403  0.055644  0.944092  0.190219
16  0.987793  0.056356  0.968872  0.155795
17  0.990356  0.051803  0.968262  0.142024
18  0.986694  0.061760  0.964111  0.145805
19  0.988770  0.055100  0.959961  0.163358
20  0.987671  0.058017  0.962280  0.145674
21  0.987183  0.061699  0.961426  0.163153
22  0.987671  0.058392  0.968750  0.150774
23  0.988159  0.058945  0.965088  0.158485
24  0.989746  0.054965  0.958740  0.162467
25  0.989624  0.047435  0.953003  0.182909
26  0.988159  0.054012  0.968018  0.147651
27  0.989380  0.049447  0.969238  0.135581
28  0.988770  0.051027  0.963501  0.135904
29  0.986694  0.058014  0.960449  0.159620
30  0.988770  0.054697  0.965088  0.141818
31  0.985229  0.060221  0.957031  0.158984

2018-01-19 22:50:58.294153 Finish.
Total elapsed time: 04:27:38.29.
