2018-01-19 18:23:28.694602: W tensorflow/core/platform/cpu_feature_guard.cc:45] The TensorFlow library wasn't compiled to use SSE4.1 instructions, but these are available on your machine and could speed up CPU computations.
2018-01-19 18:23:28.694873: W tensorflow/core/platform/cpu_feature_guard.cc:45] The TensorFlow library wasn't compiled to use SSE4.2 instructions, but these are available on your machine and could speed up CPU computations.
2018-01-19 18:23:28.694885: W tensorflow/core/platform/cpu_feature_guard.cc:45] The TensorFlow library wasn't compiled to use AVX instructions, but these are available on your machine and could speed up CPU computations.
2018-01-19 18:23:28.694890: W tensorflow/core/platform/cpu_feature_guard.cc:45] The TensorFlow library wasn't compiled to use AVX2 instructions, but these are available on your machine and could speed up CPU computations.
2018-01-19 18:23:28.694896: W tensorflow/core/platform/cpu_feature_guard.cc:45] The TensorFlow library wasn't compiled to use FMA instructions, but these are available on your machine and could speed up CPU computations.
Using TensorFlow backend.
2018-01-19 18:23:20.796572 Start.
Training convnet with adaptive threshold on BirdVox-70k with PCEN input. 
Training set: unit05, unit07, unit10.
Validation set: unit01, unit02.
Test set: unit03.

h5py version: 2.6.0
keras version: 2.0.6
numpy version: 1.13.1
pandas version: 0.20.3
pescador version: 1.0.0
tensorflow version: 1.2.1

____________________________________________________________________________________________________
Layer (type)                     Output Shape          Param #     Connected to                     
====================================================================================================
spec_input (InputLayer)          (None, 128, 104, 1)   0                                            
____________________________________________________________________________________________________
spec_bn (BatchNormalization)     (None, 128, 104, 1)   4           spec_input[0][0]                 
____________________________________________________________________________________________________
spec_conv1 (Conv2D)              (None, 128, 104, 24)  624         spec_bn[0][0]                    
____________________________________________________________________________________________________
spec_pool1 (MaxPooling2D)        (None, 64, 26, 24)    0           spec_conv1[0][0]                 
____________________________________________________________________________________________________
bg_input (InputLayer)            (None, 128, 9)        0                                            
____________________________________________________________________________________________________
spec_conv2 (Conv2D)              (None, 64, 26, 48)    28848       spec_pool1[0][0]                 
____________________________________________________________________________________________________
bg_pool (AveragePooling1D)       (None, 32, 9)         0           bg_input[0][0]                   
____________________________________________________________________________________________________
spec_pool2 (MaxPooling2D)        (None, 32, 6, 48)     0           spec_conv2[0][0]                 
____________________________________________________________________________________________________
bg_permute (Permute)             (None, 9, 32)         0           bg_pool[0][0]                    
____________________________________________________________________________________________________
spec_conv3 (Conv2D)              (None, 32, 6, 48)     57648       spec_pool2[0][0]                 
____________________________________________________________________________________________________
bg_conv (Conv1D)                 (None, 9, 8)          264         bg_permute[0][0]                 
____________________________________________________________________________________________________
spec_flatten (Flatten)           (None, 9216)          0           spec_conv3[0][0]                 
____________________________________________________________________________________________________
bg_flatten (Flatten)             (None, 72)            0           bg_conv[0][0]                    
____________________________________________________________________________________________________
spec_dense1 (Dense)              (None, 64)            589888      spec_flatten[0][0]               
____________________________________________________________________________________________________
bg_dense1 (Dense)                (None, 64)            4672        bg_flatten[0][0]                 
____________________________________________________________________________________________________
spec_dense2 (Dense)              (None, 1)             64          spec_dense1[0][0]                
____________________________________________________________________________________________________
bg_dense2 (Dense)                (None, 1)             64          bg_dense1[0][0]                  
____________________________________________________________________________________________________
add (Add)                        (None, 1)             0           spec_dense2[0][0]                
                                                                   bg_dense2[0][0]                  
____________________________________________________________________________________________________
dense (Dense)                    (None, 1)             2           add[0][0]                        
====================================================================================================
Total params: 682,078
Trainable params: 682,076
Non-trainable params: 2
____________________________________________________________________________________________________
         acc      loss   val_acc  val_loss
0   0.749512  0.509289  0.499268  1.547473
1   0.750244  0.509897  0.505981  1.395105
2   0.760742  0.499460  0.501953  1.689388
3   0.753296  0.502710  0.505371  1.547788
4   0.754639  0.495311  0.506226  1.401275
5   0.755249  0.494965  0.502563  1.566620
6   0.762085  0.492845  0.505493  1.600459
7   0.765137  0.486237  0.500610  1.464617
8   0.760254  0.493623  0.501099  1.487871
9   0.766968  0.485263  0.503418  1.685095
10  0.757690  0.492742  0.497314  1.277128
11  0.771973  0.483147  0.487061  1.732954
12  0.762573  0.487864  0.498535  1.465910
13  0.765015  0.484228  0.490234  1.374675
14  0.758057  0.486030  0.579102  1.416814
15  0.765137  0.484580  0.502808  1.513786
16  0.759155  0.492090  0.487915  1.289727
17  0.760986  0.484033  0.506714  1.223372
18  0.762451  0.489571  0.499023  1.286550
19  0.767578  0.484627  0.496704  1.193668
20  0.755005  0.492542  0.492676  1.484439
21  0.766357  0.477495  0.596313  1.328398
22  0.758667  0.485498  0.506104  1.454421
23  0.761230  0.480900  0.601440  1.183805
24  0.771240  0.475472  0.504761  1.275603
25  0.764526  0.483828  0.593994  1.373233
26  0.763428  0.486269  0.611816  1.211943
27  0.767334  0.480952  0.606934  1.253542
28  0.761841  0.484322  0.606079  1.294490
29  0.760376  0.487278  0.609741  1.168613
30  0.763306  0.484785  0.615723  1.124140
31  0.763062  0.479473  0.615601  1.210940

2018-01-19 22:43:19.457801 Finish.
Total elapsed time: 04:19:59.46.
