2018-01-19 18:23:23.839689: W tensorflow/core/platform/cpu_feature_guard.cc:45] The TensorFlow library wasn't compiled to use SSE4.1 instructions, but these are available on your machine and could speed up CPU computations.
2018-01-19 18:23:23.839964: W tensorflow/core/platform/cpu_feature_guard.cc:45] The TensorFlow library wasn't compiled to use SSE4.2 instructions, but these are available on your machine and could speed up CPU computations.
2018-01-19 18:23:23.839977: W tensorflow/core/platform/cpu_feature_guard.cc:45] The TensorFlow library wasn't compiled to use AVX instructions, but these are available on your machine and could speed up CPU computations.
Using TensorFlow backend.
2018-01-19 18:23:20.843263 Start.
Training convnet with adaptive threshold on BirdVox-70k with PCEN input. 
Training set: unit03, unit05, unit07.
Validation set: unit10, unit01.
Test set: unit02.

h5py version: 2.6.0
keras version: 2.0.6
numpy version: 1.13.1
pandas version: 0.20.3
pescador version: 1.0.0
tensorflow version: 1.2.1

____________________________________________________________________________________________________
Layer (type)                     Output Shape          Param #     Connected to                     
====================================================================================================
spec_input (InputLayer)          (None, 128, 104, 1)   0                                            
____________________________________________________________________________________________________
spec_bn (BatchNormalization)     (None, 128, 104, 1)   4           spec_input[0][0]                 
____________________________________________________________________________________________________
spec_conv1 (Conv2D)              (None, 128, 104, 24)  624         spec_bn[0][0]                    
____________________________________________________________________________________________________
spec_pool1 (MaxPooling2D)        (None, 64, 26, 24)    0           spec_conv1[0][0]                 
____________________________________________________________________________________________________
bg_input (InputLayer)            (None, 128, 9)        0                                            
____________________________________________________________________________________________________
spec_conv2 (Conv2D)              (None, 64, 26, 48)    28848       spec_pool1[0][0]                 
____________________________________________________________________________________________________
bg_pool (AveragePooling1D)       (None, 32, 9)         0           bg_input[0][0]                   
____________________________________________________________________________________________________
spec_pool2 (MaxPooling2D)        (None, 32, 6, 48)     0           spec_conv2[0][0]                 
____________________________________________________________________________________________________
bg_permute (Permute)             (None, 9, 32)         0           bg_pool[0][0]                    
____________________________________________________________________________________________________
spec_conv3 (Conv2D)              (None, 32, 6, 48)     57648       spec_pool2[0][0]                 
____________________________________________________________________________________________________
bg_conv (Conv1D)                 (None, 9, 8)          264         bg_permute[0][0]                 
____________________________________________________________________________________________________
spec_flatten (Flatten)           (None, 9216)          0           spec_conv3[0][0]                 
____________________________________________________________________________________________________
bg_flatten (Flatten)             (None, 72)            0           bg_conv[0][0]                    
____________________________________________________________________________________________________
spec_dense1 (Dense)              (None, 64)            589888      spec_flatten[0][0]               
____________________________________________________________________________________________________
bg_dense1 (Dense)                (None, 64)            4672        bg_flatten[0][0]                 
____________________________________________________________________________________________________
spec_dense2 (Dense)              (None, 1)             64          spec_dense1[0][0]                
____________________________________________________________________________________________________
bg_dense2 (Dense)                (None, 1)             64          bg_dense1[0][0]                  
____________________________________________________________________________________________________
add (Add)                        (None, 1)             0           spec_dense2[0][0]                
                                                                   bg_dense2[0][0]                  
____________________________________________________________________________________________________
dense (Dense)                    (None, 1)             2           add[0][0]                        
====================================================================================================
Total params: 682,078
Trainable params: 682,076
Non-trainable params: 2
____________________________________________________________________________________________________
         acc      loss   val_acc  val_loss
0   0.498779  7.992765  0.509277  7.824800
1   0.507324  7.855544  0.493164  8.080968
2   0.497681  8.008752  0.488281  8.158428
3   0.495972  8.035712  0.496948  8.020053
4   0.501465  7.947989  0.503052  7.922208
5   0.482422  8.303014  0.500244  8.122172
6   0.740723  3.371878  0.851685  0.701014
7   0.970337  0.137146  0.808472  1.292433
8   0.973755  0.117145  0.804443  1.313573
9   0.978027  0.093830  0.818481  1.065965
10  0.978394  0.094400  0.789185  1.458344
11  0.980103  0.084108  0.828247  0.904955
12  0.981567  0.077329  0.826538  0.990153
13  0.980713  0.076619  0.823242  1.047171
14  0.980347  0.077610  0.830322  0.962022
15  0.982544  0.067441  0.834229  0.960747
16  0.976685  0.087787  0.828247  0.896079
17  0.980713  0.069081  0.800537  1.251845
18  0.981445  0.078599  0.808472  1.291880
19  0.980347  0.077646  0.829346  0.936482
20  0.984375  0.066609  0.806641  1.134769
21  0.985107  0.066097  0.825928  1.167743
22  0.983032  0.074852  0.854492  0.701223
23  0.983887  0.066844  0.817505  1.114859
24  0.982300  0.069681  0.855957  0.852808
25  0.982788  0.073209  0.848633  0.886043
26  0.984009  0.070975  0.854370  0.776638
27  0.983276  0.067604  0.833618  0.955492
28  0.986694  0.058335  0.844238  0.813711
29  0.981934  0.070126  0.847900  0.870888
30  0.983643  0.066035  0.829224  1.093637
31  0.983887  0.063681  0.832031  0.902307

2018-01-19 22:47:57.506290 Finish.
Total elapsed time: 04:24:37.51.
