2018-01-19 18:23:36.918073: W tensorflow/core/platform/cpu_feature_guard.cc:45] The TensorFlow library wasn't compiled to use SSE4.1 instructions, but these are available on your machine and could speed up CPU computations.
2018-01-19 18:23:36.918375: W tensorflow/core/platform/cpu_feature_guard.cc:45] The TensorFlow library wasn't compiled to use SSE4.2 instructions, but these are available on your machine and could speed up CPU computations.
2018-01-19 18:23:36.918387: W tensorflow/core/platform/cpu_feature_guard.cc:45] The TensorFlow library wasn't compiled to use AVX instructions, but these are available on your machine and could speed up CPU computations.
Using TensorFlow backend.
2018-01-19 18:23:30.831027 Start.
Training convnet with adaptive threshold on BirdVox-70k with PCEN input. 
Training set: unit03, unit05, unit07.
Validation set: unit10, unit01.
Test set: unit02.

h5py version: 2.6.0
keras version: 2.0.6
numpy version: 1.13.1
pandas version: 0.20.3
pescador version: 1.0.0
tensorflow version: 1.2.1

____________________________________________________________________________________________________
Layer (type)                     Output Shape          Param #     Connected to                     
====================================================================================================
spec_input (InputLayer)          (None, 128, 104, 1)   0                                            
____________________________________________________________________________________________________
spec_bn (BatchNormalization)     (None, 128, 104, 1)   4           spec_input[0][0]                 
____________________________________________________________________________________________________
spec_conv1 (Conv2D)              (None, 128, 104, 24)  624         spec_bn[0][0]                    
____________________________________________________________________________________________________
spec_pool1 (MaxPooling2D)        (None, 64, 26, 24)    0           spec_conv1[0][0]                 
____________________________________________________________________________________________________
bg_input (InputLayer)            (None, 128, 9)        0                                            
____________________________________________________________________________________________________
spec_conv2 (Conv2D)              (None, 64, 26, 48)    28848       spec_pool1[0][0]                 
____________________________________________________________________________________________________
bg_pool (AveragePooling1D)       (None, 32, 9)         0           bg_input[0][0]                   
____________________________________________________________________________________________________
spec_pool2 (MaxPooling2D)        (None, 32, 6, 48)     0           spec_conv2[0][0]                 
____________________________________________________________________________________________________
bg_permute (Permute)             (None, 9, 32)         0           bg_pool[0][0]                    
____________________________________________________________________________________________________
spec_conv3 (Conv2D)              (None, 32, 6, 48)     57648       spec_pool2[0][0]                 
____________________________________________________________________________________________________
bg_conv (Conv1D)                 (None, 9, 8)          264         bg_permute[0][0]                 
____________________________________________________________________________________________________
spec_flatten (Flatten)           (None, 9216)          0           spec_conv3[0][0]                 
____________________________________________________________________________________________________
bg_flatten (Flatten)             (None, 72)            0           bg_conv[0][0]                    
____________________________________________________________________________________________________
spec_dense1 (Dense)              (None, 64)            589888      spec_flatten[0][0]               
____________________________________________________________________________________________________
bg_dense1 (Dense)                (None, 64)            4672        bg_flatten[0][0]                 
____________________________________________________________________________________________________
spec_dense2 (Dense)              (None, 1)             64          spec_dense1[0][0]                
____________________________________________________________________________________________________
bg_dense2 (Dense)                (None, 1)             64          bg_dense1[0][0]                  
____________________________________________________________________________________________________
add (Add)                        (None, 1)             0           spec_dense2[0][0]                
                                                                   bg_dense2[0][0]                  
____________________________________________________________________________________________________
dense (Dense)                    (None, 1)             2           add[0][0]                        
====================================================================================================
Total params: 682,078
Trainable params: 682,076
Non-trainable params: 2
____________________________________________________________________________________________________
         acc      loss   val_acc  val_loss
0   0.974731  0.103187  0.816528  0.912914
1   0.975464  0.098974  0.819824  0.857295
2   0.977905  0.088135  0.850098  0.682048
3   0.975830  0.090999  0.828369  0.762675
4   0.981323  0.075471  0.827881  0.901860
5   0.981201  0.084584  0.817017  0.890526
6   0.980957  0.085981  0.862427  0.706282
7   0.983032  0.072040  0.829590  0.896302
8   0.980469  0.078479  0.859985  0.751925
9   0.981079  0.081961  0.831299  0.864632
10  0.982300  0.081179  0.830200  0.932540
11  0.980835  0.079816  0.824219  0.900627
12  0.983276  0.071143  0.840088  0.836751
13  0.982788  0.068354  0.825806  0.960606
14  0.984619  0.068593  0.861572  0.791610
15  0.982788  0.073641  0.852905  0.884911
16  0.984375  0.066969  0.824341  1.070777
17  0.983154  0.069830  0.865479  0.687966
18  0.983887  0.065746  0.828125  1.016063
19  0.983276  0.071888  0.876587  0.699493
20  0.985229  0.066039  0.823120  1.083559
21  0.986206  0.062696  0.844238  0.864737
22  0.983521  0.071729  0.847046  0.764490
23  0.983521  0.069942  0.847290  0.847042
24  0.983521  0.067317  0.852051  0.823574
25  0.986328  0.059716  0.826416  1.029507
26  0.985352  0.063049  0.856201  0.845154
27  0.986084  0.062886  0.834717  1.042761
28  0.984619  0.064702  0.861084  0.751555
29  0.987793  0.059006  0.831421  0.934973
30  0.984863  0.066082  0.877075  0.633536
31  0.986084  0.061191  0.861206  0.725731

2018-01-19 22:34:17.958186 Finish.
Total elapsed time: 04:10:47.96.
