2018-01-19 18:23:37.562247: W tensorflow/core/platform/cpu_feature_guard.cc:45] The TensorFlow library wasn't compiled to use SSE4.1 instructions, but these are available on your machine and could speed up CPU computations.
2018-01-19 18:23:37.562529: W tensorflow/core/platform/cpu_feature_guard.cc:45] The TensorFlow library wasn't compiled to use SSE4.2 instructions, but these are available on your machine and could speed up CPU computations.
2018-01-19 18:23:37.562542: W tensorflow/core/platform/cpu_feature_guard.cc:45] The TensorFlow library wasn't compiled to use AVX instructions, but these are available on your machine and could speed up CPU computations.
Using TensorFlow backend.
2018-01-19 18:23:30.546365 Start.
Training convnet with adaptive threshold on BirdVox-70k with PCEN input. 
Training set: unit10, unit01, unit02.
Validation set: unit03, unit05.
Test set: unit07.

h5py version: 2.6.0
keras version: 2.0.6
numpy version: 1.13.1
pandas version: 0.20.3
pescador version: 1.0.0
tensorflow version: 1.2.1

____________________________________________________________________________________________________
Layer (type)                     Output Shape          Param #     Connected to                     
====================================================================================================
spec_input (InputLayer)          (None, 128, 104, 1)   0                                            
____________________________________________________________________________________________________
spec_bn (BatchNormalization)     (None, 128, 104, 1)   4           spec_input[0][0]                 
____________________________________________________________________________________________________
spec_conv1 (Conv2D)              (None, 128, 104, 24)  624         spec_bn[0][0]                    
____________________________________________________________________________________________________
spec_pool1 (MaxPooling2D)        (None, 64, 26, 24)    0           spec_conv1[0][0]                 
____________________________________________________________________________________________________
bg_input (InputLayer)            (None, 128, 9)        0                                            
____________________________________________________________________________________________________
spec_conv2 (Conv2D)              (None, 64, 26, 48)    28848       spec_pool1[0][0]                 
____________________________________________________________________________________________________
bg_pool (AveragePooling1D)       (None, 32, 9)         0           bg_input[0][0]                   
____________________________________________________________________________________________________
spec_pool2 (MaxPooling2D)        (None, 32, 6, 48)     0           spec_conv2[0][0]                 
____________________________________________________________________________________________________
bg_permute (Permute)             (None, 9, 32)         0           bg_pool[0][0]                    
____________________________________________________________________________________________________
spec_conv3 (Conv2D)              (None, 32, 6, 48)     57648       spec_pool2[0][0]                 
____________________________________________________________________________________________________
bg_conv (Conv1D)                 (None, 9, 8)          264         bg_permute[0][0]                 
____________________________________________________________________________________________________
spec_flatten (Flatten)           (None, 9216)          0           spec_conv3[0][0]                 
____________________________________________________________________________________________________
bg_flatten (Flatten)             (None, 72)            0           bg_conv[0][0]                    
____________________________________________________________________________________________________
spec_dense1 (Dense)              (None, 64)            589888      spec_flatten[0][0]               
____________________________________________________________________________________________________
bg_dense1 (Dense)                (None, 64)            4672        bg_flatten[0][0]                 
____________________________________________________________________________________________________
spec_dense2 (Dense)              (None, 1)             64          spec_dense1[0][0]                
____________________________________________________________________________________________________
bg_dense2 (Dense)                (None, 1)             64          bg_dense1[0][0]                  
____________________________________________________________________________________________________
add (Add)                        (None, 1)             0           spec_dense2[0][0]                
                                                                   bg_dense2[0][0]                  
____________________________________________________________________________________________________
dense (Dense)                    (None, 1)             2           add[0][0]                        
====================================================================================================
Total params: 682,078
Trainable params: 682,076
Non-trainable params: 2
____________________________________________________________________________________________________
         acc      loss   val_acc  val_loss
0   0.925537  0.209016  0.940430  0.198083
1   0.931763  0.190643  0.949951  0.188489
2   0.937744  0.182643  0.951294  0.158996
3   0.942383  0.165877  0.919800  0.231397
4   0.939331  0.173805  0.945068  0.172192
5   0.943970  0.171209  0.942383  0.190986
6   0.948486  0.153677  0.939087  0.180662
7   0.954346  0.139943  0.927368  0.207635
8   0.950562  0.150113  0.962280  0.131391
9   0.952515  0.153481  0.963257  0.128236
10  0.951050  0.139653  0.954712  0.151464
11  0.953247  0.144922  0.960938  0.141625
12  0.952515  0.150880  0.959717  0.146726
13  0.953857  0.143316  0.951660  0.162705
14  0.956299  0.129794  0.941284  0.176063
15  0.953125  0.134491  0.965088  0.129633
16  0.954834  0.139460  0.955444  0.159992
17  0.956787  0.137829  0.957886  0.149370
18  0.953369  0.134749  0.957764  0.151212
19  0.956787  0.132217  0.960571  0.142976
20  0.959351  0.128568  0.958984  0.149523
21  0.960571  0.124208  0.968018  0.114987
22  0.955811  0.138693  0.941040  0.191881
23  0.956543  0.129622  0.956177  0.149713
24  0.957397  0.133734  0.956421  0.153631
25  0.957031  0.133538  0.964600  0.125471
26  0.957764  0.129195  0.964233  0.129669
27  0.953979  0.134865  0.963379  0.133510
28  0.958130  0.132528  0.961304  0.135178
29  0.959961  0.130021  0.965210  0.120809
30  0.959229  0.132650  0.955688  0.148975
31  0.958618  0.128412  0.944214  0.169537

2018-01-19 22:54:47.259964 Finish.
Total elapsed time: 04:31:17.26.
