2018-01-19 18:23:38.233317: W tensorflow/core/platform/cpu_feature_guard.cc:45] The TensorFlow library wasn't compiled to use SSE4.1 instructions, but these are available on your machine and could speed up CPU computations.
2018-01-19 18:23:38.233537: W tensorflow/core/platform/cpu_feature_guard.cc:45] The TensorFlow library wasn't compiled to use SSE4.2 instructions, but these are available on your machine and could speed up CPU computations.
2018-01-19 18:23:38.233549: W tensorflow/core/platform/cpu_feature_guard.cc:45] The TensorFlow library wasn't compiled to use AVX instructions, but these are available on your machine and could speed up CPU computations.
Using TensorFlow backend.
2018-01-19 18:23:30.546397 Start.
Training convnet with adaptive threshold on BirdVox-70k with PCEN input. 
Training set: unit07, unit10, unit01.
Validation set: unit02, unit03.
Test set: unit05.

h5py version: 2.6.0
keras version: 2.0.6
numpy version: 1.13.1
pandas version: 0.20.3
pescador version: 1.0.0
tensorflow version: 1.2.1

____________________________________________________________________________________________________
Layer (type)                     Output Shape          Param #     Connected to                     
====================================================================================================
spec_input (InputLayer)          (None, 128, 104, 1)   0                                            
____________________________________________________________________________________________________
spec_bn (BatchNormalization)     (None, 128, 104, 1)   4           spec_input[0][0]                 
____________________________________________________________________________________________________
spec_conv1 (Conv2D)              (None, 128, 104, 24)  624         spec_bn[0][0]                    
____________________________________________________________________________________________________
spec_pool1 (MaxPooling2D)        (None, 64, 26, 24)    0           spec_conv1[0][0]                 
____________________________________________________________________________________________________
bg_input (InputLayer)            (None, 128, 9)        0                                            
____________________________________________________________________________________________________
spec_conv2 (Conv2D)              (None, 64, 26, 48)    28848       spec_pool1[0][0]                 
____________________________________________________________________________________________________
bg_pool (AveragePooling1D)       (None, 32, 9)         0           bg_input[0][0]                   
____________________________________________________________________________________________________
spec_pool2 (MaxPooling2D)        (None, 32, 6, 48)     0           spec_conv2[0][0]                 
____________________________________________________________________________________________________
bg_permute (Permute)             (None, 9, 32)         0           bg_pool[0][0]                    
____________________________________________________________________________________________________
spec_conv3 (Conv2D)              (None, 32, 6, 48)     57648       spec_pool2[0][0]                 
____________________________________________________________________________________________________
bg_conv (Conv1D)                 (None, 9, 8)          264         bg_permute[0][0]                 
____________________________________________________________________________________________________
spec_flatten (Flatten)           (None, 9216)          0           spec_conv3[0][0]                 
____________________________________________________________________________________________________
bg_flatten (Flatten)             (None, 72)            0           bg_conv[0][0]                    
____________________________________________________________________________________________________
spec_dense1 (Dense)              (None, 64)            589888      spec_flatten[0][0]               
____________________________________________________________________________________________________
bg_dense1 (Dense)                (None, 64)            4672        bg_flatten[0][0]                 
____________________________________________________________________________________________________
spec_dense2 (Dense)              (None, 1)             64          spec_dense1[0][0]                
____________________________________________________________________________________________________
bg_dense2 (Dense)                (None, 1)             64          bg_dense1[0][0]                  
____________________________________________________________________________________________________
add (Add)                        (None, 1)             0           spec_dense2[0][0]                
                                                                   bg_dense2[0][0]                  
____________________________________________________________________________________________________
dense (Dense)                    (None, 1)             2           add[0][0]                        
====================================================================================================
Total params: 682,078
Trainable params: 682,076
Non-trainable params: 2
____________________________________________________________________________________________________
         acc      loss   val_acc  val_loss
0   0.795532  0.448822  0.704590  0.927267
1   0.790405  0.448124  0.707642  0.912496
2   0.785400  0.452884  0.716797  0.828808
3   0.792725  0.448755  0.709595  0.883272
4   0.802124  0.432899  0.712891  0.865145
5   0.785156  0.453137  0.711426  0.810186
6   0.787720  0.455794  0.719482  0.783508
7   0.796509  0.446078  0.712524  0.832808
8   0.792847  0.442924  0.727173  0.731207
9   0.797485  0.441380  0.729004  0.687164
10  0.797852  0.442551  0.714600  0.820692
11  0.792358  0.447778  0.714844  0.829758
12  0.799072  0.441450  0.718140  0.707142
13  0.797241  0.436206  0.723755  0.751689
14  0.794922  0.440948  0.713013  0.764012
15  0.794434  0.447685  0.715698  0.795590
16  0.797485  0.438353  0.728149  0.693979
17  0.792847  0.454312  0.717773  0.752084
18  0.802490  0.436751  0.717407  0.722853
19  0.792480  0.441113  0.732666  0.682909
20  0.796753  0.441863  0.725220  0.697400
21  0.800293  0.429744  0.712524  0.819678
22  0.801025  0.433211  0.719116  0.746393
23  0.793701  0.446195  0.732910  0.681550
24  0.792480  0.446739  0.726807  0.694229
25  0.800659  0.437236  0.733154  0.698746
26  0.800293  0.439576  0.746094  0.650023
27  0.794312  0.441970  0.721436  0.738235
28  0.796997  0.443793  0.722168  0.722675
29  0.803467  0.432291  0.735962  0.678104
30  0.796753  0.443918  0.732788  0.646097
31  0.799805  0.435242  0.733032  0.684718

2018-01-19 22:52:57.865114 Finish.
Total elapsed time: 04:29:27.87.
