2018-01-19 18:23:36.576161: W tensorflow/core/platform/cpu_feature_guard.cc:45] The TensorFlow library wasn't compiled to use SSE4.1 instructions, but these are available on your machine and could speed up CPU computations.
2018-01-19 18:23:36.576415: W tensorflow/core/platform/cpu_feature_guard.cc:45] The TensorFlow library wasn't compiled to use SSE4.2 instructions, but these are available on your machine and could speed up CPU computations.
2018-01-19 18:23:36.576427: W tensorflow/core/platform/cpu_feature_guard.cc:45] The TensorFlow library wasn't compiled to use AVX instructions, but these are available on your machine and could speed up CPU computations.
Using TensorFlow backend.
2018-01-19 18:23:30.830979 Start.
Training convnet with adaptive threshold on BirdVox-70k with PCEN input. 
Training set: unit02, unit03, unit05.
Validation set: unit07, unit10.
Test set: unit01.

h5py version: 2.6.0
keras version: 2.0.6
numpy version: 1.13.1
pandas version: 0.20.3
pescador version: 1.0.0
tensorflow version: 1.2.1

____________________________________________________________________________________________________
Layer (type)                     Output Shape          Param #     Connected to                     
====================================================================================================
spec_input (InputLayer)          (None, 128, 104, 1)   0                                            
____________________________________________________________________________________________________
spec_bn (BatchNormalization)     (None, 128, 104, 1)   4           spec_input[0][0]                 
____________________________________________________________________________________________________
spec_conv1 (Conv2D)              (None, 128, 104, 24)  624         spec_bn[0][0]                    
____________________________________________________________________________________________________
spec_pool1 (MaxPooling2D)        (None, 64, 26, 24)    0           spec_conv1[0][0]                 
____________________________________________________________________________________________________
bg_input (InputLayer)            (None, 128, 9)        0                                            
____________________________________________________________________________________________________
spec_conv2 (Conv2D)              (None, 64, 26, 48)    28848       spec_pool1[0][0]                 
____________________________________________________________________________________________________
bg_pool (AveragePooling1D)       (None, 32, 9)         0           bg_input[0][0]                   
____________________________________________________________________________________________________
spec_pool2 (MaxPooling2D)        (None, 32, 6, 48)     0           spec_conv2[0][0]                 
____________________________________________________________________________________________________
bg_permute (Permute)             (None, 9, 32)         0           bg_pool[0][0]                    
____________________________________________________________________________________________________
spec_conv3 (Conv2D)              (None, 32, 6, 48)     57648       spec_pool2[0][0]                 
____________________________________________________________________________________________________
bg_conv (Conv1D)                 (None, 9, 8)          264         bg_permute[0][0]                 
____________________________________________________________________________________________________
spec_flatten (Flatten)           (None, 9216)          0           spec_conv3[0][0]                 
____________________________________________________________________________________________________
bg_flatten (Flatten)             (None, 72)            0           bg_conv[0][0]                    
____________________________________________________________________________________________________
spec_dense1 (Dense)              (None, 64)            589888      spec_flatten[0][0]               
____________________________________________________________________________________________________
bg_dense1 (Dense)                (None, 64)            4672        bg_flatten[0][0]                 
____________________________________________________________________________________________________
spec_dense2 (Dense)              (None, 1)             64          spec_dense1[0][0]                
____________________________________________________________________________________________________
bg_dense2 (Dense)                (None, 1)             64          bg_dense1[0][0]                  
____________________________________________________________________________________________________
add (Add)                        (None, 1)             0           spec_dense2[0][0]                
                                                                   bg_dense2[0][0]                  
____________________________________________________________________________________________________
dense (Dense)                    (None, 1)             2           add[0][0]                        
====================================================================================================
Total params: 682,078
Trainable params: 682,076
Non-trainable params: 2
____________________________________________________________________________________________________
         acc      loss   val_acc  val_loss
0   0.978760  0.097511  0.971436  0.150727
1   0.982666  0.088302  0.957275  0.190891
2   0.980225  0.089975  0.969727  0.145809
3   0.982300  0.080567  0.922485  0.262502
4   0.983154  0.072524  0.969360  0.142943
5   0.983521  0.081993  0.931152  0.252885
6   0.982300  0.078443  0.955444  0.195176
7   0.979614  0.082953  0.960571  0.163106
8   0.984253  0.071629  0.962646  0.181604
9   0.984619  0.070807  0.957031  0.165956
10  0.983521  0.074906  0.965454  0.167728
11  0.986572  0.067593  0.947876  0.208458
12  0.986206  0.066589  0.952393  0.196982
13  0.983521  0.076819  0.967163  0.144697
14  0.983154  0.072946  0.964844  0.134968
15  0.985474  0.064439  0.942017  0.204439
16  0.983276  0.069894  0.955933  0.178457
17  0.986450  0.062668  0.973877  0.127020
18  0.985718  0.066852  0.970459  0.128719
19  0.987549  0.058521  0.954712  0.187475
20  0.985840  0.063241  0.967651  0.151500
21  0.987427  0.058242  0.964111  0.161219
22  0.986572  0.058756  0.958008  0.147225
23  0.986694  0.056160  0.968262  0.140561
24  0.984619  0.066864  0.968018  0.147974
25  0.987061  0.062742  0.946167  0.206209
26  0.987061  0.060616  0.960449  0.160176
27  0.987427  0.057023  0.970215  0.135615
28  0.987793  0.065684  0.970337  0.135639
29  0.988281  0.058576  0.966675  0.156542
30  0.986084  0.062147  0.971313  0.130607
31  0.988281  0.060749  0.955811  0.167817

2018-01-19 22:44:51.765485 Finish.
Total elapsed time: 04:21:21.77.
