2018-01-19 18:23:37.544830: W tensorflow/core/platform/cpu_feature_guard.cc:45] The TensorFlow library wasn't compiled to use SSE4.1 instructions, but these are available on your machine and could speed up CPU computations.
2018-01-19 18:23:37.545100: W tensorflow/core/platform/cpu_feature_guard.cc:45] The TensorFlow library wasn't compiled to use SSE4.2 instructions, but these are available on your machine and could speed up CPU computations.
2018-01-19 18:23:37.545112: W tensorflow/core/platform/cpu_feature_guard.cc:45] The TensorFlow library wasn't compiled to use AVX instructions, but these are available on your machine and could speed up CPU computations.
Using TensorFlow backend.
2018-01-19 18:23:30.828368 Start.
Training convnet with adaptive threshold on BirdVox-70k with PCEN input. 
Training set: unit05, unit07, unit10.
Validation set: unit01, unit02.
Test set: unit03.

h5py version: 2.6.0
keras version: 2.0.6
numpy version: 1.13.1
pandas version: 0.20.3
pescador version: 1.0.0
tensorflow version: 1.2.1

____________________________________________________________________________________________________
Layer (type)                     Output Shape          Param #     Connected to                     
====================================================================================================
spec_input (InputLayer)          (None, 128, 104, 1)   0                                            
____________________________________________________________________________________________________
spec_bn (BatchNormalization)     (None, 128, 104, 1)   4           spec_input[0][0]                 
____________________________________________________________________________________________________
spec_conv1 (Conv2D)              (None, 128, 104, 24)  624         spec_bn[0][0]                    
____________________________________________________________________________________________________
spec_pool1 (MaxPooling2D)        (None, 64, 26, 24)    0           spec_conv1[0][0]                 
____________________________________________________________________________________________________
bg_input (InputLayer)            (None, 128, 9)        0                                            
____________________________________________________________________________________________________
spec_conv2 (Conv2D)              (None, 64, 26, 48)    28848       spec_pool1[0][0]                 
____________________________________________________________________________________________________
bg_pool (AveragePooling1D)       (None, 32, 9)         0           bg_input[0][0]                   
____________________________________________________________________________________________________
spec_pool2 (MaxPooling2D)        (None, 32, 6, 48)     0           spec_conv2[0][0]                 
____________________________________________________________________________________________________
bg_permute (Permute)             (None, 9, 32)         0           bg_pool[0][0]                    
____________________________________________________________________________________________________
spec_conv3 (Conv2D)              (None, 32, 6, 48)     57648       spec_pool2[0][0]                 
____________________________________________________________________________________________________
bg_conv (Conv1D)                 (None, 9, 8)          264         bg_permute[0][0]                 
____________________________________________________________________________________________________
spec_flatten (Flatten)           (None, 9216)          0           spec_conv3[0][0]                 
____________________________________________________________________________________________________
bg_flatten (Flatten)             (None, 72)            0           bg_conv[0][0]                    
____________________________________________________________________________________________________
spec_dense1 (Dense)              (None, 64)            589888      spec_flatten[0][0]               
____________________________________________________________________________________________________
bg_dense1 (Dense)                (None, 64)            4672        bg_flatten[0][0]                 
____________________________________________________________________________________________________
spec_dense2 (Dense)              (None, 1)             64          spec_dense1[0][0]                
____________________________________________________________________________________________________
bg_dense2 (Dense)                (None, 1)             64          bg_dense1[0][0]                  
____________________________________________________________________________________________________
add (Add)                        (None, 1)             0           spec_dense2[0][0]                
                                                                   bg_dense2[0][0]                  
____________________________________________________________________________________________________
dense (Dense)                    (None, 1)             2           add[0][0]                        
====================================================================================================
Total params: 682,078
Trainable params: 682,076
Non-trainable params: 2
____________________________________________________________________________________________________
         acc      loss   val_acc  val_loss
0   0.974854  0.108409  0.815796  0.752179
1   0.977295  0.113430  0.828369  0.686824
2   0.974854  0.114765  0.827759  0.739357
3   0.979858  0.097374  0.841431  0.743788
4   0.976807  0.100702  0.836304  0.784105
5   0.974243  0.110854  0.833618  0.633301
6   0.976929  0.100887  0.841919  0.644013
7   0.982544  0.085581  0.813110  0.924616
8   0.977417  0.103157  0.836914  0.664065
9   0.980591  0.091823  0.837402  0.713773
10  0.980469  0.093189  0.826782  0.701610
11  0.978882  0.098276  0.839722  0.666559
12  0.979736  0.088121  0.827515  0.669013
13  0.979004  0.089156  0.808472  0.802396
14  0.983276  0.077014  0.830078  0.793068
15  0.980103  0.087699  0.846069  0.572027
16  0.983154  0.080005  0.792969  1.040180
17  0.982788  0.080041  0.818359  0.879131
18  0.980347  0.088357  0.847412  0.760637
19  0.982422  0.083430  0.829224  0.663184
20  0.979614  0.089526  0.846924  0.562367
21  0.979614  0.087082  0.823730  0.760686
22  0.979004  0.084740  0.852905  0.580659
23  0.985596  0.070484  0.838013  0.751650
24  0.981934  0.080277  0.846069  0.728054
25  0.984985  0.071651  0.839233  0.728322
26  0.981567  0.078956  0.861938  0.656375
27  0.979980  0.085531  0.831909  0.719418
28  0.983643  0.074273  0.819580  0.727591
29  0.983887  0.075385  0.854614  0.721909
30  0.983643  0.070121  0.847900  0.595921
31  0.982422  0.077567  0.851074  0.641093

2018-01-19 22:42:45.208543 Finish.
Total elapsed time: 04:19:15.21.
