2018-01-19 18:23:26.655044: W tensorflow/core/platform/cpu_feature_guard.cc:45] The TensorFlow library wasn't compiled to use SSE4.1 instructions, but these are available on your machine and could speed up CPU computations.
2018-01-19 18:23:26.655279: W tensorflow/core/platform/cpu_feature_guard.cc:45] The TensorFlow library wasn't compiled to use SSE4.2 instructions, but these are available on your machine and could speed up CPU computations.
2018-01-19 18:23:26.655291: W tensorflow/core/platform/cpu_feature_guard.cc:45] The TensorFlow library wasn't compiled to use AVX instructions, but these are available on your machine and could speed up CPU computations.
Using TensorFlow backend.
2018-01-19 18:23:23.670415 Start.
Training convnet with adaptive threshold on BirdVox-70k with PCEN input. 
Training set: unit07, unit10, unit01.
Validation set: unit02, unit03.
Test set: unit05.

h5py version: 2.6.0
keras version: 2.0.6
numpy version: 1.13.1
pandas version: 0.20.3
pescador version: 1.0.0
tensorflow version: 1.2.1

____________________________________________________________________________________________________
Layer (type)                     Output Shape          Param #     Connected to                     
====================================================================================================
spec_input (InputLayer)          (None, 128, 104, 1)   0                                            
____________________________________________________________________________________________________
spec_bn (BatchNormalization)     (None, 128, 104, 1)   4           spec_input[0][0]                 
____________________________________________________________________________________________________
spec_conv1 (Conv2D)              (None, 128, 104, 24)  624         spec_bn[0][0]                    
____________________________________________________________________________________________________
spec_pool1 (MaxPooling2D)        (None, 64, 26, 24)    0           spec_conv1[0][0]                 
____________________________________________________________________________________________________
bg_input (InputLayer)            (None, 128, 9)        0                                            
____________________________________________________________________________________________________
spec_conv2 (Conv2D)              (None, 64, 26, 48)    28848       spec_pool1[0][0]                 
____________________________________________________________________________________________________
bg_pool (AveragePooling1D)       (None, 32, 9)         0           bg_input[0][0]                   
____________________________________________________________________________________________________
spec_pool2 (MaxPooling2D)        (None, 32, 6, 48)     0           spec_conv2[0][0]                 
____________________________________________________________________________________________________
bg_permute (Permute)             (None, 9, 32)         0           bg_pool[0][0]                    
____________________________________________________________________________________________________
spec_conv3 (Conv2D)              (None, 32, 6, 48)     57648       spec_pool2[0][0]                 
____________________________________________________________________________________________________
bg_conv (Conv1D)                 (None, 9, 8)          264         bg_permute[0][0]                 
____________________________________________________________________________________________________
spec_flatten (Flatten)           (None, 9216)          0           spec_conv3[0][0]                 
____________________________________________________________________________________________________
bg_flatten (Flatten)             (None, 72)            0           bg_conv[0][0]                    
____________________________________________________________________________________________________
spec_dense1 (Dense)              (None, 64)            589888      spec_flatten[0][0]               
____________________________________________________________________________________________________
bg_dense1 (Dense)                (None, 64)            4672        bg_flatten[0][0]                 
____________________________________________________________________________________________________
spec_dense2 (Dense)              (None, 1)             64          spec_dense1[0][0]                
____________________________________________________________________________________________________
bg_dense2 (Dense)                (None, 1)             64          bg_dense1[0][0]                  
____________________________________________________________________________________________________
add (Add)                        (None, 1)             0           spec_dense2[0][0]                
                                                                   bg_dense2[0][0]                  
____________________________________________________________________________________________________
dense (Dense)                    (None, 1)             2           add[0][0]                        
====================================================================================================
Total params: 682,078
Trainable params: 682,076
Non-trainable params: 2
____________________________________________________________________________________________________
         acc      loss   val_acc  val_loss
0   0.507812  7.938826  0.504395  7.992605
1   0.514648  7.826391  0.496094  8.124652
2   0.490479  8.214582  0.497192  8.105873
3   0.499634  8.066169  0.504517  7.987167
4   0.740723  3.072262  0.936768  0.251334
5   0.932861  0.221052  0.935181  0.261106
6   0.945312  0.183235  0.932617  0.230816
7   0.952271  0.170658  0.950195  0.188082
8   0.953125  0.167257  0.954834  0.177901
9   0.955566  0.158026  0.956543  0.188599
10  0.952881  0.157223  0.959351  0.160465
11  0.959106  0.146019  0.946411  0.228183
12  0.960571  0.146023  0.947754  0.191205
13  0.958374  0.147756  0.948242  0.198362
14  0.959106  0.141150  0.958374  0.159538
15  0.958130  0.139742  0.959839  0.167502
16  0.960449  0.141510  0.947266  0.201165
17  0.959595  0.136739  0.961548  0.158956
18  0.960083  0.136999  0.944214  0.207488
19  0.962891  0.130397  0.951294  0.204301
20  0.967163  0.119992  0.948730  0.197639
21  0.963135  0.126532  0.955811  0.182447
22  0.966309  0.119644  0.959351  0.176236
23  0.963867  0.125839  0.958496  0.163719
24  0.967529  0.112495  0.943970  0.285526
25  0.963135  0.127721  0.950317  0.192159
26  0.965210  0.117950  0.953369  0.225064
27  0.964600  0.122098  0.951538  0.185133
28  0.969971  0.106782  0.949341  0.241426
29  0.967285  0.122418  0.958008  0.179799
30  0.967163  0.128151  0.944092  0.225374
31  0.969482  0.110865  0.940796  0.251878

2018-01-19 22:50:16.263719 Finish.
Total elapsed time: 04:26:53.26.
