2017-12-10 19:13:35.505332: W tensorflow/core/platform/cpu_feature_guard.cc:45] The TensorFlow library wasn't compiled to use SSE4.1 instructions, but these are available on your machine and could speed up CPU computations.
2017-12-10 19:13:35.505531: W tensorflow/core/platform/cpu_feature_guard.cc:45] The TensorFlow library wasn't compiled to use SSE4.2 instructions, but these are available on your machine and could speed up CPU computations.
2017-12-10 19:13:35.505540: W tensorflow/core/platform/cpu_feature_guard.cc:45] The TensorFlow library wasn't compiled to use AVX instructions, but these are available on your machine and could speed up CPU computations.
2017-12-10 19:13:35.505544: W tensorflow/core/platform/cpu_feature_guard.cc:45] The TensorFlow library wasn't compiled to use AVX2 instructions, but these are available on your machine and could speed up CPU computations.
2017-12-10 19:13:35.505548: W tensorflow/core/platform/cpu_feature_guard.cc:45] The TensorFlow library wasn't compiled to use FMA instructions, but these are available on your machine and could speed up CPU computations.
Using TensorFlow backend.
2017-12-10 19:13:33.247840 Start.
Training dot-product context-aware convnet on BirdVox-70k. 
Training set: unit02, unit03, unit05.
Validation set: unit07, unit10.
Test set: unit01.

h5py version: 2.6.0
keras version: 2.0.6
numpy version: 1.13.1
pandas version: 0.20.3
pescador version: 1.0.0
tensorflow version: 1.2.1

____________________________________________________________________________________________________
Layer (type)                     Output Shape          Param #     Connected to                     
====================================================================================================
spec_input (InputLayer)          (None, 128, 104, 1)   0                                            
____________________________________________________________________________________________________
spec_bn (BatchNormalization)     (None, 128, 104, 1)   4           spec_input[0][0]                 
____________________________________________________________________________________________________
spec_conv1 (Conv2D)              (None, 128, 104, 24)  624         spec_bn[0][0]                    
____________________________________________________________________________________________________
spec_pool1 (MaxPooling2D)        (None, 64, 26, 24)    0           spec_conv1[0][0]                 
____________________________________________________________________________________________________
bg_input (InputLayer)            (None, 128, 9)        0                                            
____________________________________________________________________________________________________
spec_conv2 (Conv2D)              (None, 64, 26, 48)    28848       spec_pool1[0][0]                 
____________________________________________________________________________________________________
bg_pool (AveragePooling1D)       (None, 32, 9)         0           bg_input[0][0]                   
____________________________________________________________________________________________________
spec_pool2 (MaxPooling2D)        (None, 32, 6, 48)     0           spec_conv2[0][0]                 
____________________________________________________________________________________________________
bg_permute (Permute)             (None, 9, 32)         0           bg_pool[0][0]                    
____________________________________________________________________________________________________
spec_conv3 (Conv2D)              (None, 32, 6, 48)     57648       spec_pool2[0][0]                 
____________________________________________________________________________________________________
bg_conv (Conv1D)                 (None, 9, 8)          264         bg_permute[0][0]                 
____________________________________________________________________________________________________
spec_flatten (Flatten)           (None, 9216)          0           spec_conv3[0][0]                 
____________________________________________________________________________________________________
bg_flatten (Flatten)             (None, 72)            0           bg_conv[0][0]                    
____________________________________________________________________________________________________
spec_dense1 (Dense)              (None, 64)            589888      spec_flatten[0][0]               
____________________________________________________________________________________________________
bg_dense1 (Dense)                (None, 64)            4672        bg_flatten[0][0]                 
____________________________________________________________________________________________________
multiply (Dot)                   (None, 1)             0           spec_dense1[0][0]                
                                                                   bg_dense1[0][0]                  
____________________________________________________________________________________________________
prelu (PReLU)                    (None, 1)             1           multiply[0][0]                   
____________________________________________________________________________________________________
dense (Dense)                    (None, 1)             2           prelu[0][0]                      
====================================================================================================
Total params: 681,951
Trainable params: 681,949
Non-trainable params: 2
____________________________________________________________________________________________________
         acc      loss   val_acc  val_loss
0   0.494385  8.060937  0.516113  7.714433
1   0.502930  7.924563  0.495361  8.045186
2   0.497803  8.006248  0.498535  7.994560
3   0.501831  7.942010  0.497437  8.012065
4   0.498901  7.988710  0.502319  7.934218
5   0.501953  8.136132  0.500366  8.180210
6   0.496704  8.232473  0.493408  8.279135
7   0.499512  8.176376  0.501953  8.132092
8   0.504639  8.084158  0.510864  7.979826
9   0.501953  8.116970  0.494385  8.232717
10  0.502319  8.101430  0.497437  8.174479
11  0.504150  8.062744  0.498535  8.147556
12  0.494141  8.212992  0.505615  8.025426
13  0.498291  8.137646  0.501831  8.076654
14  0.495361  8.175333  0.503174  8.046315
15  0.494507  8.180119  0.490356  8.241918
16  0.505615  7.994396  0.510254  7.916190
17  0.499268  8.087197  0.495728  8.139505
18  0.511353  7.886396  0.501709  8.036143
19  0.498413  8.084819  0.496094  8.117944
20  0.497925  8.085029  0.505005  7.968453
21  0.503662  7.986285  0.501709  8.013872
22  0.497559  8.076617  0.495850  8.100464
23  0.504028  7.966809  0.495972  8.092009
24  0.510376  7.859260  0.495117  8.099440
25  0.505371  7.933019  0.497070  8.062435
26  0.501587  7.987646  0.507446  7.891486
27  0.510986  7.832438  0.499023  8.020583
28  0.505493  7.915009  0.492432  8.120852
29  0.506104  7.900646  0.498657  8.017161
30  0.497437  8.034573  0.500244  7.987815
31  0.504761  7.913962  0.504761  7.912167

2017-12-10 23:26:25.885793 Finish.
Total elapsed time: 04:12:52.89.
