2017-12-11 01:02:28.145862: W tensorflow/core/platform/cpu_feature_guard.cc:45] The TensorFlow library wasn't compiled to use SSE4.1 instructions, but these are available on your machine and could speed up CPU computations.
2017-12-11 01:02:28.146094: W tensorflow/core/platform/cpu_feature_guard.cc:45] The TensorFlow library wasn't compiled to use SSE4.2 instructions, but these are available on your machine and could speed up CPU computations.
2017-12-11 01:02:28.146106: W tensorflow/core/platform/cpu_feature_guard.cc:45] The TensorFlow library wasn't compiled to use AVX instructions, but these are available on your machine and could speed up CPU computations.
2017-12-11 01:02:28.146111: W tensorflow/core/platform/cpu_feature_guard.cc:45] The TensorFlow library wasn't compiled to use AVX2 instructions, but these are available on your machine and could speed up CPU computations.
2017-12-11 01:02:28.146115: W tensorflow/core/platform/cpu_feature_guard.cc:45] The TensorFlow library wasn't compiled to use FMA instructions, but these are available on your machine and could speed up CPU computations.
Using TensorFlow backend.
2017-12-11 01:02:26.341323 Start.
Training dot-product context-aware convnet on BirdVox-70k. 
Training set: unit10, unit01, unit02.
Validation set: unit03, unit05.
Test set: unit07.

h5py version: 2.6.0
keras version: 2.0.6
numpy version: 1.13.1
pandas version: 0.20.3
pescador version: 1.0.0
tensorflow version: 1.2.1

____________________________________________________________________________________________________
Layer (type)                     Output Shape          Param #     Connected to                     
====================================================================================================
spec_input (InputLayer)          (None, 128, 104, 1)   0                                            
____________________________________________________________________________________________________
spec_bn (BatchNormalization)     (None, 128, 104, 1)   4           spec_input[0][0]                 
____________________________________________________________________________________________________
spec_conv1 (Conv2D)              (None, 128, 104, 24)  624         spec_bn[0][0]                    
____________________________________________________________________________________________________
spec_pool1 (MaxPooling2D)        (None, 64, 26, 24)    0           spec_conv1[0][0]                 
____________________________________________________________________________________________________
bg_input (InputLayer)            (None, 128, 9)        0                                            
____________________________________________________________________________________________________
spec_conv2 (Conv2D)              (None, 64, 26, 48)    28848       spec_pool1[0][0]                 
____________________________________________________________________________________________________
bg_pool (AveragePooling1D)       (None, 32, 9)         0           bg_input[0][0]                   
____________________________________________________________________________________________________
spec_pool2 (MaxPooling2D)        (None, 32, 6, 48)     0           spec_conv2[0][0]                 
____________________________________________________________________________________________________
bg_permute (Permute)             (None, 9, 32)         0           bg_pool[0][0]                    
____________________________________________________________________________________________________
spec_conv3 (Conv2D)              (None, 32, 6, 48)     57648       spec_pool2[0][0]                 
____________________________________________________________________________________________________
bg_conv (Conv1D)                 (None, 9, 8)          264         bg_permute[0][0]                 
____________________________________________________________________________________________________
spec_flatten (Flatten)           (None, 9216)          0           spec_conv3[0][0]                 
____________________________________________________________________________________________________
bg_flatten (Flatten)             (None, 72)            0           bg_conv[0][0]                    
____________________________________________________________________________________________________
spec_dense1 (Dense)              (None, 64)            589888      spec_flatten[0][0]               
____________________________________________________________________________________________________
bg_dense1 (Dense)                (None, 64)            4672        bg_flatten[0][0]                 
____________________________________________________________________________________________________
dot (Dot)                        (None, 1)             0           spec_dense1[0][0]                
                                                                   bg_dense1[0][0]                  
____________________________________________________________________________________________________
dense (Dense)                    (None, 1)             2           dot[0][0]                        
====================================================================================================
Total params: 681,950
Trainable params: 681,948
Non-trainable params: 2
____________________________________________________________________________________________________
         acc      loss   val_acc  val_loss
0   0.507202  7.958698  0.502075  8.039190
1   0.506836  7.960711  0.506592  7.963049
2   0.503540  8.010925  0.497070  8.114000
3   0.500854  8.052013  0.496826  8.116027
4   0.499390  8.073954  0.497070  8.110642
5   0.501099  8.045139  0.507080  7.948201
6   0.485840  8.290118  0.494019  8.157892
7   0.508057  7.931295  0.499023  8.076590
8   0.497681  8.097985  0.503784  7.999380
9   0.493286  8.168402  0.495239  8.136751
10  0.501587  8.034299  0.492676  8.177803
11  0.495605  8.130479  0.497437  8.100872
12  0.490479  8.212945  0.499512  8.067278
13  0.506836  7.949170  0.498535  8.082913
14  0.503052  8.010074  0.494995  8.139895
15  0.499268  8.071002  0.493164  8.169353
16  0.502930  8.011930  0.502930  8.011911
17  0.510254  7.893844  0.495483  8.131904
18  0.497192  8.110846  0.498291  8.313744
19  0.511841  8.096370  0.508423  8.111501
20  0.500610  8.206910  0.500854  8.176114
21  0.490967  8.314779  0.496216  8.211655
22  0.494751  8.220694  0.497070  8.170201
23  0.502319  8.075214  0.496704  8.156368
24  0.501465  8.072231  0.499756  8.093119
25  0.497803  8.119358  0.504883  8.000544
26  0.506104  7.977204  0.496948  8.121503
27  0.499512  8.077665  0.502075  8.034117
28  0.502197  8.030454  0.503906  8.001419
29  0.503296  8.010143  0.495850  8.129193
30  0.499146  8.075358  0.511597  7.874055
31  0.502686  8.017244  0.495972  8.125081

2017-12-11 05:14:40.331938 Finish.
Total elapsed time: 04:12:14.33.
