2017-12-11 01:02:42.991827: W tensorflow/core/platform/cpu_feature_guard.cc:45] The TensorFlow library wasn't compiled to use SSE4.1 instructions, but these are available on your machine and could speed up CPU computations.
2017-12-11 01:02:42.991993: W tensorflow/core/platform/cpu_feature_guard.cc:45] The TensorFlow library wasn't compiled to use SSE4.2 instructions, but these are available on your machine and could speed up CPU computations.
2017-12-11 01:02:42.992002: W tensorflow/core/platform/cpu_feature_guard.cc:45] The TensorFlow library wasn't compiled to use AVX instructions, but these are available on your machine and could speed up CPU computations.
2017-12-11 01:02:42.992006: W tensorflow/core/platform/cpu_feature_guard.cc:45] The TensorFlow library wasn't compiled to use AVX2 instructions, but these are available on your machine and could speed up CPU computations.
2017-12-11 01:02:42.992010: W tensorflow/core/platform/cpu_feature_guard.cc:45] The TensorFlow library wasn't compiled to use FMA instructions, but these are available on your machine and could speed up CPU computations.
Using TensorFlow backend.
2017-12-11 01:02:40.316975 Start.
Training dot-product context-aware convnet on BirdVox-70k. 
Training set: unit02, unit03, unit05.
Validation set: unit07, unit10.
Test set: unit01.

h5py version: 2.6.0
keras version: 2.0.6
numpy version: 1.13.1
pandas version: 0.20.3
pescador version: 1.0.0
tensorflow version: 1.2.1

____________________________________________________________________________________________________
Layer (type)                     Output Shape          Param #     Connected to                     
====================================================================================================
spec_input (InputLayer)          (None, 128, 104, 1)   0                                            
____________________________________________________________________________________________________
spec_bn (BatchNormalization)     (None, 128, 104, 1)   4           spec_input[0][0]                 
____________________________________________________________________________________________________
spec_conv1 (Conv2D)              (None, 128, 104, 24)  624         spec_bn[0][0]                    
____________________________________________________________________________________________________
spec_pool1 (MaxPooling2D)        (None, 64, 26, 24)    0           spec_conv1[0][0]                 
____________________________________________________________________________________________________
bg_input (InputLayer)            (None, 128, 9)        0                                            
____________________________________________________________________________________________________
spec_conv2 (Conv2D)              (None, 64, 26, 48)    28848       spec_pool1[0][0]                 
____________________________________________________________________________________________________
bg_pool (AveragePooling1D)       (None, 32, 9)         0           bg_input[0][0]                   
____________________________________________________________________________________________________
spec_pool2 (MaxPooling2D)        (None, 32, 6, 48)     0           spec_conv2[0][0]                 
____________________________________________________________________________________________________
bg_permute (Permute)             (None, 9, 32)         0           bg_pool[0][0]                    
____________________________________________________________________________________________________
spec_conv3 (Conv2D)              (None, 32, 6, 48)     57648       spec_pool2[0][0]                 
____________________________________________________________________________________________________
bg_conv (Conv1D)                 (None, 9, 8)          264         bg_permute[0][0]                 
____________________________________________________________________________________________________
spec_flatten (Flatten)           (None, 9216)          0           spec_conv3[0][0]                 
____________________________________________________________________________________________________
bg_flatten (Flatten)             (None, 72)            0           bg_conv[0][0]                    
____________________________________________________________________________________________________
spec_dense1 (Dense)              (None, 64)            589888      spec_flatten[0][0]               
____________________________________________________________________________________________________
bg_dense1 (Dense)                (None, 64)            4672        bg_flatten[0][0]                 
____________________________________________________________________________________________________
dot (Dot)                        (None, 1)             0           spec_dense1[0][0]                
                                                                   bg_dense1[0][0]                  
____________________________________________________________________________________________________
dense (Dense)                    (None, 1)             2           dot[0][0]                        
====================================================================================================
Total params: 681,950
Trainable params: 681,948
Non-trainable params: 2
____________________________________________________________________________________________________
         acc      loss   val_acc  val_loss
0   0.497070  8.038990  0.493286  8.097337
1   0.499390  7.998343  0.507080  7.874153
2   0.498413  8.010952  0.500977  7.968788
3   0.504150  7.917055  0.499146  7.995769
4   0.505737  7.889732  0.493286  8.087332
5   0.494141  8.072913  0.502075  7.945657
6   0.493042  8.088995  0.504272  7.909312
7   0.504517  7.904850  0.492554  8.095024
8   0.516357  7.715054  0.501831  7.946181
9   0.497192  8.019726  0.495605  8.044639
10  0.494629  8.059867  0.498779  7.993376
11  0.499634  7.979469  0.510620  7.804051
12  0.505615  7.883605  0.495483  8.044908
13  0.512329  7.776154  0.505371  7.886899
14  0.497681  8.009345  0.494141  8.065634
15  0.495605  8.042155  0.503784  7.911648
16  0.495972  8.036097  0.493652  8.072979
17  0.505005  7.891914  0.506226  7.872380
18  0.500366  7.965731  0.488159  8.160284
19  0.493530  8.074609  0.508545  7.835197
20  0.501099  7.953874  0.508423  7.837076
21  0.493774  8.070581  0.492676  8.088073
22  0.496704  8.023833  0.502808  7.926511
23  0.492188  8.095808  0.501465  7.947893
24  0.509766  7.815549  0.512329  7.774672
25  0.501953  7.940084  0.493164  8.080196
26  0.495483  8.043216  0.493774  8.070458
27  0.495361  8.045156  0.496338  8.029584
28  0.504150  7.905033  0.498535  7.994551
29  0.504028  7.906976  0.485596  8.200835
30  0.497559  8.010117  0.500854  7.957572
31  0.508301  7.838860  0.487549  8.169695

2017-12-11 05:29:32.658776 Finish.
Total elapsed time: 04:26:52.66.
