2017-12-11 02:32:11.506642: W tensorflow/core/platform/cpu_feature_guard.cc:45] The TensorFlow library wasn't compiled to use SSE4.1 instructions, but these are available on your machine and could speed up CPU computations.
2017-12-11 02:32:11.507191: W tensorflow/core/platform/cpu_feature_guard.cc:45] The TensorFlow library wasn't compiled to use SSE4.2 instructions, but these are available on your machine and could speed up CPU computations.
2017-12-11 02:32:11.507205: W tensorflow/core/platform/cpu_feature_guard.cc:45] The TensorFlow library wasn't compiled to use AVX instructions, but these are available on your machine and could speed up CPU computations.
2017-12-11 02:32:11.507210: W tensorflow/core/platform/cpu_feature_guard.cc:45] The TensorFlow library wasn't compiled to use AVX2 instructions, but these are available on your machine and could speed up CPU computations.
2017-12-11 02:32:11.507215: W tensorflow/core/platform/cpu_feature_guard.cc:45] The TensorFlow library wasn't compiled to use FMA instructions, but these are available on your machine and could speed up CPU computations.
Using TensorFlow backend.
2017-12-11 02:32:08.602355 Start.
Training dot-product context-aware convnet on BirdVox-70k. 
Training set: unit10, unit01, unit02.
Validation set: unit03, unit05.
Test set: unit07.

h5py version: 2.6.0
keras version: 2.0.6
numpy version: 1.13.1
pandas version: 0.20.3
pescador version: 1.0.0
tensorflow version: 1.2.1

____________________________________________________________________________________________________
Layer (type)                     Output Shape          Param #     Connected to                     
====================================================================================================
spec_input (InputLayer)          (None, 128, 104, 1)   0                                            
____________________________________________________________________________________________________
spec_bn (BatchNormalization)     (None, 128, 104, 1)   4           spec_input[0][0]                 
____________________________________________________________________________________________________
spec_conv1 (Conv2D)              (None, 128, 104, 24)  624         spec_bn[0][0]                    
____________________________________________________________________________________________________
spec_pool1 (MaxPooling2D)        (None, 64, 26, 24)    0           spec_conv1[0][0]                 
____________________________________________________________________________________________________
bg_input (InputLayer)            (None, 128, 9)        0                                            
____________________________________________________________________________________________________
spec_conv2 (Conv2D)              (None, 64, 26, 48)    28848       spec_pool1[0][0]                 
____________________________________________________________________________________________________
bg_pool (AveragePooling1D)       (None, 32, 9)         0           bg_input[0][0]                   
____________________________________________________________________________________________________
spec_pool2 (MaxPooling2D)        (None, 32, 6, 48)     0           spec_conv2[0][0]                 
____________________________________________________________________________________________________
bg_permute (Permute)             (None, 9, 32)         0           bg_pool[0][0]                    
____________________________________________________________________________________________________
spec_conv3 (Conv2D)              (None, 32, 6, 48)     57648       spec_pool2[0][0]                 
____________________________________________________________________________________________________
bg_conv (Conv1D)                 (None, 9, 8)          264         bg_permute[0][0]                 
____________________________________________________________________________________________________
spec_flatten (Flatten)           (None, 9216)          0           spec_conv3[0][0]                 
____________________________________________________________________________________________________
bg_flatten (Flatten)             (None, 72)            0           bg_conv[0][0]                    
____________________________________________________________________________________________________
spec_dense1 (Dense)              (None, 64)            589888      spec_flatten[0][0]               
____________________________________________________________________________________________________
bg_dense1 (Dense)                (None, 64)            4672        bg_flatten[0][0]                 
____________________________________________________________________________________________________
dot (Dot)                        (None, 1)             0           spec_dense1[0][0]                
                                                                   bg_dense1[0][0]                  
____________________________________________________________________________________________________
dense (Dense)                    (None, 1)             2           dot[0][0]                        
====================================================================================================
Total params: 681,950
Trainable params: 681,948
Non-trainable params: 2
____________________________________________________________________________________________________
         acc      loss   val_acc  val_loss
0   0.494141  8.165484  0.495605  8.140288
1   0.501465  8.044562  0.503174  8.015841
2   0.496582  8.121122  0.500732  8.053336
3   0.493530  8.168682  0.498901  8.081428
4   0.497681  8.100533  0.499878  8.064589
5   0.510742  7.889036  0.499756  8.065705
6   0.506958  7.949277  0.497559  8.100459
7   0.501099  8.043134  0.492432  8.182584
8   0.504395  7.989559  0.489624  8.227442
9   0.507935  7.932154  0.494507  8.148438
10  0.493652  8.162091  0.504395  7.988838
11  0.497192  8.104832  0.500854  8.045723
12  0.512573  7.856773  0.504272  7.990504
13  0.510132  7.896013  0.506104  7.960897
14  0.503418  8.004146  0.497803  8.094621
15  0.497803  8.094595  0.493286  8.167370
16  0.505493  7.970598  0.489990  8.220460
17  0.507080  7.944991  0.501587  8.033519
18  0.497192  8.104341  0.500610  8.049242
19  0.490601  8.210575  0.502930  8.011848
20  0.498901  8.107698  0.505981  8.089156
21  0.490479  8.334203  0.499878  8.178190
22  0.495361  8.247039  0.493042  8.280639
23  0.508545  8.027311  0.501831  8.132165
24  0.499512  8.166398  0.508179  8.023599
25  0.509644  7.997015  0.500610  8.139656
26  0.499023  8.162360  0.490967  8.289340
27  0.502319  8.103533  0.501831  8.108564
28  0.505615  8.044763  0.510742  7.959301
29  0.495850  8.196542  0.492920  8.240944
30  0.502197  8.088618  0.500610  8.111386
31  0.499634  8.124349  0.492432  8.237644

2017-12-11 06:58:38.930097 Finish.
Total elapsed time: 04:26:30.93.
