2017-12-10 15:57:18.367090: W tensorflow/core/platform/cpu_feature_guard.cc:45] The TensorFlow library wasn't compiled to use SSE4.1 instructions, but these are available on your machine and could speed up CPU computations.
2017-12-10 15:57:18.367415: W tensorflow/core/platform/cpu_feature_guard.cc:45] The TensorFlow library wasn't compiled to use SSE4.2 instructions, but these are available on your machine and could speed up CPU computations.
2017-12-10 15:57:18.367429: W tensorflow/core/platform/cpu_feature_guard.cc:45] The TensorFlow library wasn't compiled to use AVX instructions, but these are available on your machine and could speed up CPU computations.
Using TensorFlow backend.
2017-12-10 15:57:15.412218 Start.
Training dot-product context-aware convnet on BirdVox-70k. 
Training set: unit05, unit07, unit10.
Validation set: unit01, unit02.
Test set: unit03.

h5py version: 2.6.0
keras version: 2.0.6
numpy version: 1.13.1
pandas version: 0.20.3
pescador version: 1.0.0
tensorflow version: 1.2.1

____________________________________________________________________________________________________
Layer (type)                     Output Shape          Param #     Connected to                     
====================================================================================================
spec_input (InputLayer)          (None, 128, 104, 1)   0                                            
____________________________________________________________________________________________________
spec_bn (BatchNormalization)     (None, 128, 104, 1)   4           spec_input[0][0]                 
____________________________________________________________________________________________________
spec_conv1 (Conv2D)              (None, 128, 104, 24)  624         spec_bn[0][0]                    
____________________________________________________________________________________________________
spec_pool1 (MaxPooling2D)        (None, 64, 26, 24)    0           spec_conv1[0][0]                 
____________________________________________________________________________________________________
bg_input (InputLayer)            (None, 128, 9)        0                                            
____________________________________________________________________________________________________
spec_conv2 (Conv2D)              (None, 64, 26, 48)    28848       spec_pool1[0][0]                 
____________________________________________________________________________________________________
bg_pool (AveragePooling1D)       (None, 32, 9)         0           bg_input[0][0]                   
____________________________________________________________________________________________________
spec_pool2 (MaxPooling2D)        (None, 32, 6, 48)     0           spec_conv2[0][0]                 
____________________________________________________________________________________________________
bg_permute (Permute)             (None, 9, 32)         0           bg_pool[0][0]                    
____________________________________________________________________________________________________
spec_conv3 (Conv2D)              (None, 32, 6, 48)     57648       spec_pool2[0][0]                 
____________________________________________________________________________________________________
bg_conv (Conv1D)                 (None, 9, 8)          264         bg_permute[0][0]                 
____________________________________________________________________________________________________
spec_flatten (Flatten)           (None, 9216)          0           spec_conv3[0][0]                 
____________________________________________________________________________________________________
bg_flatten (Flatten)             (None, 72)            0           bg_conv[0][0]                    
____________________________________________________________________________________________________
spec_dense1 (Dense)              (None, 64)            589888      spec_flatten[0][0]               
____________________________________________________________________________________________________
bg_dense1 (Dense)                (None, 64)            4672        bg_flatten[0][0]                 
____________________________________________________________________________________________________
multiply (Dot)                   (None, 1)             0           spec_dense1[0][0]                
                                                                   bg_dense1[0][0]                  
____________________________________________________________________________________________________
prelu (PReLU)                    (None, 1)             1           multiply[0][0]                   
____________________________________________________________________________________________________
dense (Dense)                    (None, 1)             2           prelu[0][0]                      
====================================================================================================
Total params: 681,951
Trainable params: 681,949
Non-trainable params: 2
____________________________________________________________________________________________________
         acc      loss   val_acc  val_loss
0   0.499634  8.079660  0.505005  7.980332
1   0.497681  8.086466  0.499512  8.047655
2   0.497314  8.074881  0.498535  8.048269
3   0.497803  8.054034  0.497803  8.048578
4   0.505371  7.923359  0.503174  7.954157
5   0.507935  7.874692  0.501831  7.968675
6   0.506836  7.886064  0.497437  8.033280
7   0.499268  8.001840  0.508057  7.859615
8   0.496460  8.042687  0.504395  7.914495
9   0.502075  7.950009  0.503052  7.933067
10  0.497681  8.017510  0.489502  8.146783
11  0.503296  7.925911  0.505005  7.897761
12  0.499023  7.992340  0.509766  7.820353
13  0.505005  7.895624  0.505859  7.881415
14  0.490112  8.131963  0.492065  8.100363
15  0.500366  7.967640  0.507446  7.854407
16  0.497559  8.011742  0.500000  7.972547
17  0.507080  7.859450  0.493896  8.069425
18  0.504150  7.905791  0.499878  7.973757
19  0.503540  7.915259  0.489380  8.140903
20  0.500244  7.967621  0.496826  8.022042
21  0.507080  7.858518  0.504150  7.905178
22  0.500488  7.963527  0.508789  7.831163
23  0.501587  7.945962  0.495117  8.049087
24  0.507446  7.852519  0.495361  8.045171
25  0.505371  7.885585  0.501221  7.951746
26  0.505249  7.887521  0.499023  7.986768
27  0.489990  8.130777  0.506958  7.860269
28  0.506226  7.871944  0.493652  8.072391
29  0.497803  8.006223  0.491577  8.105473
30  0.498291  7.998438  0.496948  8.019845
31  0.498901  7.988707  0.496094  8.033467

2017-12-10 20:09:19.359782 Finish.
Total elapsed time: 04:12:04.36.
