2017-12-10 19:13:26.424101: W tensorflow/core/platform/cpu_feature_guard.cc:45] The TensorFlow library wasn't compiled to use SSE4.1 instructions, but these are available on your machine and could speed up CPU computations.
2017-12-10 19:13:26.424321: W tensorflow/core/platform/cpu_feature_guard.cc:45] The TensorFlow library wasn't compiled to use SSE4.2 instructions, but these are available on your machine and could speed up CPU computations.
2017-12-10 19:13:26.424336: W tensorflow/core/platform/cpu_feature_guard.cc:45] The TensorFlow library wasn't compiled to use AVX instructions, but these are available on your machine and could speed up CPU computations.
Using TensorFlow backend.
2017-12-10 19:13:24.025051 Start.
Training dot-product context-aware convnet on BirdVox-70k. 
Training set: unit05, unit07, unit10.
Validation set: unit01, unit02.
Test set: unit03.

h5py version: 2.6.0
keras version: 2.0.6
numpy version: 1.13.1
pandas version: 0.20.3
pescador version: 1.0.0
tensorflow version: 1.2.1

____________________________________________________________________________________________________
Layer (type)                     Output Shape          Param #     Connected to                     
====================================================================================================
spec_input (InputLayer)          (None, 128, 104, 1)   0                                            
____________________________________________________________________________________________________
spec_bn (BatchNormalization)     (None, 128, 104, 1)   4           spec_input[0][0]                 
____________________________________________________________________________________________________
spec_conv1 (Conv2D)              (None, 128, 104, 24)  624         spec_bn[0][0]                    
____________________________________________________________________________________________________
spec_pool1 (MaxPooling2D)        (None, 64, 26, 24)    0           spec_conv1[0][0]                 
____________________________________________________________________________________________________
bg_input (InputLayer)            (None, 128, 9)        0                                            
____________________________________________________________________________________________________
spec_conv2 (Conv2D)              (None, 64, 26, 48)    28848       spec_pool1[0][0]                 
____________________________________________________________________________________________________
bg_pool (AveragePooling1D)       (None, 32, 9)         0           bg_input[0][0]                   
____________________________________________________________________________________________________
spec_pool2 (MaxPooling2D)        (None, 32, 6, 48)     0           spec_conv2[0][0]                 
____________________________________________________________________________________________________
bg_permute (Permute)             (None, 9, 32)         0           bg_pool[0][0]                    
____________________________________________________________________________________________________
spec_conv3 (Conv2D)              (None, 32, 6, 48)     57648       spec_pool2[0][0]                 
____________________________________________________________________________________________________
bg_conv (Conv1D)                 (None, 9, 8)          264         bg_permute[0][0]                 
____________________________________________________________________________________________________
spec_flatten (Flatten)           (None, 9216)          0           spec_conv3[0][0]                 
____________________________________________________________________________________________________
bg_flatten (Flatten)             (None, 72)            0           bg_conv[0][0]                    
____________________________________________________________________________________________________
spec_dense1 (Dense)              (None, 64)            589888      spec_flatten[0][0]               
____________________________________________________________________________________________________
bg_dense1 (Dense)                (None, 64)            4672        bg_flatten[0][0]                 
____________________________________________________________________________________________________
multiply (Dot)                   (None, 1)             0           spec_dense1[0][0]                
                                                                   bg_dense1[0][0]                  
____________________________________________________________________________________________________
prelu (PReLU)                    (None, 1)             1           multiply[0][0]                   
____________________________________________________________________________________________________
dense (Dense)                    (None, 1)             2           prelu[0][0]                      
====================================================================================================
Total params: 681,951
Trainable params: 681,949
Non-trainable params: 2
____________________________________________________________________________________________________
         acc      loss   val_acc  val_loss
0   0.505493  0.694053  0.497803  0.693896
1   0.497803  0.693686  0.499878  0.693481
2   0.511108  0.693222  0.501953  0.693371
3   0.490723  0.693463  0.492310  0.693251
4   0.503662  0.693234  0.507202  0.693112
5   0.508057  0.693122  0.501709  0.693190
6   0.501953  0.693205  0.497192  0.693226
7   0.500610  0.693220  0.504639  0.693116
8   0.510010  0.693048  0.499878  0.693226
9   0.503174  0.693175  0.514526  0.692871
10  0.486084  0.693305  0.508545  0.693133
11  0.504028  0.693166  0.496338  0.693190
12  0.505493  0.693134  0.493042  0.693283
13  0.497803  0.693210  0.498779  0.693159
14  0.486328  0.693188  0.495483  0.693162
15  0.495117  0.693186  0.495483  0.693194
16  0.497192  0.693203  0.504272  0.693136
17  0.499512  0.693162  0.494629  0.693187
18  0.496094  0.693190  0.478638  0.693224
19  0.499146  0.693168  0.490356  0.693187
20  0.502319  6.389427  0.504395  8.003098
21  0.493652  8.168413  0.503784  8.000884
22  0.499023  8.076280  0.509033  7.914123
23  0.499146  8.073188  0.497559  8.098570
24  0.500732  8.047337  0.505371  7.972521
25  0.498047  8.090553  0.500610  8.049221
26  0.499146  8.072827  0.502197  8.023635
27  0.496704  8.112173  0.499023  8.074789
28  0.496094  8.122009  0.500854  8.045275
29  0.495850  8.125944  0.503662  8.000022
30  0.498657  8.080691  0.505127  7.976411
31  0.507690  8.065138  0.506470  8.144771

2017-12-10 23:34:39.232174 Finish.
Total elapsed time: 04:21:15.23.
