2017-12-11 01:02:42.610290: W tensorflow/core/platform/cpu_feature_guard.cc:45] The TensorFlow library wasn't compiled to use SSE4.1 instructions, but these are available on your machine and could speed up CPU computations.
2017-12-11 01:02:42.610538: W tensorflow/core/platform/cpu_feature_guard.cc:45] The TensorFlow library wasn't compiled to use SSE4.2 instructions, but these are available on your machine and could speed up CPU computations.
2017-12-11 01:02:42.610549: W tensorflow/core/platform/cpu_feature_guard.cc:45] The TensorFlow library wasn't compiled to use AVX instructions, but these are available on your machine and could speed up CPU computations.
2017-12-11 01:02:42.610554: W tensorflow/core/platform/cpu_feature_guard.cc:45] The TensorFlow library wasn't compiled to use AVX2 instructions, but these are available on your machine and could speed up CPU computations.
2017-12-11 01:02:42.610558: W tensorflow/core/platform/cpu_feature_guard.cc:45] The TensorFlow library wasn't compiled to use FMA instructions, but these are available on your machine and could speed up CPU computations.
Using TensorFlow backend.
2017-12-11 01:02:40.316879 Start.
Training dot-product context-aware convnet on BirdVox-70k. 
Training set: unit05, unit07, unit10.
Validation set: unit01, unit02.
Test set: unit03.

h5py version: 2.6.0
keras version: 2.0.6
numpy version: 1.13.1
pandas version: 0.20.3
pescador version: 1.0.0
tensorflow version: 1.2.1

____________________________________________________________________________________________________
Layer (type)                     Output Shape          Param #     Connected to                     
====================================================================================================
spec_input (InputLayer)          (None, 128, 104, 1)   0                                            
____________________________________________________________________________________________________
spec_bn (BatchNormalization)     (None, 128, 104, 1)   4           spec_input[0][0]                 
____________________________________________________________________________________________________
spec_conv1 (Conv2D)              (None, 128, 104, 24)  624         spec_bn[0][0]                    
____________________________________________________________________________________________________
spec_pool1 (MaxPooling2D)        (None, 64, 26, 24)    0           spec_conv1[0][0]                 
____________________________________________________________________________________________________
bg_input (InputLayer)            (None, 128, 9)        0                                            
____________________________________________________________________________________________________
spec_conv2 (Conv2D)              (None, 64, 26, 48)    28848       spec_pool1[0][0]                 
____________________________________________________________________________________________________
bg_pool (AveragePooling1D)       (None, 32, 9)         0           bg_input[0][0]                   
____________________________________________________________________________________________________
spec_pool2 (MaxPooling2D)        (None, 32, 6, 48)     0           spec_conv2[0][0]                 
____________________________________________________________________________________________________
bg_permute (Permute)             (None, 9, 32)         0           bg_pool[0][0]                    
____________________________________________________________________________________________________
spec_conv3 (Conv2D)              (None, 32, 6, 48)     57648       spec_pool2[0][0]                 
____________________________________________________________________________________________________
bg_conv (Conv1D)                 (None, 9, 8)          264         bg_permute[0][0]                 
____________________________________________________________________________________________________
spec_flatten (Flatten)           (None, 9216)          0           spec_conv3[0][0]                 
____________________________________________________________________________________________________
bg_flatten (Flatten)             (None, 72)            0           bg_conv[0][0]                    
____________________________________________________________________________________________________
spec_dense1 (Dense)              (None, 64)            589888      spec_flatten[0][0]               
____________________________________________________________________________________________________
bg_dense1 (Dense)                (None, 64)            4672        bg_flatten[0][0]                 
____________________________________________________________________________________________________
dot (Dot)                        (None, 1)             0           spec_dense1[0][0]                
                                                                   bg_dense1[0][0]                  
____________________________________________________________________________________________________
dense (Dense)                    (None, 1)             2           dot[0][0]                        
====================================================================================================
Total params: 681,950
Trainable params: 681,948
Non-trainable params: 2
____________________________________________________________________________________________________
         acc      loss   val_acc  val_loss
0   0.507446  7.866810  0.497070  8.030608
1   0.507690  7.859936  0.497192  8.026033
2   0.492310  8.102802  0.504395  7.909136
3   0.500977  7.962772  0.494873  8.059278
4   0.498657  7.998267  0.501221  7.956762
5   0.494629  8.061306  0.494751  8.058850
6   0.499268  7.986410  0.500366  7.968488
7   0.492065  8.100475  0.501099  7.956139
8   0.500854  7.959754  0.504272  7.905005
9   0.505615  7.883377  0.506836  7.863710
10  0.494385  8.062036  0.497314  8.015167
11  0.503174  7.921616  0.490967  8.116096
12  0.500244  7.968083  0.506836  7.862892
13  0.503052  7.923135  0.487915  8.164371
14  0.502563  7.930773  0.494873  8.053314
15  0.498291  7.998772  0.503418  7.916988
16  0.511963  7.780722  0.504028  7.907180
17  0.508057  7.842929  0.500488  7.963559
18  0.500977  7.955752  0.505981  7.875941
19  0.492920  8.084156  0.497314  8.014081
20  0.503784  7.910926  0.497192  8.016004
21  0.499023  7.986803  0.502197  7.936197
22  0.501465  7.947867  0.501709  7.943970
23  0.501587  7.945911  0.492432  8.091864
24  0.509766  7.815517  0.498779  7.990662
25  0.499878  7.999841  0.494873  8.326096
26  0.500854  8.213815  0.501709  8.177759
27  0.504761  8.110831  0.498535  8.192819
28  0.501099  8.136547  0.506592  8.034158
29  0.496094  8.188070  0.504395  8.042749
30  0.506836  7.992002  0.499634  8.095409
31  0.494995  8.158996  0.512207  7.874613

2017-12-11 05:29:01.478725 Finish.
Total elapsed time: 04:26:21.48.
