2017-12-11 02:31:52.955079: W tensorflow/core/platform/cpu_feature_guard.cc:45] The TensorFlow library wasn't compiled to use SSE4.1 instructions, but these are available on your machine and could speed up CPU computations.
2017-12-11 02:31:52.955301: W tensorflow/core/platform/cpu_feature_guard.cc:45] The TensorFlow library wasn't compiled to use SSE4.2 instructions, but these are available on your machine and could speed up CPU computations.
2017-12-11 02:31:52.955313: W tensorflow/core/platform/cpu_feature_guard.cc:45] The TensorFlow library wasn't compiled to use AVX instructions, but these are available on your machine and could speed up CPU computations.
2017-12-11 02:31:52.955317: W tensorflow/core/platform/cpu_feature_guard.cc:45] The TensorFlow library wasn't compiled to use AVX2 instructions, but these are available on your machine and could speed up CPU computations.
2017-12-11 02:31:52.955322: W tensorflow/core/platform/cpu_feature_guard.cc:45] The TensorFlow library wasn't compiled to use FMA instructions, but these are available on your machine and could speed up CPU computations.
Using TensorFlow backend.
2017-12-11 02:31:49.198029 Start.
Training dot-product context-aware convnet on BirdVox-70k. 
Training set: unit05, unit07, unit10.
Validation set: unit01, unit02.
Test set: unit03.

h5py version: 2.6.0
keras version: 2.0.6
numpy version: 1.13.1
pandas version: 0.20.3
pescador version: 1.0.0
tensorflow version: 1.2.1

____________________________________________________________________________________________________
Layer (type)                     Output Shape          Param #     Connected to                     
====================================================================================================
spec_input (InputLayer)          (None, 128, 104, 1)   0                                            
____________________________________________________________________________________________________
spec_bn (BatchNormalization)     (None, 128, 104, 1)   4           spec_input[0][0]                 
____________________________________________________________________________________________________
spec_conv1 (Conv2D)              (None, 128, 104, 24)  624         spec_bn[0][0]                    
____________________________________________________________________________________________________
spec_pool1 (MaxPooling2D)        (None, 64, 26, 24)    0           spec_conv1[0][0]                 
____________________________________________________________________________________________________
bg_input (InputLayer)            (None, 128, 9)        0                                            
____________________________________________________________________________________________________
spec_conv2 (Conv2D)              (None, 64, 26, 48)    28848       spec_pool1[0][0]                 
____________________________________________________________________________________________________
bg_pool (AveragePooling1D)       (None, 32, 9)         0           bg_input[0][0]                   
____________________________________________________________________________________________________
spec_pool2 (MaxPooling2D)        (None, 32, 6, 48)     0           spec_conv2[0][0]                 
____________________________________________________________________________________________________
bg_permute (Permute)             (None, 9, 32)         0           bg_pool[0][0]                    
____________________________________________________________________________________________________
spec_conv3 (Conv2D)              (None, 32, 6, 48)     57648       spec_pool2[0][0]                 
____________________________________________________________________________________________________
bg_conv (Conv1D)                 (None, 9, 8)          264         bg_permute[0][0]                 
____________________________________________________________________________________________________
spec_flatten (Flatten)           (None, 9216)          0           spec_conv3[0][0]                 
____________________________________________________________________________________________________
bg_flatten (Flatten)             (None, 72)            0           bg_conv[0][0]                    
____________________________________________________________________________________________________
spec_dense1 (Dense)              (None, 64)            589888      spec_flatten[0][0]               
____________________________________________________________________________________________________
bg_dense1 (Dense)                (None, 64)            4672        bg_flatten[0][0]                 
____________________________________________________________________________________________________
dot (Dot)                        (None, 1)             0           spec_dense1[0][0]                
                                                                   bg_dense1[0][0]                  
____________________________________________________________________________________________________
dense (Dense)                    (None, 1)             2           dot[0][0]                        
====================================================================================================
Total params: 681,950
Trainable params: 681,948
Non-trainable params: 2
____________________________________________________________________________________________________
         acc      loss   val_acc  val_loss
0   0.504272  7.990502  0.506470  7.954954
1   0.500732  8.047361  0.501953  8.027636
2   0.500732  8.075573  0.504150  8.218293
3   0.491577  8.339603  0.504272  8.083677
4   0.508301  7.993888  0.500000  8.108412
5   0.497803  8.131752  0.500854  8.072655
6   0.498901  8.097502  0.503418  8.019173
7   0.505493  7.981969  0.504395  7.996543
8   0.495361  8.140022  0.504272  7.994632
9   0.506592  7.956074  0.494507  8.149894
10  0.503784  7.999727  0.502563  8.018886
11  0.503540  8.002815  0.499878  8.061574
12  0.500122  8.057472  0.494751  8.143911
13  0.504761  7.982492  0.501099  8.041455
14  0.495483  8.131924  0.498535  8.071889
15  0.505859  7.964638  0.497803  7.964325
16  0.505371  7.972489  0.504761  7.674438
17  0.500366  8.053150  0.498901  7.665847
18  0.492676  8.180638  0.501343  8.077588
19  0.500610  8.086843  0.497192  8.138919
20  0.502930  8.045069  0.507202  7.974550
21  0.508667  7.948794  0.501587  8.059235
22  0.505005  8.002310  0.503296  8.027089
23  0.505493  7.989589  0.504150  8.008493
24  0.510376  7.906735  0.507080  7.956739
25  0.509521  7.915274  0.494019  8.159853
26  0.497803  8.096947  0.500244  8.055419
27  0.493042  8.167633  0.500854  8.040450
28  0.500977  8.035878  0.498779  8.068256
29  0.494385  8.135679  0.501221  8.024040
30  0.500854  8.027243  0.499023  8.053783
31  0.495972  8.099817  0.494385  8.122486

2017-12-11 06:43:43.169121 Finish.
Total elapsed time: 04:11:54.17.
