2017-12-11 02:32:11.683652: W tensorflow/core/platform/cpu_feature_guard.cc:45] The TensorFlow library wasn't compiled to use SSE4.1 instructions, but these are available on your machine and could speed up CPU computations.
2017-12-11 02:32:11.683881: W tensorflow/core/platform/cpu_feature_guard.cc:45] The TensorFlow library wasn't compiled to use SSE4.2 instructions, but these are available on your machine and could speed up CPU computations.
2017-12-11 02:32:11.683892: W tensorflow/core/platform/cpu_feature_guard.cc:45] The TensorFlow library wasn't compiled to use AVX instructions, but these are available on your machine and could speed up CPU computations.
2017-12-11 02:32:11.683896: W tensorflow/core/platform/cpu_feature_guard.cc:45] The TensorFlow library wasn't compiled to use AVX2 instructions, but these are available on your machine and could speed up CPU computations.
2017-12-11 02:32:11.683900: W tensorflow/core/platform/cpu_feature_guard.cc:45] The TensorFlow library wasn't compiled to use FMA instructions, but these are available on your machine and could speed up CPU computations.
Using TensorFlow backend.
2017-12-11 02:32:08.602215 Start.
Training dot-product context-aware convnet on BirdVox-70k. 
Training set: unit02, unit03, unit05.
Validation set: unit07, unit10.
Test set: unit01.

h5py version: 2.6.0
keras version: 2.0.6
numpy version: 1.13.1
pandas version: 0.20.3
pescador version: 1.0.0
tensorflow version: 1.2.1

____________________________________________________________________________________________________
Layer (type)                     Output Shape          Param #     Connected to                     
====================================================================================================
spec_input (InputLayer)          (None, 128, 104, 1)   0                                            
____________________________________________________________________________________________________
spec_bn (BatchNormalization)     (None, 128, 104, 1)   4           spec_input[0][0]                 
____________________________________________________________________________________________________
spec_conv1 (Conv2D)              (None, 128, 104, 24)  624         spec_bn[0][0]                    
____________________________________________________________________________________________________
spec_pool1 (MaxPooling2D)        (None, 64, 26, 24)    0           spec_conv1[0][0]                 
____________________________________________________________________________________________________
bg_input (InputLayer)            (None, 128, 9)        0                                            
____________________________________________________________________________________________________
spec_conv2 (Conv2D)              (None, 64, 26, 48)    28848       spec_pool1[0][0]                 
____________________________________________________________________________________________________
bg_pool (AveragePooling1D)       (None, 32, 9)         0           bg_input[0][0]                   
____________________________________________________________________________________________________
spec_pool2 (MaxPooling2D)        (None, 32, 6, 48)     0           spec_conv2[0][0]                 
____________________________________________________________________________________________________
bg_permute (Permute)             (None, 9, 32)         0           bg_pool[0][0]                    
____________________________________________________________________________________________________
spec_conv3 (Conv2D)              (None, 32, 6, 48)     57648       spec_pool2[0][0]                 
____________________________________________________________________________________________________
bg_conv (Conv1D)                 (None, 9, 8)          264         bg_permute[0][0]                 
____________________________________________________________________________________________________
spec_flatten (Flatten)           (None, 9216)          0           spec_conv3[0][0]                 
____________________________________________________________________________________________________
bg_flatten (Flatten)             (None, 72)            0           bg_conv[0][0]                    
____________________________________________________________________________________________________
spec_dense1 (Dense)              (None, 64)            589888      spec_flatten[0][0]               
____________________________________________________________________________________________________
bg_dense1 (Dense)                (None, 64)            4672        bg_flatten[0][0]                 
____________________________________________________________________________________________________
dot (Dot)                        (None, 1)             0           spec_dense1[0][0]                
                                                                   bg_dense1[0][0]                  
____________________________________________________________________________________________________
dense (Dense)                    (None, 1)             2           dot[0][0]                        
====================================================================================================
Total params: 681,950
Trainable params: 681,948
Non-trainable params: 2
____________________________________________________________________________________________________
         acc      loss   val_acc  val_loss
0   0.501831  8.056171  0.507080  7.969337
1   0.506470  7.977217  0.507690  7.955681
2   0.505615  7.987481  0.505493  7.987878
3   0.498291  8.102565  0.492065  8.201573
4   0.500488  8.064620  0.501343  8.049707
5   0.500732  8.058525  0.507324  7.951302
6   0.506104  7.970106  0.501709  8.040102
7   0.493042  8.179052  0.497925  8.099638
8   0.506104  7.967176  0.489136  8.240057
9   0.505737  7.971930  0.494263  8.156363
10  0.514160  7.835196  0.499756  8.066929
11  0.507812  7.936685  0.501465  8.038629
12  0.499634  8.067818  0.501953  8.030128
13  0.505615  7.970832  0.504272  7.992219
14  0.489746  8.226134  0.488770  8.241664
15  0.495728  8.129331  0.492310  8.184250
16  0.487305  8.264771  0.483765  8.321691
17  0.507568  7.937901  0.510742  7.886634
18  0.495850  8.126579  0.505981  7.963185
19  0.493774  8.159865  0.501953  8.027971
20  0.494995  8.140064  0.498047  8.090822
21  0.503540  8.002240  0.504883  7.980557
22  0.500488  8.051356  0.498291  8.086741
23  0.488647  8.242153  0.492798  8.175235
24  0.510742  7.885989  0.498779  8.078793
25  0.497803  8.094521  0.510010  7.897755
26  0.497681  8.096469  0.500244  8.055143
27  0.496704  8.112196  0.507568  7.937079
28  0.492432  8.181051  0.501709  8.031470
29  0.498535  8.118921  0.498047  8.333560
30  0.496948  8.356247  0.505493  8.209878
31  0.502319  8.241449  0.504761  8.184607

2017-12-11 06:44:38.912199 Finish.
Total elapsed time: 04:12:30.91.
