2017-12-11 02:32:33.542960: W tensorflow/core/platform/cpu_feature_guard.cc:45] The TensorFlow library wasn't compiled to use SSE4.1 instructions, but these are available on your machine and could speed up CPU computations.
2017-12-11 02:32:33.543316: W tensorflow/core/platform/cpu_feature_guard.cc:45] The TensorFlow library wasn't compiled to use SSE4.2 instructions, but these are available on your machine and could speed up CPU computations.
2017-12-11 02:32:33.543329: W tensorflow/core/platform/cpu_feature_guard.cc:45] The TensorFlow library wasn't compiled to use AVX instructions, but these are available on your machine and could speed up CPU computations.
Using TensorFlow backend.
2017-12-11 02:32:30.971425 Start.
Training dot-product context-aware convnet on BirdVox-70k. 
Training set: unit10, unit01, unit02.
Validation set: unit03, unit05.
Test set: unit07.

h5py version: 2.6.0
keras version: 2.0.6
numpy version: 1.13.1
pandas version: 0.20.3
pescador version: 1.0.0
tensorflow version: 1.2.1

____________________________________________________________________________________________________
Layer (type)                     Output Shape          Param #     Connected to                     
====================================================================================================
spec_input (InputLayer)          (None, 128, 104, 1)   0                                            
____________________________________________________________________________________________________
spec_bn (BatchNormalization)     (None, 128, 104, 1)   4           spec_input[0][0]                 
____________________________________________________________________________________________________
spec_conv1 (Conv2D)              (None, 128, 104, 24)  624         spec_bn[0][0]                    
____________________________________________________________________________________________________
spec_pool1 (MaxPooling2D)        (None, 64, 26, 24)    0           spec_conv1[0][0]                 
____________________________________________________________________________________________________
bg_input (InputLayer)            (None, 128, 9)        0                                            
____________________________________________________________________________________________________
spec_conv2 (Conv2D)              (None, 64, 26, 48)    28848       spec_pool1[0][0]                 
____________________________________________________________________________________________________
bg_pool (AveragePooling1D)       (None, 32, 9)         0           bg_input[0][0]                   
____________________________________________________________________________________________________
spec_pool2 (MaxPooling2D)        (None, 32, 6, 48)     0           spec_conv2[0][0]                 
____________________________________________________________________________________________________
bg_permute (Permute)             (None, 9, 32)         0           bg_pool[0][0]                    
____________________________________________________________________________________________________
spec_conv3 (Conv2D)              (None, 32, 6, 48)     57648       spec_pool2[0][0]                 
____________________________________________________________________________________________________
bg_conv (Conv1D)                 (None, 9, 8)          264         bg_permute[0][0]                 
____________________________________________________________________________________________________
spec_flatten (Flatten)           (None, 9216)          0           spec_conv3[0][0]                 
____________________________________________________________________________________________________
bg_flatten (Flatten)             (None, 72)            0           bg_conv[0][0]                    
____________________________________________________________________________________________________
spec_dense1 (Dense)              (None, 64)            589888      spec_flatten[0][0]               
____________________________________________________________________________________________________
bg_dense1 (Dense)                (None, 64)            4672        bg_flatten[0][0]                 
____________________________________________________________________________________________________
dot (Dot)                        (None, 1)             0           spec_dense1[0][0]                
                                                                   bg_dense1[0][0]                  
____________________________________________________________________________________________________
dense (Dense)                    (None, 1)             2           dot[0][0]                        
====================================================================================================
Total params: 681,950
Trainable params: 681,948
Non-trainable params: 2
____________________________________________________________________________________________________
         acc      loss   val_acc  val_loss
0   0.491333  8.111971  0.490601  8.123013
1   0.499268  7.984407  0.507080  7.859492
2   0.513794  7.752203  0.494995  8.051686
3   0.499878  7.973690  0.504761  7.895717
4   0.506104  7.874218  0.499878  7.973390
5   0.506714  7.864354  0.508057  7.842899
6   0.503662  7.912925  0.494629  8.056907
7   0.499146  7.984882  0.494385  8.060762
8   0.508545  7.835004  0.501465  7.947868
9   0.501587  7.945914  0.496094  8.033483
10  0.498657  8.143599  0.489746  8.368594
11  0.490845  8.294877  0.496216  8.167239
12  0.497437  8.121291  0.499390  8.067930
13  0.494873  8.124108  0.494141  8.122083
14  0.504761  7.942598  0.498901  8.027083
15  0.490234  8.158495  0.494873  8.078573
16  0.492554  8.110987  0.502930  7.941528
17  0.500610  7.975407  0.503052  7.933743
18  0.498901  7.997812  0.498779  7.997904
19  0.499756  7.980926  0.497559  8.014715
20  0.507935  7.848363  0.504272  7.905929
21  0.500732  7.961758  0.502441  7.933986
22  0.494019  8.067882  0.493652  8.073390
23  0.495972  8.036177  0.501709  7.944510
24  0.500854  7.957992  0.494385  8.061017
25  0.497803  8.006445  0.501465  7.947996
26  0.504517  7.899300  0.506836  7.862288
27  0.496216  8.031576  0.503296  7.918684
28  0.490967  8.115228  0.505493  7.883634
29  0.498779  7.990664  0.501953  7.940062
30  0.501953  7.940059  0.505737  7.879729
31  0.492310  8.093798  0.501709  7.943948

2017-12-11 06:28:37.675590 Finish.
Total elapsed time: 03:56:07.68.
