2017-12-10 15:57:17.684006: W tensorflow/core/platform/cpu_feature_guard.cc:45] The TensorFlow library wasn't compiled to use SSE4.1 instructions, but these are available on your machine and could speed up CPU computations.
2017-12-10 15:57:17.684318: W tensorflow/core/platform/cpu_feature_guard.cc:45] The TensorFlow library wasn't compiled to use SSE4.2 instructions, but these are available on your machine and could speed up CPU computations.
2017-12-10 15:57:17.684332: W tensorflow/core/platform/cpu_feature_guard.cc:45] The TensorFlow library wasn't compiled to use AVX instructions, but these are available on your machine and could speed up CPU computations.
Using TensorFlow backend.
2017-12-10 15:57:14.444147 Start.
Training dot-product context-aware convnet on BirdVox-70k. 
Training set: unit10, unit01, unit02.
Validation set: unit03, unit05.
Test set: unit07.

h5py version: 2.6.0
keras version: 2.0.6
numpy version: 1.13.1
pandas version: 0.20.3
pescador version: 1.0.0
tensorflow version: 1.2.1

____________________________________________________________________________________________________
Layer (type)                     Output Shape          Param #     Connected to                     
====================================================================================================
spec_input (InputLayer)          (None, 128, 104, 1)   0                                            
____________________________________________________________________________________________________
spec_bn (BatchNormalization)     (None, 128, 104, 1)   4           spec_input[0][0]                 
____________________________________________________________________________________________________
spec_conv1 (Conv2D)              (None, 128, 104, 24)  624         spec_bn[0][0]                    
____________________________________________________________________________________________________
spec_pool1 (MaxPooling2D)        (None, 64, 26, 24)    0           spec_conv1[0][0]                 
____________________________________________________________________________________________________
bg_input (InputLayer)            (None, 128, 9)        0                                            
____________________________________________________________________________________________________
spec_conv2 (Conv2D)              (None, 64, 26, 48)    28848       spec_pool1[0][0]                 
____________________________________________________________________________________________________
bg_pool (AveragePooling1D)       (None, 32, 9)         0           bg_input[0][0]                   
____________________________________________________________________________________________________
spec_pool2 (MaxPooling2D)        (None, 32, 6, 48)     0           spec_conv2[0][0]                 
____________________________________________________________________________________________________
bg_permute (Permute)             (None, 9, 32)         0           bg_pool[0][0]                    
____________________________________________________________________________________________________
spec_conv3 (Conv2D)              (None, 32, 6, 48)     57648       spec_pool2[0][0]                 
____________________________________________________________________________________________________
bg_conv (Conv1D)                 (None, 9, 8)          264         bg_permute[0][0]                 
____________________________________________________________________________________________________
spec_flatten (Flatten)           (None, 9216)          0           spec_conv3[0][0]                 
____________________________________________________________________________________________________
bg_flatten (Flatten)             (None, 72)            0           bg_conv[0][0]                    
____________________________________________________________________________________________________
spec_dense1 (Dense)              (None, 64)            589888      spec_flatten[0][0]               
____________________________________________________________________________________________________
bg_dense1 (Dense)                (None, 64)            4672        bg_flatten[0][0]                 
____________________________________________________________________________________________________
multiply (Dot)                   (None, 1)             0           spec_dense1[0][0]                
                                                                   bg_dense1[0][0]                  
____________________________________________________________________________________________________
prelu (PReLU)                    (None, 1)             1           multiply[0][0]                   
____________________________________________________________________________________________________
dense (Dense)                    (None, 1)             2           prelu[0][0]                      
====================================================================================================
Total params: 681,951
Trainable params: 681,949
Non-trainable params: 2
____________________________________________________________________________________________________
         acc      loss   val_acc  val_loss
0   0.512329  7.789902  0.495605  8.054083
1   0.490601  8.131883  0.508057  7.851770
2   0.496094  8.041000  0.502197  7.942342
3   0.501099  7.958768  0.500000  7.975299
4   0.505859  7.881110  0.502686  7.931015
5   0.502930  7.926588  0.508057  7.844380
6   0.492432  8.093126  0.505859  7.878747
7   0.512207  7.777325  0.495972  8.035962
8   0.492798  8.086424  0.500366  7.965651
9   0.500977  7.955842  0.501587  7.946046
10  0.504150  7.905134  0.499390  7.980997
11  0.498779  7.990705  0.507935  7.844730
12  0.494873  8.052951  0.499023  7.986775
13  0.502686  7.928388  0.496826  8.021796
14  0.496582  8.131335  0.496460  8.159300
15  0.499878  8.052257  0.498657  8.038587
16  0.505859  7.908861  0.495239  8.067331
17  0.491699  8.117836  0.499634  7.986773
18  0.499512  7.986009  0.496704  8.028628
19  0.502808  7.930003  0.491089  8.115769
20  0.503662  7.914655  0.492798  8.087318
21  0.488403  8.157033  0.512817  7.767535
22  0.499390  7.981424  0.504395  7.901488
23  0.506836  7.862470  0.496338  8.029757
24  0.496582  8.025814  0.492920  8.084156
25  0.512207  7.776648  0.491699  8.103570
26  0.491211  8.111342  0.500000  7.971213
27  0.501465  7.947853  0.499634  7.977039
28  0.501221  7.951737  0.509277  7.823293
29  0.486572  8.185265  0.499390  7.980924
30  0.502930  7.924487  0.500854  7.957570
31  0.503784  8.090964  0.497681  8.197349

2017-12-10 20:00:26.759027 Finish.
Total elapsed time: 04:03:12.76.
