2017-12-11 02:29:48.539955: W tensorflow/core/platform/cpu_feature_guard.cc:45] The TensorFlow library wasn't compiled to use SSE4.1 instructions, but these are available on your machine and could speed up CPU computations.
2017-12-11 02:29:48.540172: W tensorflow/core/platform/cpu_feature_guard.cc:45] The TensorFlow library wasn't compiled to use SSE4.2 instructions, but these are available on your machine and could speed up CPU computations.
2017-12-11 02:29:48.540183: W tensorflow/core/platform/cpu_feature_guard.cc:45] The TensorFlow library wasn't compiled to use AVX instructions, but these are available on your machine and could speed up CPU computations.
2017-12-11 02:29:48.540188: W tensorflow/core/platform/cpu_feature_guard.cc:45] The TensorFlow library wasn't compiled to use AVX2 instructions, but these are available on your machine and could speed up CPU computations.
2017-12-11 02:29:48.540192: W tensorflow/core/platform/cpu_feature_guard.cc:45] The TensorFlow library wasn't compiled to use FMA instructions, but these are available on your machine and could speed up CPU computations.
Using TensorFlow backend.
2017-12-11 02:29:46.217525 Start.
Training dot-product context-aware convnet on BirdVox-70k. 
Training set: unit10, unit01, unit02.
Validation set: unit03, unit05.
Test set: unit07.

h5py version: 2.6.0
keras version: 2.0.6
numpy version: 1.13.1
pandas version: 0.20.3
pescador version: 1.0.0
tensorflow version: 1.2.1

____________________________________________________________________________________________________
Layer (type)                     Output Shape          Param #     Connected to                     
====================================================================================================
spec_input (InputLayer)          (None, 128, 104, 1)   0                                            
____________________________________________________________________________________________________
spec_bn (BatchNormalization)     (None, 128, 104, 1)   4           spec_input[0][0]                 
____________________________________________________________________________________________________
spec_conv1 (Conv2D)              (None, 128, 104, 24)  624         spec_bn[0][0]                    
____________________________________________________________________________________________________
spec_pool1 (MaxPooling2D)        (None, 64, 26, 24)    0           spec_conv1[0][0]                 
____________________________________________________________________________________________________
bg_input (InputLayer)            (None, 128, 9)        0                                            
____________________________________________________________________________________________________
spec_conv2 (Conv2D)              (None, 64, 26, 48)    28848       spec_pool1[0][0]                 
____________________________________________________________________________________________________
bg_pool (AveragePooling1D)       (None, 32, 9)         0           bg_input[0][0]                   
____________________________________________________________________________________________________
spec_pool2 (MaxPooling2D)        (None, 32, 6, 48)     0           spec_conv2[0][0]                 
____________________________________________________________________________________________________
bg_permute (Permute)             (None, 9, 32)         0           bg_pool[0][0]                    
____________________________________________________________________________________________________
spec_conv3 (Conv2D)              (None, 32, 6, 48)     57648       spec_pool2[0][0]                 
____________________________________________________________________________________________________
bg_conv (Conv1D)                 (None, 9, 8)          264         bg_permute[0][0]                 
____________________________________________________________________________________________________
spec_flatten (Flatten)           (None, 9216)          0           spec_conv3[0][0]                 
____________________________________________________________________________________________________
bg_flatten (Flatten)             (None, 72)            0           bg_conv[0][0]                    
____________________________________________________________________________________________________
spec_dense1 (Dense)              (None, 64)            589888      spec_flatten[0][0]               
____________________________________________________________________________________________________
bg_dense1 (Dense)                (None, 64)            4672        bg_flatten[0][0]                 
____________________________________________________________________________________________________
dot (Dot)                        (None, 1)             0           spec_dense1[0][0]                
                                                                   bg_dense1[0][0]                  
____________________________________________________________________________________________________
dense (Dense)                    (None, 1)             2           dot[0][0]                        
====================================================================================================
Total params: 681,950
Trainable params: 681,948
Non-trainable params: 2
____________________________________________________________________________________________________
         acc      loss   val_acc  val_loss
0   0.498047  8.104989  0.502686  8.028022
1   0.503174  8.018357  0.508423  7.932115
2   0.502563  8.025226  0.500732  8.053527
3   0.492310  8.188308  0.489380  8.234639
4   0.506592  7.956503  0.493652  8.164417
5   0.496704  8.114715  0.505493  7.972589
6   0.513916  7.836465  0.502930  8.013217
7   0.495850  8.127080  0.504272  7.991094
8   0.509033  7.914185  0.496582  8.114720
9   0.494507  8.148052  0.509399  7.907910
10  0.498169  8.088847  0.501465  8.035657
11  0.501465  8.035608  0.496094  8.122138
12  0.502808  8.013893  0.506226  7.958776
13  0.500244  8.055168  0.497314  8.102374
14  0.502075  8.025629  0.501221  8.039393
15  0.502808  8.013810  0.495728  8.127922
16  0.508911  7.915425  0.505859  7.964611
17  0.496094  8.208996  0.504028  8.178876
18  0.490479  8.366627  0.505005  8.107566
19  0.503540  8.113203  0.507935  8.026392
20  0.507324  8.023524  0.500854  8.116226
21  0.503540  8.063468  0.507568  7.989843
22  0.495850  8.171554  0.501831  8.068550
23  0.491455  8.230347  0.498901  8.105325
24  0.505127  8.000864  0.495972  8.144654
25  0.506348  7.974323  0.493164  8.183992
26  0.502197  8.036096  0.494019  8.165828
27  0.511475  7.882782  0.495361  8.140968
28  0.505737  7.972507  0.493042  8.176031
29  0.506958  7.950864  0.498413  8.087815
30  0.496094  8.120008  0.498535  8.082208
31  0.495728  8.088724  0.503052  7.951614

2017-12-11 06:38:57.174297 Finish.
Total elapsed time: 04:09:11.17.
