2017-12-11 01:02:42.599769: W tensorflow/core/platform/cpu_feature_guard.cc:45] The TensorFlow library wasn't compiled to use SSE4.1 instructions, but these are available on your machine and could speed up CPU computations.
2017-12-11 01:02:42.599947: W tensorflow/core/platform/cpu_feature_guard.cc:45] The TensorFlow library wasn't compiled to use SSE4.2 instructions, but these are available on your machine and could speed up CPU computations.
2017-12-11 01:02:42.599958: W tensorflow/core/platform/cpu_feature_guard.cc:45] The TensorFlow library wasn't compiled to use AVX instructions, but these are available on your machine and could speed up CPU computations.
2017-12-11 01:02:42.599964: W tensorflow/core/platform/cpu_feature_guard.cc:45] The TensorFlow library wasn't compiled to use AVX2 instructions, but these are available on your machine and could speed up CPU computations.
2017-12-11 01:02:42.599968: W tensorflow/core/platform/cpu_feature_guard.cc:45] The TensorFlow library wasn't compiled to use FMA instructions, but these are available on your machine and could speed up CPU computations.
Using TensorFlow backend.
2017-12-11 01:02:40.314764 Start.
Training dot-product context-aware convnet on BirdVox-70k. 
Training set: unit05, unit07, unit10.
Validation set: unit01, unit02.
Test set: unit03.

h5py version: 2.6.0
keras version: 2.0.6
numpy version: 1.13.1
pandas version: 0.20.3
pescador version: 1.0.0
tensorflow version: 1.2.1

____________________________________________________________________________________________________
Layer (type)                     Output Shape          Param #     Connected to                     
====================================================================================================
spec_input (InputLayer)          (None, 128, 104, 1)   0                                            
____________________________________________________________________________________________________
spec_bn (BatchNormalization)     (None, 128, 104, 1)   4           spec_input[0][0]                 
____________________________________________________________________________________________________
spec_conv1 (Conv2D)              (None, 128, 104, 24)  624         spec_bn[0][0]                    
____________________________________________________________________________________________________
spec_pool1 (MaxPooling2D)        (None, 64, 26, 24)    0           spec_conv1[0][0]                 
____________________________________________________________________________________________________
bg_input (InputLayer)            (None, 128, 9)        0                                            
____________________________________________________________________________________________________
spec_conv2 (Conv2D)              (None, 64, 26, 48)    28848       spec_pool1[0][0]                 
____________________________________________________________________________________________________
bg_pool (AveragePooling1D)       (None, 32, 9)         0           bg_input[0][0]                   
____________________________________________________________________________________________________
spec_pool2 (MaxPooling2D)        (None, 32, 6, 48)     0           spec_conv2[0][0]                 
____________________________________________________________________________________________________
bg_permute (Permute)             (None, 9, 32)         0           bg_pool[0][0]                    
____________________________________________________________________________________________________
spec_conv3 (Conv2D)              (None, 32, 6, 48)     57648       spec_pool2[0][0]                 
____________________________________________________________________________________________________
bg_conv (Conv1D)                 (None, 9, 8)          264         bg_permute[0][0]                 
____________________________________________________________________________________________________
spec_flatten (Flatten)           (None, 9216)          0           spec_conv3[0][0]                 
____________________________________________________________________________________________________
bg_flatten (Flatten)             (None, 72)            0           bg_conv[0][0]                    
____________________________________________________________________________________________________
spec_dense1 (Dense)              (None, 64)            589888      spec_flatten[0][0]               
____________________________________________________________________________________________________
bg_dense1 (Dense)                (None, 64)            4672        bg_flatten[0][0]                 
____________________________________________________________________________________________________
dot (Dot)                        (None, 1)             0           spec_dense1[0][0]                
                                                                   bg_dense1[0][0]                  
____________________________________________________________________________________________________
dense (Dense)                    (None, 1)             2           dot[0][0]                        
====================================================================================================
Total params: 681,950
Trainable params: 681,948
Non-trainable params: 2
____________________________________________________________________________________________________
         acc      loss   val_acc  val_loss
0   0.498657  8.088821  0.500244  8.062073
1   0.503296  8.011988  0.491699  8.198100
2   0.493774  8.164012  0.505981  7.966676
3   0.494873  8.145246  0.503540  8.005114
4   0.488281  8.250694  0.504883  7.982773
5   0.497437  8.102512  0.501465  8.037323
6   0.503662  8.001689  0.498901  8.078220
7   0.504150  7.993445  0.506348  7.957871
8   0.496460  8.117108  0.507690  7.935970
9   0.498657  8.081464  0.500488  8.051855
10  0.492310  8.183599  0.502197  8.024153
11  0.504639  7.984738  0.503906  7.996485
12  0.501709  8.031852  0.493042  8.171501
13  0.510620  7.888137  0.503540  8.002219
14  0.495117  8.137949  0.504150  7.992324
15  0.506104  7.960820  0.494995  8.139845
16  0.505493  7.970618  0.493408  8.165388
17  0.498169  8.139616  0.506470  8.118260
18  0.494263  8.275842  0.492676  8.272641
19  0.500488  8.129109  0.514038  7.896654
20  0.500854  8.094173  0.493286  8.203353
21  0.508789  7.946722  0.502563  8.037151
22  0.502686  8.027609  0.499512  8.071021
23  0.497925  8.089964  0.508179  7.920415
24  0.503052  7.996685  0.494263  8.131543
25  0.497925  8.068378  0.492432  8.151332
26  0.510010  7.866871  0.501221  8.002899
27  0.498657  8.040017  0.504639  7.941025
28  0.500977  7.996075  0.494629  8.094043
29  0.509155  7.859500  0.497192  8.047354
30  0.497192  8.044738  0.499390  8.007179
31  0.506958  7.884220  0.505371  7.907299

2017-12-11 05:28:59.602156 Finish.
Total elapsed time: 04:26:19.60.
