2017-12-10 19:13:26.270025: W tensorflow/core/platform/cpu_feature_guard.cc:45] The TensorFlow library wasn't compiled to use SSE4.1 instructions, but these are available on your machine and could speed up CPU computations.
2017-12-10 19:13:26.270340: W tensorflow/core/platform/cpu_feature_guard.cc:45] The TensorFlow library wasn't compiled to use SSE4.2 instructions, but these are available on your machine and could speed up CPU computations.
2017-12-10 19:13:26.270352: W tensorflow/core/platform/cpu_feature_guard.cc:45] The TensorFlow library wasn't compiled to use AVX instructions, but these are available on your machine and could speed up CPU computations.
Using TensorFlow backend.
2017-12-10 19:13:24.335881 Start.
Training dot-product context-aware convnet on BirdVox-70k. 
Training set: unit10, unit01, unit02.
Validation set: unit03, unit05.
Test set: unit07.

h5py version: 2.6.0
keras version: 2.0.6
numpy version: 1.13.1
pandas version: 0.20.3
pescador version: 1.0.0
tensorflow version: 1.2.1

____________________________________________________________________________________________________
Layer (type)                     Output Shape          Param #     Connected to                     
====================================================================================================
spec_input (InputLayer)          (None, 128, 104, 1)   0                                            
____________________________________________________________________________________________________
spec_bn (BatchNormalization)     (None, 128, 104, 1)   4           spec_input[0][0]                 
____________________________________________________________________________________________________
spec_conv1 (Conv2D)              (None, 128, 104, 24)  624         spec_bn[0][0]                    
____________________________________________________________________________________________________
spec_pool1 (MaxPooling2D)        (None, 64, 26, 24)    0           spec_conv1[0][0]                 
____________________________________________________________________________________________________
bg_input (InputLayer)            (None, 128, 9)        0                                            
____________________________________________________________________________________________________
spec_conv2 (Conv2D)              (None, 64, 26, 48)    28848       spec_pool1[0][0]                 
____________________________________________________________________________________________________
bg_pool (AveragePooling1D)       (None, 32, 9)         0           bg_input[0][0]                   
____________________________________________________________________________________________________
spec_pool2 (MaxPooling2D)        (None, 32, 6, 48)     0           spec_conv2[0][0]                 
____________________________________________________________________________________________________
bg_permute (Permute)             (None, 9, 32)         0           bg_pool[0][0]                    
____________________________________________________________________________________________________
spec_conv3 (Conv2D)              (None, 32, 6, 48)     57648       spec_pool2[0][0]                 
____________________________________________________________________________________________________
bg_conv (Conv1D)                 (None, 9, 8)          264         bg_permute[0][0]                 
____________________________________________________________________________________________________
spec_flatten (Flatten)           (None, 9216)          0           spec_conv3[0][0]                 
____________________________________________________________________________________________________
bg_flatten (Flatten)             (None, 72)            0           bg_conv[0][0]                    
____________________________________________________________________________________________________
spec_dense1 (Dense)              (None, 64)            589888      spec_flatten[0][0]               
____________________________________________________________________________________________________
bg_dense1 (Dense)                (None, 64)            4672        bg_flatten[0][0]                 
____________________________________________________________________________________________________
multiply (Dot)                   (None, 1)             0           spec_dense1[0][0]                
                                                                   bg_dense1[0][0]                  
____________________________________________________________________________________________________
prelu (PReLU)                    (None, 1)             1           multiply[0][0]                   
____________________________________________________________________________________________________
dense (Dense)                    (None, 1)             2           prelu[0][0]                      
====================================================================================================
Total params: 681,951
Trainable params: 681,949
Non-trainable params: 2
____________________________________________________________________________________________________
         acc      loss   val_acc  val_loss
0   0.512329  7.863236  0.496704  8.095956
1   0.485352  8.268405  0.502441  8.019481
2   0.508423  7.917668  0.488159  8.234676
3   0.501587  8.015214  0.505493  7.947734
4   0.500977  8.014970  0.511230  7.846874
5   0.496704  8.074210  0.500122  8.015602
6   0.492310  8.136383  0.502441  7.971213
7   0.496948  8.055469  0.500854  7.989995
8   0.496948  8.049376  0.505615  7.908422
9   0.500244  7.991551  0.500244  7.989157
10  0.491333  8.129085  0.499390  7.998604
11  0.498779  8.006527  0.496094  8.047621
12  0.492432  8.104490  0.502808  7.937637
13  0.495483  8.053148  0.491699  8.112292
14  0.506348  7.877733  0.496460  8.034399
15  0.504028  7.912908  0.514160  7.750603
16  0.499634  7.981522  0.503784  7.914734
17  0.506836  7.865557  0.505127  7.892316
18  0.505859  7.880232  0.499390  7.982999
19  0.503296  7.920413  0.497559  8.011595
20  0.506104  7.875136  0.505371  7.886601
21  0.506714  7.865023  0.494019  8.067262
22  0.491943  8.100223  0.504395  7.901612
23  0.502075  7.938501  0.497803  8.006537
24  0.500854  7.957825  0.511353  7.790409
25  0.494873  8.053091  0.505127  7.889585
26  0.495117  8.064091  0.503052  8.095757
27  0.485229  8.369424  0.494507  8.200480
28  0.503662  8.040828  0.505249  8.003371
29  0.494873  8.158770  0.503784  8.007308
30  0.509766  7.903720  0.499634  8.057407
31  0.498779  8.064043  0.499146  8.051519

2017-12-10 23:23:08.341460 Finish.
Total elapsed time: 04:09:44.34.
