2017-12-11 02:29:24.593531: W tensorflow/core/platform/cpu_feature_guard.cc:45] The TensorFlow library wasn't compiled to use SSE4.1 instructions, but these are available on your machine and could speed up CPU computations.
2017-12-11 02:29:24.593747: W tensorflow/core/platform/cpu_feature_guard.cc:45] The TensorFlow library wasn't compiled to use SSE4.2 instructions, but these are available on your machine and could speed up CPU computations.
2017-12-11 02:29:24.593760: W tensorflow/core/platform/cpu_feature_guard.cc:45] The TensorFlow library wasn't compiled to use AVX instructions, but these are available on your machine and could speed up CPU computations.
Using TensorFlow backend.
2017-12-11 02:29:21.229405 Start.
Training dot-product context-aware convnet on BirdVox-70k. 
Training set: unit07, unit10, unit01.
Validation set: unit02, unit03.
Test set: unit05.

h5py version: 2.6.0
keras version: 2.0.6
numpy version: 1.13.1
pandas version: 0.20.3
pescador version: 1.0.0
tensorflow version: 1.2.1

____________________________________________________________________________________________________
Layer (type)                     Output Shape          Param #     Connected to                     
====================================================================================================
spec_input (InputLayer)          (None, 128, 104, 1)   0                                            
____________________________________________________________________________________________________
spec_bn (BatchNormalization)     (None, 128, 104, 1)   4           spec_input[0][0]                 
____________________________________________________________________________________________________
spec_conv1 (Conv2D)              (None, 128, 104, 24)  624         spec_bn[0][0]                    
____________________________________________________________________________________________________
spec_pool1 (MaxPooling2D)        (None, 64, 26, 24)    0           spec_conv1[0][0]                 
____________________________________________________________________________________________________
bg_input (InputLayer)            (None, 128, 9)        0                                            
____________________________________________________________________________________________________
spec_conv2 (Conv2D)              (None, 64, 26, 48)    28848       spec_pool1[0][0]                 
____________________________________________________________________________________________________
bg_pool (AveragePooling1D)       (None, 32, 9)         0           bg_input[0][0]                   
____________________________________________________________________________________________________
spec_pool2 (MaxPooling2D)        (None, 32, 6, 48)     0           spec_conv2[0][0]                 
____________________________________________________________________________________________________
bg_permute (Permute)             (None, 9, 32)         0           bg_pool[0][0]                    
____________________________________________________________________________________________________
spec_conv3 (Conv2D)              (None, 32, 6, 48)     57648       spec_pool2[0][0]                 
____________________________________________________________________________________________________
bg_conv (Conv1D)                 (None, 9, 8)          264         bg_permute[0][0]                 
____________________________________________________________________________________________________
spec_flatten (Flatten)           (None, 9216)          0           spec_conv3[0][0]                 
____________________________________________________________________________________________________
bg_flatten (Flatten)             (None, 72)            0           bg_conv[0][0]                    
____________________________________________________________________________________________________
spec_dense1 (Dense)              (None, 64)            589888      spec_flatten[0][0]               
____________________________________________________________________________________________________
bg_dense1 (Dense)                (None, 64)            4672        bg_flatten[0][0]                 
____________________________________________________________________________________________________
dot (Dot)                        (None, 1)             0           spec_dense1[0][0]                
                                                                   bg_dense1[0][0]                  
____________________________________________________________________________________________________
dense (Dense)                    (None, 1)             2           dot[0][0]                        
====================================================================================================
Total params: 681,950
Trainable params: 681,948
Non-trainable params: 2
____________________________________________________________________________________________________
         acc      loss   val_acc  val_loss
0   0.500732  7.981361  0.502808  7.945937
1   0.505615  7.899199  0.504883  7.909031
2   0.496948  8.033956  0.504028  7.919614
3   0.494873  8.064313  0.497314  8.024213
4   0.506470  7.877243  0.504028  7.915214
5   0.503296  7.926071  0.510010  7.818266
6   0.496094  8.039455  0.496338  8.034937
7   0.493652  8.077209  0.500122  7.973556
8   0.496338  8.033444  0.498535  7.997998
9   0.495483  8.046291  0.495972  8.038168
10  0.499756  7.977545  0.498779  7.992838
11  0.506104  7.875834  0.505615  7.883394
12  0.491089  8.114785  0.500977  7.956970
13  0.503418  7.917892  0.489990  8.131815
14  0.497925  8.005194  0.504883  7.894150
15  0.490845  8.117851  0.505127  7.890065
16  0.506226  7.872472  0.508179  7.841261
17  0.504517  7.899582  0.494629  8.057159
18  0.502197  7.936454  0.504517  7.899434
19  0.505859  7.877991  0.494141  8.064783
20  0.495483  8.043349  0.510010  7.811739
21  0.498901  7.988814  0.504883  7.893437
22  0.501953  7.940129  0.499634  7.977091
23  0.506714  7.864208  0.494385  8.060754
24  0.495239  8.047124  0.500977  7.955651
25  0.500000  7.971214  0.497925  8.004293
26  0.500610  7.961476  0.497559  8.010126
27  0.509644  7.817460  0.493896  8.068504
28  0.513794  7.751290  0.507690  7.848593
29  0.498413  8.074219  0.494019  8.256275
30  0.505005  8.053431  0.492065  8.237095
31  0.501709  8.066783  0.495972  8.143412

2017-12-11 06:45:20.604175 Finish.
Total elapsed time: 04:15:59.60.
