2017-12-11 02:31:04.139702: W tensorflow/core/platform/cpu_feature_guard.cc:45] The TensorFlow library wasn't compiled to use SSE4.1 instructions, but these are available on your machine and could speed up CPU computations.
2017-12-11 02:31:04.139978: W tensorflow/core/platform/cpu_feature_guard.cc:45] The TensorFlow library wasn't compiled to use SSE4.2 instructions, but these are available on your machine and could speed up CPU computations.
2017-12-11 02:31:04.139990: W tensorflow/core/platform/cpu_feature_guard.cc:45] The TensorFlow library wasn't compiled to use AVX instructions, but these are available on your machine and could speed up CPU computations.
2017-12-11 02:31:04.139995: W tensorflow/core/platform/cpu_feature_guard.cc:45] The TensorFlow library wasn't compiled to use AVX2 instructions, but these are available on your machine and could speed up CPU computations.
2017-12-11 02:31:04.139999: W tensorflow/core/platform/cpu_feature_guard.cc:45] The TensorFlow library wasn't compiled to use FMA instructions, but these are available on your machine and could speed up CPU computations.
Using TensorFlow backend.
2017-12-11 02:31:02.093923 Start.
Training dot-product context-aware convnet on BirdVox-70k. 
Training set: unit10, unit01, unit02.
Validation set: unit03, unit05.
Test set: unit07.

h5py version: 2.6.0
keras version: 2.0.6
numpy version: 1.13.1
pandas version: 0.20.3
pescador version: 1.0.0
tensorflow version: 1.2.1

____________________________________________________________________________________________________
Layer (type)                     Output Shape          Param #     Connected to                     
====================================================================================================
spec_input (InputLayer)          (None, 128, 104, 1)   0                                            
____________________________________________________________________________________________________
spec_bn (BatchNormalization)     (None, 128, 104, 1)   4           spec_input[0][0]                 
____________________________________________________________________________________________________
spec_conv1 (Conv2D)              (None, 128, 104, 24)  624         spec_bn[0][0]                    
____________________________________________________________________________________________________
spec_pool1 (MaxPooling2D)        (None, 64, 26, 24)    0           spec_conv1[0][0]                 
____________________________________________________________________________________________________
bg_input (InputLayer)            (None, 128, 9)        0                                            
____________________________________________________________________________________________________
spec_conv2 (Conv2D)              (None, 64, 26, 48)    28848       spec_pool1[0][0]                 
____________________________________________________________________________________________________
bg_pool (AveragePooling1D)       (None, 32, 9)         0           bg_input[0][0]                   
____________________________________________________________________________________________________
spec_pool2 (MaxPooling2D)        (None, 32, 6, 48)     0           spec_conv2[0][0]                 
____________________________________________________________________________________________________
bg_permute (Permute)             (None, 9, 32)         0           bg_pool[0][0]                    
____________________________________________________________________________________________________
spec_conv3 (Conv2D)              (None, 32, 6, 48)     57648       spec_pool2[0][0]                 
____________________________________________________________________________________________________
bg_conv (Conv1D)                 (None, 9, 8)          264         bg_permute[0][0]                 
____________________________________________________________________________________________________
spec_flatten (Flatten)           (None, 9216)          0           spec_conv3[0][0]                 
____________________________________________________________________________________________________
bg_flatten (Flatten)             (None, 72)            0           bg_conv[0][0]                    
____________________________________________________________________________________________________
spec_dense1 (Dense)              (None, 64)            589888      spec_flatten[0][0]               
____________________________________________________________________________________________________
bg_dense1 (Dense)                (None, 64)            4672        bg_flatten[0][0]                 
____________________________________________________________________________________________________
dot (Dot)                        (None, 1)             0           spec_dense1[0][0]                
                                                                   bg_dense1[0][0]                  
____________________________________________________________________________________________________
dense (Dense)                    (None, 1)             2           dot[0][0]                        
====================================================================================================
Total params: 681,950
Trainable params: 681,948
Non-trainable params: 2
____________________________________________________________________________________________________
         acc      loss   val_acc  val_loss
0   0.502075  7.950068  0.503906  7.919103
1   0.498657  8.001382  0.504517  7.906702
2   0.503784  7.917361  0.493896  8.074069
3   0.501831  7.946823  0.502075  7.942246
4   0.489990  8.134351  0.497559  8.013182
5   0.499268  7.985519  0.500977  7.957891
6   0.501587  7.947847  0.507080  7.859985
7   0.505737  7.881157  0.497925  8.005492
8   0.496338  8.030616  0.502686  7.929259
9   0.500122  7.969996  0.497803  8.006853
10  0.501221  7.952266  0.499756  7.975532
11  0.496704  8.024114  0.502441  7.932584
12  0.500000  7.971455  0.501099  7.953895
13  0.497925  8.004457  0.495850  8.037508
14  0.497559  8.010237  0.497559  8.010214
15  0.496826  8.021872  0.496338  8.029641
16  0.495850  8.037413  0.505981  7.875877
17  0.508179  7.840839  0.495728  8.039333
18  0.500000  7.997539  0.494019  8.413799
19  0.502441  8.254182  0.493408  8.361514
20  0.504639  8.151733  0.495239  8.277647
21  0.509277  8.031243  0.494385  8.253079
22  0.496094  8.210885  0.513672  7.914219
23  0.506348  8.021430  0.510986  7.936763
24  0.495850  8.172668  0.494507  8.186939
25  0.503784  8.031408  0.499268  8.098739
26  0.489502  8.251718  0.486206  8.300822
27  0.505005  7.994596  0.497070  8.119571
28  0.503296  8.016912  0.498291  8.095503
29  0.488647  8.249310  0.505005  7.984207
30  0.495605  8.134588  0.494141  8.157206
31  0.501465  8.038402  0.495117  8.140055

2017-12-11 06:40:57.426870 Finish.
Total elapsed time: 04:09:55.43.
