2017-12-11 01:03:44.276166: W tensorflow/core/platform/cpu_feature_guard.cc:45] The TensorFlow library wasn't compiled to use SSE4.1 instructions, but these are available on your machine and could speed up CPU computations.
2017-12-11 01:03:44.276399: W tensorflow/core/platform/cpu_feature_guard.cc:45] The TensorFlow library wasn't compiled to use SSE4.2 instructions, but these are available on your machine and could speed up CPU computations.
2017-12-11 01:03:44.276410: W tensorflow/core/platform/cpu_feature_guard.cc:45] The TensorFlow library wasn't compiled to use AVX instructions, but these are available on your machine and could speed up CPU computations.
2017-12-11 01:03:44.276415: W tensorflow/core/platform/cpu_feature_guard.cc:45] The TensorFlow library wasn't compiled to use AVX2 instructions, but these are available on your machine and could speed up CPU computations.
2017-12-11 01:03:44.276419: W tensorflow/core/platform/cpu_feature_guard.cc:45] The TensorFlow library wasn't compiled to use FMA instructions, but these are available on your machine and could speed up CPU computations.
Using TensorFlow backend.
2017-12-11 01:03:42.146436 Start.
Training dot-product context-aware convnet on BirdVox-70k. 
Training set: unit10, unit01, unit02.
Validation set: unit03, unit05.
Test set: unit07.

h5py version: 2.6.0
keras version: 2.0.6
numpy version: 1.13.1
pandas version: 0.20.3
pescador version: 1.0.0
tensorflow version: 1.2.1

____________________________________________________________________________________________________
Layer (type)                     Output Shape          Param #     Connected to                     
====================================================================================================
spec_input (InputLayer)          (None, 128, 104, 1)   0                                            
____________________________________________________________________________________________________
spec_bn (BatchNormalization)     (None, 128, 104, 1)   4           spec_input[0][0]                 
____________________________________________________________________________________________________
spec_conv1 (Conv2D)              (None, 128, 104, 24)  624         spec_bn[0][0]                    
____________________________________________________________________________________________________
spec_pool1 (MaxPooling2D)        (None, 64, 26, 24)    0           spec_conv1[0][0]                 
____________________________________________________________________________________________________
bg_input (InputLayer)            (None, 128, 9)        0                                            
____________________________________________________________________________________________________
spec_conv2 (Conv2D)              (None, 64, 26, 48)    28848       spec_pool1[0][0]                 
____________________________________________________________________________________________________
bg_pool (AveragePooling1D)       (None, 32, 9)         0           bg_input[0][0]                   
____________________________________________________________________________________________________
spec_pool2 (MaxPooling2D)        (None, 32, 6, 48)     0           spec_conv2[0][0]                 
____________________________________________________________________________________________________
bg_permute (Permute)             (None, 9, 32)         0           bg_pool[0][0]                    
____________________________________________________________________________________________________
spec_conv3 (Conv2D)              (None, 32, 6, 48)     57648       spec_pool2[0][0]                 
____________________________________________________________________________________________________
bg_conv (Conv1D)                 (None, 9, 8)          264         bg_permute[0][0]                 
____________________________________________________________________________________________________
spec_flatten (Flatten)           (None, 9216)          0           spec_conv3[0][0]                 
____________________________________________________________________________________________________
bg_flatten (Flatten)             (None, 72)            0           bg_conv[0][0]                    
____________________________________________________________________________________________________
spec_dense1 (Dense)              (None, 64)            589888      spec_flatten[0][0]               
____________________________________________________________________________________________________
bg_dense1 (Dense)                (None, 64)            4672        bg_flatten[0][0]                 
____________________________________________________________________________________________________
dot (Dot)                        (None, 1)             0           spec_dense1[0][0]                
                                                                   bg_dense1[0][0]                  
____________________________________________________________________________________________________
dense (Dense)                    (None, 1)             2           dot[0][0]                        
====================================================================================================
Total params: 681,950
Trainable params: 681,948
Non-trainable params: 2
____________________________________________________________________________________________________
         acc      loss   val_acc  val_loss
0   0.495483  8.147243  0.496704  8.125749
1   0.497681  8.108517  0.496948  8.118948
2   0.501709  8.041066  0.500854  8.053773
3   0.500977  8.050905  0.492188  8.191726
4   0.502319  8.027704  0.501465  8.040805
5   0.494385  8.154347  0.505493  7.974761
6   0.484009  8.320585  0.505859  7.967961
7   0.501343  8.040386  0.499512  8.069549
8   0.498657  8.083021  0.496582  8.116187
9   0.498657  8.082498  0.490356  8.216066
10  0.501465  8.036827  0.505493  7.971719
11  0.497192  8.105360  0.503418  8.004873
12  0.504395  7.989014  0.496704  8.112858
13  0.504272  7.990777  0.498413  8.085133
14  0.498291  8.087029  0.503662  8.000392
15  0.498169  8.088876  0.507080  7.945196
16  0.499268  8.071078  0.498413  8.084814
17  0.495850  8.126102  0.498413  8.084756
18  0.506592  7.952909  0.495728  8.128001
19  0.502441  8.019770  0.499756  8.063042
20  0.500610  8.049259  0.495483  8.131886
21  0.503906  7.996118  0.499146  8.072845
22  0.491577  8.194828  0.499634  8.064966
23  0.502563  8.017742  0.508667  7.919362
24  0.497681  8.155676  0.491089  8.297986
25  0.491455  8.289542  0.505005  8.068616
26  0.497559  8.186160  0.489502  8.313533
27  0.499023  8.157615  0.496094  8.202373
28  0.505615  8.046473  0.503662  8.075511
29  0.505493  8.043590  0.491455  8.267439
30  0.494873  8.209969  0.509521  7.971478
31  0.494263  8.215080  0.507080  8.006144

2017-12-11 05:33:18.632736 Finish.
Total elapsed time: 04:29:36.63.
