2017-12-11 02:32:12.225070: W tensorflow/core/platform/cpu_feature_guard.cc:45] The TensorFlow library wasn't compiled to use SSE4.1 instructions, but these are available on your machine and could speed up CPU computations.
2017-12-11 02:32:12.225381: W tensorflow/core/platform/cpu_feature_guard.cc:45] The TensorFlow library wasn't compiled to use SSE4.2 instructions, but these are available on your machine and could speed up CPU computations.
2017-12-11 02:32:12.225391: W tensorflow/core/platform/cpu_feature_guard.cc:45] The TensorFlow library wasn't compiled to use AVX instructions, but these are available on your machine and could speed up CPU computations.
2017-12-11 02:32:12.225396: W tensorflow/core/platform/cpu_feature_guard.cc:45] The TensorFlow library wasn't compiled to use AVX2 instructions, but these are available on your machine and could speed up CPU computations.
2017-12-11 02:32:12.225400: W tensorflow/core/platform/cpu_feature_guard.cc:45] The TensorFlow library wasn't compiled to use FMA instructions, but these are available on your machine and could speed up CPU computations.
Using TensorFlow backend.
2017-12-11 02:32:08.602343 Start.
Training dot-product context-aware convnet on BirdVox-70k. 
Training set: unit07, unit10, unit01.
Validation set: unit02, unit03.
Test set: unit05.

h5py version: 2.6.0
keras version: 2.0.6
numpy version: 1.13.1
pandas version: 0.20.3
pescador version: 1.0.0
tensorflow version: 1.2.1

____________________________________________________________________________________________________
Layer (type)                     Output Shape          Param #     Connected to                     
====================================================================================================
spec_input (InputLayer)          (None, 128, 104, 1)   0                                            
____________________________________________________________________________________________________
spec_bn (BatchNormalization)     (None, 128, 104, 1)   4           spec_input[0][0]                 
____________________________________________________________________________________________________
spec_conv1 (Conv2D)              (None, 128, 104, 24)  624         spec_bn[0][0]                    
____________________________________________________________________________________________________
spec_pool1 (MaxPooling2D)        (None, 64, 26, 24)    0           spec_conv1[0][0]                 
____________________________________________________________________________________________________
bg_input (InputLayer)            (None, 128, 9)        0                                            
____________________________________________________________________________________________________
spec_conv2 (Conv2D)              (None, 64, 26, 48)    28848       spec_pool1[0][0]                 
____________________________________________________________________________________________________
bg_pool (AveragePooling1D)       (None, 32, 9)         0           bg_input[0][0]                   
____________________________________________________________________________________________________
spec_pool2 (MaxPooling2D)        (None, 32, 6, 48)     0           spec_conv2[0][0]                 
____________________________________________________________________________________________________
bg_permute (Permute)             (None, 9, 32)         0           bg_pool[0][0]                    
____________________________________________________________________________________________________
spec_conv3 (Conv2D)              (None, 32, 6, 48)     57648       spec_pool2[0][0]                 
____________________________________________________________________________________________________
bg_conv (Conv1D)                 (None, 9, 8)          264         bg_permute[0][0]                 
____________________________________________________________________________________________________
spec_flatten (Flatten)           (None, 9216)          0           spec_conv3[0][0]                 
____________________________________________________________________________________________________
bg_flatten (Flatten)             (None, 72)            0           bg_conv[0][0]                    
____________________________________________________________________________________________________
spec_dense1 (Dense)              (None, 64)            589888      spec_flatten[0][0]               
____________________________________________________________________________________________________
bg_dense1 (Dense)                (None, 64)            4672        bg_flatten[0][0]                 
____________________________________________________________________________________________________
dot (Dot)                        (None, 1)             0           spec_dense1[0][0]                
                                                                   bg_dense1[0][0]                  
____________________________________________________________________________________________________
dense (Dense)                    (None, 1)             2           dot[0][0]                        
====================================================================================================
Total params: 681,950
Trainable params: 681,948
Non-trainable params: 2
____________________________________________________________________________________________________
         acc      loss   val_acc  val_loss
0   0.498047  8.108257  0.503174  8.023679
1   0.501587  8.047634  0.499878  8.073671
2   0.501953  8.038942  0.506226  7.968881
3   0.494751  8.152804  0.496948  8.116425
4   0.501221  8.046731  0.496460  8.122684
5   0.503662  8.005924  0.496704  8.117438
6   0.497192  8.109017  0.492554  8.183266
7   0.505493  7.974258  0.490234  8.219778
8   0.501831  8.032498  0.503052  8.012480
9   0.505493  7.972834  0.507080  7.946979
10  0.497070  8.108079  0.512939  7.852076
11  0.490845  8.208011  0.495483  8.133067
12  0.500122  8.058148  0.494141  8.154417
13  0.505737  7.967381  0.502686  8.016459
14  0.494141  8.154093  0.493774  8.159909
15  0.504883  7.980791  0.504028  7.994498
16  0.508545  7.921644  0.494873  8.141957
17  0.487671  8.258001  0.504395  7.988410
18  0.503052  8.010022  0.496338  8.118209
19  0.487671  8.257882  0.491821  8.190965
20  0.500732  8.047319  0.493042  8.171259
21  0.507935  7.931208  0.500366  8.053185
22  0.501709  8.031535  0.493896  8.157451
23  0.499268  8.070873  0.505737  7.966589
24  0.499146  8.072833  0.502197  8.023642
25  0.497681  8.096438  0.503662  8.000027
26  0.499268  8.070857  0.495728  8.127915
27  0.500000  8.182592  0.501953  8.221592
28  0.502441  8.193762  0.497681  8.251136
29  0.504150  8.131872  0.495483  8.254637
30  0.503784  8.108379  0.503784  8.094923
31  0.503784  8.082577  0.503540  8.074480

2017-12-11 06:58:31.665080 Finish.
Total elapsed time: 04:26:23.67.
