2017-12-10 19:13:35.270442: W tensorflow/core/platform/cpu_feature_guard.cc:45] The TensorFlow library wasn't compiled to use SSE4.1 instructions, but these are available on your machine and could speed up CPU computations.
2017-12-10 19:13:35.270619: W tensorflow/core/platform/cpu_feature_guard.cc:45] The TensorFlow library wasn't compiled to use SSE4.2 instructions, but these are available on your machine and could speed up CPU computations.
2017-12-10 19:13:35.270628: W tensorflow/core/platform/cpu_feature_guard.cc:45] The TensorFlow library wasn't compiled to use AVX instructions, but these are available on your machine and could speed up CPU computations.
2017-12-10 19:13:35.270632: W tensorflow/core/platform/cpu_feature_guard.cc:45] The TensorFlow library wasn't compiled to use AVX2 instructions, but these are available on your machine and could speed up CPU computations.
2017-12-10 19:13:35.270637: W tensorflow/core/platform/cpu_feature_guard.cc:45] The TensorFlow library wasn't compiled to use FMA instructions, but these are available on your machine and could speed up CPU computations.
Using TensorFlow backend.
2017-12-10 19:13:33.247279 Start.
Training dot-product context-aware convnet on BirdVox-70k. 
Training set: unit07, unit10, unit01.
Validation set: unit02, unit03.
Test set: unit05.

h5py version: 2.6.0
keras version: 2.0.6
numpy version: 1.13.1
pandas version: 0.20.3
pescador version: 1.0.0
tensorflow version: 1.2.1

____________________________________________________________________________________________________
Layer (type)                     Output Shape          Param #     Connected to                     
====================================================================================================
spec_input (InputLayer)          (None, 128, 104, 1)   0                                            
____________________________________________________________________________________________________
spec_bn (BatchNormalization)     (None, 128, 104, 1)   4           spec_input[0][0]                 
____________________________________________________________________________________________________
spec_conv1 (Conv2D)              (None, 128, 104, 24)  624         spec_bn[0][0]                    
____________________________________________________________________________________________________
spec_pool1 (MaxPooling2D)        (None, 64, 26, 24)    0           spec_conv1[0][0]                 
____________________________________________________________________________________________________
bg_input (InputLayer)            (None, 128, 9)        0                                            
____________________________________________________________________________________________________
spec_conv2 (Conv2D)              (None, 64, 26, 48)    28848       spec_pool1[0][0]                 
____________________________________________________________________________________________________
bg_pool (AveragePooling1D)       (None, 32, 9)         0           bg_input[0][0]                   
____________________________________________________________________________________________________
spec_pool2 (MaxPooling2D)        (None, 32, 6, 48)     0           spec_conv2[0][0]                 
____________________________________________________________________________________________________
bg_permute (Permute)             (None, 9, 32)         0           bg_pool[0][0]                    
____________________________________________________________________________________________________
spec_conv3 (Conv2D)              (None, 32, 6, 48)     57648       spec_pool2[0][0]                 
____________________________________________________________________________________________________
bg_conv (Conv1D)                 (None, 9, 8)          264         bg_permute[0][0]                 
____________________________________________________________________________________________________
spec_flatten (Flatten)           (None, 9216)          0           spec_conv3[0][0]                 
____________________________________________________________________________________________________
bg_flatten (Flatten)             (None, 72)            0           bg_conv[0][0]                    
____________________________________________________________________________________________________
spec_dense1 (Dense)              (None, 64)            589888      spec_flatten[0][0]               
____________________________________________________________________________________________________
bg_dense1 (Dense)                (None, 64)            4672        bg_flatten[0][0]                 
____________________________________________________________________________________________________
multiply (Dot)                   (None, 1)             0           spec_dense1[0][0]                
                                                                   bg_dense1[0][0]                  
____________________________________________________________________________________________________
prelu (PReLU)                    (None, 1)             1           multiply[0][0]                   
____________________________________________________________________________________________________
dense (Dense)                    (None, 1)             2           prelu[0][0]                      
====================================================================================================
Total params: 681,951
Trainable params: 681,949
Non-trainable params: 2
____________________________________________________________________________________________________
         acc      loss   val_acc  val_loss
0   0.491455  8.169619  0.505981  7.932577
1   0.492065  8.149923  0.501587  7.993898
2   0.504883  7.937648  0.506714  7.904925
3   0.508667  7.870630  0.506836  7.896793
4   0.499878  8.004991  0.507568  7.879764
5   0.493286  8.105085  0.503418  7.941279
6   0.503906  7.931434  0.491089  8.133793
7   0.503052  7.941291  0.503174  7.937630
8   0.500244  7.982796  0.506104  7.887907
9   0.491089  8.125954  0.500244  7.978732
10  0.501221  7.962036  0.485107  8.217843
11  0.503540  7.923028  0.497070  8.025262
12  0.504639  7.903802  0.504028  7.912771
13  0.497437  8.017193  0.500977  7.960126
14  0.502930  7.928440  0.496094  8.036905
15  0.501221  7.954725  0.502319  7.936794
16  0.502197  7.938387  0.490601  8.122936
17  0.491943  8.101252  0.490967  8.116566
18  0.499268  7.984020  0.494141  8.065562
19  0.495728  8.040105  0.498535  7.995201
20  0.493164  8.080714  0.504150  7.905463
21  0.504517  7.899543  0.494751  8.055158
22  0.509277  7.823518  0.497437  8.012240
23  0.497681  8.008310  0.494873  8.053038
24  0.500732  7.959602  0.506836  7.862276
25  0.510742  7.799986  0.497925  8.004313
26  0.501587  7.945921  0.503662  7.912830
27  0.500000  7.971208  0.502686  7.928389
28  0.503784  7.910871  0.499390  7.980928
29  0.498047  8.002334  0.492920  8.084068
30  0.501343  7.949787  0.504028  7.906972
31  0.502319  7.934217  0.502808  7.926433

2017-12-10 23:25:25.051391 Finish.
Total elapsed time: 04:11:52.05.
