2017-12-11 01:02:28.473546: W tensorflow/core/platform/cpu_feature_guard.cc:45] The TensorFlow library wasn't compiled to use SSE4.1 instructions, but these are available on your machine and could speed up CPU computations.
2017-12-11 01:02:28.474289: W tensorflow/core/platform/cpu_feature_guard.cc:45] The TensorFlow library wasn't compiled to use SSE4.2 instructions, but these are available on your machine and could speed up CPU computations.
2017-12-11 01:02:28.474300: W tensorflow/core/platform/cpu_feature_guard.cc:45] The TensorFlow library wasn't compiled to use AVX instructions, but these are available on your machine and could speed up CPU computations.
2017-12-11 01:02:28.474304: W tensorflow/core/platform/cpu_feature_guard.cc:45] The TensorFlow library wasn't compiled to use AVX2 instructions, but these are available on your machine and could speed up CPU computations.
2017-12-11 01:02:28.474308: W tensorflow/core/platform/cpu_feature_guard.cc:45] The TensorFlow library wasn't compiled to use FMA instructions, but these are available on your machine and could speed up CPU computations.
Using TensorFlow backend.
2017-12-11 01:02:26.345037 Start.
Training dot-product context-aware convnet on BirdVox-70k. 
Training set: unit03, unit05, unit07.
Validation set: unit10, unit01.
Test set: unit02.

h5py version: 2.6.0
keras version: 2.0.6
numpy version: 1.13.1
pandas version: 0.20.3
pescador version: 1.0.0
tensorflow version: 1.2.1

____________________________________________________________________________________________________
Layer (type)                     Output Shape          Param #     Connected to                     
====================================================================================================
spec_input (InputLayer)          (None, 128, 104, 1)   0                                            
____________________________________________________________________________________________________
spec_bn (BatchNormalization)     (None, 128, 104, 1)   4           spec_input[0][0]                 
____________________________________________________________________________________________________
spec_conv1 (Conv2D)              (None, 128, 104, 24)  624         spec_bn[0][0]                    
____________________________________________________________________________________________________
spec_pool1 (MaxPooling2D)        (None, 64, 26, 24)    0           spec_conv1[0][0]                 
____________________________________________________________________________________________________
bg_input (InputLayer)            (None, 128, 9)        0                                            
____________________________________________________________________________________________________
spec_conv2 (Conv2D)              (None, 64, 26, 48)    28848       spec_pool1[0][0]                 
____________________________________________________________________________________________________
bg_pool (AveragePooling1D)       (None, 32, 9)         0           bg_input[0][0]                   
____________________________________________________________________________________________________
spec_pool2 (MaxPooling2D)        (None, 32, 6, 48)     0           spec_conv2[0][0]                 
____________________________________________________________________________________________________
bg_permute (Permute)             (None, 9, 32)         0           bg_pool[0][0]                    
____________________________________________________________________________________________________
spec_conv3 (Conv2D)              (None, 32, 6, 48)     57648       spec_pool2[0][0]                 
____________________________________________________________________________________________________
bg_conv (Conv1D)                 (None, 9, 8)          264         bg_permute[0][0]                 
____________________________________________________________________________________________________
spec_flatten (Flatten)           (None, 9216)          0           spec_conv3[0][0]                 
____________________________________________________________________________________________________
bg_flatten (Flatten)             (None, 72)            0           bg_conv[0][0]                    
____________________________________________________________________________________________________
spec_dense1 (Dense)              (None, 64)            589888      spec_flatten[0][0]               
____________________________________________________________________________________________________
bg_dense1 (Dense)                (None, 64)            4672        bg_flatten[0][0]                 
____________________________________________________________________________________________________
dot (Dot)                        (None, 1)             0           spec_dense1[0][0]                
                                                                   bg_dense1[0][0]                  
____________________________________________________________________________________________________
dense (Dense)                    (None, 1)             2           dot[0][0]                        
====================================================================================================
Total params: 681,950
Trainable params: 681,948
Non-trainable params: 2
____________________________________________________________________________________________________
         acc      loss   val_acc  val_loss
0   0.504761  7.989909  0.501221  8.045770
1   0.502808  8.019255  0.492920  8.177784
2   0.492798  8.179084  0.499023  8.078136
3   0.492432  8.183900  0.486572  8.277904
4   0.493042  8.173273  0.501831  8.031291
5   0.501221  8.040871  0.491821  8.192138
6   0.506470  7.955845  0.497437  8.101272
7   0.511475  7.874867  0.502686  8.016406
8   0.497314  8.102878  0.496094  8.122463
9   0.498413  8.085007  0.500732  8.047559
10  0.502930  8.012091  0.498657  8.080909
11  0.499878  8.061197  0.496582  8.114288
12  0.501953  8.148812  0.498901  8.197150
13  0.498291  8.165397  0.506592  8.002756
14  0.497559  8.133391  0.503540  8.025600
15  0.493652  8.178308  0.491333  8.210442
16  0.513428  7.851086  0.503418  8.009838
17  0.496948  8.112492  0.501953  8.030513
18  0.499634  8.067069  0.506958  7.948350
19  0.497314  8.103367  0.499634  8.065648
20  0.496948  8.108726  0.498169  8.088885
21  0.496338  8.118297  0.500732  8.047387
22  0.494629  8.145717  0.494995  8.139778
23  0.495117  8.137790  0.506958  7.946923
24  0.491577  8.194824  0.501343  8.037414
25  0.498779  8.161752  0.496826  8.288142
26  0.501465  8.205086  0.496582  8.275710
27  0.511230  8.032066  0.487305  8.410316
28  0.501831  8.169213  0.504395  8.121039
29  0.504395  8.114539  0.498535  8.202571
30  0.497925  8.206319  0.502319  8.129482
31  0.505127  8.078532  0.490723  8.305090

2017-12-11 05:15:11.056985 Finish.
Total elapsed time: 04:12:45.06.
