2017-12-10 19:13:23.757644: W tensorflow/core/platform/cpu_feature_guard.cc:45] The TensorFlow library wasn't compiled to use SSE4.1 instructions, but these are available on your machine and could speed up CPU computations.
2017-12-10 19:13:23.757808: W tensorflow/core/platform/cpu_feature_guard.cc:45] The TensorFlow library wasn't compiled to use SSE4.2 instructions, but these are available on your machine and could speed up CPU computations.
2017-12-10 19:13:23.757818: W tensorflow/core/platform/cpu_feature_guard.cc:45] The TensorFlow library wasn't compiled to use AVX instructions, but these are available on your machine and could speed up CPU computations.
2017-12-10 19:13:23.757822: W tensorflow/core/platform/cpu_feature_guard.cc:45] The TensorFlow library wasn't compiled to use AVX2 instructions, but these are available on your machine and could speed up CPU computations.
2017-12-10 19:13:23.757826: W tensorflow/core/platform/cpu_feature_guard.cc:45] The TensorFlow library wasn't compiled to use FMA instructions, but these are available on your machine and could speed up CPU computations.
Using TensorFlow backend.
2017-12-10 19:13:21.498584 Start.
Training dot-product context-aware convnet on BirdVox-70k. 
Training set: unit03, unit05, unit07.
Validation set: unit10, unit01.
Test set: unit02.

h5py version: 2.6.0
keras version: 2.0.6
numpy version: 1.13.1
pandas version: 0.20.3
pescador version: 1.0.0
tensorflow version: 1.2.1

____________________________________________________________________________________________________
Layer (type)                     Output Shape          Param #     Connected to                     
====================================================================================================
spec_input (InputLayer)          (None, 128, 104, 1)   0                                            
____________________________________________________________________________________________________
spec_bn (BatchNormalization)     (None, 128, 104, 1)   4           spec_input[0][0]                 
____________________________________________________________________________________________________
spec_conv1 (Conv2D)              (None, 128, 104, 24)  624         spec_bn[0][0]                    
____________________________________________________________________________________________________
spec_pool1 (MaxPooling2D)        (None, 64, 26, 24)    0           spec_conv1[0][0]                 
____________________________________________________________________________________________________
bg_input (InputLayer)            (None, 128, 9)        0                                            
____________________________________________________________________________________________________
spec_conv2 (Conv2D)              (None, 64, 26, 48)    28848       spec_pool1[0][0]                 
____________________________________________________________________________________________________
bg_pool (AveragePooling1D)       (None, 32, 9)         0           bg_input[0][0]                   
____________________________________________________________________________________________________
spec_pool2 (MaxPooling2D)        (None, 32, 6, 48)     0           spec_conv2[0][0]                 
____________________________________________________________________________________________________
bg_permute (Permute)             (None, 9, 32)         0           bg_pool[0][0]                    
____________________________________________________________________________________________________
spec_conv3 (Conv2D)              (None, 32, 6, 48)     57648       spec_pool2[0][0]                 
____________________________________________________________________________________________________
bg_conv (Conv1D)                 (None, 9, 8)          264         bg_permute[0][0]                 
____________________________________________________________________________________________________
spec_flatten (Flatten)           (None, 9216)          0           spec_conv3[0][0]                 
____________________________________________________________________________________________________
bg_flatten (Flatten)             (None, 72)            0           bg_conv[0][0]                    
____________________________________________________________________________________________________
spec_dense1 (Dense)              (None, 64)            589888      spec_flatten[0][0]               
____________________________________________________________________________________________________
bg_dense1 (Dense)                (None, 64)            4672        bg_flatten[0][0]                 
____________________________________________________________________________________________________
multiply (Dot)                   (None, 1)             0           spec_dense1[0][0]                
                                                                   bg_dense1[0][0]                  
____________________________________________________________________________________________________
prelu (PReLU)                    (None, 1)             1           multiply[0][0]                   
____________________________________________________________________________________________________
dense (Dense)                    (None, 1)             2           prelu[0][0]                      
====================================================================================================
Total params: 681,951
Trainable params: 681,949
Non-trainable params: 2
____________________________________________________________________________________________________
         acc      loss   val_acc  val_loss
0   0.493530  8.148859  0.505493  7.952933
1   0.502075  8.002594  0.493774  8.130228
2   0.497437  8.067501  0.503418  7.967919
3   0.508423  7.884237  0.496826  8.065336
4   0.508545  7.875041  0.495728  8.076017
5   0.489136  8.178029  0.499390  8.011583
6   0.492432  8.119802  0.496826  8.047133
7   0.507690  7.871568  0.503174  7.941303
8   0.502808  7.945101  0.505249  7.904225
9   0.498901  8.003679  0.495239  8.060399
10  0.498657  8.004439  0.498169  8.010826
11  0.508423  7.846131  0.507080  7.866382
12  0.507324  7.861488  0.507812  7.852761
13  0.499268  7.988179  0.497925  8.008832
14  0.496460  8.031546  0.510254  7.811045
15  0.500000  7.974022  0.495361  8.047518
16  0.492554  8.091903  0.499023  7.988418
17  0.498291  7.999817  0.500366  7.966483
18  0.504639  7.898170  0.495605  8.042002
19  0.506836  7.862822  0.498413  7.996978
20  0.497437  8.012451  0.495361  8.045451
21  0.496826  8.040070  0.492554  8.105507
22  0.505127  7.894356  0.500732  7.960753
23  0.496948  8.020453  0.504517  7.899452
24  0.494629  8.198145  0.500366  8.095649
25  0.510620  7.920350  0.496338  8.142505
26  0.502441  8.038800  0.504150  8.006787
27  0.496948  8.119759  0.495361  8.142690
28  0.500488  8.058174  0.505127  7.981799
29  0.499146  8.077058  0.499634  8.068202
30  0.497803  8.097009  0.491699  8.194782
31  0.495483  8.133358  0.494263  8.152667

2017-12-10 23:20:05.807706 Finish.
Total elapsed time: 04:06:44.81.
