2017-12-11 02:31:57.507167: W tensorflow/core/platform/cpu_feature_guard.cc:45] The TensorFlow library wasn't compiled to use SSE4.1 instructions, but these are available on your machine and could speed up CPU computations.
2017-12-11 02:31:57.507339: W tensorflow/core/platform/cpu_feature_guard.cc:45] The TensorFlow library wasn't compiled to use SSE4.2 instructions, but these are available on your machine and could speed up CPU computations.
2017-12-11 02:31:57.507348: W tensorflow/core/platform/cpu_feature_guard.cc:45] The TensorFlow library wasn't compiled to use AVX instructions, but these are available on your machine and could speed up CPU computations.
2017-12-11 02:31:57.507352: W tensorflow/core/platform/cpu_feature_guard.cc:45] The TensorFlow library wasn't compiled to use AVX2 instructions, but these are available on your machine and could speed up CPU computations.
2017-12-11 02:31:57.507356: W tensorflow/core/platform/cpu_feature_guard.cc:45] The TensorFlow library wasn't compiled to use FMA instructions, but these are available on your machine and could speed up CPU computations.
Using TensorFlow backend.
2017-12-11 02:31:54.659320 Start.
Training dot-product context-aware convnet on BirdVox-70k. 
Training set: unit07, unit10, unit01.
Validation set: unit02, unit03.
Test set: unit05.

h5py version: 2.6.0
keras version: 2.0.6
numpy version: 1.13.1
pandas version: 0.20.3
pescador version: 1.0.0
tensorflow version: 1.2.1

____________________________________________________________________________________________________
Layer (type)                     Output Shape          Param #     Connected to                     
====================================================================================================
spec_input (InputLayer)          (None, 128, 104, 1)   0                                            
____________________________________________________________________________________________________
spec_bn (BatchNormalization)     (None, 128, 104, 1)   4           spec_input[0][0]                 
____________________________________________________________________________________________________
spec_conv1 (Conv2D)              (None, 128, 104, 24)  624         spec_bn[0][0]                    
____________________________________________________________________________________________________
spec_pool1 (MaxPooling2D)        (None, 64, 26, 24)    0           spec_conv1[0][0]                 
____________________________________________________________________________________________________
bg_input (InputLayer)            (None, 128, 9)        0                                            
____________________________________________________________________________________________________
spec_conv2 (Conv2D)              (None, 64, 26, 48)    28848       spec_pool1[0][0]                 
____________________________________________________________________________________________________
bg_pool (AveragePooling1D)       (None, 32, 9)         0           bg_input[0][0]                   
____________________________________________________________________________________________________
spec_pool2 (MaxPooling2D)        (None, 32, 6, 48)     0           spec_conv2[0][0]                 
____________________________________________________________________________________________________
bg_permute (Permute)             (None, 9, 32)         0           bg_pool[0][0]                    
____________________________________________________________________________________________________
spec_conv3 (Conv2D)              (None, 32, 6, 48)     57648       spec_pool2[0][0]                 
____________________________________________________________________________________________________
bg_conv (Conv1D)                 (None, 9, 8)          264         bg_permute[0][0]                 
____________________________________________________________________________________________________
spec_flatten (Flatten)           (None, 9216)          0           spec_conv3[0][0]                 
____________________________________________________________________________________________________
bg_flatten (Flatten)             (None, 72)            0           bg_conv[0][0]                    
____________________________________________________________________________________________________
spec_dense1 (Dense)              (None, 64)            589888      spec_flatten[0][0]               
____________________________________________________________________________________________________
bg_dense1 (Dense)                (None, 64)            4672        bg_flatten[0][0]                 
____________________________________________________________________________________________________
dot (Dot)                        (None, 1)             0           spec_dense1[0][0]                
                                                                   bg_dense1[0][0]                  
____________________________________________________________________________________________________
dense (Dense)                    (None, 1)             2           dot[0][0]                        
====================================================================================================
Total params: 681,950
Trainable params: 681,948
Non-trainable params: 2
____________________________________________________________________________________________________
         acc      loss   val_acc  val_loss
0   0.499878  7.991669  0.501465  7.964231
1   0.498413  8.011105  0.486694  8.196282
2   0.500977  7.967201  0.496948  8.030129
3   0.502075  7.947293  0.505737  7.887882
4   0.494385  8.067989  0.492920  8.090518
5   0.500977  7.961369  0.506348  7.875078
6   0.500366  7.969868  0.484863  8.216488
7   0.498169  8.003906  0.492798  8.089106
8   0.492310  8.096524  0.506226  7.874328
9   0.498901  7.990802  0.505493  7.885441
10  0.492920  8.085658  0.498535  7.995924
11  0.497559  8.011312  0.494507  8.059797
12  0.499756  7.975975  0.496704  8.024498
13  0.489014  8.146994  0.491211  8.111866
14  0.503906  7.909391  0.489868  8.133117
15  0.512817  7.767191  0.499146  7.985098
16  0.500854  7.957808  0.500977  7.955821
17  0.484253  8.222404  0.499023  7.986897
18  0.495361  8.045257  0.503052  7.922632
19  0.492310  8.093872  0.495728  8.039367
20  0.498535  7.994595  0.498169  8.000424
21  0.502563  7.930357  0.492554  8.089929
22  0.500122  8.075459  0.489746  8.326014
23  0.498413  8.180454  0.506836  8.039436
24  0.498413  8.170857  0.503906  8.078249
25  0.493652  8.239932  0.495239  8.210904
26  0.498047  8.162484  0.493286  8.236127
27  0.501343  8.103365  0.498291  8.149691
28  0.505371  8.032844  0.490112  8.276083
29  0.493652  8.216424  0.504883  8.032827
30  0.508179  7.977208  0.502808  8.061298
31  0.493164  8.214334  0.494995  8.182432

2017-12-11 06:44:18.544399 Finish.
Total elapsed time: 04:12:24.54.
