2017-12-11 01:02:42.813124: W tensorflow/core/platform/cpu_feature_guard.cc:45] The TensorFlow library wasn't compiled to use SSE4.1 instructions, but these are available on your machine and could speed up CPU computations.
2017-12-11 01:02:42.816869: W tensorflow/core/platform/cpu_feature_guard.cc:45] The TensorFlow library wasn't compiled to use SSE4.2 instructions, but these are available on your machine and could speed up CPU computations.
2017-12-11 01:02:42.816884: W tensorflow/core/platform/cpu_feature_guard.cc:45] The TensorFlow library wasn't compiled to use AVX instructions, but these are available on your machine and could speed up CPU computations.
2017-12-11 01:02:42.816889: W tensorflow/core/platform/cpu_feature_guard.cc:45] The TensorFlow library wasn't compiled to use AVX2 instructions, but these are available on your machine and could speed up CPU computations.
2017-12-11 01:02:42.816893: W tensorflow/core/platform/cpu_feature_guard.cc:45] The TensorFlow library wasn't compiled to use FMA instructions, but these are available on your machine and could speed up CPU computations.
Using TensorFlow backend.
2017-12-11 01:02:40.317007 Start.
Training dot-product context-aware convnet on BirdVox-70k. 
Training set: unit01, unit02, unit03.
Validation set: unit05, unit07.
Test set: unit10.

h5py version: 2.6.0
keras version: 2.0.6
numpy version: 1.13.1
pandas version: 0.20.3
pescador version: 1.0.0
tensorflow version: 1.2.1

____________________________________________________________________________________________________
Layer (type)                     Output Shape          Param #     Connected to                     
====================================================================================================
spec_input (InputLayer)          (None, 128, 104, 1)   0                                            
____________________________________________________________________________________________________
spec_bn (BatchNormalization)     (None, 128, 104, 1)   4           spec_input[0][0]                 
____________________________________________________________________________________________________
spec_conv1 (Conv2D)              (None, 128, 104, 24)  624         spec_bn[0][0]                    
____________________________________________________________________________________________________
spec_pool1 (MaxPooling2D)        (None, 64, 26, 24)    0           spec_conv1[0][0]                 
____________________________________________________________________________________________________
bg_input (InputLayer)            (None, 128, 9)        0                                            
____________________________________________________________________________________________________
spec_conv2 (Conv2D)              (None, 64, 26, 48)    28848       spec_pool1[0][0]                 
____________________________________________________________________________________________________
bg_pool (AveragePooling1D)       (None, 32, 9)         0           bg_input[0][0]                   
____________________________________________________________________________________________________
spec_pool2 (MaxPooling2D)        (None, 32, 6, 48)     0           spec_conv2[0][0]                 
____________________________________________________________________________________________________
bg_permute (Permute)             (None, 9, 32)         0           bg_pool[0][0]                    
____________________________________________________________________________________________________
spec_conv3 (Conv2D)              (None, 32, 6, 48)     57648       spec_pool2[0][0]                 
____________________________________________________________________________________________________
bg_conv (Conv1D)                 (None, 9, 8)          264         bg_permute[0][0]                 
____________________________________________________________________________________________________
spec_flatten (Flatten)           (None, 9216)          0           spec_conv3[0][0]                 
____________________________________________________________________________________________________
bg_flatten (Flatten)             (None, 72)            0           bg_conv[0][0]                    
____________________________________________________________________________________________________
spec_dense1 (Dense)              (None, 64)            589888      spec_flatten[0][0]               
____________________________________________________________________________________________________
bg_dense1 (Dense)                (None, 64)            4672        bg_flatten[0][0]                 
____________________________________________________________________________________________________
dot (Dot)                        (None, 1)             0           spec_dense1[0][0]                
                                                                   bg_dense1[0][0]                  
____________________________________________________________________________________________________
dense (Dense)                    (None, 1)             2           dot[0][0]                        
====================================================================================================
Total params: 681,950
Trainable params: 681,948
Non-trainable params: 2
____________________________________________________________________________________________________
         acc      loss   val_acc  val_loss
0   0.490967  8.205430  0.496826  8.110662
1   0.504761  7.982601  0.494263  8.151686
2   0.497070  8.106370  0.501831  8.029592
3   0.500977  8.043342  0.504150  7.992170
4   0.499146  8.072832  0.489014  8.236132
5   0.499023  8.119822  0.505859  8.029351
6   0.501831  8.067998  0.499512  8.082767
7   0.507568  7.937447  0.500610  8.033330
8   0.505249  7.947608  0.493286  8.127762
9   0.505981  7.917051  0.493042  8.115870
10  0.493530  8.102220  0.504028  7.929604
11  0.495728  8.057841  0.501587  7.960776
12  0.515015  7.743886  0.493286  8.087791
13  0.502563  7.937983  0.491211  8.117294
14  0.507935  7.849423  0.503540  7.918387
15  0.502563  7.933149  0.502563  7.932453
16  0.498657  7.994227  0.487671  8.168947
17  0.504761  7.896195  0.495361  8.045791
18  0.509155  7.825711  0.500122  7.969578
19  0.505127  7.889695  0.507690  7.848750
20  0.499756  7.975197  0.515259  7.728005
21  0.496094  8.144625  0.496582  8.256865
22  0.486694  8.398589  0.502319  8.132435
23  0.491455  8.296924  0.502686  8.106294
24  0.502075  8.108149  0.495239  8.210867
25  0.502563  8.086325  0.504028  8.056550
26  0.500000  8.116001  0.503662  8.051734
27  0.496704  8.159183  0.502197  8.066134
28  0.501831  8.067984  0.498779  8.113286
29  0.498901  8.107835  0.502563  8.045475
30  0.494629  8.170394  0.495361  8.155755
31  0.500366  8.072581  0.501709  8.048561

2017-12-11 05:29:34.183338 Finish.
Total elapsed time: 04:26:54.18.
