2017-12-10 19:13:35.198595: W tensorflow/core/platform/cpu_feature_guard.cc:45] The TensorFlow library wasn't compiled to use SSE4.1 instructions, but these are available on your machine and could speed up CPU computations.
2017-12-10 19:13:35.198883: W tensorflow/core/platform/cpu_feature_guard.cc:45] The TensorFlow library wasn't compiled to use SSE4.2 instructions, but these are available on your machine and could speed up CPU computations.
2017-12-10 19:13:35.198892: W tensorflow/core/platform/cpu_feature_guard.cc:45] The TensorFlow library wasn't compiled to use AVX instructions, but these are available on your machine and could speed up CPU computations.
2017-12-10 19:13:35.198897: W tensorflow/core/platform/cpu_feature_guard.cc:45] The TensorFlow library wasn't compiled to use AVX2 instructions, but these are available on your machine and could speed up CPU computations.
2017-12-10 19:13:35.198901: W tensorflow/core/platform/cpu_feature_guard.cc:45] The TensorFlow library wasn't compiled to use FMA instructions, but these are available on your machine and could speed up CPU computations.
Using TensorFlow backend.
2017-12-10 19:13:33.247852 Start.
Training dot-product context-aware convnet on BirdVox-70k. 
Training set: unit01, unit02, unit03.
Validation set: unit05, unit07.
Test set: unit10.

h5py version: 2.6.0
keras version: 2.0.6
numpy version: 1.13.1
pandas version: 0.20.3
pescador version: 1.0.0
tensorflow version: 1.2.1

____________________________________________________________________________________________________
Layer (type)                     Output Shape          Param #     Connected to                     
====================================================================================================
spec_input (InputLayer)          (None, 128, 104, 1)   0                                            
____________________________________________________________________________________________________
spec_bn (BatchNormalization)     (None, 128, 104, 1)   4           spec_input[0][0]                 
____________________________________________________________________________________________________
spec_conv1 (Conv2D)              (None, 128, 104, 24)  624         spec_bn[0][0]                    
____________________________________________________________________________________________________
spec_pool1 (MaxPooling2D)        (None, 64, 26, 24)    0           spec_conv1[0][0]                 
____________________________________________________________________________________________________
bg_input (InputLayer)            (None, 128, 9)        0                                            
____________________________________________________________________________________________________
spec_conv2 (Conv2D)              (None, 64, 26, 48)    28848       spec_pool1[0][0]                 
____________________________________________________________________________________________________
bg_pool (AveragePooling1D)       (None, 32, 9)         0           bg_input[0][0]                   
____________________________________________________________________________________________________
spec_pool2 (MaxPooling2D)        (None, 32, 6, 48)     0           spec_conv2[0][0]                 
____________________________________________________________________________________________________
bg_permute (Permute)             (None, 9, 32)         0           bg_pool[0][0]                    
____________________________________________________________________________________________________
spec_conv3 (Conv2D)              (None, 32, 6, 48)     57648       spec_pool2[0][0]                 
____________________________________________________________________________________________________
bg_conv (Conv1D)                 (None, 9, 8)          264         bg_permute[0][0]                 
____________________________________________________________________________________________________
spec_flatten (Flatten)           (None, 9216)          0           spec_conv3[0][0]                 
____________________________________________________________________________________________________
bg_flatten (Flatten)             (None, 72)            0           bg_conv[0][0]                    
____________________________________________________________________________________________________
spec_dense1 (Dense)              (None, 64)            589888      spec_flatten[0][0]               
____________________________________________________________________________________________________
bg_dense1 (Dense)                (None, 64)            4672        bg_flatten[0][0]                 
____________________________________________________________________________________________________
multiply (Dot)                   (None, 1)             0           spec_dense1[0][0]                
                                                                   bg_dense1[0][0]                  
____________________________________________________________________________________________________
prelu (PReLU)                    (None, 1)             1           multiply[0][0]                   
____________________________________________________________________________________________________
dense (Dense)                    (None, 1)             2           prelu[0][0]                      
====================================================================================================
Total params: 681,951
Trainable params: 681,949
Non-trainable params: 2
____________________________________________________________________________________________________
         acc      loss   val_acc  val_loss
0   0.509155  0.711922  0.521973  0.706020
1   0.515869  5.098439  0.505859  7.930185
2   0.501099  8.045949  0.501343  8.121124
3   0.497925  8.159065  0.494263  8.204733
4   0.495972  8.168206  0.505371  8.008977
5   0.515015  7.847776  0.496582  8.139774
6   0.504150  8.013835  0.509277  7.927659
7   0.495483  8.147201  0.510376  7.904647
8   0.511963  7.877072  0.508057  7.938232
9   0.499756  8.070591  0.506348  7.963051
10  0.497437  8.105656  0.501709  8.035869
11  0.489746  8.227962  0.500854  8.048264
12  0.500610  8.051689  0.495850  8.127969
13  0.502563  8.019401  0.495728  8.129270
14  0.494629  8.146737  0.497314  8.103238
15  0.509033  7.914191  0.503906  7.996684
16  0.499756  8.062940  0.502319  8.027453
17  0.511719  7.873636  0.502075  8.027763
18  0.498047  8.092090  0.497314  8.103437
19  0.501343  8.038231  0.496704  8.112773
20  0.496948  8.108692  0.506348  7.957071
21  0.498047  8.090782  0.506714  7.951019
22  0.501343  8.037544  0.506592  7.952902
23  0.502808  8.013869  0.496826  8.110257
24  0.501831  8.029574  0.500610  8.049237
25  0.500244  8.055132  0.505737  7.966587
26  0.498657  8.080700  0.497437  8.100372
27  0.500366  8.053149  0.490112  8.218421
28  0.503906  7.996088  0.505981  7.962639
29  0.495850  8.125945  0.490967  8.204646
30  0.494629  8.145620  0.502808  8.013794
31  0.502075  8.025600  0.495239  8.134568

2017-12-10 23:25:45.004868 Finish.
Total elapsed time: 04:12:12.00.
