2017-12-11 01:02:42.995270: W tensorflow/core/platform/cpu_feature_guard.cc:45] The TensorFlow library wasn't compiled to use SSE4.1 instructions, but these are available on your machine and could speed up CPU computations.
2017-12-11 01:02:42.995468: W tensorflow/core/platform/cpu_feature_guard.cc:45] The TensorFlow library wasn't compiled to use SSE4.2 instructions, but these are available on your machine and could speed up CPU computations.
2017-12-11 01:02:42.995478: W tensorflow/core/platform/cpu_feature_guard.cc:45] The TensorFlow library wasn't compiled to use AVX instructions, but these are available on your machine and could speed up CPU computations.
2017-12-11 01:02:42.995483: W tensorflow/core/platform/cpu_feature_guard.cc:45] The TensorFlow library wasn't compiled to use AVX2 instructions, but these are available on your machine and could speed up CPU computations.
2017-12-11 01:02:42.995487: W tensorflow/core/platform/cpu_feature_guard.cc:45] The TensorFlow library wasn't compiled to use FMA instructions, but these are available on your machine and could speed up CPU computations.
Using TensorFlow backend.
2017-12-11 01:02:40.314865 Start.
Training dot-product context-aware convnet on BirdVox-70k. 
Training set: unit05, unit07, unit10.
Validation set: unit01, unit02.
Test set: unit03.

h5py version: 2.6.0
keras version: 2.0.6
numpy version: 1.13.1
pandas version: 0.20.3
pescador version: 1.0.0
tensorflow version: 1.2.1

____________________________________________________________________________________________________
Layer (type)                     Output Shape          Param #     Connected to                     
====================================================================================================
spec_input (InputLayer)          (None, 128, 104, 1)   0                                            
____________________________________________________________________________________________________
spec_bn (BatchNormalization)     (None, 128, 104, 1)   4           spec_input[0][0]                 
____________________________________________________________________________________________________
spec_conv1 (Conv2D)              (None, 128, 104, 24)  624         spec_bn[0][0]                    
____________________________________________________________________________________________________
spec_pool1 (MaxPooling2D)        (None, 64, 26, 24)    0           spec_conv1[0][0]                 
____________________________________________________________________________________________________
bg_input (InputLayer)            (None, 128, 9)        0                                            
____________________________________________________________________________________________________
spec_conv2 (Conv2D)              (None, 64, 26, 48)    28848       spec_pool1[0][0]                 
____________________________________________________________________________________________________
bg_pool (AveragePooling1D)       (None, 32, 9)         0           bg_input[0][0]                   
____________________________________________________________________________________________________
spec_pool2 (MaxPooling2D)        (None, 32, 6, 48)     0           spec_conv2[0][0]                 
____________________________________________________________________________________________________
bg_permute (Permute)             (None, 9, 32)         0           bg_pool[0][0]                    
____________________________________________________________________________________________________
spec_conv3 (Conv2D)              (None, 32, 6, 48)     57648       spec_pool2[0][0]                 
____________________________________________________________________________________________________
bg_conv (Conv1D)                 (None, 9, 8)          264         bg_permute[0][0]                 
____________________________________________________________________________________________________
spec_flatten (Flatten)           (None, 9216)          0           spec_conv3[0][0]                 
____________________________________________________________________________________________________
bg_flatten (Flatten)             (None, 72)            0           bg_conv[0][0]                    
____________________________________________________________________________________________________
spec_dense1 (Dense)              (None, 64)            589888      spec_flatten[0][0]               
____________________________________________________________________________________________________
bg_dense1 (Dense)                (None, 64)            4672        bg_flatten[0][0]                 
____________________________________________________________________________________________________
dot (Dot)                        (None, 1)             0           spec_dense1[0][0]                
                                                                   bg_dense1[0][0]                  
____________________________________________________________________________________________________
dense (Dense)                    (None, 1)             2           dot[0][0]                        
====================================================================================================
Total params: 681,950
Trainable params: 681,948
Non-trainable params: 2
____________________________________________________________________________________________________
         acc      loss   val_acc  val_loss
0   0.496582  8.115458  0.499878  8.061985
1   0.492065  8.187676  0.504272  7.990730
2   0.492676  8.177516  0.499268  8.071161
3   0.502808  8.014028  0.492065  8.187110
4   0.503174  8.008021  0.491577  8.194903
5   0.494507  8.147658  0.492676  8.177151
6   0.494873  8.197784  0.504517  8.022388
7   0.498047  8.104908  0.494141  8.158264
8   0.495605  8.132317  0.502319  8.022740
9   0.498047  8.091120  0.488281  8.248216
10  0.504883  7.980507  0.498047  8.090609
11  0.496216  8.120087  0.498657  8.080714
12  0.500854  8.045288  0.496094  8.122016
13  0.493286  8.167266  0.491455  8.196778
14  0.510254  7.938409  0.504761  8.105919
15  0.494385  8.264675  0.503662  8.110799
16  0.498291  8.191444  0.501831  8.130273
17  0.497070  8.201845  0.506958  8.039971
18  0.494385  8.236370  0.500977  8.127254
19  0.499512  8.146686  0.491211  8.275094
20  0.494995  8.210904  0.495605  8.197293
21  0.505981  8.028036  0.501465  8.096173
22  0.502686  8.072868  0.507568  7.991144
23  0.508789  7.967817  0.502808  8.059269
24  0.503296  8.047585  0.499146  8.109811
25  0.500122  8.090309  0.502197  8.053250
26  0.495483  8.156322  0.499512  8.088101
27  0.491455  8.212565  0.500977  8.056760
28  0.502808  8.023595  0.502563  8.023489
29  0.505737  7.968947  0.506104  7.959149
30  0.499878  8.054514  0.504517  7.976672
31  0.504272  7.976765  0.497803  8.076116

2017-12-11 05:27:45.195735 Finish.
Total elapsed time: 04:25:05.20.
