2017-12-10 19:13:35.627103: W tensorflow/core/platform/cpu_feature_guard.cc:45] The TensorFlow library wasn't compiled to use SSE4.1 instructions, but these are available on your machine and could speed up CPU computations.
2017-12-10 19:13:35.627305: W tensorflow/core/platform/cpu_feature_guard.cc:45] The TensorFlow library wasn't compiled to use SSE4.2 instructions, but these are available on your machine and could speed up CPU computations.
2017-12-10 19:13:35.627315: W tensorflow/core/platform/cpu_feature_guard.cc:45] The TensorFlow library wasn't compiled to use AVX instructions, but these are available on your machine and could speed up CPU computations.
2017-12-10 19:13:35.627320: W tensorflow/core/platform/cpu_feature_guard.cc:45] The TensorFlow library wasn't compiled to use AVX2 instructions, but these are available on your machine and could speed up CPU computations.
2017-12-10 19:13:35.627324: W tensorflow/core/platform/cpu_feature_guard.cc:45] The TensorFlow library wasn't compiled to use FMA instructions, but these are available on your machine and could speed up CPU computations.
Using TensorFlow backend.
2017-12-10 19:13:33.247950 Start.
Training dot-product context-aware convnet on BirdVox-70k. 
Training set: unit03, unit05, unit07.
Validation set: unit10, unit01.
Test set: unit02.

h5py version: 2.6.0
keras version: 2.0.6
numpy version: 1.13.1
pandas version: 0.20.3
pescador version: 1.0.0
tensorflow version: 1.2.1

____________________________________________________________________________________________________
Layer (type)                     Output Shape          Param #     Connected to                     
====================================================================================================
spec_input (InputLayer)          (None, 128, 104, 1)   0                                            
____________________________________________________________________________________________________
spec_bn (BatchNormalization)     (None, 128, 104, 1)   4           spec_input[0][0]                 
____________________________________________________________________________________________________
spec_conv1 (Conv2D)              (None, 128, 104, 24)  624         spec_bn[0][0]                    
____________________________________________________________________________________________________
spec_pool1 (MaxPooling2D)        (None, 64, 26, 24)    0           spec_conv1[0][0]                 
____________________________________________________________________________________________________
bg_input (InputLayer)            (None, 128, 9)        0                                            
____________________________________________________________________________________________________
spec_conv2 (Conv2D)              (None, 64, 26, 48)    28848       spec_pool1[0][0]                 
____________________________________________________________________________________________________
bg_pool (AveragePooling1D)       (None, 32, 9)         0           bg_input[0][0]                   
____________________________________________________________________________________________________
spec_pool2 (MaxPooling2D)        (None, 32, 6, 48)     0           spec_conv2[0][0]                 
____________________________________________________________________________________________________
bg_permute (Permute)             (None, 9, 32)         0           bg_pool[0][0]                    
____________________________________________________________________________________________________
spec_conv3 (Conv2D)              (None, 32, 6, 48)     57648       spec_pool2[0][0]                 
____________________________________________________________________________________________________
bg_conv (Conv1D)                 (None, 9, 8)          264         bg_permute[0][0]                 
____________________________________________________________________________________________________
spec_flatten (Flatten)           (None, 9216)          0           spec_conv3[0][0]                 
____________________________________________________________________________________________________
bg_flatten (Flatten)             (None, 72)            0           bg_conv[0][0]                    
____________________________________________________________________________________________________
spec_dense1 (Dense)              (None, 64)            589888      spec_flatten[0][0]               
____________________________________________________________________________________________________
bg_dense1 (Dense)                (None, 64)            4672        bg_flatten[0][0]                 
____________________________________________________________________________________________________
multiply (Dot)                   (None, 1)             0           spec_dense1[0][0]                
                                                                   bg_dense1[0][0]                  
____________________________________________________________________________________________________
prelu (PReLU)                    (None, 1)             1           multiply[0][0]                   
____________________________________________________________________________________________________
dense (Dense)                    (None, 1)             2           prelu[0][0]                      
====================================================================================================
Total params: 681,951
Trainable params: 681,949
Non-trainable params: 2
____________________________________________________________________________________________________
         acc      loss   val_acc  val_loss
0   0.503296  8.155548  0.494995  8.309071
1   0.496216  8.278867  0.493896  8.306375
2   0.505371  8.112675  0.493286  8.299038
3   0.501831  8.153594  0.490112  8.334970
4   0.492310  8.292575  0.499023  8.177536
5   0.499512  8.163281  0.506104  8.050782
6   0.501099  8.125593  0.498413  8.163142
7   0.493408  8.238444  0.499756  8.130883
8   0.500732  8.110248  0.499512  8.125146
9   0.499023  8.128581  0.501831  8.079011
10  0.494385  8.195046  0.504150  8.033774
11  0.503296  8.043999  0.492798  8.209775
12  0.502686  8.047277  0.508301  7.953757
13  0.510620  7.913649  0.511353  7.899229
14  0.488403  8.266782  0.496582  8.132715
15  0.499268  8.087438  0.483032  8.347226
16  0.501831  8.042558  0.495117  8.149194
17  0.503906  8.006157  0.503784  8.006830
18  0.496216  8.127703  0.494507  8.154205
19  0.499878  8.066745  0.501953  8.032470
20  0.496216  8.124249  0.495728  8.131477
21  0.493042  8.174230  0.493042  8.173741
22  0.498657  8.082833  0.494629  8.147397
23  0.501831  8.031017  0.494629  8.146836
24  0.494263  8.152526  0.492554  8.179881
25  0.495605  8.130545  0.499878  8.061547
26  0.498657  8.081122  0.494873  8.142023
27  0.499512  8.067188  0.506592  7.953011
28  0.496338  8.118239  0.495117  8.137876
29  0.506714  7.992229  0.494629  8.319401
30  0.491699  8.339997  0.499634  8.192606
31  0.502563  8.132380  0.505615  8.071763

2017-12-10 23:27:53.334667 Finish.
Total elapsed time: 04:14:20.33.
