2017-12-10 15:57:25.981657: W tensorflow/core/platform/cpu_feature_guard.cc:45] The TensorFlow library wasn't compiled to use SSE4.1 instructions, but these are available on your machine and could speed up CPU computations.
2017-12-10 15:57:25.981946: W tensorflow/core/platform/cpu_feature_guard.cc:45] The TensorFlow library wasn't compiled to use SSE4.2 instructions, but these are available on your machine and could speed up CPU computations.
2017-12-10 15:57:25.981960: W tensorflow/core/platform/cpu_feature_guard.cc:45] The TensorFlow library wasn't compiled to use AVX instructions, but these are available on your machine and could speed up CPU computations.
Using TensorFlow backend.
2017-12-10 15:57:23.105567 Start.
Training dot-product context-aware convnet on BirdVox-70k. 
Training set: unit02, unit03, unit05.
Validation set: unit07, unit10.
Test set: unit01.

h5py version: 2.6.0
keras version: 2.0.6
numpy version: 1.13.1
pandas version: 0.20.3
pescador version: 1.0.0
tensorflow version: 1.2.1

____________________________________________________________________________________________________
Layer (type)                     Output Shape          Param #     Connected to                     
====================================================================================================
spec_input (InputLayer)          (None, 128, 104, 1)   0                                            
____________________________________________________________________________________________________
spec_bn (BatchNormalization)     (None, 128, 104, 1)   4           spec_input[0][0]                 
____________________________________________________________________________________________________
spec_conv1 (Conv2D)              (None, 128, 104, 24)  624         spec_bn[0][0]                    
____________________________________________________________________________________________________
spec_pool1 (MaxPooling2D)        (None, 64, 26, 24)    0           spec_conv1[0][0]                 
____________________________________________________________________________________________________
bg_input (InputLayer)            (None, 128, 9)        0                                            
____________________________________________________________________________________________________
spec_conv2 (Conv2D)              (None, 64, 26, 48)    28848       spec_pool1[0][0]                 
____________________________________________________________________________________________________
bg_pool (AveragePooling1D)       (None, 32, 9)         0           bg_input[0][0]                   
____________________________________________________________________________________________________
spec_pool2 (MaxPooling2D)        (None, 32, 6, 48)     0           spec_conv2[0][0]                 
____________________________________________________________________________________________________
bg_permute (Permute)             (None, 9, 32)         0           bg_pool[0][0]                    
____________________________________________________________________________________________________
spec_conv3 (Conv2D)              (None, 32, 6, 48)     57648       spec_pool2[0][0]                 
____________________________________________________________________________________________________
bg_conv (Conv1D)                 (None, 9, 8)          264         bg_permute[0][0]                 
____________________________________________________________________________________________________
spec_flatten (Flatten)           (None, 9216)          0           spec_conv3[0][0]                 
____________________________________________________________________________________________________
bg_flatten (Flatten)             (None, 72)            0           bg_conv[0][0]                    
____________________________________________________________________________________________________
spec_dense1 (Dense)              (None, 64)            589888      spec_flatten[0][0]               
____________________________________________________________________________________________________
bg_dense1 (Dense)                (None, 64)            4672        bg_flatten[0][0]                 
____________________________________________________________________________________________________
multiply (Dot)                   (None, 1)             0           spec_dense1[0][0]                
                                                                   bg_dense1[0][0]                  
____________________________________________________________________________________________________
prelu (PReLU)                    (None, 1)             1           multiply[0][0]                   
____________________________________________________________________________________________________
dense (Dense)                    (None, 1)             2           prelu[0][0]                      
====================================================================================================
Total params: 681,951
Trainable params: 681,949
Non-trainable params: 2
____________________________________________________________________________________________________
         acc      loss   val_acc  val_loss
0   0.498779  8.117987  0.500732  8.083598
1   0.500244  8.088838  0.496460  8.147298
2   0.500244  8.084009  0.500732  8.073925
3   0.498047  8.115202  0.494141  8.176226
4   0.483398  8.347611  0.506348  7.976017
5   0.503784  8.015796  0.491089  8.218937
6   0.506348  7.971650  0.497681  8.110051
7   0.500244  8.067564  0.485107  8.310415
8   0.503662  8.010335  0.492554  8.188410
9   0.500488  8.059649  0.500732  8.054880
10  0.498779  8.085616  0.505005  7.984561
11  0.504272  7.995736  0.496826  8.115157
12  0.495850  8.130369  0.500000  8.062972
13  0.502441  8.023184  0.494263  8.154596
14  0.500854  8.047990  0.491333  8.201121
15  0.494385  8.151642  0.502197  8.025448
16  0.496948  8.109820  0.489380  8.231591
17  0.506836  7.950050  0.498535  8.083674
18  0.497437  8.101240  0.495972  8.124719
19  0.496582  8.114773  0.502686  8.016296
20  0.496338  8.118526  0.497314  8.102710
21  0.507568  7.937376  0.505493  7.970770
22  0.499146  8.073037  0.493164  8.169407
23  0.501709  8.031647  0.491577  8.194925
24  0.504639  7.989955  0.501221  8.134361
25  0.497559  8.093378  0.510132  7.843925
26  0.498901  8.007960  0.503052  7.932192
27  0.494751  8.060526  0.499146  7.987775
28  0.496216  8.033283  0.499756  7.976025
29  0.498535  7.995110  0.493530  8.074640
30  0.501465  7.948024  0.491211  8.111412
31  0.498779  7.990715  0.495728  8.039340

2017-12-10 20:09:47.883223 Finish.
Total elapsed time: 04:12:24.88.
