2017-12-10 19:13:35.448803: W tensorflow/core/platform/cpu_feature_guard.cc:45] The TensorFlow library wasn't compiled to use SSE4.1 instructions, but these are available on your machine and could speed up CPU computations.
2017-12-10 19:13:35.448999: W tensorflow/core/platform/cpu_feature_guard.cc:45] The TensorFlow library wasn't compiled to use SSE4.2 instructions, but these are available on your machine and could speed up CPU computations.
2017-12-10 19:13:35.449010: W tensorflow/core/platform/cpu_feature_guard.cc:45] The TensorFlow library wasn't compiled to use AVX instructions, but these are available on your machine and could speed up CPU computations.
2017-12-10 19:13:35.449015: W tensorflow/core/platform/cpu_feature_guard.cc:45] The TensorFlow library wasn't compiled to use AVX2 instructions, but these are available on your machine and could speed up CPU computations.
2017-12-10 19:13:35.449019: W tensorflow/core/platform/cpu_feature_guard.cc:45] The TensorFlow library wasn't compiled to use FMA instructions, but these are available on your machine and could speed up CPU computations.
Using TensorFlow backend.
2017-12-10 19:13:33.246608 Start.
Training dot-product context-aware convnet on BirdVox-70k. 
Training set: unit05, unit07, unit10.
Validation set: unit01, unit02.
Test set: unit03.

h5py version: 2.6.0
keras version: 2.0.6
numpy version: 1.13.1
pandas version: 0.20.3
pescador version: 1.0.0
tensorflow version: 1.2.1

____________________________________________________________________________________________________
Layer (type)                     Output Shape          Param #     Connected to                     
====================================================================================================
spec_input (InputLayer)          (None, 128, 104, 1)   0                                            
____________________________________________________________________________________________________
spec_bn (BatchNormalization)     (None, 128, 104, 1)   4           spec_input[0][0]                 
____________________________________________________________________________________________________
spec_conv1 (Conv2D)              (None, 128, 104, 24)  624         spec_bn[0][0]                    
____________________________________________________________________________________________________
spec_pool1 (MaxPooling2D)        (None, 64, 26, 24)    0           spec_conv1[0][0]                 
____________________________________________________________________________________________________
bg_input (InputLayer)            (None, 128, 9)        0                                            
____________________________________________________________________________________________________
spec_conv2 (Conv2D)              (None, 64, 26, 48)    28848       spec_pool1[0][0]                 
____________________________________________________________________________________________________
bg_pool (AveragePooling1D)       (None, 32, 9)         0           bg_input[0][0]                   
____________________________________________________________________________________________________
spec_pool2 (MaxPooling2D)        (None, 32, 6, 48)     0           spec_conv2[0][0]                 
____________________________________________________________________________________________________
bg_permute (Permute)             (None, 9, 32)         0           bg_pool[0][0]                    
____________________________________________________________________________________________________
spec_conv3 (Conv2D)              (None, 32, 6, 48)     57648       spec_pool2[0][0]                 
____________________________________________________________________________________________________
bg_conv (Conv1D)                 (None, 9, 8)          264         bg_permute[0][0]                 
____________________________________________________________________________________________________
spec_flatten (Flatten)           (None, 9216)          0           spec_conv3[0][0]                 
____________________________________________________________________________________________________
bg_flatten (Flatten)             (None, 72)            0           bg_conv[0][0]                    
____________________________________________________________________________________________________
spec_dense1 (Dense)              (None, 64)            589888      spec_flatten[0][0]               
____________________________________________________________________________________________________
bg_dense1 (Dense)                (None, 64)            4672        bg_flatten[0][0]                 
____________________________________________________________________________________________________
multiply (Dot)                   (None, 1)             0           spec_dense1[0][0]                
                                                                   bg_dense1[0][0]                  
____________________________________________________________________________________________________
prelu (PReLU)                    (None, 1)             1           multiply[0][0]                   
____________________________________________________________________________________________________
dense (Dense)                    (None, 1)             2           prelu[0][0]                      
====================================================================================================
Total params: 681,951
Trainable params: 681,949
Non-trainable params: 2
____________________________________________________________________________________________________
         acc      loss   val_acc  val_loss
0   0.494385  0.741961  0.498169  0.736179
1   0.498047  4.574847  0.493408  8.235659
2   0.495239  8.198430  0.502441  8.075520
3   0.498291  8.136846  0.486938  8.314644
4   0.498901  8.117384  0.503662  8.036470
5   0.497803  8.127283  0.503906  8.025481
6   0.497681  8.122841  0.496704  8.135763
7   0.505859  7.985744  0.502686  8.034585
8   0.497192  8.121115  0.503052  8.024779
9   0.491333  8.212025  0.497803  8.106206
10  0.500977  8.053725  0.494751  8.152826
11  0.497070  8.114379  0.498901  8.083870
12  0.512939  7.856756  0.495361  8.139291
13  0.495850  8.130752  0.500732  8.051429
14  0.503418  8.007620  0.506470  7.957946
15  0.499023  8.077561  0.504150  7.994549
16  0.497559  8.100483  0.497681  8.098228
17  0.504150  7.993709  0.505371  7.973814
18  0.495117  8.138905  0.492676  8.178089
19  0.491821  8.191725  0.490723  8.209306
20  0.505981  7.963260  0.495850  8.126472
21  0.498901  8.163859  0.506104  8.109931
22  0.503296  8.140341  0.499756  8.183483
23  0.496582  8.222382  0.500122  8.154703
24  0.501221  8.126936  0.498657  8.157861
25  0.498901  8.144789  0.509888  7.960703
26  0.495972  8.174266  0.500366  8.096119
27  0.503418  8.039949  0.494019  8.182462
28  0.496338  8.138668  0.502197  8.038605
29  0.494751  8.151144  0.493652  8.162643
30  0.495972  8.120095  0.501099  8.032936
31  0.498169  8.074633  0.498413  8.065873

2017-12-10 23:20:40.547900 Finish.
Total elapsed time: 04:07:07.55.
