2017-12-11 01:02:42.453006: W tensorflow/core/platform/cpu_feature_guard.cc:45] The TensorFlow library wasn't compiled to use SSE4.1 instructions, but these are available on your machine and could speed up CPU computations.
2017-12-11 01:02:42.453240: W tensorflow/core/platform/cpu_feature_guard.cc:45] The TensorFlow library wasn't compiled to use SSE4.2 instructions, but these are available on your machine and could speed up CPU computations.
2017-12-11 01:02:42.453253: W tensorflow/core/platform/cpu_feature_guard.cc:45] The TensorFlow library wasn't compiled to use AVX instructions, but these are available on your machine and could speed up CPU computations.
2017-12-11 01:02:42.453259: W tensorflow/core/platform/cpu_feature_guard.cc:45] The TensorFlow library wasn't compiled to use AVX2 instructions, but these are available on your machine and could speed up CPU computations.
2017-12-11 01:02:42.453266: W tensorflow/core/platform/cpu_feature_guard.cc:45] The TensorFlow library wasn't compiled to use FMA instructions, but these are available on your machine and could speed up CPU computations.
Using TensorFlow backend.
2017-12-11 01:02:40.317024 Start.
Training dot-product context-aware convnet on BirdVox-70k. 
Training set: unit10, unit01, unit02.
Validation set: unit03, unit05.
Test set: unit07.

h5py version: 2.6.0
keras version: 2.0.6
numpy version: 1.13.1
pandas version: 0.20.3
pescador version: 1.0.0
tensorflow version: 1.2.1

____________________________________________________________________________________________________
Layer (type)                     Output Shape          Param #     Connected to                     
====================================================================================================
spec_input (InputLayer)          (None, 128, 104, 1)   0                                            
____________________________________________________________________________________________________
spec_bn (BatchNormalization)     (None, 128, 104, 1)   4           spec_input[0][0]                 
____________________________________________________________________________________________________
spec_conv1 (Conv2D)              (None, 128, 104, 24)  624         spec_bn[0][0]                    
____________________________________________________________________________________________________
spec_pool1 (MaxPooling2D)        (None, 64, 26, 24)    0           spec_conv1[0][0]                 
____________________________________________________________________________________________________
bg_input (InputLayer)            (None, 128, 9)        0                                            
____________________________________________________________________________________________________
spec_conv2 (Conv2D)              (None, 64, 26, 48)    28848       spec_pool1[0][0]                 
____________________________________________________________________________________________________
bg_pool (AveragePooling1D)       (None, 32, 9)         0           bg_input[0][0]                   
____________________________________________________________________________________________________
spec_pool2 (MaxPooling2D)        (None, 32, 6, 48)     0           spec_conv2[0][0]                 
____________________________________________________________________________________________________
bg_permute (Permute)             (None, 9, 32)         0           bg_pool[0][0]                    
____________________________________________________________________________________________________
spec_conv3 (Conv2D)              (None, 32, 6, 48)     57648       spec_pool2[0][0]                 
____________________________________________________________________________________________________
bg_conv (Conv1D)                 (None, 9, 8)          264         bg_permute[0][0]                 
____________________________________________________________________________________________________
spec_flatten (Flatten)           (None, 9216)          0           spec_conv3[0][0]                 
____________________________________________________________________________________________________
bg_flatten (Flatten)             (None, 72)            0           bg_conv[0][0]                    
____________________________________________________________________________________________________
spec_dense1 (Dense)              (None, 64)            589888      spec_flatten[0][0]               
____________________________________________________________________________________________________
bg_dense1 (Dense)                (None, 64)            4672        bg_flatten[0][0]                 
____________________________________________________________________________________________________
dot (Dot)                        (None, 1)             0           spec_dense1[0][0]                
                                                                   bg_dense1[0][0]                  
____________________________________________________________________________________________________
dense (Dense)                    (None, 1)             2           dot[0][0]                        
====================================================================================================
Total params: 681,950
Trainable params: 681,948
Non-trainable params: 2
____________________________________________________________________________________________________
         acc      loss   val_acc  val_loss
0   0.494995  8.147223  0.500488  8.057580
1   0.497559  8.103937  0.493408  8.170055
2   0.493774  8.163529  0.490356  8.218054
3   0.503784  8.001164  0.500366  8.055834
4   0.503296  8.008266  0.500610  8.051235
5   0.495239  8.137543  0.504517  7.987768
6   0.498901  8.078074  0.489746  8.225455
7   0.498535  8.083639  0.507568  7.937899
8   0.491943  8.189628  0.499634  8.065566
9   0.508179  7.927749  0.502197  8.024077
10  0.495239  8.136161  0.496704  8.112490
11  0.498413  8.084895  0.503052  8.010083
12  0.504517  7.986437  0.497437  8.100521
13  0.500122  8.057209  0.491089  8.202784
14  0.505493  7.970596  0.503540  8.002060
15  0.502075  8.025657  0.499390  8.068932
16  0.503296  8.106845  0.503906  8.187698
17  0.492554  8.328091  0.509888  8.015457
18  0.509644  7.997575  0.499268  8.146347
19  0.500366  8.115312  0.494995  8.190284
20  0.497314  8.144192  0.492798  8.209309
21  0.504028  8.022416  0.494141  8.176567
22  0.494141  8.172539  0.502319  8.037130
23  0.499268  8.083549  0.499146  8.083054
24  0.502563  8.026069  0.500366  8.059805
25  0.502075  8.030977  0.502075  8.029846
26  0.505249  7.977836  0.502686  8.018405
27  0.491821  8.192960  0.491089  8.204280
28  0.499023  8.076035  0.498901  8.077697
29  0.490356  8.215206  0.504150  7.992686
30  0.504150  7.992555  0.500977  8.043600
31  0.495728  8.128129  0.507080  7.945084

2017-12-11 05:29:32.927468 Finish.
Total elapsed time: 04:26:52.93.
