2017-12-10 19:13:35.350279: W tensorflow/core/platform/cpu_feature_guard.cc:45] The TensorFlow library wasn't compiled to use SSE4.1 instructions, but these are available on your machine and could speed up CPU computations.
2017-12-10 19:13:35.350491: W tensorflow/core/platform/cpu_feature_guard.cc:45] The TensorFlow library wasn't compiled to use SSE4.2 instructions, but these are available on your machine and could speed up CPU computations.
2017-12-10 19:13:35.350502: W tensorflow/core/platform/cpu_feature_guard.cc:45] The TensorFlow library wasn't compiled to use AVX instructions, but these are available on your machine and could speed up CPU computations.
2017-12-10 19:13:35.350506: W tensorflow/core/platform/cpu_feature_guard.cc:45] The TensorFlow library wasn't compiled to use AVX2 instructions, but these are available on your machine and could speed up CPU computations.
2017-12-10 19:13:35.350511: W tensorflow/core/platform/cpu_feature_guard.cc:45] The TensorFlow library wasn't compiled to use FMA instructions, but these are available on your machine and could speed up CPU computations.
Using TensorFlow backend.
2017-12-10 19:13:33.247282 Start.
Training dot-product context-aware convnet on BirdVox-70k. 
Training set: unit01, unit02, unit03.
Validation set: unit05, unit07.
Test set: unit10.

h5py version: 2.6.0
keras version: 2.0.6
numpy version: 1.13.1
pandas version: 0.20.3
pescador version: 1.0.0
tensorflow version: 1.2.1

____________________________________________________________________________________________________
Layer (type)                     Output Shape          Param #     Connected to                     
====================================================================================================
spec_input (InputLayer)          (None, 128, 104, 1)   0                                            
____________________________________________________________________________________________________
spec_bn (BatchNormalization)     (None, 128, 104, 1)   4           spec_input[0][0]                 
____________________________________________________________________________________________________
spec_conv1 (Conv2D)              (None, 128, 104, 24)  624         spec_bn[0][0]                    
____________________________________________________________________________________________________
spec_pool1 (MaxPooling2D)        (None, 64, 26, 24)    0           spec_conv1[0][0]                 
____________________________________________________________________________________________________
bg_input (InputLayer)            (None, 128, 9)        0                                            
____________________________________________________________________________________________________
spec_conv2 (Conv2D)              (None, 64, 26, 48)    28848       spec_pool1[0][0]                 
____________________________________________________________________________________________________
bg_pool (AveragePooling1D)       (None, 32, 9)         0           bg_input[0][0]                   
____________________________________________________________________________________________________
spec_pool2 (MaxPooling2D)        (None, 32, 6, 48)     0           spec_conv2[0][0]                 
____________________________________________________________________________________________________
bg_permute (Permute)             (None, 9, 32)         0           bg_pool[0][0]                    
____________________________________________________________________________________________________
spec_conv3 (Conv2D)              (None, 32, 6, 48)     57648       spec_pool2[0][0]                 
____________________________________________________________________________________________________
bg_conv (Conv1D)                 (None, 9, 8)          264         bg_permute[0][0]                 
____________________________________________________________________________________________________
spec_flatten (Flatten)           (None, 9216)          0           spec_conv3[0][0]                 
____________________________________________________________________________________________________
bg_flatten (Flatten)             (None, 72)            0           bg_conv[0][0]                    
____________________________________________________________________________________________________
spec_dense1 (Dense)              (None, 64)            589888      spec_flatten[0][0]               
____________________________________________________________________________________________________
bg_dense1 (Dense)                (None, 64)            4672        bg_flatten[0][0]                 
____________________________________________________________________________________________________
multiply (Dot)                   (None, 1)             0           spec_dense1[0][0]                
                                                                   bg_dense1[0][0]                  
____________________________________________________________________________________________________
prelu (PReLU)                    (None, 1)             1           multiply[0][0]                   
____________________________________________________________________________________________________
dense (Dense)                    (None, 1)             2           prelu[0][0]                      
====================================================================================================
Total params: 681,951
Trainable params: 681,949
Non-trainable params: 2
____________________________________________________________________________________________________
         acc      loss   val_acc  val_loss
0   0.503174  8.062962  0.509277  7.954885
1   0.504028  8.031885  0.503784  8.028998
2   0.505249  8.000036  0.503296  8.026730
3   0.500366  8.070228  0.494141  8.167260
4   0.505737  7.977796  0.497803  8.103431
5   0.495361  8.141067  0.498779  8.084466
6   0.496094  8.126618  0.509521  7.909196
7   0.500977  8.046186  0.506226  7.960939
8   0.511108  7.881766  0.495239  8.137138
9   0.500366  8.054205  0.502808  8.014600
10  0.493286  8.167885  0.505005  7.978846
11  0.499023  8.063568  0.505249  7.939945
12  0.502563  7.963790  0.497559  8.031094
13  0.509888  7.828175  0.498535  8.004305
14  0.504639  7.904148  0.508667  7.837683
15  0.505859  7.881078  0.499878  7.975356
16  0.500732  7.961073  0.509888  7.814594
17  0.496216  8.032239  0.497925  8.004745
18  0.499878  7.973460  0.494873  8.053134
19  0.503174  7.920732  0.496094  8.033554
20  0.496460  8.027686  0.503174  7.920629
21  0.490112  8.128848  0.498535  7.994559
22  0.495361  8.045152  0.504028  7.906976
23  0.495361  8.045147  0.504639  7.897242
24  0.497070  8.017900  0.491455  8.107419
25  0.503662  7.912810  0.495728  8.039306
26  0.495972  8.035417  0.500854  7.957581
27  0.501831  7.942001  0.491577  8.105473
28  0.499023  8.011919  0.507812  7.969009
29  0.503662  8.026314  0.510010  7.917957
30  0.490601  8.221918  0.513916  7.845136
31  0.499756  8.066422  0.495850  8.124407

2017-12-10 23:25:09.574101 Finish.
Total elapsed time: 04:11:36.57.
