2017-12-11 02:32:12.423623: W tensorflow/core/platform/cpu_feature_guard.cc:45] The TensorFlow library wasn't compiled to use SSE4.1 instructions, but these are available on your machine and could speed up CPU computations.
2017-12-11 02:32:12.423876: W tensorflow/core/platform/cpu_feature_guard.cc:45] The TensorFlow library wasn't compiled to use SSE4.2 instructions, but these are available on your machine and could speed up CPU computations.
2017-12-11 02:32:12.423887: W tensorflow/core/platform/cpu_feature_guard.cc:45] The TensorFlow library wasn't compiled to use AVX instructions, but these are available on your machine and could speed up CPU computations.
2017-12-11 02:32:12.423892: W tensorflow/core/platform/cpu_feature_guard.cc:45] The TensorFlow library wasn't compiled to use AVX2 instructions, but these are available on your machine and could speed up CPU computations.
2017-12-11 02:32:12.423896: W tensorflow/core/platform/cpu_feature_guard.cc:45] The TensorFlow library wasn't compiled to use FMA instructions, but these are available on your machine and could speed up CPU computations.
Using TensorFlow backend.
2017-12-11 02:32:08.602381 Start.
Training dot-product context-aware convnet on BirdVox-70k. 
Training set: unit03, unit05, unit07.
Validation set: unit10, unit01.
Test set: unit02.

h5py version: 2.6.0
keras version: 2.0.6
numpy version: 1.13.1
pandas version: 0.20.3
pescador version: 1.0.0
tensorflow version: 1.2.1

____________________________________________________________________________________________________
Layer (type)                     Output Shape          Param #     Connected to                     
====================================================================================================
spec_input (InputLayer)          (None, 128, 104, 1)   0                                            
____________________________________________________________________________________________________
spec_bn (BatchNormalization)     (None, 128, 104, 1)   4           spec_input[0][0]                 
____________________________________________________________________________________________________
spec_conv1 (Conv2D)              (None, 128, 104, 24)  624         spec_bn[0][0]                    
____________________________________________________________________________________________________
spec_pool1 (MaxPooling2D)        (None, 64, 26, 24)    0           spec_conv1[0][0]                 
____________________________________________________________________________________________________
bg_input (InputLayer)            (None, 128, 9)        0                                            
____________________________________________________________________________________________________
spec_conv2 (Conv2D)              (None, 64, 26, 48)    28848       spec_pool1[0][0]                 
____________________________________________________________________________________________________
bg_pool (AveragePooling1D)       (None, 32, 9)         0           bg_input[0][0]                   
____________________________________________________________________________________________________
spec_pool2 (MaxPooling2D)        (None, 32, 6, 48)     0           spec_conv2[0][0]                 
____________________________________________________________________________________________________
bg_permute (Permute)             (None, 9, 32)         0           bg_pool[0][0]                    
____________________________________________________________________________________________________
spec_conv3 (Conv2D)              (None, 32, 6, 48)     57648       spec_pool2[0][0]                 
____________________________________________________________________________________________________
bg_conv (Conv1D)                 (None, 9, 8)          264         bg_permute[0][0]                 
____________________________________________________________________________________________________
spec_flatten (Flatten)           (None, 9216)          0           spec_conv3[0][0]                 
____________________________________________________________________________________________________
bg_flatten (Flatten)             (None, 72)            0           bg_conv[0][0]                    
____________________________________________________________________________________________________
spec_dense1 (Dense)              (None, 64)            589888      spec_flatten[0][0]               
____________________________________________________________________________________________________
bg_dense1 (Dense)                (None, 64)            4672        bg_flatten[0][0]                 
____________________________________________________________________________________________________
dot (Dot)                        (None, 1)             0           spec_dense1[0][0]                
                                                                   bg_dense1[0][0]                  
____________________________________________________________________________________________________
dense (Dense)                    (None, 1)             2           dot[0][0]                        
====================================================================================================
Total params: 681,950
Trainable params: 681,948
Non-trainable params: 2
____________________________________________________________________________________________________
         acc      loss   val_acc  val_loss
0   0.508423  7.938999  0.501831  8.043738
1   0.502075  8.038514  0.500000  8.070750
2   0.504883  7.990999  0.492920  8.182825
3   0.496704  8.120963  0.501099  8.049309
4   0.490723  8.215826  0.503784  8.004612
5   0.496094  8.127961  0.503052  8.015235
6   0.496460  8.120974  0.496704  8.116556
7   0.500854  8.049234  0.503540  8.005543
8   0.498901  8.079953  0.499756  8.065842
9   0.505127  7.978973  0.491211  8.202991
10  0.506714  7.952867  0.500854  8.047077
11  0.495361  8.135414  0.501099  8.042748
12  0.508911  7.916661  0.504517  7.987338
13  0.501343  8.038361  0.496216  8.120873
14  0.505615  7.969266  0.499146  8.073446
15  0.502441  8.020239  0.500366  8.053610
16  0.495239  8.136182  0.510498  7.890179
17  0.500122  8.057370  0.510254  7.894019
18  0.507324  7.941202  0.505493  7.970681
19  0.493774  8.159537  0.503540  8.002109
20  0.490112  8.218518  0.496704  8.112253
21  0.500488  8.051245  0.501587  8.033524
22  0.496094  8.122054  0.493652  8.161396
23  0.500854  8.045304  0.509033  7.913473
24  0.497559  8.098417  0.498169  8.088575
25  0.498047  8.089552  0.498291  8.151590
26  0.514526  7.954224  0.507080  8.047393
27  0.503418  8.084071  0.508179  7.988753
28  0.494751  8.187202  0.505249  8.005504
29  0.501953  8.046083  0.502075  8.033008
30  0.493896  8.153915  0.496582  8.102214
31  0.502319  8.003087  0.510010  7.873273

2017-12-11 06:57:44.667366 Finish.
Total elapsed time: 04:25:36.67.
