2017-12-11 02:29:49.132994: W tensorflow/core/platform/cpu_feature_guard.cc:45] The TensorFlow library wasn't compiled to use SSE4.1 instructions, but these are available on your machine and could speed up CPU computations.
2017-12-11 02:29:49.133180: W tensorflow/core/platform/cpu_feature_guard.cc:45] The TensorFlow library wasn't compiled to use SSE4.2 instructions, but these are available on your machine and could speed up CPU computations.
2017-12-11 02:29:49.133191: W tensorflow/core/platform/cpu_feature_guard.cc:45] The TensorFlow library wasn't compiled to use AVX instructions, but these are available on your machine and could speed up CPU computations.
2017-12-11 02:29:49.133195: W tensorflow/core/platform/cpu_feature_guard.cc:45] The TensorFlow library wasn't compiled to use AVX2 instructions, but these are available on your machine and could speed up CPU computations.
2017-12-11 02:29:49.133199: W tensorflow/core/platform/cpu_feature_guard.cc:45] The TensorFlow library wasn't compiled to use FMA instructions, but these are available on your machine and could speed up CPU computations.
Using TensorFlow backend.
2017-12-11 02:29:46.233431 Start.
Training dot-product context-aware convnet on BirdVox-70k. 
Training set: unit07, unit10, unit01.
Validation set: unit02, unit03.
Test set: unit05.

h5py version: 2.6.0
keras version: 2.0.6
numpy version: 1.13.1
pandas version: 0.20.3
pescador version: 1.0.0
tensorflow version: 1.2.1

____________________________________________________________________________________________________
Layer (type)                     Output Shape          Param #     Connected to                     
====================================================================================================
spec_input (InputLayer)          (None, 128, 104, 1)   0                                            
____________________________________________________________________________________________________
spec_bn (BatchNormalization)     (None, 128, 104, 1)   4           spec_input[0][0]                 
____________________________________________________________________________________________________
spec_conv1 (Conv2D)              (None, 128, 104, 24)  624         spec_bn[0][0]                    
____________________________________________________________________________________________________
spec_pool1 (MaxPooling2D)        (None, 64, 26, 24)    0           spec_conv1[0][0]                 
____________________________________________________________________________________________________
bg_input (InputLayer)            (None, 128, 9)        0                                            
____________________________________________________________________________________________________
spec_conv2 (Conv2D)              (None, 64, 26, 48)    28848       spec_pool1[0][0]                 
____________________________________________________________________________________________________
bg_pool (AveragePooling1D)       (None, 32, 9)         0           bg_input[0][0]                   
____________________________________________________________________________________________________
spec_pool2 (MaxPooling2D)        (None, 32, 6, 48)     0           spec_conv2[0][0]                 
____________________________________________________________________________________________________
bg_permute (Permute)             (None, 9, 32)         0           bg_pool[0][0]                    
____________________________________________________________________________________________________
spec_conv3 (Conv2D)              (None, 32, 6, 48)     57648       spec_pool2[0][0]                 
____________________________________________________________________________________________________
bg_conv (Conv1D)                 (None, 9, 8)          264         bg_permute[0][0]                 
____________________________________________________________________________________________________
spec_flatten (Flatten)           (None, 9216)          0           spec_conv3[0][0]                 
____________________________________________________________________________________________________
bg_flatten (Flatten)             (None, 72)            0           bg_conv[0][0]                    
____________________________________________________________________________________________________
spec_dense1 (Dense)              (None, 64)            589888      spec_flatten[0][0]               
____________________________________________________________________________________________________
bg_dense1 (Dense)                (None, 64)            4672        bg_flatten[0][0]                 
____________________________________________________________________________________________________
dot (Dot)                        (None, 1)             0           spec_dense1[0][0]                
                                                                   bg_dense1[0][0]                  
____________________________________________________________________________________________________
dense (Dense)                    (None, 1)             2           dot[0][0]                        
====================================================================================================
Total params: 681,950
Trainable params: 681,948
Non-trainable params: 2
____________________________________________________________________________________________________
         acc      loss   val_acc  val_loss
0   0.502563  8.019871  0.509155  7.913127
1   0.503784  7.999341  0.503174  8.008871
2   0.507812  7.933882  0.504639  7.984846
3   0.502563  8.018157  0.502075  8.025911
4   0.506348  7.956966  0.503540  8.002152
5   0.497559  8.098516  0.499756  8.063063
6   0.501709  8.031558  0.495361  8.133851
7   0.500488  8.051203  0.498535  8.082674
8   0.505981  7.962649  0.492310  8.183009
9   0.495850  8.123844  0.502808  8.016111
10  0.502319  8.026337  0.500977  8.018474
11  0.502075  7.985593  0.498413  8.031955
12  0.504028  7.934750  0.498413  8.017874
13  0.496460  8.044554  0.504395  7.914248
14  0.503418  7.927069  0.501831  7.949998
15  0.489502  8.144828  0.509277  7.828074
16  0.493408  8.079989  0.490845  8.119932
17  0.491089  8.126585  0.502686  8.166235
18  0.491577  8.377399  0.494263  8.318802
19  0.501465  8.190312  0.506226  8.102420
20  0.502441  8.154304  0.494263  8.277670
21  0.504028  8.112954  0.511841  7.980064
22  0.509399  8.013111  0.495728  8.227357
23  0.499878  8.154757  0.500610  8.137352
24  0.499146  8.155657  0.510010  7.975310
25  0.505371  8.045086  0.491089  8.270356
26  0.504639  8.047261  0.508423  7.981631
27  0.506226  8.012652  0.493164  8.218856
28  0.496338  8.163633  0.500732  8.088819
29  0.497192  8.142167  0.503296  8.040177
30  0.503418  8.034881  0.507446  7.966730
31  0.490479  8.237289  0.496216  8.141997

2017-12-11 06:38:47.007026 Finish.
Total elapsed time: 04:09:01.01.
