2017-12-11 01:03:44.181299: W tensorflow/core/platform/cpu_feature_guard.cc:45] The TensorFlow library wasn't compiled to use SSE4.1 instructions, but these are available on your machine and could speed up CPU computations.
2017-12-11 01:03:44.181578: W tensorflow/core/platform/cpu_feature_guard.cc:45] The TensorFlow library wasn't compiled to use SSE4.2 instructions, but these are available on your machine and could speed up CPU computations.
2017-12-11 01:03:44.181587: W tensorflow/core/platform/cpu_feature_guard.cc:45] The TensorFlow library wasn't compiled to use AVX instructions, but these are available on your machine and could speed up CPU computations.
2017-12-11 01:03:44.181592: W tensorflow/core/platform/cpu_feature_guard.cc:45] The TensorFlow library wasn't compiled to use AVX2 instructions, but these are available on your machine and could speed up CPU computations.
2017-12-11 01:03:44.181597: W tensorflow/core/platform/cpu_feature_guard.cc:45] The TensorFlow library wasn't compiled to use FMA instructions, but these are available on your machine and could speed up CPU computations.
Using TensorFlow backend.
2017-12-11 01:03:42.146530 Start.
Training dot-product context-aware convnet on BirdVox-70k. 
Training set: unit07, unit10, unit01.
Validation set: unit02, unit03.
Test set: unit05.

h5py version: 2.6.0
keras version: 2.0.6
numpy version: 1.13.1
pandas version: 0.20.3
pescador version: 1.0.0
tensorflow version: 1.2.1

____________________________________________________________________________________________________
Layer (type)                     Output Shape          Param #     Connected to                     
====================================================================================================
spec_input (InputLayer)          (None, 128, 104, 1)   0                                            
____________________________________________________________________________________________________
spec_bn (BatchNormalization)     (None, 128, 104, 1)   4           spec_input[0][0]                 
____________________________________________________________________________________________________
spec_conv1 (Conv2D)              (None, 128, 104, 24)  624         spec_bn[0][0]                    
____________________________________________________________________________________________________
spec_pool1 (MaxPooling2D)        (None, 64, 26, 24)    0           spec_conv1[0][0]                 
____________________________________________________________________________________________________
bg_input (InputLayer)            (None, 128, 9)        0                                            
____________________________________________________________________________________________________
spec_conv2 (Conv2D)              (None, 64, 26, 48)    28848       spec_pool1[0][0]                 
____________________________________________________________________________________________________
bg_pool (AveragePooling1D)       (None, 32, 9)         0           bg_input[0][0]                   
____________________________________________________________________________________________________
spec_pool2 (MaxPooling2D)        (None, 32, 6, 48)     0           spec_conv2[0][0]                 
____________________________________________________________________________________________________
bg_permute (Permute)             (None, 9, 32)         0           bg_pool[0][0]                    
____________________________________________________________________________________________________
spec_conv3 (Conv2D)              (None, 32, 6, 48)     57648       spec_pool2[0][0]                 
____________________________________________________________________________________________________
bg_conv (Conv1D)                 (None, 9, 8)          264         bg_permute[0][0]                 
____________________________________________________________________________________________________
spec_flatten (Flatten)           (None, 9216)          0           spec_conv3[0][0]                 
____________________________________________________________________________________________________
bg_flatten (Flatten)             (None, 72)            0           bg_conv[0][0]                    
____________________________________________________________________________________________________
spec_dense1 (Dense)              (None, 64)            589888      spec_flatten[0][0]               
____________________________________________________________________________________________________
bg_dense1 (Dense)                (None, 64)            4672        bg_flatten[0][0]                 
____________________________________________________________________________________________________
dot (Dot)                        (None, 1)             0           spec_dense1[0][0]                
                                                                   bg_dense1[0][0]                  
____________________________________________________________________________________________________
dense (Dense)                    (None, 1)             2           dot[0][0]                        
====================================================================================================
Total params: 681,950
Trainable params: 681,948
Non-trainable params: 2
____________________________________________________________________________________________________
         acc      loss   val_acc  val_loss
0   0.503906  7.920537  0.499268  7.992743
1   0.503296  7.927120  0.497803  8.013419
2   0.509155  7.831401  0.503784  7.916090
3   0.507935  7.849161  0.500366  7.969126
4   0.498901  7.991919  0.507202  7.859075
5   0.491211  8.113603  0.508789  7.832993
6   0.500854  7.959190  0.490234  8.128230
7   0.504028  7.908107  0.504639  7.898182
8   0.505493  7.884406  0.498657  7.993249
9   0.500610  7.962002  0.498413  7.996934
10  0.499146  7.985181  0.503906  7.909216
11  0.490601  8.121287  0.492676  8.088156
12  0.492920  8.084228  0.491333  8.109495
13  0.494629  8.056926  0.501953  7.940139
14  0.508301  7.838926  0.493164  8.080227
15  0.498169  8.014619  0.493530  8.256796
16  0.495361  8.209864  0.508545  7.985036
17  0.513550  7.894206  0.503052  8.051409
18  0.511719  7.904502  0.503174  8.032427
19  0.499268  8.087272  0.505737  7.976978
20  0.501831  8.032739  0.503418  8.001132
21  0.505859  7.956417  0.507812  7.919654
22  0.501465  8.015664  0.502319  7.997002
23  0.495239  8.105226  0.494751  8.108495
24  0.489868  8.182180  0.499023  8.032190
25  0.496216  8.073249  0.502197  7.974309
26  0.505249  7.922387  0.492188  8.127463
27  0.506592  7.894962  0.504272  7.929185
28  0.502930  7.948113  0.496216  8.052773
29  0.492554  8.109034  0.503296  7.935754
30  0.496826  8.037104  0.499512  7.992587
31  0.497437  8.024176  0.503418  7.927404

2017-12-11 05:33:40.179257 Finish.
Total elapsed time: 04:29:58.18.
