2017-12-11 01:03:44.528753: W tensorflow/core/platform/cpu_feature_guard.cc:45] The TensorFlow library wasn't compiled to use SSE4.1 instructions, but these are available on your machine and could speed up CPU computations.
2017-12-11 01:03:44.528953: W tensorflow/core/platform/cpu_feature_guard.cc:45] The TensorFlow library wasn't compiled to use SSE4.2 instructions, but these are available on your machine and could speed up CPU computations.
2017-12-11 01:03:44.528963: W tensorflow/core/platform/cpu_feature_guard.cc:45] The TensorFlow library wasn't compiled to use AVX instructions, but these are available on your machine and could speed up CPU computations.
2017-12-11 01:03:44.528968: W tensorflow/core/platform/cpu_feature_guard.cc:45] The TensorFlow library wasn't compiled to use AVX2 instructions, but these are available on your machine and could speed up CPU computations.
2017-12-11 01:03:44.528972: W tensorflow/core/platform/cpu_feature_guard.cc:45] The TensorFlow library wasn't compiled to use FMA instructions, but these are available on your machine and could speed up CPU computations.
Using TensorFlow backend.
2017-12-11 01:03:42.146724 Start.
Training dot-product context-aware convnet on BirdVox-70k. 
Training set: unit03, unit05, unit07.
Validation set: unit10, unit01.
Test set: unit02.

h5py version: 2.6.0
keras version: 2.0.6
numpy version: 1.13.1
pandas version: 0.20.3
pescador version: 1.0.0
tensorflow version: 1.2.1

____________________________________________________________________________________________________
Layer (type)                     Output Shape          Param #     Connected to                     
====================================================================================================
spec_input (InputLayer)          (None, 128, 104, 1)   0                                            
____________________________________________________________________________________________________
spec_bn (BatchNormalization)     (None, 128, 104, 1)   4           spec_input[0][0]                 
____________________________________________________________________________________________________
spec_conv1 (Conv2D)              (None, 128, 104, 24)  624         spec_bn[0][0]                    
____________________________________________________________________________________________________
spec_pool1 (MaxPooling2D)        (None, 64, 26, 24)    0           spec_conv1[0][0]                 
____________________________________________________________________________________________________
bg_input (InputLayer)            (None, 128, 9)        0                                            
____________________________________________________________________________________________________
spec_conv2 (Conv2D)              (None, 64, 26, 48)    28848       spec_pool1[0][0]                 
____________________________________________________________________________________________________
bg_pool (AveragePooling1D)       (None, 32, 9)         0           bg_input[0][0]                   
____________________________________________________________________________________________________
spec_pool2 (MaxPooling2D)        (None, 32, 6, 48)     0           spec_conv2[0][0]                 
____________________________________________________________________________________________________
bg_permute (Permute)             (None, 9, 32)         0           bg_pool[0][0]                    
____________________________________________________________________________________________________
spec_conv3 (Conv2D)              (None, 32, 6, 48)     57648       spec_pool2[0][0]                 
____________________________________________________________________________________________________
bg_conv (Conv1D)                 (None, 9, 8)          264         bg_permute[0][0]                 
____________________________________________________________________________________________________
spec_flatten (Flatten)           (None, 9216)          0           spec_conv3[0][0]                 
____________________________________________________________________________________________________
bg_flatten (Flatten)             (None, 72)            0           bg_conv[0][0]                    
____________________________________________________________________________________________________
spec_dense1 (Dense)              (None, 64)            589888      spec_flatten[0][0]               
____________________________________________________________________________________________________
bg_dense1 (Dense)                (None, 64)            4672        bg_flatten[0][0]                 
____________________________________________________________________________________________________
dot (Dot)                        (None, 1)             0           spec_dense1[0][0]                
                                                                   bg_dense1[0][0]                  
____________________________________________________________________________________________________
dense (Dense)                    (None, 1)             2           dot[0][0]                        
====================================================================================================
Total params: 681,950
Trainable params: 681,948
Non-trainable params: 2
____________________________________________________________________________________________________
         acc      loss   val_acc  val_loss
0   0.492188  8.191363  0.493042  8.176388
1   0.509521  7.909864  0.499634  8.068434
2   0.499268  8.073728  0.492065  8.189273
3   0.504761  7.984236  0.509888  7.901233
4   0.501221  8.040649  0.496460  8.117136
5   0.499878  8.061856  0.499512  8.067592
6   0.507690  7.935640  0.496826  8.110640
7   0.504761  7.982666  0.500854  8.045553
8   0.502319  8.021888  0.500977  8.043483
9   0.501099  8.041480  0.506348  7.956844
10  0.497559  8.135706  0.503784  8.123737
11  0.497559  8.160021  0.495117  8.164916
12  0.501221  8.054750  0.495361  8.141606
13  0.490723  8.213182  0.505127  7.978854
14  0.503052  8.011326  0.500610  8.050003
15  0.509399  7.908025  0.494263  8.151781
16  0.496460  8.116262  0.499756  8.063067
17  0.495483  8.131897  0.506104  7.960697
18  0.500244  8.055128  0.490479  8.212524
19  0.503296  8.005929  0.511963  7.495833
20  0.496948  8.261571  0.503174  8.216900
21  0.511841  8.074260  0.491089  8.405766
22  0.498413  8.284744  0.506714  8.147946
23  0.493286  8.361371  0.501831  8.220603
24  0.504761  8.170340  0.494751  8.328603
25  0.502197  8.205510  0.506592  8.131572
26  0.496094  8.297682  0.502319  8.194208
27  0.503418  8.173384  0.502319  8.187946
28  0.495361  8.296969  0.488281  8.407932
29  0.492676  8.333967  0.504150  8.145860
30  0.496582  8.264712  0.499634  8.212363
31  0.490234  8.360727  0.497559  8.239511

2017-12-11 05:32:22.734333 Finish.
Total elapsed time: 04:28:40.73.
