2017-12-10 19:13:35.196202: W tensorflow/core/platform/cpu_feature_guard.cc:45] The TensorFlow library wasn't compiled to use SSE4.1 instructions, but these are available on your machine and could speed up CPU computations.
2017-12-10 19:13:35.196408: W tensorflow/core/platform/cpu_feature_guard.cc:45] The TensorFlow library wasn't compiled to use SSE4.2 instructions, but these are available on your machine and could speed up CPU computations.
2017-12-10 19:13:35.196419: W tensorflow/core/platform/cpu_feature_guard.cc:45] The TensorFlow library wasn't compiled to use AVX instructions, but these are available on your machine and could speed up CPU computations.
2017-12-10 19:13:35.196423: W tensorflow/core/platform/cpu_feature_guard.cc:45] The TensorFlow library wasn't compiled to use AVX2 instructions, but these are available on your machine and could speed up CPU computations.
2017-12-10 19:13:35.196427: W tensorflow/core/platform/cpu_feature_guard.cc:45] The TensorFlow library wasn't compiled to use FMA instructions, but these are available on your machine and could speed up CPU computations.
Using TensorFlow backend.
2017-12-10 19:13:33.247280 Start.
Training dot-product context-aware convnet on BirdVox-70k. 
Training set: unit01, unit02, unit03.
Validation set: unit05, unit07.
Test set: unit10.

h5py version: 2.6.0
keras version: 2.0.6
numpy version: 1.13.1
pandas version: 0.20.3
pescador version: 1.0.0
tensorflow version: 1.2.1

____________________________________________________________________________________________________
Layer (type)                     Output Shape          Param #     Connected to                     
====================================================================================================
spec_input (InputLayer)          (None, 128, 104, 1)   0                                            
____________________________________________________________________________________________________
spec_bn (BatchNormalization)     (None, 128, 104, 1)   4           spec_input[0][0]                 
____________________________________________________________________________________________________
spec_conv1 (Conv2D)              (None, 128, 104, 24)  624         spec_bn[0][0]                    
____________________________________________________________________________________________________
spec_pool1 (MaxPooling2D)        (None, 64, 26, 24)    0           spec_conv1[0][0]                 
____________________________________________________________________________________________________
bg_input (InputLayer)            (None, 128, 9)        0                                            
____________________________________________________________________________________________________
spec_conv2 (Conv2D)              (None, 64, 26, 48)    28848       spec_pool1[0][0]                 
____________________________________________________________________________________________________
bg_pool (AveragePooling1D)       (None, 32, 9)         0           bg_input[0][0]                   
____________________________________________________________________________________________________
spec_pool2 (MaxPooling2D)        (None, 32, 6, 48)     0           spec_conv2[0][0]                 
____________________________________________________________________________________________________
bg_permute (Permute)             (None, 9, 32)         0           bg_pool[0][0]                    
____________________________________________________________________________________________________
spec_conv3 (Conv2D)              (None, 32, 6, 48)     57648       spec_pool2[0][0]                 
____________________________________________________________________________________________________
bg_conv (Conv1D)                 (None, 9, 8)          264         bg_permute[0][0]                 
____________________________________________________________________________________________________
spec_flatten (Flatten)           (None, 9216)          0           spec_conv3[0][0]                 
____________________________________________________________________________________________________
bg_flatten (Flatten)             (None, 72)            0           bg_conv[0][0]                    
____________________________________________________________________________________________________
spec_dense1 (Dense)              (None, 64)            589888      spec_flatten[0][0]               
____________________________________________________________________________________________________
bg_dense1 (Dense)                (None, 64)            4672        bg_flatten[0][0]                 
____________________________________________________________________________________________________
multiply (Dot)                   (None, 1)             0           spec_dense1[0][0]                
                                                                   bg_dense1[0][0]                  
____________________________________________________________________________________________________
prelu (PReLU)                    (None, 1)             1           multiply[0][0]                   
____________________________________________________________________________________________________
dense (Dense)                    (None, 1)             2           prelu[0][0]                      
====================================================================================================
Total params: 681,951
Trainable params: 681,949
Non-trainable params: 2
____________________________________________________________________________________________________
         acc      loss   val_acc  val_loss
0   0.502441  8.039338  0.490723  8.226511
1   0.500000  8.075402  0.502197  8.038461
2   0.489990  8.233826  0.504761  7.994415
3   0.500610  8.060105  0.494995  8.149455
4   0.496948  8.116941  0.503052  8.017579
5   0.502686  8.022612  0.494019  8.161483
6   0.500488  8.056483  0.500122  8.061706
7   0.496582  8.118179  0.489990  8.223876
8   0.511719  7.873185  0.497681  8.099016
9   0.497559  8.100617  0.496826  8.112083
10  0.505737  7.968170  0.502075  8.026937
11  0.496094  8.123134  0.499268  8.071785
12  0.496338  8.118849  0.500488  8.051812
13  0.506104  7.961192  0.492310  8.183423
14  0.505859  7.964947  0.507935  7.931429
15  0.502075  8.025817  0.498291  8.086763
16  0.497681  8.096565  0.493774  8.159495
17  0.502930  8.131933  0.490845  8.451411
18  0.503174  8.239431  0.498779  8.298895
19  0.504028  8.205141  0.511841  8.070658
20  0.506714  8.145741  0.507080  8.132566
21  0.494751  8.324576  0.492432  8.355380
22  0.497437  8.268460  0.494751  8.305547
23  0.493164  8.325129  0.494263  8.301436
24  0.504517  8.130317  0.506714  8.089049
25  0.497437  8.232846  0.494873  8.268418
26  0.507568  8.058162  0.493774  8.274858
27  0.495483  8.241806  0.497925  8.196953
28  0.503052  8.108967  0.494873  8.235461
29  0.493652  8.249983  0.504272  8.073687
30  0.500366  8.131730  0.498291  8.160310
31  0.497559  8.167471  0.498291  8.151085

2017-12-10 23:26:20.722797 Finish.
Total elapsed time: 04:12:47.72.
