2017-12-10 15:57:18.728358: W tensorflow/core/platform/cpu_feature_guard.cc:45] The TensorFlow library wasn't compiled to use SSE4.1 instructions, but these are available on your machine and could speed up CPU computations.
2017-12-10 15:57:18.728557: W tensorflow/core/platform/cpu_feature_guard.cc:45] The TensorFlow library wasn't compiled to use SSE4.2 instructions, but these are available on your machine and could speed up CPU computations.
2017-12-10 15:57:18.728569: W tensorflow/core/platform/cpu_feature_guard.cc:45] The TensorFlow library wasn't compiled to use AVX instructions, but these are available on your machine and could speed up CPU computations.
Using TensorFlow backend.
2017-12-10 15:57:14.570388 Start.
Training dot-product context-aware convnet on BirdVox-70k. 
Training set: unit10, unit01, unit02.
Validation set: unit03, unit05.
Test set: unit07.

h5py version: 2.6.0
keras version: 2.0.6
numpy version: 1.13.1
pandas version: 0.20.3
pescador version: 1.0.0
tensorflow version: 1.2.1

____________________________________________________________________________________________________
Layer (type)                     Output Shape          Param #     Connected to                     
====================================================================================================
spec_input (InputLayer)          (None, 128, 104, 1)   0                                            
____________________________________________________________________________________________________
spec_bn (BatchNormalization)     (None, 128, 104, 1)   4           spec_input[0][0]                 
____________________________________________________________________________________________________
spec_conv1 (Conv2D)              (None, 128, 104, 24)  624         spec_bn[0][0]                    
____________________________________________________________________________________________________
spec_pool1 (MaxPooling2D)        (None, 64, 26, 24)    0           spec_conv1[0][0]                 
____________________________________________________________________________________________________
bg_input (InputLayer)            (None, 128, 9)        0                                            
____________________________________________________________________________________________________
spec_conv2 (Conv2D)              (None, 64, 26, 48)    28848       spec_pool1[0][0]                 
____________________________________________________________________________________________________
bg_pool (AveragePooling1D)       (None, 32, 9)         0           bg_input[0][0]                   
____________________________________________________________________________________________________
spec_pool2 (MaxPooling2D)        (None, 32, 6, 48)     0           spec_conv2[0][0]                 
____________________________________________________________________________________________________
bg_permute (Permute)             (None, 9, 32)         0           bg_pool[0][0]                    
____________________________________________________________________________________________________
spec_conv3 (Conv2D)              (None, 32, 6, 48)     57648       spec_pool2[0][0]                 
____________________________________________________________________________________________________
bg_conv (Conv1D)                 (None, 9, 8)          264         bg_permute[0][0]                 
____________________________________________________________________________________________________
spec_flatten (Flatten)           (None, 9216)          0           spec_conv3[0][0]                 
____________________________________________________________________________________________________
bg_flatten (Flatten)             (None, 72)            0           bg_conv[0][0]                    
____________________________________________________________________________________________________
spec_dense1 (Dense)              (None, 64)            589888      spec_flatten[0][0]               
____________________________________________________________________________________________________
bg_dense1 (Dense)                (None, 64)            4672        bg_flatten[0][0]                 
____________________________________________________________________________________________________
multiply (Dot)                   (None, 1)             0           spec_dense1[0][0]                
                                                                   bg_dense1[0][0]                  
____________________________________________________________________________________________________
prelu (PReLU)                    (None, 1)             1           multiply[0][0]                   
____________________________________________________________________________________________________
dense (Dense)                    (None, 1)             2           prelu[0][0]                      
====================================================================================================
Total params: 681,951
Trainable params: 681,949
Non-trainable params: 2
____________________________________________________________________________________________________
         acc      loss   val_acc  val_loss
0   0.512085  0.708427  0.496460  0.706686
1   0.514893  1.013923  0.489502  0.713377
2   0.551270  0.698977  0.595825  0.689169
3   0.585571  0.648472  0.553589  0.640659
4   0.603027  0.635559  0.669434  0.550157
5   0.619751  0.619033  0.533691  0.614668
6   0.629639  0.602876  0.555176  0.619298
7   0.616821  0.610584  0.566895  0.609967
8   0.631226  0.592134  0.624268  0.575864
9   0.687012  0.557385  0.700806  0.535696
10  0.713745  0.529567  0.797363  0.448262
11  0.771118  0.491641  0.803589  0.488365
12  0.826172  0.434033  0.796021  0.525897
13  0.828369  0.430704  0.914185  0.278026
14  0.865234  0.395012  0.870728  0.338457
15  0.891846  0.328797  0.895752  0.330580
16  0.904419  0.305502  0.923218  0.381189
17  0.920898  0.266124  0.926514  0.333484
18  0.919189  0.256799  0.941284  0.354701
19  0.930176  0.254935  0.922974  0.461634
20  0.933228  0.233038  0.936646  0.233073
21  0.927246  0.246991  0.947021  0.246828
22  0.932495  0.227092  0.916260  0.390652
23  0.931030  0.225698  0.928101  0.225531
24  0.937866  0.219185  0.944092  0.194551
25  0.936157  0.217012  0.947754  0.203432
26  0.939819  0.201325  0.900391  0.487290
27  0.937866  0.208218  0.953491  0.196248
28  0.944214  0.197309  0.944702  0.195921
29  0.934326  0.227409  0.958618  0.178517
30  0.942139  0.209434  0.926758  0.335938
31  0.940430  0.199878  0.950928  0.254357

2017-12-10 20:16:29.125600 Finish.
Total elapsed time: 04:19:15.13.
