2017-12-10 19:13:23.827753: W tensorflow/core/platform/cpu_feature_guard.cc:45] The TensorFlow library wasn't compiled to use SSE4.1 instructions, but these are available on your machine and could speed up CPU computations.
2017-12-10 19:13:23.827942: W tensorflow/core/platform/cpu_feature_guard.cc:45] The TensorFlow library wasn't compiled to use SSE4.2 instructions, but these are available on your machine and could speed up CPU computations.
2017-12-10 19:13:23.827952: W tensorflow/core/platform/cpu_feature_guard.cc:45] The TensorFlow library wasn't compiled to use AVX instructions, but these are available on your machine and could speed up CPU computations.
2017-12-10 19:13:23.827956: W tensorflow/core/platform/cpu_feature_guard.cc:45] The TensorFlow library wasn't compiled to use AVX2 instructions, but these are available on your machine and could speed up CPU computations.
2017-12-10 19:13:23.827961: W tensorflow/core/platform/cpu_feature_guard.cc:45] The TensorFlow library wasn't compiled to use FMA instructions, but these are available on your machine and could speed up CPU computations.
Using TensorFlow backend.
2017-12-10 19:13:21.466068 Start.
Training dot-product context-aware convnet on BirdVox-70k. 
Training set: unit05, unit07, unit10.
Validation set: unit01, unit02.
Test set: unit03.

h5py version: 2.6.0
keras version: 2.0.6
numpy version: 1.13.1
pandas version: 0.20.3
pescador version: 1.0.0
tensorflow version: 1.2.1

____________________________________________________________________________________________________
Layer (type)                     Output Shape          Param #     Connected to                     
====================================================================================================
spec_input (InputLayer)          (None, 128, 104, 1)   0                                            
____________________________________________________________________________________________________
spec_bn (BatchNormalization)     (None, 128, 104, 1)   4           spec_input[0][0]                 
____________________________________________________________________________________________________
spec_conv1 (Conv2D)              (None, 128, 104, 24)  624         spec_bn[0][0]                    
____________________________________________________________________________________________________
spec_pool1 (MaxPooling2D)        (None, 64, 26, 24)    0           spec_conv1[0][0]                 
____________________________________________________________________________________________________
bg_input (InputLayer)            (None, 128, 9)        0                                            
____________________________________________________________________________________________________
spec_conv2 (Conv2D)              (None, 64, 26, 48)    28848       spec_pool1[0][0]                 
____________________________________________________________________________________________________
bg_pool (AveragePooling1D)       (None, 32, 9)         0           bg_input[0][0]                   
____________________________________________________________________________________________________
spec_pool2 (MaxPooling2D)        (None, 32, 6, 48)     0           spec_conv2[0][0]                 
____________________________________________________________________________________________________
bg_permute (Permute)             (None, 9, 32)         0           bg_pool[0][0]                    
____________________________________________________________________________________________________
spec_conv3 (Conv2D)              (None, 32, 6, 48)     57648       spec_pool2[0][0]                 
____________________________________________________________________________________________________
bg_conv (Conv1D)                 (None, 9, 8)          264         bg_permute[0][0]                 
____________________________________________________________________________________________________
spec_flatten (Flatten)           (None, 9216)          0           spec_conv3[0][0]                 
____________________________________________________________________________________________________
bg_flatten (Flatten)             (None, 72)            0           bg_conv[0][0]                    
____________________________________________________________________________________________________
spec_dense1 (Dense)              (None, 64)            589888      spec_flatten[0][0]               
____________________________________________________________________________________________________
bg_dense1 (Dense)                (None, 64)            4672        bg_flatten[0][0]                 
____________________________________________________________________________________________________
multiply (Dot)                   (None, 1)             0           spec_dense1[0][0]                
                                                                   bg_dense1[0][0]                  
____________________________________________________________________________________________________
prelu (PReLU)                    (None, 1)             1           multiply[0][0]                   
____________________________________________________________________________________________________
dense (Dense)                    (None, 1)             2           prelu[0][0]                      
====================================================================================================
Total params: 681,951
Trainable params: 681,949
Non-trainable params: 2
____________________________________________________________________________________________________
         acc      loss   val_acc  val_loss
0   0.499146  8.084840  0.486328  8.289885
1   0.509888  7.908874  0.498413  8.092642
2   0.498779  8.085744  0.499878  8.067108
3   0.494751  8.148956  0.498047  8.095097
4   0.503784  8.001997  0.500122  8.060443
5   0.504883  7.983220  0.494629  8.148041
6   0.487305  8.265717  0.496948  8.109937
7   0.507080  7.946348  0.498291  8.087754
8   0.498657  8.081646  0.505005  7.979147
9   0.498291  8.087216  0.495117  8.138242
10  0.498779  8.079116  0.497681  8.096735
11  0.500732  8.047481  0.500977  8.043489
12  0.498657  8.080830  0.503418  8.004060
13  0.492676  8.175038  0.513428  7.819613
14  0.498657  8.033548  0.511108  7.819932
15  0.503296  7.936467  0.500000  7.982899
16  0.492798  8.094176  0.498901  7.994115
17  0.502808  7.930205  0.512207  7.779076
18  0.507080  7.860051  0.498535  7.995682
19  0.502930  7.925271  0.496216  8.032032
20  0.502563  7.930675  0.498047  8.002557
21  0.497437  8.012215  0.501465  7.947939
22  0.501953  7.940123  0.488892  8.148330
23  0.506836  7.862240  0.493164  8.080192
24  0.494995  8.050995  0.500610  7.961470
25  0.497070  8.017904  0.492065  8.096141
26  0.505371  8.025656  0.484375  8.470187
27  0.507568  8.071304  0.502686  8.130168
28  0.496704  8.212527  0.501343  8.125332
29  0.500854  8.123425  0.504761  8.051597
30  0.499878  8.123085  0.494019  8.210907
31  0.502319  8.071625  0.492188  8.229854

2017-12-10 23:20:47.349631 Finish.
Total elapsed time: 04:07:26.35.
