2017-12-11 02:31:52.440274: W tensorflow/core/platform/cpu_feature_guard.cc:45] The TensorFlow library wasn't compiled to use SSE4.1 instructions, but these are available on your machine and could speed up CPU computations.
2017-12-11 02:31:52.440509: W tensorflow/core/platform/cpu_feature_guard.cc:45] The TensorFlow library wasn't compiled to use SSE4.2 instructions, but these are available on your machine and could speed up CPU computations.
2017-12-11 02:31:52.440519: W tensorflow/core/platform/cpu_feature_guard.cc:45] The TensorFlow library wasn't compiled to use AVX instructions, but these are available on your machine and could speed up CPU computations.
2017-12-11 02:31:52.440524: W tensorflow/core/platform/cpu_feature_guard.cc:45] The TensorFlow library wasn't compiled to use AVX2 instructions, but these are available on your machine and could speed up CPU computations.
2017-12-11 02:31:52.440530: W tensorflow/core/platform/cpu_feature_guard.cc:45] The TensorFlow library wasn't compiled to use FMA instructions, but these are available on your machine and could speed up CPU computations.
Using TensorFlow backend.
2017-12-11 02:31:49.958028 Start.
Training dot-product context-aware convnet on BirdVox-70k. 
Training set: unit01, unit02, unit03.
Validation set: unit05, unit07.
Test set: unit10.

h5py version: 2.6.0
keras version: 2.0.6
numpy version: 1.13.1
pandas version: 0.20.3
pescador version: 1.0.0
tensorflow version: 1.2.1

____________________________________________________________________________________________________
Layer (type)                     Output Shape          Param #     Connected to                     
====================================================================================================
spec_input (InputLayer)          (None, 128, 104, 1)   0                                            
____________________________________________________________________________________________________
spec_bn (BatchNormalization)     (None, 128, 104, 1)   4           spec_input[0][0]                 
____________________________________________________________________________________________________
spec_conv1 (Conv2D)              (None, 128, 104, 24)  624         spec_bn[0][0]                    
____________________________________________________________________________________________________
spec_pool1 (MaxPooling2D)        (None, 64, 26, 24)    0           spec_conv1[0][0]                 
____________________________________________________________________________________________________
bg_input (InputLayer)            (None, 128, 9)        0                                            
____________________________________________________________________________________________________
spec_conv2 (Conv2D)              (None, 64, 26, 48)    28848       spec_pool1[0][0]                 
____________________________________________________________________________________________________
bg_pool (AveragePooling1D)       (None, 32, 9)         0           bg_input[0][0]                   
____________________________________________________________________________________________________
spec_pool2 (MaxPooling2D)        (None, 32, 6, 48)     0           spec_conv2[0][0]                 
____________________________________________________________________________________________________
bg_permute (Permute)             (None, 9, 32)         0           bg_pool[0][0]                    
____________________________________________________________________________________________________
spec_conv3 (Conv2D)              (None, 32, 6, 48)     57648       spec_pool2[0][0]                 
____________________________________________________________________________________________________
bg_conv (Conv1D)                 (None, 9, 8)          264         bg_permute[0][0]                 
____________________________________________________________________________________________________
spec_flatten (Flatten)           (None, 9216)          0           spec_conv3[0][0]                 
____________________________________________________________________________________________________
bg_flatten (Flatten)             (None, 72)            0           bg_conv[0][0]                    
____________________________________________________________________________________________________
spec_dense1 (Dense)              (None, 64)            589888      spec_flatten[0][0]               
____________________________________________________________________________________________________
bg_dense1 (Dense)                (None, 64)            4672        bg_flatten[0][0]                 
____________________________________________________________________________________________________
dot (Dot)                        (None, 1)             0           spec_dense1[0][0]                
                                                                   bg_dense1[0][0]                  
____________________________________________________________________________________________________
dense (Dense)                    (None, 1)             2           dot[0][0]                        
====================================================================================================
Total params: 681,950
Trainable params: 681,948
Non-trainable params: 2
____________________________________________________________________________________________________
         acc      loss   val_acc  val_loss
0   0.502563  8.049052  0.499268  8.098075
1   0.506348  7.980938  0.499390  8.090399
2   0.501587  8.052843  0.505737  7.983993
3   0.497925  8.108306  0.492065  8.201263
4   0.502441  8.032776  0.494995  8.151639
5   0.502686  8.026702  0.500366  8.063167
6   0.498901  8.085991  0.505615  7.977036
7   0.498169  8.096414  0.501099  8.048586
8   0.500244  8.061824  0.498291  8.092795
9   0.496216  8.125789  0.496704  8.117483
10  0.507446  7.943946  0.500122  8.061620
11  0.499756  8.067177  0.499023  8.078649
12  0.492310  8.186559  0.494751  8.146913
13  0.494873  8.144675  0.493530  8.166057
14  0.500000  8.061538  0.494751  8.145912
15  0.493042  8.173248  0.503052  8.011708
16  0.506348  7.958403  0.502319  8.023157
17  0.500000  8.060384  0.503784  7.999241
18  0.499023  8.075842  0.503784  7.998982
19  0.496338  8.118892  0.509033  7.914163
20  0.492554  8.179690  0.494629  8.146157
21  0.493408  8.165758  0.506714  7.951228
22  0.500122  8.057417  0.493530  8.163611
23  0.503784  7.998293  0.499878  8.061213
24  0.502197  8.023797  0.501099  8.041474
25  0.498169  8.088670  0.500244  8.055200
26  0.507568  7.937131  0.492798  8.175188
27  0.495728  8.127955  0.510742  7.885937
28  0.503052  8.009885  0.496582  8.114158
29  0.495239  8.135796  0.485229  8.297131
30  0.505737  7.966581  0.511963  7.866234
31  0.499512  8.066922  0.501587  8.033472

2017-12-11 06:43:27.089613 Finish.
Total elapsed time: 04:11:38.09.
