2017-12-11 01:02:28.423832: W tensorflow/core/platform/cpu_feature_guard.cc:45] The TensorFlow library wasn't compiled to use SSE4.1 instructions, but these are available on your machine and could speed up CPU computations.
2017-12-11 01:02:28.423982: W tensorflow/core/platform/cpu_feature_guard.cc:45] The TensorFlow library wasn't compiled to use SSE4.2 instructions, but these are available on your machine and could speed up CPU computations.
2017-12-11 01:02:28.423992: W tensorflow/core/platform/cpu_feature_guard.cc:45] The TensorFlow library wasn't compiled to use AVX instructions, but these are available on your machine and could speed up CPU computations.
2017-12-11 01:02:28.423996: W tensorflow/core/platform/cpu_feature_guard.cc:45] The TensorFlow library wasn't compiled to use AVX2 instructions, but these are available on your machine and could speed up CPU computations.
2017-12-11 01:02:28.424001: W tensorflow/core/platform/cpu_feature_guard.cc:45] The TensorFlow library wasn't compiled to use FMA instructions, but these are available on your machine and could speed up CPU computations.
Using TensorFlow backend.
2017-12-11 01:02:26.341329 Start.
Training dot-product context-aware convnet on BirdVox-70k. 
Training set: unit02, unit03, unit05.
Validation set: unit07, unit10.
Test set: unit01.

h5py version: 2.6.0
keras version: 2.0.6
numpy version: 1.13.1
pandas version: 0.20.3
pescador version: 1.0.0
tensorflow version: 1.2.1

____________________________________________________________________________________________________
Layer (type)                     Output Shape          Param #     Connected to                     
====================================================================================================
spec_input (InputLayer)          (None, 128, 104, 1)   0                                            
____________________________________________________________________________________________________
spec_bn (BatchNormalization)     (None, 128, 104, 1)   4           spec_input[0][0]                 
____________________________________________________________________________________________________
spec_conv1 (Conv2D)              (None, 128, 104, 24)  624         spec_bn[0][0]                    
____________________________________________________________________________________________________
spec_pool1 (MaxPooling2D)        (None, 64, 26, 24)    0           spec_conv1[0][0]                 
____________________________________________________________________________________________________
bg_input (InputLayer)            (None, 128, 9)        0                                            
____________________________________________________________________________________________________
spec_conv2 (Conv2D)              (None, 64, 26, 48)    28848       spec_pool1[0][0]                 
____________________________________________________________________________________________________
bg_pool (AveragePooling1D)       (None, 32, 9)         0           bg_input[0][0]                   
____________________________________________________________________________________________________
spec_pool2 (MaxPooling2D)        (None, 32, 6, 48)     0           spec_conv2[0][0]                 
____________________________________________________________________________________________________
bg_permute (Permute)             (None, 9, 32)         0           bg_pool[0][0]                    
____________________________________________________________________________________________________
spec_conv3 (Conv2D)              (None, 32, 6, 48)     57648       spec_pool2[0][0]                 
____________________________________________________________________________________________________
bg_conv (Conv1D)                 (None, 9, 8)          264         bg_permute[0][0]                 
____________________________________________________________________________________________________
spec_flatten (Flatten)           (None, 9216)          0           spec_conv3[0][0]                 
____________________________________________________________________________________________________
bg_flatten (Flatten)             (None, 72)            0           bg_conv[0][0]                    
____________________________________________________________________________________________________
spec_dense1 (Dense)              (None, 64)            589888      spec_flatten[0][0]               
____________________________________________________________________________________________________
bg_dense1 (Dense)                (None, 64)            4672        bg_flatten[0][0]                 
____________________________________________________________________________________________________
dot (Dot)                        (None, 1)             0           spec_dense1[0][0]                
                                                                   bg_dense1[0][0]                  
____________________________________________________________________________________________________
dense (Dense)                    (None, 1)             2           dot[0][0]                        
====================================================================================================
Total params: 681,950
Trainable params: 681,948
Non-trainable params: 2
____________________________________________________________________________________________________
         acc      loss   val_acc  val_loss
0   0.505005  7.980043  0.505249  7.975555
1   0.508789  7.918161  0.502686  8.016273
2   0.497070  8.106622  0.497925  8.092725
3   0.495117  8.137905  0.509277  7.909614
4   0.507080  7.944997  0.500610  8.049251
5   0.496948  8.108264  0.501587  8.033486
6   0.490234  8.216462  0.497559  8.098405
7   0.493408  8.165299  0.495117  8.137752
8   0.493896  8.200545  0.503052  8.134056
9   0.500000  8.143391  0.501587  8.086675
10  0.504150  8.023252  0.510254  7.905972
11  0.497437  8.094719  0.498413  8.065136
12  0.498413  8.054045  0.506836  7.909773
13  0.497681  8.047817  0.500366  7.997885
14  0.498779  8.017572  0.503784  7.932749
15  0.494995  8.068931  0.499512  7.993411
16  0.504761  7.907008  0.499268  7.992169
17  0.499756  7.982541  0.502197  7.941996
18  0.497192  8.020566  0.509888  7.817108
19  0.511597  7.789077  0.508301  7.840943
20  0.497803  8.007818  0.506104  7.875066
21  0.496338  8.030460  0.502319  7.934854
22  0.495361  8.045612  0.496826  8.022119
23  0.499390  7.981158  0.508301  7.839018
24  0.490356  8.125045  0.500244  7.967374
25  0.500488  7.963458  0.502563  7.930356
26  0.499146  7.984836  0.499023  7.986773
27  0.503174  7.920602  0.510742  7.799941
28  0.498291  8.018207  0.499268  8.015108
29  0.497803  8.020808  0.493286  8.083619
30  0.493164  8.082861  0.505859  7.878880
31  0.502319  7.934778  0.505127  7.889690

2017-12-11 05:15:48.108191 Finish.
Total elapsed time: 04:13:22.11.
