2017-12-11 01:02:42.904652: W tensorflow/core/platform/cpu_feature_guard.cc:45] The TensorFlow library wasn't compiled to use SSE4.1 instructions, but these are available on your machine and could speed up CPU computations.
2017-12-11 01:02:42.904776: W tensorflow/core/platform/cpu_feature_guard.cc:45] The TensorFlow library wasn't compiled to use SSE4.2 instructions, but these are available on your machine and could speed up CPU computations.
2017-12-11 01:02:42.904786: W tensorflow/core/platform/cpu_feature_guard.cc:45] The TensorFlow library wasn't compiled to use AVX instructions, but these are available on your machine and could speed up CPU computations.
2017-12-11 01:02:42.904790: W tensorflow/core/platform/cpu_feature_guard.cc:45] The TensorFlow library wasn't compiled to use AVX2 instructions, but these are available on your machine and could speed up CPU computations.
2017-12-11 01:02:42.904794: W tensorflow/core/platform/cpu_feature_guard.cc:45] The TensorFlow library wasn't compiled to use FMA instructions, but these are available on your machine and could speed up CPU computations.
Using TensorFlow backend.
2017-12-11 01:02:40.316833 Start.
Training dot-product context-aware convnet on BirdVox-70k. 
Training set: unit01, unit02, unit03.
Validation set: unit05, unit07.
Test set: unit10.

h5py version: 2.6.0
keras version: 2.0.6
numpy version: 1.13.1
pandas version: 0.20.3
pescador version: 1.0.0
tensorflow version: 1.2.1

____________________________________________________________________________________________________
Layer (type)                     Output Shape          Param #     Connected to                     
====================================================================================================
spec_input (InputLayer)          (None, 128, 104, 1)   0                                            
____________________________________________________________________________________________________
spec_bn (BatchNormalization)     (None, 128, 104, 1)   4           spec_input[0][0]                 
____________________________________________________________________________________________________
spec_conv1 (Conv2D)              (None, 128, 104, 24)  624         spec_bn[0][0]                    
____________________________________________________________________________________________________
spec_pool1 (MaxPooling2D)        (None, 64, 26, 24)    0           spec_conv1[0][0]                 
____________________________________________________________________________________________________
bg_input (InputLayer)            (None, 128, 9)        0                                            
____________________________________________________________________________________________________
spec_conv2 (Conv2D)              (None, 64, 26, 48)    28848       spec_pool1[0][0]                 
____________________________________________________________________________________________________
bg_pool (AveragePooling1D)       (None, 32, 9)         0           bg_input[0][0]                   
____________________________________________________________________________________________________
spec_pool2 (MaxPooling2D)        (None, 32, 6, 48)     0           spec_conv2[0][0]                 
____________________________________________________________________________________________________
bg_permute (Permute)             (None, 9, 32)         0           bg_pool[0][0]                    
____________________________________________________________________________________________________
spec_conv3 (Conv2D)              (None, 32, 6, 48)     57648       spec_pool2[0][0]                 
____________________________________________________________________________________________________
bg_conv (Conv1D)                 (None, 9, 8)          264         bg_permute[0][0]                 
____________________________________________________________________________________________________
spec_flatten (Flatten)           (None, 9216)          0           spec_conv3[0][0]                 
____________________________________________________________________________________________________
bg_flatten (Flatten)             (None, 72)            0           bg_conv[0][0]                    
____________________________________________________________________________________________________
spec_dense1 (Dense)              (None, 64)            589888      spec_flatten[0][0]               
____________________________________________________________________________________________________
bg_dense1 (Dense)                (None, 64)            4672        bg_flatten[0][0]                 
____________________________________________________________________________________________________
dot (Dot)                        (None, 1)             0           spec_dense1[0][0]                
                                                                   bg_dense1[0][0]                  
____________________________________________________________________________________________________
dense (Dense)                    (None, 1)             2           dot[0][0]                        
====================================================================================================
Total params: 681,950
Trainable params: 681,948
Non-trainable params: 2
____________________________________________________________________________________________________
         acc      loss   val_acc  val_loss
0   0.506348  7.960857  0.512207  7.865456
1   0.496094  8.124499  0.500977  8.045225
2   0.517822  7.773299  0.496582  8.115305
3   0.493652  8.162280  0.493530  8.164036
4   0.512451  7.858917  0.492065  8.187367
5   0.499023  8.075126  0.502563  8.017988
6   0.495850  8.180237  0.502563  8.039029
7   0.494385  8.161277  0.499756  8.068738
8   0.491577  8.198133  0.510376  7.893508
9   0.506348  7.957727  0.496338  8.118585
10  0.508545  7.921618  0.510498  7.889994
11  0.504639  7.984372  0.493164  8.169278
12  0.500122  8.057109  0.506714  7.950848
13  0.498413  8.084635  0.496460  8.116112
14  0.501709  8.031506  0.501587  8.033472
15  0.506714  7.950834  0.493164  8.169231
16  0.499023  8.074789  0.492920  8.173165
17  0.504150  7.992152  0.504395  7.988216
18  0.492676  8.269890  0.495117  8.308051
19  0.501465  8.203753  0.497559  8.264696
20  0.497681  8.260691  0.502197  8.185824
21  0.487915  8.413946  0.496582  8.272141
22  0.505005  8.134264  0.487305  8.417414
23  0.500122  8.208675  0.508423  8.072709
24  0.503662  8.147272  0.502563  8.162782
25  0.509033  8.056309  0.494751  8.284292
26  0.493286  8.305688  0.497070  8.242456
27  0.490112  8.352371  0.495850  8.257638
28  0.501831  8.158974  0.490723  8.335741
29  0.502686  8.140645  0.496338  8.240656
30  0.508667  8.039634  0.494385  8.267510
31  0.502563  8.133359  0.502686  8.129039

2017-12-11 05:29:34.035928 Finish.
Total elapsed time: 04:26:54.04.
