2017-12-10 15:57:18.400825: W tensorflow/core/platform/cpu_feature_guard.cc:45] The TensorFlow library wasn't compiled to use SSE4.1 instructions, but these are available on your machine and could speed up CPU computations.
2017-12-10 15:57:18.401068: W tensorflow/core/platform/cpu_feature_guard.cc:45] The TensorFlow library wasn't compiled to use SSE4.2 instructions, but these are available on your machine and could speed up CPU computations.
2017-12-10 15:57:18.401080: W tensorflow/core/platform/cpu_feature_guard.cc:45] The TensorFlow library wasn't compiled to use AVX instructions, but these are available on your machine and could speed up CPU computations.
Using TensorFlow backend.
2017-12-10 15:57:15.946952 Start.
Training dot-product context-aware convnet on BirdVox-70k. 
Training set: unit05, unit07, unit10.
Validation set: unit01, unit02.
Test set: unit03.

h5py version: 2.6.0
keras version: 2.0.6
numpy version: 1.13.1
pandas version: 0.20.3
pescador version: 1.0.0
tensorflow version: 1.2.1

____________________________________________________________________________________________________
Layer (type)                     Output Shape          Param #     Connected to                     
====================================================================================================
spec_input (InputLayer)          (None, 128, 104, 1)   0                                            
____________________________________________________________________________________________________
spec_bn (BatchNormalization)     (None, 128, 104, 1)   4           spec_input[0][0]                 
____________________________________________________________________________________________________
spec_conv1 (Conv2D)              (None, 128, 104, 24)  624         spec_bn[0][0]                    
____________________________________________________________________________________________________
spec_pool1 (MaxPooling2D)        (None, 64, 26, 24)    0           spec_conv1[0][0]                 
____________________________________________________________________________________________________
bg_input (InputLayer)            (None, 128, 9)        0                                            
____________________________________________________________________________________________________
spec_conv2 (Conv2D)              (None, 64, 26, 48)    28848       spec_pool1[0][0]                 
____________________________________________________________________________________________________
bg_pool (AveragePooling1D)       (None, 32, 9)         0           bg_input[0][0]                   
____________________________________________________________________________________________________
spec_pool2 (MaxPooling2D)        (None, 32, 6, 48)     0           spec_conv2[0][0]                 
____________________________________________________________________________________________________
bg_permute (Permute)             (None, 9, 32)         0           bg_pool[0][0]                    
____________________________________________________________________________________________________
spec_conv3 (Conv2D)              (None, 32, 6, 48)     57648       spec_pool2[0][0]                 
____________________________________________________________________________________________________
bg_conv (Conv1D)                 (None, 9, 8)          264         bg_permute[0][0]                 
____________________________________________________________________________________________________
spec_flatten (Flatten)           (None, 9216)          0           spec_conv3[0][0]                 
____________________________________________________________________________________________________
bg_flatten (Flatten)             (None, 72)            0           bg_conv[0][0]                    
____________________________________________________________________________________________________
spec_dense1 (Dense)              (None, 64)            589888      spec_flatten[0][0]               
____________________________________________________________________________________________________
bg_dense1 (Dense)                (None, 64)            4672        bg_flatten[0][0]                 
____________________________________________________________________________________________________
multiply (Dot)                   (None, 1)             0           spec_dense1[0][0]                
                                                                   bg_dense1[0][0]                  
____________________________________________________________________________________________________
prelu (PReLU)                    (None, 1)             1           multiply[0][0]                   
____________________________________________________________________________________________________
dense (Dense)                    (None, 1)             2           prelu[0][0]                      
====================================================================================================
Total params: 681,951
Trainable params: 681,949
Non-trainable params: 2
____________________________________________________________________________________________________
         acc      loss   val_acc  val_loss
0   0.499634  8.090898  0.494629  8.168667
1   0.497314  8.122851  0.498535  8.100786
2   0.499756  8.079036  0.493408  8.179395
3   0.494995  8.152132  0.499634  8.075784
4   0.509644  7.913091  0.496216  8.128255
5   0.497437  8.107504  0.501099  8.047476
6   0.501465  8.040730  0.494263  8.156033
7   0.499268  8.074712  0.492554  8.182326
8   0.496216  8.122803  0.499023  8.077095
9   0.491577  8.196744  0.499634  8.066549
10  0.507324  7.942322  0.498535  8.083740
11  0.499146  8.073708  0.493164  8.169943
12  0.503906  7.996664  0.495117  8.138206
13  0.499390  8.069250  0.500610  8.049493
14  0.490234  8.216674  0.496826  8.110374
15  0.507812  7.933256  0.496704  8.112269
16  0.509033  7.913524  0.502930  8.011881
17  0.504883  7.980386  0.501221  8.039401
18  0.503662  8.000042  0.499023  8.074802
19  0.502808  8.013804  0.505737  7.966580
20  0.498901  8.076760  0.497070  8.106272
21  0.501831  8.029537  0.505371  7.972477
22  0.492920  8.173166  0.492676  8.177100
23  0.499146  8.072821  0.494263  8.151522
24  0.505493  7.970508  0.500000  8.059048
25  0.500977  8.043307  0.493896  8.144798
26  0.506836  8.053306  0.500854  8.179228
27  0.500610  8.164788  0.491577  8.294966
28  0.502563  8.110756  0.496704  8.196226
29  0.514282  7.909529  0.506226  8.031895
30  0.505859  8.032285  0.494995  8.200197
31  0.501343  8.094046  0.493286  8.217609

2017-12-10 20:12:23.568684 Finish.
Total elapsed time: 04:15:08.57.
