2017-12-11 02:32:11.690310: W tensorflow/core/platform/cpu_feature_guard.cc:45] The TensorFlow library wasn't compiled to use SSE4.1 instructions, but these are available on your machine and could speed up CPU computations.
2017-12-11 02:32:11.690471: W tensorflow/core/platform/cpu_feature_guard.cc:45] The TensorFlow library wasn't compiled to use SSE4.2 instructions, but these are available on your machine and could speed up CPU computations.
2017-12-11 02:32:11.690482: W tensorflow/core/platform/cpu_feature_guard.cc:45] The TensorFlow library wasn't compiled to use AVX instructions, but these are available on your machine and could speed up CPU computations.
2017-12-11 02:32:11.690487: W tensorflow/core/platform/cpu_feature_guard.cc:45] The TensorFlow library wasn't compiled to use AVX2 instructions, but these are available on your machine and could speed up CPU computations.
2017-12-11 02:32:11.690491: W tensorflow/core/platform/cpu_feature_guard.cc:45] The TensorFlow library wasn't compiled to use FMA instructions, but these are available on your machine and could speed up CPU computations.
Using TensorFlow backend.
2017-12-11 02:32:08.602432 Start.
Training dot-product context-aware convnet on BirdVox-70k. 
Training set: unit05, unit07, unit10.
Validation set: unit01, unit02.
Test set: unit03.

h5py version: 2.6.0
keras version: 2.0.6
numpy version: 1.13.1
pandas version: 0.20.3
pescador version: 1.0.0
tensorflow version: 1.2.1

____________________________________________________________________________________________________
Layer (type)                     Output Shape          Param #     Connected to                     
====================================================================================================
spec_input (InputLayer)          (None, 128, 104, 1)   0                                            
____________________________________________________________________________________________________
spec_bn (BatchNormalization)     (None, 128, 104, 1)   4           spec_input[0][0]                 
____________________________________________________________________________________________________
spec_conv1 (Conv2D)              (None, 128, 104, 24)  624         spec_bn[0][0]                    
____________________________________________________________________________________________________
spec_pool1 (MaxPooling2D)        (None, 64, 26, 24)    0           spec_conv1[0][0]                 
____________________________________________________________________________________________________
bg_input (InputLayer)            (None, 128, 9)        0                                            
____________________________________________________________________________________________________
spec_conv2 (Conv2D)              (None, 64, 26, 48)    28848       spec_pool1[0][0]                 
____________________________________________________________________________________________________
bg_pool (AveragePooling1D)       (None, 32, 9)         0           bg_input[0][0]                   
____________________________________________________________________________________________________
spec_pool2 (MaxPooling2D)        (None, 32, 6, 48)     0           spec_conv2[0][0]                 
____________________________________________________________________________________________________
bg_permute (Permute)             (None, 9, 32)         0           bg_pool[0][0]                    
____________________________________________________________________________________________________
spec_conv3 (Conv2D)              (None, 32, 6, 48)     57648       spec_pool2[0][0]                 
____________________________________________________________________________________________________
bg_conv (Conv1D)                 (None, 9, 8)          264         bg_permute[0][0]                 
____________________________________________________________________________________________________
spec_flatten (Flatten)           (None, 9216)          0           spec_conv3[0][0]                 
____________________________________________________________________________________________________
bg_flatten (Flatten)             (None, 72)            0           bg_conv[0][0]                    
____________________________________________________________________________________________________
spec_dense1 (Dense)              (None, 64)            589888      spec_flatten[0][0]               
____________________________________________________________________________________________________
bg_dense1 (Dense)                (None, 64)            4672        bg_flatten[0][0]                 
____________________________________________________________________________________________________
dot (Dot)                        (None, 1)             0           spec_dense1[0][0]                
                                                                   bg_dense1[0][0]                  
____________________________________________________________________________________________________
dense (Dense)                    (None, 1)             2           dot[0][0]                        
====================================================================================================
Total params: 681,950
Trainable params: 681,948
Non-trainable params: 2
____________________________________________________________________________________________________
         acc      loss   val_acc  val_loss
0   0.489746  8.237555  0.509277  7.920820
1   0.493408  8.175060  0.497681  8.104798
2   0.494507  8.154823  0.509277  7.915718
3   0.500488  8.056541  0.491821  8.195468
4   0.496826  8.114170  0.506226  7.962095
5   0.497192  8.107223  0.510864  7.886428
6   0.504639  7.986421  0.487061  8.269425
7   0.496338  8.119629  0.499878  8.062331
8   0.504761  7.983435  0.501099  8.042283
9   0.492310  8.183803  0.506592  7.953470
10  0.500244  8.055677  0.495239  8.136251
11  0.496826  8.110597  0.492188  8.185295
12  0.496094  8.122279  0.502441  8.019918
13  0.506226  7.958886  0.499023  8.074937
14  0.497314  8.102455  0.508911  7.915516
15  0.498413  8.084706  0.500854  8.045339
16  0.498413  8.084677  0.504517  7.986289
17  0.497925  8.092528  0.502075  8.025625
18  0.503906  7.996106  0.508667  7.919368
19  0.508057  7.929202  0.506714  7.950842
20  0.497192  8.104308  0.500854  8.045190
21  0.498779  8.200513  0.501709  8.137884
22  0.498535  8.161564  0.509033  7.970317
23  0.495850  8.161347  0.503906  8.015408
24  0.505737  7.971865  0.499512  8.057939
25  0.493896  8.136597  0.496338  8.087694
26  0.508667  7.882913  0.503784  7.953206
27  0.500366  8.001494  0.494995  8.081440
28  0.503784  7.936680  0.488403  8.177650
29  0.495605  8.059393  0.496704  8.038754
30  0.499512  7.991484  0.494507  8.069005
31  0.502686  7.936815  0.499756  7.981903

2017-12-11 06:44:09.834125 Finish.
Total elapsed time: 04:12:01.83.
