2017-12-11 01:02:28.228771: W tensorflow/core/platform/cpu_feature_guard.cc:45] The TensorFlow library wasn't compiled to use SSE4.1 instructions, but these are available on your machine and could speed up CPU computations.
2017-12-11 01:02:28.228977: W tensorflow/core/platform/cpu_feature_guard.cc:45] The TensorFlow library wasn't compiled to use SSE4.2 instructions, but these are available on your machine and could speed up CPU computations.
2017-12-11 01:02:28.228987: W tensorflow/core/platform/cpu_feature_guard.cc:45] The TensorFlow library wasn't compiled to use AVX instructions, but these are available on your machine and could speed up CPU computations.
2017-12-11 01:02:28.228992: W tensorflow/core/platform/cpu_feature_guard.cc:45] The TensorFlow library wasn't compiled to use AVX2 instructions, but these are available on your machine and could speed up CPU computations.
2017-12-11 01:02:28.228996: W tensorflow/core/platform/cpu_feature_guard.cc:45] The TensorFlow library wasn't compiled to use FMA instructions, but these are available on your machine and could speed up CPU computations.
Using TensorFlow backend.
2017-12-11 01:02:26.341388 Start.
Training dot-product context-aware convnet on BirdVox-70k. 
Training set: unit07, unit10, unit01.
Validation set: unit02, unit03.
Test set: unit05.

h5py version: 2.6.0
keras version: 2.0.6
numpy version: 1.13.1
pandas version: 0.20.3
pescador version: 1.0.0
tensorflow version: 1.2.1

____________________________________________________________________________________________________
Layer (type)                     Output Shape          Param #     Connected to                     
====================================================================================================
spec_input (InputLayer)          (None, 128, 104, 1)   0                                            
____________________________________________________________________________________________________
spec_bn (BatchNormalization)     (None, 128, 104, 1)   4           spec_input[0][0]                 
____________________________________________________________________________________________________
spec_conv1 (Conv2D)              (None, 128, 104, 24)  624         spec_bn[0][0]                    
____________________________________________________________________________________________________
spec_pool1 (MaxPooling2D)        (None, 64, 26, 24)    0           spec_conv1[0][0]                 
____________________________________________________________________________________________________
bg_input (InputLayer)            (None, 128, 9)        0                                            
____________________________________________________________________________________________________
spec_conv2 (Conv2D)              (None, 64, 26, 48)    28848       spec_pool1[0][0]                 
____________________________________________________________________________________________________
bg_pool (AveragePooling1D)       (None, 32, 9)         0           bg_input[0][0]                   
____________________________________________________________________________________________________
spec_pool2 (MaxPooling2D)        (None, 32, 6, 48)     0           spec_conv2[0][0]                 
____________________________________________________________________________________________________
bg_permute (Permute)             (None, 9, 32)         0           bg_pool[0][0]                    
____________________________________________________________________________________________________
spec_conv3 (Conv2D)              (None, 32, 6, 48)     57648       spec_pool2[0][0]                 
____________________________________________________________________________________________________
bg_conv (Conv1D)                 (None, 9, 8)          264         bg_permute[0][0]                 
____________________________________________________________________________________________________
spec_flatten (Flatten)           (None, 9216)          0           spec_conv3[0][0]                 
____________________________________________________________________________________________________
bg_flatten (Flatten)             (None, 72)            0           bg_conv[0][0]                    
____________________________________________________________________________________________________
spec_dense1 (Dense)              (None, 64)            589888      spec_flatten[0][0]               
____________________________________________________________________________________________________
bg_dense1 (Dense)                (None, 64)            4672        bg_flatten[0][0]                 
____________________________________________________________________________________________________
dot (Dot)                        (None, 1)             0           spec_dense1[0][0]                
                                                                   bg_dense1[0][0]                  
____________________________________________________________________________________________________
dense (Dense)                    (None, 1)             2           dot[0][0]                        
====================================================================================================
Total params: 681,950
Trainable params: 681,948
Non-trainable params: 2
____________________________________________________________________________________________________
         acc      loss   val_acc  val_loss
0   0.500854  7.971638  0.507324  7.866903
1   0.494507  8.069891  0.492798  8.095874
2   0.505127  7.898241  0.499390  7.988698
3   0.502930  7.931398  0.497925  8.010379
4   0.498413  8.001902  0.489868  8.137480
5   0.502930  7.928693  0.495728  8.042994
6   0.498291  8.001685  0.492188  8.098577
7   0.498779  7.993139  0.488403  8.158231
8   0.496216  8.033406  0.500732  7.961146
9   0.507812  7.848058  0.503662  7.914027
10  0.494141  8.065657  0.507568  7.851435
11  0.502197  7.936936  0.502441  7.932928
12  0.481812  8.261722  0.494629  8.057296
13  0.504517  7.899591  0.500122  7.969586
14  0.494629  8.057107  0.505249  7.887750
15  0.496460  8.027830  0.507935  7.844863
16  0.503418  7.916841  0.515625  7.722207
17  0.504150  7.905120  0.490845  8.117227
18  0.488281  8.158081  0.490234  8.126931
19  0.494385  8.060755  0.501953  7.940089
20  0.508667  7.833048  0.493896  8.068519
21  0.508423  7.836930  0.501709  7.943961
22  0.507324  7.854438  0.502441  7.931891
23  0.496460  8.180722  0.500244  8.290226
24  0.500610  8.266027  0.510132  8.096442
25  0.500366  8.240587  0.496216  8.295009
26  0.501221  8.203279  0.492432  8.334304
27  0.496582  8.257696  0.505005  8.112507
28  0.497192  8.229707  0.495361  8.250717
29  0.496216  8.229037  0.501709  8.132779
30  0.492798  8.269224  0.499634  8.152029
31  0.504272  8.070748  0.496948  8.182452

2017-12-11 05:15:15.164074 Finish.
Total elapsed time: 04:12:49.16.
