2017-12-10 19:13:31.440086: W tensorflow/core/platform/cpu_feature_guard.cc:45] The TensorFlow library wasn't compiled to use SSE4.1 instructions, but these are available on your machine and could speed up CPU computations.
2017-12-10 19:13:31.440296: W tensorflow/core/platform/cpu_feature_guard.cc:45] The TensorFlow library wasn't compiled to use SSE4.2 instructions, but these are available on your machine and could speed up CPU computations.
2017-12-10 19:13:31.440308: W tensorflow/core/platform/cpu_feature_guard.cc:45] The TensorFlow library wasn't compiled to use AVX instructions, but these are available on your machine and could speed up CPU computations.
Using TensorFlow backend.
2017-12-10 19:13:29.198437 Start.
Training dot-product context-aware convnet on BirdVox-70k. 
Training set: unit02, unit03, unit05.
Validation set: unit07, unit10.
Test set: unit01.

h5py version: 2.6.0
keras version: 2.0.6
numpy version: 1.13.1
pandas version: 0.20.3
pescador version: 1.0.0
tensorflow version: 1.2.1

____________________________________________________________________________________________________
Layer (type)                     Output Shape          Param #     Connected to                     
====================================================================================================
spec_input (InputLayer)          (None, 128, 104, 1)   0                                            
____________________________________________________________________________________________________
spec_bn (BatchNormalization)     (None, 128, 104, 1)   4           spec_input[0][0]                 
____________________________________________________________________________________________________
spec_conv1 (Conv2D)              (None, 128, 104, 24)  624         spec_bn[0][0]                    
____________________________________________________________________________________________________
spec_pool1 (MaxPooling2D)        (None, 64, 26, 24)    0           spec_conv1[0][0]                 
____________________________________________________________________________________________________
bg_input (InputLayer)            (None, 128, 9)        0                                            
____________________________________________________________________________________________________
spec_conv2 (Conv2D)              (None, 64, 26, 48)    28848       spec_pool1[0][0]                 
____________________________________________________________________________________________________
bg_pool (AveragePooling1D)       (None, 32, 9)         0           bg_input[0][0]                   
____________________________________________________________________________________________________
spec_pool2 (MaxPooling2D)        (None, 32, 6, 48)     0           spec_conv2[0][0]                 
____________________________________________________________________________________________________
bg_permute (Permute)             (None, 9, 32)         0           bg_pool[0][0]                    
____________________________________________________________________________________________________
spec_conv3 (Conv2D)              (None, 32, 6, 48)     57648       spec_pool2[0][0]                 
____________________________________________________________________________________________________
bg_conv (Conv1D)                 (None, 9, 8)          264         bg_permute[0][0]                 
____________________________________________________________________________________________________
spec_flatten (Flatten)           (None, 9216)          0           spec_conv3[0][0]                 
____________________________________________________________________________________________________
bg_flatten (Flatten)             (None, 72)            0           bg_conv[0][0]                    
____________________________________________________________________________________________________
spec_dense1 (Dense)              (None, 64)            589888      spec_flatten[0][0]               
____________________________________________________________________________________________________
bg_dense1 (Dense)                (None, 64)            4672        bg_flatten[0][0]                 
____________________________________________________________________________________________________
multiply (Dot)                   (None, 1)             0           spec_dense1[0][0]                
                                                                   bg_dense1[0][0]                  
____________________________________________________________________________________________________
prelu (PReLU)                    (None, 1)             1           multiply[0][0]                   
____________________________________________________________________________________________________
dense (Dense)                    (None, 1)             2           prelu[0][0]                      
====================================================================================================
Total params: 681,951
Trainable params: 681,949
Non-trainable params: 2
____________________________________________________________________________________________________
         acc      loss   val_acc  val_loss
0   0.502808  8.061828  0.500610  8.094051
1   0.493774  8.201354  0.501709  8.070695
2   0.496216  8.156730  0.498291  8.120870
3   0.492432  8.213122  0.489258  8.262165
4   0.504639  8.012329  0.505371  7.998660
5   0.488281  8.272411  0.504883  8.003174
6   0.508179  7.948534  0.500977  8.063147
7   0.495605  8.148363  0.494385  8.166722
8   0.501465  8.013501  0.510010  7.840367
9   0.508301  7.859256  0.503784  7.926273
10  0.508423  7.850062  0.503906  7.920323
11  0.497925  8.014505  0.510620  7.811071
12  0.490723  8.127430  0.502441  7.939803
13  0.495239  8.053915  0.507446  7.858629
14  0.503662  7.918351  0.497925  8.009235
15  0.499878  7.977575  0.504883  7.897287
16  0.494629  8.060315  0.499512  7.982049
17  0.503174  7.923296  0.508057  7.845102
18  0.496948  8.021893  0.503418  7.918464
19  0.494629  8.058339  0.502930  7.925777
20  0.496338  8.030675  0.492676  8.088881
21  0.498169  8.001160  0.503174  7.921236
22  0.506104  7.874421  0.501709  7.944381
23  0.505005  7.891758  0.497681  8.008453
24  0.500244  7.967530  0.509521  7.819577
25  0.504028  7.907114  0.502075  7.938219
26  0.499146  7.984901  0.497559  8.010179
27  0.501099  7.953727  0.496460  8.027665
28  0.508423  7.842469  0.504028  8.100363
29  0.496948  8.270497  0.499756  8.198096
30  0.504028  8.110065  0.502319  8.121020
31  0.497437  8.186678  0.501343  8.111764

2017-12-10 23:37:28.402475 Finish.
Total elapsed time: 04:23:59.40.
