2017-12-10 19:13:25.965169: W tensorflow/core/platform/cpu_feature_guard.cc:45] The TensorFlow library wasn't compiled to use SSE4.1 instructions, but these are available on your machine and could speed up CPU computations.
2017-12-10 19:13:25.965406: W tensorflow/core/platform/cpu_feature_guard.cc:45] The TensorFlow library wasn't compiled to use SSE4.2 instructions, but these are available on your machine and could speed up CPU computations.
2017-12-10 19:13:25.965417: W tensorflow/core/platform/cpu_feature_guard.cc:45] The TensorFlow library wasn't compiled to use AVX instructions, but these are available on your machine and could speed up CPU computations.
Using TensorFlow backend.
2017-12-10 19:13:23.926147 Start.
Training dot-product context-aware convnet on BirdVox-70k. 
Training set: unit07, unit10, unit01.
Validation set: unit02, unit03.
Test set: unit05.

h5py version: 2.6.0
keras version: 2.0.6
numpy version: 1.13.1
pandas version: 0.20.3
pescador version: 1.0.0
tensorflow version: 1.2.1

____________________________________________________________________________________________________
Layer (type)                     Output Shape          Param #     Connected to                     
====================================================================================================
spec_input (InputLayer)          (None, 128, 104, 1)   0                                            
____________________________________________________________________________________________________
spec_bn (BatchNormalization)     (None, 128, 104, 1)   4           spec_input[0][0]                 
____________________________________________________________________________________________________
spec_conv1 (Conv2D)              (None, 128, 104, 24)  624         spec_bn[0][0]                    
____________________________________________________________________________________________________
spec_pool1 (MaxPooling2D)        (None, 64, 26, 24)    0           spec_conv1[0][0]                 
____________________________________________________________________________________________________
bg_input (InputLayer)            (None, 128, 9)        0                                            
____________________________________________________________________________________________________
spec_conv2 (Conv2D)              (None, 64, 26, 48)    28848       spec_pool1[0][0]                 
____________________________________________________________________________________________________
bg_pool (AveragePooling1D)       (None, 32, 9)         0           bg_input[0][0]                   
____________________________________________________________________________________________________
spec_pool2 (MaxPooling2D)        (None, 32, 6, 48)     0           spec_conv2[0][0]                 
____________________________________________________________________________________________________
bg_permute (Permute)             (None, 9, 32)         0           bg_pool[0][0]                    
____________________________________________________________________________________________________
spec_conv3 (Conv2D)              (None, 32, 6, 48)     57648       spec_pool2[0][0]                 
____________________________________________________________________________________________________
bg_conv (Conv1D)                 (None, 9, 8)          264         bg_permute[0][0]                 
____________________________________________________________________________________________________
spec_flatten (Flatten)           (None, 9216)          0           spec_conv3[0][0]                 
____________________________________________________________________________________________________
bg_flatten (Flatten)             (None, 72)            0           bg_conv[0][0]                    
____________________________________________________________________________________________________
spec_dense1 (Dense)              (None, 64)            589888      spec_flatten[0][0]               
____________________________________________________________________________________________________
bg_dense1 (Dense)                (None, 64)            4672        bg_flatten[0][0]                 
____________________________________________________________________________________________________
multiply (Dot)                   (None, 1)             0           spec_dense1[0][0]                
                                                                   bg_dense1[0][0]                  
____________________________________________________________________________________________________
prelu (PReLU)                    (None, 1)             1           multiply[0][0]                   
____________________________________________________________________________________________________
dense (Dense)                    (None, 1)             2           prelu[0][0]                      
====================================================================================================
Total params: 681,951
Trainable params: 681,949
Non-trainable params: 2
____________________________________________________________________________________________________
         acc      loss   val_acc  val_loss
0   0.503662  8.026129  0.504517  8.009173
1   0.503906  8.016284  0.497437  8.118012
2   0.491455  8.212245  0.501953  8.041005
3   0.500977  8.055024  0.501953  8.037684
4   0.498169  8.097333  0.496582  8.121667
5   0.498291  8.093085  0.497681  8.101968
6   0.495605  8.134628  0.500244  8.059138
7   0.506226  7.962137  0.496582  8.117032
8   0.498901  8.079210  0.498047  8.092584
9   0.497314  8.104068  0.502686  8.017205
10  0.505371  7.973687  0.498169  8.089562
11  0.500732  8.048078  0.498779  8.079409
12  0.499268  8.071421  0.501831  8.029998
13  0.492676  8.177482  0.491943  8.189214
14  0.496826  8.110456  0.500000  8.059249
15  0.498169  8.088724  0.503662  8.000151
16  0.504028  7.994223  0.498291  8.086674
17  0.495850  8.126009  0.496948  8.108286
18  0.498291  8.086632  0.492188  8.185000
19  0.503052  8.009882  0.495972  8.123994
20  0.502075  8.025613  0.498657  8.080700
21  0.487427  8.261712  0.505005  7.978384
22  0.501953  8.027571  0.496094  8.122012
23  0.494019  8.155459  0.495972  8.123978
24  0.508423  7.923288  0.499023  8.074789
25  0.506958  7.946898  0.497925  8.092496
26  0.508057  7.929190  0.497437  8.100366
27  0.489014  8.209332  0.500488  8.003393
28  0.499512  8.142463  0.502197  8.053002
29  0.502930  8.013845  0.495728  8.108056
30  0.495117  8.105490  0.494385  8.107216
31  0.500244  8.007192  0.499756  8.009420

2017-12-10 23:34:42.709270 Finish.
Total elapsed time: 04:21:19.71.
