2017-12-13 17:55:24.272177: W tensorflow/core/platform/cpu_feature_guard.cc:45] The TensorFlow library wasn't compiled to use SSE4.1 instructions, but these are available on your machine and could speed up CPU computations.
2017-12-13 17:55:24.272369: W tensorflow/core/platform/cpu_feature_guard.cc:45] The TensorFlow library wasn't compiled to use SSE4.2 instructions, but these are available on your machine and could speed up CPU computations.
2017-12-13 17:55:24.272382: W tensorflow/core/platform/cpu_feature_guard.cc:45] The TensorFlow library wasn't compiled to use AVX instructions, but these are available on your machine and could speed up CPU computations.
Using TensorFlow backend.
2017-12-13 17:54:15.517995 Start.
Training Salamon's ICASSP 2017 convnet on BirdVox-70k
with PCEN input instead of logmelspec.
Training set: unit10, unit01, unit02.
Validation set: unit03, unit05.
Test set: unit07.

h5py version: 2.6.0
keras version: 2.0.6
numpy version: 1.13.1
pandas version: 0.20.3
pescador version: 1.0.0
tensorflow version: 1.2.1

_________________________________________________________________
Layer (type)                 Output Shape              Param #   
=================================================================
input_1 (InputLayer)         (None, 128, 104, 1)       0         
_________________________________________________________________
batch_normalization_1 (Batch (None, 128, 104, 1)       4         
_________________________________________________________________
conv2d_1 (Conv2D)            (None, 128, 104, 24)      624       
_________________________________________________________________
max_pooling2d_1 (MaxPooling2 (None, 64, 26, 24)        0         
_________________________________________________________________
conv2d_2 (Conv2D)            (None, 64, 26, 48)        28848     
_________________________________________________________________
max_pooling2d_2 (MaxPooling2 (None, 32, 6, 48)         0         
_________________________________________________________________
conv2d_3 (Conv2D)            (None, 32, 6, 48)         57648     
_________________________________________________________________
flatten_1 (Flatten)          (None, 9216)              0         
_________________________________________________________________
dense_1 (Dense)              (None, 64)                589888    
_________________________________________________________________
dense_2 (Dense)              (None, 1)                 65        
=================================================================
Total params: 677,077
Trainable params: 677,075
Non-trainable params: 2
_________________________________________________________________
         acc      loss   val_acc  val_loss
0   0.505615  7.982810  0.493896  8.170458
1   0.500732  8.059188  0.495239  8.146690
2   0.511230  7.888016  0.491821  8.199968
3   0.500122  8.065379  0.493896  8.164959
4   0.493652  8.168209  0.494507  8.153778
5   0.493164  8.174833  0.503906  8.001127
6   0.495239  8.140321  0.500000  8.063108
7   0.499023  8.078424  0.511841  7.871429
8   0.489136  8.235338  0.497192  8.226142
9   0.496094  8.213123  0.484863  8.370778
10  0.496704  8.169888  0.507568  7.987053
11  0.507690  7.979958  0.503784  8.038445
12  0.496826  8.147039  0.491455  8.230322
13  0.503052  8.040577  0.502441  8.047730
14  0.495728  8.153557  0.497192  8.127658
15  0.499512  8.088214  0.493408  8.184609
16  0.495850  8.143469  0.500488  8.066983
17  0.495361  8.148071  0.508545  7.934092
18  0.505127  7.987856  0.510254  7.903950
19  0.499878  8.070065  0.503784  8.006033
20  0.501099  8.048379  0.497803  8.100613
21  0.505005  7.983755  0.510498  7.894488
22  0.507202  7.946989  0.502563  8.021173
23  0.495728  8.130863  0.505371  7.974970
24  0.511963  7.868342  0.502686  8.017526
25  0.496094  8.123486  0.497559  8.099614
26  0.505249  7.975448  0.492065  8.187752
27  0.494019  8.156121  0.498169  8.089090
28  0.498047  8.090954  0.501587  8.033803
29  0.502197  8.023896  0.494629  8.145822
30  0.508667  7.919510  0.494141  8.153609
31  0.500854  8.045366  0.497437  8.100433

2017-12-13 22:29:02.600283 Finish.
Total elapsed time: 04:34:47.60.
