2017-11-26 06:35:48.916006: W tensorflow/core/platform/cpu_feature_guard.cc:45] The TensorFlow library wasn't compiled to use SSE4.1 instructions, but these are available on your machine and could speed up CPU computations.
2017-11-26 06:35:48.916320: W tensorflow/core/platform/cpu_feature_guard.cc:45] The TensorFlow library wasn't compiled to use SSE4.2 instructions, but these are available on your machine and could speed up CPU computations.
2017-11-26 06:35:48.916341: W tensorflow/core/platform/cpu_feature_guard.cc:45] The TensorFlow library wasn't compiled to use AVX instructions, but these are available on your machine and could speed up CPU computations.
2017-11-26 06:35:48.916352: W tensorflow/core/platform/cpu_feature_guard.cc:45] The TensorFlow library wasn't compiled to use AVX2 instructions, but these are available on your machine and could speed up CPU computations.
2017-11-26 06:35:48.916362: W tensorflow/core/platform/cpu_feature_guard.cc:45] The TensorFlow library wasn't compiled to use FMA instructions, but these are available on your machine and could speed up CPU computations.
Using TensorFlow backend.
2017-11-26 06:35:36.069463 Start.
Training Salamon's ICASSP 2017 convnet on BirdVox-70k
with PCEN input instead of logmelspec.
Training set: unit01, unit02, unit03.
Validation set: unit05, unit07.
Test set: unit10.

h5py version: 2.6.0
keras version: 2.0.6
numpy version: 1.13.1
pandas version: 0.20.3
pescador version: 1.0.0
tensorflow version: 1.2.1

_________________________________________________________________
Layer (type)                 Output Shape              Param #   
=================================================================
input_1 (InputLayer)         (None, 128, 104, 1)       0         
_________________________________________________________________
batch_normalization_1 (Batch (None, 128, 104, 1)       4         
_________________________________________________________________
conv2d_1 (Conv2D)            (None, 128, 104, 24)      624       
_________________________________________________________________
max_pooling2d_1 (MaxPooling2 (None, 64, 26, 24)        0         
_________________________________________________________________
conv2d_2 (Conv2D)            (None, 64, 26, 48)        28848     
_________________________________________________________________
max_pooling2d_2 (MaxPooling2 (None, 32, 6, 48)         0         
_________________________________________________________________
conv2d_3 (Conv2D)            (None, 32, 6, 48)         57648     
_________________________________________________________________
flatten_1 (Flatten)          (None, 9216)              0         
_________________________________________________________________
dense_1 (Dense)              (None, 64)                589888    
_________________________________________________________________
dense_2 (Dense)              (None, 1)                 65        
=================================================================
Total params: 677,077
Trainable params: 677,075
Non-trainable params: 2
_________________________________________________________________
         acc      loss   val_acc  val_loss
0   0.548828  0.878376  0.526001  0.702423
1   0.634399  3.258570  0.621338  4.743753
2   0.641113  4.708383  0.646118  4.635669
3   0.616455  4.784978  0.668701  4.647078
4   0.654419  4.744596  0.659668  4.697066
5   0.660400  4.719252  0.690918  4.463759
6   0.673340  4.676506  0.682861  4.671510
7   0.676880  4.644121  0.690186  4.576391
8   0.687988  4.506622  0.684814  4.622770
9   0.682251  4.605108  0.691040  4.684835
10  0.675049  4.610888  0.686157  4.474142
11  0.675293  4.625093  0.693604  4.481736
12  0.688599  4.484235  0.691528  4.501735
13  0.679321  4.647815  0.694336  4.466447
14  0.682495  4.619871  0.670532  4.742106
15  0.690308  4.529382  0.689941  4.396221
16  0.696411  4.464909  0.688110  4.640827
17  0.690186  4.592828  0.689453  4.532811
18  0.687378  4.647375  0.677612  4.513557
19  0.701660  4.445353  0.691772  4.501756
20  0.691162  4.587980  0.677734  4.608684
21  0.689697  4.595144  0.674927  4.581465
22  0.695923  4.531498  0.569702  4.566214
23  0.691528  4.541750  0.687500  4.624664
24  0.693481  4.576874  0.665527  4.697756
25  0.695557  4.482746  0.678955  4.590297
26  0.708008  4.333305  0.646851  4.619905
27  0.701904  4.464033  0.687866  4.536857
28  0.692627  4.574325  0.696533  4.465257
29  0.699951  4.466257  0.685425  4.598833
30  0.695068  4.580634  0.689941  4.589932
31  0.697266  4.503659  0.691650  4.520523

2017-11-26 09:51:49.032946 Finish.
Total elapsed time: 03:16:13.03.
