2017-11-25 03:53:20.664236: W tensorflow/core/platform/cpu_feature_guard.cc:45] The TensorFlow library wasn't compiled to use SSE4.1 instructions, but these are available on your machine and could speed up CPU computations.
2017-11-25 03:53:20.664373: W tensorflow/core/platform/cpu_feature_guard.cc:45] The TensorFlow library wasn't compiled to use SSE4.2 instructions, but these are available on your machine and could speed up CPU computations.
2017-11-25 03:53:20.664388: W tensorflow/core/platform/cpu_feature_guard.cc:45] The TensorFlow library wasn't compiled to use AVX instructions, but these are available on your machine and could speed up CPU computations.
Using TensorFlow backend.
2017-11-25 03:53:19.672884 Start.
Training Salamon's ICASSP 2017 convnet on BirdVox-70k
with PCEN input instead of logmelspec.
Training set: unit01, unit02, unit03.
Validation set: unit05, unit07.
Test set: unit10.

h5py version: 2.6.0
keras version: 2.0.6
numpy version: 1.13.1
pandas version: 0.20.3
pescador version: 1.0.0
tensorflow version: 1.2.1

_________________________________________________________________
Layer (type)                 Output Shape              Param #   
=================================================================
input_1 (InputLayer)         (None, 128, 104, 1)       0         
_________________________________________________________________
batch_normalization_1 (Batch (None, 128, 104, 1)       4         
_________________________________________________________________
conv2d_1 (Conv2D)            (None, 128, 104, 24)      624       
_________________________________________________________________
max_pooling2d_1 (MaxPooling2 (None, 64, 26, 24)        0         
_________________________________________________________________
conv2d_2 (Conv2D)            (None, 64, 26, 48)        28848     
_________________________________________________________________
max_pooling2d_2 (MaxPooling2 (None, 32, 6, 48)         0         
_________________________________________________________________
conv2d_3 (Conv2D)            (None, 32, 6, 48)         57648     
_________________________________________________________________
flatten_1 (Flatten)          (None, 9216)              0         
_________________________________________________________________
dense_1 (Dense)              (None, 64)                589888    
_________________________________________________________________
dense_2 (Dense)              (None, 1)                 65        
=================================================================
Total params: 677,077
Trainable params: 677,075
Non-trainable params: 2
_________________________________________________________________
         acc      loss   val_acc  val_loss
0   0.504761  7.872680  0.498779  8.036288
1   0.491089  8.153810  0.512207  7.812675
2   0.510620  7.834297  0.498291  8.027412
3   0.501221  7.977735  0.500610  7.984665
4   0.490967  8.135976  0.502441  7.950751
5   0.500610  7.977953  0.501709  7.958565
6   0.498413  8.009489  0.502563  7.941798
7   0.495483  8.053359  0.500488  7.972337
8   0.499268  7.990742  0.500610  7.968347
9   0.498779  7.996695  0.499268  7.988124
10  0.501221  7.956319  0.494995  8.054949
11  0.493774  8.073887  0.502686  7.931337
12  0.495728  8.041858  0.495361  8.047320
13  0.495239  8.048955  0.501099  7.955256
14  0.502197  7.937505  0.497192  8.017078
15  0.491943  8.184654  0.503906  8.009474

2017-11-25 05:54:38.748773 Finish.
Total elapsed time: 02:01:19.75.
