2017-11-24 10:31:10.131118: W tensorflow/core/platform/cpu_feature_guard.cc:45] The TensorFlow library wasn't compiled to use SSE4.1 instructions, but these are available on your machine and could speed up CPU computations.
2017-11-24 10:31:10.131304: W tensorflow/core/platform/cpu_feature_guard.cc:45] The TensorFlow library wasn't compiled to use SSE4.2 instructions, but these are available on your machine and could speed up CPU computations.
2017-11-24 10:31:10.131318: W tensorflow/core/platform/cpu_feature_guard.cc:45] The TensorFlow library wasn't compiled to use AVX instructions, but these are available on your machine and could speed up CPU computations.
Using TensorFlow backend.
2017-11-24 10:31:08.734981 Start.
Training Salamon's ICASSP 2017 convnet on BirdVox-70k
with PCEN input instead of logmelspec.
Training set: unit02, unit03, unit05.
Validation set: unit07, unit10.
Test set: unit01.

h5py version: 2.6.0
keras version: 2.0.6
numpy version: 1.13.1
pandas version: 0.20.3
pescador version: 1.0.0
tensorflow version: 1.2.1

_________________________________________________________________
Layer (type)                 Output Shape              Param #   
=================================================================
input_1 (InputLayer)         (None, 128, 104, 1)       0         
_________________________________________________________________
batch_normalization_1 (Batch (None, 128, 104, 1)       4         
_________________________________________________________________
conv2d_1 (Conv2D)            (None, 128, 104, 24)      624       
_________________________________________________________________
max_pooling2d_1 (MaxPooling2 (None, 64, 26, 24)        0         
_________________________________________________________________
conv2d_2 (Conv2D)            (None, 64, 26, 48)        28848     
_________________________________________________________________
max_pooling2d_2 (MaxPooling2 (None, 32, 6, 48)         0         
_________________________________________________________________
conv2d_3 (Conv2D)            (None, 32, 6, 48)         57648     
_________________________________________________________________
flatten_1 (Flatten)          (None, 9216)              0         
_________________________________________________________________
dense_1 (Dense)              (None, 64)                589888    
_________________________________________________________________
dense_2 (Dense)              (None, 1)                 65        
=================================================================
Total params: 677,077
Trainable params: 677,075
Non-trainable params: 2
_________________________________________________________________
         acc      loss   val_acc  val_loss
0   0.497925  8.003881  0.499756  7.996857
1   0.495361  8.059258  0.493896  8.077146
2   0.492676  8.093762  0.497559  8.013794
3   0.501099  7.956185  0.493530  8.075950
4   0.511108  7.795206  0.491211  8.111699
5   0.504639  7.897735  0.500610  7.961376
6   0.499512  7.979197  0.489258  8.137060
7   0.498779  8.103310  0.480713  8.374093
8   0.504150  7.976193  0.507446  7.907177
9   0.498657  8.038096  0.495728  8.077227
10  0.500977  7.988099  0.506592  7.893760
11  0.499146  8.008669  0.499756  7.995480
12  0.498169  8.017953  0.493530  8.089310
13  0.499268  7.995702  0.498657  8.003463
14  0.495361  8.054384  0.496216  8.039272
15  0.486450  8.193741  0.504272  7.908499
16  0.488892  8.152807  0.501709  7.947651
17  0.499390  7.983976  0.496582  8.028151
18  0.493652  8.074398  0.497681  8.009767
19  0.497559  8.011398  0.496216  8.032527
20  0.495117  8.049832  0.495239  8.047701
21  0.501587  7.946369  0.500977  7.955983
22  0.499878  7.973414  0.503784  7.911067
23  0.510986  7.998976  0.505493  8.113048
24  0.506348  8.097525  0.509766  8.040643
25  0.498535  8.219834  0.502930  8.147147
26  0.510132  8.029175  0.492554  8.310576
27  0.487671  8.387319  0.497559  8.225950
28  0.490112  8.343939  0.497070  8.229718
29  0.493164  8.290577  0.501831  8.148739
30  0.492676  8.294128  0.497925  8.207307
31  0.505493  8.083071  0.514771  7.931247

2017-11-24 14:42:38.935771 Finish.
Total elapsed time: 04:11:30.94.
