2018-01-19 12:42:38.031185: W tensorflow/core/platform/cpu_feature_guard.cc:45] The TensorFlow library wasn't compiled to use SSE4.1 instructions, but these are available on your machine and could speed up CPU computations.
2018-01-19 12:42:38.031459: W tensorflow/core/platform/cpu_feature_guard.cc:45] The TensorFlow library wasn't compiled to use SSE4.2 instructions, but these are available on your machine and could speed up CPU computations.
2018-01-19 12:42:38.031474: W tensorflow/core/platform/cpu_feature_guard.cc:45] The TensorFlow library wasn't compiled to use AVX instructions, but these are available on your machine and could speed up CPU computations.
Using TensorFlow backend.
2018-01-19 12:41:04.171368 Start.
Training Salamon's ICASSP 2017 convnet on BirdVox-70k
with PCEN input instead of logmelspec.
Training set: unit01, unit02, unit03.
Validation set: unit05, unit07.
Test set: unit10.

h5py version: 2.6.0
keras version: 2.0.6
numpy version: 1.13.1
pandas version: 0.20.3
pescador version: 1.0.0
tensorflow version: 1.2.1

_________________________________________________________________
Layer (type)                 Output Shape              Param #   
=================================================================
input_1 (InputLayer)         (None, 128, 104, 1)       0         
_________________________________________________________________
batch_normalization_1 (Batch (None, 128, 104, 1)       4         
_________________________________________________________________
conv2d_1 (Conv2D)            (None, 128, 104, 24)      624       
_________________________________________________________________
max_pooling2d_1 (MaxPooling2 (None, 64, 26, 24)        0         
_________________________________________________________________
conv2d_2 (Conv2D)            (None, 64, 26, 48)        28848     
_________________________________________________________________
max_pooling2d_2 (MaxPooling2 (None, 32, 6, 48)         0         
_________________________________________________________________
conv2d_3 (Conv2D)            (None, 32, 6, 48)         57648     
_________________________________________________________________
flatten_1 (Flatten)          (None, 9216)              0         
_________________________________________________________________
dense_1 (Dense)              (None, 64)                589888    
_________________________________________________________________
dense_2 (Dense)              (None, 1)                 65        
=================================================================
Total params: 677,077
Trainable params: 677,075
Non-trainable params: 2
_________________________________________________________________
         acc      loss   val_acc  val_loss
0   0.493896  8.072627  0.504517  7.902321
1   0.495117  8.051474  0.503174  7.922442
2   0.501709  7.945380  0.500488  7.964405
3   0.500488  8.010578  0.497925  8.109695
4   0.501221  8.046588  0.498901  8.079367
5   0.497681  8.097834  0.488525  8.244681
6   0.498657  8.048608  0.490479  8.143122
7   0.504395  7.913845  0.496948  8.027890
8   0.497559  8.015777  0.507202  7.860189
9   0.502441  7.934982  0.506836  7.864051
10  0.495483  8.044509  0.499268  7.983763
11  0.504272  7.903720  0.497681  8.008608
12  0.500854  7.957887  0.498535  7.994766
13  0.494873  8.053088  0.505859  7.877892
14  0.496826  8.021872  0.493774  8.070501
15  0.507080  7.858361  0.503174  7.920624
16  0.502930  7.924508  0.492676  8.087973
17  0.502441  7.932282  0.505005  7.891411
18  0.493530  8.290216  0.495361  8.348332
19  0.496216  8.325225  0.493286  8.363859
20  0.496094  8.311082  0.499390  8.250696
21  0.499634  8.240018  0.508545  8.089769
22  0.499634  8.227120  0.502441  8.175664
23  0.496094  8.272044  0.494141  8.297650
24  0.503906  8.134614  0.493652  8.294308
25  0.502319  8.149264  0.487671  8.380072
26  0.503784  8.115288  0.495483  8.244066
27  0.497192  8.211731  0.495117  8.240446
28  0.503174  8.106075  0.501221  8.133101
29  0.501709  8.120992  0.501343  8.122714
30  0.502319  8.103002  0.501099  8.118762
31  0.495850  8.199651  0.510986  7.952016

2018-01-19 17:31:03.600516 Finish.
Total elapsed time: 04:49:59.60.
