2017-11-27 06:01:45.519950: W tensorflow/core/platform/cpu_feature_guard.cc:45] The TensorFlow library wasn't compiled to use SSE4.1 instructions, but these are available on your machine and could speed up CPU computations.
2017-11-27 06:01:45.520265: W tensorflow/core/platform/cpu_feature_guard.cc:45] The TensorFlow library wasn't compiled to use SSE4.2 instructions, but these are available on your machine and could speed up CPU computations.
2017-11-27 06:01:45.520280: W tensorflow/core/platform/cpu_feature_guard.cc:45] The TensorFlow library wasn't compiled to use AVX instructions, but these are available on your machine and could speed up CPU computations.
Using TensorFlow backend.
2017-11-27 06:01:29.179147 Start.
Training Salamon's ICASSP 2017 convnet on BirdVox-70k
with PCEN input instead of logmelspec.
Training set: unit03, unit05, unit07.
Validation set: unit10, unit01.
Test set: unit02.

h5py version: 2.6.0
keras version: 2.0.6
numpy version: 1.13.1
pandas version: 0.20.3
pescador version: 1.0.0
tensorflow version: 1.2.1

_________________________________________________________________
Layer (type)                 Output Shape              Param #   
=================================================================
input_1 (InputLayer)         (None, 128, 104, 1)       0         
_________________________________________________________________
batch_normalization_1 (Batch (None, 128, 104, 1)       4         
_________________________________________________________________
conv2d_1 (Conv2D)            (None, 128, 104, 24)      624       
_________________________________________________________________
max_pooling2d_1 (MaxPooling2 (None, 64, 26, 24)        0         
_________________________________________________________________
conv2d_2 (Conv2D)            (None, 64, 26, 48)        28848     
_________________________________________________________________
max_pooling2d_2 (MaxPooling2 (None, 32, 6, 48)         0         
_________________________________________________________________
conv2d_3 (Conv2D)            (None, 32, 6, 48)         57648     
_________________________________________________________________
flatten_1 (Flatten)          (None, 9216)              0         
_________________________________________________________________
dense_1 (Dense)              (None, 64)                589888    
_________________________________________________________________
dense_2 (Dense)              (None, 1)                 65        
=================================================================
Total params: 677,077
Trainable params: 677,075
Non-trainable params: 2
_________________________________________________________________
         acc      loss   val_acc  val_loss
0   0.501099  0.795364  0.505493  0.726636
1   0.505249  0.887936  0.497070  8.045857
2   0.507446  7.875900  0.501831  7.960873
3   0.504395  7.916914  0.506104  7.887058
4   0.496948  8.031164  0.488159  8.169692
5   0.500488  7.971970  0.500488  7.970951
6   0.501099  7.960447  0.508911  7.835209
7   0.497437  8.017600  0.507202  7.861421
8   0.501099  7.958323  0.503174  7.924868
9   0.504028  7.910930  0.495117  8.052698
10  0.505981  7.879235  0.497925  8.007429
11  0.500854  7.960500  0.500854  7.960285
12  0.492188  8.098261  0.506104  7.876216
13  0.491089  8.115410  0.501587  7.947874
14  0.499268  8.068786  0.500854  8.059438
15  0.499268  8.084112  0.500732  8.059652
16  0.497803  8.106122  0.502563  8.028668
17  0.509888  7.909965  0.501953  8.037229
18  0.490112  8.227512  0.491455  8.205321
19  0.499878  8.069061  0.494019  8.163022
20  0.503174  8.015018  0.491333  8.205447
21  0.494873  8.148003  0.498413  8.090571
22  0.497314  8.107939  0.503662  8.005297
23  0.504517  7.991223  0.494995  8.144399
24  0.497559  8.102811  0.499023  8.078938
25  0.497192  8.108209  0.497192  8.107972
26  0.500366  8.056596  0.497925  8.095732
27  0.497681  8.099465  0.505493  7.973346
28  0.489746  8.226974  0.505859  7.967077
29  0.488525  8.246297  0.497070  8.108402
30  0.489136  8.236136  0.496460  8.117930
31  0.497070  8.107949  0.499146  8.074361

2017-11-27 10:26:21.332758 Finish.
Total elapsed time: 04:24:52.33.
