2017-11-26 06:35:50.349291: W tensorflow/core/platform/cpu_feature_guard.cc:45] The TensorFlow library wasn't compiled to use SSE4.1 instructions, but these are available on your machine and could speed up CPU computations.
2017-11-26 06:35:50.349679: W tensorflow/core/platform/cpu_feature_guard.cc:45] The TensorFlow library wasn't compiled to use SSE4.2 instructions, but these are available on your machine and could speed up CPU computations.
2017-11-26 06:35:50.349714: W tensorflow/core/platform/cpu_feature_guard.cc:45] The TensorFlow library wasn't compiled to use AVX instructions, but these are available on your machine and could speed up CPU computations.
2017-11-26 06:35:50.349723: W tensorflow/core/platform/cpu_feature_guard.cc:45] The TensorFlow library wasn't compiled to use AVX2 instructions, but these are available on your machine and could speed up CPU computations.
2017-11-26 06:35:50.349732: W tensorflow/core/platform/cpu_feature_guard.cc:45] The TensorFlow library wasn't compiled to use FMA instructions, but these are available on your machine and could speed up CPU computations.
Using TensorFlow backend.
2017-11-26 06:35:40.726550 Start.
Training Salamon's ICASSP 2017 convnet on BirdVox-70k
with PCEN input instead of logmelspec.
Training set: unit02, unit03, unit05.
Validation set: unit07, unit10.
Test set: unit01.

h5py version: 2.6.0
keras version: 2.0.6
numpy version: 1.13.1
pandas version: 0.20.3
pescador version: 1.0.0
tensorflow version: 1.2.1

_________________________________________________________________
Layer (type)                 Output Shape              Param #   
=================================================================
input_1 (InputLayer)         (None, 128, 104, 1)       0         
_________________________________________________________________
batch_normalization_1 (Batch (None, 128, 104, 1)       4         
_________________________________________________________________
conv2d_1 (Conv2D)            (None, 128, 104, 24)      624       
_________________________________________________________________
max_pooling2d_1 (MaxPooling2 (None, 64, 26, 24)        0         
_________________________________________________________________
conv2d_2 (Conv2D)            (None, 64, 26, 48)        28848     
_________________________________________________________________
max_pooling2d_2 (MaxPooling2 (None, 32, 6, 48)         0         
_________________________________________________________________
conv2d_3 (Conv2D)            (None, 32, 6, 48)         57648     
_________________________________________________________________
flatten_1 (Flatten)          (None, 9216)              0         
_________________________________________________________________
dense_1 (Dense)              (None, 64)                589888    
_________________________________________________________________
dense_2 (Dense)              (None, 1)                 65        
=================================================================
Total params: 677,077
Trainable params: 677,075
Non-trainable params: 2
_________________________________________________________________
         acc      loss   val_acc  val_loss
0   0.505615  0.757079  0.487549  0.714441
1   0.513550  0.707823  0.495239  0.703348
2   0.527222  3.049164  0.499512  5.052430
3   0.491455  5.218769  0.503784  4.916216
4   0.513184  4.915655  0.501465  4.975196
5   0.497925  5.026549  0.497314  5.111654
6   0.498779  5.132507  0.505493  4.997517
7   0.497070  5.084584  0.508057  4.856680
8   0.503784  5.074073  0.503418  4.996851
9   0.501465  7.598587  0.505005  7.904619
10  0.501099  7.964161  0.493042  8.090582
11  0.493774  8.077645  0.494995  8.057109
12  0.497070  8.023214  0.501099  7.958263
13  0.498779  7.994654  0.493042  8.085588
14  0.503784  7.913900  0.509399  7.823986
15  0.510498  7.806150  0.491211  8.113339
16  0.500854  7.959358  0.510742  7.801505
17  0.508057  7.844138  0.496948  8.021066
18  0.500000  7.972275  0.507568  7.851489
19  0.500854  7.958416  0.497559  8.010860
20  0.504150  7.905686  0.491211  8.111892
21  0.491089  8.113770  0.496338  8.030025
22  0.497070  8.018293  0.491577  8.105816
23  0.500000  7.971492  0.490723  8.119354
24  0.506470  8.011538  0.496216  8.256337
25  0.497925  8.221259  0.506836  8.071080
26  0.509033  8.030311  0.492798  8.286947
27  0.495117  8.245054  0.500732  8.150189
28  0.505127  8.075328  0.493042  8.266176
29  0.499146  8.164094  0.503662  8.087650
30  0.504395  8.072385  0.498413  8.165379
31  0.501221  8.116869  0.491089  8.276954

2017-11-26 09:47:47.522351 Finish.
Total elapsed time: 03:12:07.52.
