2018-01-19 23:00:23.787119: W tensorflow/core/platform/cpu_feature_guard.cc:45] The TensorFlow library wasn't compiled to use SSE4.1 instructions, but these are available on your machine and could speed up CPU computations.
2018-01-19 23:00:23.787975: W tensorflow/core/platform/cpu_feature_guard.cc:45] The TensorFlow library wasn't compiled to use SSE4.2 instructions, but these are available on your machine and could speed up CPU computations.
2018-01-19 23:00:23.787990: W tensorflow/core/platform/cpu_feature_guard.cc:45] The TensorFlow library wasn't compiled to use AVX instructions, but these are available on your machine and could speed up CPU computations.
Using TensorFlow backend.
2018-01-19 22:59:10.512814 Start.
Training Salamon's ICASSP 2017 convnet on BirdVox-70k
with PCEN input instead of logmelspec.
Training set: unit07, unit10, unit01.
Validation set: unit02, unit03.
Test set: unit05.

h5py version: 2.6.0
keras version: 2.0.6
numpy version: 1.13.1
pandas version: 0.20.3
pescador version: 1.0.0
tensorflow version: 1.2.1

_________________________________________________________________
Layer (type)                 Output Shape              Param #   
=================================================================
input_1 (InputLayer)         (None, 128, 104, 1)       0         
_________________________________________________________________
batch_normalization_1 (Batch (None, 128, 104, 1)       4         
_________________________________________________________________
conv2d_1 (Conv2D)            (None, 128, 104, 24)      624       
_________________________________________________________________
max_pooling2d_1 (MaxPooling2 (None, 64, 26, 24)        0         
_________________________________________________________________
conv2d_2 (Conv2D)            (None, 64, 26, 48)        28848     
_________________________________________________________________
max_pooling2d_2 (MaxPooling2 (None, 32, 6, 48)         0         
_________________________________________________________________
conv2d_3 (Conv2D)            (None, 32, 6, 48)         57648     
_________________________________________________________________
flatten_1 (Flatten)          (None, 9216)              0         
_________________________________________________________________
dense_1 (Dense)              (None, 64)                589888    
_________________________________________________________________
dense_2 (Dense)              (None, 1)                 65        
=================================================================
Total params: 677,077
Trainable params: 677,075
Non-trainable params: 2
_________________________________________________________________
         acc      loss   val_acc  val_loss
0   0.937744  0.204030  0.907715  0.377177
1   0.939819  0.205155  0.901489  0.308065
2   0.942749  0.183816  0.911011  0.411599
3   0.937500  0.217521  0.906128  0.353887
4   0.934570  0.224313  0.903931  0.429452
5   0.893311  0.353307  0.796875  0.486611
6   0.832886  2.410658  0.817139  2.998921
7   0.830933  2.762784  0.731812  4.392554
8   0.799316  3.287565  0.826904  2.854781
9   0.826294  2.849035  0.721924  4.553844
10  0.765015  3.850026  0.827515  2.858777
11  0.795288  3.372174  0.675537  5.320629
12  0.749023  4.125835  0.823730  2.913405
13  0.756348  3.978078  0.821045  2.953458
14  0.748657  4.097925  0.824341  2.896307
15  0.757812  3.949378  0.820190  2.960767
16  0.768799  3.771993  0.829956  2.804123
17  0.756226  3.970039  0.817017  3.006198
18  0.768066  3.800850  0.816772  3.044946
19  0.798096  3.331026  0.822632  2.944394
20  0.748169  4.121011  0.666260  5.425215
21  0.523438  7.699349  0.673218  5.311518
22  0.528687  7.609930  0.782227  3.572855
23  0.752808  4.107882  0.840698  2.715916
24  0.781250  3.646178  0.844604  2.647336
25  0.776001  3.726448  0.839722  2.722482
26  0.776733  3.710894  0.835205  2.791417
27  0.710938  4.754491  0.856689  2.444070
28  0.739868  4.303877  0.766724  3.912103
29  0.769775  3.841976  0.765503  3.928006
30  0.770142  3.832031  0.761597  3.986751
31  0.770508  3.820268  0.764771  3.931077

2018-01-20 03:39:44.328998 Finish.
Total elapsed time: 04:40:34.33.
