2018-01-19 23:20:22.765455: W tensorflow/core/platform/cpu_feature_guard.cc:45] The TensorFlow library wasn't compiled to use SSE4.1 instructions, but these are available on your machine and could speed up CPU computations.
2018-01-19 23:20:22.765748: W tensorflow/core/platform/cpu_feature_guard.cc:45] The TensorFlow library wasn't compiled to use SSE4.2 instructions, but these are available on your machine and could speed up CPU computations.
2018-01-19 23:20:22.765768: W tensorflow/core/platform/cpu_feature_guard.cc:45] The TensorFlow library wasn't compiled to use AVX instructions, but these are available on your machine and could speed up CPU computations.
2018-01-19 23:20:22.765776: W tensorflow/core/platform/cpu_feature_guard.cc:45] The TensorFlow library wasn't compiled to use AVX2 instructions, but these are available on your machine and could speed up CPU computations.
2018-01-19 23:20:22.765784: W tensorflow/core/platform/cpu_feature_guard.cc:45] The TensorFlow library wasn't compiled to use FMA instructions, but these are available on your machine and could speed up CPU computations.
Using TensorFlow backend.
2018-01-19 23:18:38.205188 Start.
Training Salamon's ICASSP 2017 convnet on BirdVox-70k
with PCEN input instead of logmelspec.
Training set: unit01, unit02, unit03.
Validation set: unit05, unit07.
Test set: unit10.

h5py version: 2.6.0
keras version: 2.0.6
numpy version: 1.13.1
pandas version: 0.20.3
pescador version: 1.0.0
tensorflow version: 1.2.1

_________________________________________________________________
Layer (type)                 Output Shape              Param #   
=================================================================
input_1 (InputLayer)         (None, 128, 104, 1)       0         
_________________________________________________________________
batch_normalization_1 (Batch (None, 128, 104, 1)       4         
_________________________________________________________________
conv2d_1 (Conv2D)            (None, 128, 104, 24)      624       
_________________________________________________________________
max_pooling2d_1 (MaxPooling2 (None, 64, 26, 24)        0         
_________________________________________________________________
conv2d_2 (Conv2D)            (None, 64, 26, 48)        28848     
_________________________________________________________________
max_pooling2d_2 (MaxPooling2 (None, 32, 6, 48)         0         
_________________________________________________________________
conv2d_3 (Conv2D)            (None, 32, 6, 48)         57648     
_________________________________________________________________
flatten_1 (Flatten)          (None, 9216)              0         
_________________________________________________________________
dense_1 (Dense)              (None, 64)                589888    
_________________________________________________________________
dense_2 (Dense)              (None, 1)                 65        
=================================================================
Total params: 677,077
Trainable params: 677,075
Non-trainable params: 2
_________________________________________________________________
         acc      loss   val_acc  val_loss
0   0.934448  0.193682  0.953003  0.156212
1   0.923096  0.229920  0.939697  0.190722
2   0.934326  0.235981  0.876587  1.376092
3   0.534180  7.335650  0.498291  8.029233
4   0.500854  7.984149  0.504395  7.924212
5   0.502808  7.946962  0.504883  7.911611
6   0.496460  8.044074  0.505859  7.892555
7   0.495605  8.054624  0.501587  7.957954
8   0.497437  8.022989  0.496338  8.039434
9   0.497681  8.017090  0.506470  7.876082
10  0.499268  7.990117  0.502930  7.930988
11  0.500000  7.977034  0.503418  7.921915
12  0.502441  7.936930  0.502686  7.932511
13  0.498901  7.992377  0.511475  7.791491
14  0.503296  7.949996  0.496582  8.056498
15  0.494385  8.086944  0.501953  7.962519
16  0.496582  8.045401  0.503174  7.937860
17  0.497559  8.025415  0.501343  7.963285
18  0.504517  7.911190  0.499878  7.983755
19  0.507935  7.854142  0.502808  7.934787
20  0.491943  8.107062  0.505249  7.894071
21  0.494019  8.072372  0.500244  7.972431
22  0.494141  8.069146  0.504639  7.901231
23  0.509033  7.830703  0.509277  7.826373
24  0.498413  7.999203  0.504761  7.897660
25  0.501709  7.946018  0.508179  7.842603
26  0.493530  8.075904  0.499634  7.978386
27  0.495483  8.044374  0.499756  7.976095
28  0.492676  8.088831  0.502319  7.934963
29  0.514404  7.742195  0.497070  8.018443
30  0.509155  7.825701  0.488281  8.158410
31  0.504272  7.903413  0.495117  8.049315

2018-01-20 03:06:40.810131 Finish.
Total elapsed time: 03:48:02.81.
