2017-11-28 12:45:29.032604: W tensorflow/core/platform/cpu_feature_guard.cc:45] The TensorFlow library wasn't compiled to use SSE4.1 instructions, but these are available on your machine and could speed up CPU computations.
2017-11-28 12:45:29.032898: W tensorflow/core/platform/cpu_feature_guard.cc:45] The TensorFlow library wasn't compiled to use SSE4.2 instructions, but these are available on your machine and could speed up CPU computations.
2017-11-28 12:45:29.032912: W tensorflow/core/platform/cpu_feature_guard.cc:45] The TensorFlow library wasn't compiled to use AVX instructions, but these are available on your machine and could speed up CPU computations.
Using TensorFlow backend.
2017-11-28 12:45:18.272377 Start.
Training Salamon's ICASSP 2017 convnet on BirdVox-70k
with PCEN input instead of logmelspec.
Training set: unit02, unit03, unit05.
Validation set: unit07, unit10.
Test set: unit01.

h5py version: 2.6.0
keras version: 2.0.6
numpy version: 1.13.1
pandas version: 0.20.3
pescador version: 1.0.0
tensorflow version: 1.2.1

_________________________________________________________________
Layer (type)                 Output Shape              Param #   
=================================================================
input_1 (InputLayer)         (None, 128, 104, 1)       0         
_________________________________________________________________
batch_normalization_1 (Batch (None, 128, 104, 1)       4         
_________________________________________________________________
conv2d_1 (Conv2D)            (None, 128, 104, 24)      624       
_________________________________________________________________
max_pooling2d_1 (MaxPooling2 (None, 64, 26, 24)        0         
_________________________________________________________________
conv2d_2 (Conv2D)            (None, 64, 26, 48)        28848     
_________________________________________________________________
max_pooling2d_2 (MaxPooling2 (None, 32, 6, 48)         0         
_________________________________________________________________
conv2d_3 (Conv2D)            (None, 32, 6, 48)         57648     
_________________________________________________________________
flatten_1 (Flatten)          (None, 9216)              0         
_________________________________________________________________
dense_1 (Dense)              (None, 64)                589888    
_________________________________________________________________
dense_2 (Dense)              (None, 1)                 65        
=================================================================
Total params: 677,077
Trainable params: 677,075
Non-trainable params: 2
_________________________________________________________________
         acc      loss   val_acc  val_loss
0   0.734741  0.725720  0.807007  0.630839
1   0.819824  0.564009  0.691040  0.605942
2   0.814209  0.585574  0.850098  1.100199
3   0.748169  2.764433  0.563232  7.096099
4   0.661011  5.508669  0.495117  8.120960
5   0.505127  7.962734  0.502075  8.001280
6   0.508179  7.908665  0.502563  7.994077
7   0.500854  8.015146  0.493286  8.134125
8   0.500854  8.009975  0.498779  8.035514
9   0.495972  8.079308  0.505615  7.923371
10  0.496338  8.072993  0.501465  7.988231
11  0.502075  7.977837  0.504272  7.945134
12  0.504028  7.945305  0.498413  8.033525
13  0.501221  7.987043  0.492432  8.126244
14  0.538696  7.386202  0.705688  4.742417
15  0.795288  3.330918  0.594971  6.504100
16  0.620117  6.176513  0.588013  6.701738
17  0.554565  7.239309  0.582520  6.783234
18  0.564087  7.080035  0.577026  6.870159
19  0.555908  7.208922  0.584106  6.751846
20  0.549927  7.300913  0.592041  6.617965
21  0.556519  7.190590  0.588257  6.676270
22  0.548218  7.320646  0.587158  6.685545
23  0.557007  7.173506  0.592041  6.608957
24  0.560059  7.119299  0.496948  8.091460
25  0.498901  8.065756  0.494873  8.123177
26  0.499756  8.041163  0.508789  7.891931
27  0.498291  8.057791  0.492188  8.152486
28  0.502197  7.990075  0.505127  7.945276
29  0.502441  7.981798  0.496216  8.076739
30  0.489624  8.181215  0.498413  8.038986
31  0.511719  7.824877  0.492676  8.124716

2017-11-28 16:53:24.323829 Finish.
Total elapsed time: 04:08:06.32.
