2017-11-28 02:00:22.497016: W tensorflow/core/platform/cpu_feature_guard.cc:45] The TensorFlow library wasn't compiled to use SSE4.1 instructions, but these are available on your machine and could speed up CPU computations.
2017-11-28 02:00:22.497321: W tensorflow/core/platform/cpu_feature_guard.cc:45] The TensorFlow library wasn't compiled to use SSE4.2 instructions, but these are available on your machine and could speed up CPU computations.
2017-11-28 02:00:22.497335: W tensorflow/core/platform/cpu_feature_guard.cc:45] The TensorFlow library wasn't compiled to use AVX instructions, but these are available on your machine and could speed up CPU computations.
Using TensorFlow backend.
2017-11-28 02:00:11.829187 Start.
Training Salamon's ICASSP 2017 convnet on BirdVox-70k
with PCEN input instead of logmelspec.
Training set: unit03, unit05, unit07.
Validation set: unit10, unit01.
Test set: unit02.

h5py version: 2.6.0
keras version: 2.0.6
numpy version: 1.13.1
pandas version: 0.20.3
pescador version: 1.0.0
tensorflow version: 1.2.1

_________________________________________________________________
Layer (type)                 Output Shape              Param #   
=================================================================
input_1 (InputLayer)         (None, 128, 104, 1)       0         
_________________________________________________________________
batch_normalization_1 (Batch (None, 128, 104, 1)       4         
_________________________________________________________________
conv2d_1 (Conv2D)            (None, 128, 104, 24)      624       
_________________________________________________________________
max_pooling2d_1 (MaxPooling2 (None, 64, 26, 24)        0         
_________________________________________________________________
conv2d_2 (Conv2D)            (None, 64, 26, 48)        28848     
_________________________________________________________________
max_pooling2d_2 (MaxPooling2 (None, 32, 6, 48)         0         
_________________________________________________________________
conv2d_3 (Conv2D)            (None, 32, 6, 48)         57648     
_________________________________________________________________
flatten_1 (Flatten)          (None, 9216)              0         
_________________________________________________________________
dense_1 (Dense)              (None, 64)                589888    
_________________________________________________________________
dense_2 (Dense)              (None, 1)                 65        
=================================================================
Total params: 677,077
Trainable params: 677,075
Non-trainable params: 2
_________________________________________________________________
         acc      loss   val_acc  val_loss
0   0.830811  0.510977  0.754639  0.758049
1   0.958130  0.154432  0.825684  0.528207
2   0.965942  0.129251  0.804565  0.794908
3   0.972046  0.111347  0.783691  0.713662
4   0.966064  0.114908  0.850342  0.483858
5   0.966675  0.119804  0.846558  0.566577
6   0.973145  0.106672  0.765869  0.847584
7   0.977783  0.099543  0.758179  0.785292
8   0.955566  0.286823  0.801758  1.326421
9   0.968384  0.178175  0.797119  0.957389
10  0.899170  0.269759  0.802612  2.267580
11  0.517700  0.738947  0.515259  0.731625
12  0.507202  6.985947  0.504028  7.944754
13  0.500122  8.003621  0.501465  7.979146
14  0.507324  7.883192  0.494141  8.090997
15  0.500244  7.991638  0.498901  8.011099
16  0.504150  7.925695  0.508301  7.857883
17  0.510132  7.827220  0.490112  8.144968
18  0.504517  7.914058  0.494995  8.064632
19  0.502441  7.944819  0.501709  7.955436
20  0.500244  7.977833  0.496582  8.035297
21  0.511475  7.797047  0.498535  8.002539
22  0.496338  8.036856  0.502319  7.940816
23  0.505737  7.885716  0.507446  7.857888
24  0.493286  8.083118  0.500854  7.961967
25  0.497070  8.021860  0.492310  8.097344
26  0.504517  7.902371  0.491943  8.102474
27  0.505371  7.888104  0.489624  8.138866
28  0.516113  7.716318  0.504883  7.895127
29  0.492676  8.089537  0.503784  7.912255
30  0.500977  8.015179  0.496826  8.192043
31  0.497437  8.177984  0.513550  7.915253

2017-11-28 06:06:59.863136 Finish.
Total elapsed time: 04:06:48.86.
