2017-11-26 04:09:28.773642: W tensorflow/core/platform/cpu_feature_guard.cc:45] The TensorFlow library wasn't compiled to use SSE4.1 instructions, but these are available on your machine and could speed up CPU computations.
2017-11-26 04:09:28.773838: W tensorflow/core/platform/cpu_feature_guard.cc:45] The TensorFlow library wasn't compiled to use SSE4.2 instructions, but these are available on your machine and could speed up CPU computations.
2017-11-26 04:09:28.773853: W tensorflow/core/platform/cpu_feature_guard.cc:45] The TensorFlow library wasn't compiled to use AVX instructions, but these are available on your machine and could speed up CPU computations.
Using TensorFlow backend.
2017-11-26 04:09:23.064421 Start.
Training Salamon's ICASSP 2017 convnet on BirdVox-70k
with PCEN input instead of logmelspec.
Training set: unit07, unit10, unit01.
Validation set: unit02, unit03.
Test set: unit05.

h5py version: 2.6.0
keras version: 2.0.6
numpy version: 1.13.1
pandas version: 0.20.3
pescador version: 1.0.0
tensorflow version: 1.2.1

_________________________________________________________________
Layer (type)                 Output Shape              Param #   
=================================================================
input_1 (InputLayer)         (None, 128, 104, 1)       0         
_________________________________________________________________
batch_normalization_1 (Batch (None, 128, 104, 1)       4         
_________________________________________________________________
conv2d_1 (Conv2D)            (None, 128, 104, 24)      624       
_________________________________________________________________
max_pooling2d_1 (MaxPooling2 (None, 64, 26, 24)        0         
_________________________________________________________________
conv2d_2 (Conv2D)            (None, 64, 26, 48)        28848     
_________________________________________________________________
max_pooling2d_2 (MaxPooling2 (None, 32, 6, 48)         0         
_________________________________________________________________
conv2d_3 (Conv2D)            (None, 32, 6, 48)         57648     
_________________________________________________________________
flatten_1 (Flatten)          (None, 9216)              0         
_________________________________________________________________
dense_1 (Dense)              (None, 64)                589888    
_________________________________________________________________
dense_2 (Dense)              (None, 1)                 65        
=================================================================
Total params: 677,077
Trainable params: 677,075
Non-trainable params: 2
_________________________________________________________________
         acc      loss   val_acc  val_loss
0   0.500610  4.000032  0.497437  3.144684
1   0.498047  4.104774  0.508911  3.144040
2   0.498779  4.107618  0.503052  2.957363
3   0.487549  3.982468  0.506836  2.955165
4   0.503540  3.939977  0.511475  3.055358
5   0.504395  3.924016  0.495117  3.074735
6   0.492920  3.929106  0.495483  3.068825
7   0.499146  3.893596  0.498901  3.097071
8   0.498657  4.111340  0.498535  3.107385
9   0.490356  4.006745  0.505005  3.108619
10  0.496826  3.992916  0.503052  3.056442
11  0.501099  4.040450  0.502441  3.069197
12  0.494629  3.982882  0.495972  3.146375
13  0.496582  4.416996  0.506470  3.291793
14  0.494629  4.289074  0.493530  3.392439
15  0.496094  4.131816  0.498901  3.287536
16  0.497925  4.227175  0.494385  3.245945
17  0.503784  4.144604  0.501343  3.229670
18  0.517944  4.011368  0.509644  3.208982
19  0.494873  4.033333  0.498169  3.163933
20  0.501953  4.080070  0.493164  3.261653
21  0.503540  4.111751  0.496948  3.182244
22  0.503784  4.106123  0.508545  3.118607
23  0.501587  4.054669  0.496460  3.125088
24  0.505005  3.945236  0.506470  3.284521
25  0.508545  4.045272  0.501587  3.140015
26  0.507690  4.021340  0.510620  3.075163
27  0.506958  4.123666  0.502075  3.210567
28  0.497070  4.128791  0.496582  3.265125
29  0.513062  3.993699  0.497803  3.175934
30  0.510376  3.917605  0.496948  3.260169
31  0.499878  3.969098  0.507446  3.089647

2017-11-26 08:15:18.327130 Finish.
Total elapsed time: 04:05:55.33.
