2017-11-25 19:14:34.681305: W tensorflow/core/platform/cpu_feature_guard.cc:45] The TensorFlow library wasn't compiled to use SSE4.1 instructions, but these are available on your machine and could speed up CPU computations.
2017-11-25 19:14:34.681496: W tensorflow/core/platform/cpu_feature_guard.cc:45] The TensorFlow library wasn't compiled to use SSE4.2 instructions, but these are available on your machine and could speed up CPU computations.
2017-11-25 19:14:34.681510: W tensorflow/core/platform/cpu_feature_guard.cc:45] The TensorFlow library wasn't compiled to use AVX instructions, but these are available on your machine and could speed up CPU computations.
Using TensorFlow backend.
2017-11-25 19:13:46.910305 Start.
Training Salamon's ICASSP 2017 convnet on BirdVox-70k
with PCEN input instead of logmelspec.
Training set: unit05, unit07, unit10.
Validation set: unit01, unit02.
Test set: unit03.

h5py version: 2.6.0
keras version: 2.0.6
numpy version: 1.13.1
pandas version: 0.20.3
pescador version: 1.0.0
tensorflow version: 1.2.1

_________________________________________________________________
Layer (type)                 Output Shape              Param #   
=================================================================
input_1 (InputLayer)         (None, 128, 104, 1)       0         
_________________________________________________________________
batch_normalization_1 (Batch (None, 128, 104, 1)       4         
_________________________________________________________________
conv2d_1 (Conv2D)            (None, 128, 104, 24)      624       
_________________________________________________________________
max_pooling2d_1 (MaxPooling2 (None, 64, 26, 24)        0         
_________________________________________________________________
conv2d_2 (Conv2D)            (None, 64, 26, 48)        28848     
_________________________________________________________________
max_pooling2d_2 (MaxPooling2 (None, 32, 6, 48)         0         
_________________________________________________________________
conv2d_3 (Conv2D)            (None, 32, 6, 48)         57648     
_________________________________________________________________
flatten_1 (Flatten)          (None, 9216)              0         
_________________________________________________________________
dense_1 (Dense)              (None, 64)                589888    
_________________________________________________________________
dense_2 (Dense)              (None, 1)                 65        
=================================================================
Total params: 677,077
Trainable params: 677,075
Non-trainable params: 2
_________________________________________________________________
         acc      loss   val_acc  val_loss
0   0.573853  0.850392  0.614380  0.752554
1   0.750000  1.281614  0.601685  4.869157
2   0.707153  3.615847  0.599365  5.081286
3   0.674683  3.874159  0.495239  5.000620
4   0.525757  3.848489  0.496338  5.012925
5   0.593628  3.929771  0.616333  4.947635
6   0.707642  3.748811  0.625488  4.982801
7   0.730347  3.700765  0.638428  4.730364
8   0.734375  3.703359  0.640381  4.816382
9   0.732910  3.744845  0.630981  4.853093
10  0.746582  3.650680  0.629395  4.874025
11  0.740234  3.718812  0.630005  4.949097
12  0.747070  3.648551  0.626709  4.990434
13  0.752319  3.594314  0.639893  4.806080
14  0.745972  3.670633  0.640503  4.755411
15  0.744019  3.752078  0.620483  4.931753
16  0.755371  3.571725  0.634766  4.920566
17  0.755737  3.600600  0.631348  4.956869
18  0.754639  3.569874  0.644775  4.837918
19  0.741455  3.815886  0.635254  4.761558
20  0.755615  3.604640  0.635254  4.940488
21  0.757690  3.584055  0.623901  4.922377
22  0.755615  3.594028  0.627319  4.955669
23  0.751953  3.658690  0.626831  4.925991
24  0.756348  3.620476  0.645264  4.809610
25  0.750610  3.662532  0.635254  4.994367
26  0.752808  3.689277  0.649780  4.719271
27  0.759521  3.532739  0.646362  4.862700
28  0.752563  3.701555  0.631958  4.900930
29  0.753540  3.703380  0.653076  4.751766
30  0.756592  3.624906  0.624756  5.027855
31  0.755371  3.638590  0.646729  4.840206

2017-11-25 23:25:31.807994 Finish.
Total elapsed time: 04:11:45.81.
