2017-11-26 16:25:15.289721: W tensorflow/core/platform/cpu_feature_guard.cc:45] The TensorFlow library wasn't compiled to use SSE4.1 instructions, but these are available on your machine and could speed up CPU computations.
2017-11-26 16:25:15.290006: W tensorflow/core/platform/cpu_feature_guard.cc:45] The TensorFlow library wasn't compiled to use SSE4.2 instructions, but these are available on your machine and could speed up CPU computations.
2017-11-26 16:25:15.290019: W tensorflow/core/platform/cpu_feature_guard.cc:45] The TensorFlow library wasn't compiled to use AVX instructions, but these are available on your machine and could speed up CPU computations.
Using TensorFlow backend.
2017-11-26 16:25:04.908283 Start.
Training Salamon's ICASSP 2017 convnet on BirdVox-70k
with PCEN input instead of logmelspec.
Training set: unit05, unit07, unit10.
Validation set: unit01, unit02.
Test set: unit03.

h5py version: 2.6.0
keras version: 2.0.6
numpy version: 1.13.1
pandas version: 0.20.3
pescador version: 1.0.0
tensorflow version: 1.2.1

_________________________________________________________________
Layer (type)                 Output Shape              Param #   
=================================================================
input_1 (InputLayer)         (None, 128, 104, 1)       0         
_________________________________________________________________
batch_normalization_1 (Batch (None, 128, 104, 1)       4         
_________________________________________________________________
conv2d_1 (Conv2D)            (None, 128, 104, 24)      624       
_________________________________________________________________
max_pooling2d_1 (MaxPooling2 (None, 64, 26, 24)        0         
_________________________________________________________________
conv2d_2 (Conv2D)            (None, 64, 26, 48)        28848     
_________________________________________________________________
max_pooling2d_2 (MaxPooling2 (None, 32, 6, 48)         0         
_________________________________________________________________
conv2d_3 (Conv2D)            (None, 32, 6, 48)         57648     
_________________________________________________________________
flatten_1 (Flatten)          (None, 9216)              0         
_________________________________________________________________
dense_1 (Dense)              (None, 64)                589888    
_________________________________________________________________
dense_2 (Dense)              (None, 1)                 65        
=================================================================
Total params: 677,077
Trainable params: 677,075
Non-trainable params: 2
_________________________________________________________________
         acc      loss   val_acc  val_loss
0   0.518555  3.639151  0.559570  3.306533
1   0.668579  3.472664  0.648560  3.202148
2   0.702881  3.414727  0.685547  3.134280
3   0.743286  3.340661  0.718872  3.094957
4   0.761353  3.252395  0.712036  3.159048
5   0.767090  3.204211  0.721069  3.101317
6   0.760864  3.405224  0.717041  3.111963
7   0.768555  3.253707  0.720703  3.090808
8   0.769165  3.318924  0.715942  3.190025
9   0.778931  3.186227  0.738770  3.085263
10  0.771118  3.303374  0.739380  3.024210
11  0.628662  5.817483  0.497070  8.081382
12  0.499390  8.034623  0.495361  8.091172
13  0.496094  8.074222  0.502808  7.962563
14  0.501587  7.978395  0.493286  8.107418
15  0.513794  7.777726  0.496826  8.045676
16  0.489502  8.160257  0.485718  8.218534
17  0.492676  8.105825  0.493774  8.086628
18  0.501465  7.962551  0.508057  7.856067
19  0.495972  8.047505  0.502563  7.941254
20  0.505615  7.891581  0.503784  7.919803
21  0.492554  8.097994  0.502930  7.931770
22  0.500610  7.968040  0.502197  7.942073
23  0.501221  7.957058  0.500488  7.968184
24  0.500610  7.965758  0.486816  8.185214
25  0.503174  7.924044  0.508545  7.838046
26  0.494629  8.059581  0.501709  7.946406
27  0.499146  7.987014  0.497192  8.017908
28  0.496704  8.025482  0.504517  7.900735
29  0.497437  8.013439  0.502808  7.927652
30  0.499878  7.974222  0.496826  8.022747
31  0.501465  7.948686  0.500366  7.966099

2017-11-26 20:30:58.588972 Finish.
Total elapsed time: 04:05:54.59.
