2017-11-24 10:31:08.843825: W tensorflow/core/platform/cpu_feature_guard.cc:45] The TensorFlow library wasn't compiled to use SSE4.1 instructions, but these are available on your machine and could speed up CPU computations.
2017-11-24 10:31:08.843964: W tensorflow/core/platform/cpu_feature_guard.cc:45] The TensorFlow library wasn't compiled to use SSE4.2 instructions, but these are available on your machine and could speed up CPU computations.
2017-11-24 10:31:08.843976: W tensorflow/core/platform/cpu_feature_guard.cc:45] The TensorFlow library wasn't compiled to use AVX instructions, but these are available on your machine and could speed up CPU computations.
Using TensorFlow backend.
2017-11-24 10:31:05.647846 Start.
Training Salamon's ICASSP 2017 convnet on BirdVox-70k
with PCEN input instead of logmelspec.
Training set: unit02, unit03, unit05.
Validation set: unit07, unit10.
Test set: unit01.

h5py version: 2.6.0
keras version: 2.0.6
numpy version: 1.13.1
pandas version: 0.20.3
pescador version: 1.0.0
tensorflow version: 1.2.1

_________________________________________________________________
Layer (type)                 Output Shape              Param #   
=================================================================
input_1 (InputLayer)         (None, 128, 104, 1)       0         
_________________________________________________________________
batch_normalization_1 (Batch (None, 128, 104, 1)       4         
_________________________________________________________________
conv2d_1 (Conv2D)            (None, 128, 104, 24)      624       
_________________________________________________________________
max_pooling2d_1 (MaxPooling2 (None, 64, 26, 24)        0         
_________________________________________________________________
conv2d_2 (Conv2D)            (None, 64, 26, 48)        28848     
_________________________________________________________________
max_pooling2d_2 (MaxPooling2 (None, 32, 6, 48)         0         
_________________________________________________________________
conv2d_3 (Conv2D)            (None, 32, 6, 48)         57648     
_________________________________________________________________
flatten_1 (Flatten)          (None, 9216)              0         
_________________________________________________________________
dense_1 (Dense)              (None, 64)                589888    
_________________________________________________________________
dense_2 (Dense)              (None, 1)                 65        
=================================================================
Total params: 677,077
Trainable params: 677,075
Non-trainable params: 2
_________________________________________________________________
         acc      loss   val_acc  val_loss
0   0.888794  0.889210  0.951904  0.198219
1   0.975220  0.118028  0.949707  0.169684
2   0.981323  0.100009  0.954346  0.180503
3   0.982300  0.089523  0.957764  0.146440
4   0.969971  0.212720  0.943970  0.227848
5   0.977417  0.134268  0.960693  0.154393
6   0.984009  0.098388  0.971436  0.135776
7   0.986694  0.085763  0.973267  0.111911
8   0.983643  0.084892  0.827148  0.529821
9   0.981445  0.098116  0.971191  0.183692
10  0.983521  0.102520  0.959595  0.160719
11  0.982788  0.094462  0.964478  0.164789
12  0.985840  0.079711  0.924805  0.244517
13  0.967651  0.238780  0.691895  4.558937
14  0.523315  7.653667  0.498291  8.063586
15  0.499634  8.036096  0.498657  8.046233
16  0.498169  8.049624  0.508423  7.882099
17  0.508789  7.872874  0.499390  8.019468
18  0.499390  8.016685  0.495483  8.076330
19  0.492188  8.126564  0.502930  7.953112
20  0.505981  7.902514  0.506958  7.885089
21  0.501953  7.963224  0.500244  7.988887
22  0.497070  8.038069  0.508545  7.853779
23  0.496704  8.041331  0.498657  8.009024
24  0.498535  8.009917  0.499756  7.989444
25  0.498047  8.015775  0.501953  7.952621
26  0.503296  7.930416  0.494629  8.067820
27  0.498535  8.004847  0.503540  7.924383
28  0.508545  7.843978  0.497559  8.018532
29  0.496216  8.039445  0.504883  7.900697
30  0.498291  8.005302  0.495972  8.041808
31  0.498413  8.002455  0.496094  8.039012

2017-11-24 14:44:02.627968 Finish.
Total elapsed time: 04:12:57.63.
