2017-11-27 07:36:39.139333: W tensorflow/core/platform/cpu_feature_guard.cc:45] The TensorFlow library wasn't compiled to use SSE4.1 instructions, but these are available on your machine and could speed up CPU computations.
2017-11-27 07:36:39.139611: W tensorflow/core/platform/cpu_feature_guard.cc:45] The TensorFlow library wasn't compiled to use SSE4.2 instructions, but these are available on your machine and could speed up CPU computations.
2017-11-27 07:36:39.139625: W tensorflow/core/platform/cpu_feature_guard.cc:45] The TensorFlow library wasn't compiled to use AVX instructions, but these are available on your machine and could speed up CPU computations.
Using TensorFlow backend.
2017-11-27 07:36:28.998719 Start.
Training Salamon's ICASSP 2017 convnet on BirdVox-70k
with PCEN input instead of logmelspec.
Training set: unit03, unit05, unit07.
Validation set: unit10, unit01.
Test set: unit02.

h5py version: 2.6.0
keras version: 2.0.6
numpy version: 1.13.1
pandas version: 0.20.3
pescador version: 1.0.0
tensorflow version: 1.2.1

_________________________________________________________________
Layer (type)                 Output Shape              Param #   
=================================================================
input_1 (InputLayer)         (None, 128, 104, 1)       0         
_________________________________________________________________
batch_normalization_1 (Batch (None, 128, 104, 1)       4         
_________________________________________________________________
conv2d_1 (Conv2D)            (None, 128, 104, 24)      624       
_________________________________________________________________
max_pooling2d_1 (MaxPooling2 (None, 64, 26, 24)        0         
_________________________________________________________________
conv2d_2 (Conv2D)            (None, 64, 26, 48)        28848     
_________________________________________________________________
max_pooling2d_2 (MaxPooling2 (None, 32, 6, 48)         0         
_________________________________________________________________
conv2d_3 (Conv2D)            (None, 32, 6, 48)         57648     
_________________________________________________________________
flatten_1 (Flatten)          (None, 9216)              0         
_________________________________________________________________
dense_1 (Dense)              (None, 64)                589888    
_________________________________________________________________
dense_2 (Dense)              (None, 1)                 65        
=================================================================
Total params: 677,077
Trainable params: 677,075
Non-trainable params: 2
_________________________________________________________________
         acc      loss   val_acc  val_loss
0   0.508179  0.774264  0.503052  0.713671
1   0.699829  0.600753  0.650146  0.669800
2   0.844238  0.387948  0.721191  0.664264
3   0.885254  0.294388  0.718384  0.658487
4   0.709229  2.686751  0.508179  7.963263
5   0.499756  8.094234  0.500854  8.072609
6   0.499146  8.097330  0.498169  8.110567
7   0.502686  8.035786  0.494751  8.161869
8   0.497437  8.117089  0.503662  8.015361
9   0.491821  8.205039  0.506836  7.961933
10  0.512573  7.868511  0.499878  8.072240
11  0.507324  7.951436  0.494995  8.149412
12  0.487427  8.270739  0.502686  8.024165
13  0.499634  8.072787  0.499878  8.068308
14  0.503540  8.008789  0.498291  8.092919
15  0.494995  8.145609  0.494263  8.156996
16  0.494629  8.150709  0.494385  8.154271
17  0.498901  8.081129  0.493164  8.173271
18  0.502441  8.023431  0.495850  8.129381
19  0.499390  8.072048  0.497925  8.095393
20  0.499268  8.073506  0.497925  8.094913
21  0.508057  7.931391  0.495117  8.139742
22  0.495361  8.135618  0.502563  8.019351
23  0.494019  8.156914  0.493286  8.168562
24  0.507080  7.946089  0.498169  8.089585
25  0.495605  8.130785  0.500000  8.059841
26  0.496582  8.114834  0.493530  8.163930
27  0.496094  8.122533  0.493896  8.157874
28  0.493774  8.159778  0.501709  8.031829
29  0.496460  8.116384  0.497925  8.092729
30  0.508057  7.891974  0.493896  8.089969
31  0.503052  7.939040  0.502808  7.939198

2017-11-27 11:50:12.611772 Finish.
Total elapsed time: 04:13:44.61.
