2017-11-26 09:48:18.215894: W tensorflow/core/platform/cpu_feature_guard.cc:45] The TensorFlow library wasn't compiled to use SSE4.1 instructions, but these are available on your machine and could speed up CPU computations.
2017-11-26 09:48:18.216169: W tensorflow/core/platform/cpu_feature_guard.cc:45] The TensorFlow library wasn't compiled to use SSE4.2 instructions, but these are available on your machine and could speed up CPU computations.
2017-11-26 09:48:18.216183: W tensorflow/core/platform/cpu_feature_guard.cc:45] The TensorFlow library wasn't compiled to use AVX instructions, but these are available on your machine and could speed up CPU computations.
Using TensorFlow backend.
2017-11-26 09:48:04.205565 Start.
Training Salamon's ICASSP 2017 convnet on BirdVox-70k
with PCEN input instead of logmelspec.
Training set: unit02, unit03, unit05.
Validation set: unit07, unit10.
Test set: unit01.

h5py version: 2.6.0
keras version: 2.0.6
numpy version: 1.13.1
pandas version: 0.20.3
pescador version: 1.0.0
tensorflow version: 1.2.1

_________________________________________________________________
Layer (type)                 Output Shape              Param #   
=================================================================
input_1 (InputLayer)         (None, 128, 104, 1)       0         
_________________________________________________________________
batch_normalization_1 (Batch (None, 128, 104, 1)       4         
_________________________________________________________________
conv2d_1 (Conv2D)            (None, 128, 104, 24)      624       
_________________________________________________________________
max_pooling2d_1 (MaxPooling2 (None, 64, 26, 24)        0         
_________________________________________________________________
conv2d_2 (Conv2D)            (None, 64, 26, 48)        28848     
_________________________________________________________________
max_pooling2d_2 (MaxPooling2 (None, 32, 6, 48)         0         
_________________________________________________________________
conv2d_3 (Conv2D)            (None, 32, 6, 48)         57648     
_________________________________________________________________
flatten_1 (Flatten)          (None, 9216)              0         
_________________________________________________________________
dense_1 (Dense)              (None, 64)                589888    
_________________________________________________________________
dense_2 (Dense)              (None, 1)                 65        
=================================================================
Total params: 677,077
Trainable params: 677,075
Non-trainable params: 2
_________________________________________________________________
         acc      loss   val_acc  val_loss
0   0.543335  0.812866  0.661011  0.631551
1   0.677612  3.359082  0.678223  3.792616
2   0.710449  3.626759  0.582886  3.896595
3   0.700928  3.565576  0.557983  3.908722
4   0.734253  3.528783  0.615967  4.013295
5   0.742432  3.568857  0.668701  3.766310
6   0.745117  3.682843  0.675781  3.763781
7   0.750977  3.577417  0.677002  3.754441
8   0.766602  3.433825  0.721680  3.733437
9   0.760376  3.500821  0.688477  3.774928
10  0.769409  3.382518  0.725342  3.631342
11  0.761230  3.602317  0.721069  3.681531
12  0.759521  3.543807  0.709106  3.877086
13  0.770264  3.447995  0.711548  3.697056
14  0.767822  3.478412  0.718140  3.743697
15  0.765381  3.540857  0.708862  3.752345
16  0.774414  3.393568  0.716064  3.799978
17  0.770264  3.512892  0.740723  3.604943
18  0.768066  3.449821  0.752441  3.544006
19  0.767456  3.489981  0.737305  3.752745
20  0.774414  3.433661  0.711548  3.788844
21  0.771973  3.432665  0.743164  3.599247
22  0.770386  3.454216  0.736450  3.636739
23  0.765625  3.598878  0.738403  3.626504
24  0.759766  3.633136  0.745850  3.521415
25  0.762939  3.590337  0.719482  3.698797
26  0.765869  3.549617  0.727051  3.783933
27  0.768799  3.520438  0.754028  3.460021
28  0.763428  3.606749  0.730957  3.730219
29  0.751099  3.668520  0.638794  3.957122
30  0.766724  3.599039  0.714722  3.797046
31  0.758667  3.792887  0.711548  3.827416

2017-11-26 13:53:16.928825 Finish.
Total elapsed time: 04:05:12.93.
