2017-11-26 12:16:57.722545: W tensorflow/core/platform/cpu_feature_guard.cc:45] The TensorFlow library wasn't compiled to use SSE4.1 instructions, but these are available on your machine and could speed up CPU computations.
2017-11-26 12:16:57.722855: W tensorflow/core/platform/cpu_feature_guard.cc:45] The TensorFlow library wasn't compiled to use SSE4.2 instructions, but these are available on your machine and could speed up CPU computations.
2017-11-26 12:16:57.722869: W tensorflow/core/platform/cpu_feature_guard.cc:45] The TensorFlow library wasn't compiled to use AVX instructions, but these are available on your machine and could speed up CPU computations.
Using TensorFlow backend.
2017-11-26 12:16:50.778638 Start.
Training Salamon's ICASSP 2017 convnet on BirdVox-70k
with PCEN input instead of logmelspec.
Training set: unit01, unit02, unit03.
Validation set: unit05, unit07.
Test set: unit10.

h5py version: 2.6.0
keras version: 2.0.6
numpy version: 1.13.1
pandas version: 0.20.3
pescador version: 1.0.0
tensorflow version: 1.2.1

_________________________________________________________________
Layer (type)                 Output Shape              Param #   
=================================================================
input_1 (InputLayer)         (None, 128, 104, 1)       0         
_________________________________________________________________
batch_normalization_1 (Batch (None, 128, 104, 1)       4         
_________________________________________________________________
conv2d_1 (Conv2D)            (None, 128, 104, 24)      624       
_________________________________________________________________
max_pooling2d_1 (MaxPooling2 (None, 64, 26, 24)        0         
_________________________________________________________________
conv2d_2 (Conv2D)            (None, 64, 26, 48)        28848     
_________________________________________________________________
max_pooling2d_2 (MaxPooling2 (None, 32, 6, 48)         0         
_________________________________________________________________
conv2d_3 (Conv2D)            (None, 32, 6, 48)         57648     
_________________________________________________________________
flatten_1 (Flatten)          (None, 9216)              0         
_________________________________________________________________
dense_1 (Dense)              (None, 64)                589888    
_________________________________________________________________
dense_2 (Dense)              (None, 1)                 65        
=================================================================
Total params: 677,077
Trainable params: 677,075
Non-trainable params: 2
_________________________________________________________________
         acc      loss   val_acc  val_loss
0   0.502441  0.749508  0.494995  0.716084
1   0.503662  0.738250  0.493652  0.706888
2   0.502686  0.703554  0.491089  0.701059
3   0.503662  0.699236  0.503540  0.697758
4   0.507446  5.088742  0.501221  7.985262
5   0.495117  8.073621  0.498047  8.020532
6   0.497070  8.032503  0.500854  7.969300
7   0.491211  8.121150  0.497925  8.012521
8   0.501709  7.951046  0.508179  7.846900
9   0.488525  8.159454  0.492188  8.100383
10  0.496704  8.027828  0.500854  7.961160
11  0.510376  7.808952  0.490601  8.123838
12  0.503174  7.923071  0.502808  7.928612
13  0.500977  7.957551  0.502197  7.937855
14  0.493164  8.081665  0.497925  8.005580
15  0.502930  7.925631  0.503662  7.913805
16  0.495117  8.049905  0.509033  7.827933
17  0.500122  7.969899  0.500366  7.965915
18  0.495605  8.041736  0.509399  7.821756
19  0.499268  7.983223  0.496704  8.024037
20  0.500977  7.955880  0.500122  7.969462
21  0.496094  8.033650  0.501343  7.949938
22  0.504883  7.902498  0.491577  8.234947
23  0.498901  8.122263  0.503296  8.050033
24  0.505737  8.009095  0.499390  8.109847
25  0.487793  8.295279  0.500977  8.081316
26  0.499146  8.109422  0.504028  8.029325
27  0.488037  8.285731  0.501831  8.062065
28  0.506836  7.980111  0.504517  8.016218
29  0.503662  8.028760  0.496704  8.139688
30  0.497559  8.124738  0.501953  8.052737
31  0.502686  8.039807  0.505249  7.997372

2017-11-26 16:24:45.334462 Finish.
Total elapsed time: 04:07:55.33.
