2017-11-25 02:57:15.130320: W tensorflow/core/platform/cpu_feature_guard.cc:45] The TensorFlow library wasn't compiled to use SSE4.1 instructions, but these are available on your machine and could speed up CPU computations.
2017-11-25 02:57:15.130543: W tensorflow/core/platform/cpu_feature_guard.cc:45] The TensorFlow library wasn't compiled to use SSE4.2 instructions, but these are available on your machine and could speed up CPU computations.
2017-11-25 02:57:15.130554: W tensorflow/core/platform/cpu_feature_guard.cc:45] The TensorFlow library wasn't compiled to use AVX instructions, but these are available on your machine and could speed up CPU computations.
2017-11-25 02:57:15.130558: W tensorflow/core/platform/cpu_feature_guard.cc:45] The TensorFlow library wasn't compiled to use AVX2 instructions, but these are available on your machine and could speed up CPU computations.
2017-11-25 02:57:15.130562: W tensorflow/core/platform/cpu_feature_guard.cc:45] The TensorFlow library wasn't compiled to use FMA instructions, but these are available on your machine and could speed up CPU computations.
Using TensorFlow backend.
2017-11-25 02:57:14.268734 Start.
Training Salamon's ICASSP 2017 convnet on BirdVox-70k
with PCEN input instead of logmelspec.
Training set: unit03, unit05, unit07.
Validation set: unit10, unit01.
Test set: unit02.

h5py version: 2.6.0
keras version: 2.0.6
numpy version: 1.13.1
pandas version: 0.20.3
pescador version: 1.0.0
tensorflow version: 1.2.1

_________________________________________________________________
Layer (type)                 Output Shape              Param #   
=================================================================
input_1 (InputLayer)         (None, 128, 104, 1)       0         
_________________________________________________________________
batch_normalization_1 (Batch (None, 128, 104, 1)       4         
_________________________________________________________________
conv2d_1 (Conv2D)            (None, 128, 104, 24)      624       
_________________________________________________________________
max_pooling2d_1 (MaxPooling2 (None, 64, 26, 24)        0         
_________________________________________________________________
conv2d_2 (Conv2D)            (None, 64, 26, 48)        28848     
_________________________________________________________________
max_pooling2d_2 (MaxPooling2 (None, 32, 6, 48)         0         
_________________________________________________________________
conv2d_3 (Conv2D)            (None, 32, 6, 48)         57648     
_________________________________________________________________
flatten_1 (Flatten)          (None, 9216)              0         
_________________________________________________________________
dense_1 (Dense)              (None, 64)                589888    
_________________________________________________________________
dense_2 (Dense)              (None, 1)                 65        
=================================================================
Total params: 677,077
Trainable params: 677,075
Non-trainable params: 2
_________________________________________________________________
         acc      loss   val_acc  val_loss
0   0.501465  7.938920  0.496338  8.071177
1   0.494141  8.099634  0.506226  7.900247
2   0.507446  7.877587  0.499512  8.000371
3   0.501587  7.964357  0.500488  7.964276
4   0.501099  7.967942  0.514893  7.742602
5   0.497437  8.022783  0.493896  8.064001
6   0.509277  7.837646  0.491577  8.138633
7   0.504761  7.921140  0.500488  7.983879
8   0.490356  8.141989  0.498535  8.008695
9   0.508423  7.848922  0.511230  7.802276
10  0.490479  8.131657  0.504150  7.912394
11  0.507690  7.854934  0.498535  7.999970
12  0.506226  7.876634  0.497192  8.019983
13  0.504150  7.908526  0.507568  7.853556
14  0.494995  8.053617  0.496704  8.026021
15  0.503052  7.924540  0.508423  7.838653

2017-11-25 04:39:33.516456 Finish.
Total elapsed time: 01:42:19.52.
