2017-11-26 09:52:15.525052: W tensorflow/core/platform/cpu_feature_guard.cc:45] The TensorFlow library wasn't compiled to use SSE4.1 instructions, but these are available on your machine and could speed up CPU computations.
2017-11-26 09:52:15.525346: W tensorflow/core/platform/cpu_feature_guard.cc:45] The TensorFlow library wasn't compiled to use SSE4.2 instructions, but these are available on your machine and could speed up CPU computations.
2017-11-26 09:52:15.525360: W tensorflow/core/platform/cpu_feature_guard.cc:45] The TensorFlow library wasn't compiled to use AVX instructions, but these are available on your machine and could speed up CPU computations.
Using TensorFlow backend.
2017-11-26 09:52:05.792748 Start.
Training Salamon's ICASSP 2017 convnet on BirdVox-70k
with PCEN input instead of logmelspec.
Training set: unit05, unit07, unit10.
Validation set: unit01, unit02.
Test set: unit03.

h5py version: 2.6.0
keras version: 2.0.6
numpy version: 1.13.1
pandas version: 0.20.3
pescador version: 1.0.0
tensorflow version: 1.2.1

_________________________________________________________________
Layer (type)                 Output Shape              Param #   
=================================================================
input_1 (InputLayer)         (None, 128, 104, 1)       0         
_________________________________________________________________
batch_normalization_1 (Batch (None, 128, 104, 1)       4         
_________________________________________________________________
conv2d_1 (Conv2D)            (None, 128, 104, 24)      624       
_________________________________________________________________
max_pooling2d_1 (MaxPooling2 (None, 64, 26, 24)        0         
_________________________________________________________________
conv2d_2 (Conv2D)            (None, 64, 26, 48)        28848     
_________________________________________________________________
max_pooling2d_2 (MaxPooling2 (None, 32, 6, 48)         0         
_________________________________________________________________
conv2d_3 (Conv2D)            (None, 32, 6, 48)         57648     
_________________________________________________________________
flatten_1 (Flatten)          (None, 9216)              0         
_________________________________________________________________
dense_1 (Dense)              (None, 64)                589888    
_________________________________________________________________
dense_2 (Dense)              (None, 1)                 65        
=================================================================
Total params: 677,077
Trainable params: 677,075
Non-trainable params: 2
_________________________________________________________________
         acc      loss   val_acc  val_loss
0   0.508057  0.779781  0.500610  0.717965
1   0.622925  0.661482  0.686279  0.818904
2   0.847168  0.388112  0.757324  0.658220
3   0.896484  0.286252  0.806030  0.518355
4   0.914795  0.248994  0.834473  0.443923
5   0.924683  0.222009  0.812744  0.479299
6   0.935913  0.186722  0.804565  0.595604
7   0.948120  0.160285  0.818359  0.494876
8   0.950317  0.160308  0.823853  0.453426
9   0.952637  0.148649  0.825317  0.430045
10  0.948853  0.162503  0.838989  0.442732
11  0.953735  0.152644  0.830811  0.452934
12  0.960083  0.145243  0.833740  0.542429
13  0.955322  0.142221  0.815186  0.577236
14  0.966187  0.117725  0.832275  0.497327
15  0.957642  0.140001  0.827515  0.497120
16  0.964722  0.122752  0.830933  0.488934
17  0.964844  0.127002  0.836914  0.459122
18  0.964355  0.121856  0.831421  0.468719
19  0.963379  0.132306  0.846069  0.458238
20  0.966064  0.114252  0.825073  0.547070
21  0.961548  0.131631  0.838257  0.510493
22  0.967041  0.118658  0.830200  0.518864
23  0.968872  0.117570  0.831177  0.585607
24  0.970337  0.104435  0.835327  0.684231
25  0.971436  0.106591  0.844604  0.509796
26  0.971313  0.107200  0.845093  0.504209
27  0.965942  0.127309  0.827759  0.545917
28  0.965820  0.121067  0.836304  0.489183
29  0.971802  0.099864  0.844604  0.472660
30  0.970825  0.110906  0.865479  0.448720
31  0.971558  0.107329  0.837646  0.466063

2017-11-26 14:17:56.706618 Finish.
Total elapsed time: 04:25:51.71.
