2018-01-19 18:49:23.458933: W tensorflow/core/platform/cpu_feature_guard.cc:45] The TensorFlow library wasn't compiled to use SSE4.1 instructions, but these are available on your machine and could speed up CPU computations.
2018-01-19 18:49:23.459228: W tensorflow/core/platform/cpu_feature_guard.cc:45] The TensorFlow library wasn't compiled to use SSE4.2 instructions, but these are available on your machine and could speed up CPU computations.
2018-01-19 18:49:23.459241: W tensorflow/core/platform/cpu_feature_guard.cc:45] The TensorFlow library wasn't compiled to use AVX instructions, but these are available on your machine and could speed up CPU computations.
2018-01-19 18:49:23.459246: W tensorflow/core/platform/cpu_feature_guard.cc:45] The TensorFlow library wasn't compiled to use AVX2 instructions, but these are available on your machine and could speed up CPU computations.
2018-01-19 18:49:23.459251: W tensorflow/core/platform/cpu_feature_guard.cc:45] The TensorFlow library wasn't compiled to use FMA instructions, but these are available on your machine and could speed up CPU computations.
Using TensorFlow backend.
2018-01-19 18:49:20.553280 Start.
Training Salamon's ICASSP 2017 convnet on BirdVox-70k
with PCEN input instead of logmelspec.
Training set: unit02, unit03, unit05.
Validation set: unit07, unit10.
Test set: unit01.

h5py version: 2.6.0
keras version: 2.0.6
numpy version: 1.13.1
pandas version: 0.20.3
pescador version: 1.0.0
tensorflow version: 1.2.1

_________________________________________________________________
Layer (type)                 Output Shape              Param #   
=================================================================
input_1 (InputLayer)         (None, 128, 104, 1)       0         
_________________________________________________________________
batch_normalization_1 (Batch (None, 128, 104, 1)       4         
_________________________________________________________________
conv2d_1 (Conv2D)            (None, 128, 104, 24)      624       
_________________________________________________________________
max_pooling2d_1 (MaxPooling2 (None, 64, 26, 24)        0         
_________________________________________________________________
conv2d_2 (Conv2D)            (None, 64, 26, 48)        28848     
_________________________________________________________________
max_pooling2d_2 (MaxPooling2 (None, 32, 6, 48)         0         
_________________________________________________________________
conv2d_3 (Conv2D)            (None, 32, 6, 48)         57648     
_________________________________________________________________
flatten_1 (Flatten)          (None, 9216)              0         
_________________________________________________________________
dense_1 (Dense)              (None, 64)                589888    
_________________________________________________________________
dense_2 (Dense)              (None, 1)                 65        
=================================================================
Total params: 677,077
Trainable params: 677,075
Non-trainable params: 2
_________________________________________________________________
         acc      loss   val_acc  val_loss
0   0.495117  8.153876  0.502319  8.034686
1   0.497192  8.115011  0.507568  7.945751
2   0.500000  8.066232  0.493286  8.173129
3   0.501343  8.042283  0.502563  8.021740
4   0.489868  8.225708  0.496094  8.124632
5   0.504150  7.994483  0.502930  8.011029
6   0.500854  8.023347  0.507202  7.931624
7   0.502197  8.000143  0.496338  8.084725
8   0.494751  8.104182  0.496460  8.071930
9   0.509399  7.861870  0.496948  8.056982
10  0.496094  8.067851  0.503784  7.942702
11  0.501343  7.979454  0.500244  7.994925
12  0.500488  7.989236  0.495117  8.073149
13  0.508179  7.863379  0.494873  8.074022
14  0.501221  7.971479  0.506714  7.882602
15  0.496094  8.050718  0.496826  8.037884
16  0.508301  7.853885  0.501221  7.965722
17  0.504395  7.914168  0.500488  7.975513
18  0.497803  8.017469  0.509521  7.829811
19  0.494019  8.076196  0.503906  7.917817
20  0.494995  8.059196  0.503784  7.918412
21  0.504150  7.911965  0.503296  7.924997
22  0.503418  7.922513  0.491211  8.116603
23  0.508667  7.837840  0.493530  8.078701
24  0.486572  8.189218  0.500122  7.972808
25  0.510376  7.808983  0.494263  8.065529
26  0.498779  7.993222  0.501343  7.952067
27  0.494385  8.062741  0.495850  8.039148
28  0.498901  7.990284  0.503418  7.918080
29  0.496826  8.022997  0.498535  7.995590
30  0.491211  8.112216  0.497559  8.010890
31  0.506836  7.862878  0.499634  7.977595

2018-01-19 22:29:44.240052 Finish.
Total elapsed time: 03:40:24.24.
