2017-11-24 10:31:10.165268: W tensorflow/core/platform/cpu_feature_guard.cc:45] The TensorFlow library wasn't compiled to use SSE4.1 instructions, but these are available on your machine and could speed up CPU computations.
2017-11-24 10:31:10.165485: W tensorflow/core/platform/cpu_feature_guard.cc:45] The TensorFlow library wasn't compiled to use SSE4.2 instructions, but these are available on your machine and could speed up CPU computations.
2017-11-24 10:31:10.165500: W tensorflow/core/platform/cpu_feature_guard.cc:45] The TensorFlow library wasn't compiled to use AVX instructions, but these are available on your machine and could speed up CPU computations.
Using TensorFlow backend.
2017-11-24 10:31:08.733532 Start.
Training Salamon's ICASSP 2017 convnet on BirdVox-70k
with PCEN input instead of logmelspec.
Training set: unit02, unit03, unit05.
Validation set: unit07, unit10.
Test set: unit01.

h5py version: 2.6.0
keras version: 2.0.6
numpy version: 1.13.1
pandas version: 0.20.3
pescador version: 1.0.0
tensorflow version: 1.2.1

_________________________________________________________________
Layer (type)                 Output Shape              Param #   
=================================================================
input_1 (InputLayer)         (None, 128, 104, 1)       0         
_________________________________________________________________
batch_normalization_1 (Batch (None, 128, 104, 1)       4         
_________________________________________________________________
conv2d_1 (Conv2D)            (None, 128, 104, 24)      624       
_________________________________________________________________
max_pooling2d_1 (MaxPooling2 (None, 64, 26, 24)        0         
_________________________________________________________________
conv2d_2 (Conv2D)            (None, 64, 26, 48)        28848     
_________________________________________________________________
max_pooling2d_2 (MaxPooling2 (None, 32, 6, 48)         0         
_________________________________________________________________
conv2d_3 (Conv2D)            (None, 32, 6, 48)         57648     
_________________________________________________________________
flatten_1 (Flatten)          (None, 9216)              0         
_________________________________________________________________
dense_1 (Dense)              (None, 64)                589888    
_________________________________________________________________
dense_2 (Dense)              (None, 1)                 65        
=================================================================
Total params: 677,077
Trainable params: 677,075
Non-trainable params: 2
_________________________________________________________________
         acc      loss   val_acc  val_loss
0   0.917603  0.386937  0.848999  0.614054
1   0.977905  0.114998  0.956055  0.171725
2   0.983398  0.089226  0.915283  0.263745
3   0.989136  0.065307  0.967041  0.132342
4   0.986328  0.065761  0.929565  0.232630
5   0.988770  0.059724  0.962891  0.154971
6   0.990479  0.055968  0.877319  0.367355
7   0.989624  0.055316  0.941772  0.214214
8   0.984741  0.079627  0.942139  0.209160
9   0.988159  0.060706  0.937378  0.183572
10  0.990234  0.061033  0.960327  0.172573
11  0.991699  0.048018  0.956909  0.167308
12  0.985596  0.073852  0.976929  0.124980
13  0.989746  0.073691  0.944824  0.239812
14  0.982178  0.096971  0.892090  0.963478
15  0.904785  1.515353  0.788208  3.484810
16  0.532227  7.614028  0.529053  7.659505
17  0.539917  7.481827  0.532349  7.599808
18  0.527588  7.674292  0.524780  7.716377
19  0.550781  7.295311  0.543701  7.407099
20  0.537109  7.511458  0.545166  7.376638
21  0.544312  7.391174  0.542114  7.424633
22  0.519043  7.744516  0.503418  7.982467
23  0.563599  7.045202  0.498901  8.083372
24  0.508423  7.928226  0.503906  7.997173
25  0.488037  8.247561  0.498169  8.083586
26  0.497925  8.085242  0.496094  8.112294
27  0.506226  7.948799  0.502197  8.011098
28  0.501709  8.017082  0.506104  7.945255
29  0.500122  8.038938  0.502197  8.004201
30  0.490234  8.193340  0.497070  8.082797
31  0.502319  7.997615  0.501831  8.003931

2017-11-24 14:41:31.146190 Finish.
Total elapsed time: 04:10:23.15.
