2018-01-19 12:43:51.785415: W tensorflow/core/platform/cpu_feature_guard.cc:45] The TensorFlow library wasn't compiled to use SSE4.1 instructions, but these are available on your machine and could speed up CPU computations.
2018-01-19 12:43:51.785721: W tensorflow/core/platform/cpu_feature_guard.cc:45] The TensorFlow library wasn't compiled to use SSE4.2 instructions, but these are available on your machine and could speed up CPU computations.
2018-01-19 12:43:51.785736: W tensorflow/core/platform/cpu_feature_guard.cc:45] The TensorFlow library wasn't compiled to use AVX instructions, but these are available on your machine and could speed up CPU computations.
Using TensorFlow backend.
2018-01-19 12:40:09.181319 Start.
Training Salamon's ICASSP 2017 convnet on BirdVox-70k
with PCEN input instead of logmelspec.
Training set: unit05, unit07, unit10.
Validation set: unit01, unit02.
Test set: unit03.

h5py version: 2.6.0
keras version: 2.0.6
numpy version: 1.13.1
pandas version: 0.20.3
pescador version: 1.0.0
tensorflow version: 1.2.1

_________________________________________________________________
Layer (type)                 Output Shape              Param #   
=================================================================
input_1 (InputLayer)         (None, 128, 104, 1)       0         
_________________________________________________________________
batch_normalization_1 (Batch (None, 128, 104, 1)       4         
_________________________________________________________________
conv2d_1 (Conv2D)            (None, 128, 104, 24)      624       
_________________________________________________________________
max_pooling2d_1 (MaxPooling2 (None, 64, 26, 24)        0         
_________________________________________________________________
conv2d_2 (Conv2D)            (None, 64, 26, 48)        28848     
_________________________________________________________________
max_pooling2d_2 (MaxPooling2 (None, 32, 6, 48)         0         
_________________________________________________________________
conv2d_3 (Conv2D)            (None, 32, 6, 48)         57648     
_________________________________________________________________
flatten_1 (Flatten)          (None, 9216)              0         
_________________________________________________________________
dense_1 (Dense)              (None, 64)                589888    
_________________________________________________________________
dense_2 (Dense)              (None, 1)                 65        
=================================================================
Total params: 677,077
Trainable params: 677,075
Non-trainable params: 2
_________________________________________________________________
         acc      loss   val_acc  val_loss
0   0.966309  0.132416  0.841797  0.552129
1   0.958862  0.173578  0.824585  0.649324
2   0.973022  0.130897  0.846802  0.592386
3   0.969604  0.126127  0.851196  0.515793
4   0.969604  0.127058  0.839355  0.599396
5   0.975586  0.109499  0.864868  0.468347
6   0.972412  0.106748  0.851318  0.599409
7   0.968140  0.131395  0.837769  0.551656
8   0.966919  0.168383  0.849609  0.611353
9   0.972534  0.123854  0.855225  0.604755
10  0.969116  0.133452  0.858154  0.529587
11  0.971924  0.128484  0.842407  0.613188
12  0.975586  0.108578  0.847046  0.620725
13  0.978516  0.089434  0.850342  0.613824
14  0.975464  0.104523  0.855835  0.607851
15  0.709717  3.688407  0.497803  8.058720
16  0.498047  8.048593  0.509155  7.866523
17  0.500366  8.003074  0.511719  7.818895
18  0.494385  8.092639  0.493042  8.111633
19  0.501465  7.975284  0.495605  8.066741
20  0.502197  7.959931  0.497314  8.036132
21  0.497803  8.026878  0.494873  8.072174
22  0.501343  7.967757  0.501709  7.960692
23  0.507324  7.870058  0.496216  8.046076
24  0.505371  7.899140  0.501343  7.962415
25  0.500488  7.975336  0.488770  8.162294
26  0.508667  8.001803  0.484863  8.398452
27  0.500854  8.138241  0.489136  8.324782
28  0.494873  8.230161  0.498291  8.172967
29  0.501709  8.115879  0.487671  8.340168
30  0.509766  7.982137  0.499756  8.141576
31  0.503540  8.078735  0.491821  8.265773

2018-01-19 17:28:09.774715 Finish.
Total elapsed time: 04:48:00.77.
