2017-12-13 23:26:03.948683: W tensorflow/core/platform/cpu_feature_guard.cc:45] The TensorFlow library wasn't compiled to use SSE4.1 instructions, but these are available on your machine and could speed up CPU computations.
2017-12-13 23:26:03.948972: W tensorflow/core/platform/cpu_feature_guard.cc:45] The TensorFlow library wasn't compiled to use SSE4.2 instructions, but these are available on your machine and could speed up CPU computations.
2017-12-13 23:26:03.948988: W tensorflow/core/platform/cpu_feature_guard.cc:45] The TensorFlow library wasn't compiled to use AVX instructions, but these are available on your machine and could speed up CPU computations.
Using TensorFlow backend.
2017-12-13 23:25:55.013078 Start.
Training Salamon's ICASSP 2017 convnet on BirdVox-70k
with PCEN input instead of logmelspec.
Training set: unit10, unit01, unit02.
Validation set: unit03, unit05.
Test set: unit07.

h5py version: 2.6.0
keras version: 2.0.6
numpy version: 1.13.1
pandas version: 0.20.3
pescador version: 1.0.0
tensorflow version: 1.2.1

_________________________________________________________________
Layer (type)                 Output Shape              Param #   
=================================================================
input_1 (InputLayer)         (None, 128, 104, 1)       0         
_________________________________________________________________
batch_normalization_1 (Batch (None, 128, 104, 1)       4         
_________________________________________________________________
conv2d_1 (Conv2D)            (None, 128, 104, 24)      624       
_________________________________________________________________
max_pooling2d_1 (MaxPooling2 (None, 64, 26, 24)        0         
_________________________________________________________________
conv2d_2 (Conv2D)            (None, 64, 26, 48)        28848     
_________________________________________________________________
max_pooling2d_2 (MaxPooling2 (None, 32, 6, 48)         0         
_________________________________________________________________
conv2d_3 (Conv2D)            (None, 32, 6, 48)         57648     
_________________________________________________________________
flatten_1 (Flatten)          (None, 9216)              0         
_________________________________________________________________
dense_1 (Dense)              (None, 64)                589888    
_________________________________________________________________
dense_2 (Dense)              (None, 1)                 65        
=================================================================
Total params: 677,077
Trainable params: 677,075
Non-trainable params: 2
_________________________________________________________________
         acc      loss   val_acc  val_loss
0   0.941528  0.198587  0.958862  0.156397
1   0.940552  0.200510  0.964478  0.158160
2   0.943970  0.199774  0.970215  0.131501
3   0.941162  0.200445  0.939453  0.225848
4   0.889160  0.399258  0.951782  0.183251
5   0.757202  0.644175  0.568115  0.721947
6   0.575562  0.746665  0.637207  0.677048
7   0.561279  0.899523  0.502808  7.995781
8   0.496094  8.098128  0.503784  7.970155
9   0.500854  8.012505  0.500366  8.016235
10  0.505493  7.930996  0.494263  8.106717
11  0.504028  7.948095  0.491577  8.141943
12  0.499146  7.984327  0.500977  8.010611
13  0.502808  7.978122  0.500977  8.004354
14  0.492310  8.140000  0.496216  8.075323
15  0.496826  8.063444  0.505127  7.929044
16  0.499634  8.014741  0.488770  8.186129
17  0.494263  8.096892  0.499634  8.009651
18  0.501465  7.978973  0.498535  8.024233
19  0.498413  8.024841  0.501099  7.980724
20  0.497681  8.034004  0.504150  7.929681
21  0.500122  7.992802  0.500122  7.991728
22  0.497559  8.031595  0.501709  7.964448
23  0.493042  8.101706  0.494629  8.075510
24  0.494385  8.078565  0.500122  7.986278
25  0.500854  7.973832  0.503296  7.934157
26  0.503540  7.929559  0.502197  7.950273
27  0.504761  7.908756  0.495361  8.057968
28  0.501343  7.962012  0.500000  7.982833
29  0.493286  8.089319  0.485352  8.215276
30  0.499268  7.992916  0.497559  8.019666
31  0.498779  7.999741  0.499878  7.981772

2017-12-14 04:03:56.237482 Finish.
Total elapsed time: 04:38:01.24.
