2017-12-13 21:37:47.961079: W tensorflow/core/platform/cpu_feature_guard.cc:45] The TensorFlow library wasn't compiled to use SSE4.1 instructions, but these are available on your machine and could speed up CPU computations.
2017-12-13 21:37:47.961348: W tensorflow/core/platform/cpu_feature_guard.cc:45] The TensorFlow library wasn't compiled to use SSE4.2 instructions, but these are available on your machine and could speed up CPU computations.
2017-12-13 21:37:47.961363: W tensorflow/core/platform/cpu_feature_guard.cc:45] The TensorFlow library wasn't compiled to use AVX instructions, but these are available on your machine and could speed up CPU computations.
Using TensorFlow backend.
2017-12-13 21:37:23.827393 Start.
Training Salamon's ICASSP 2017 convnet on BirdVox-70k
with PCEN input instead of logmelspec.
Training set: unit07, unit10, unit01.
Validation set: unit02, unit03.
Test set: unit05.

h5py version: 2.6.0
keras version: 2.0.6
numpy version: 1.13.1
pandas version: 0.20.3
pescador version: 1.0.0
tensorflow version: 1.2.1

_________________________________________________________________
Layer (type)                 Output Shape              Param #   
=================================================================
input_1 (InputLayer)         (None, 128, 104, 1)       0         
_________________________________________________________________
batch_normalization_1 (Batch (None, 128, 104, 1)       4         
_________________________________________________________________
conv2d_1 (Conv2D)            (None, 128, 104, 24)      624       
_________________________________________________________________
max_pooling2d_1 (MaxPooling2 (None, 64, 26, 24)        0         
_________________________________________________________________
conv2d_2 (Conv2D)            (None, 64, 26, 48)        28848     
_________________________________________________________________
max_pooling2d_2 (MaxPooling2 (None, 32, 6, 48)         0         
_________________________________________________________________
conv2d_3 (Conv2D)            (None, 32, 6, 48)         57648     
_________________________________________________________________
flatten_1 (Flatten)          (None, 9216)              0         
_________________________________________________________________
dense_1 (Dense)              (None, 64)                589888    
_________________________________________________________________
dense_2 (Dense)              (None, 1)                 65        
=================================================================
Total params: 677,077
Trainable params: 677,075
Non-trainable params: 2
_________________________________________________________________
         acc      loss   val_acc  val_loss
0   0.498047  8.008136  0.504150  7.909518
1   0.505737  7.883281  0.493530  8.077086
2   0.500977  7.957798  0.501709  7.945628
3   0.505005  7.892728  0.497559  8.011136
4   0.503174  7.921397  0.500244  7.967916
5   0.500000  7.971675  0.493408  8.076649
6   0.487793  8.166088  0.505127  7.889673
7   0.503052  7.922708  0.507324  7.854553
8   0.495850  8.091662  0.497803  8.155253
9   0.509644  7.935469  0.506348  7.972333
10  0.502930  8.021300  0.498901  8.082124
11  0.500000  8.062519  0.486694  8.275627
12  0.498535  8.087397  0.496826  8.124915
13  0.507690  7.905076  0.508545  7.868279
14  0.503662  7.936884  0.495728  8.056562
15  0.499512  7.992258  0.504761  7.905384
16  0.495850  8.045354  0.497314  8.020251
17  0.510620  7.806906  0.498535  7.998525
18  0.500000  7.974418  0.507568  7.853106
19  0.500854  7.959658  0.499756  7.976750
20  0.504883  7.894698  0.503052  7.923612
21  0.501343  7.950649  0.495483  8.043879
22  0.506592  7.866647  0.502075  7.938532
23  0.499390  7.981258  0.488525  8.154382
24  0.491577  8.105673  0.505493  7.883770
25  0.498901  7.988823  0.501831  7.942087
26  0.492554  8.089969  0.502930  7.924533
27  0.502075  8.019459  0.507935  8.215837
28  0.503906  8.251078  0.495605  8.357915
29  0.501099  8.248004  0.500122  8.244368
30  0.494263  8.323107  0.496094  8.279233
31  0.498901  8.222176  0.499023  8.209347

2017-12-14 02:23:11.940691 Finish.
Total elapsed time: 04:45:48.94.
