2017-11-24 17:54:01.496037: W tensorflow/core/platform/cpu_feature_guard.cc:45] The TensorFlow library wasn't compiled to use SSE4.1 instructions, but these are available on your machine and could speed up CPU computations.
2017-11-24 17:54:01.496241: W tensorflow/core/platform/cpu_feature_guard.cc:45] The TensorFlow library wasn't compiled to use SSE4.2 instructions, but these are available on your machine and could speed up CPU computations.
2017-11-24 17:54:01.496256: W tensorflow/core/platform/cpu_feature_guard.cc:45] The TensorFlow library wasn't compiled to use AVX instructions, but these are available on your machine and could speed up CPU computations.
Using TensorFlow backend.
2017-11-24 17:54:00.395743 Start.
Training Salamon's ICASSP 2017 convnet on BirdVox-70k
with PCEN input instead of logmelspec.
Training set: unit03, unit05, unit07.
Validation set: unit10, unit01.
Test set: unit02.

h5py version: 2.6.0
keras version: 2.0.6
numpy version: 1.13.1
pandas version: 0.20.3
pescador version: 1.0.0
tensorflow version: 1.2.1

_________________________________________________________________
Layer (type)                 Output Shape              Param #   
=================================================================
input_1 (InputLayer)         (None, 128, 104, 1)       0         
_________________________________________________________________
batch_normalization_1 (Batch (None, 128, 104, 1)       4         
_________________________________________________________________
conv2d_1 (Conv2D)            (None, 128, 104, 24)      624       
_________________________________________________________________
max_pooling2d_1 (MaxPooling2 (None, 64, 26, 24)        0         
_________________________________________________________________
conv2d_2 (Conv2D)            (None, 64, 26, 48)        28848     
_________________________________________________________________
max_pooling2d_2 (MaxPooling2 (None, 32, 6, 48)         0         
_________________________________________________________________
conv2d_3 (Conv2D)            (None, 32, 6, 48)         57648     
_________________________________________________________________
flatten_1 (Flatten)          (None, 9216)              0         
_________________________________________________________________
dense_1 (Dense)              (None, 64)                589888    
_________________________________________________________________
dense_2 (Dense)              (None, 1)                 65        
=================================================================
Total params: 677,077
Trainable params: 677,075
Non-trainable params: 2
_________________________________________________________________
         acc      loss   val_acc  val_loss
0   0.496948  8.017270  0.504517  7.931703
1   0.496216  8.055516  0.499512  7.996355
2   0.501099  7.966927  0.500488  7.973278
3   0.506348  7.877608  0.500000  7.976919
4   0.507446  7.856912  0.501221  7.955071
5   0.499146  7.987396  0.503662  7.914750
6   0.502319  7.935711  0.498047  8.002785
7   0.515381  7.744717  0.510498  7.865522
8   0.496460  8.062869  0.497314  8.035843
9   0.503052  7.939000  0.493164  8.092593
10  0.509155  7.835150  0.502563  7.938151
11  0.492676  8.094303  0.501343  7.954849
12  0.499634  7.981141  0.497803  8.009497
13  0.507690  7.851235  0.504028  7.909066
14  0.494507  8.060446  0.504028  7.908288
15  0.503052  7.923586  0.503296  7.919459

2017-11-24 19:57:01.198080 Finish.
Total elapsed time: 02:03:01.20.
