2017-11-28 21:52:38.816070: W tensorflow/core/platform/cpu_feature_guard.cc:45] The TensorFlow library wasn't compiled to use SSE4.1 instructions, but these are available on your machine and could speed up CPU computations.
2017-11-28 21:52:38.816348: W tensorflow/core/platform/cpu_feature_guard.cc:45] The TensorFlow library wasn't compiled to use SSE4.2 instructions, but these are available on your machine and could speed up CPU computations.
2017-11-28 21:52:38.816362: W tensorflow/core/platform/cpu_feature_guard.cc:45] The TensorFlow library wasn't compiled to use AVX instructions, but these are available on your machine and could speed up CPU computations.
Using TensorFlow backend.
2017-11-28 21:52:31.611448 Start.
Training Salamon's ICASSP 2017 convnet on BirdVox-70k
with PCEN input instead of logmelspec.
Training set: unit03, unit05, unit07.
Validation set: unit10, unit01.
Test set: unit02.

h5py version: 2.6.0
keras version: 2.0.6
numpy version: 1.13.1
pandas version: 0.20.3
pescador version: 1.0.0
tensorflow version: 1.2.1

_________________________________________________________________
Layer (type)                 Output Shape              Param #   
=================================================================
input_1 (InputLayer)         (None, 128, 104, 1)       0         
_________________________________________________________________
batch_normalization_1 (Batch (None, 128, 104, 1)       4         
_________________________________________________________________
conv2d_1 (Conv2D)            (None, 128, 104, 24)      624       
_________________________________________________________________
max_pooling2d_1 (MaxPooling2 (None, 64, 26, 24)        0         
_________________________________________________________________
conv2d_2 (Conv2D)            (None, 64, 26, 48)        28848     
_________________________________________________________________
max_pooling2d_2 (MaxPooling2 (None, 32, 6, 48)         0         
_________________________________________________________________
conv2d_3 (Conv2D)            (None, 32, 6, 48)         57648     
_________________________________________________________________
flatten_1 (Flatten)          (None, 9216)              0         
_________________________________________________________________
dense_1 (Dense)              (None, 64)                589888    
_________________________________________________________________
dense_2 (Dense)              (None, 1)                 65        
=================================================================
Total params: 677,077
Trainable params: 677,075
Non-trainable params: 2
_________________________________________________________________
         acc      loss   val_acc  val_loss
0   0.837524  0.729556  0.837280  0.453288
1   0.939697  0.215167  0.816895  0.577177
2   0.961060  0.159091  0.797974  0.753870
3   0.965210  0.138680  0.838867  0.502875
4   0.970825  0.124192  0.823975  0.603864
5   0.972534  0.114580  0.809082  0.713932
6   0.972168  0.114187  0.816528  0.753219
7   0.969482  0.121127  0.796143  0.929226
8   0.971313  0.125942  0.796753  0.941221
9   0.974609  0.112725  0.838257  0.530657
10  0.979126  0.091781  0.811768  0.568037
11  0.974731  0.101792  0.820923  0.608188
12  0.977417  0.088655  0.830811  0.655973
13  0.977905  0.096085  0.825684  0.472372
14  0.974976  0.105515  0.796021  0.802752
15  0.977173  0.094428  0.841187  0.609122
16  0.976807  0.098090  0.817749  0.668661
17  0.973999  0.106408  0.839478  0.561781
18  0.972412  0.126486  0.789917  1.369010
19  0.972290  0.127698  0.807373  1.136976
20  0.978882  0.103397  0.858643  0.612124
21  0.972534  0.105811  0.852295  0.729530
22  0.976807  0.102087  0.861328  0.810889
23  0.975220  0.115320  0.876221  1.269698
24  0.623291  5.894428  0.490723  8.170085
25  0.498657  8.038937  0.500244  8.009520
26  0.499634  8.015921  0.492065  8.133493
27  0.498901  8.021872  0.504639  7.927917
28  0.497070  8.046391  0.495728  8.065719
29  0.494995  8.075547  0.498291  8.021233
30  0.503418  7.937929  0.484619  8.236080
31  0.490479  8.141290  0.504028  7.923948

2017-11-29 02:02:04.045008 Finish.
Total elapsed time: 04:09:33.05.
