2017-12-13 17:56:53.764665: W tensorflow/core/platform/cpu_feature_guard.cc:45] The TensorFlow library wasn't compiled to use SSE4.1 instructions, but these are available on your machine and could speed up CPU computations.
2017-12-13 17:56:53.764966: W tensorflow/core/platform/cpu_feature_guard.cc:45] The TensorFlow library wasn't compiled to use SSE4.2 instructions, but these are available on your machine and could speed up CPU computations.
2017-12-13 17:56:53.764979: W tensorflow/core/platform/cpu_feature_guard.cc:45] The TensorFlow library wasn't compiled to use AVX instructions, but these are available on your machine and could speed up CPU computations.
Using TensorFlow backend.
2017-12-13 17:55:39.694999 Start.
Training Salamon's ICASSP 2017 convnet on BirdVox-70k
with PCEN input instead of logmelspec.
Training set: unit07, unit10, unit01.
Validation set: unit02, unit03.
Test set: unit05.

h5py version: 2.6.0
keras version: 2.0.6
numpy version: 1.13.1
pandas version: 0.20.3
pescador version: 1.0.0
tensorflow version: 1.2.1

_________________________________________________________________
Layer (type)                 Output Shape              Param #   
=================================================================
input_1 (InputLayer)         (None, 128, 104, 1)       0         
_________________________________________________________________
batch_normalization_1 (Batch (None, 128, 104, 1)       4         
_________________________________________________________________
conv2d_1 (Conv2D)            (None, 128, 104, 24)      624       
_________________________________________________________________
max_pooling2d_1 (MaxPooling2 (None, 64, 26, 24)        0         
_________________________________________________________________
conv2d_2 (Conv2D)            (None, 64, 26, 48)        28848     
_________________________________________________________________
max_pooling2d_2 (MaxPooling2 (None, 32, 6, 48)         0         
_________________________________________________________________
conv2d_3 (Conv2D)            (None, 32, 6, 48)         57648     
_________________________________________________________________
flatten_1 (Flatten)          (None, 9216)              0         
_________________________________________________________________
dense_1 (Dense)              (None, 64)                589888    
_________________________________________________________________
dense_2 (Dense)              (None, 1)                 65        
=================================================================
Total params: 677,077
Trainable params: 677,075
Non-trainable params: 2
_________________________________________________________________
         acc      loss   val_acc  val_loss
0   0.930542  0.211798  0.933716  0.234056
1   0.933716  0.213544  0.923828  0.297558
2   0.934326  0.201679  0.930054  0.245185
3   0.944702  0.180725  0.920288  0.330836
4   0.937500  0.197291  0.924072  0.279559
5   0.946411  0.186851  0.938599  0.251365
6   0.941895  0.201577  0.913086  0.377679
7   0.947266  0.196385  0.934937  0.270983
8   0.947510  0.190570  0.930298  0.327757
9   0.945923  0.192493  0.924316  0.254994
10  0.944580  0.199860  0.940430  0.276913
11  0.929932  0.240304  0.926025  0.284236
12  0.946289  0.195333  0.947144  0.232562
13  0.943970  0.206983  0.936523  0.272388
14  0.947021  0.175433  0.930786  0.442305
15  0.936401  0.237285  0.896362  0.610042
16  0.722290  3.728305  0.494263  8.134118
17  0.508667  7.895224  0.504761  7.949970
18  0.500977  8.004763  0.501587  7.990045
19  0.491943  8.139689  0.502441  7.968519
20  0.503418  7.949691  0.504639  7.927160
21  0.500488  7.990648  0.499756  7.999783
22  0.490479  8.145448  0.504883  7.913680
23  0.492920  8.102514  0.505371  7.902220
24  0.501221  7.966802  0.495972  8.048975
25  0.502930  7.936716  0.494873  8.063893
26  0.505737  7.889578  0.497314  8.022803
27  0.499512  7.986848  0.504883  7.900346
28  0.500977  7.961859  0.502197  7.941678
29  0.505127  7.894349  0.491455  8.111726
30  0.489380  8.144304  0.500488  7.966737
31  0.502197  7.939086  0.506592  7.868648

2017-12-13 22:37:36.536784 Finish.
Total elapsed time: 04:41:57.54.
