2017-11-26 21:17:06.878444: W tensorflow/core/platform/cpu_feature_guard.cc:45] The TensorFlow library wasn't compiled to use SSE4.1 instructions, but these are available on your machine and could speed up CPU computations.
2017-11-26 21:17:06.878675: W tensorflow/core/platform/cpu_feature_guard.cc:45] The TensorFlow library wasn't compiled to use SSE4.2 instructions, but these are available on your machine and could speed up CPU computations.
2017-11-26 21:17:06.878689: W tensorflow/core/platform/cpu_feature_guard.cc:45] The TensorFlow library wasn't compiled to use AVX instructions, but these are available on your machine and could speed up CPU computations.
Using TensorFlow backend.
2017-11-26 21:17:01.368356 Start.
Training Salamon's ICASSP 2017 convnet on BirdVox-70k
with PCEN input instead of logmelspec.
Training set: unit01, unit02, unit03.
Validation set: unit05, unit07.
Test set: unit10.

h5py version: 2.6.0
keras version: 2.0.6
numpy version: 1.13.1
pandas version: 0.20.3
pescador version: 1.0.0
tensorflow version: 1.2.1

_________________________________________________________________
Layer (type)                 Output Shape              Param #   
=================================================================
input_1 (InputLayer)         (None, 128, 104, 1)       0         
_________________________________________________________________
batch_normalization_1 (Batch (None, 128, 104, 1)       4         
_________________________________________________________________
conv2d_1 (Conv2D)            (None, 128, 104, 24)      624       
_________________________________________________________________
max_pooling2d_1 (MaxPooling2 (None, 64, 26, 24)        0         
_________________________________________________________________
conv2d_2 (Conv2D)            (None, 64, 26, 48)        28848     
_________________________________________________________________
max_pooling2d_2 (MaxPooling2 (None, 32, 6, 48)         0         
_________________________________________________________________
conv2d_3 (Conv2D)            (None, 32, 6, 48)         57648     
_________________________________________________________________
flatten_1 (Flatten)          (None, 9216)              0         
_________________________________________________________________
dense_1 (Dense)              (None, 64)                589888    
_________________________________________________________________
dense_2 (Dense)              (None, 1)                 65        
=================================================================
Total params: 677,077
Trainable params: 677,075
Non-trainable params: 2
_________________________________________________________________
         acc      loss   val_acc  val_loss
0   0.507690  0.774593  0.503784  0.717851
1   0.503174  0.711469  0.494995  0.708299
2   0.501099  0.704545  0.508179  0.701071
3   0.503540  3.303582  0.505249  3.445995
4   0.500122  3.787432  0.499756  3.469629
5   0.496704  3.841267  0.496460  3.421517
6   0.508057  3.723711  0.498779  3.498515
7   0.495728  3.744536  0.502563  3.510646
8   0.501099  3.793909  0.494263  3.680703
9   0.502319  3.731794  0.498535  3.530698
10  0.509033  3.671673  0.495605  3.544145
11  0.507690  3.635648  0.495728  3.545645
12  0.498901  7.925328  0.490234  8.225054
13  0.506348  7.959231  0.488281  8.248996
14  0.501587  8.030109  0.495850  8.122181
15  0.496094  8.114379  0.494019  8.147283
16  0.508911  7.904442  0.501221  8.029175
17  0.504272  7.975039  0.497192  8.088763
18  0.500122  8.039994  0.498047  8.074083
19  0.510620  7.867663  0.505615  7.949137
20  0.498413  8.061742  0.502075  8.003610
21  0.511719  7.844929  0.504639  7.959958
22  0.496704  8.084808  0.508667  7.893856
23  0.499878  8.030530  0.500488  8.023977
24  0.495972  8.091826  0.498535  8.053657
25  0.507812  7.896793  0.504639  7.938367
26  0.507690  7.882267  0.496704  8.049231
27  0.495361  8.066463  0.499023  8.004630
28  0.496338  8.044961  0.489990  8.143966
29  0.501465  7.959316  0.504639  7.907160
30  0.507568  7.859183  0.497437  8.019542
31  0.502075  7.944619  0.504395  7.906746

2017-11-27 01:24:45.762279 Finish.
Total elapsed time: 04:07:44.76.
