2017-11-27 08:10:06.346115: W tensorflow/core/platform/cpu_feature_guard.cc:45] The TensorFlow library wasn't compiled to use SSE4.1 instructions, but these are available on your machine and could speed up CPU computations.
2017-11-27 08:10:06.346433: W tensorflow/core/platform/cpu_feature_guard.cc:45] The TensorFlow library wasn't compiled to use SSE4.2 instructions, but these are available on your machine and could speed up CPU computations.
2017-11-27 08:10:06.346446: W tensorflow/core/platform/cpu_feature_guard.cc:45] The TensorFlow library wasn't compiled to use AVX instructions, but these are available on your machine and could speed up CPU computations.
Using TensorFlow backend.
2017-11-27 08:09:57.267377 Start.
Training Salamon's ICASSP 2017 convnet on BirdVox-70k
with PCEN input instead of logmelspec.
Training set: unit05, unit07, unit10.
Validation set: unit01, unit02.
Test set: unit03.

h5py version: 2.6.0
keras version: 2.0.6
numpy version: 1.13.1
pandas version: 0.20.3
pescador version: 1.0.0
tensorflow version: 1.2.1

_________________________________________________________________
Layer (type)                 Output Shape              Param #   
=================================================================
input_1 (InputLayer)         (None, 128, 104, 1)       0         
_________________________________________________________________
batch_normalization_1 (Batch (None, 128, 104, 1)       4         
_________________________________________________________________
conv2d_1 (Conv2D)            (None, 128, 104, 24)      624       
_________________________________________________________________
max_pooling2d_1 (MaxPooling2 (None, 64, 26, 24)        0         
_________________________________________________________________
conv2d_2 (Conv2D)            (None, 64, 26, 48)        28848     
_________________________________________________________________
max_pooling2d_2 (MaxPooling2 (None, 32, 6, 48)         0         
_________________________________________________________________
conv2d_3 (Conv2D)            (None, 32, 6, 48)         57648     
_________________________________________________________________
flatten_1 (Flatten)          (None, 9216)              0         
_________________________________________________________________
dense_1 (Dense)              (None, 64)                589888    
_________________________________________________________________
dense_2 (Dense)              (None, 1)                 65        
=================================================================
Total params: 677,077
Trainable params: 677,075
Non-trainable params: 2
_________________________________________________________________
         acc      loss   val_acc  val_loss
0   0.623413  0.809941  0.689453  0.770072
1   0.832764  0.415981  0.741333  0.655378
2   0.864136  0.366793  0.778931  0.605290
3   0.893921  0.296947  0.792603  0.549403
4   0.911743  0.255559  0.796875  0.634435
5   0.932983  0.206518  0.816650  0.516061
6   0.941772  0.180318  0.829346  0.499282
7   0.948608  0.165139  0.841553  0.451178
8   0.958130  0.143841  0.845337  0.447001
9   0.959106  0.144078  0.846924  0.428195
10  0.962646  0.130582  0.847778  0.408523
11  0.961304  0.139480  0.805664  0.536893
12  0.957764  0.140264  0.836548  0.484528
13  0.963257  0.126483  0.838745  0.530183
14  0.966064  0.114844  0.832275  0.550356
15  0.966309  0.118739  0.850586  0.401473
16  0.963623  0.128590  0.824341  0.496918
17  0.963623  0.119936  0.862549  0.507168
18  0.967651  0.113780  0.849121  0.490542
19  0.967163  0.117627  0.862183  0.495108
20  0.969971  0.105707  0.856934  0.460700
21  0.963623  0.142700  0.863647  0.459267
22  0.972290  0.108329  0.861206  0.429407
23  0.971680  0.109440  0.834961  0.489655
24  0.970947  0.106269  0.860107  0.491435
25  0.968994  0.115838  0.846313  0.531048
26  0.976196  0.099844  0.871582  0.425448
27  0.974609  0.100334  0.873047  0.445069
28  0.972534  0.101553  0.849487  0.481781
29  0.973389  0.097736  0.871460  0.428008
30  0.969971  0.114756  0.876953  0.459457
31  0.973511  0.108345  0.854858  0.543642

2017-11-27 12:15:29.604903 Finish.
Total elapsed time: 04:05:32.60.
