2017-11-24 22:02:27.975837: W tensorflow/core/platform/cpu_feature_guard.cc:45] The TensorFlow library wasn't compiled to use SSE4.1 instructions, but these are available on your machine and could speed up CPU computations.
2017-11-24 22:02:27.976033: W tensorflow/core/platform/cpu_feature_guard.cc:45] The TensorFlow library wasn't compiled to use SSE4.2 instructions, but these are available on your machine and could speed up CPU computations.
2017-11-24 22:02:27.976043: W tensorflow/core/platform/cpu_feature_guard.cc:45] The TensorFlow library wasn't compiled to use AVX instructions, but these are available on your machine and could speed up CPU computations.
2017-11-24 22:02:27.976047: W tensorflow/core/platform/cpu_feature_guard.cc:45] The TensorFlow library wasn't compiled to use AVX2 instructions, but these are available on your machine and could speed up CPU computations.
2017-11-24 22:02:27.976051: W tensorflow/core/platform/cpu_feature_guard.cc:45] The TensorFlow library wasn't compiled to use FMA instructions, but these are available on your machine and could speed up CPU computations.
Using TensorFlow backend.
2017-11-24 22:02:26.969481 Start.
Training Salamon's ICASSP 2017 convnet on BirdVox-70k
with PCEN input instead of logmelspec.
Training set: unit05, unit07, unit10.
Validation set: unit01, unit02.
Test set: unit03.

h5py version: 2.6.0
keras version: 2.0.6
numpy version: 1.13.1
pandas version: 0.20.3
pescador version: 1.0.0
tensorflow version: 1.2.1

_________________________________________________________________
Layer (type)                 Output Shape              Param #   
=================================================================
input_1 (InputLayer)         (None, 128, 104, 1)       0         
_________________________________________________________________
batch_normalization_1 (Batch (None, 128, 104, 1)       4         
_________________________________________________________________
conv2d_1 (Conv2D)            (None, 128, 104, 24)      624       
_________________________________________________________________
max_pooling2d_1 (MaxPooling2 (None, 64, 26, 24)        0         
_________________________________________________________________
conv2d_2 (Conv2D)            (None, 64, 26, 48)        28848     
_________________________________________________________________
max_pooling2d_2 (MaxPooling2 (None, 32, 6, 48)         0         
_________________________________________________________________
conv2d_3 (Conv2D)            (None, 32, 6, 48)         57648     
_________________________________________________________________
flatten_1 (Flatten)          (None, 9216)              0         
_________________________________________________________________
dense_1 (Dense)              (None, 64)                589888    
_________________________________________________________________
dense_2 (Dense)              (None, 1)                 65        
=================================================================
Total params: 677,077
Trainable params: 677,075
Non-trainable params: 2
_________________________________________________________________
         acc      loss   val_acc  val_loss
0   0.500000  0.791927  0.502441  0.724374
1   0.502808  0.739057  0.496582  0.711008
2   0.490967  0.716350  0.505005  0.705539
3   0.507812  0.703136  0.490723  0.708600
4   0.494995  0.709662  0.502075  0.699210
5   0.615234  0.685760  0.495728  0.738207
6   0.533447  0.767711  0.516846  0.737507
7   0.529419  3.739083  0.509766  7.867044
8   0.500610  8.006759  0.496460  8.067520
9   0.490479  8.158622  0.499512  8.010708
10  0.499512  8.007442  0.510864  7.823411
11  0.497437  8.034879  0.504150  7.925403
12  0.494263  8.080932  0.506592  7.882400
13  0.498657  8.007191  0.510376  7.818764
14  0.501831  7.953612  0.491821  8.111899
15  0.498291  8.007647  0.507202  7.864545

2017-11-24 23:40:12.224403 Finish.
Total elapsed time: 01:37:46.22.
