2017-11-25 04:34:28.971237: W tensorflow/core/platform/cpu_feature_guard.cc:45] The TensorFlow library wasn't compiled to use SSE4.1 instructions, but these are available on your machine and could speed up CPU computations.
2017-11-25 04:34:28.971437: W tensorflow/core/platform/cpu_feature_guard.cc:45] The TensorFlow library wasn't compiled to use SSE4.2 instructions, but these are available on your machine and could speed up CPU computations.
2017-11-25 04:34:28.971451: W tensorflow/core/platform/cpu_feature_guard.cc:45] The TensorFlow library wasn't compiled to use AVX instructions, but these are available on your machine and could speed up CPU computations.
Using TensorFlow backend.
2017-11-25 04:34:28.064844 Start.
Training Salamon's ICASSP 2017 convnet on BirdVox-70k
with PCEN input instead of logmelspec.
Training set: unit07, unit10, unit01.
Validation set: unit02, unit03.
Test set: unit05.

h5py version: 2.6.0
keras version: 2.0.6
numpy version: 1.13.1
pandas version: 0.20.3
pescador version: 1.0.0
tensorflow version: 1.2.1

_________________________________________________________________
Layer (type)                 Output Shape              Param #   
=================================================================
input_1 (InputLayer)         (None, 128, 104, 1)       0         
_________________________________________________________________
batch_normalization_1 (Batch (None, 128, 104, 1)       4         
_________________________________________________________________
conv2d_1 (Conv2D)            (None, 128, 104, 24)      624       
_________________________________________________________________
max_pooling2d_1 (MaxPooling2 (None, 64, 26, 24)        0         
_________________________________________________________________
conv2d_2 (Conv2D)            (None, 64, 26, 48)        28848     
_________________________________________________________________
max_pooling2d_2 (MaxPooling2 (None, 32, 6, 48)         0         
_________________________________________________________________
conv2d_3 (Conv2D)            (None, 32, 6, 48)         57648     
_________________________________________________________________
flatten_1 (Flatten)          (None, 9216)              0         
_________________________________________________________________
dense_1 (Dense)              (None, 64)                589888    
_________________________________________________________________
dense_2 (Dense)              (None, 1)                 65        
=================================================================
Total params: 677,077
Trainable params: 677,075
Non-trainable params: 2
_________________________________________________________________
         acc      loss   val_acc  val_loss
0   0.847778  0.623589  0.759277  0.537072
1   0.913086  0.267481  0.769165  0.497787
2   0.934814  0.201907  0.718872  0.582581
3   0.943481  0.175553  0.696533  0.681401
4   0.955688  0.145528  0.661865  0.714033
5   0.963379  0.119592  0.799805  0.561062
6   0.969727  0.111404  0.677368  1.021167
7   0.971924  0.108161  0.772705  0.641107
8   0.979370  0.084990  0.747192  0.722147
9   0.985352  0.069166  0.725830  1.067365
10  0.985718  0.072861  0.723999  1.155016
11  0.965698  0.172924  0.694824  0.937383
12  0.818115  2.750556  0.488770  8.223565
13  0.499756  8.039510  0.496826  8.079065
14  0.505859  7.930140  0.501343  7.997868
15  0.496094  8.078239  0.505493  7.925384

2017-11-25 06:39:49.727813 Finish.
Total elapsed time: 02:05:21.73.
