2017-11-24 20:20:21.785777: W tensorflow/core/platform/cpu_feature_guard.cc:45] The TensorFlow library wasn't compiled to use SSE4.1 instructions, but these are available on your machine and could speed up CPU computations.
2017-11-24 20:20:21.785988: W tensorflow/core/platform/cpu_feature_guard.cc:45] The TensorFlow library wasn't compiled to use SSE4.2 instructions, but these are available on your machine and could speed up CPU computations.
2017-11-24 20:20:21.786008: W tensorflow/core/platform/cpu_feature_guard.cc:45] The TensorFlow library wasn't compiled to use AVX instructions, but these are available on your machine and could speed up CPU computations.
Using TensorFlow backend.
2017-11-24 20:20:20.843868 Start.
Training Salamon's ICASSP 2017 convnet on BirdVox-70k
with PCEN input instead of logmelspec.
Training set: unit01, unit02, unit03.
Validation set: unit05, unit07.
Test set: unit10.

h5py version: 2.6.0
keras version: 2.0.6
numpy version: 1.13.1
pandas version: 0.20.3
pescador version: 1.0.0
tensorflow version: 1.2.1

_________________________________________________________________
Layer (type)                 Output Shape              Param #   
=================================================================
input_1 (InputLayer)         (None, 128, 104, 1)       0         
_________________________________________________________________
batch_normalization_1 (Batch (None, 128, 104, 1)       4         
_________________________________________________________________
conv2d_1 (Conv2D)            (None, 128, 104, 24)      624       
_________________________________________________________________
max_pooling2d_1 (MaxPooling2 (None, 64, 26, 24)        0         
_________________________________________________________________
conv2d_2 (Conv2D)            (None, 64, 26, 48)        28848     
_________________________________________________________________
max_pooling2d_2 (MaxPooling2 (None, 32, 6, 48)         0         
_________________________________________________________________
conv2d_3 (Conv2D)            (None, 32, 6, 48)         57648     
_________________________________________________________________
flatten_1 (Flatten)          (None, 9216)              0         
_________________________________________________________________
dense_1 (Dense)              (None, 64)                589888    
_________________________________________________________________
dense_2 (Dense)              (None, 1)                 65        
=================================================================
Total params: 677,077
Trainable params: 677,075
Non-trainable params: 2
_________________________________________________________________
         acc      loss   val_acc  val_loss
0   0.498169  8.057847  0.503662  8.030337
1   0.496948  8.133448  0.502319  8.042773
2   0.503662  8.018198  0.503052  8.025428
3   0.500610  8.062700  0.504517  7.997841
4   0.500000  8.069083  0.508179  7.935827
5   0.493042  8.178622  0.493774  8.165732
6   0.500244  8.060559  0.499512  8.071545
7   0.510132  7.899697  0.505859  7.967947
8   0.501465  8.038278  0.502197  8.026018
9   0.498657  8.082709  0.495483  8.133531
10  0.495605  8.131297  0.499512  8.068094
11  0.496216  8.121026  0.501221  8.040184
12  0.498901  8.077432  0.497437  8.100921
13  0.489624  8.226748  0.498169  8.088935
14  0.496948  8.108545  0.498657  8.080940
15  0.497070  8.106473  0.512573  7.856556

2017-11-24 22:22:07.625508 Finish.
Total elapsed time: 02:01:47.63.
