2018-01-19 23:20:14.480842: W tensorflow/core/platform/cpu_feature_guard.cc:45] The TensorFlow library wasn't compiled to use SSE4.1 instructions, but these are available on your machine and could speed up CPU computations.
2018-01-19 23:20:14.481194: W tensorflow/core/platform/cpu_feature_guard.cc:45] The TensorFlow library wasn't compiled to use SSE4.2 instructions, but these are available on your machine and could speed up CPU computations.
2018-01-19 23:20:14.481217: W tensorflow/core/platform/cpu_feature_guard.cc:45] The TensorFlow library wasn't compiled to use AVX instructions, but these are available on your machine and could speed up CPU computations.
2018-01-19 23:20:14.481226: W tensorflow/core/platform/cpu_feature_guard.cc:45] The TensorFlow library wasn't compiled to use AVX2 instructions, but these are available on your machine and could speed up CPU computations.
2018-01-19 23:20:14.481236: W tensorflow/core/platform/cpu_feature_guard.cc:45] The TensorFlow library wasn't compiled to use FMA instructions, but these are available on your machine and could speed up CPU computations.
Using TensorFlow backend.
2018-01-19 23:18:16.903217 Start.
Training Salamon's ICASSP 2017 convnet on BirdVox-70k
with PCEN input instead of logmelspec.
Training set: unit05, unit07, unit10.
Validation set: unit01, unit02.
Test set: unit03.

h5py version: 2.6.0
keras version: 2.0.6
numpy version: 1.13.1
pandas version: 0.20.3
pescador version: 1.0.0
tensorflow version: 1.2.1

_________________________________________________________________
Layer (type)                 Output Shape              Param #   
=================================================================
input_1 (InputLayer)         (None, 128, 104, 1)       0         
_________________________________________________________________
batch_normalization_1 (Batch (None, 128, 104, 1)       4         
_________________________________________________________________
conv2d_1 (Conv2D)            (None, 128, 104, 24)      624       
_________________________________________________________________
max_pooling2d_1 (MaxPooling2 (None, 64, 26, 24)        0         
_________________________________________________________________
conv2d_2 (Conv2D)            (None, 64, 26, 48)        28848     
_________________________________________________________________
max_pooling2d_2 (MaxPooling2 (None, 32, 6, 48)         0         
_________________________________________________________________
conv2d_3 (Conv2D)            (None, 32, 6, 48)         57648     
_________________________________________________________________
flatten_1 (Flatten)          (None, 9216)              0         
_________________________________________________________________
dense_1 (Dense)              (None, 64)                589888    
_________________________________________________________________
dense_2 (Dense)              (None, 1)                 65        
=================================================================
Total params: 677,077
Trainable params: 677,075
Non-trainable params: 2
_________________________________________________________________
         acc      loss   val_acc  val_loss
0   0.499146  8.044862  0.492188  8.141757
1   0.500610  8.000649  0.502319  7.968075
2   0.508423  7.867297  0.498291  8.025860
3   0.500000  7.996372  0.502197  7.959310
4   0.504028  7.928421  0.503052  7.942392
5   0.500366  7.983796  0.499390  7.998013
6   0.500732  7.975381  0.501587  7.960573
7   0.504639  7.910835  0.501953  7.952595
8   0.504150  7.916597  0.504883  7.903981
9   0.496582  8.035451  0.497559  8.019046
10  0.500610  7.969627  0.498657  8.000024
11  0.501953  7.946804  0.500977  7.961722
12  0.493652  8.077898  0.499756  7.980026
13  0.497681  8.012601  0.504517  7.903133
14  0.504028  7.910484  0.508057  7.845850
15  0.495728  8.042041  0.494019  8.068941
16  0.498901  7.990797  0.494629  8.058627
17  0.496094  8.035031  0.494263  8.063995
18  0.486450  8.188351  0.501709  7.944911
19  0.502075  7.938923  0.502441  7.932947
20  0.501831  7.942565  0.502686  7.928839
21  0.499390  7.981301  0.500732  7.959819
22  0.500122  7.969491  0.496094  8.033660
23  0.502563  7.930478  0.500244  7.967418
24  0.499390  7.981015  0.502563  7.930394
25  0.500488  7.963461  0.498047  8.002369
26  0.515503  7.724068  0.500122  7.969268
27  0.498779  7.990670  0.500610  7.961474
28  0.509888  7.818804  0.504395  8.082976
29  0.497070  8.160214  0.507812  7.954653
30  0.500000  8.072544  0.500977  8.051581
31  0.510986  7.887739  0.508423  7.927188

2018-01-20 03:09:32.308902 Finish.
Total elapsed time: 03:51:16.31.
