2017-12-13 17:55:14.705580: W tensorflow/core/platform/cpu_feature_guard.cc:45] The TensorFlow library wasn't compiled to use SSE4.1 instructions, but these are available on your machine and could speed up CPU computations.
2017-12-13 17:55:14.705907: W tensorflow/core/platform/cpu_feature_guard.cc:45] The TensorFlow library wasn't compiled to use SSE4.2 instructions, but these are available on your machine and could speed up CPU computations.
2017-12-13 17:55:14.705937: W tensorflow/core/platform/cpu_feature_guard.cc:45] The TensorFlow library wasn't compiled to use AVX instructions, but these are available on your machine and could speed up CPU computations.
Using TensorFlow backend.
2017-12-13 17:54:56.497708 Start.
Training Salamon's ICASSP 2017 convnet on BirdVox-70k
with PCEN input instead of logmelspec.
Training set: unit10, unit01, unit02.
Validation set: unit03, unit05.
Test set: unit07.

h5py version: 2.6.0
keras version: 2.0.6
numpy version: 1.13.1
pandas version: 0.20.3
pescador version: 1.0.0
tensorflow version: 1.2.1

_________________________________________________________________
Layer (type)                 Output Shape              Param #   
=================================================================
input_1 (InputLayer)         (None, 128, 104, 1)       0         
_________________________________________________________________
batch_normalization_1 (Batch (None, 128, 104, 1)       4         
_________________________________________________________________
conv2d_1 (Conv2D)            (None, 128, 104, 24)      624       
_________________________________________________________________
max_pooling2d_1 (MaxPooling2 (None, 64, 26, 24)        0         
_________________________________________________________________
conv2d_2 (Conv2D)            (None, 64, 26, 48)        28848     
_________________________________________________________________
max_pooling2d_2 (MaxPooling2 (None, 32, 6, 48)         0         
_________________________________________________________________
conv2d_3 (Conv2D)            (None, 32, 6, 48)         57648     
_________________________________________________________________
flatten_1 (Flatten)          (None, 9216)              0         
_________________________________________________________________
dense_1 (Dense)              (None, 64)                589888    
_________________________________________________________________
dense_2 (Dense)              (None, 1)                 65        
=================================================================
Total params: 677,077
Trainable params: 677,075
Non-trainable params: 2
_________________________________________________________________
         acc      loss   val_acc  val_loss
0   0.500732  8.082720  0.505005  8.000939
1   0.504272  8.014616  0.501343  8.066103
2   0.502808  8.039293  0.500000  8.080871
3   0.499268  8.091458  0.495361  8.149184
4   0.504150  8.008297  0.504395  8.002619
5   0.508423  7.935238  0.505615  7.990677
6   0.509521  7.874004  0.494995  8.096246
7   0.501465  7.989030  0.507446  7.897035
8   0.499878  8.010452  0.505249  7.923161
9   0.494507  8.092847  0.493408  8.112754
10  0.499878  8.008515  0.500244  8.001206
11  0.493408  8.111186  0.490479  8.154948
12  0.501953  7.970940  0.498291  8.030211
13  0.502563  7.959414  0.506104  7.898374
14  0.495850  8.066337  0.503784  7.931663
15  0.498535  8.022083  0.501953  7.966739
16  0.499390  8.007031  0.507690  7.867013
17  0.501221  7.976401  0.485474  8.222799
18  0.491577  8.125235  0.505005  7.913782
19  0.495239  8.067119  0.507080  7.879538
20  0.500000  7.991637  0.498413  8.016537
21  0.497192  8.033375  0.496826  8.038636
22  0.485107  8.222969  0.506958  7.874231
23  0.496704  8.036900  0.508057  7.855408
24  0.506714  7.878019  0.499634  7.990249
25  0.499023  8.001266  0.497559  8.024060
26  0.501587  7.959520  0.500122  7.976617
27  0.492920  8.096387  0.497559  8.020282
28  0.499023  7.996258  0.494385  8.069692
29  0.507202  7.866857  0.496582  8.028155
30  0.503906  7.914575  0.505493  7.890836
31  0.492188  8.100594  0.500854  7.963736

2017-12-13 22:36:28.865035 Finish.
Total elapsed time: 04:41:32.87.
