2017-11-27 07:46:37.322404: W tensorflow/core/platform/cpu_feature_guard.cc:45] The TensorFlow library wasn't compiled to use SSE4.1 instructions, but these are available on your machine and could speed up CPU computations.
2017-11-27 07:46:37.322670: W tensorflow/core/platform/cpu_feature_guard.cc:45] The TensorFlow library wasn't compiled to use SSE4.2 instructions, but these are available on your machine and could speed up CPU computations.
2017-11-27 07:46:37.322685: W tensorflow/core/platform/cpu_feature_guard.cc:45] The TensorFlow library wasn't compiled to use AVX instructions, but these are available on your machine and could speed up CPU computations.
Using TensorFlow backend.
2017-11-27 07:46:27.728834 Start.
Training Salamon's ICASSP 2017 convnet on BirdVox-70k
with PCEN input instead of logmelspec.
Training set: unit03, unit05, unit07.
Validation set: unit10, unit01.
Test set: unit02.

h5py version: 2.6.0
keras version: 2.0.6
numpy version: 1.13.1
pandas version: 0.20.3
pescador version: 1.0.0
tensorflow version: 1.2.1

_________________________________________________________________
Layer (type)                 Output Shape              Param #   
=================================================================
input_1 (InputLayer)         (None, 128, 104, 1)       0         
_________________________________________________________________
batch_normalization_1 (Batch (None, 128, 104, 1)       4         
_________________________________________________________________
conv2d_1 (Conv2D)            (None, 128, 104, 24)      624       
_________________________________________________________________
max_pooling2d_1 (MaxPooling2 (None, 64, 26, 24)        0         
_________________________________________________________________
conv2d_2 (Conv2D)            (None, 64, 26, 48)        28848     
_________________________________________________________________
max_pooling2d_2 (MaxPooling2 (None, 32, 6, 48)         0         
_________________________________________________________________
conv2d_3 (Conv2D)            (None, 32, 6, 48)         57648     
_________________________________________________________________
flatten_1 (Flatten)          (None, 9216)              0         
_________________________________________________________________
dense_1 (Dense)              (None, 64)                589888    
_________________________________________________________________
dense_2 (Dense)              (None, 1)                 65        
=================================================================
Total params: 677,077
Trainable params: 677,075
Non-trainable params: 2
_________________________________________________________________
         acc      loss   val_acc  val_loss
0   0.497070  0.910201  0.503906  0.729631
1   0.511475  0.720564  0.498657  0.713453
2   0.496948  0.708893  0.500854  0.704873
3   0.519531  0.701943  0.498779  0.700591
4   0.564331  2.769815  0.491455  5.285911
5   0.489990  4.733306  0.499146  5.257728
6   0.499268  7.261815  0.493286  8.127695
7   0.491455  8.162532  0.489990  8.175635
8   0.505737  7.929104  0.503540  7.956725
9   0.492554  8.137745  0.505005  7.931398
10  0.509521  7.865195  0.506958  7.900287
11  0.498779  8.036232  0.502808  7.965891
12  0.503784  7.954650  0.504761  7.932066
13  0.498047  8.046766  0.504761  7.930256
14  0.500488  8.006632  0.498291  8.035676
15  0.500488  8.005483  0.499756  8.010126
16  0.504517  7.941488  0.500488  7.999144
17  0.513428  7.798973  0.503540  7.949775
18  0.503662  7.954789  0.495117  8.084341
19  0.499390  8.022269  0.499634  8.011834
20  0.490845  8.159045  0.494141  8.099528
21  0.510742  7.839417  0.503784  7.945469
22  0.496826  8.062092  0.505005  7.937077
23  0.496460  8.065437  0.496948  8.051859
24  0.506592  7.894090  0.497314  8.038401
25  0.492798  8.107519  0.495850  8.056220
26  0.495605  8.057914  0.500244  7.981928
27  0.514160  7.758362  0.499634  7.988355
28  0.506470  7.878026  0.503174  7.929314
29  0.502686  7.936032  0.495728  8.045965
30  0.505493  7.889434  0.503784  7.915894
31  0.495239  8.051456  0.496338  8.033324

2017-11-27 11:53:48.804213 Finish.
Total elapsed time: 04:07:21.80.
