2018-01-19 21:00:14.718011: W tensorflow/core/platform/cpu_feature_guard.cc:45] The TensorFlow library wasn't compiled to use SSE4.1 instructions, but these are available on your machine and could speed up CPU computations.
2018-01-19 21:00:14.718290: W tensorflow/core/platform/cpu_feature_guard.cc:45] The TensorFlow library wasn't compiled to use SSE4.2 instructions, but these are available on your machine and could speed up CPU computations.
2018-01-19 21:00:14.718305: W tensorflow/core/platform/cpu_feature_guard.cc:45] The TensorFlow library wasn't compiled to use AVX instructions, but these are available on your machine and could speed up CPU computations.
Using TensorFlow backend.
2018-01-19 20:58:34.089573 Start.
Training Salamon's ICASSP 2017 convnet on BirdVox-70k
with PCEN input instead of logmelspec.
Training set: unit02, unit03, unit05.
Validation set: unit07, unit10.
Test set: unit01.

h5py version: 2.6.0
keras version: 2.0.6
numpy version: 1.13.1
pandas version: 0.20.3
pescador version: 1.0.0
tensorflow version: 1.2.1

_________________________________________________________________
Layer (type)                 Output Shape              Param #   
=================================================================
input_1 (InputLayer)         (None, 128, 104, 1)       0         
_________________________________________________________________
batch_normalization_1 (Batch (None, 128, 104, 1)       4         
_________________________________________________________________
conv2d_1 (Conv2D)            (None, 128, 104, 24)      624       
_________________________________________________________________
max_pooling2d_1 (MaxPooling2 (None, 64, 26, 24)        0         
_________________________________________________________________
conv2d_2 (Conv2D)            (None, 64, 26, 48)        28848     
_________________________________________________________________
max_pooling2d_2 (MaxPooling2 (None, 32, 6, 48)         0         
_________________________________________________________________
conv2d_3 (Conv2D)            (None, 32, 6, 48)         57648     
_________________________________________________________________
flatten_1 (Flatten)          (None, 9216)              0         
_________________________________________________________________
dense_1 (Dense)              (None, 64)                589888    
_________________________________________________________________
dense_2 (Dense)              (None, 1)                 65        
=================================================================
Total params: 677,077
Trainable params: 677,075
Non-trainable params: 2
_________________________________________________________________
         acc      loss   val_acc  val_loss
0   0.501587  7.950498  0.497070  8.021582
1   0.491455  8.110416  0.496704  8.026132
2   0.497925  8.006219  0.510254  7.809265
3   0.497314  8.015251  0.495117  8.050017
4   0.507690  7.849372  0.497192  8.016326
5   0.502441  7.932753  0.507812  7.847014
6   0.511963  7.834430  0.503174  8.039803
7   0.503296  8.052292  0.500854  8.056087
8   0.501709  8.020661  0.507812  7.905269
9   0.499390  8.026938  0.497681  8.043419
10  0.493774  8.098010  0.487305  8.194577
11  0.493164  8.096480  0.505981  7.888144
12  0.506592  7.875591  0.499146  7.991908
13  0.512207  7.782004  0.499634  7.981040
14  0.503296  7.921685  0.498169  8.002606
15  0.499390  7.982590  0.501831  7.943206
16  0.496582  8.026578  0.498291  7.999076
17  0.501099  7.954147  0.503052  7.922870
18  0.494995  8.051222  0.509521  7.819563
19  0.502319  7.946997  0.510010  8.054989
20  0.507935  8.130488  0.497314  8.300317
21  0.506958  8.141593  0.495483  8.323202
22  0.494873  8.329677  0.502686  8.200341
23  0.498291  8.267739  0.489990  8.398053
24  0.495117  8.311928  0.507080  8.115576
25  0.508545  8.088434  0.497681  8.259973
26  0.502563  8.177706  0.500854  8.201652
27  0.498169  8.241353  0.507812  8.082302
28  0.505371  8.118062  0.493164  8.311198
29  0.507080  8.083316  0.503540  8.136770
30  0.505859  8.095828  0.501343  8.165052
31  0.505737  8.090703  0.502319  8.142267

2018-01-20 01:50:37.132096 Finish.
Total elapsed time: 04:52:03.13.
