2017-11-26 21:49:08.852342: W tensorflow/core/platform/cpu_feature_guard.cc:45] The TensorFlow library wasn't compiled to use SSE4.1 instructions, but these are available on your machine and could speed up CPU computations.
2017-11-26 21:49:08.852674: W tensorflow/core/platform/cpu_feature_guard.cc:45] The TensorFlow library wasn't compiled to use SSE4.2 instructions, but these are available on your machine and could speed up CPU computations.
2017-11-26 21:49:08.852688: W tensorflow/core/platform/cpu_feature_guard.cc:45] The TensorFlow library wasn't compiled to use AVX instructions, but these are available on your machine and could speed up CPU computations.
Using TensorFlow backend.
2017-11-26 21:49:04.077684 Start.
Training Salamon's ICASSP 2017 convnet on BirdVox-70k
with PCEN input instead of logmelspec.
Training set: unit01, unit02, unit03.
Validation set: unit05, unit07.
Test set: unit10.

h5py version: 2.6.0
keras version: 2.0.6
numpy version: 1.13.1
pandas version: 0.20.3
pescador version: 1.0.0
tensorflow version: 1.2.1

_________________________________________________________________
Layer (type)                 Output Shape              Param #   
=================================================================
input_1 (InputLayer)         (None, 128, 104, 1)       0         
_________________________________________________________________
batch_normalization_1 (Batch (None, 128, 104, 1)       4         
_________________________________________________________________
conv2d_1 (Conv2D)            (None, 128, 104, 24)      624       
_________________________________________________________________
max_pooling2d_1 (MaxPooling2 (None, 64, 26, 24)        0         
_________________________________________________________________
conv2d_2 (Conv2D)            (None, 64, 26, 48)        28848     
_________________________________________________________________
max_pooling2d_2 (MaxPooling2 (None, 32, 6, 48)         0         
_________________________________________________________________
conv2d_3 (Conv2D)            (None, 32, 6, 48)         57648     
_________________________________________________________________
flatten_1 (Flatten)          (None, 9216)              0         
_________________________________________________________________
dense_1 (Dense)              (None, 64)                589888    
_________________________________________________________________
dense_2 (Dense)              (None, 1)                 65        
=================================================================
Total params: 677,077
Trainable params: 677,075
Non-trainable params: 2
_________________________________________________________________
         acc      loss   val_acc  val_loss
0   0.520752  3.419600  0.498169  4.140089
1   0.543335  3.577016  0.494263  4.263247
2   0.499146  3.666906  0.503418  4.152836
3   0.497070  3.670090  0.498901  4.235242
4   0.497314  3.597878  0.494751  4.186537
5   0.507935  3.640613  0.504883  4.189282
6   0.515869  3.627232  0.492676  4.128123
7   0.483521  3.720881  0.505371  4.114273
8   0.494629  3.650331  0.498657  4.253277
9   0.511841  3.420937  0.495972  4.147566
10  0.501587  3.554460  0.502563  4.290402
11  0.505005  3.537438  0.495972  4.204445
12  0.509644  3.674630  0.497681  4.166645
13  0.498901  3.568758  0.492310  4.197228
14  0.509521  3.504770  0.498047  4.140804
15  0.496948  3.648784  0.506470  4.167270
16  0.502563  3.702346  0.505371  4.178855
17  0.494141  7.786687  0.507935  7.903572
18  0.508179  7.886150  0.505005  7.926287
19  0.495972  8.063518  0.496704  8.046113
20  0.496460  8.045881  0.498535  8.009212
21  0.507446  7.864469  0.509766  7.825140
22  0.502563  7.938179  0.499023  7.993046
23  0.504150  7.910120  0.498413  8.000537
24  0.501953  7.943309  0.505737  7.882285
25  0.499268  7.984907  0.493042  8.083703
26  0.503418  7.917949  0.506104  7.874844
27  0.501343  7.950529  0.500122  7.969807
28  0.497559  8.010544  0.497070  8.018217
29  0.489746  8.134905  0.498291  7.998613
30  0.503174  7.920724  0.492310  8.093889
31  0.501465  7.947907  0.500732  7.959563

2017-11-27 01:54:30.335672 Finish.
Total elapsed time: 04:05:26.34.
