2017-11-24 23:00:11.816312: W tensorflow/core/platform/cpu_feature_guard.cc:45] The TensorFlow library wasn't compiled to use SSE4.1 instructions, but these are available on your machine and could speed up CPU computations.
2017-11-24 23:00:11.816510: W tensorflow/core/platform/cpu_feature_guard.cc:45] The TensorFlow library wasn't compiled to use SSE4.2 instructions, but these are available on your machine and could speed up CPU computations.
2017-11-24 23:00:11.816525: W tensorflow/core/platform/cpu_feature_guard.cc:45] The TensorFlow library wasn't compiled to use AVX instructions, but these are available on your machine and could speed up CPU computations.
Using TensorFlow backend.
2017-11-24 23:00:10.857152 Start.
Training Salamon's ICASSP 2017 convnet on BirdVox-70k
with PCEN input instead of logmelspec.
Training set: unit03, unit05, unit07.
Validation set: unit10, unit01.
Test set: unit02.

h5py version: 2.6.0
keras version: 2.0.6
numpy version: 1.13.1
pandas version: 0.20.3
pescador version: 1.0.0
tensorflow version: 1.2.1

_________________________________________________________________
Layer (type)                 Output Shape              Param #   
=================================================================
input_1 (InputLayer)         (None, 128, 104, 1)       0         
_________________________________________________________________
batch_normalization_1 (Batch (None, 128, 104, 1)       4         
_________________________________________________________________
conv2d_1 (Conv2D)            (None, 128, 104, 24)      624       
_________________________________________________________________
max_pooling2d_1 (MaxPooling2 (None, 64, 26, 24)        0         
_________________________________________________________________
conv2d_2 (Conv2D)            (None, 64, 26, 48)        28848     
_________________________________________________________________
max_pooling2d_2 (MaxPooling2 (None, 32, 6, 48)         0         
_________________________________________________________________
conv2d_3 (Conv2D)            (None, 32, 6, 48)         57648     
_________________________________________________________________
flatten_1 (Flatten)          (None, 9216)              0         
_________________________________________________________________
dense_1 (Dense)              (None, 64)                589888    
_________________________________________________________________
dense_2 (Dense)              (None, 1)                 65        
=================================================================
Total params: 677,077
Trainable params: 677,075
Non-trainable params: 2
_________________________________________________________________
         acc      loss   val_acc  val_loss
0   0.505493  0.819758  0.493652  0.724268
1   0.505493  0.716706  0.500488  0.711136
2   0.502441  0.713462  0.503052  0.709687
3   0.500122  0.743905  0.493896  0.717533
4   0.500244  5.141701  0.501709  8.057674
5   0.511719  7.892611  0.503174  8.027083
6   0.496216  8.136751  0.495239  8.150279
7   0.497559  8.111154  0.490723  8.219763
8   0.507568  7.946975  0.499512  8.075678
9   0.493774  8.167208  0.500244  8.062060
10  0.504761  7.988542  0.496216  8.125606
11  0.505371  7.977483  0.497681  8.100921
12  0.499146  8.076872  0.501099  8.044981
13  0.491333  8.202033  0.499756  8.065942
14  0.514893  7.821681  0.507324  7.943398
15  0.484741  8.307157  0.504272  7.992126

2017-11-25 01:04:46.166499 Finish.
Total elapsed time: 02:04:36.17.
