2018-01-19 23:20:21.973346: W tensorflow/core/platform/cpu_feature_guard.cc:45] The TensorFlow library wasn't compiled to use SSE4.1 instructions, but these are available on your machine and could speed up CPU computations.
2018-01-19 23:20:21.973651: W tensorflow/core/platform/cpu_feature_guard.cc:45] The TensorFlow library wasn't compiled to use SSE4.2 instructions, but these are available on your machine and could speed up CPU computations.
2018-01-19 23:20:21.973670: W tensorflow/core/platform/cpu_feature_guard.cc:45] The TensorFlow library wasn't compiled to use AVX instructions, but these are available on your machine and could speed up CPU computations.
2018-01-19 23:20:21.973678: W tensorflow/core/platform/cpu_feature_guard.cc:45] The TensorFlow library wasn't compiled to use AVX2 instructions, but these are available on your machine and could speed up CPU computations.
2018-01-19 23:20:21.973686: W tensorflow/core/platform/cpu_feature_guard.cc:45] The TensorFlow library wasn't compiled to use FMA instructions, but these are available on your machine and could speed up CPU computations.
Using TensorFlow backend.
2018-01-19 23:18:16.902646 Start.
Training Salamon's ICASSP 2017 convnet on BirdVox-70k
with PCEN input instead of logmelspec.
Training set: unit03, unit05, unit07.
Validation set: unit10, unit01.
Test set: unit02.

h5py version: 2.6.0
keras version: 2.0.6
numpy version: 1.13.1
pandas version: 0.20.3
pescador version: 1.0.0
tensorflow version: 1.2.1

_________________________________________________________________
Layer (type)                 Output Shape              Param #   
=================================================================
input_1 (InputLayer)         (None, 128, 104, 1)       0         
_________________________________________________________________
batch_normalization_1 (Batch (None, 128, 104, 1)       4         
_________________________________________________________________
conv2d_1 (Conv2D)            (None, 128, 104, 24)      624       
_________________________________________________________________
max_pooling2d_1 (MaxPooling2 (None, 64, 26, 24)        0         
_________________________________________________________________
conv2d_2 (Conv2D)            (None, 64, 26, 48)        28848     
_________________________________________________________________
max_pooling2d_2 (MaxPooling2 (None, 32, 6, 48)         0         
_________________________________________________________________
conv2d_3 (Conv2D)            (None, 32, 6, 48)         57648     
_________________________________________________________________
flatten_1 (Flatten)          (None, 9216)              0         
_________________________________________________________________
dense_1 (Dense)              (None, 64)                589888    
_________________________________________________________________
dense_2 (Dense)              (None, 1)                 65        
=================================================================
Total params: 677,077
Trainable params: 677,075
Non-trainable params: 2
_________________________________________________________________
         acc      loss   val_acc  val_loss
0   0.965454  0.144288  0.789673  1.087013
1   0.975342  0.114228  0.840576  0.677273
2   0.976318  0.098738  0.768921  1.490165
3   0.977539  0.095664  0.771118  1.252877
4   0.977661  0.100310  0.817627  0.660107
5   0.978638  0.086134  0.781860  0.993602
6   0.979492  0.083202  0.834229  0.721747
7   0.976685  0.089150  0.777100  1.102830
8   0.978027  0.090409  0.818115  0.917864
9   0.974976  0.108719  0.794312  1.138592
10  0.818726  2.732028  0.494385  8.106356
11  0.542114  7.341479  0.504395  7.950961
12  0.492188  8.141523  0.500610  8.003806
13  0.509644  7.857289  0.498169  8.037757
14  0.488525  8.189544  0.495728  8.072875
15  0.492798  8.118558  0.499146  8.019437
16  0.499146  8.017530  0.504639  7.928259
17  0.495117  8.078587  0.499390  8.009066
18  0.498047  8.029191  0.499146  8.010432
19  0.501343  7.974253  0.503174  7.943941
20  0.497681  8.030472  0.496826  8.043075
21  0.494995  8.071313  0.489868  8.152116
22  0.501587  7.964416  0.498413  8.014156
23  0.489258  8.159307  0.507324  7.870495
24  0.491821  8.116904  0.503784  7.925457
25  0.491699  8.117433  0.503662  7.926041
26  0.495605  8.053848  0.499268  7.994842
27  0.497803  8.017608  0.500488  7.974218
28  0.506104  7.884155  0.494629  8.066556
29  0.494141  8.073840  0.495239  8.055834
30  0.504028  7.915254  0.501831  7.949831
31  0.509155  7.832641  0.494995  8.057971

2018-01-20 03:08:51.528117 Finish.
Total elapsed time: 03:50:35.53.
