2017-11-27 02:01:32.599879: W tensorflow/core/platform/cpu_feature_guard.cc:45] The TensorFlow library wasn't compiled to use SSE4.1 instructions, but these are available on your machine and could speed up CPU computations.
2017-11-27 02:01:32.600143: W tensorflow/core/platform/cpu_feature_guard.cc:45] The TensorFlow library wasn't compiled to use SSE4.2 instructions, but these are available on your machine and could speed up CPU computations.
2017-11-27 02:01:32.600157: W tensorflow/core/platform/cpu_feature_guard.cc:45] The TensorFlow library wasn't compiled to use AVX instructions, but these are available on your machine and could speed up CPU computations.
Using TensorFlow backend.
2017-11-27 02:01:26.910589 Start.
Training Salamon's ICASSP 2017 convnet on BirdVox-70k
with PCEN input instead of logmelspec.
Training set: unit07, unit10, unit01.
Validation set: unit02, unit03.
Test set: unit05.

h5py version: 2.6.0
keras version: 2.0.6
numpy version: 1.13.1
pandas version: 0.20.3
pescador version: 1.0.0
tensorflow version: 1.2.1

_________________________________________________________________
Layer (type)                 Output Shape              Param #   
=================================================================
input_1 (InputLayer)         (None, 128, 104, 1)       0         
_________________________________________________________________
batch_normalization_1 (Batch (None, 128, 104, 1)       4         
_________________________________________________________________
conv2d_1 (Conv2D)            (None, 128, 104, 24)      624       
_________________________________________________________________
max_pooling2d_1 (MaxPooling2 (None, 64, 26, 24)        0         
_________________________________________________________________
conv2d_2 (Conv2D)            (None, 64, 26, 48)        28848     
_________________________________________________________________
max_pooling2d_2 (MaxPooling2 (None, 32, 6, 48)         0         
_________________________________________________________________
conv2d_3 (Conv2D)            (None, 32, 6, 48)         57648     
_________________________________________________________________
flatten_1 (Flatten)          (None, 9216)              0         
_________________________________________________________________
dense_1 (Dense)              (None, 64)                589888    
_________________________________________________________________
dense_2 (Dense)              (None, 1)                 65        
=================================================================
Total params: 677,077
Trainable params: 677,075
Non-trainable params: 2
_________________________________________________________________
         acc      loss   val_acc  val_loss
0   0.495972  0.784463  0.498535  0.726016
1   0.492920  0.717559  0.508423  0.711194
2   0.497314  2.841558  0.506958  5.093955
3   0.491455  3.125763  0.507080  5.183923
4   0.506348  3.110053  0.497803  5.228025
5   0.499023  3.124850  0.504761  5.085660
6   0.506226  3.089648  0.493896  5.175965
7   0.505981  3.023374  0.502197  5.144064
8   0.524536  4.617989  0.497192  8.220650
9   0.498657  8.178599  0.511963  7.951232
10  0.501587  8.110856  0.496704  8.183259
11  0.495361  8.200426  0.498657  8.143377
12  0.497070  8.165879  0.493164  8.226030
13  0.497925  8.146932  0.498169  8.140771
14  0.496460  8.166341  0.501221  8.087704
15  0.495850  8.172523  0.493408  8.210158
16  0.499634  8.108191  0.494873  8.183323
17  0.501587  8.073569  0.494995  8.178287
18  0.499756  8.100071  0.505981  7.998248
19  0.492920  8.207337  0.504395  8.020951
20  0.506470  7.986104  0.498657  8.110629
21  0.503540  8.030566  0.516968  7.812779
22  0.493652  8.187260  0.490234  8.241037
23  0.503784  8.021367  0.500732  8.069291
24  0.508911  7.936247  0.494507  8.167208
25  0.493530  8.181790  0.496704  8.129488
26  0.503052  8.026085  0.499390  8.084036
27  0.507202  7.957096  0.497314  8.115468
28  0.507202  7.955159  0.506714  7.962111
29  0.507690  7.945516  0.490356  8.224073
30  0.488159  8.258718  0.504150  8.000223
31  0.493164  8.176616  0.496094  8.128733

2017-11-27 06:13:35.951105 Finish.
Total elapsed time: 04:12:09.95.
