2018-01-19 12:42:31.015119: W tensorflow/core/platform/cpu_feature_guard.cc:45] The TensorFlow library wasn't compiled to use SSE4.1 instructions, but these are available on your machine and could speed up CPU computations.
2018-01-19 12:42:31.015441: W tensorflow/core/platform/cpu_feature_guard.cc:45] The TensorFlow library wasn't compiled to use SSE4.2 instructions, but these are available on your machine and could speed up CPU computations.
2018-01-19 12:42:31.015455: W tensorflow/core/platform/cpu_feature_guard.cc:45] The TensorFlow library wasn't compiled to use AVX instructions, but these are available on your machine and could speed up CPU computations.
Using TensorFlow backend.
2018-01-19 12:40:48.461430 Start.
Training Salamon's ICASSP 2017 convnet on BirdVox-70k
with PCEN input instead of logmelspec.
Training set: unit01, unit02, unit03.
Validation set: unit05, unit07.
Test set: unit10.

h5py version: 2.6.0
keras version: 2.0.6
numpy version: 1.13.1
pandas version: 0.20.3
pescador version: 1.0.0
tensorflow version: 1.2.1

_________________________________________________________________
Layer (type)                 Output Shape              Param #   
=================================================================
input_1 (InputLayer)         (None, 128, 104, 1)       0         
_________________________________________________________________
batch_normalization_1 (Batch (None, 128, 104, 1)       4         
_________________________________________________________________
conv2d_1 (Conv2D)            (None, 128, 104, 24)      624       
_________________________________________________________________
max_pooling2d_1 (MaxPooling2 (None, 64, 26, 24)        0         
_________________________________________________________________
conv2d_2 (Conv2D)            (None, 64, 26, 48)        28848     
_________________________________________________________________
max_pooling2d_2 (MaxPooling2 (None, 32, 6, 48)         0         
_________________________________________________________________
conv2d_3 (Conv2D)            (None, 32, 6, 48)         57648     
_________________________________________________________________
flatten_1 (Flatten)          (None, 9216)              0         
_________________________________________________________________
dense_1 (Dense)              (None, 64)                589888    
_________________________________________________________________
dense_2 (Dense)              (None, 1)                 65        
=================================================================
Total params: 677,077
Trainable params: 677,075
Non-trainable params: 2
_________________________________________________________________
         acc      loss   val_acc  val_loss
0   0.951416  0.178370  0.941528  0.188942
1   0.946655  0.184785  0.952637  0.177849
2   0.950073  0.178955  0.944214  0.192158
3   0.955688  0.161165  0.947144  0.190966
4   0.952393  0.182847  0.956543  0.186606
5   0.953857  0.165744  0.936646  0.201234
6   0.956421  0.163484  0.939209  0.197298
7   0.951538  0.180404  0.947754  0.192800
8   0.953003  0.182822  0.931396  0.246197
9   0.949463  0.191500  0.942017  0.203309
10  0.953857  0.187170  0.939453  0.237035
11  0.948975  0.193067  0.937622  0.237301
12  0.831299  2.197092  0.502197  8.009597
13  0.504761  7.958823  0.502686  7.983783
14  0.509155  7.874587  0.507324  7.898315
15  0.490112  8.168244  0.515747  7.755431
16  0.505859  7.909569  0.494385  8.089235
17  0.493774  8.096159  0.507446  7.875560
18  0.493652  8.093184  0.496826  8.040433
19  0.502808  7.943203  0.494019  8.081555
20  0.493530  8.087802  0.502075  7.950124
21  0.503784  7.921616  0.494263  8.072219
22  0.505981  7.884359  0.500488  7.970958
23  0.513428  7.763827  0.493652  8.078299
24  0.494507  8.063990  0.501099  7.958256
25  0.506226  7.875967  0.505371  7.889071
26  0.494141  8.067669  0.496460  8.030280
27  0.502075  7.940409  0.504028  7.908945
28  0.497192  8.017653  0.494263  8.064105
29  0.487183  8.176768  0.494629  8.057862
30  0.497437  8.012942  0.499878  7.973874
31  0.506226  7.872559  0.500244  7.967809

2018-01-19 18:04:49.131020 Finish.
Total elapsed time: 05:24:01.13.
