2018-01-19 18:05:25.526706: W tensorflow/core/platform/cpu_feature_guard.cc:45] The TensorFlow library wasn't compiled to use SSE4.1 instructions, but these are available on your machine and could speed up CPU computations.
2018-01-19 18:05:25.526984: W tensorflow/core/platform/cpu_feature_guard.cc:45] The TensorFlow library wasn't compiled to use SSE4.2 instructions, but these are available on your machine and could speed up CPU computations.
2018-01-19 18:05:25.526997: W tensorflow/core/platform/cpu_feature_guard.cc:45] The TensorFlow library wasn't compiled to use AVX instructions, but these are available on your machine and could speed up CPU computations.
Using TensorFlow backend.
2018-01-19 18:05:22.365252 Start.
Training Salamon's ICASSP 2017 convnet on BirdVox-70k
with PCEN input instead of logmelspec.
Training set: unit02, unit03, unit05.
Validation set: unit07, unit10.
Test set: unit01.

h5py version: 2.6.0
keras version: 2.0.6
numpy version: 1.13.1
pandas version: 0.20.3
pescador version: 1.0.0
tensorflow version: 1.2.1

_________________________________________________________________
Layer (type)                 Output Shape              Param #   
=================================================================
input_1 (InputLayer)         (None, 128, 104, 1)       0         
_________________________________________________________________
batch_normalization_1 (Batch (None, 128, 104, 1)       4         
_________________________________________________________________
conv2d_1 (Conv2D)            (None, 128, 104, 24)      624       
_________________________________________________________________
max_pooling2d_1 (MaxPooling2 (None, 64, 26, 24)        0         
_________________________________________________________________
conv2d_2 (Conv2D)            (None, 64, 26, 48)        28848     
_________________________________________________________________
max_pooling2d_2 (MaxPooling2 (None, 32, 6, 48)         0         
_________________________________________________________________
conv2d_3 (Conv2D)            (None, 32, 6, 48)         57648     
_________________________________________________________________
flatten_1 (Flatten)          (None, 9216)              0         
_________________________________________________________________
dense_1 (Dense)              (None, 64)                589888    
_________________________________________________________________
dense_2 (Dense)              (None, 1)                 65        
=================================================================
Total params: 677,077
Trainable params: 677,075
Non-trainable params: 2
_________________________________________________________________
         acc      loss   val_acc  val_loss
0   0.970093  0.117007  0.955688  0.193668
1   0.969116  0.122439  0.941528  0.234426
2   0.973755  0.112247  0.932983  0.263607
3   0.964233  0.183738  0.967041  0.192250
4   0.973633  0.110317  0.957886  0.197319
5   0.973267  0.111372  0.936768  0.270585
6   0.975830  0.097057  0.946411  0.222428
7   0.976196  0.098651  0.963257  0.170198
8   0.973877  0.104337  0.957520  0.183823
9   0.970093  0.105875  0.962280  0.169162
10  0.978882  0.091972  0.963989  0.166855
11  0.974731  0.093562  0.945923  0.217256
12  0.979736  0.084891  0.946533  0.203250
13  0.973389  0.107397  0.966797  0.165831
14  0.975464  0.094047  0.947998  0.203653
15  0.978394  0.096065  0.964478  0.178375
16  0.977417  0.096035  0.965088  0.167592
17  0.976196  0.100461  0.965820  0.177393
18  0.979492  0.094843  0.947632  0.291695
19  0.974365  0.108865  0.942383  0.227196
20  0.980469  0.080940  0.962402  0.180718
21  0.976562  0.090583  0.953125  0.215305
22  0.978394  0.077267  0.971069  0.151525
23  0.977539  0.091732  0.965942  0.199567
24  0.978638  0.086526  0.965210  0.170851
25  0.979736  0.085362  0.969238  0.142710
26  0.964355  0.124825  0.962769  0.182042
27  0.970825  0.114162  0.955566  0.219185
28  0.970337  0.099565  0.958008  0.191755
29  0.976685  0.099338  0.964600  0.183526
30  0.970703  0.106059  0.964111  0.211175
31  0.975952  0.113582  0.962036  0.193163

2018-01-19 23:22:32.907209 Finish.
Total elapsed time: 05:17:10.91.
