2018-01-19 17:32:13.748822: W tensorflow/core/platform/cpu_feature_guard.cc:45] The TensorFlow library wasn't compiled to use SSE4.1 instructions, but these are available on your machine and could speed up CPU computations.
2018-01-19 17:32:13.749073: W tensorflow/core/platform/cpu_feature_guard.cc:45] The TensorFlow library wasn't compiled to use SSE4.2 instructions, but these are available on your machine and could speed up CPU computations.
2018-01-19 17:32:13.749086: W tensorflow/core/platform/cpu_feature_guard.cc:45] The TensorFlow library wasn't compiled to use AVX instructions, but these are available on your machine and could speed up CPU computations.
Using TensorFlow backend.
2018-01-19 17:32:10.340777 Start.
Training Salamon's ICASSP 2017 convnet on BirdVox-70k
with PCEN input instead of logmelspec.
Training set: unit01, unit02, unit03.
Validation set: unit05, unit07.
Test set: unit10.

h5py version: 2.6.0
keras version: 2.0.6
numpy version: 1.13.1
pandas version: 0.20.3
pescador version: 1.0.0
tensorflow version: 1.2.1

_________________________________________________________________
Layer (type)                 Output Shape              Param #   
=================================================================
input_1 (InputLayer)         (None, 128, 104, 1)       0         
_________________________________________________________________
batch_normalization_1 (Batch (None, 128, 104, 1)       4         
_________________________________________________________________
conv2d_1 (Conv2D)            (None, 128, 104, 24)      624       
_________________________________________________________________
max_pooling2d_1 (MaxPooling2 (None, 64, 26, 24)        0         
_________________________________________________________________
conv2d_2 (Conv2D)            (None, 64, 26, 48)        28848     
_________________________________________________________________
max_pooling2d_2 (MaxPooling2 (None, 32, 6, 48)         0         
_________________________________________________________________
conv2d_3 (Conv2D)            (None, 32, 6, 48)         57648     
_________________________________________________________________
flatten_1 (Flatten)          (None, 9216)              0         
_________________________________________________________________
dense_1 (Dense)              (None, 64)                589888    
_________________________________________________________________
dense_2 (Dense)              (None, 1)                 65        
=================================================================
Total params: 677,077
Trainable params: 677,075
Non-trainable params: 2
_________________________________________________________________
         acc      loss   val_acc  val_loss
0   0.503540  7.923462  0.501953  7.947433
1   0.503418  7.923014  0.498901  7.994051
2   0.503662  7.917370  0.498535  7.998394
3   0.497559  8.013386  0.494141  8.067353
4   0.510254  7.949042  0.494873  8.239424
5   0.503174  8.086783  0.495850  8.189764
6   0.504272  8.044009  0.512207  7.907665
7   0.508911  7.954677  0.497925  8.126408
8   0.498657  8.110501  0.505615  7.994670
9   0.500000  8.082220  0.491821  8.211338
10  0.507812  7.951340  0.498535  8.098784
11  0.487061  8.281957  0.504272  8.002870
12  0.490967  8.215900  0.506348  7.966643
13  0.505615  7.977286  0.492920  8.180817
14  0.504395  7.994926  0.494751  8.149479
15  0.496704  8.117242  0.504761  7.986679
16  0.497437  8.104133  0.500610  8.052421
17  0.505493  7.982428  0.495483  8.255781
18  0.499146  8.162125  0.504639  8.048903
19  0.494629  8.192584  0.502441  8.054106
20  0.502441  8.042982  0.516846  7.803069
21  0.489380  8.232193  0.497437  8.095526
22  0.504272  7.979385  0.493896  8.138026
23  0.498169  8.063971  0.495972  8.093367
24  0.508667  7.886028  0.495361  8.093462
25  0.488281  8.202220  0.498779  8.030957
26  0.506104  7.910774  0.500366  7.999002
27  0.498169  8.031191  0.508423  7.865029
28  0.494629  8.082573  0.493408  8.099790
29  0.507080  7.879851  0.500732  7.979167
30  0.508667  7.851006  0.504272  7.919477
31  0.503906  7.923902  0.498657  8.006233

2018-01-19 22:31:17.758758 Finish.
Total elapsed time: 04:59:07.76.
