2018-01-19 23:19:25.921540: W tensorflow/core/platform/cpu_feature_guard.cc:45] The TensorFlow library wasn't compiled to use SSE4.1 instructions, but these are available on your machine and could speed up CPU computations.
2018-01-19 23:19:25.921811: W tensorflow/core/platform/cpu_feature_guard.cc:45] The TensorFlow library wasn't compiled to use SSE4.2 instructions, but these are available on your machine and could speed up CPU computations.
2018-01-19 23:19:25.921825: W tensorflow/core/platform/cpu_feature_guard.cc:45] The TensorFlow library wasn't compiled to use AVX instructions, but these are available on your machine and could speed up CPU computations.
Using TensorFlow backend.
2018-01-19 23:18:06.299264 Start.
Training Salamon's ICASSP 2017 convnet on BirdVox-70k
with PCEN input instead of logmelspec.
Training set: unit10, unit01, unit02.
Validation set: unit03, unit05.
Test set: unit07.

h5py version: 2.6.0
keras version: 2.0.6
numpy version: 1.13.1
pandas version: 0.20.3
pescador version: 1.0.0
tensorflow version: 1.2.1

_________________________________________________________________
Layer (type)                 Output Shape              Param #   
=================================================================
input_1 (InputLayer)         (None, 128, 104, 1)       0         
_________________________________________________________________
batch_normalization_1 (Batch (None, 128, 104, 1)       4         
_________________________________________________________________
conv2d_1 (Conv2D)            (None, 128, 104, 24)      624       
_________________________________________________________________
max_pooling2d_1 (MaxPooling2 (None, 64, 26, 24)        0         
_________________________________________________________________
conv2d_2 (Conv2D)            (None, 64, 26, 48)        28848     
_________________________________________________________________
max_pooling2d_2 (MaxPooling2 (None, 32, 6, 48)         0         
_________________________________________________________________
conv2d_3 (Conv2D)            (None, 32, 6, 48)         57648     
_________________________________________________________________
flatten_1 (Flatten)          (None, 9216)              0         
_________________________________________________________________
dense_1 (Dense)              (None, 64)                589888    
_________________________________________________________________
dense_2 (Dense)              (None, 1)                 65        
=================================================================
Total params: 677,077
Trainable params: 677,075
Non-trainable params: 2
_________________________________________________________________
         acc      loss   val_acc  val_loss
0   0.946533  0.204109  0.964111  0.150155
1   0.944458  0.192998  0.969238  0.136974
2   0.946167  0.190563  0.963257  0.143215
3   0.947632  0.184716  0.964722  0.157314
4   0.944458  0.190087  0.964600  0.139354
5   0.946045  0.197305  0.961670  0.151875
6   0.945068  0.187650  0.959473  0.161267
7   0.941895  0.213300  0.966797  0.161638
8   0.945679  0.209251  0.922363  0.239915
9   0.933838  0.249240  0.943970  0.218892
10  0.943848  0.224391  0.968384  0.163530
11  0.952271  0.191557  0.962036  0.175281
12  0.946655  0.204688  0.968506  0.146098
13  0.896362  0.390381  0.951660  0.238565
14  0.911499  0.351153  0.870117  0.357195
15  0.641968  0.932492  0.722046  3.997104
16  0.699585  2.842080  0.727783  4.406085
17  0.520020  7.718392  0.491577  8.167775
18  0.507568  7.908918  0.885132  1.907103
19  0.755371  3.984366  0.870239  2.137809
20  0.767700  3.773847  0.879028  1.992762
21  0.738403  4.239666  0.555054  7.233820
22  0.537598  7.515917  0.546509  7.367767
23  0.543945  7.409495  0.545410  7.384073
24  0.556519  7.205861  0.600952  6.487493
25  0.567627  7.022659  0.594482  6.588059
26  0.566528  7.037236  0.598145  6.524540
27  0.572510  6.938106  0.590210  6.651664
28  0.574219  6.908298  0.598877  6.509150
29  0.539917  7.460289  0.547607  7.335461
30  0.544312  7.387454  0.559937  7.134514
31  0.532104  7.582124  0.550049  7.291916

2018-01-20 04:00:38.881899 Finish.
Total elapsed time: 04:42:32.88.
