2017-11-24 20:49:25.946669: W tensorflow/core/platform/cpu_feature_guard.cc:45] The TensorFlow library wasn't compiled to use SSE4.1 instructions, but these are available on your machine and could speed up CPU computations.
2017-11-24 20:49:25.946864: W tensorflow/core/platform/cpu_feature_guard.cc:45] The TensorFlow library wasn't compiled to use SSE4.2 instructions, but these are available on your machine and could speed up CPU computations.
2017-11-24 20:49:25.946878: W tensorflow/core/platform/cpu_feature_guard.cc:45] The TensorFlow library wasn't compiled to use AVX instructions, but these are available on your machine and could speed up CPU computations.
Using TensorFlow backend.
2017-11-24 20:49:24.822320 Start.
Training Salamon's ICASSP 2017 convnet on BirdVox-70k
with PCEN input instead of logmelspec.
Training set: unit03, unit05, unit07.
Validation set: unit10, unit01.
Test set: unit02.

h5py version: 2.6.0
keras version: 2.0.6
numpy version: 1.13.1
pandas version: 0.20.3
pescador version: 1.0.0
tensorflow version: 1.2.1

_________________________________________________________________
Layer (type)                 Output Shape              Param #   
=================================================================
input_1 (InputLayer)         (None, 128, 104, 1)       0         
_________________________________________________________________
batch_normalization_1 (Batch (None, 128, 104, 1)       4         
_________________________________________________________________
conv2d_1 (Conv2D)            (None, 128, 104, 24)      624       
_________________________________________________________________
max_pooling2d_1 (MaxPooling2 (None, 64, 26, 24)        0         
_________________________________________________________________
conv2d_2 (Conv2D)            (None, 64, 26, 48)        28848     
_________________________________________________________________
max_pooling2d_2 (MaxPooling2 (None, 32, 6, 48)         0         
_________________________________________________________________
conv2d_3 (Conv2D)            (None, 32, 6, 48)         57648     
_________________________________________________________________
flatten_1 (Flatten)          (None, 9216)              0         
_________________________________________________________________
dense_1 (Dense)              (None, 64)                589888    
_________________________________________________________________
dense_2 (Dense)              (None, 1)                 65        
=================================================================
Total params: 677,077
Trainable params: 677,075
Non-trainable params: 2
_________________________________________________________________
         acc      loss   val_acc  val_loss
0   0.486450  8.125884  0.496216  8.068995
1   0.494507  8.090020  0.500610  7.987555
2   0.490112  8.151160  0.501221  7.970426
3   0.500977  7.972028  0.502808  7.940486
4   0.500488  7.975573  0.504028  7.917220
5   0.503296  7.927694  0.494507  8.066448
6   0.497192  8.022671  0.500610  7.967221
7   0.494995  8.241967  0.499268  8.186415
8   0.500610  8.149455  0.502197  8.110581
9   0.491699  8.269507  0.498169  8.155911
10  0.491089  8.262405  0.490601  8.263245
11  0.508301  7.972059  0.498413  8.125953
12  0.484863  8.339712  0.503662  8.032388
13  0.503052  8.038553  0.490845  8.231881
14  0.505981  7.984994  0.497070  8.125909
15  0.507324  7.958331  0.500366  8.068333

2017-11-24 22:50:47.742770 Finish.
Total elapsed time: 02:01:23.74.
