2017-11-24 18:17:36.605023: W tensorflow/core/platform/cpu_feature_guard.cc:45] The TensorFlow library wasn't compiled to use SSE4.1 instructions, but these are available on your machine and could speed up CPU computations.
2017-11-24 18:17:36.605223: W tensorflow/core/platform/cpu_feature_guard.cc:45] The TensorFlow library wasn't compiled to use SSE4.2 instructions, but these are available on your machine and could speed up CPU computations.
2017-11-24 18:17:36.605237: W tensorflow/core/platform/cpu_feature_guard.cc:45] The TensorFlow library wasn't compiled to use AVX instructions, but these are available on your machine and could speed up CPU computations.
Using TensorFlow backend.
2017-11-24 18:17:35.571270 Start.
Training Salamon's ICASSP 2017 convnet on BirdVox-70k
with PCEN input instead of logmelspec.
Training set: unit05, unit07, unit10.
Validation set: unit01, unit02.
Test set: unit03.

h5py version: 2.6.0
keras version: 2.0.6
numpy version: 1.13.1
pandas version: 0.20.3
pescador version: 1.0.0
tensorflow version: 1.2.1

_________________________________________________________________
Layer (type)                 Output Shape              Param #   
=================================================================
input_1 (InputLayer)         (None, 128, 104, 1)       0         
_________________________________________________________________
batch_normalization_1 (Batch (None, 128, 104, 1)       4         
_________________________________________________________________
conv2d_1 (Conv2D)            (None, 128, 104, 24)      624       
_________________________________________________________________
max_pooling2d_1 (MaxPooling2 (None, 64, 26, 24)        0         
_________________________________________________________________
conv2d_2 (Conv2D)            (None, 64, 26, 48)        28848     
_________________________________________________________________
max_pooling2d_2 (MaxPooling2 (None, 32, 6, 48)         0         
_________________________________________________________________
conv2d_3 (Conv2D)            (None, 32, 6, 48)         57648     
_________________________________________________________________
flatten_1 (Flatten)          (None, 9216)              0         
_________________________________________________________________
dense_1 (Dense)              (None, 64)                589888    
_________________________________________________________________
dense_2 (Dense)              (None, 1)                 65        
=================================================================
Total params: 677,077
Trainable params: 677,075
Non-trainable params: 2
_________________________________________________________________
         acc      loss   val_acc  val_loss
0   0.886841  0.472119  0.779175  0.886397
1   0.973999  0.120008  0.820435  0.762651
2   0.978394  0.097596  0.839966  0.665068
3   0.980103  0.085630  0.833130  0.797563
4   0.981812  0.085377  0.767456  1.405342
5   0.985962  0.072577  0.808472  0.797144
6   0.984375  0.079646  0.822388  0.823303
7   0.986938  0.069180  0.816772  1.121495
8   0.987549  0.063076  0.807739  0.857244
9   0.985107  0.075560  0.855469  0.547332
10  0.988647  0.054122  0.791504  1.606287
11  0.981689  0.079928  0.803589  0.740875
12  0.986572  0.074224  0.824463  0.913605
13  0.978882  0.090597  0.830200  0.859722
14  0.888428  1.586755  0.492065  8.140510
15  0.507568  7.886055  0.502686  7.958455

2017-11-24 20:20:05.274611 Finish.
Total elapsed time: 02:02:30.27.
