2017-11-26 16:45:02.435093: W tensorflow/core/platform/cpu_feature_guard.cc:45] The TensorFlow library wasn't compiled to use SSE4.1 instructions, but these are available on your machine and could speed up CPU computations.
2017-11-26 16:45:02.435380: W tensorflow/core/platform/cpu_feature_guard.cc:45] The TensorFlow library wasn't compiled to use SSE4.2 instructions, but these are available on your machine and could speed up CPU computations.
2017-11-26 16:45:02.435394: W tensorflow/core/platform/cpu_feature_guard.cc:45] The TensorFlow library wasn't compiled to use AVX instructions, but these are available on your machine and could speed up CPU computations.
Using TensorFlow backend.
2017-11-26 16:44:53.559665 Start.
Training Salamon's ICASSP 2017 convnet on BirdVox-70k
with PCEN input instead of logmelspec.
Training set: unit01, unit02, unit03.
Validation set: unit05, unit07.
Test set: unit10.

h5py version: 2.6.0
keras version: 2.0.6
numpy version: 1.13.1
pandas version: 0.20.3
pescador version: 1.0.0
tensorflow version: 1.2.1

_________________________________________________________________
Layer (type)                 Output Shape              Param #   
=================================================================
input_1 (InputLayer)         (None, 128, 104, 1)       0         
_________________________________________________________________
batch_normalization_1 (Batch (None, 128, 104, 1)       4         
_________________________________________________________________
conv2d_1 (Conv2D)            (None, 128, 104, 24)      624       
_________________________________________________________________
max_pooling2d_1 (MaxPooling2 (None, 64, 26, 24)        0         
_________________________________________________________________
conv2d_2 (Conv2D)            (None, 64, 26, 48)        28848     
_________________________________________________________________
max_pooling2d_2 (MaxPooling2 (None, 32, 6, 48)         0         
_________________________________________________________________
conv2d_3 (Conv2D)            (None, 32, 6, 48)         57648     
_________________________________________________________________
flatten_1 (Flatten)          (None, 9216)              0         
_________________________________________________________________
dense_1 (Dense)              (None, 64)                589888    
_________________________________________________________________
dense_2 (Dense)              (None, 1)                 65        
=================================================================
Total params: 677,077
Trainable params: 677,075
Non-trainable params: 2
_________________________________________________________________
         acc      loss   val_acc  val_loss
0   0.552734  0.769783  0.632568  0.624155
1   0.734863  0.547561  0.809082  0.458952
2   0.822021  0.422079  0.841919  0.386487
3   0.835938  0.400674  0.855347  0.376685
4   0.730225  2.687679  0.697021  4.372608
5   0.728760  3.535283  0.686890  4.385384
6   0.722778  3.629788  0.693359  4.424259
7   0.731567  3.622311  0.701782  4.264099
8   0.731323  3.684289  0.699219  4.320486
9   0.734253  3.568701  0.706177  4.344862
10  0.739746  3.571114  0.712036  4.238054
11  0.742432  3.534968  0.696045  4.347565
12  0.750977  3.437606  0.708862  4.301176
13  0.747925  3.534240  0.709717  4.330728
14  0.739258  3.714807  0.717163  4.324804
15  0.746094  3.573255  0.715454  4.271853
16  0.753418  3.508397  0.711060  4.308136
17  0.756348  3.471535  0.711182  4.371024
18  0.754639  3.484927  0.722412  4.227861
19  0.752075  3.530975  0.709229  4.334127
20  0.761475  3.356041  0.720093  4.181837
21  0.754028  3.495208  0.719604  4.256300
22  0.756348  3.510302  0.708130  4.423306
23  0.757568  3.486594  0.710083  4.385086
24  0.760376  3.462716  0.701660  4.490069
25  0.703247  3.711815  0.607544  4.699199
26  0.679077  4.044866  0.680176  4.570584
27  0.732666  3.629529  0.683960  4.592969
28  0.715942  3.825633  0.700684  4.480177
29  0.665649  4.764170  0.681519  4.565363
30  0.720215  3.858881  0.698120  4.495761
31  0.711914  3.902430  0.699463  4.450964

2017-11-26 20:54:26.994317 Finish.
Total elapsed time: 04:09:33.99.
