2018-01-19 23:20:21.286457: W tensorflow/core/platform/cpu_feature_guard.cc:45] The TensorFlow library wasn't compiled to use SSE4.1 instructions, but these are available on your machine and could speed up CPU computations.
2018-01-19 23:20:21.286792: W tensorflow/core/platform/cpu_feature_guard.cc:45] The TensorFlow library wasn't compiled to use SSE4.2 instructions, but these are available on your machine and could speed up CPU computations.
2018-01-19 23:20:21.286815: W tensorflow/core/platform/cpu_feature_guard.cc:45] The TensorFlow library wasn't compiled to use AVX instructions, but these are available on your machine and could speed up CPU computations.
2018-01-19 23:20:21.286826: W tensorflow/core/platform/cpu_feature_guard.cc:45] The TensorFlow library wasn't compiled to use AVX2 instructions, but these are available on your machine and could speed up CPU computations.
2018-01-19 23:20:21.286836: W tensorflow/core/platform/cpu_feature_guard.cc:45] The TensorFlow library wasn't compiled to use FMA instructions, but these are available on your machine and could speed up CPU computations.
Using TensorFlow backend.
2018-01-19 23:18:38.205194 Start.
Training Salamon's ICASSP 2017 convnet on BirdVox-70k
with PCEN input instead of logmelspec.
Training set: unit10, unit01, unit02.
Validation set: unit03, unit05.
Test set: unit07.

h5py version: 2.6.0
keras version: 2.0.6
numpy version: 1.13.1
pandas version: 0.20.3
pescador version: 1.0.0
tensorflow version: 1.2.1

_________________________________________________________________
Layer (type)                 Output Shape              Param #   
=================================================================
input_1 (InputLayer)         (None, 128, 104, 1)       0         
_________________________________________________________________
batch_normalization_1 (Batch (None, 128, 104, 1)       4         
_________________________________________________________________
conv2d_1 (Conv2D)            (None, 128, 104, 24)      624       
_________________________________________________________________
max_pooling2d_1 (MaxPooling2 (None, 64, 26, 24)        0         
_________________________________________________________________
conv2d_2 (Conv2D)            (None, 64, 26, 48)        28848     
_________________________________________________________________
max_pooling2d_2 (MaxPooling2 (None, 32, 6, 48)         0         
_________________________________________________________________
conv2d_3 (Conv2D)            (None, 32, 6, 48)         57648     
_________________________________________________________________
flatten_1 (Flatten)          (None, 9216)              0         
_________________________________________________________________
dense_1 (Dense)              (None, 64)                589888    
_________________________________________________________________
dense_2 (Dense)              (None, 1)                 65        
=================================================================
Total params: 677,077
Trainable params: 677,075
Non-trainable params: 2
_________________________________________________________________
         acc      loss   val_acc  val_loss
0   0.497681  8.107326  0.497925  8.100556
1   0.495728  8.134202  0.493530  8.168169
2   0.493652  8.165231  0.505859  7.967665
3   0.502808  8.016290  0.496094  8.124026
4   0.489258  8.233867  0.502930  8.013209
5   0.507202  7.944129  0.498047  8.091506
6   0.500977  8.044144  0.498657  8.081401
7   0.507202  7.953990  0.493530  8.235206
8   0.503052  8.055493  0.496094  8.151925
9   0.511475  7.896442  0.496216  8.136560
10  0.499023  8.087715  0.498291  8.096586
11  0.501343  8.045424  0.508057  7.935546
12  0.501831  8.034714  0.494263  8.155689
13  0.508667  7.922777  0.506104  7.963448
14  0.503418  8.006248  0.498047  8.092392
15  0.510986  7.883508  0.499512  8.068170
16  0.503784  7.999088  0.504028  7.994960
17  0.497314  8.103028  0.500122  8.057646
18  0.486450  8.277912  0.501587  8.033851
19  0.509644  7.903928  0.498291  8.086852
20  0.495972  8.124192  0.506104  7.960849
21  0.498291  8.086743  0.497070  8.106393
22  0.503906  7.996191  0.500488  8.051265
23  0.502808  8.013868  0.492676  8.177162
24  0.504883  7.980399  0.492432  8.181080
25  0.499756  8.063021  0.504639  7.984313
26  0.489502  8.228283  0.497803  8.094486
27  0.495239  8.135801  0.505859  7.964622
28  0.487183  8.265653  0.500488  8.051189
29  0.486572  8.275487  0.496094  8.122017
30  0.495483  8.131853  0.501099  8.041346
31  0.508911  7.968050  0.496216  8.193678

2018-01-20 03:20:31.838156 Finish.
Total elapsed time: 04:01:53.84.
