2018-01-19 23:19:04.760717: W tensorflow/core/platform/cpu_feature_guard.cc:45] The TensorFlow library wasn't compiled to use SSE4.1 instructions, but these are available on your machine and could speed up CPU computations.
2018-01-19 23:19:04.761075: W tensorflow/core/platform/cpu_feature_guard.cc:45] The TensorFlow library wasn't compiled to use SSE4.2 instructions, but these are available on your machine and could speed up CPU computations.
2018-01-19 23:19:04.761096: W tensorflow/core/platform/cpu_feature_guard.cc:45] The TensorFlow library wasn't compiled to use AVX instructions, but these are available on your machine and could speed up CPU computations.
2018-01-19 23:19:04.761105: W tensorflow/core/platform/cpu_feature_guard.cc:45] The TensorFlow library wasn't compiled to use AVX2 instructions, but these are available on your machine and could speed up CPU computations.
2018-01-19 23:19:04.761114: W tensorflow/core/platform/cpu_feature_guard.cc:45] The TensorFlow library wasn't compiled to use FMA instructions, but these are available on your machine and could speed up CPU computations.
Using TensorFlow backend.
2018-01-19 23:17:59.093645 Start.
Training Salamon's ICASSP 2017 convnet on BirdVox-70k
with PCEN input instead of logmelspec.
Training set: unit10, unit01, unit02.
Validation set: unit03, unit05.
Test set: unit07.

h5py version: 2.6.0
keras version: 2.0.6
numpy version: 1.13.1
pandas version: 0.20.3
pescador version: 1.0.0
tensorflow version: 1.2.1

_________________________________________________________________
Layer (type)                 Output Shape              Param #   
=================================================================
input_1 (InputLayer)         (None, 128, 104, 1)       0         
_________________________________________________________________
batch_normalization_1 (Batch (None, 128, 104, 1)       4         
_________________________________________________________________
conv2d_1 (Conv2D)            (None, 128, 104, 24)      624       
_________________________________________________________________
max_pooling2d_1 (MaxPooling2 (None, 64, 26, 24)        0         
_________________________________________________________________
conv2d_2 (Conv2D)            (None, 64, 26, 48)        28848     
_________________________________________________________________
max_pooling2d_2 (MaxPooling2 (None, 32, 6, 48)         0         
_________________________________________________________________
conv2d_3 (Conv2D)            (None, 32, 6, 48)         57648     
_________________________________________________________________
flatten_1 (Flatten)          (None, 9216)              0         
_________________________________________________________________
dense_1 (Dense)              (None, 64)                589888    
_________________________________________________________________
dense_2 (Dense)              (None, 1)                 65        
=================================================================
Total params: 677,077
Trainable params: 677,075
Non-trainable params: 2
_________________________________________________________________
         acc      loss   val_acc  val_loss
0   0.507080  7.945884  0.503296  8.006553
1   0.495728  8.128349  0.500732  8.047532
2   0.493774  8.153912  0.500610  8.009649
3   0.495972  8.056708  0.495483  8.051419
4   0.503174  7.925018  0.503662  7.914906
5   0.498047  8.003525  0.504883  7.893952
6   0.503052  7.922891  0.506958  7.860447
7   0.502563  8.023054  0.498169  8.110289
8   0.503662  8.013674  0.497437  8.108911
9   0.508789  7.923580  0.513184  7.851008
10  0.509033  7.916896  0.501953  8.030206
11  0.496216  8.183502  0.505615  8.039246
12  0.510864  7.929009  0.498535  8.104096
13  0.491577  8.200361  0.496704  8.106007
14  0.496826  8.094576  0.502197  8.000479
15  0.499268  8.040424  0.504517  7.950561
16  0.499023  8.033013  0.499268  8.024370
17  0.512085  7.816004  0.502686  7.962086
18  0.496826  8.052260  0.499512  8.006399
19  0.497192  8.040731  0.503906  7.931200
20  0.497925  8.024379  0.500000  7.989233
21  0.507446  7.868713  0.501343  7.964303
22  0.499023  7.999773  0.497559  8.021698
23  0.497070  8.028230  0.512329  7.783782
24  0.487915  8.171962  0.490479  8.130113
25  0.496582  8.031954  0.494995  8.056448
26  0.498901  7.993477  0.494751  8.058992
27  0.496338  8.033134  0.510498  7.806866
28  0.496338  8.032172  0.508179  7.842993
29  0.503662  7.914657  0.498047  8.003864
30  0.488892  8.149564  0.496216  8.032565
31  0.501099  7.954533  0.491089  8.113942

2018-01-20 03:13:24.109650 Finish.
Total elapsed time: 03:55:25.11.
