2017-11-27 03:15:55.255451: W tensorflow/core/platform/cpu_feature_guard.cc:45] The TensorFlow library wasn't compiled to use SSE4.1 instructions, but these are available on your machine and could speed up CPU computations.
2017-11-27 03:15:55.255743: W tensorflow/core/platform/cpu_feature_guard.cc:45] The TensorFlow library wasn't compiled to use SSE4.2 instructions, but these are available on your machine and could speed up CPU computations.
2017-11-27 03:15:55.255758: W tensorflow/core/platform/cpu_feature_guard.cc:45] The TensorFlow library wasn't compiled to use AVX instructions, but these are available on your machine and could speed up CPU computations.
Using TensorFlow backend.
2017-11-27 03:15:49.668984 Start.
Training Salamon's ICASSP 2017 convnet on BirdVox-70k
with PCEN input instead of logmelspec.
Training set: unit07, unit10, unit01.
Validation set: unit02, unit03.
Test set: unit05.

h5py version: 2.6.0
keras version: 2.0.6
numpy version: 1.13.1
pandas version: 0.20.3
pescador version: 1.0.0
tensorflow version: 1.2.1

_________________________________________________________________
Layer (type)                 Output Shape              Param #   
=================================================================
input_1 (InputLayer)         (None, 128, 104, 1)       0         
_________________________________________________________________
batch_normalization_1 (Batch (None, 128, 104, 1)       4         
_________________________________________________________________
conv2d_1 (Conv2D)            (None, 128, 104, 24)      624       
_________________________________________________________________
max_pooling2d_1 (MaxPooling2 (None, 64, 26, 24)        0         
_________________________________________________________________
conv2d_2 (Conv2D)            (None, 64, 26, 48)        28848     
_________________________________________________________________
max_pooling2d_2 (MaxPooling2 (None, 32, 6, 48)         0         
_________________________________________________________________
conv2d_3 (Conv2D)            (None, 32, 6, 48)         57648     
_________________________________________________________________
flatten_1 (Flatten)          (None, 9216)              0         
_________________________________________________________________
dense_1 (Dense)              (None, 64)                589888    
_________________________________________________________________
dense_2 (Dense)              (None, 1)                 65        
=================================================================
Total params: 677,077
Trainable params: 677,075
Non-trainable params: 2
_________________________________________________________________
         acc      loss   val_acc  val_loss
0   0.490112  2.959971  0.490723  4.322847
1   0.515991  3.007249  0.619629  4.078927
2   0.521484  2.967810  0.500854  4.176377
3   0.506714  2.898881  0.500244  4.046151
4   0.493164  2.920759  0.495361  4.192960
5   0.499878  2.966055  0.508789  4.048803
6   0.495850  6.362121  0.495483  8.082071
7   0.504272  7.933496  0.505249  7.911946
8   0.495972  8.056383  0.492676  8.106069
9   0.504150  7.921087  0.500488  7.977659
10  0.517822  7.699880  0.500854  7.969073
11  0.491455  8.117827  0.501953  7.949443
12  0.493774  8.078958  0.493164  8.087868
13  0.499390  7.987905  0.502930  7.930795
14  0.493164  8.085894  0.499756  7.980247
15  0.496582  8.030357  0.496704  8.027947
16  0.504883  7.897153  0.498291  8.001857
17  0.507080  7.861402  0.502563  7.933089
18  0.496338  8.032063  0.487671  8.169974
19  0.509644  7.819452  0.506836  7.863999
20  0.504272  7.904684  0.499146  7.986249
21  0.496704  8.025025  0.495605  8.042403
22  0.498047  8.003365  0.498047  8.003257
23  0.496094  8.034304  0.501465  7.948591
24  0.495483  8.043878  0.499023  7.987375
25  0.502441  7.932828  0.508667  7.833525
26  0.499512  7.979437  0.497192  8.016370
27  0.493530  8.074717  0.495117  8.049383
28  0.498657  7.992917  0.493774  8.070732
29  0.487915  8.164119  0.496216  8.031760
30  0.507202  7.856590  0.504517  7.899383
31  0.503906  7.909095  0.501343  7.949945

2017-11-27 07:33:06.394557 Finish.
Total elapsed time: 04:17:17.39.
