2017-11-27 01:55:15.392960: W tensorflow/core/platform/cpu_feature_guard.cc:45] The TensorFlow library wasn't compiled to use SSE4.1 instructions, but these are available on your machine and could speed up CPU computations.
2017-11-27 01:55:15.393248: W tensorflow/core/platform/cpu_feature_guard.cc:45] The TensorFlow library wasn't compiled to use SSE4.2 instructions, but these are available on your machine and could speed up CPU computations.
2017-11-27 01:55:15.393262: W tensorflow/core/platform/cpu_feature_guard.cc:45] The TensorFlow library wasn't compiled to use AVX instructions, but these are available on your machine and could speed up CPU computations.
Using TensorFlow backend.
2017-11-27 01:55:07.273014 Start.
Training Salamon's ICASSP 2017 convnet on BirdVox-70k
with PCEN input instead of logmelspec.
Training set: unit07, unit10, unit01.
Validation set: unit02, unit03.
Test set: unit05.

h5py version: 2.6.0
keras version: 2.0.6
numpy version: 1.13.1
pandas version: 0.20.3
pescador version: 1.0.0
tensorflow version: 1.2.1

_________________________________________________________________
Layer (type)                 Output Shape              Param #   
=================================================================
input_1 (InputLayer)         (None, 128, 104, 1)       0         
_________________________________________________________________
batch_normalization_1 (Batch (None, 128, 104, 1)       4         
_________________________________________________________________
conv2d_1 (Conv2D)            (None, 128, 104, 24)      624       
_________________________________________________________________
max_pooling2d_1 (MaxPooling2 (None, 64, 26, 24)        0         
_________________________________________________________________
conv2d_2 (Conv2D)            (None, 64, 26, 48)        28848     
_________________________________________________________________
max_pooling2d_2 (MaxPooling2 (None, 32, 6, 48)         0         
_________________________________________________________________
conv2d_3 (Conv2D)            (None, 32, 6, 48)         57648     
_________________________________________________________________
flatten_1 (Flatten)          (None, 9216)              0         
_________________________________________________________________
dense_1 (Dense)              (None, 64)                589888    
_________________________________________________________________
dense_2 (Dense)              (None, 1)                 65        
=================================================================
Total params: 677,077
Trainable params: 677,075
Non-trainable params: 2
_________________________________________________________________
         acc      loss   val_acc  val_loss
0   0.504028  4.559475  0.519409  4.373470
1   0.564209  4.380816  0.623169  4.254498
2   0.614502  4.352788  0.653442  4.186209
3   0.648193  4.398574  0.646729  4.304219
4   0.669189  4.097896  0.672974  4.152851
5   0.668823  4.371138  0.664062  4.241857
6   0.686890  4.124568  0.689819  4.196019
7   0.683838  4.222460  0.640991  4.446987
8   0.690430  4.289914  0.705200  4.043006
9   0.689941  4.190538  0.697266  4.209478
10  0.687378  4.289345  0.693970  4.052728
11  0.691284  4.266449  0.697632  4.129726
12  0.692749  4.274371  0.697754  4.143674
13  0.705200  4.038019  0.713989  4.064832
14  0.699463  4.185689  0.707031  4.186463
15  0.696411  4.200905  0.728638  3.923193
16  0.699341  4.216500  0.706421  4.092417
17  0.705200  4.252579  0.714722  4.020086
18  0.703979  4.140596  0.730469  3.979914
19  0.697144  4.257414  0.705933  4.282361
20  0.693115  4.399388  0.704712  4.145533
21  0.712036  4.102896  0.721680  4.154897
22  0.707153  4.123163  0.717651  4.042109
23  0.697021  4.295212  0.704102  4.163468
24  0.718506  4.044333  0.709595  4.241457
25  0.702515  4.293234  0.720337  4.039621
26  0.702515  4.250090  0.709717  4.183912
27  0.706299  4.210699  0.708496  4.230141
28  0.708984  4.257254  0.723755  4.151245
29  0.702148  4.345073  0.707642  4.229630
30  0.702515  4.390273  0.718628  4.266571
31  0.706543  4.327771  0.730713  4.055104

2017-11-27 06:01:09.788900 Finish.
Total elapsed time: 04:06:02.79.
