2018-01-19 18:49:40.634428: W tensorflow/core/platform/cpu_feature_guard.cc:45] The TensorFlow library wasn't compiled to use SSE4.1 instructions, but these are available on your machine and could speed up CPU computations.
2018-01-19 18:49:40.634759: W tensorflow/core/platform/cpu_feature_guard.cc:45] The TensorFlow library wasn't compiled to use SSE4.2 instructions, but these are available on your machine and could speed up CPU computations.
2018-01-19 18:49:40.634770: W tensorflow/core/platform/cpu_feature_guard.cc:45] The TensorFlow library wasn't compiled to use AVX instructions, but these are available on your machine and could speed up CPU computations.
2018-01-19 18:49:40.634775: W tensorflow/core/platform/cpu_feature_guard.cc:45] The TensorFlow library wasn't compiled to use AVX2 instructions, but these are available on your machine and could speed up CPU computations.
2018-01-19 18:49:40.634780: W tensorflow/core/platform/cpu_feature_guard.cc:45] The TensorFlow library wasn't compiled to use FMA instructions, but these are available on your machine and could speed up CPU computations.
Using TensorFlow backend.
2018-01-19 18:49:38.105771 Start.
Training Salamon's ICASSP 2017 convnet on BirdVox-70k
with PCEN input instead of logmelspec.
Training set: unit03, unit05, unit07.
Validation set: unit10, unit01.
Test set: unit02.

h5py version: 2.6.0
keras version: 2.0.6
numpy version: 1.13.1
pandas version: 0.20.3
pescador version: 1.0.0
tensorflow version: 1.2.1

_________________________________________________________________
Layer (type)                 Output Shape              Param #   
=================================================================
input_1 (InputLayer)         (None, 128, 104, 1)       0         
_________________________________________________________________
batch_normalization_1 (Batch (None, 128, 104, 1)       4         
_________________________________________________________________
conv2d_1 (Conv2D)            (None, 128, 104, 24)      624       
_________________________________________________________________
max_pooling2d_1 (MaxPooling2 (None, 64, 26, 24)        0         
_________________________________________________________________
conv2d_2 (Conv2D)            (None, 64, 26, 48)        28848     
_________________________________________________________________
max_pooling2d_2 (MaxPooling2 (None, 32, 6, 48)         0         
_________________________________________________________________
conv2d_3 (Conv2D)            (None, 32, 6, 48)         57648     
_________________________________________________________________
flatten_1 (Flatten)          (None, 9216)              0         
_________________________________________________________________
dense_1 (Dense)              (None, 64)                589888    
_________________________________________________________________
dense_2 (Dense)              (None, 1)                 65        
=================================================================
Total params: 677,077
Trainable params: 677,075
Non-trainable params: 2
_________________________________________________________________
         acc      loss   val_acc  val_loss
0   0.495117  8.140945  0.506348  7.959098
1   0.509155  7.913276  0.507690  7.936412
2   0.500000  8.060043  0.513550  7.841376
3   0.498169  8.089103  0.498047  8.089835
4   0.500732  8.047531  0.511108  7.878881
5   0.503784  7.984218  0.499512  8.012572
6   0.492920  8.098667  0.488159  8.165417
7   0.499390  7.983815  0.494629  8.058164
8   0.496948  8.020606  0.502441  7.932653
9   0.500610  7.961685  0.504639  7.881545
10  0.512939  7.906088  0.503052  8.091385
11  0.502686  8.078071  0.503540  8.049910
12  0.503052  8.048911  0.506104  7.992376
13  0.500610  8.075778  0.504028  8.016256
14  0.489990  8.239222  0.502441  8.035615
15  0.510254  7.907430  0.499390  8.080513
16  0.503174  8.017908  0.493774  8.167951
17  0.503418  8.011342  0.503784  8.004371
18  0.496582  8.119591  0.498413  8.089288
19  0.500000  8.063067  0.498535  8.086091
20  0.494263  8.154477  0.508301  7.927773
21  0.498657  8.082853  0.506470  7.956605
22  0.494873  8.143256  0.502319  8.022994
23  0.501465  8.036570  0.500122  8.058033
24  0.497070  8.107076  0.498047  8.091203
25  0.496338  8.118641  0.496460  8.116575
26  0.503662  8.000412  0.494629  8.145938
27  0.501465  8.035700  0.510254  7.893986
28  0.499512  8.067090  0.501465  8.035574
29  0.499390  8.171890  0.499878  8.241469
30  0.501099  8.192573  0.505249  8.099610
31  0.504517  8.089407  0.491089  8.283405

2018-01-19 22:26:58.462959 Finish.
Total elapsed time: 03:37:20.46.
