2017-12-13 17:55:09.468063: W tensorflow/core/platform/cpu_feature_guard.cc:45] The TensorFlow library wasn't compiled to use SSE4.1 instructions, but these are available on your machine and could speed up CPU computations.
2017-12-13 17:55:09.468311: W tensorflow/core/platform/cpu_feature_guard.cc:45] The TensorFlow library wasn't compiled to use SSE4.2 instructions, but these are available on your machine and could speed up CPU computations.
2017-12-13 17:55:09.468326: W tensorflow/core/platform/cpu_feature_guard.cc:45] The TensorFlow library wasn't compiled to use AVX instructions, but these are available on your machine and could speed up CPU computations.
Using TensorFlow backend.
2017-12-13 17:54:15.517909 Start.
Training Salamon's ICASSP 2017 convnet on BirdVox-70k
with PCEN input instead of logmelspec.
Training set: unit10, unit01, unit02.
Validation set: unit03, unit05.
Test set: unit07.

h5py version: 2.6.0
keras version: 2.0.6
numpy version: 1.13.1
pandas version: 0.20.3
pescador version: 1.0.0
tensorflow version: 1.2.1

_________________________________________________________________
Layer (type)                 Output Shape              Param #   
=================================================================
input_1 (InputLayer)         (None, 128, 104, 1)       0         
_________________________________________________________________
batch_normalization_1 (Batch (None, 128, 104, 1)       4         
_________________________________________________________________
conv2d_1 (Conv2D)            (None, 128, 104, 24)      624       
_________________________________________________________________
max_pooling2d_1 (MaxPooling2 (None, 64, 26, 24)        0         
_________________________________________________________________
conv2d_2 (Conv2D)            (None, 64, 26, 48)        28848     
_________________________________________________________________
max_pooling2d_2 (MaxPooling2 (None, 32, 6, 48)         0         
_________________________________________________________________
conv2d_3 (Conv2D)            (None, 32, 6, 48)         57648     
_________________________________________________________________
flatten_1 (Flatten)          (None, 9216)              0         
_________________________________________________________________
dense_1 (Dense)              (None, 64)                589888    
_________________________________________________________________
dense_2 (Dense)              (None, 1)                 65        
=================================================================
Total params: 677,077
Trainable params: 677,075
Non-trainable params: 2
_________________________________________________________________
         acc      loss   val_acc  val_loss
0   0.495239  8.065259  0.495483  8.059822
1   0.501221  7.967020  0.502441  7.946297
2   0.499756  7.987997  0.509644  7.829301
3   0.493652  8.083288  0.496216  8.041509
4   0.491821  8.110746  0.496948  8.028219
5   0.490356  8.132593  0.499023  7.993732
6   0.496582  8.032032  0.501343  7.955536
7   0.498169  8.005595  0.490479  8.127681
8   0.503052  7.926769  0.496582  8.029468
9   0.502930  7.927875  0.491943  8.102645
10  0.492554  8.092581  0.498779  7.993012
11  0.495850  8.039440  0.496704  8.025554
12  0.499146  7.986403  0.494751  8.056248
13  0.497314  8.015195  0.495605  8.042268
14  0.496948  8.020715  0.508911  7.829863
15  0.498413  7.997114  0.488525  8.154644
16  0.511108  7.794532  0.496948  8.020201
17  0.493774  8.070737  0.516357  7.710654
18  0.500122  7.969440  0.491699  8.103681
19  0.502319  8.032711  0.498413  8.151097
20  0.503418  8.046606  0.505005  8.004678
21  0.511597  7.890024  0.488892  8.249656
22  0.497803  8.102440  0.501587  8.038680
23  0.504883  7.983940  0.493896  8.159763
24  0.496704  8.113772  0.506226  7.959731
25  0.507202  7.943656  0.491943  8.189341
26  0.493774  8.159684  0.500122  8.057257
27  0.497192  8.104439  0.494507  8.147658
28  0.495850  8.143222  0.505737  8.000299
29  0.504395  7.985088  0.496338  8.090991
30  0.496094  8.083420  0.496216  8.072311
31  0.501587  7.980474  0.506470  7.897290

2017-12-13 22:29:50.064262 Finish.
Total elapsed time: 04:35:35.06.
