2018-01-19 18:56:25.298805: W tensorflow/core/platform/cpu_feature_guard.cc:45] The TensorFlow library wasn't compiled to use SSE4.1 instructions, but these are available on your machine and could speed up CPU computations.
2018-01-19 18:56:25.299094: W tensorflow/core/platform/cpu_feature_guard.cc:45] The TensorFlow library wasn't compiled to use SSE4.2 instructions, but these are available on your machine and could speed up CPU computations.
2018-01-19 18:56:25.299105: W tensorflow/core/platform/cpu_feature_guard.cc:45] The TensorFlow library wasn't compiled to use AVX instructions, but these are available on your machine and could speed up CPU computations.
2018-01-19 18:56:25.299109: W tensorflow/core/platform/cpu_feature_guard.cc:45] The TensorFlow library wasn't compiled to use AVX2 instructions, but these are available on your machine and could speed up CPU computations.
2018-01-19 18:56:25.299113: W tensorflow/core/platform/cpu_feature_guard.cc:45] The TensorFlow library wasn't compiled to use FMA instructions, but these are available on your machine and could speed up CPU computations.
Using TensorFlow backend.
2018-01-19 18:56:23.292679 Start.
Training Salamon's ICASSP 2017 convnet on BirdVox-70k
with PCEN input instead of logmelspec.
Training set: unit10, unit01, unit02.
Validation set: unit03, unit05.
Test set: unit07.

h5py version: 2.6.0
keras version: 2.0.6
numpy version: 1.13.1
pandas version: 0.20.3
pescador version: 1.0.0
tensorflow version: 1.2.1

_________________________________________________________________
Layer (type)                 Output Shape              Param #   
=================================================================
input_1 (InputLayer)         (None, 128, 104, 1)       0         
_________________________________________________________________
batch_normalization_1 (Batch (None, 128, 104, 1)       4         
_________________________________________________________________
conv2d_1 (Conv2D)            (None, 128, 104, 24)      624       
_________________________________________________________________
max_pooling2d_1 (MaxPooling2 (None, 64, 26, 24)        0         
_________________________________________________________________
conv2d_2 (Conv2D)            (None, 64, 26, 48)        28848     
_________________________________________________________________
max_pooling2d_2 (MaxPooling2 (None, 32, 6, 48)         0         
_________________________________________________________________
conv2d_3 (Conv2D)            (None, 32, 6, 48)         57648     
_________________________________________________________________
flatten_1 (Flatten)          (None, 9216)              0         
_________________________________________________________________
dense_1 (Dense)              (None, 64)                589888    
_________________________________________________________________
dense_2 (Dense)              (None, 1)                 65        
=================================================================
Total params: 677,077
Trainable params: 677,075
Non-trainable params: 2
_________________________________________________________________
         acc      loss   val_acc  val_loss
0   0.492188  8.099303  0.496704  8.026465
1   0.493530  8.076485  0.497192  8.017610
2   0.502686  7.929688  0.495361  8.046157
3   0.504517  7.899988  0.497925  8.004895
4   0.496826  8.022279  0.495361  8.045521
5   0.500366  7.965651  0.489258  8.142676
6   0.493164  8.080352  0.506714  7.864294
7   0.506104  7.873994  0.505005  7.891484
8   0.503540  7.958772  0.498413  8.146962
9   0.492065  8.218107  0.506714  7.965518
10  0.491577  8.203629  0.499390  8.073806
11  0.500000  8.069762  0.506348  7.986153
12  0.494263  8.132611  0.496582  8.070823
13  0.499268  8.016951  0.506836  7.887832
14  0.494263  8.083026  0.511353  7.806242
15  0.492676  8.101016  0.496826  8.032310
16  0.502563  7.939005  0.503662  7.919892
17  0.500854  7.963459  0.502563  7.935164
18  0.495361  8.049185  0.492920  8.087399
19  0.490845  8.119936  0.502197  7.938463
20  0.498535  7.996468  0.495850  8.038945
21  0.496460  8.028951  0.498413  7.997579
22  0.502686  7.929282  0.491333  8.110104
23  0.507202  7.856984  0.505737  7.880223
24  0.507935  7.845104  0.502075  7.938437
25  0.489624  8.136877  0.489868  8.132930
26  0.495483  8.043368  0.504028  7.907105
27  0.505005  7.891509  0.499146  7.984897
28  0.506226  7.872006  0.506348  7.870044
29  0.501709  7.943984  0.497925  8.004303
30  0.513428  7.757143  0.492432  8.091865
31  0.497559  8.010125  0.510010  7.811621

2018-01-19 22:30:07.841366 Finish.
Total elapsed time: 03:33:44.84.
