2017-11-24 23:45:18.513148: W tensorflow/core/platform/cpu_feature_guard.cc:45] The TensorFlow library wasn't compiled to use SSE4.1 instructions, but these are available on your machine and could speed up CPU computations.
2017-11-24 23:45:18.535875: W tensorflow/core/platform/cpu_feature_guard.cc:45] The TensorFlow library wasn't compiled to use SSE4.2 instructions, but these are available on your machine and could speed up CPU computations.
2017-11-24 23:45:18.535894: W tensorflow/core/platform/cpu_feature_guard.cc:45] The TensorFlow library wasn't compiled to use AVX instructions, but these are available on your machine and could speed up CPU computations.
Using TensorFlow backend.
2017-11-24 23:45:17.499070 Start.
Training Salamon's ICASSP 2017 convnet on BirdVox-70k
with PCEN input instead of logmelspec.
Training set: unit10, unit01, unit02.
Validation set: unit03, unit05.
Test set: unit07.

h5py version: 2.6.0
keras version: 2.0.6
numpy version: 1.13.1
pandas version: 0.20.3
pescador version: 1.0.0
tensorflow version: 1.2.1

_________________________________________________________________
Layer (type)                 Output Shape              Param #   
=================================================================
input_1 (InputLayer)         (None, 128, 104, 1)       0         
_________________________________________________________________
batch_normalization_1 (Batch (None, 128, 104, 1)       4         
_________________________________________________________________
conv2d_1 (Conv2D)            (None, 128, 104, 24)      624       
_________________________________________________________________
max_pooling2d_1 (MaxPooling2 (None, 64, 26, 24)        0         
_________________________________________________________________
conv2d_2 (Conv2D)            (None, 64, 26, 48)        28848     
_________________________________________________________________
max_pooling2d_2 (MaxPooling2 (None, 32, 6, 48)         0         
_________________________________________________________________
conv2d_3 (Conv2D)            (None, 32, 6, 48)         57648     
_________________________________________________________________
flatten_1 (Flatten)          (None, 9216)              0         
_________________________________________________________________
dense_1 (Dense)              (None, 64)                589888    
_________________________________________________________________
dense_2 (Dense)              (None, 1)                 65        
=================================================================
Total params: 677,077
Trainable params: 677,075
Non-trainable params: 2
_________________________________________________________________
         acc      loss   val_acc  val_loss
0   0.869141  0.565261  0.973267  0.146958
1   0.963501  0.152985  0.975586  0.127242
2   0.975952  0.121036  0.967773  0.123041
3   0.978394  0.103426  0.980835  0.087532
4   0.981201  0.094639  0.979126  0.106980
5   0.977051  0.104956  0.981689  0.096203
6   0.976685  0.120139  0.981812  0.096942
7   0.982910  0.090967  0.984131  0.092721
8   0.985352  0.089566  0.984741  0.086423
9   0.981812  0.101663  0.974365  0.130045
10  0.983765  0.075879  0.983398  0.091472
11  0.984863  0.085505  0.983765  0.079502
12  0.977661  0.127959  0.981445  0.125840
13  0.979858  0.139138  0.975464  0.111599
14  0.978027  0.124142  0.977783  0.113905
15  0.985352  0.095863  0.973633  0.121933

2017-11-25 01:47:52.621032 Finish.
Total elapsed time: 02:02:35.62.
