2018-01-19 17:32:12.765454: W tensorflow/core/platform/cpu_feature_guard.cc:45] The TensorFlow library wasn't compiled to use SSE4.1 instructions, but these are available on your machine and could speed up CPU computations.
2018-01-19 17:32:12.765728: W tensorflow/core/platform/cpu_feature_guard.cc:45] The TensorFlow library wasn't compiled to use SSE4.2 instructions, but these are available on your machine and could speed up CPU computations.
2018-01-19 17:32:12.765742: W tensorflow/core/platform/cpu_feature_guard.cc:45] The TensorFlow library wasn't compiled to use AVX instructions, but these are available on your machine and could speed up CPU computations.
Using TensorFlow backend.
2018-01-19 17:32:10.340854 Start.
Training Salamon's ICASSP 2017 convnet on BirdVox-70k
with PCEN input instead of logmelspec.
Training set: unit10, unit01, unit02.
Validation set: unit03, unit05.
Test set: unit07.

h5py version: 2.6.0
keras version: 2.0.6
numpy version: 1.13.1
pandas version: 0.20.3
pescador version: 1.0.0
tensorflow version: 1.2.1

_________________________________________________________________
Layer (type)                 Output Shape              Param #   
=================================================================
input_1 (InputLayer)         (None, 128, 104, 1)       0         
_________________________________________________________________
batch_normalization_1 (Batch (None, 128, 104, 1)       4         
_________________________________________________________________
conv2d_1 (Conv2D)            (None, 128, 104, 24)      624       
_________________________________________________________________
max_pooling2d_1 (MaxPooling2 (None, 64, 26, 24)        0         
_________________________________________________________________
conv2d_2 (Conv2D)            (None, 64, 26, 48)        28848     
_________________________________________________________________
max_pooling2d_2 (MaxPooling2 (None, 32, 6, 48)         0         
_________________________________________________________________
conv2d_3 (Conv2D)            (None, 32, 6, 48)         57648     
_________________________________________________________________
flatten_1 (Flatten)          (None, 9216)              0         
_________________________________________________________________
dense_1 (Dense)              (None, 64)                589888    
_________________________________________________________________
dense_2 (Dense)              (None, 1)                 65        
=================================================================
Total params: 677,077
Trainable params: 677,075
Non-trainable params: 2
_________________________________________________________________
         acc      loss   val_acc  val_loss
0   0.499512  8.001441  0.506104  7.892847
1   0.497681  8.024571  0.500366  7.979472
2   0.496338  8.041860  0.495117  8.059644
3   0.499390  7.990148  0.488647  8.160131
4   0.501587  7.952786  0.508423  7.842827
5   0.497803  8.011324  0.503418  7.921054
6   0.502319  7.937948  0.508057  7.845910
7   0.500977  7.958312  0.498291  8.000695
8   0.499390  7.982829  0.498657  7.994185
9   0.501343  7.951112  0.497925  8.005368
10  0.487915  8.164761  0.500854  7.958307
11  0.502319  7.934821  0.505615  7.882158
12  0.496460  8.028023  0.503784  7.911176
13  0.495605  8.041502  0.500732  7.959712
14  0.501099  7.953833  0.498169  8.000503
15  0.497192  8.016046  0.505127  7.889528
16  0.495972  8.035468  0.508423  7.836953
17  0.496216  8.031553  0.491821  8.101604
18  0.508545  7.834984  0.510376  7.805787
19  0.495850  8.037369  0.500366  7.965361
20  0.494751  8.131937  0.494263  8.211694
21  0.512085  7.900840  0.500854  8.067577
22  0.500610  8.064946  0.510132  7.906572
23  0.497681  8.104418  0.506592  7.958545
24  0.500732  8.051576  0.507935  7.934326
25  0.496826  8.111412  0.496948  8.154453
26  0.494751  8.169532  0.495972  8.126655
27  0.510132  7.888794  0.501831  8.011137
28  0.497925  8.066161  0.498901  8.044140
29  0.506104  7.924147  0.503052  7.968045
30  0.501953  7.981564  0.501221  7.989505
31  0.498047  8.036880  0.491943  8.131140

2018-01-19 22:30:01.761543 Finish.
Total elapsed time: 04:57:51.76.
