2017-12-13 17:55:26.400383: W tensorflow/core/platform/cpu_feature_guard.cc:45] The TensorFlow library wasn't compiled to use SSE4.1 instructions, but these are available on your machine and could speed up CPU computations.
2017-12-13 17:55:26.400508: W tensorflow/core/platform/cpu_feature_guard.cc:45] The TensorFlow library wasn't compiled to use SSE4.2 instructions, but these are available on your machine and could speed up CPU computations.
2017-12-13 17:55:26.400522: W tensorflow/core/platform/cpu_feature_guard.cc:45] The TensorFlow library wasn't compiled to use AVX instructions, but these are available on your machine and could speed up CPU computations.
Using TensorFlow backend.
2017-12-13 17:54:15.513642 Start.
Training Salamon's ICASSP 2017 convnet on BirdVox-70k
with PCEN input instead of logmelspec.
Training set: unit10, unit01, unit02.
Validation set: unit03, unit05.
Test set: unit07.

h5py version: 2.6.0
keras version: 2.0.6
numpy version: 1.13.1
pandas version: 0.20.3
pescador version: 1.0.0
tensorflow version: 1.2.1

_________________________________________________________________
Layer (type)                 Output Shape              Param #   
=================================================================
input_1 (InputLayer)         (None, 128, 104, 1)       0         
_________________________________________________________________
batch_normalization_1 (Batch (None, 128, 104, 1)       4         
_________________________________________________________________
conv2d_1 (Conv2D)            (None, 128, 104, 24)      624       
_________________________________________________________________
max_pooling2d_1 (MaxPooling2 (None, 64, 26, 24)        0         
_________________________________________________________________
conv2d_2 (Conv2D)            (None, 64, 26, 48)        28848     
_________________________________________________________________
max_pooling2d_2 (MaxPooling2 (None, 32, 6, 48)         0         
_________________________________________________________________
conv2d_3 (Conv2D)            (None, 32, 6, 48)         57648     
_________________________________________________________________
flatten_1 (Flatten)          (None, 9216)              0         
_________________________________________________________________
dense_1 (Dense)              (None, 64)                589888    
_________________________________________________________________
dense_2 (Dense)              (None, 1)                 65        
=================================================================
Total params: 677,077
Trainable params: 677,075
Non-trainable params: 2
_________________________________________________________________
         acc      loss   val_acc  val_loss
0   0.493774  8.161138  0.507446  7.940262
1   0.503540  7.971961  0.488037  8.173520
2   0.502808  7.931107  0.497803  8.007882
3   0.502441  7.933177  0.500977  7.956078
4   0.498535  8.068691  0.507690  7.961054
5   0.502686  8.031803  0.499878  8.070461
6   0.495972  8.130274  0.497803  8.098464
7   0.492554  8.181830  0.506348  7.958558
8   0.503784  7.999337  0.506836  7.949729
9   0.499756  8.063597  0.506714  7.951251
10  0.500854  8.048717  0.510498  7.897093
11  0.495728  8.100106  0.505127  7.934691
12  0.499023  8.025201  0.503052  7.955306
13  0.511353  7.818643  0.492432  8.116352
14  0.494873  8.074201  0.498657  8.010901
15  0.501221  7.967569  0.509033  7.840749
16  0.495605  8.052938  0.500000  7.981148
17  0.497681  8.016696  0.498657  7.999817
18  0.498779  7.996797  0.507812  7.851803
19  0.493896  8.072858  0.500854  7.961203
20  0.500977  7.958670  0.494629  8.059335
21  0.510132  7.811757  0.491821  8.103288
22  0.512939  7.766313  0.502075  7.939245
23  0.508423  7.837838  0.501831  7.942740
24  0.500977  7.956219  0.507935  7.845166
25  0.496826  8.022164  0.503662  7.913100
26  0.506104  7.874116  0.503784  7.911038
27  0.505127  7.889592  0.503418  7.916804
28  0.494141  8.113091  0.496948  8.343534
29  0.510864  8.116737  0.500366  8.282798
30  0.499023  8.301349  0.491699  8.416309
31  0.500000  8.279482  0.511475  8.091481

2017-12-13 22:40:13.329865 Finish.
Total elapsed time: 04:45:58.33.
