2018-01-19 14:42:23.980696: W tensorflow/core/platform/cpu_feature_guard.cc:45] The TensorFlow library wasn't compiled to use SSE4.1 instructions, but these are available on your machine and could speed up CPU computations.
2018-01-19 14:42:23.980956: W tensorflow/core/platform/cpu_feature_guard.cc:45] The TensorFlow library wasn't compiled to use SSE4.2 instructions, but these are available on your machine and could speed up CPU computations.
2018-01-19 14:42:23.980970: W tensorflow/core/platform/cpu_feature_guard.cc:45] The TensorFlow library wasn't compiled to use AVX instructions, but these are available on your machine and could speed up CPU computations.
Using TensorFlow backend.
2018-01-19 14:42:22.689488 Start.
Training Salamon's ICASSP 2017 convnet on BirdVox-70k
with PCEN input instead of logmelspec.
Training set: unit03, unit05, unit07.
Validation set: unit10, unit01.
Test set: unit02.

h5py version: 2.6.0
keras version: 2.0.6
numpy version: 1.13.1
pandas version: 0.20.3
pescador version: 1.0.0
tensorflow version: 1.2.1

_________________________________________________________________
Layer (type)                 Output Shape              Param #   
=================================================================
input_1 (InputLayer)         (None, 128, 104, 1)       0         
_________________________________________________________________
batch_normalization_1 (Batch (None, 128, 104, 1)       4         
_________________________________________________________________
conv2d_1 (Conv2D)            (None, 128, 104, 24)      624       
_________________________________________________________________
max_pooling2d_1 (MaxPooling2 (None, 64, 26, 24)        0         
_________________________________________________________________
conv2d_2 (Conv2D)            (None, 64, 26, 48)        28848     
_________________________________________________________________
max_pooling2d_2 (MaxPooling2 (None, 32, 6, 48)         0         
_________________________________________________________________
conv2d_3 (Conv2D)            (None, 32, 6, 48)         57648     
_________________________________________________________________
flatten_1 (Flatten)          (None, 9216)              0         
_________________________________________________________________
dense_1 (Dense)              (None, 64)                589888    
_________________________________________________________________
dense_2 (Dense)              (None, 1)                 65        
=================================================================
Total params: 677,077
Trainable params: 677,075
Non-trainable params: 2
_________________________________________________________________
         acc      loss   val_acc  val_loss
0   0.983887  0.077026  0.789551  1.017457
1   0.982544  0.079666  0.831421  0.634972
2   0.986206  0.070189  0.761597  1.032206
3   0.986450  0.068637  0.814697  0.729370
4   0.985596  0.062287  0.857666  0.593422
5   0.986328  0.062863  0.818359  0.636986
6   0.989624  0.052391  0.741943  1.213938
7   0.979248  0.086271  0.791260  1.573398
8   0.982910  0.088414  0.811890  0.734463
9   0.985229  0.077625  0.784790  1.443416
10  0.988525  0.057528  0.858032  0.655103
11  0.983276  0.079410  0.894043  0.484813
12  0.804077  2.215408  0.501099  8.004861
13  0.490967  8.159697  0.497192  8.055012
14  0.492188  8.130779  0.498413  8.027899
15  0.496094  8.061895  0.500244  7.992965

2018-01-19 17:13:11.816792 Finish.
Total elapsed time: 02:30:49.82.
