2017-11-25 02:56:58.000496: W tensorflow/core/platform/cpu_feature_guard.cc:45] The TensorFlow library wasn't compiled to use SSE4.1 instructions, but these are available on your machine and could speed up CPU computations.
2017-11-25 02:56:58.000692: W tensorflow/core/platform/cpu_feature_guard.cc:45] The TensorFlow library wasn't compiled to use SSE4.2 instructions, but these are available on your machine and could speed up CPU computations.
2017-11-25 02:56:58.000703: W tensorflow/core/platform/cpu_feature_guard.cc:45] The TensorFlow library wasn't compiled to use AVX instructions, but these are available on your machine and could speed up CPU computations.
2017-11-25 02:56:58.000707: W tensorflow/core/platform/cpu_feature_guard.cc:45] The TensorFlow library wasn't compiled to use AVX2 instructions, but these are available on your machine and could speed up CPU computations.
2017-11-25 02:56:58.000711: W tensorflow/core/platform/cpu_feature_guard.cc:45] The TensorFlow library wasn't compiled to use FMA instructions, but these are available on your machine and could speed up CPU computations.
Using TensorFlow backend.
2017-11-25 02:56:57.269294 Start.
Training Salamon's ICASSP 2017 convnet on BirdVox-70k
with PCEN input instead of logmelspec.
Training set: unit05, unit07, unit10.
Validation set: unit01, unit02.
Test set: unit03.

h5py version: 2.6.0
keras version: 2.0.6
numpy version: 1.13.1
pandas version: 0.20.3
pescador version: 1.0.0
tensorflow version: 1.2.1

_________________________________________________________________
Layer (type)                 Output Shape              Param #   
=================================================================
input_1 (InputLayer)         (None, 128, 104, 1)       0         
_________________________________________________________________
batch_normalization_1 (Batch (None, 128, 104, 1)       4         
_________________________________________________________________
conv2d_1 (Conv2D)            (None, 128, 104, 24)      624       
_________________________________________________________________
max_pooling2d_1 (MaxPooling2 (None, 64, 26, 24)        0         
_________________________________________________________________
conv2d_2 (Conv2D)            (None, 64, 26, 48)        28848     
_________________________________________________________________
max_pooling2d_2 (MaxPooling2 (None, 32, 6, 48)         0         
_________________________________________________________________
conv2d_3 (Conv2D)            (None, 32, 6, 48)         57648     
_________________________________________________________________
flatten_1 (Flatten)          (None, 9216)              0         
_________________________________________________________________
dense_1 (Dense)              (None, 64)                589888    
_________________________________________________________________
dense_2 (Dense)              (None, 1)                 65        
=================================================================
Total params: 677,077
Trainable params: 677,075
Non-trainable params: 2
_________________________________________________________________
         acc      loss   val_acc  val_loss
0   0.500122  7.975447  0.494019  8.096039
1   0.498657  8.014175  0.506348  7.885594
2   0.497437  8.024008  0.498413  8.005451
3   0.496826  8.028739  0.496826  8.027049
4   0.509277  7.827373  0.495361  8.048233
5   0.502808  7.928824  0.489990  8.132572
6   0.497070  8.111642  0.503906  8.013263
7   0.498779  8.091160  0.507568  7.946064
8   0.497437  8.104532  0.493042  8.157031
9   0.506592  7.926482  0.497192  8.064800
10  0.502075  7.979254  0.500977  7.990191
11  0.493286  8.107938  0.500488  7.988830
12  0.494507  8.080857  0.511230  7.811244
13  0.492676  8.104649  0.499756  7.989589
14  0.496460  8.040347  0.498779  8.001732
15  0.500854  7.967293  0.503296  7.927121

2017-11-25 04:35:45.960908 Finish.
Total elapsed time: 01:38:48.96.
