2017-12-13 22:37:40.543615: W tensorflow/core/platform/cpu_feature_guard.cc:45] The TensorFlow library wasn't compiled to use SSE4.1 instructions, but these are available on your machine and could speed up CPU computations.
2017-12-13 22:37:40.543797: W tensorflow/core/platform/cpu_feature_guard.cc:45] The TensorFlow library wasn't compiled to use SSE4.2 instructions, but these are available on your machine and could speed up CPU computations.
2017-12-13 22:37:40.543811: W tensorflow/core/platform/cpu_feature_guard.cc:45] The TensorFlow library wasn't compiled to use AVX instructions, but these are available on your machine and could speed up CPU computations.
Using TensorFlow backend.
2017-12-13 22:37:17.232672 Start.
Training Salamon's ICASSP 2017 convnet on BirdVox-70k
with PCEN input instead of logmelspec.
Training set: unit03, unit05, unit07.
Validation set: unit10, unit01.
Test set: unit02.

h5py version: 2.6.0
keras version: 2.0.6
numpy version: 1.13.1
pandas version: 0.20.3
pescador version: 1.0.0
tensorflow version: 1.2.1

_________________________________________________________________
Layer (type)                 Output Shape              Param #   
=================================================================
input_1 (InputLayer)         (None, 128, 104, 1)       0         
_________________________________________________________________
batch_normalization_1 (Batch (None, 128, 104, 1)       4         
_________________________________________________________________
conv2d_1 (Conv2D)            (None, 128, 104, 24)      624       
_________________________________________________________________
max_pooling2d_1 (MaxPooling2 (None, 64, 26, 24)        0         
_________________________________________________________________
conv2d_2 (Conv2D)            (None, 64, 26, 48)        28848     
_________________________________________________________________
max_pooling2d_2 (MaxPooling2 (None, 32, 6, 48)         0         
_________________________________________________________________
conv2d_3 (Conv2D)            (None, 32, 6, 48)         57648     
_________________________________________________________________
flatten_1 (Flatten)          (None, 9216)              0         
_________________________________________________________________
dense_1 (Dense)              (None, 64)                589888    
_________________________________________________________________
dense_2 (Dense)              (None, 1)                 65        
=================================================================
Total params: 677,077
Trainable params: 677,075
Non-trainable params: 2
_________________________________________________________________
         acc      loss   val_acc  val_loss
0   0.973145  0.114497  0.781860  0.919110
1   0.973145  0.110757  0.778442  1.159273
2   0.969360  0.115719  0.775513  0.927092
3   0.974731  0.101428  0.737427  1.608517
4   0.967041  0.128521  0.766479  0.826407
5   0.974854  0.105009  0.771118  1.197692
6   0.973755  0.112161  0.811523  1.204552
7   0.976562  0.100167  0.801025  0.916038
8   0.973511  0.111309  0.785400  0.791165
9   0.976685  0.103900  0.757690  1.247769
10  0.979248  0.092484  0.790161  1.043306
11  0.698120  4.748968  0.500610  8.027210
12  0.507080  7.918834  0.499878  8.029251
13  0.491577  8.158210  0.493896  8.118146
14  0.501099  8.000721  0.499756  8.019675
15  0.507935  7.887131  0.506592  7.906479
16  0.503052  7.961065  0.502441  7.969013
17  0.491943  8.134751  0.499268  8.016411
18  0.496094  8.065559  0.500610  7.992143
19  0.495972  8.064785  0.496582  8.053778
20  0.494507  8.085671  0.498413  8.022232
21  0.493286  8.102878  0.504639  7.920824
22  0.503540  7.937337  0.496216  8.053118
23  0.510986  7.816715  0.508545  7.854728
24  0.490845  8.136053  0.502197  7.954223
25  0.498169  8.017646  0.496704  8.040215
26  0.490234  8.142615  0.496460  8.042632
27  0.509033  7.841491  0.495361  8.058770
28  0.497314  8.026984  0.505859  7.890118
29  0.503906  7.920648  0.500977  7.966755
30  0.491089  8.123819  0.499390  7.990944
31  0.502319  7.943683  0.500610  7.970402

2017-12-14 03:15:02.494415 Finish.
Total elapsed time: 04:37:45.49.
