2017-11-28 04:28:59.246325: W tensorflow/core/platform/cpu_feature_guard.cc:45] The TensorFlow library wasn't compiled to use SSE4.1 instructions, but these are available on your machine and could speed up CPU computations.
2017-11-28 04:28:59.246572: W tensorflow/core/platform/cpu_feature_guard.cc:45] The TensorFlow library wasn't compiled to use SSE4.2 instructions, but these are available on your machine and could speed up CPU computations.
2017-11-28 04:28:59.246586: W tensorflow/core/platform/cpu_feature_guard.cc:45] The TensorFlow library wasn't compiled to use AVX instructions, but these are available on your machine and could speed up CPU computations.
Using TensorFlow backend.
2017-11-28 04:28:52.997463 Start.
Training Salamon's ICASSP 2017 convnet on BirdVox-70k
with PCEN input instead of logmelspec.
Training set: unit05, unit07, unit10.
Validation set: unit01, unit02.
Test set: unit03.

h5py version: 2.6.0
keras version: 2.0.6
numpy version: 1.13.1
pandas version: 0.20.3
pescador version: 1.0.0
tensorflow version: 1.2.1

_________________________________________________________________
Layer (type)                 Output Shape              Param #   
=================================================================
input_1 (InputLayer)         (None, 128, 104, 1)       0         
_________________________________________________________________
batch_normalization_1 (Batch (None, 128, 104, 1)       4         
_________________________________________________________________
conv2d_1 (Conv2D)            (None, 128, 104, 24)      624       
_________________________________________________________________
max_pooling2d_1 (MaxPooling2 (None, 64, 26, 24)        0         
_________________________________________________________________
conv2d_2 (Conv2D)            (None, 64, 26, 48)        28848     
_________________________________________________________________
max_pooling2d_2 (MaxPooling2 (None, 32, 6, 48)         0         
_________________________________________________________________
conv2d_3 (Conv2D)            (None, 32, 6, 48)         57648     
_________________________________________________________________
flatten_1 (Flatten)          (None, 9216)              0         
_________________________________________________________________
dense_1 (Dense)              (None, 64)                589888    
_________________________________________________________________
dense_2 (Dense)              (None, 1)                 65        
=================================================================
Total params: 677,077
Trainable params: 677,075
Non-trainable params: 2
_________________________________________________________________
         acc      loss   val_acc  val_loss
0   0.504150  7.875064  0.500977  7.999494
1   0.505493  7.915569  0.500244  7.990524
2   0.492798  8.104235  0.504517  7.913419
3   0.504395  7.912761  0.499512  7.988429
4   0.497192  8.023881  0.501221  7.958353
5   0.496338  8.035245  0.505005  7.896244
6   0.494141  8.068826  0.498535  7.998221
7   0.502075  7.941367  0.495483  8.046085
8   0.500610  7.964059  0.506226  7.874278
9   0.491089  8.115385  0.502930  7.926424
10  0.492432  8.093632  0.497803  8.007859
11  0.502686  7.929892  0.496948  8.021243
12  0.500610  7.962760  0.490845  8.118351
13  0.508545  7.836082  0.504395  7.902166
14  0.501099  7.954635  0.488892  8.149171
15  0.497437  8.012876  0.506348  7.870745
16  0.499146  7.985503  0.496216  8.032149
17  0.498657  7.993172  0.498169  8.000902
18  0.488525  8.154594  0.501099  7.954099
19  0.502930  7.924864  0.490845  8.117485
20  0.496216  8.031819  0.502808  7.926694
21  0.493286  8.078457  0.502563  7.930524
22  0.506470  7.868222  0.499634  7.977179
23  0.490845  8.117276  0.505615  7.881779
24  0.495972  8.035504  0.496704  8.023812
25  0.506104  7.873950  0.495850  8.037411
26  0.504395  7.901175  0.500488  7.963442
27  0.498169  8.025183  0.497925  8.119366
28  0.502930  8.021098  0.506470  7.958267
29  0.492554  8.275351  0.499878  8.196764
30  0.492920  8.300486  0.501587  8.153640
31  0.501465  8.150094  0.491577  8.304392

2017-11-28 08:36:14.818180 Finish.
Total elapsed time: 04:07:22.82.
