2018-01-19 22:10:23.611278: W tensorflow/core/platform/cpu_feature_guard.cc:45] The TensorFlow library wasn't compiled to use SSE4.1 instructions, but these are available on your machine and could speed up CPU computations.
2018-01-19 22:10:23.611546: W tensorflow/core/platform/cpu_feature_guard.cc:45] The TensorFlow library wasn't compiled to use SSE4.2 instructions, but these are available on your machine and could speed up CPU computations.
2018-01-19 22:10:23.611561: W tensorflow/core/platform/cpu_feature_guard.cc:45] The TensorFlow library wasn't compiled to use AVX instructions, but these are available on your machine and could speed up CPU computations.
Using TensorFlow backend.
2018-01-19 22:08:51.819881 Start.
Training Salamon's ICASSP 2017 convnet on BirdVox-70k
with PCEN input instead of logmelspec.
Training set: unit07, unit10, unit01.
Validation set: unit02, unit03.
Test set: unit05.

h5py version: 2.6.0
keras version: 2.0.6
numpy version: 1.13.1
pandas version: 0.20.3
pescador version: 1.0.0
tensorflow version: 1.2.1

_________________________________________________________________
Layer (type)                 Output Shape              Param #   
=================================================================
input_1 (InputLayer)         (None, 128, 104, 1)       0         
_________________________________________________________________
batch_normalization_1 (Batch (None, 128, 104, 1)       4         
_________________________________________________________________
conv2d_1 (Conv2D)            (None, 128, 104, 24)      624       
_________________________________________________________________
max_pooling2d_1 (MaxPooling2 (None, 64, 26, 24)        0         
_________________________________________________________________
conv2d_2 (Conv2D)            (None, 64, 26, 48)        28848     
_________________________________________________________________
max_pooling2d_2 (MaxPooling2 (None, 32, 6, 48)         0         
_________________________________________________________________
conv2d_3 (Conv2D)            (None, 32, 6, 48)         57648     
_________________________________________________________________
flatten_1 (Flatten)          (None, 9216)              0         
_________________________________________________________________
dense_1 (Dense)              (None, 64)                589888    
_________________________________________________________________
dense_2 (Dense)              (None, 1)                 65        
=================================================================
Total params: 677,077
Trainable params: 677,075
Non-trainable params: 2
_________________________________________________________________
         acc      loss   val_acc  val_loss
0   0.495850  8.193295  0.499512  8.148038
1   0.500244  8.108009  0.494873  8.175241
2   0.505493  7.994749  0.494751  8.161169
3   0.496704  8.126166  0.495972  8.135319
4   0.500122  8.066872  0.500610  8.057754
5   0.497192  8.111999  0.500000  8.066014
6   0.501831  8.035933  0.493530  8.169209
7   0.505371  7.977923  0.490967  8.209686
8   0.505005  7.983063  0.505493  7.974854
9   0.502808  8.017837  0.500610  8.052962
10  0.506958  7.950386  0.504517  7.989481
11  0.501099  8.044337  0.508179  7.929991
12  0.499390  8.071442  0.496582  8.116489
13  0.498779  8.080880  0.501831  8.031504
14  0.493530  8.165122  0.499634  8.066575
15  0.496094  8.123476  0.489624  8.227602
16  0.500488  8.052351  0.504272  7.991222
17  0.499634  8.065866  0.499878  8.061814
18  0.486084  8.284042  0.504150  7.992747
19  0.503418  8.004467  0.504883  7.980776
20  0.501953  8.027929  0.487305  8.263971
21  0.509644  7.903858  0.496704  8.112370
22  0.496338  8.118235  0.505493  7.970635
23  0.487671  8.257869  0.504639  7.984358
24  0.499634  8.065009  0.507690  7.935136
25  0.499512  8.066950  0.496948  8.108259
26  0.491455  8.196793  0.495117  8.137366
27  0.507080  8.038738  0.503418  8.095958
28  0.497559  8.179117  0.498901  8.148175
29  0.494873  8.204098  0.499634  8.120283
30  0.499023  8.122886  0.512329  7.903890
31  0.501587  8.068870  0.498169  8.117277

2018-01-20 03:16:33.529834 Finish.
Total elapsed time: 05:07:42.53.
