2018-01-19 13:29:11.864053: W tensorflow/core/platform/cpu_feature_guard.cc:45] The TensorFlow library wasn't compiled to use SSE4.1 instructions, but these are available on your machine and could speed up CPU computations.
2018-01-19 13:29:11.864363: W tensorflow/core/platform/cpu_feature_guard.cc:45] The TensorFlow library wasn't compiled to use SSE4.2 instructions, but these are available on your machine and could speed up CPU computations.
2018-01-19 13:29:11.864384: W tensorflow/core/platform/cpu_feature_guard.cc:45] The TensorFlow library wasn't compiled to use AVX instructions, but these are available on your machine and could speed up CPU computations.
2018-01-19 13:29:11.864394: W tensorflow/core/platform/cpu_feature_guard.cc:45] The TensorFlow library wasn't compiled to use AVX2 instructions, but these are available on your machine and could speed up CPU computations.
2018-01-19 13:29:11.864403: W tensorflow/core/platform/cpu_feature_guard.cc:45] The TensorFlow library wasn't compiled to use FMA instructions, but these are available on your machine and could speed up CPU computations.
Using TensorFlow backend.
2018-01-19 13:28:55.015787 Start.
Training additive context-aware convnet on BirdVox-70k. 
Training set: unit03, unit05, unit07.
Validation set: unit10, unit01.
Test set: unit02.

h5py version: 2.6.0
keras version: 2.0.6
numpy version: 1.13.1
pandas version: 0.20.3
pescador version: 1.0.0
tensorflow version: 1.2.1

____________________________________________________________________________________________________
Layer (type)                     Output Shape          Param #     Connected to                     
====================================================================================================
spec_input (InputLayer)          (None, 128, 104, 1)   0                                            
____________________________________________________________________________________________________
spec_bn (BatchNormalization)     (None, 128, 104, 1)   4           spec_input[0][0]                 
____________________________________________________________________________________________________
spec_conv1 (Conv2D)              (None, 128, 104, 24)  624         spec_bn[0][0]                    
____________________________________________________________________________________________________
spec_pool1 (MaxPooling2D)        (None, 64, 26, 24)    0           spec_conv1[0][0]                 
____________________________________________________________________________________________________
bg_input (InputLayer)            (None, 128, 9)        0                                            
____________________________________________________________________________________________________
spec_conv2 (Conv2D)              (None, 64, 26, 48)    28848       spec_pool1[0][0]                 
____________________________________________________________________________________________________
bg_pool (AveragePooling1D)       (None, 32, 9)         0           bg_input[0][0]                   
____________________________________________________________________________________________________
spec_pool2 (MaxPooling2D)        (None, 32, 6, 48)     0           spec_conv2[0][0]                 
____________________________________________________________________________________________________
bg_permute (Permute)             (None, 9, 32)         0           bg_pool[0][0]                    
____________________________________________________________________________________________________
spec_conv3 (Conv2D)              (None, 32, 6, 48)     57648       spec_pool2[0][0]                 
____________________________________________________________________________________________________
bg_conv (Conv1D)                 (None, 9, 8)          264         bg_permute[0][0]                 
____________________________________________________________________________________________________
spec_flatten (Flatten)           (None, 9216)          0           spec_conv3[0][0]                 
____________________________________________________________________________________________________
bg_flatten (Flatten)             (None, 72)            0           bg_conv[0][0]                    
____________________________________________________________________________________________________
spec_dense1 (Dense)              (None, 64)            589888      spec_flatten[0][0]               
____________________________________________________________________________________________________
bg_dense1 (Dense)                (None, 64)            4672        bg_flatten[0][0]                 
____________________________________________________________________________________________________
spec_dense2 (Dense)              (None, 1)             64          spec_dense1[0][0]                
____________________________________________________________________________________________________
bg_dense2 (Dense)                (None, 1)             64          bg_dense1[0][0]                  
____________________________________________________________________________________________________
add (Add)                        (None, 1)             0           spec_dense2[0][0]                
                                                                   bg_dense2[0][0]                  
____________________________________________________________________________________________________
dense (Dense)                    (None, 1)             2           add[0][0]                        
====================================================================================================
Total params: 682,078
Trainable params: 682,076
Non-trainable params: 2
____________________________________________________________________________________________________
         acc      loss   val_acc  val_loss
0   0.990967  0.047801  0.935791  0.268751
1   0.988281  0.055868  0.806152  0.465333
2   0.988525  0.050790  0.948608  0.222391
3   0.991577  0.037121  0.936279  0.309759
4   0.991089  0.044764  0.973022  0.162168
5   0.991943  0.046737  0.957031  0.204653
6   0.992554  0.039470  0.971802  0.128546
7   0.989624  0.044983  0.938110  0.234817
8   0.992920  0.039301  0.915771  0.349766
9   0.992920  0.040378  0.961914  0.217838
10  0.994263  0.033788  0.964111  0.173925
11  0.992920  0.034542  0.944580  0.231412
12  0.992676  0.038721  0.979492  0.130253
13  0.992920  0.037576  0.977905  0.146228
14  0.995117  0.031852  0.969238  0.184789
15  0.993530  0.033249  0.941772  0.244379
16  0.993652  0.034786  0.935425  0.246127
17  0.993896  0.035025  0.950317  0.195761
18  0.995850  0.030418  0.926758  0.260366
19  0.994629  0.027084  0.904053  0.333042
20  0.995239  0.027818  0.953613  0.206947
21  0.994507  0.030669  0.983032  0.133923
22  0.994751  0.028222  0.953979  0.195556
23  0.993896  0.035639  0.973999  0.156377
24  0.994995  0.030551  0.874512  0.396307
25  0.995361  0.027447  0.953613  0.205449
26  0.994019  0.027209  0.949951  0.208993
27  0.995850  0.023493  0.953369  0.208114
28  0.994873  0.027719  0.925537  0.287362
29  0.995605  0.023653  0.966187  0.178788
30  0.996094  0.026570  0.970337  0.154987
31  0.995972  0.024963  0.983154  0.134038

2018-01-19 17:43:09.797014 Finish.
Total elapsed time: 04:14:14.80.
