2018-01-19 13:29:03.708253: W tensorflow/core/platform/cpu_feature_guard.cc:45] The TensorFlow library wasn't compiled to use SSE4.1 instructions, but these are available on your machine and could speed up CPU computations.
2018-01-19 13:29:03.708552: W tensorflow/core/platform/cpu_feature_guard.cc:45] The TensorFlow library wasn't compiled to use SSE4.2 instructions, but these are available on your machine and could speed up CPU computations.
2018-01-19 13:29:03.708572: W tensorflow/core/platform/cpu_feature_guard.cc:45] The TensorFlow library wasn't compiled to use AVX instructions, but these are available on your machine and could speed up CPU computations.
2018-01-19 13:29:03.708580: W tensorflow/core/platform/cpu_feature_guard.cc:45] The TensorFlow library wasn't compiled to use AVX2 instructions, but these are available on your machine and could speed up CPU computations.
2018-01-19 13:29:03.708589: W tensorflow/core/platform/cpu_feature_guard.cc:45] The TensorFlow library wasn't compiled to use FMA instructions, but these are available on your machine and could speed up CPU computations.
Using TensorFlow backend.
2018-01-19 13:28:55.015794 Start.
Training additive context-aware convnet on BirdVox-70k. 
Training set: unit05, unit07, unit10.
Validation set: unit01, unit02.
Test set: unit03.

h5py version: 2.6.0
keras version: 2.0.6
numpy version: 1.13.1
pandas version: 0.20.3
pescador version: 1.0.0
tensorflow version: 1.2.1

____________________________________________________________________________________________________
Layer (type)                     Output Shape          Param #     Connected to                     
====================================================================================================
spec_input (InputLayer)          (None, 128, 104, 1)   0                                            
____________________________________________________________________________________________________
spec_bn (BatchNormalization)     (None, 128, 104, 1)   4           spec_input[0][0]                 
____________________________________________________________________________________________________
spec_conv1 (Conv2D)              (None, 128, 104, 24)  624         spec_bn[0][0]                    
____________________________________________________________________________________________________
spec_pool1 (MaxPooling2D)        (None, 64, 26, 24)    0           spec_conv1[0][0]                 
____________________________________________________________________________________________________
bg_input (InputLayer)            (None, 128, 9)        0                                            
____________________________________________________________________________________________________
spec_conv2 (Conv2D)              (None, 64, 26, 48)    28848       spec_pool1[0][0]                 
____________________________________________________________________________________________________
bg_pool (AveragePooling1D)       (None, 32, 9)         0           bg_input[0][0]                   
____________________________________________________________________________________________________
spec_pool2 (MaxPooling2D)        (None, 32, 6, 48)     0           spec_conv2[0][0]                 
____________________________________________________________________________________________________
bg_permute (Permute)             (None, 9, 32)         0           bg_pool[0][0]                    
____________________________________________________________________________________________________
spec_conv3 (Conv2D)              (None, 32, 6, 48)     57648       spec_pool2[0][0]                 
____________________________________________________________________________________________________
bg_conv (Conv1D)                 (None, 9, 8)          264         bg_permute[0][0]                 
____________________________________________________________________________________________________
spec_flatten (Flatten)           (None, 9216)          0           spec_conv3[0][0]                 
____________________________________________________________________________________________________
bg_flatten (Flatten)             (None, 72)            0           bg_conv[0][0]                    
____________________________________________________________________________________________________
spec_dense1 (Dense)              (None, 64)            589888      spec_flatten[0][0]               
____________________________________________________________________________________________________
bg_dense1 (Dense)                (None, 64)            4672        bg_flatten[0][0]                 
____________________________________________________________________________________________________
spec_dense2 (Dense)              (None, 1)             64          spec_dense1[0][0]                
____________________________________________________________________________________________________
bg_dense2 (Dense)                (None, 1)             64          bg_dense1[0][0]                  
____________________________________________________________________________________________________
add (Add)                        (None, 1)             0           spec_dense2[0][0]                
                                                                   bg_dense2[0][0]                  
____________________________________________________________________________________________________
dense (Dense)                    (None, 1)             2           add[0][0]                        
====================================================================================================
Total params: 682,078
Trainable params: 682,076
Non-trainable params: 2
____________________________________________________________________________________________________
         acc      loss   val_acc  val_loss
0   0.497192  8.015952  0.497803  8.006222
1   0.509399  7.821343  0.504395  7.901133
2   0.505859  7.877780  0.501465  7.947839
3   0.495850  8.037359  0.506226  7.871942
4   0.497681  8.008168  0.499512  7.978977
5   0.499390  7.980923  0.501221  7.951731
6   0.497681  8.008168  0.500366  7.965354
7   0.496826  8.021791  0.499878  7.973138
8   0.499390  7.980923  0.504639  7.897241
9   0.499268  7.982869  0.497437  8.012060
10  0.505615  7.881672  0.512695  7.768799
11  0.503174  7.920594  0.499023  7.986761
12  0.496704  8.023737  0.496216  8.031521
13  0.505493  7.883618  0.502930  7.924486
14  0.501587  7.945893  0.490356  8.124934
15  0.498535  7.994545  0.507080  7.858319
16  0.502686  7.928378  0.491333  8.109365
17  0.503052  7.922540  0.494873  8.052928
18  0.491577  8.105473  0.507690  7.848589
19  0.499512  7.978977  0.487427  8.171640
20  0.496582  8.025683  0.506714  7.864157
21  0.496826  8.021791  0.494995  8.050982
22  0.507446  7.852481  0.489746  8.134664
23  0.509277  7.823289  0.494629  8.056820
24  0.492554  8.089904  0.495117  8.049036
25  0.500610  7.961462  0.498169  8.000384
26  0.499146  7.984815  0.497925  8.004276
27  0.502930  7.924486  0.493408  8.076281
28  0.496704  8.023737  0.499146  7.984815
29  0.500366  7.965354  0.511108  7.794098
30  0.498291  7.998438  0.502686  7.928378
31  0.504761  7.895295  0.500000  7.971192

2018-01-19 17:45:58.000568 Finish.
Total elapsed time: 04:17:03.00.
