2017-12-13 04:14:49.026385: W tensorflow/core/platform/cpu_feature_guard.cc:45] The TensorFlow library wasn't compiled to use SSE4.1 instructions, but these are available on your machine and could speed up CPU computations.
2017-12-13 04:14:49.026662: W tensorflow/core/platform/cpu_feature_guard.cc:45] The TensorFlow library wasn't compiled to use SSE4.2 instructions, but these are available on your machine and could speed up CPU computations.
2017-12-13 04:14:49.026674: W tensorflow/core/platform/cpu_feature_guard.cc:45] The TensorFlow library wasn't compiled to use AVX instructions, but these are available on your machine and could speed up CPU computations.
Using TensorFlow backend.
2017-12-13 04:14:45.246731 Start.
Training additive context-aware convnet on BirdVox-70k. 
Training set: unit01, unit02, unit03.
Validation set: unit05, unit07.
Test set: unit10.

h5py version: 2.6.0
keras version: 2.0.6
numpy version: 1.13.1
pandas version: 0.20.3
pescador version: 1.0.0
tensorflow version: 1.2.1

____________________________________________________________________________________________________
Layer (type)                     Output Shape          Param #     Connected to                     
====================================================================================================
spec_input (InputLayer)          (None, 128, 104, 1)   0                                            
____________________________________________________________________________________________________
spec_bn (BatchNormalization)     (None, 128, 104, 1)   4           spec_input[0][0]                 
____________________________________________________________________________________________________
spec_conv1 (Conv2D)              (None, 128, 104, 24)  624         spec_bn[0][0]                    
____________________________________________________________________________________________________
spec_pool1 (MaxPooling2D)        (None, 64, 26, 24)    0           spec_conv1[0][0]                 
____________________________________________________________________________________________________
bg_input (InputLayer)            (None, 128, 9)        0                                            
____________________________________________________________________________________________________
spec_conv2 (Conv2D)              (None, 64, 26, 48)    28848       spec_pool1[0][0]                 
____________________________________________________________________________________________________
bg_pool (AveragePooling1D)       (None, 32, 9)         0           bg_input[0][0]                   
____________________________________________________________________________________________________
spec_pool2 (MaxPooling2D)        (None, 32, 6, 48)     0           spec_conv2[0][0]                 
____________________________________________________________________________________________________
bg_permute (Permute)             (None, 9, 32)         0           bg_pool[0][0]                    
____________________________________________________________________________________________________
spec_conv3 (Conv2D)              (None, 32, 6, 48)     57648       spec_pool2[0][0]                 
____________________________________________________________________________________________________
bg_conv (Conv1D)                 (None, 9, 8)          264         bg_permute[0][0]                 
____________________________________________________________________________________________________
spec_flatten (Flatten)           (None, 9216)          0           spec_conv3[0][0]                 
____________________________________________________________________________________________________
bg_flatten (Flatten)             (None, 72)            0           bg_conv[0][0]                    
____________________________________________________________________________________________________
spec_dense1 (Dense)              (None, 64)            589888      spec_flatten[0][0]               
____________________________________________________________________________________________________
bg_dense1 (Dense)                (None, 64)            4672        bg_flatten[0][0]                 
____________________________________________________________________________________________________
spec_dense2 (Dense)              (None, 1)             64          spec_dense1[0][0]                
____________________________________________________________________________________________________
bg_dense2 (Dense)                (None, 1)             64          bg_dense1[0][0]                  
____________________________________________________________________________________________________
add (Add)                        (None, 1)             0           spec_dense2[0][0]                
                                                                   bg_dense2[0][0]                  
____________________________________________________________________________________________________
dense (Dense)                    (None, 1)             2           add[0][0]                        
====================================================================================================
Total params: 682,078
Trainable params: 682,076
Non-trainable params: 2
____________________________________________________________________________________________________
         acc      loss   val_acc  val_loss
0   0.946655  0.168852  0.865967  0.309816
1   0.945435  0.167382  0.939087  0.187940
2   0.953735  0.150520  0.947266  0.152503
3   0.953491  0.143721  0.899902  0.238019
4   0.955322  0.138158  0.863647  0.318798
5   0.954712  0.144599  0.959106  0.133616
6   0.956177  0.135691  0.926025  0.194099
7   0.961182  0.127561  0.954346  0.146959
8   0.955811  0.132351  0.924438  0.214498
9   0.952881  0.140201  0.953735  0.144799
10  0.961426  0.127919  0.942993  0.166709
11  0.962280  0.126283  0.954102  0.151397
12  0.957397  0.133169  0.941528  0.177264
13  0.955078  0.135600  0.840698  0.340753
14  0.958984  0.135060  0.940796  0.176640
15  0.958984  0.134587  0.914062  0.208506
16  0.959961  0.127012  0.958984  0.140292
17  0.960205  0.127179  0.952026  0.149590
18  0.963013  0.123381  0.956299  0.141760
19  0.964722  0.119025  0.874512  0.300163
20  0.965332  0.110837  0.961792  0.144471
21  0.965698  0.114486  0.920166  0.215155
22  0.965942  0.116380  0.913818  0.218724
23  0.965942  0.116854  0.925293  0.181372
24  0.960571  0.132412  0.889404  0.258410
25  0.961426  0.119437  0.882690  0.285094
26  0.963135  0.118218  0.942871  0.171927
27  0.962646  0.117280  0.888428  0.275730
28  0.961548  0.121966  0.890137  0.269236
29  0.966431  0.106102  0.943481  0.175843
30  0.968140  0.114591  0.907349  0.221777
31  0.966431  0.116838  0.913086  0.223329

2017-12-13 08:20:32.459437 Finish.
Total elapsed time: 04:05:47.46.
