2018-01-19 13:29:10.593241: W tensorflow/core/platform/cpu_feature_guard.cc:45] The TensorFlow library wasn't compiled to use SSE4.1 instructions, but these are available on your machine and could speed up CPU computations.
2018-01-19 13:29:10.593543: W tensorflow/core/platform/cpu_feature_guard.cc:45] The TensorFlow library wasn't compiled to use SSE4.2 instructions, but these are available on your machine and could speed up CPU computations.
2018-01-19 13:29:10.593565: W tensorflow/core/platform/cpu_feature_guard.cc:45] The TensorFlow library wasn't compiled to use AVX instructions, but these are available on your machine and could speed up CPU computations.
2018-01-19 13:29:10.593575: W tensorflow/core/platform/cpu_feature_guard.cc:45] The TensorFlow library wasn't compiled to use AVX2 instructions, but these are available on your machine and could speed up CPU computations.
2018-01-19 13:29:10.593585: W tensorflow/core/platform/cpu_feature_guard.cc:45] The TensorFlow library wasn't compiled to use FMA instructions, but these are available on your machine and could speed up CPU computations.
Using TensorFlow backend.
2018-01-19 13:28:54.647628 Start.
Training additive context-aware convnet on BirdVox-70k. 
Training set: unit01, unit02, unit03.
Validation set: unit05, unit07.
Test set: unit10.

h5py version: 2.6.0
keras version: 2.0.6
numpy version: 1.13.1
pandas version: 0.20.3
pescador version: 1.0.0
tensorflow version: 1.2.1

____________________________________________________________________________________________________
Layer (type)                     Output Shape          Param #     Connected to                     
====================================================================================================
spec_input (InputLayer)          (None, 128, 104, 1)   0                                            
____________________________________________________________________________________________________
spec_bn (BatchNormalization)     (None, 128, 104, 1)   4           spec_input[0][0]                 
____________________________________________________________________________________________________
spec_conv1 (Conv2D)              (None, 128, 104, 24)  624         spec_bn[0][0]                    
____________________________________________________________________________________________________
spec_pool1 (MaxPooling2D)        (None, 64, 26, 24)    0           spec_conv1[0][0]                 
____________________________________________________________________________________________________
bg_input (InputLayer)            (None, 128, 9)        0                                            
____________________________________________________________________________________________________
spec_conv2 (Conv2D)              (None, 64, 26, 48)    28848       spec_pool1[0][0]                 
____________________________________________________________________________________________________
bg_pool (AveragePooling1D)       (None, 32, 9)         0           bg_input[0][0]                   
____________________________________________________________________________________________________
spec_pool2 (MaxPooling2D)        (None, 32, 6, 48)     0           spec_conv2[0][0]                 
____________________________________________________________________________________________________
bg_permute (Permute)             (None, 9, 32)         0           bg_pool[0][0]                    
____________________________________________________________________________________________________
spec_conv3 (Conv2D)              (None, 32, 6, 48)     57648       spec_pool2[0][0]                 
____________________________________________________________________________________________________
bg_conv (Conv1D)                 (None, 9, 8)          264         bg_permute[0][0]                 
____________________________________________________________________________________________________
spec_flatten (Flatten)           (None, 9216)          0           spec_conv3[0][0]                 
____________________________________________________________________________________________________
bg_flatten (Flatten)             (None, 72)            0           bg_conv[0][0]                    
____________________________________________________________________________________________________
spec_dense1 (Dense)              (None, 64)            589888      spec_flatten[0][0]               
____________________________________________________________________________________________________
bg_dense1 (Dense)                (None, 64)            4672        bg_flatten[0][0]                 
____________________________________________________________________________________________________
spec_dense2 (Dense)              (None, 1)             64          spec_dense1[0][0]                
____________________________________________________________________________________________________
bg_dense2 (Dense)                (None, 1)             64          bg_dense1[0][0]                  
____________________________________________________________________________________________________
add (Add)                        (None, 1)             0           spec_dense2[0][0]                
                                                                   bg_dense2[0][0]                  
____________________________________________________________________________________________________
dense (Dense)                    (None, 1)             2           add[0][0]                        
====================================================================================================
Total params: 682,078
Trainable params: 682,076
Non-trainable params: 2
____________________________________________________________________________________________________
         acc      loss   val_acc  val_loss
0   0.964355  0.128427  0.819336  0.377177
1   0.963501  0.115347  0.961060  0.133709
2   0.966919  0.110811  0.788086  0.417682
3   0.972412  0.092090  0.967651  0.113688
4   0.974731  0.090886  0.875000  0.312725
5   0.975464  0.088095  0.771973  0.673800
6   0.979004  0.080056  0.942749  0.174046
7   0.976318  0.084443  0.902588  0.254832
8   0.973755  0.091962  0.969360  0.111455
9   0.978760  0.079242  0.901245  0.249552
10  0.976807  0.077621  0.971680  0.096938
11  0.975342  0.085316  0.898804  0.238859
12  0.977051  0.082589  0.957642  0.134636
13  0.981689  0.070243  0.841797  0.341671
14  0.980225  0.072117  0.975342  0.102219
15  0.981201  0.074777  0.957397  0.127739
16  0.980591  0.074970  0.943726  0.184437
17  0.979492  0.080081  0.970337  0.104656
18  0.983154  0.065187  0.925171  0.190340
19  0.979858  0.072189  0.922974  0.200195
20  0.983154  0.065005  0.957153  0.143947
21  0.981689  0.068932  0.960815  0.135674
22  0.983276  0.062184  0.948364  0.148377
23  0.981323  0.068289  0.955566  0.136357
24  0.984985  0.064430  0.917480  0.209645
25  0.983521  0.070710  0.963745  0.134058
26  0.986206  0.057434  0.973511  0.100976
27  0.985474  0.061853  0.947021  0.157221
28  0.987915  0.054627  0.960815  0.133459
29  0.987305  0.058415  0.968506  0.114338
30  0.989136  0.053585  0.922363  0.225775
31  0.984619  0.061906  0.950439  0.147722

2018-01-19 17:41:58.638877 Finish.
Total elapsed time: 04:13:04.64.
