2018-01-19 13:29:10.893011: W tensorflow/core/platform/cpu_feature_guard.cc:45] The TensorFlow library wasn't compiled to use SSE4.1 instructions, but these are available on your machine and could speed up CPU computations.
2018-01-19 13:29:10.893310: W tensorflow/core/platform/cpu_feature_guard.cc:45] The TensorFlow library wasn't compiled to use SSE4.2 instructions, but these are available on your machine and could speed up CPU computations.
2018-01-19 13:29:10.893332: W tensorflow/core/platform/cpu_feature_guard.cc:45] The TensorFlow library wasn't compiled to use AVX instructions, but these are available on your machine and could speed up CPU computations.
2018-01-19 13:29:10.893342: W tensorflow/core/platform/cpu_feature_guard.cc:45] The TensorFlow library wasn't compiled to use AVX2 instructions, but these are available on your machine and could speed up CPU computations.
2018-01-19 13:29:10.893353: W tensorflow/core/platform/cpu_feature_guard.cc:45] The TensorFlow library wasn't compiled to use FMA instructions, but these are available on your machine and could speed up CPU computations.
Using TensorFlow backend.
2018-01-19 13:28:54.739265 Start.
Training additive context-aware convnet on BirdVox-70k. 
Training set: unit03, unit05, unit07.
Validation set: unit10, unit01.
Test set: unit02.

h5py version: 2.6.0
keras version: 2.0.6
numpy version: 1.13.1
pandas version: 0.20.3
pescador version: 1.0.0
tensorflow version: 1.2.1

____________________________________________________________________________________________________
Layer (type)                     Output Shape          Param #     Connected to                     
====================================================================================================
spec_input (InputLayer)          (None, 128, 104, 1)   0                                            
____________________________________________________________________________________________________
spec_bn (BatchNormalization)     (None, 128, 104, 1)   4           spec_input[0][0]                 
____________________________________________________________________________________________________
spec_conv1 (Conv2D)              (None, 128, 104, 24)  624         spec_bn[0][0]                    
____________________________________________________________________________________________________
spec_pool1 (MaxPooling2D)        (None, 64, 26, 24)    0           spec_conv1[0][0]                 
____________________________________________________________________________________________________
bg_input (InputLayer)            (None, 128, 9)        0                                            
____________________________________________________________________________________________________
spec_conv2 (Conv2D)              (None, 64, 26, 48)    28848       spec_pool1[0][0]                 
____________________________________________________________________________________________________
bg_pool (AveragePooling1D)       (None, 32, 9)         0           bg_input[0][0]                   
____________________________________________________________________________________________________
spec_pool2 (MaxPooling2D)        (None, 32, 6, 48)     0           spec_conv2[0][0]                 
____________________________________________________________________________________________________
bg_permute (Permute)             (None, 9, 32)         0           bg_pool[0][0]                    
____________________________________________________________________________________________________
spec_conv3 (Conv2D)              (None, 32, 6, 48)     57648       spec_pool2[0][0]                 
____________________________________________________________________________________________________
bg_conv (Conv1D)                 (None, 9, 8)          264         bg_permute[0][0]                 
____________________________________________________________________________________________________
spec_flatten (Flatten)           (None, 9216)          0           spec_conv3[0][0]                 
____________________________________________________________________________________________________
bg_flatten (Flatten)             (None, 72)            0           bg_conv[0][0]                    
____________________________________________________________________________________________________
spec_dense1 (Dense)              (None, 64)            589888      spec_flatten[0][0]               
____________________________________________________________________________________________________
bg_dense1 (Dense)                (None, 64)            4672        bg_flatten[0][0]                 
____________________________________________________________________________________________________
spec_dense2 (Dense)              (None, 1)             64          spec_dense1[0][0]                
____________________________________________________________________________________________________
bg_dense2 (Dense)                (None, 1)             64          bg_dense1[0][0]                  
____________________________________________________________________________________________________
add (Add)                        (None, 1)             0           spec_dense2[0][0]                
                                                                   bg_dense2[0][0]                  
____________________________________________________________________________________________________
dense (Dense)                    (None, 1)             2           add[0][0]                        
====================================================================================================
Total params: 682,078
Trainable params: 682,076
Non-trainable params: 2
____________________________________________________________________________________________________
         acc      loss   val_acc  val_loss
0   0.987915  0.059143  0.790039  0.473541
1   0.990112  0.051909  0.727905  0.560034
2   0.991455  0.044198  0.746826  0.717561
3   0.989014  0.055048  0.737061  0.569463
4   0.991821  0.041974  0.708862  0.782289
5   0.991211  0.044299  0.746826  0.832509
6   0.991089  0.041578  0.761597  0.589559
7   0.991699  0.038122  0.726074  0.925070
8   0.992798  0.037956  0.760620  0.566660
9   0.992065  0.040308  0.732178  0.601213
10  0.992920  0.034943  0.741821  0.678443
11  0.992676  0.032576  0.778198  0.580277
12  0.992554  0.036738  0.701782  0.585354
13  0.993652  0.034920  0.753784  0.548175
14  0.994385  0.030608  0.719727  0.545447
15  0.993042  0.035533  0.705322  0.618269
16  0.993164  0.033300  0.705566  1.128120
17  0.994385  0.028597  0.725220  0.764114
18  0.994263  0.030501  0.618530  0.741265
19  0.995483  0.024186  0.716553  0.791846
20  0.994629  0.025984  0.771851  0.673837
21  0.994019  0.030366  0.644653  0.648238
22  0.995483  0.024909  0.705322  0.838705
23  0.993774  0.027622  0.777832  0.541422
24  0.995850  0.020832  0.787354  0.763382
25  0.995728  0.022073  0.708130  0.697572
26  0.994019  0.027382  0.735718  0.700055
27  0.995483  0.023604  0.721802  1.511066
28  0.995850  0.023031  0.605225  0.772847
29  0.994995  0.023852  0.663208  0.726362
30  0.995850  0.022020  0.763672  0.826920
31  0.995361  0.023234  0.744629  0.723873

2018-01-19 17:46:50.450745 Finish.
Total elapsed time: 04:17:56.45.
