2017-12-13 04:14:49.895369: W tensorflow/core/platform/cpu_feature_guard.cc:45] The TensorFlow library wasn't compiled to use SSE4.1 instructions, but these are available on your machine and could speed up CPU computations.
2017-12-13 04:14:49.895657: W tensorflow/core/platform/cpu_feature_guard.cc:45] The TensorFlow library wasn't compiled to use SSE4.2 instructions, but these are available on your machine and could speed up CPU computations.
2017-12-13 04:14:49.895669: W tensorflow/core/platform/cpu_feature_guard.cc:45] The TensorFlow library wasn't compiled to use AVX instructions, but these are available on your machine and could speed up CPU computations.
Using TensorFlow backend.
2017-12-13 04:14:45.190758 Start.
Training additive context-aware convnet on BirdVox-70k. 
Training set: unit10, unit01, unit02.
Validation set: unit03, unit05.
Test set: unit07.

h5py version: 2.6.0
keras version: 2.0.6
numpy version: 1.13.1
pandas version: 0.20.3
pescador version: 1.0.0
tensorflow version: 1.2.1

____________________________________________________________________________________________________
Layer (type)                     Output Shape          Param #     Connected to                     
====================================================================================================
spec_input (InputLayer)          (None, 128, 104, 1)   0                                            
____________________________________________________________________________________________________
spec_bn (BatchNormalization)     (None, 128, 104, 1)   4           spec_input[0][0]                 
____________________________________________________________________________________________________
spec_conv1 (Conv2D)              (None, 128, 104, 24)  624         spec_bn[0][0]                    
____________________________________________________________________________________________________
spec_pool1 (MaxPooling2D)        (None, 64, 26, 24)    0           spec_conv1[0][0]                 
____________________________________________________________________________________________________
bg_input (InputLayer)            (None, 128, 9)        0                                            
____________________________________________________________________________________________________
spec_conv2 (Conv2D)              (None, 64, 26, 48)    28848       spec_pool1[0][0]                 
____________________________________________________________________________________________________
bg_pool (AveragePooling1D)       (None, 32, 9)         0           bg_input[0][0]                   
____________________________________________________________________________________________________
spec_pool2 (MaxPooling2D)        (None, 32, 6, 48)     0           spec_conv2[0][0]                 
____________________________________________________________________________________________________
bg_permute (Permute)             (None, 9, 32)         0           bg_pool[0][0]                    
____________________________________________________________________________________________________
spec_conv3 (Conv2D)              (None, 32, 6, 48)     57648       spec_pool2[0][0]                 
____________________________________________________________________________________________________
bg_conv (Conv1D)                 (None, 9, 8)          264         bg_permute[0][0]                 
____________________________________________________________________________________________________
spec_flatten (Flatten)           (None, 9216)          0           spec_conv3[0][0]                 
____________________________________________________________________________________________________
bg_flatten (Flatten)             (None, 72)            0           bg_conv[0][0]                    
____________________________________________________________________________________________________
spec_dense1 (Dense)              (None, 64)            589888      spec_flatten[0][0]               
____________________________________________________________________________________________________
bg_dense1 (Dense)                (None, 64)            4672        bg_flatten[0][0]                 
____________________________________________________________________________________________________
spec_dense2 (Dense)              (None, 1)             64          spec_dense1[0][0]                
____________________________________________________________________________________________________
bg_dense2 (Dense)                (None, 1)             64          bg_dense1[0][0]                  
____________________________________________________________________________________________________
add (Add)                        (None, 1)             0           spec_dense2[0][0]                
                                                                   bg_dense2[0][0]                  
____________________________________________________________________________________________________
dense (Dense)                    (None, 1)             2           add[0][0]                        
====================================================================================================
Total params: 682,078
Trainable params: 682,076
Non-trainable params: 2
____________________________________________________________________________________________________
         acc      loss   val_acc  val_loss
0   0.940674  0.193106  0.911133  0.239483
1   0.949951  0.165192  0.948242  0.176064
2   0.952759  0.158933  0.962280  0.151330
3   0.951782  0.162103  0.941528  0.199587
4   0.957520  0.148500  0.965454  0.139333
5   0.954346  0.160623  0.951904  0.176165
6   0.958130  0.143124  0.959229  0.144149
7   0.958618  0.149478  0.964600  0.152157
8   0.955933  0.152521  0.969727  0.119207
9   0.959106  0.140071  0.969971  0.125138
10  0.960083  0.140018  0.970459  0.120887
11  0.962280  0.133089  0.977295  0.093436
12  0.963501  0.130335  0.974731  0.103939
13  0.962402  0.130855  0.960693  0.139555
14  0.965088  0.122633  0.976929  0.097740
15  0.964111  0.120961  0.976562  0.094319
16  0.963379  0.125672  0.974976  0.105296
17  0.968872  0.120099  0.972046  0.107799
18  0.969604  0.115772  0.964722  0.128695
19  0.966309  0.123021  0.964355  0.133987
20  0.965454  0.118109  0.969116  0.116563
21  0.966675  0.117944  0.975830  0.098617
22  0.968018  0.119006  0.970459  0.119517
23  0.966187  0.122374  0.969727  0.125473
24  0.964966  0.116488  0.971191  0.119772
25  0.966431  0.120794  0.960205  0.130757
26  0.969971  0.109169  0.958496  0.142518
27  0.970337  0.110411  0.954712  0.151103
28  0.969727  0.108092  0.946411  0.176721
29  0.971558  0.109391  0.970215  0.113422
30  0.967285  0.119954  0.971924  0.105181
31  0.969604  0.111272  0.928955  0.214951

2017-12-13 08:20:07.965906 Finish.
Total elapsed time: 04:05:22.97.
