2018-01-19 13:29:03.489132: W tensorflow/core/platform/cpu_feature_guard.cc:45] The TensorFlow library wasn't compiled to use SSE4.1 instructions, but these are available on your machine and could speed up CPU computations.
2018-01-19 13:29:03.489429: W tensorflow/core/platform/cpu_feature_guard.cc:45] The TensorFlow library wasn't compiled to use SSE4.2 instructions, but these are available on your machine and could speed up CPU computations.
2018-01-19 13:29:03.489450: W tensorflow/core/platform/cpu_feature_guard.cc:45] The TensorFlow library wasn't compiled to use AVX instructions, but these are available on your machine and could speed up CPU computations.
2018-01-19 13:29:03.489460: W tensorflow/core/platform/cpu_feature_guard.cc:45] The TensorFlow library wasn't compiled to use AVX2 instructions, but these are available on your machine and could speed up CPU computations.
2018-01-19 13:29:03.489470: W tensorflow/core/platform/cpu_feature_guard.cc:45] The TensorFlow library wasn't compiled to use FMA instructions, but these are available on your machine and could speed up CPU computations.
Using TensorFlow backend.
2018-01-19 13:28:55.015793 Start.
Training additive context-aware convnet on BirdVox-70k. 
Training set: unit02, unit03, unit05.
Validation set: unit07, unit10.
Test set: unit01.

h5py version: 2.6.0
keras version: 2.0.6
numpy version: 1.13.1
pandas version: 0.20.3
pescador version: 1.0.0
tensorflow version: 1.2.1

____________________________________________________________________________________________________
Layer (type)                     Output Shape          Param #     Connected to                     
====================================================================================================
spec_input (InputLayer)          (None, 128, 104, 1)   0                                            
____________________________________________________________________________________________________
spec_bn (BatchNormalization)     (None, 128, 104, 1)   4           spec_input[0][0]                 
____________________________________________________________________________________________________
spec_conv1 (Conv2D)              (None, 128, 104, 24)  624         spec_bn[0][0]                    
____________________________________________________________________________________________________
spec_pool1 (MaxPooling2D)        (None, 64, 26, 24)    0           spec_conv1[0][0]                 
____________________________________________________________________________________________________
bg_input (InputLayer)            (None, 128, 9)        0                                            
____________________________________________________________________________________________________
spec_conv2 (Conv2D)              (None, 64, 26, 48)    28848       spec_pool1[0][0]                 
____________________________________________________________________________________________________
bg_pool (AveragePooling1D)       (None, 32, 9)         0           bg_input[0][0]                   
____________________________________________________________________________________________________
spec_pool2 (MaxPooling2D)        (None, 32, 6, 48)     0           spec_conv2[0][0]                 
____________________________________________________________________________________________________
bg_permute (Permute)             (None, 9, 32)         0           bg_pool[0][0]                    
____________________________________________________________________________________________________
spec_conv3 (Conv2D)              (None, 32, 6, 48)     57648       spec_pool2[0][0]                 
____________________________________________________________________________________________________
bg_conv (Conv1D)                 (None, 9, 8)          264         bg_permute[0][0]                 
____________________________________________________________________________________________________
spec_flatten (Flatten)           (None, 9216)          0           spec_conv3[0][0]                 
____________________________________________________________________________________________________
bg_flatten (Flatten)             (None, 72)            0           bg_conv[0][0]                    
____________________________________________________________________________________________________
spec_dense1 (Dense)              (None, 64)            589888      spec_flatten[0][0]               
____________________________________________________________________________________________________
bg_dense1 (Dense)                (None, 64)            4672        bg_flatten[0][0]                 
____________________________________________________________________________________________________
spec_dense2 (Dense)              (None, 1)             64          spec_dense1[0][0]                
____________________________________________________________________________________________________
bg_dense2 (Dense)                (None, 1)             64          bg_dense1[0][0]                  
____________________________________________________________________________________________________
add (Add)                        (None, 1)             0           spec_dense2[0][0]                
                                                                   bg_dense2[0][0]                  
____________________________________________________________________________________________________
dense (Dense)                    (None, 1)             2           add[0][0]                        
====================================================================================================
Total params: 682,078
Trainable params: 682,076
Non-trainable params: 2
____________________________________________________________________________________________________
         acc      loss   val_acc  val_loss
0   0.500732  7.959516  0.508667  7.833020
1   0.503052  7.922540  0.503906  7.908917
2   0.503052  7.922540  0.492920  8.084066
3   0.507080  7.858319  0.509155  7.825235
4   0.493896  8.068497  0.499756  7.975085
5   0.509521  7.819397  0.499878  7.973138
6   0.508301  7.838858  0.501221  7.951731
7   0.503052  7.922540  0.505005  7.891403
8   0.508667  7.833020  0.502441  7.932271
9   0.494507  8.058766  0.499146  7.984815
10  0.503540  7.914756  0.503784  7.910864
11  0.505249  7.887510  0.501831  7.942001
12  0.502441  7.932271  0.496460  8.027629
13  0.497925  8.004276  0.502563  7.930324
14  0.500000  7.971192  0.499023  7.986761
15  0.505615  7.881672  0.505859  7.877780
16  0.493774  8.070443  0.502441  7.932271
17  0.515015  7.731823  0.501099  7.953678
18  0.505493  7.883618  0.497559  8.010114
19  0.505737  7.879726  0.509277  7.823289
20  0.497681  8.008168  0.506714  7.864157
21  0.503906  7.908917  0.501953  7.940055
22  0.508545  7.834966  0.503906  7.908917
23  0.500244  7.967300  0.497803  8.006222
24  0.493408  8.076281  0.497437  8.012060
25  0.502319  7.934217  0.501587  7.945893
26  0.502930  7.924486  0.503662  7.912810
27  0.506226  7.871942  0.498047  8.002330
28  0.499390  7.980923  0.499634  7.977031
29  0.499756  7.975085  0.504028  7.906971
30  0.504028  7.906971  0.494629  8.056820
31  0.495117  8.049036  0.495361  8.045144

2018-01-19 17:45:53.490131 Finish.
Total elapsed time: 04:16:58.49.
