2018-01-19 13:29:07.385900: W tensorflow/core/platform/cpu_feature_guard.cc:45] The TensorFlow library wasn't compiled to use SSE4.1 instructions, but these are available on your machine and could speed up CPU computations.
2018-01-19 13:29:07.386200: W tensorflow/core/platform/cpu_feature_guard.cc:45] The TensorFlow library wasn't compiled to use SSE4.2 instructions, but these are available on your machine and could speed up CPU computations.
2018-01-19 13:29:07.386224: W tensorflow/core/platform/cpu_feature_guard.cc:45] The TensorFlow library wasn't compiled to use AVX instructions, but these are available on your machine and could speed up CPU computations.
2018-01-19 13:29:07.386233: W tensorflow/core/platform/cpu_feature_guard.cc:45] The TensorFlow library wasn't compiled to use AVX2 instructions, but these are available on your machine and could speed up CPU computations.
2018-01-19 13:29:07.386243: W tensorflow/core/platform/cpu_feature_guard.cc:45] The TensorFlow library wasn't compiled to use FMA instructions, but these are available on your machine and could speed up CPU computations.
Using TensorFlow backend.
2018-01-19 13:28:55.014779 Start.
Training additive context-aware convnet on BirdVox-70k. 
Training set: unit05, unit07, unit10.
Validation set: unit01, unit02.
Test set: unit03.

h5py version: 2.6.0
keras version: 2.0.6
numpy version: 1.13.1
pandas version: 0.20.3
pescador version: 1.0.0
tensorflow version: 1.2.1

____________________________________________________________________________________________________
Layer (type)                     Output Shape          Param #     Connected to                     
====================================================================================================
spec_input (InputLayer)          (None, 128, 104, 1)   0                                            
____________________________________________________________________________________________________
spec_bn (BatchNormalization)     (None, 128, 104, 1)   4           spec_input[0][0]                 
____________________________________________________________________________________________________
spec_conv1 (Conv2D)              (None, 128, 104, 24)  624         spec_bn[0][0]                    
____________________________________________________________________________________________________
spec_pool1 (MaxPooling2D)        (None, 64, 26, 24)    0           spec_conv1[0][0]                 
____________________________________________________________________________________________________
bg_input (InputLayer)            (None, 128, 9)        0                                            
____________________________________________________________________________________________________
spec_conv2 (Conv2D)              (None, 64, 26, 48)    28848       spec_pool1[0][0]                 
____________________________________________________________________________________________________
bg_pool (AveragePooling1D)       (None, 32, 9)         0           bg_input[0][0]                   
____________________________________________________________________________________________________
spec_pool2 (MaxPooling2D)        (None, 32, 6, 48)     0           spec_conv2[0][0]                 
____________________________________________________________________________________________________
bg_permute (Permute)             (None, 9, 32)         0           bg_pool[0][0]                    
____________________________________________________________________________________________________
spec_conv3 (Conv2D)              (None, 32, 6, 48)     57648       spec_pool2[0][0]                 
____________________________________________________________________________________________________
bg_conv (Conv1D)                 (None, 9, 8)          264         bg_permute[0][0]                 
____________________________________________________________________________________________________
spec_flatten (Flatten)           (None, 9216)          0           spec_conv3[0][0]                 
____________________________________________________________________________________________________
bg_flatten (Flatten)             (None, 72)            0           bg_conv[0][0]                    
____________________________________________________________________________________________________
spec_dense1 (Dense)              (None, 64)            589888      spec_flatten[0][0]               
____________________________________________________________________________________________________
bg_dense1 (Dense)                (None, 64)            4672        bg_flatten[0][0]                 
____________________________________________________________________________________________________
spec_dense2 (Dense)              (None, 1)             64          spec_dense1[0][0]                
____________________________________________________________________________________________________
bg_dense2 (Dense)                (None, 1)             64          bg_dense1[0][0]                  
____________________________________________________________________________________________________
add (Add)                        (None, 1)             0           spec_dense2[0][0]                
                                                                   bg_dense2[0][0]                  
____________________________________________________________________________________________________
dense (Dense)                    (None, 1)             2           add[0][0]                        
====================================================================================================
Total params: 682,078
Trainable params: 682,076
Non-trainable params: 2
____________________________________________________________________________________________________
         acc      loss   val_acc  val_loss
0   0.979492  0.098512  0.723633  0.987399
1   0.984131  0.081020  0.774780  0.783626
2   0.983032  0.077130  0.783325  0.648243
3   0.987183  0.064505  0.801636  0.584984
4   0.988525  0.062460  0.767334  0.852738
5   0.984985  0.071275  0.762329  0.824817
6   0.983276  0.079601  0.802612  0.683291
7   0.988403  0.062046  0.803223  0.706058
8   0.986450  0.069171  0.834717  0.535952
9   0.990356  0.049587  0.809448  0.856137
10  0.988281  0.058380  0.843506  0.578534
11  0.990601  0.051039  0.864136  0.450922
12  0.988403  0.057314  0.804688  0.666602
13  0.989746  0.059129  0.844971  0.510611
14  0.989746  0.057252  0.821899  0.640629
15  0.991211  0.049253  0.841309  0.509993
16  0.990356  0.054725  0.794434  0.810325
17  0.992798  0.051185  0.825195  0.804868
18  0.991577  0.051193  0.779663  0.788383
19  0.992065  0.049790  0.819702  0.638598
20  0.992432  0.045146  0.799561  0.758487
21  0.992676  0.044981  0.839844  0.496825
22  0.992188  0.045024  0.833496  0.755415
23  0.994507  0.040148  0.790527  0.761842
24  0.993408  0.040096  0.837158  0.585535
25  0.993652  0.039363  0.881958  0.443376
26  0.994507  0.038134  0.793213  1.010744
27  0.994507  0.037901  0.800659  0.970234
28  0.994141  0.035844  0.754395  1.159435
29  0.994263  0.034735  0.842896  0.638304
30  0.994751  0.034342  0.817261  0.850804
31  0.994019  0.037320  0.792480  1.351347

2018-01-19 17:45:56.356335 Finish.
Total elapsed time: 04:17:01.36.
