2018-01-19 13:29:07.191639: W tensorflow/core/platform/cpu_feature_guard.cc:45] The TensorFlow library wasn't compiled to use SSE4.1 instructions, but these are available on your machine and could speed up CPU computations.
2018-01-19 13:29:07.191951: W tensorflow/core/platform/cpu_feature_guard.cc:45] The TensorFlow library wasn't compiled to use SSE4.2 instructions, but these are available on your machine and could speed up CPU computations.
2018-01-19 13:29:07.191972: W tensorflow/core/platform/cpu_feature_guard.cc:45] The TensorFlow library wasn't compiled to use AVX instructions, but these are available on your machine and could speed up CPU computations.
2018-01-19 13:29:07.191982: W tensorflow/core/platform/cpu_feature_guard.cc:45] The TensorFlow library wasn't compiled to use AVX2 instructions, but these are available on your machine and could speed up CPU computations.
2018-01-19 13:29:07.191991: W tensorflow/core/platform/cpu_feature_guard.cc:45] The TensorFlow library wasn't compiled to use FMA instructions, but these are available on your machine and could speed up CPU computations.
Using TensorFlow backend.
2018-01-19 13:28:54.737946 Start.
Training additive context-aware convnet on BirdVox-70k. 
Training set: unit07, unit10, unit01.
Validation set: unit02, unit03.
Test set: unit05.

h5py version: 2.6.0
keras version: 2.0.6
numpy version: 1.13.1
pandas version: 0.20.3
pescador version: 1.0.0
tensorflow version: 1.2.1

____________________________________________________________________________________________________
Layer (type)                     Output Shape          Param #     Connected to                     
====================================================================================================
spec_input (InputLayer)          (None, 128, 104, 1)   0                                            
____________________________________________________________________________________________________
spec_bn (BatchNormalization)     (None, 128, 104, 1)   4           spec_input[0][0]                 
____________________________________________________________________________________________________
spec_conv1 (Conv2D)              (None, 128, 104, 24)  624         spec_bn[0][0]                    
____________________________________________________________________________________________________
spec_pool1 (MaxPooling2D)        (None, 64, 26, 24)    0           spec_conv1[0][0]                 
____________________________________________________________________________________________________
bg_input (InputLayer)            (None, 128, 9)        0                                            
____________________________________________________________________________________________________
spec_conv2 (Conv2D)              (None, 64, 26, 48)    28848       spec_pool1[0][0]                 
____________________________________________________________________________________________________
bg_pool (AveragePooling1D)       (None, 32, 9)         0           bg_input[0][0]                   
____________________________________________________________________________________________________
spec_pool2 (MaxPooling2D)        (None, 32, 6, 48)     0           spec_conv2[0][0]                 
____________________________________________________________________________________________________
bg_permute (Permute)             (None, 9, 32)         0           bg_pool[0][0]                    
____________________________________________________________________________________________________
spec_conv3 (Conv2D)              (None, 32, 6, 48)     57648       spec_pool2[0][0]                 
____________________________________________________________________________________________________
bg_conv (Conv1D)                 (None, 9, 8)          264         bg_permute[0][0]                 
____________________________________________________________________________________________________
spec_flatten (Flatten)           (None, 9216)          0           spec_conv3[0][0]                 
____________________________________________________________________________________________________
bg_flatten (Flatten)             (None, 72)            0           bg_conv[0][0]                    
____________________________________________________________________________________________________
spec_dense1 (Dense)              (None, 64)            589888      spec_flatten[0][0]               
____________________________________________________________________________________________________
bg_dense1 (Dense)                (None, 64)            4672        bg_flatten[0][0]                 
____________________________________________________________________________________________________
spec_dense2 (Dense)              (None, 1)             64          spec_dense1[0][0]                
____________________________________________________________________________________________________
bg_dense2 (Dense)                (None, 1)             64          bg_dense1[0][0]                  
____________________________________________________________________________________________________
add (Add)                        (None, 1)             0           spec_dense2[0][0]                
                                                                   bg_dense2[0][0]                  
____________________________________________________________________________________________________
dense (Dense)                    (None, 1)             2           add[0][0]                        
====================================================================================================
Total params: 682,078
Trainable params: 682,076
Non-trainable params: 2
____________________________________________________________________________________________________
         acc      loss   val_acc  val_loss
0   0.506958  7.946898  0.494507  8.147587
1   0.492798  8.175133  0.504272  7.990184
2   0.497925  8.092496  0.499268  8.070853
3   0.499268  8.070853  0.502319  8.021665
4   0.489990  8.220386  0.502197  8.023632
5   0.491333  8.198743  0.494263  8.151522
6   0.507446  7.939028  0.496948  8.108236
7   0.506470  7.954768  0.503052  8.009859
8   0.504517  7.986249  0.498657  8.080691
9   0.497437  8.100366  0.498169  8.088561
10  0.508301  7.925255  0.510132  7.895742
11  0.494629  8.145620  0.507812  7.933125
12  0.504150  7.992151  0.495361  8.133814
13  0.494873  8.141685  0.498413  8.084626
14  0.497925  8.092496  0.498657  8.080691
15  0.507446  7.939028  0.504517  7.986249
16  0.504517  7.986249  0.498901  8.076756
17  0.497925  8.092496  0.504517  7.986249
18  0.507568  7.937060  0.498657  8.080691
19  0.494507  8.147587  0.496094  8.122009
20  0.496094  8.122009  0.490356  8.214484
21  0.503174  8.007892  0.495850  8.125944
22  0.507568  7.937060  0.497070  8.106269
23  0.507690  7.935093  0.498901  8.076756
24  0.497681  8.096431  0.497437  8.100366
25  0.496338  8.118074  0.503540  8.001989
26  0.495239  8.135782  0.504395  7.988216
27  0.502563  8.017729  0.503540  8.001989
28  0.496948  8.108236  0.495850  8.125944
29  0.500732  8.047243  0.498047  8.090528
30  0.498413  8.084626  0.495483  8.131847
31  0.499146  8.072821  0.498657  8.080691

2018-01-19 17:47:25.385876 Finish.
Total elapsed time: 04:18:31.39.
