2018-01-19 13:29:07.404993: W tensorflow/core/platform/cpu_feature_guard.cc:45] The TensorFlow library wasn't compiled to use SSE4.1 instructions, but these are available on your machine and could speed up CPU computations.
2018-01-19 13:29:07.405223: W tensorflow/core/platform/cpu_feature_guard.cc:45] The TensorFlow library wasn't compiled to use SSE4.2 instructions, but these are available on your machine and could speed up CPU computations.
2018-01-19 13:29:07.405242: W tensorflow/core/platform/cpu_feature_guard.cc:45] The TensorFlow library wasn't compiled to use AVX instructions, but these are available on your machine and could speed up CPU computations.
2018-01-19 13:29:07.405251: W tensorflow/core/platform/cpu_feature_guard.cc:45] The TensorFlow library wasn't compiled to use AVX2 instructions, but these are available on your machine and could speed up CPU computations.
2018-01-19 13:29:07.405260: W tensorflow/core/platform/cpu_feature_guard.cc:45] The TensorFlow library wasn't compiled to use FMA instructions, but these are available on your machine and could speed up CPU computations.
Using TensorFlow backend.
2018-01-19 13:28:54.742678 Start.
Training additive context-aware convnet on BirdVox-70k. 
Training set: unit07, unit10, unit01.
Validation set: unit02, unit03.
Test set: unit05.

h5py version: 2.6.0
keras version: 2.0.6
numpy version: 1.13.1
pandas version: 0.20.3
pescador version: 1.0.0
tensorflow version: 1.2.1

____________________________________________________________________________________________________
Layer (type)                     Output Shape          Param #     Connected to                     
====================================================================================================
spec_input (InputLayer)          (None, 128, 104, 1)   0                                            
____________________________________________________________________________________________________
spec_bn (BatchNormalization)     (None, 128, 104, 1)   4           spec_input[0][0]                 
____________________________________________________________________________________________________
spec_conv1 (Conv2D)              (None, 128, 104, 24)  624         spec_bn[0][0]                    
____________________________________________________________________________________________________
spec_pool1 (MaxPooling2D)        (None, 64, 26, 24)    0           spec_conv1[0][0]                 
____________________________________________________________________________________________________
bg_input (InputLayer)            (None, 128, 9)        0                                            
____________________________________________________________________________________________________
spec_conv2 (Conv2D)              (None, 64, 26, 48)    28848       spec_pool1[0][0]                 
____________________________________________________________________________________________________
bg_pool (AveragePooling1D)       (None, 32, 9)         0           bg_input[0][0]                   
____________________________________________________________________________________________________
spec_pool2 (MaxPooling2D)        (None, 32, 6, 48)     0           spec_conv2[0][0]                 
____________________________________________________________________________________________________
bg_permute (Permute)             (None, 9, 32)         0           bg_pool[0][0]                    
____________________________________________________________________________________________________
spec_conv3 (Conv2D)              (None, 32, 6, 48)     57648       spec_pool2[0][0]                 
____________________________________________________________________________________________________
bg_conv (Conv1D)                 (None, 9, 8)          264         bg_permute[0][0]                 
____________________________________________________________________________________________________
spec_flatten (Flatten)           (None, 9216)          0           spec_conv3[0][0]                 
____________________________________________________________________________________________________
bg_flatten (Flatten)             (None, 72)            0           bg_conv[0][0]                    
____________________________________________________________________________________________________
spec_dense1 (Dense)              (None, 64)            589888      spec_flatten[0][0]               
____________________________________________________________________________________________________
bg_dense1 (Dense)                (None, 64)            4672        bg_flatten[0][0]                 
____________________________________________________________________________________________________
spec_dense2 (Dense)              (None, 1)             64          spec_dense1[0][0]                
____________________________________________________________________________________________________
bg_dense2 (Dense)                (None, 1)             64          bg_dense1[0][0]                  
____________________________________________________________________________________________________
add (Add)                        (None, 1)             0           spec_dense2[0][0]                
                                                                   bg_dense2[0][0]                  
____________________________________________________________________________________________________
dense (Dense)                    (None, 1)             2           add[0][0]                        
====================================================================================================
Total params: 682,078
Trainable params: 682,076
Non-trainable params: 2
____________________________________________________________________________________________________
         acc      loss   val_acc  val_loss
0   0.493530  8.074335  0.501831  7.942001
1   0.508057  7.842750  0.496826  8.021791
2   0.495605  8.041252  0.498047  8.002330
3   0.490356  8.124934  0.503540  7.914756
4   0.505493  7.883618  0.499878  7.973138
5   0.501465  7.947839  0.489380  8.140502
6   0.495605  8.041252  0.494873  8.052928
7   0.491699  8.103527  0.504639  7.897241
8   0.489380  8.140502  0.505249  7.887510
9   0.501953  7.940055  0.507202  7.856373
10  0.497681  8.008168  0.502441  7.932271
11  0.491943  8.099634  0.504639  7.897241
12  0.502197  7.936163  0.493774  8.070443
13  0.499756  7.975085  0.503418  7.916702
14  0.497070  8.017899  0.498291  7.998438
15  0.494629  8.056820  0.504272  7.903079
16  0.492188  8.095742  0.494507  8.058766
17  0.499268  7.982869  0.496826  8.021791
18  0.495117  8.049036  0.494141  8.064605
19  0.505249  7.887510  0.499268  7.982869
20  0.494141  8.064605  0.500244  7.967300
21  0.492554  8.089904  0.494507  8.058766
22  0.505493  7.883618  0.509644  7.817451
23  0.505127  7.889457  0.498169  8.000384
24  0.500366  7.965354  0.500488  7.963408
25  0.508789  7.831074  0.514526  7.739607
26  0.495117  8.049036  0.493408  8.076281
27  0.499023  7.986761  0.505371  7.885564
28  0.494507  8.058766  0.492676  8.087958
29  0.491821  8.101580  0.503174  7.920594
30  0.494995  8.050982  0.506592  7.866103
31  0.505615  7.881672  0.502075  7.938109

2018-01-19 17:48:17.115667 Finish.
Total elapsed time: 04:19:23.12.
