2018-01-19 13:29:08.213935: W tensorflow/core/platform/cpu_feature_guard.cc:45] The TensorFlow library wasn't compiled to use SSE4.1 instructions, but these are available on your machine and could speed up CPU computations.
2018-01-19 13:29:08.214195: W tensorflow/core/platform/cpu_feature_guard.cc:45] The TensorFlow library wasn't compiled to use SSE4.2 instructions, but these are available on your machine and could speed up CPU computations.
2018-01-19 13:29:08.214218: W tensorflow/core/platform/cpu_feature_guard.cc:45] The TensorFlow library wasn't compiled to use AVX instructions, but these are available on your machine and could speed up CPU computations.
2018-01-19 13:29:08.214228: W tensorflow/core/platform/cpu_feature_guard.cc:45] The TensorFlow library wasn't compiled to use AVX2 instructions, but these are available on your machine and could speed up CPU computations.
2018-01-19 13:29:08.214238: W tensorflow/core/platform/cpu_feature_guard.cc:45] The TensorFlow library wasn't compiled to use FMA instructions, but these are available on your machine and could speed up CPU computations.
Using TensorFlow backend.
2018-01-19 13:28:54.738715 Start.
Training additive context-aware convnet on BirdVox-70k. 
Training set: unit05, unit07, unit10.
Validation set: unit01, unit02.
Test set: unit03.

h5py version: 2.6.0
keras version: 2.0.6
numpy version: 1.13.1
pandas version: 0.20.3
pescador version: 1.0.0
tensorflow version: 1.2.1

____________________________________________________________________________________________________
Layer (type)                     Output Shape          Param #     Connected to                     
====================================================================================================
spec_input (InputLayer)          (None, 128, 104, 1)   0                                            
____________________________________________________________________________________________________
spec_bn (BatchNormalization)     (None, 128, 104, 1)   4           spec_input[0][0]                 
____________________________________________________________________________________________________
spec_conv1 (Conv2D)              (None, 128, 104, 24)  624         spec_bn[0][0]                    
____________________________________________________________________________________________________
spec_pool1 (MaxPooling2D)        (None, 64, 26, 24)    0           spec_conv1[0][0]                 
____________________________________________________________________________________________________
bg_input (InputLayer)            (None, 128, 9)        0                                            
____________________________________________________________________________________________________
spec_conv2 (Conv2D)              (None, 64, 26, 48)    28848       spec_pool1[0][0]                 
____________________________________________________________________________________________________
bg_pool (AveragePooling1D)       (None, 32, 9)         0           bg_input[0][0]                   
____________________________________________________________________________________________________
spec_pool2 (MaxPooling2D)        (None, 32, 6, 48)     0           spec_conv2[0][0]                 
____________________________________________________________________________________________________
bg_permute (Permute)             (None, 9, 32)         0           bg_pool[0][0]                    
____________________________________________________________________________________________________
spec_conv3 (Conv2D)              (None, 32, 6, 48)     57648       spec_pool2[0][0]                 
____________________________________________________________________________________________________
bg_conv (Conv1D)                 (None, 9, 8)          264         bg_permute[0][0]                 
____________________________________________________________________________________________________
spec_flatten (Flatten)           (None, 9216)          0           spec_conv3[0][0]                 
____________________________________________________________________________________________________
bg_flatten (Flatten)             (None, 72)            0           bg_conv[0][0]                    
____________________________________________________________________________________________________
spec_dense1 (Dense)              (None, 64)            589888      spec_flatten[0][0]               
____________________________________________________________________________________________________
bg_dense1 (Dense)                (None, 64)            4672        bg_flatten[0][0]                 
____________________________________________________________________________________________________
spec_dense2 (Dense)              (None, 1)             64          spec_dense1[0][0]                
____________________________________________________________________________________________________
bg_dense2 (Dense)                (None, 1)             64          bg_dense1[0][0]                  
____________________________________________________________________________________________________
add (Add)                        (None, 1)             0           spec_dense2[0][0]                
                                                                   bg_dense2[0][0]                  
____________________________________________________________________________________________________
dense (Dense)                    (None, 1)             2           add[0][0]                        
====================================================================================================
Total params: 682,078
Trainable params: 682,076
Non-trainable params: 2
____________________________________________________________________________________________________
         acc      loss   val_acc  val_loss
0   0.985474  0.074272  0.694336  1.327448
1   0.988037  0.067609  0.706055  1.000637
2   0.990356  0.054695  0.701538  1.867914
3   0.988159  0.069024  0.723511  1.259277
4   0.991455  0.053188  0.768311  0.568624
5   0.992188  0.045644  0.733521  1.074085
6   0.990112  0.053802  0.741333  1.045055
7   0.989746  0.057141  0.714722  1.992979
8   0.993408  0.041236  0.722412  1.556566
9   0.992554  0.046434  0.761597  0.985659
10  0.992920  0.041928  0.660522  1.888670
11  0.993774  0.041925  0.736084  1.565962
12  0.994385  0.038535  0.761963  1.176737
13  0.993774  0.040895  0.738037  1.451038
14  0.993896  0.038530  0.738403  1.483896
15  0.994019  0.038323  0.772705  1.319618
16  0.995972  0.031293  0.732544  1.690507
17  0.996094  0.026568  0.747925  1.831083
18  0.995850  0.026888  0.753662  1.265333
19  0.992798  0.038005  0.743896  1.513017
20  0.995728  0.028475  0.712769  1.965924
21  0.994629  0.035082  0.758423  1.641972
22  0.995361  0.032538  0.742676  1.364246
23  0.996582  0.026585  0.732422  1.355013
24  0.995239  0.027850  0.750000  1.615685
25  0.996460  0.027262  0.764893  1.318761
26  0.997437  0.023075  0.771606  1.413276
27  0.996094  0.025776  0.785156  1.280504
28  0.995239  0.034175  0.755371  1.489814
29  0.996216  0.031101  0.775391  1.050527
30  0.997192  0.025327  0.775146  1.534035
31  0.997070  0.023680  0.755127  1.337240

2018-01-19 17:48:13.607081 Finish.
Total elapsed time: 04:19:19.61.
