2018-01-19 13:29:11.860820: W tensorflow/core/platform/cpu_feature_guard.cc:45] The TensorFlow library wasn't compiled to use SSE4.1 instructions, but these are available on your machine and could speed up CPU computations.
2018-01-19 13:29:11.861088: W tensorflow/core/platform/cpu_feature_guard.cc:45] The TensorFlow library wasn't compiled to use SSE4.2 instructions, but these are available on your machine and could speed up CPU computations.
2018-01-19 13:29:11.861109: W tensorflow/core/platform/cpu_feature_guard.cc:45] The TensorFlow library wasn't compiled to use AVX instructions, but these are available on your machine and could speed up CPU computations.
2018-01-19 13:29:11.861117: W tensorflow/core/platform/cpu_feature_guard.cc:45] The TensorFlow library wasn't compiled to use AVX2 instructions, but these are available on your machine and could speed up CPU computations.
2018-01-19 13:29:11.861126: W tensorflow/core/platform/cpu_feature_guard.cc:45] The TensorFlow library wasn't compiled to use FMA instructions, but these are available on your machine and could speed up CPU computations.
Using TensorFlow backend.
2018-01-19 13:28:54.617702 Start.
Training additive context-aware convnet on BirdVox-70k. 
Training set: unit01, unit02, unit03.
Validation set: unit05, unit07.
Test set: unit10.

h5py version: 2.6.0
keras version: 2.0.6
numpy version: 1.13.1
pandas version: 0.20.3
pescador version: 1.0.0
tensorflow version: 1.2.1

____________________________________________________________________________________________________
Layer (type)                     Output Shape          Param #     Connected to                     
====================================================================================================
spec_input (InputLayer)          (None, 128, 104, 1)   0                                            
____________________________________________________________________________________________________
spec_bn (BatchNormalization)     (None, 128, 104, 1)   4           spec_input[0][0]                 
____________________________________________________________________________________________________
spec_conv1 (Conv2D)              (None, 128, 104, 24)  624         spec_bn[0][0]                    
____________________________________________________________________________________________________
spec_pool1 (MaxPooling2D)        (None, 64, 26, 24)    0           spec_conv1[0][0]                 
____________________________________________________________________________________________________
bg_input (InputLayer)            (None, 128, 9)        0                                            
____________________________________________________________________________________________________
spec_conv2 (Conv2D)              (None, 64, 26, 48)    28848       spec_pool1[0][0]                 
____________________________________________________________________________________________________
bg_pool (AveragePooling1D)       (None, 32, 9)         0           bg_input[0][0]                   
____________________________________________________________________________________________________
spec_pool2 (MaxPooling2D)        (None, 32, 6, 48)     0           spec_conv2[0][0]                 
____________________________________________________________________________________________________
bg_permute (Permute)             (None, 9, 32)         0           bg_pool[0][0]                    
____________________________________________________________________________________________________
spec_conv3 (Conv2D)              (None, 32, 6, 48)     57648       spec_pool2[0][0]                 
____________________________________________________________________________________________________
bg_conv (Conv1D)                 (None, 9, 8)          264         bg_permute[0][0]                 
____________________________________________________________________________________________________
spec_flatten (Flatten)           (None, 9216)          0           spec_conv3[0][0]                 
____________________________________________________________________________________________________
bg_flatten (Flatten)             (None, 72)            0           bg_conv[0][0]                    
____________________________________________________________________________________________________
spec_dense1 (Dense)              (None, 64)            589888      spec_flatten[0][0]               
____________________________________________________________________________________________________
bg_dense1 (Dense)                (None, 64)            4672        bg_flatten[0][0]                 
____________________________________________________________________________________________________
spec_dense2 (Dense)              (None, 1)             64          spec_dense1[0][0]                
____________________________________________________________________________________________________
bg_dense2 (Dense)                (None, 1)             64          bg_dense1[0][0]                  
____________________________________________________________________________________________________
add (Add)                        (None, 1)             0           spec_dense2[0][0]                
                                                                   bg_dense2[0][0]                  
____________________________________________________________________________________________________
dense (Dense)                    (None, 1)             2           add[0][0]                        
====================================================================================================
Total params: 682,078
Trainable params: 682,076
Non-trainable params: 2
____________________________________________________________________________________________________
         acc      loss   val_acc  val_loss
0   0.962280  0.115751  0.893188  0.259911
1   0.966187  0.107136  0.846924  0.327967
2   0.970825  0.095812  0.946899  0.172152
3   0.973145  0.092423  0.933716  0.187579
4   0.973999  0.088760  0.915894  0.208158
5   0.971558  0.084817  0.973999  0.095948
6   0.974121  0.083114  0.846680  0.376954
7   0.975708  0.080234  0.741821  0.542057
8   0.977539  0.078664  0.856323  0.324362
9   0.980469  0.072110  0.903564  0.231553
10  0.977417  0.072385  0.918091  0.210915
11  0.980347  0.069033  0.880859  0.274444
12  0.979126  0.074040  0.885620  0.272162
13  0.976196  0.079736  0.918945  0.207480
14  0.983032  0.063934  0.829834  0.376764
15  0.982178  0.067166  0.872925  0.289429
16  0.984253  0.064013  0.875977  0.310124
17  0.980957  0.067532  0.899170  0.242810
18  0.983521  0.061798  0.910889  0.240833
19  0.984375  0.060394  0.945679  0.152139
20  0.982910  0.060732  0.957520  0.130758
21  0.984863  0.058448  0.799316  0.444996
22  0.988525  0.052587  0.928833  0.197677
23  0.986328  0.054777  0.923096  0.202751
24  0.987061  0.053379  0.936401  0.178219
25  0.986938  0.051803  0.946533  0.162926
26  0.987671  0.057245  0.878418  0.318854
27  0.990112  0.046585  0.918945  0.228722
28  0.987915  0.049449  0.877075  0.339322
29  0.988037  0.048822  0.918701  0.230712
30  0.993164  0.041339  0.927368  0.194485
31  0.990234  0.048494  0.837402  0.472068

2018-01-19 17:37:27.929319 Finish.
Total elapsed time: 04:08:33.93.
