2018-01-19 13:29:10.907107: W tensorflow/core/platform/cpu_feature_guard.cc:45] The TensorFlow library wasn't compiled to use SSE4.1 instructions, but these are available on your machine and could speed up CPU computations.
2018-01-19 13:29:10.907388: W tensorflow/core/platform/cpu_feature_guard.cc:45] The TensorFlow library wasn't compiled to use SSE4.2 instructions, but these are available on your machine and could speed up CPU computations.
2018-01-19 13:29:10.907411: W tensorflow/core/platform/cpu_feature_guard.cc:45] The TensorFlow library wasn't compiled to use AVX instructions, but these are available on your machine and could speed up CPU computations.
2018-01-19 13:29:10.907422: W tensorflow/core/platform/cpu_feature_guard.cc:45] The TensorFlow library wasn't compiled to use AVX2 instructions, but these are available on your machine and could speed up CPU computations.
2018-01-19 13:29:10.907432: W tensorflow/core/platform/cpu_feature_guard.cc:45] The TensorFlow library wasn't compiled to use FMA instructions, but these are available on your machine and could speed up CPU computations.
Using TensorFlow backend.
2018-01-19 13:28:55.015865 Start.
Training additive context-aware convnet on BirdVox-70k. 
Training set: unit01, unit02, unit03.
Validation set: unit05, unit07.
Test set: unit10.

h5py version: 2.6.0
keras version: 2.0.6
numpy version: 1.13.1
pandas version: 0.20.3
pescador version: 1.0.0
tensorflow version: 1.2.1

____________________________________________________________________________________________________
Layer (type)                     Output Shape          Param #     Connected to                     
====================================================================================================
spec_input (InputLayer)          (None, 128, 104, 1)   0                                            
____________________________________________________________________________________________________
spec_bn (BatchNormalization)     (None, 128, 104, 1)   4           spec_input[0][0]                 
____________________________________________________________________________________________________
spec_conv1 (Conv2D)              (None, 128, 104, 24)  624         spec_bn[0][0]                    
____________________________________________________________________________________________________
spec_pool1 (MaxPooling2D)        (None, 64, 26, 24)    0           spec_conv1[0][0]                 
____________________________________________________________________________________________________
bg_input (InputLayer)            (None, 128, 9)        0                                            
____________________________________________________________________________________________________
spec_conv2 (Conv2D)              (None, 64, 26, 48)    28848       spec_pool1[0][0]                 
____________________________________________________________________________________________________
bg_pool (AveragePooling1D)       (None, 32, 9)         0           bg_input[0][0]                   
____________________________________________________________________________________________________
spec_pool2 (MaxPooling2D)        (None, 32, 6, 48)     0           spec_conv2[0][0]                 
____________________________________________________________________________________________________
bg_permute (Permute)             (None, 9, 32)         0           bg_pool[0][0]                    
____________________________________________________________________________________________________
spec_conv3 (Conv2D)              (None, 32, 6, 48)     57648       spec_pool2[0][0]                 
____________________________________________________________________________________________________
bg_conv (Conv1D)                 (None, 9, 8)          264         bg_permute[0][0]                 
____________________________________________________________________________________________________
spec_flatten (Flatten)           (None, 9216)          0           spec_conv3[0][0]                 
____________________________________________________________________________________________________
bg_flatten (Flatten)             (None, 72)            0           bg_conv[0][0]                    
____________________________________________________________________________________________________
spec_dense1 (Dense)              (None, 64)            589888      spec_flatten[0][0]               
____________________________________________________________________________________________________
bg_dense1 (Dense)                (None, 64)            4672        bg_flatten[0][0]                 
____________________________________________________________________________________________________
spec_dense2 (Dense)              (None, 1)             64          spec_dense1[0][0]                
____________________________________________________________________________________________________
bg_dense2 (Dense)                (None, 1)             64          bg_dense1[0][0]                  
____________________________________________________________________________________________________
add (Add)                        (None, 1)             0           spec_dense2[0][0]                
                                                                   bg_dense2[0][0]                  
____________________________________________________________________________________________________
dense (Dense)                    (None, 1)             2           add[0][0]                        
====================================================================================================
Total params: 682,078
Trainable params: 682,076
Non-trainable params: 2
____________________________________________________________________________________________________
         acc      loss   val_acc  val_loss
0   0.496582  8.027593  0.502441  7.933622
1   0.502197  7.937153  0.499512  7.979672
2   0.494263  8.063164  0.501587  7.946244
3   0.500610  7.961715  0.500488  7.963581
4   0.494263  8.109721  0.499390  8.171549
5   0.504272  8.055232  0.505981  8.003822
6   0.502319  8.051012  0.498779  8.099018
7   0.500610  8.064081  0.505737  7.977107
8   0.490479  8.220293  0.493530  8.168863
9   0.502441  8.023777  0.496094  8.124673
10  0.692017  1.127857  0.698486  0.658623
11  0.934692  0.210382  0.887207  0.244373
12  0.951538  0.160802  0.918945  0.224611
13  0.956909  0.137091  0.906006  0.233934
14  0.956909  0.136020  0.945923  0.159805
15  0.961304  0.121378  0.934082  0.160331
16  0.963989  0.112652  0.879272  0.299286
17  0.968018  0.103322  0.928711  0.189066
18  0.967896  0.107961  0.920166  0.195112
19  0.971802  0.094406  0.874146  0.312426
20  0.973145  0.091130  0.960083  0.127710
21  0.970093  0.103714  0.952515  0.145466
22  0.973389  0.088845  0.954102  0.131288
23  0.973999  0.091402  0.943359  0.150877
24  0.974121  0.087071  0.954102  0.129029
25  0.973022  0.091499  0.919800  0.220960
26  0.979370  0.083029  0.969971  0.094599
27  0.979126  0.080784  0.924805  0.204817
28  0.977783  0.079721  0.959839  0.118118
29  0.978394  0.079506  0.943726  0.159349
30  0.980225  0.068835  0.881836  0.329565
31  0.978516  0.072960  0.961670  0.117305

2018-01-19 17:45:48.502165 Finish.
Total elapsed time: 04:16:53.50.
