2018-01-19 13:29:03.335552: W tensorflow/core/platform/cpu_feature_guard.cc:45] The TensorFlow library wasn't compiled to use SSE4.1 instructions, but these are available on your machine and could speed up CPU computations.
2018-01-19 13:29:03.335871: W tensorflow/core/platform/cpu_feature_guard.cc:45] The TensorFlow library wasn't compiled to use SSE4.2 instructions, but these are available on your machine and could speed up CPU computations.
2018-01-19 13:29:03.335893: W tensorflow/core/platform/cpu_feature_guard.cc:45] The TensorFlow library wasn't compiled to use AVX instructions, but these are available on your machine and could speed up CPU computations.
2018-01-19 13:29:03.335902: W tensorflow/core/platform/cpu_feature_guard.cc:45] The TensorFlow library wasn't compiled to use AVX2 instructions, but these are available on your machine and could speed up CPU computations.
2018-01-19 13:29:03.335911: W tensorflow/core/platform/cpu_feature_guard.cc:45] The TensorFlow library wasn't compiled to use FMA instructions, but these are available on your machine and could speed up CPU computations.
Using TensorFlow backend.
2018-01-19 13:28:54.655034 Start.
Training additive context-aware convnet on BirdVox-70k. 
Training set: unit02, unit03, unit05.
Validation set: unit07, unit10.
Test set: unit01.

h5py version: 2.6.0
keras version: 2.0.6
numpy version: 1.13.1
pandas version: 0.20.3
pescador version: 1.0.0
tensorflow version: 1.2.1

____________________________________________________________________________________________________
Layer (type)                     Output Shape          Param #     Connected to                     
====================================================================================================
spec_input (InputLayer)          (None, 128, 104, 1)   0                                            
____________________________________________________________________________________________________
spec_bn (BatchNormalization)     (None, 128, 104, 1)   4           spec_input[0][0]                 
____________________________________________________________________________________________________
spec_conv1 (Conv2D)              (None, 128, 104, 24)  624         spec_bn[0][0]                    
____________________________________________________________________________________________________
spec_pool1 (MaxPooling2D)        (None, 64, 26, 24)    0           spec_conv1[0][0]                 
____________________________________________________________________________________________________
bg_input (InputLayer)            (None, 128, 9)        0                                            
____________________________________________________________________________________________________
spec_conv2 (Conv2D)              (None, 64, 26, 48)    28848       spec_pool1[0][0]                 
____________________________________________________________________________________________________
bg_pool (AveragePooling1D)       (None, 32, 9)         0           bg_input[0][0]                   
____________________________________________________________________________________________________
spec_pool2 (MaxPooling2D)        (None, 32, 6, 48)     0           spec_conv2[0][0]                 
____________________________________________________________________________________________________
bg_permute (Permute)             (None, 9, 32)         0           bg_pool[0][0]                    
____________________________________________________________________________________________________
spec_conv3 (Conv2D)              (None, 32, 6, 48)     57648       spec_pool2[0][0]                 
____________________________________________________________________________________________________
bg_conv (Conv1D)                 (None, 9, 8)          264         bg_permute[0][0]                 
____________________________________________________________________________________________________
spec_flatten (Flatten)           (None, 9216)          0           spec_conv3[0][0]                 
____________________________________________________________________________________________________
bg_flatten (Flatten)             (None, 72)            0           bg_conv[0][0]                    
____________________________________________________________________________________________________
spec_dense1 (Dense)              (None, 64)            589888      spec_flatten[0][0]               
____________________________________________________________________________________________________
bg_dense1 (Dense)                (None, 64)            4672        bg_flatten[0][0]                 
____________________________________________________________________________________________________
spec_dense2 (Dense)              (None, 1)             64          spec_dense1[0][0]                
____________________________________________________________________________________________________
bg_dense2 (Dense)                (None, 1)             64          bg_dense1[0][0]                  
____________________________________________________________________________________________________
add (Add)                        (None, 1)             0           spec_dense2[0][0]                
                                                                   bg_dense2[0][0]                  
____________________________________________________________________________________________________
dense (Dense)                    (None, 1)             2           add[0][0]                        
====================================================================================================
Total params: 682,078
Trainable params: 682,076
Non-trainable params: 2
____________________________________________________________________________________________________
         acc      loss   val_acc  val_loss
0   0.497925  8.099464  0.491821  8.196642
1   0.495483  8.136685  0.508423  7.927293
2   0.501953  8.030921  0.510010  7.900478
3   0.496826  8.112512  0.504150  7.994047
4   0.507935  7.932730  0.498901  8.078038
5   0.498047  8.091585  0.489136  8.235014
6   0.498291  8.087292  0.492310  8.183563
7   0.501099  8.041793  0.500366  8.053504
8   0.500732  8.047530  0.498779  8.078948
9   0.500610  8.049388  0.512085  7.864399
10  0.500977  8.043415  0.503418  8.004038
11  0.503540  8.002052  0.487183  8.265686
12  0.492676  8.177136  0.493042  8.171223
13  0.493774  8.159412  0.505249  7.974458
14  0.501831  8.029545  0.504028  7.994126
15  0.490723  8.208586  0.490601  8.210552
16  0.496338  8.118076  0.495605  8.129881
17  0.501831  8.029536  0.494873  8.141685
18  0.506592  7.952801  0.502930  8.011827
19  0.497192  8.104301  0.505249  7.974444
20  0.502319  8.021665  0.503052  8.009859
21  0.508423  7.923287  0.499512  8.066918
22  0.505737  7.966573  0.491455  8.196776
23  0.505981  7.962638  0.495483  8.131847
24  0.499878  8.061015  0.495605  8.129879
25  0.506348  7.956736  0.496216  8.120042
26  0.498657  8.080691  0.502197  8.023632
27  0.494263  8.151522  0.500977  8.043307
28  0.505249  7.974444  0.504639  7.984281
29  0.501343  8.037405  0.491577  8.194808
30  0.505981  7.962638  0.500854  8.045275
31  0.497925  8.092496  0.505005  7.978379

2018-01-19 17:56:10.497026 Finish.
Total elapsed time: 04:27:16.50.
