2018-01-19 13:29:07.026850: W tensorflow/core/platform/cpu_feature_guard.cc:45] The TensorFlow library wasn't compiled to use SSE4.1 instructions, but these are available on your machine and could speed up CPU computations.
2018-01-19 13:29:07.027151: W tensorflow/core/platform/cpu_feature_guard.cc:45] The TensorFlow library wasn't compiled to use SSE4.2 instructions, but these are available on your machine and could speed up CPU computations.
2018-01-19 13:29:07.027171: W tensorflow/core/platform/cpu_feature_guard.cc:45] The TensorFlow library wasn't compiled to use AVX instructions, but these are available on your machine and could speed up CPU computations.
2018-01-19 13:29:07.027179: W tensorflow/core/platform/cpu_feature_guard.cc:45] The TensorFlow library wasn't compiled to use AVX2 instructions, but these are available on your machine and could speed up CPU computations.
2018-01-19 13:29:07.027186: W tensorflow/core/platform/cpu_feature_guard.cc:45] The TensorFlow library wasn't compiled to use FMA instructions, but these are available on your machine and could speed up CPU computations.
Using TensorFlow backend.
2018-01-19 13:28:54.621350 Start.
Training additive context-aware convnet on BirdVox-70k. 
Training set: unit07, unit10, unit01.
Validation set: unit02, unit03.
Test set: unit05.

h5py version: 2.6.0
keras version: 2.0.6
numpy version: 1.13.1
pandas version: 0.20.3
pescador version: 1.0.0
tensorflow version: 1.2.1

____________________________________________________________________________________________________
Layer (type)                     Output Shape          Param #     Connected to                     
====================================================================================================
spec_input (InputLayer)          (None, 128, 104, 1)   0                                            
____________________________________________________________________________________________________
spec_bn (BatchNormalization)     (None, 128, 104, 1)   4           spec_input[0][0]                 
____________________________________________________________________________________________________
spec_conv1 (Conv2D)              (None, 128, 104, 24)  624         spec_bn[0][0]                    
____________________________________________________________________________________________________
spec_pool1 (MaxPooling2D)        (None, 64, 26, 24)    0           spec_conv1[0][0]                 
____________________________________________________________________________________________________
bg_input (InputLayer)            (None, 128, 9)        0                                            
____________________________________________________________________________________________________
spec_conv2 (Conv2D)              (None, 64, 26, 48)    28848       spec_pool1[0][0]                 
____________________________________________________________________________________________________
bg_pool (AveragePooling1D)       (None, 32, 9)         0           bg_input[0][0]                   
____________________________________________________________________________________________________
spec_pool2 (MaxPooling2D)        (None, 32, 6, 48)     0           spec_conv2[0][0]                 
____________________________________________________________________________________________________
bg_permute (Permute)             (None, 9, 32)         0           bg_pool[0][0]                    
____________________________________________________________________________________________________
spec_conv3 (Conv2D)              (None, 32, 6, 48)     57648       spec_pool2[0][0]                 
____________________________________________________________________________________________________
bg_conv (Conv1D)                 (None, 9, 8)          264         bg_permute[0][0]                 
____________________________________________________________________________________________________
spec_flatten (Flatten)           (None, 9216)          0           spec_conv3[0][0]                 
____________________________________________________________________________________________________
bg_flatten (Flatten)             (None, 72)            0           bg_conv[0][0]                    
____________________________________________________________________________________________________
spec_dense1 (Dense)              (None, 64)            589888      spec_flatten[0][0]               
____________________________________________________________________________________________________
bg_dense1 (Dense)                (None, 64)            4672        bg_flatten[0][0]                 
____________________________________________________________________________________________________
spec_dense2 (Dense)              (None, 1)             64          spec_dense1[0][0]                
____________________________________________________________________________________________________
bg_dense2 (Dense)                (None, 1)             64          bg_dense1[0][0]                  
____________________________________________________________________________________________________
add (Add)                        (None, 1)             0           spec_dense2[0][0]                
                                                                   bg_dense2[0][0]                  
____________________________________________________________________________________________________
dense (Dense)                    (None, 1)             2           add[0][0]                        
====================================================================================================
Total params: 682,078
Trainable params: 682,076
Non-trainable params: 2
____________________________________________________________________________________________________
         acc      loss   val_acc  val_loss
0   0.958496  0.134824  0.910034  0.261759
1   0.960938  0.129370  0.816528  0.442801
2   0.966553  0.110367  0.875244  0.647123
3   0.971313  0.102770  0.859131  1.058278
4   0.972778  0.096471  0.910156  0.481624
5   0.981567  0.085402  0.895386  0.631477
6   0.984741  0.071732  0.904541  0.448274
7   0.982910  0.079204  0.882080  0.516640
8   0.982666  0.084377  0.843018  0.673539
9   0.983643  0.088872  0.847656  1.369680
10  0.984253  0.086779  0.848999  0.790524
11  0.987061  0.072715  0.883545  0.559709
12  0.988159  0.075602  0.852051  1.181002
13  0.988159  0.072230  0.862061  0.861551
14  0.988281  0.069546  0.873047  0.896249
15  0.990601  0.063956  0.861694  1.142222
16  0.990601  0.064729  0.896973  0.638487
17  0.992188  0.055987  0.886719  0.592855
18  0.989258  0.068792  0.864502  0.984337
19  0.989746  0.077263  0.870728  0.787485
20  0.990601  0.067217  0.887695  0.799324
21  0.993530  0.055437  0.866333  0.598269
22  0.991699  0.059729  0.906372  0.647204
23  0.994141  0.055314  0.865967  0.612040
24  0.992554  0.055472  0.900513  0.596322
25  0.989990  0.067929  0.883667  0.830959
26  0.993408  0.055687  0.869873  0.531795
27  0.993530  0.047195  0.868774  0.886948
28  0.994141  0.049254  0.905396  0.545644
29  0.992554  0.054132  0.820435  1.435260
30  0.995605  0.047386  0.895264  0.715229
31  0.990845  0.054022  0.875732  0.941069

2018-01-19 17:46:05.167281 Finish.
Total elapsed time: 04:17:11.17.
