2018-01-19 13:29:03.548194: W tensorflow/core/platform/cpu_feature_guard.cc:45] The TensorFlow library wasn't compiled to use SSE4.1 instructions, but these are available on your machine and could speed up CPU computations.
2018-01-19 13:29:03.548509: W tensorflow/core/platform/cpu_feature_guard.cc:45] The TensorFlow library wasn't compiled to use SSE4.2 instructions, but these are available on your machine and could speed up CPU computations.
2018-01-19 13:29:03.548532: W tensorflow/core/platform/cpu_feature_guard.cc:45] The TensorFlow library wasn't compiled to use AVX instructions, but these are available on your machine and could speed up CPU computations.
2018-01-19 13:29:03.548542: W tensorflow/core/platform/cpu_feature_guard.cc:45] The TensorFlow library wasn't compiled to use AVX2 instructions, but these are available on your machine and could speed up CPU computations.
2018-01-19 13:29:03.548553: W tensorflow/core/platform/cpu_feature_guard.cc:45] The TensorFlow library wasn't compiled to use FMA instructions, but these are available on your machine and could speed up CPU computations.
Using TensorFlow backend.
2018-01-19 13:28:54.655109 Start.
Training additive context-aware convnet on BirdVox-70k. 
Training set: unit05, unit07, unit10.
Validation set: unit01, unit02.
Test set: unit03.

h5py version: 2.6.0
keras version: 2.0.6
numpy version: 1.13.1
pandas version: 0.20.3
pescador version: 1.0.0
tensorflow version: 1.2.1

____________________________________________________________________________________________________
Layer (type)                     Output Shape          Param #     Connected to                     
====================================================================================================
spec_input (InputLayer)          (None, 128, 104, 1)   0                                            
____________________________________________________________________________________________________
spec_bn (BatchNormalization)     (None, 128, 104, 1)   4           spec_input[0][0]                 
____________________________________________________________________________________________________
spec_conv1 (Conv2D)              (None, 128, 104, 24)  624         spec_bn[0][0]                    
____________________________________________________________________________________________________
spec_pool1 (MaxPooling2D)        (None, 64, 26, 24)    0           spec_conv1[0][0]                 
____________________________________________________________________________________________________
bg_input (InputLayer)            (None, 128, 9)        0                                            
____________________________________________________________________________________________________
spec_conv2 (Conv2D)              (None, 64, 26, 48)    28848       spec_pool1[0][0]                 
____________________________________________________________________________________________________
bg_pool (AveragePooling1D)       (None, 32, 9)         0           bg_input[0][0]                   
____________________________________________________________________________________________________
spec_pool2 (MaxPooling2D)        (None, 32, 6, 48)     0           spec_conv2[0][0]                 
____________________________________________________________________________________________________
bg_permute (Permute)             (None, 9, 32)         0           bg_pool[0][0]                    
____________________________________________________________________________________________________
spec_conv3 (Conv2D)              (None, 32, 6, 48)     57648       spec_pool2[0][0]                 
____________________________________________________________________________________________________
bg_conv (Conv1D)                 (None, 9, 8)          264         bg_permute[0][0]                 
____________________________________________________________________________________________________
spec_flatten (Flatten)           (None, 9216)          0           spec_conv3[0][0]                 
____________________________________________________________________________________________________
bg_flatten (Flatten)             (None, 72)            0           bg_conv[0][0]                    
____________________________________________________________________________________________________
spec_dense1 (Dense)              (None, 64)            589888      spec_flatten[0][0]               
____________________________________________________________________________________________________
bg_dense1 (Dense)                (None, 64)            4672        bg_flatten[0][0]                 
____________________________________________________________________________________________________
spec_dense2 (Dense)              (None, 1)             64          spec_dense1[0][0]                
____________________________________________________________________________________________________
bg_dense2 (Dense)                (None, 1)             64          bg_dense1[0][0]                  
____________________________________________________________________________________________________
add (Add)                        (None, 1)             0           spec_dense2[0][0]                
                                                                   bg_dense2[0][0]                  
____________________________________________________________________________________________________
dense (Dense)                    (None, 1)             2           add[0][0]                        
====================================================================================================
Total params: 682,078
Trainable params: 682,076
Non-trainable params: 2
____________________________________________________________________________________________________
         acc      loss   val_acc  val_loss
0   0.507446  7.939028  0.507935  6.489789
1   0.498291  8.086593  0.498779  6.602493
2   0.496338  8.118074  0.494995  6.675970
3   0.502075  8.025600  0.495728  6.658193
4   0.498291  8.086593  0.502441  6.564888
5   0.487061  8.267607  0.502441  6.565059
6   0.491211  8.200711  0.499023  6.613620
7   0.501465  8.035437  0.502563  6.593243
8   0.503906  7.996086  0.501343  6.608609
9   0.501343  8.037405  0.493652  6.680372
10  0.493774  8.159392  0.509033  6.499638
11  0.498535  8.082658  0.513306  6.418836
12  0.498535  8.082658  0.498535  6.622988
13  0.494995  8.139717  0.504395  6.563486
14  0.498047  8.090528  0.499756  6.617728
15  0.501343  8.037405  0.501221  6.595094
16  0.496094  8.122009  0.501709  6.573855
17  0.486572  8.275477  0.501465  6.585259
18  0.495117  8.137749  0.498291  6.614625
19  0.499023  8.074788  0.509888  6.481791
20  0.506836  7.948865  0.503296  6.576822
21  0.503784  7.998054  0.505371  6.542809
22  0.492432  8.181035  0.503906  6.554347
23  0.488403  8.245964  0.497681  6.629173
24  0.486328  8.279412  0.496948  6.640775
25  0.503906  7.996086  0.498047  6.628834
26  0.504761  7.982314  0.496582  6.676254
27  0.498901  8.076756  0.502197  6.579939
28  0.490234  8.216451  0.505127  6.536730
29  0.500488  8.051178  0.496826  6.665401
30  0.489380  8.230224  0.498047  6.650587
31  0.502808  8.013794  0.501587  6.585094

2018-01-19 17:56:15.637458 Finish.
Total elapsed time: 04:27:21.64.
