2018-01-19 13:29:07.078705: W tensorflow/core/platform/cpu_feature_guard.cc:45] The TensorFlow library wasn't compiled to use SSE4.1 instructions, but these are available on your machine and could speed up CPU computations.
2018-01-19 13:29:07.079001: W tensorflow/core/platform/cpu_feature_guard.cc:45] The TensorFlow library wasn't compiled to use SSE4.2 instructions, but these are available on your machine and could speed up CPU computations.
2018-01-19 13:29:07.079022: W tensorflow/core/platform/cpu_feature_guard.cc:45] The TensorFlow library wasn't compiled to use AVX instructions, but these are available on your machine and could speed up CPU computations.
2018-01-19 13:29:07.079032: W tensorflow/core/platform/cpu_feature_guard.cc:45] The TensorFlow library wasn't compiled to use AVX2 instructions, but these are available on your machine and could speed up CPU computations.
2018-01-19 13:29:07.079042: W tensorflow/core/platform/cpu_feature_guard.cc:45] The TensorFlow library wasn't compiled to use FMA instructions, but these are available on your machine and could speed up CPU computations.
Using TensorFlow backend.
2018-01-19 13:28:54.619790 Start.
Training additive context-aware convnet on BirdVox-70k. 
Training set: unit05, unit07, unit10.
Validation set: unit01, unit02.
Test set: unit03.

h5py version: 2.6.0
keras version: 2.0.6
numpy version: 1.13.1
pandas version: 0.20.3
pescador version: 1.0.0
tensorflow version: 1.2.1

____________________________________________________________________________________________________
Layer (type)                     Output Shape          Param #     Connected to                     
====================================================================================================
spec_input (InputLayer)          (None, 128, 104, 1)   0                                            
____________________________________________________________________________________________________
spec_bn (BatchNormalization)     (None, 128, 104, 1)   4           spec_input[0][0]                 
____________________________________________________________________________________________________
spec_conv1 (Conv2D)              (None, 128, 104, 24)  624         spec_bn[0][0]                    
____________________________________________________________________________________________________
spec_pool1 (MaxPooling2D)        (None, 64, 26, 24)    0           spec_conv1[0][0]                 
____________________________________________________________________________________________________
bg_input (InputLayer)            (None, 128, 9)        0                                            
____________________________________________________________________________________________________
spec_conv2 (Conv2D)              (None, 64, 26, 48)    28848       spec_pool1[0][0]                 
____________________________________________________________________________________________________
bg_pool (AveragePooling1D)       (None, 32, 9)         0           bg_input[0][0]                   
____________________________________________________________________________________________________
spec_pool2 (MaxPooling2D)        (None, 32, 6, 48)     0           spec_conv2[0][0]                 
____________________________________________________________________________________________________
bg_permute (Permute)             (None, 9, 32)         0           bg_pool[0][0]                    
____________________________________________________________________________________________________
spec_conv3 (Conv2D)              (None, 32, 6, 48)     57648       spec_pool2[0][0]                 
____________________________________________________________________________________________________
bg_conv (Conv1D)                 (None, 9, 8)          264         bg_permute[0][0]                 
____________________________________________________________________________________________________
spec_flatten (Flatten)           (None, 9216)          0           spec_conv3[0][0]                 
____________________________________________________________________________________________________
bg_flatten (Flatten)             (None, 72)            0           bg_conv[0][0]                    
____________________________________________________________________________________________________
spec_dense1 (Dense)              (None, 64)            589888      spec_flatten[0][0]               
____________________________________________________________________________________________________
bg_dense1 (Dense)                (None, 64)            4672        bg_flatten[0][0]                 
____________________________________________________________________________________________________
spec_dense2 (Dense)              (None, 1)             64          spec_dense1[0][0]                
____________________________________________________________________________________________________
bg_dense2 (Dense)                (None, 1)             64          bg_dense1[0][0]                  
____________________________________________________________________________________________________
add (Add)                        (None, 1)             0           spec_dense2[0][0]                
                                                                   bg_dense2[0][0]                  
____________________________________________________________________________________________________
dense (Dense)                    (None, 1)             2           add[0][0]                        
====================================================================================================
Total params: 682,078
Trainable params: 682,076
Non-trainable params: 2
____________________________________________________________________________________________________
         acc      loss   val_acc  val_loss
0   0.507690  7.941737  0.495728  8.133289
1   0.489502  8.232674  0.500732  8.050812
2   0.492920  8.176089  0.502563  8.020082
3   0.490479  8.214433  0.500366  8.054679
4   0.500244  8.056356  0.500488  8.052165
5   0.503174  8.008686  0.502930  8.012452
6   0.741699  3.335792  0.678345  0.878305
7   0.973511  0.125060  0.693359  1.356760
8   0.980835  0.096660  0.689087  1.262285
9   0.986084  0.072156  0.730957  1.373861
10  0.984009  0.079494  0.718750  1.112751
11  0.987549  0.067348  0.748413  0.858531
12  0.988037  0.058987  0.784912  0.501948
13  0.989380  0.058636  0.760864  0.800189
14  0.990356  0.052543  0.754761  0.733911
15  0.987793  0.057966  0.734131  0.815822
16  0.991577  0.044032  0.759644  0.777129
17  0.991821  0.043306  0.744019  0.916057
18  0.989990  0.048247  0.783325  0.839714
19  0.992432  0.041331  0.737549  1.290536
20  0.989746  0.056755  0.744507  0.812771
21  0.992432  0.039315  0.745239  0.836266
22  0.992432  0.045750  0.759399  1.005384
23  0.991821  0.045311  0.728760  1.004577
24  0.991699  0.045423  0.770874  0.846312
25  0.993286  0.039234  0.802979  0.447660
26  0.991821  0.041780  0.771118  0.980758
27  0.993774  0.034457  0.754517  1.035947
28  0.991699  0.044552  0.767578  0.950360
29  0.994385  0.035881  0.752319  1.059565
30  0.993408  0.034849  0.752319  1.159864
31  0.996094  0.031246  0.769043  1.073893

2018-01-19 17:39:05.116428 Finish.
Total elapsed time: 04:10:11.12.
