2018-01-19 13:29:10.076860: W tensorflow/core/platform/cpu_feature_guard.cc:45] The TensorFlow library wasn't compiled to use SSE4.1 instructions, but these are available on your machine and could speed up CPU computations.
2018-01-19 13:29:10.077138: W tensorflow/core/platform/cpu_feature_guard.cc:45] The TensorFlow library wasn't compiled to use SSE4.2 instructions, but these are available on your machine and could speed up CPU computations.
2018-01-19 13:29:10.077159: W tensorflow/core/platform/cpu_feature_guard.cc:45] The TensorFlow library wasn't compiled to use AVX instructions, but these are available on your machine and could speed up CPU computations.
2018-01-19 13:29:10.077169: W tensorflow/core/platform/cpu_feature_guard.cc:45] The TensorFlow library wasn't compiled to use AVX2 instructions, but these are available on your machine and could speed up CPU computations.
2018-01-19 13:29:10.077177: W tensorflow/core/platform/cpu_feature_guard.cc:45] The TensorFlow library wasn't compiled to use FMA instructions, but these are available on your machine and could speed up CPU computations.
Using TensorFlow backend.
2018-01-19 13:28:54.621426 Start.
Training additive context-aware convnet on BirdVox-70k. 
Training set: unit02, unit03, unit05.
Validation set: unit07, unit10.
Test set: unit01.

h5py version: 2.6.0
keras version: 2.0.6
numpy version: 1.13.1
pandas version: 0.20.3
pescador version: 1.0.0
tensorflow version: 1.2.1

____________________________________________________________________________________________________
Layer (type)                     Output Shape          Param #     Connected to                     
====================================================================================================
spec_input (InputLayer)          (None, 128, 104, 1)   0                                            
____________________________________________________________________________________________________
spec_bn (BatchNormalization)     (None, 128, 104, 1)   4           spec_input[0][0]                 
____________________________________________________________________________________________________
spec_conv1 (Conv2D)              (None, 128, 104, 24)  624         spec_bn[0][0]                    
____________________________________________________________________________________________________
spec_pool1 (MaxPooling2D)        (None, 64, 26, 24)    0           spec_conv1[0][0]                 
____________________________________________________________________________________________________
bg_input (InputLayer)            (None, 128, 9)        0                                            
____________________________________________________________________________________________________
spec_conv2 (Conv2D)              (None, 64, 26, 48)    28848       spec_pool1[0][0]                 
____________________________________________________________________________________________________
bg_pool (AveragePooling1D)       (None, 32, 9)         0           bg_input[0][0]                   
____________________________________________________________________________________________________
spec_pool2 (MaxPooling2D)        (None, 32, 6, 48)     0           spec_conv2[0][0]                 
____________________________________________________________________________________________________
bg_permute (Permute)             (None, 9, 32)         0           bg_pool[0][0]                    
____________________________________________________________________________________________________
spec_conv3 (Conv2D)              (None, 32, 6, 48)     57648       spec_pool2[0][0]                 
____________________________________________________________________________________________________
bg_conv (Conv1D)                 (None, 9, 8)          264         bg_permute[0][0]                 
____________________________________________________________________________________________________
spec_flatten (Flatten)           (None, 9216)          0           spec_conv3[0][0]                 
____________________________________________________________________________________________________
bg_flatten (Flatten)             (None, 72)            0           bg_conv[0][0]                    
____________________________________________________________________________________________________
spec_dense1 (Dense)              (None, 64)            589888      spec_flatten[0][0]               
____________________________________________________________________________________________________
bg_dense1 (Dense)                (None, 64)            4672        bg_flatten[0][0]                 
____________________________________________________________________________________________________
spec_dense2 (Dense)              (None, 1)             64          spec_dense1[0][0]                
____________________________________________________________________________________________________
bg_dense2 (Dense)                (None, 1)             64          bg_dense1[0][0]                  
____________________________________________________________________________________________________
add (Add)                        (None, 1)             0           spec_dense2[0][0]                
                                                                   bg_dense2[0][0]                  
____________________________________________________________________________________________________
dense (Dense)                    (None, 1)             2           add[0][0]                        
====================================================================================================
Total params: 682,078
Trainable params: 682,076
Non-trainable params: 2
____________________________________________________________________________________________________
         acc      loss   val_acc  val_loss
0   0.508423  7.843528  0.492310  8.099205
1   0.501709  7.948438  0.497070  8.021576
2   0.513550  7.758229  0.501465  7.950337
3   0.500366  7.967424  0.494263  8.064347
4   0.496582  8.027078  0.501221  7.952864
5   0.495239  8.048021  0.501709  7.944700
6   0.504883  7.893964  0.502808  7.926925
7   0.499756  7.975485  0.502930  7.924805
8   0.498169  8.000640  0.501221  7.951934
9   0.497559  8.010275  0.505737  7.879852
10  0.495605  8.041351  0.504761  7.895371
11  0.501099  7.953737  0.497803  8.006268
12  0.495239  8.047125  0.501465  7.947866
13  0.503052  7.922560  0.497070  8.017914
14  0.498535  7.994557  0.501343  7.949794
15  0.490845  8.117155  0.501099  7.953682
16  0.505859  7.877783  0.509155  7.825238
17  0.502441  7.932272  0.495239  8.047091
18  0.504761  7.895296  0.497803  8.006223
19  0.509644  7.817451  0.514038  7.747392
20  0.499268  7.982869  0.488159  8.159963
21  0.505005  7.891403  0.495361  8.045144
22  0.504272  7.903079  0.500977  7.955624
23  0.501343  7.949785  0.501465  7.947839
24  0.499878  7.973138  0.496704  8.023737
25  0.500366  7.965354  0.499146  7.984815
26  0.497559  8.010114  0.499146  7.984815
27  0.490234  8.126880  0.496460  8.027629
28  0.501709  7.943947  0.509888  7.813559
29  0.499878  7.973138  0.504517  7.899187
30  0.496460  8.027629  0.498169  8.000384
31  0.496826  8.021791  0.505005  7.891403

2018-01-19 17:45:46.913953 Finish.
Total elapsed time: 04:16:52.91.
