2018-01-19 13:29:02.789158: W tensorflow/core/platform/cpu_feature_guard.cc:45] The TensorFlow library wasn't compiled to use SSE4.1 instructions, but these are available on your machine and could speed up CPU computations.
2018-01-19 13:29:02.789470: W tensorflow/core/platform/cpu_feature_guard.cc:45] The TensorFlow library wasn't compiled to use SSE4.2 instructions, but these are available on your machine and could speed up CPU computations.
2018-01-19 13:29:02.789494: W tensorflow/core/platform/cpu_feature_guard.cc:45] The TensorFlow library wasn't compiled to use AVX instructions, but these are available on your machine and could speed up CPU computations.
2018-01-19 13:29:02.789502: W tensorflow/core/platform/cpu_feature_guard.cc:45] The TensorFlow library wasn't compiled to use AVX2 instructions, but these are available on your machine and could speed up CPU computations.
2018-01-19 13:29:02.789510: W tensorflow/core/platform/cpu_feature_guard.cc:45] The TensorFlow library wasn't compiled to use FMA instructions, but these are available on your machine and could speed up CPU computations.
Using TensorFlow backend.
2018-01-19 13:28:54.623707 Start.
Training additive context-aware convnet on BirdVox-70k. 
Training set: unit10, unit01, unit02.
Validation set: unit03, unit05.
Test set: unit07.

h5py version: 2.6.0
keras version: 2.0.6
numpy version: 1.13.1
pandas version: 0.20.3
pescador version: 1.0.0
tensorflow version: 1.2.1

____________________________________________________________________________________________________
Layer (type)                     Output Shape          Param #     Connected to                     
====================================================================================================
spec_input (InputLayer)          (None, 128, 104, 1)   0                                            
____________________________________________________________________________________________________
spec_bn (BatchNormalization)     (None, 128, 104, 1)   4           spec_input[0][0]                 
____________________________________________________________________________________________________
spec_conv1 (Conv2D)              (None, 128, 104, 24)  624         spec_bn[0][0]                    
____________________________________________________________________________________________________
spec_pool1 (MaxPooling2D)        (None, 64, 26, 24)    0           spec_conv1[0][0]                 
____________________________________________________________________________________________________
bg_input (InputLayer)            (None, 128, 9)        0                                            
____________________________________________________________________________________________________
spec_conv2 (Conv2D)              (None, 64, 26, 48)    28848       spec_pool1[0][0]                 
____________________________________________________________________________________________________
bg_pool (AveragePooling1D)       (None, 32, 9)         0           bg_input[0][0]                   
____________________________________________________________________________________________________
spec_pool2 (MaxPooling2D)        (None, 32, 6, 48)     0           spec_conv2[0][0]                 
____________________________________________________________________________________________________
bg_permute (Permute)             (None, 9, 32)         0           bg_pool[0][0]                    
____________________________________________________________________________________________________
spec_conv3 (Conv2D)              (None, 32, 6, 48)     57648       spec_pool2[0][0]                 
____________________________________________________________________________________________________
bg_conv (Conv1D)                 (None, 9, 8)          264         bg_permute[0][0]                 
____________________________________________________________________________________________________
spec_flatten (Flatten)           (None, 9216)          0           spec_conv3[0][0]                 
____________________________________________________________________________________________________
bg_flatten (Flatten)             (None, 72)            0           bg_conv[0][0]                    
____________________________________________________________________________________________________
spec_dense1 (Dense)              (None, 64)            589888      spec_flatten[0][0]               
____________________________________________________________________________________________________
bg_dense1 (Dense)                (None, 64)            4672        bg_flatten[0][0]                 
____________________________________________________________________________________________________
spec_dense2 (Dense)              (None, 1)             64          spec_dense1[0][0]                
____________________________________________________________________________________________________
bg_dense2 (Dense)                (None, 1)             64          bg_dense1[0][0]                  
____________________________________________________________________________________________________
add (Add)                        (None, 1)             0           spec_dense2[0][0]                
                                                                   bg_dense2[0][0]                  
____________________________________________________________________________________________________
dense (Dense)                    (None, 1)             2           add[0][0]                        
====================================================================================================
Total params: 682,078
Trainable params: 682,076
Non-trainable params: 2
____________________________________________________________________________________________________
         acc      loss   val_acc  val_loss
0   0.953979  0.145491  0.603638  1.056918
1   0.965088  0.128618  0.651489  0.691993
2   0.966187  0.123072  0.926147  0.209603
3   0.972168  0.109808  0.932007  0.199443
4   0.973877  0.109669  0.933350  0.184372
5   0.974121  0.109473  0.664795  0.833773
6   0.980591  0.089054  0.704712  0.772467
7   0.983032  0.087019  0.633423  0.935966
8   0.986328  0.076029  0.771851  0.586769
9   0.986572  0.073941  0.883667  0.279536
10  0.986450  0.074415  0.888916  0.283980
11  0.986572  0.073613  0.633423  1.333042
12  0.990845  0.060249  0.690796  0.783788
13  0.988159  0.070838  0.791626  0.423064
14  0.991821  0.057558  0.791504  0.534276
15  0.989380  0.062142  0.902100  0.264032
16  0.991943  0.058802  0.848633  0.398024
17  0.988770  0.059530  0.951294  0.169122
18  0.990601  0.059437  0.702393  0.748512
19  0.992065  0.059728  0.782227  0.581278
20  0.992188  0.058105  0.737915  0.640777
21  0.994019  0.052149  0.930542  0.199683
22  0.992432  0.054837  0.881714  0.301223
23  0.995483  0.045035  0.680542  1.148102
24  0.993286  0.045270  0.810913  0.453668
25  0.992188  0.054232  0.821655  0.461209
26  0.992554  0.048465  0.828247  0.419747
27  0.991089  0.052468  0.656006  0.960401
28  0.995605  0.039964  0.880249  0.299931
29  0.994873  0.040298  0.881104  0.318802
30  0.992188  0.045229  0.803345  0.529101
31  0.992554  0.049297  0.899048  0.286090

2018-01-19 17:41:31.471490 Finish.
Total elapsed time: 04:12:37.47.
