2018-01-19 13:29:00.543336: W tensorflow/core/platform/cpu_feature_guard.cc:45] The TensorFlow library wasn't compiled to use SSE4.1 instructions, but these are available on your machine and could speed up CPU computations.
2018-01-19 13:29:00.543596: W tensorflow/core/platform/cpu_feature_guard.cc:45] The TensorFlow library wasn't compiled to use SSE4.2 instructions, but these are available on your machine and could speed up CPU computations.
2018-01-19 13:29:00.543617: W tensorflow/core/platform/cpu_feature_guard.cc:45] The TensorFlow library wasn't compiled to use AVX instructions, but these are available on your machine and could speed up CPU computations.
2018-01-19 13:29:00.543626: W tensorflow/core/platform/cpu_feature_guard.cc:45] The TensorFlow library wasn't compiled to use AVX2 instructions, but these are available on your machine and could speed up CPU computations.
2018-01-19 13:29:00.543635: W tensorflow/core/platform/cpu_feature_guard.cc:45] The TensorFlow library wasn't compiled to use FMA instructions, but these are available on your machine and could speed up CPU computations.
Using TensorFlow backend.
2018-01-19 13:28:54.623755 Start.
Training additive context-aware convnet on BirdVox-70k. 
Training set: unit01, unit02, unit03.
Validation set: unit05, unit07.
Test set: unit10.

h5py version: 2.6.0
keras version: 2.0.6
numpy version: 1.13.1
pandas version: 0.20.3
pescador version: 1.0.0
tensorflow version: 1.2.1

____________________________________________________________________________________________________
Layer (type)                     Output Shape          Param #     Connected to                     
====================================================================================================
spec_input (InputLayer)          (None, 128, 104, 1)   0                                            
____________________________________________________________________________________________________
spec_bn (BatchNormalization)     (None, 128, 104, 1)   4           spec_input[0][0]                 
____________________________________________________________________________________________________
spec_conv1 (Conv2D)              (None, 128, 104, 24)  624         spec_bn[0][0]                    
____________________________________________________________________________________________________
spec_pool1 (MaxPooling2D)        (None, 64, 26, 24)    0           spec_conv1[0][0]                 
____________________________________________________________________________________________________
bg_input (InputLayer)            (None, 128, 9)        0                                            
____________________________________________________________________________________________________
spec_conv2 (Conv2D)              (None, 64, 26, 48)    28848       spec_pool1[0][0]                 
____________________________________________________________________________________________________
bg_pool (AveragePooling1D)       (None, 32, 9)         0           bg_input[0][0]                   
____________________________________________________________________________________________________
spec_pool2 (MaxPooling2D)        (None, 32, 6, 48)     0           spec_conv2[0][0]                 
____________________________________________________________________________________________________
bg_permute (Permute)             (None, 9, 32)         0           bg_pool[0][0]                    
____________________________________________________________________________________________________
spec_conv3 (Conv2D)              (None, 32, 6, 48)     57648       spec_pool2[0][0]                 
____________________________________________________________________________________________________
bg_conv (Conv1D)                 (None, 9, 8)          264         bg_permute[0][0]                 
____________________________________________________________________________________________________
spec_flatten (Flatten)           (None, 9216)          0           spec_conv3[0][0]                 
____________________________________________________________________________________________________
bg_flatten (Flatten)             (None, 72)            0           bg_conv[0][0]                    
____________________________________________________________________________________________________
spec_dense1 (Dense)              (None, 64)            589888      spec_flatten[0][0]               
____________________________________________________________________________________________________
bg_dense1 (Dense)                (None, 64)            4672        bg_flatten[0][0]                 
____________________________________________________________________________________________________
spec_dense2 (Dense)              (None, 1)             64          spec_dense1[0][0]                
____________________________________________________________________________________________________
bg_dense2 (Dense)                (None, 1)             64          bg_dense1[0][0]                  
____________________________________________________________________________________________________
add (Add)                        (None, 1)             0           spec_dense2[0][0]                
                                                                   bg_dense2[0][0]                  
____________________________________________________________________________________________________
dense (Dense)                    (None, 1)             2           add[0][0]                        
====================================================================================================
Total params: 682,078
Trainable params: 682,076
Non-trainable params: 2
____________________________________________________________________________________________________
         acc      loss   val_acc  val_loss
0   0.502808  8.013794  0.497681  8.096431
1   0.501587  8.033470  0.491943  8.188905
2   0.505249  7.974443  0.510986  7.881969
3   0.499023  8.074788  0.494263  8.151522
4   0.496460  8.116106  0.492798  8.175133
5   0.521973  7.704890  0.508057  7.929190
6   0.497925  8.092496  0.493408  8.165295
7   0.503784  7.998054  0.504395  7.988216
8   0.498169  8.088561  0.503052  8.009859
9   0.504517  7.986249  0.508301  7.925255
10  0.507690  7.935093  0.491211  8.200711
11  0.500610  8.049210  0.504028  7.994119
12  0.507080  7.944930  0.507446  7.939028
13  0.501221  8.039372  0.495117  8.137749
14  0.499512  8.066918  0.497070  8.106269
15  0.502686  8.015762  0.487671  8.257769
16  0.496216  8.120042  0.509277  7.909515
17  0.513550  7.840651  0.500854  8.045275
18  0.497070  8.106269  0.502563  8.017729
19  0.500000  8.059048  0.500977  8.043307
20  0.489258  8.232191  0.498047  8.090528
21  0.499512  8.066918  0.498901  8.076756
22  0.500732  8.047243  0.498657  8.080691
23  0.494385  8.149555  0.492554  8.179068
24  0.504883  7.980346  0.504395  7.988216
25  0.489380  8.230224  0.507202  7.942963
26  0.486450  8.277445  0.506714  7.950833
27  0.502563  8.017729  0.496582  8.114139
28  0.499878  8.061015  0.489990  8.220386
29  0.498657  8.080691  0.502441  8.019697
30  0.515991  7.801300  0.508667  7.919352
31  0.500854  8.045275  0.501465  8.035437

2018-01-19 17:41:56.263444 Finish.
Total elapsed time: 04:13:02.26.
