2018-01-19 13:29:07.238862: W tensorflow/core/platform/cpu_feature_guard.cc:45] The TensorFlow library wasn't compiled to use SSE4.1 instructions, but these are available on your machine and could speed up CPU computations.
2018-01-19 13:29:07.239177: W tensorflow/core/platform/cpu_feature_guard.cc:45] The TensorFlow library wasn't compiled to use SSE4.2 instructions, but these are available on your machine and could speed up CPU computations.
2018-01-19 13:29:07.239200: W tensorflow/core/platform/cpu_feature_guard.cc:45] The TensorFlow library wasn't compiled to use AVX instructions, but these are available on your machine and could speed up CPU computations.
2018-01-19 13:29:07.239211: W tensorflow/core/platform/cpu_feature_guard.cc:45] The TensorFlow library wasn't compiled to use AVX2 instructions, but these are available on your machine and could speed up CPU computations.
2018-01-19 13:29:07.239225: W tensorflow/core/platform/cpu_feature_guard.cc:45] The TensorFlow library wasn't compiled to use FMA instructions, but these are available on your machine and could speed up CPU computations.
Using TensorFlow backend.
2018-01-19 13:28:54.621378 Start.
Training additive context-aware convnet on BirdVox-70k. 
Training set: unit10, unit01, unit02.
Validation set: unit03, unit05.
Test set: unit07.

h5py version: 2.6.0
keras version: 2.0.6
numpy version: 1.13.1
pandas version: 0.20.3
pescador version: 1.0.0
tensorflow version: 1.2.1

____________________________________________________________________________________________________
Layer (type)                     Output Shape          Param #     Connected to                     
====================================================================================================
spec_input (InputLayer)          (None, 128, 104, 1)   0                                            
____________________________________________________________________________________________________
spec_bn (BatchNormalization)     (None, 128, 104, 1)   4           spec_input[0][0]                 
____________________________________________________________________________________________________
spec_conv1 (Conv2D)              (None, 128, 104, 24)  624         spec_bn[0][0]                    
____________________________________________________________________________________________________
spec_pool1 (MaxPooling2D)        (None, 64, 26, 24)    0           spec_conv1[0][0]                 
____________________________________________________________________________________________________
bg_input (InputLayer)            (None, 128, 9)        0                                            
____________________________________________________________________________________________________
spec_conv2 (Conv2D)              (None, 64, 26, 48)    28848       spec_pool1[0][0]                 
____________________________________________________________________________________________________
bg_pool (AveragePooling1D)       (None, 32, 9)         0           bg_input[0][0]                   
____________________________________________________________________________________________________
spec_pool2 (MaxPooling2D)        (None, 32, 6, 48)     0           spec_conv2[0][0]                 
____________________________________________________________________________________________________
bg_permute (Permute)             (None, 9, 32)         0           bg_pool[0][0]                    
____________________________________________________________________________________________________
spec_conv3 (Conv2D)              (None, 32, 6, 48)     57648       spec_pool2[0][0]                 
____________________________________________________________________________________________________
bg_conv (Conv1D)                 (None, 9, 8)          264         bg_permute[0][0]                 
____________________________________________________________________________________________________
spec_flatten (Flatten)           (None, 9216)          0           spec_conv3[0][0]                 
____________________________________________________________________________________________________
bg_flatten (Flatten)             (None, 72)            0           bg_conv[0][0]                    
____________________________________________________________________________________________________
spec_dense1 (Dense)              (None, 64)            589888      spec_flatten[0][0]               
____________________________________________________________________________________________________
bg_dense1 (Dense)                (None, 64)            4672        bg_flatten[0][0]                 
____________________________________________________________________________________________________
spec_dense2 (Dense)              (None, 1)             64          spec_dense1[0][0]                
____________________________________________________________________________________________________
bg_dense2 (Dense)                (None, 1)             64          bg_dense1[0][0]                  
____________________________________________________________________________________________________
add (Add)                        (None, 1)             0           spec_dense2[0][0]                
                                                                   bg_dense2[0][0]                  
____________________________________________________________________________________________________
dense (Dense)                    (None, 1)             2           add[0][0]                        
====================================================================================================
Total params: 682,078
Trainable params: 682,076
Non-trainable params: 2
____________________________________________________________________________________________________
         acc      loss   val_acc  val_loss
0   0.495239  8.047090  0.492188  8.095742
1   0.503052  7.922540  0.496338  8.029575
2   0.498291  7.998438  0.500122  7.969246
3   0.501587  7.945893  0.491943  8.099634
4   0.500977  7.955624  0.500000  7.971192
5   0.495117  8.049036  0.506226  7.871942
6   0.495117  8.049036  0.495117  8.049036
7   0.505127  7.889457  0.495239  8.047090
8   0.499146  7.984815  0.488403  8.156071
9   0.485107  8.208616  0.502441  7.932271
10  0.499878  7.973138  0.494751  8.054874
11  0.509766  7.815505  0.493286  8.078227
12  0.509888  7.813559  0.501099  7.953678
13  0.505859  7.877780  0.504272  7.903079
14  0.507324  7.854427  0.498779  7.990653
15  0.504028  7.906971  0.497192  8.015952
16  0.497437  8.012060  0.505981  7.875834
17  0.496826  8.021791  0.489502  8.138556
18  0.503052  7.922540  0.505371  7.885564
19  0.506958  7.860265  0.500488  7.963408
20  0.502319  7.934217  0.499146  7.984815
21  0.509888  7.813559  0.506226  7.871942
22  0.495117  8.049036  0.517822  7.687063
23  0.507690  7.848589  0.508789  7.831074
24  0.494751  8.054874  0.497925  8.004276
25  0.503540  7.914756  0.500244  7.967300
26  0.499146  7.984815  0.494995  8.050982
27  0.506348  7.869996  0.501709  7.943947
28  0.497681  8.008168  0.501221  7.951731
29  0.497192  8.015952  0.511597  7.786314
30  0.499878  7.973138  0.494385  8.060713
31  0.502197  7.936163  0.499390  7.980923

2018-01-19 17:46:41.929629 Finish.
Total elapsed time: 04:17:47.93.
