2018-01-19 17:01:35.015163: W tensorflow/core/platform/cpu_feature_guard.cc:45] The TensorFlow library wasn't compiled to use SSE4.1 instructions, but these are available on your machine and could speed up CPU computations.
2018-01-19 17:01:35.015397: W tensorflow/core/platform/cpu_feature_guard.cc:45] The TensorFlow library wasn't compiled to use SSE4.2 instructions, but these are available on your machine and could speed up CPU computations.
2018-01-19 17:01:35.015408: W tensorflow/core/platform/cpu_feature_guard.cc:45] The TensorFlow library wasn't compiled to use AVX instructions, but these are available on your machine and could speed up CPU computations.
2018-01-19 17:01:35.015414: W tensorflow/core/platform/cpu_feature_guard.cc:45] The TensorFlow library wasn't compiled to use AVX2 instructions, but these are available on your machine and could speed up CPU computations.
2018-01-19 17:01:35.015419: W tensorflow/core/platform/cpu_feature_guard.cc:45] The TensorFlow library wasn't compiled to use FMA instructions, but these are available on your machine and could speed up CPU computations.
Using TensorFlow backend.
2018-01-19 17:00:38.349034 Start.
Training NTT-like convnet on BirdVox-70k with PCEN input. 
Training set: unit03, unit05, unit07.
Validation set: unit10, unit01.
Test set: unit02.

h5py version: 2.6.0
keras version: 2.0.6
numpy version: 1.13.1
pandas version: 0.20.3
pescador version: 1.0.0
tensorflow version: 1.2.1

____________________________________________________________________________________________________
Layer (type)                     Output Shape          Param #     Connected to                     
====================================================================================================
spec_input (InputLayer)          (None, 128, 104, 1)   0                                            
____________________________________________________________________________________________________
spec_bn (BatchNormalization)     (None, 128, 104, 1)   4           spec_input[0][0]                 
____________________________________________________________________________________________________
spec_conv1 (Conv2D)              (None, 128, 104, 24)  624         spec_bn[0][0]                    
____________________________________________________________________________________________________
bg_input (InputLayer)            (None, 128, 9)        0                                            
____________________________________________________________________________________________________
spec_pool1 (MaxPooling2D)        (None, 64, 26, 24)    0           spec_conv1[0][0]                 
____________________________________________________________________________________________________
bg_pool (AveragePooling1D)       (None, 32, 9)         0           bg_input[0][0]                   
____________________________________________________________________________________________________
spec_conv2 (Conv2D)              (None, 64, 26, 48)    28848       spec_pool1[0][0]                 
____________________________________________________________________________________________________
bg_permute (Permute)             (None, 9, 32)         0           bg_pool[0][0]                    
____________________________________________________________________________________________________
spec_pool2 (MaxPooling2D)        (None, 32, 6, 48)     0           spec_conv2[0][0]                 
____________________________________________________________________________________________________
bg_conv (Conv1D)                 (None, 9, 8)          264         bg_permute[0][0]                 
____________________________________________________________________________________________________
spec_conv3 (Conv2D)              (None, 32, 6, 48)     57648       spec_pool2[0][0]                 
____________________________________________________________________________________________________
bg_flatten (Flatten)             (None, 72)            0           bg_conv[0][0]                    
____________________________________________________________________________________________________
spec_flatten (Flatten)           (None, 9216)          0           spec_conv3[0][0]                 
____________________________________________________________________________________________________
bg_dense1 (Dense)                (None, 16)            1168        bg_flatten[0][0]                 
____________________________________________________________________________________________________
spec_dense1 (Dense)              (None, 64)            589888      spec_flatten[0][0]               
____________________________________________________________________________________________________
bg_dense2 (Dense)                (None, 4)             68          bg_dense1[0][0]                  
____________________________________________________________________________________________________
spec_reshape (Reshape)           (None, 16, 4)         0           spec_dense1[0][0]                
____________________________________________________________________________________________________
bg_reshape (Reshape)             (None, 1, 4)          0           bg_dense2[0][0]                  
____________________________________________________________________________________________________
multiply (Multiply)              (None, 16, 4)         0           spec_reshape[0][0]               
                                                                   bg_reshape[0][0]                 
____________________________________________________________________________________________________
flatten (Flatten)                (None, 64)            0           multiply[0][0]                   
____________________________________________________________________________________________________
dense (Dense)                    (None, 1)             65          flatten[0][0]                    
====================================================================================================
Total params: 678,577
Trainable params: 678,575
Non-trainable params: 2
____________________________________________________________________________________________________
         acc      loss   val_acc  val_loss
0   0.503418  8.014311  0.488159  8.258105
1   0.497925  8.099271  0.501953  8.033126
2   0.503296  8.010597  0.512695  7.858318
3   0.508301  7.928284  0.492798  8.207790
4   0.486816  8.299256  0.497314  8.126401
5   0.501343  8.059155  0.505127  7.996189
6   0.495850  8.144258  0.503784  8.015066
7   0.501587  8.049451  0.500244  8.070157
8   0.509521  7.919855  0.494507  8.161152
9   0.501953  8.040532  0.500488  8.063581
10  0.509033  7.925369  0.499756  8.074443
11  0.497925  8.103551  0.504395  7.998885
12  0.502197  8.033954  0.500977  8.053295
13  0.505859  7.974291  0.501953  8.036960
14  0.512695  7.863549  0.499268  8.079719
15  0.506226  7.967332  0.500366  8.061543
16  0.501953  8.035754  0.496460  8.124088
17  0.494385  8.157347  0.498047  8.098138
18  0.506470  7.962209  0.494019  8.162735
19  0.506836  7.955993  0.501587  8.040450
20  0.505005  7.985223  0.496582  8.120851
21  0.497681  8.103019  0.508057  7.935656
22  0.490967  8.210995  0.502441  8.025931
23  0.507568  7.943183  0.504150  7.998163
24  0.499390  8.074787  0.501099  8.047130
25  0.500488  8.056857  0.498169  8.094128
26  0.500122  8.062533  0.502808  8.019130
27  0.496704  8.117388  0.493164  8.174325
28  0.494751  8.148622  0.497314  8.107175
29  0.497681  8.101142  0.497681  8.101008
30  0.503052  8.014300  0.509521  7.909882
31  0.493652  8.165520  0.499634  8.068967

2018-01-19 21:36:05.548077 Finish.
Total elapsed time: 04:35:27.55.
