2018-01-19 17:00:10.961720: W tensorflow/core/platform/cpu_feature_guard.cc:45] The TensorFlow library wasn't compiled to use SSE4.1 instructions, but these are available on your machine and could speed up CPU computations.
2018-01-19 17:00:10.961926: W tensorflow/core/platform/cpu_feature_guard.cc:45] The TensorFlow library wasn't compiled to use SSE4.2 instructions, but these are available on your machine and could speed up CPU computations.
2018-01-19 17:00:10.961937: W tensorflow/core/platform/cpu_feature_guard.cc:45] The TensorFlow library wasn't compiled to use AVX instructions, but these are available on your machine and could speed up CPU computations.
2018-01-19 17:00:10.961942: W tensorflow/core/platform/cpu_feature_guard.cc:45] The TensorFlow library wasn't compiled to use AVX2 instructions, but these are available on your machine and could speed up CPU computations.
2018-01-19 17:00:10.961947: W tensorflow/core/platform/cpu_feature_guard.cc:45] The TensorFlow library wasn't compiled to use FMA instructions, but these are available on your machine and could speed up CPU computations.
Using TensorFlow backend.
2018-01-19 17:00:05.833937 Start.
Training NTT-like convnet on BirdVox-70k with PCEN input. 
Training set: unit05, unit07, unit10.
Validation set: unit01, unit02.
Test set: unit03.

h5py version: 2.6.0
keras version: 2.0.6
numpy version: 1.13.1
pandas version: 0.20.3
pescador version: 1.0.0
tensorflow version: 1.2.1

____________________________________________________________________________________________________
Layer (type)                     Output Shape          Param #     Connected to                     
====================================================================================================
spec_input (InputLayer)          (None, 128, 104, 1)   0                                            
____________________________________________________________________________________________________
spec_bn (BatchNormalization)     (None, 128, 104, 1)   4           spec_input[0][0]                 
____________________________________________________________________________________________________
spec_conv1 (Conv2D)              (None, 128, 104, 24)  624         spec_bn[0][0]                    
____________________________________________________________________________________________________
bg_input (InputLayer)            (None, 128, 9)        0                                            
____________________________________________________________________________________________________
spec_pool1 (MaxPooling2D)        (None, 64, 26, 24)    0           spec_conv1[0][0]                 
____________________________________________________________________________________________________
bg_pool (AveragePooling1D)       (None, 32, 9)         0           bg_input[0][0]                   
____________________________________________________________________________________________________
spec_conv2 (Conv2D)              (None, 64, 26, 48)    28848       spec_pool1[0][0]                 
____________________________________________________________________________________________________
bg_permute (Permute)             (None, 9, 32)         0           bg_pool[0][0]                    
____________________________________________________________________________________________________
spec_pool2 (MaxPooling2D)        (None, 32, 6, 48)     0           spec_conv2[0][0]                 
____________________________________________________________________________________________________
bg_conv (Conv1D)                 (None, 9, 8)          264         bg_permute[0][0]                 
____________________________________________________________________________________________________
spec_conv3 (Conv2D)              (None, 32, 6, 48)     57648       spec_pool2[0][0]                 
____________________________________________________________________________________________________
bg_flatten (Flatten)             (None, 72)            0           bg_conv[0][0]                    
____________________________________________________________________________________________________
spec_flatten (Flatten)           (None, 9216)          0           spec_conv3[0][0]                 
____________________________________________________________________________________________________
bg_dense1 (Dense)                (None, 16)            1168        bg_flatten[0][0]                 
____________________________________________________________________________________________________
spec_dense1 (Dense)              (None, 64)            589888      spec_flatten[0][0]               
____________________________________________________________________________________________________
bg_dense2 (Dense)                (None, 4)             68          bg_dense1[0][0]                  
____________________________________________________________________________________________________
spec_reshape (Reshape)           (None, 16, 4)         0           spec_dense1[0][0]                
____________________________________________________________________________________________________
bg_reshape (Reshape)             (None, 1, 4)          0           bg_dense2[0][0]                  
____________________________________________________________________________________________________
multiply (Multiply)              (None, 16, 4)         0           spec_reshape[0][0]               
                                                                   bg_reshape[0][0]                 
____________________________________________________________________________________________________
flatten (Flatten)                (None, 64)            0           multiply[0][0]                   
____________________________________________________________________________________________________
dense (Dense)                    (None, 1)             65          flatten[0][0]                    
====================================================================================================
Total params: 678,577
Trainable params: 678,575
Non-trainable params: 2
____________________________________________________________________________________________________
         acc      loss   val_acc  val_loss
0   0.491699  8.313618  0.493774  8.277568
1   0.495605  8.245215  0.494507  8.254699
2   0.504395  8.091545  0.497925  8.195763
3   0.505127  8.076279  0.496094  8.217830
4   0.503906  8.089279  0.497070  8.196243
5   0.496826  8.197090  0.499268  8.154672
6   0.505981  8.037945  0.516357  7.873231
7   0.508057  8.002716  0.493408  8.237533
8   0.501099  8.110845  0.513062  7.915262
9   0.498169  8.148897  0.498413  8.144130
10  0.677002  5.280330  0.654907  5.641422
11  0.709473  4.747955  0.659180  5.562288
12  0.703247  4.839990  0.544434  7.536625
13  0.551025  7.538514  0.514893  8.102307
14  0.555542  7.428726  0.514771  8.074166
15  0.554565  7.418046  0.520874  7.948243
16  0.557007  7.354827  0.516235  8.002768
17  0.554688  7.373020  0.519043  7.934149
18  0.563354  7.214616  0.519531  7.910184
19  0.566528  7.146255  0.522583  7.846301
20  0.569336  7.085211  0.524780  7.793806
21  0.574707  6.980216  0.514038  7.952845
22  0.567139  7.092375  0.537964  7.554293
23  0.580322  6.867429  0.531006  7.652558
24  0.590332  6.694594  0.527832  7.696490
25  0.589111  6.701692  0.528809  7.668570
26  0.595947  6.581771  0.536865  7.531296
27  0.605957  6.411911  0.534424  7.560387
28  0.616821  6.228455  0.546509  7.360040
29  0.625366  6.078043  0.555542  7.207382
30  0.633301  5.947466  0.565063  7.046037
31  0.659912  5.516483  0.563843  7.062084

2018-01-19 21:13:24.514646 Finish.
Total elapsed time: 04:13:19.51.
