2018-01-19 17:01:17.131661: W tensorflow/core/platform/cpu_feature_guard.cc:45] The TensorFlow library wasn't compiled to use SSE4.1 instructions, but these are available on your machine and could speed up CPU computations.
2018-01-19 17:01:17.131979: W tensorflow/core/platform/cpu_feature_guard.cc:45] The TensorFlow library wasn't compiled to use SSE4.2 instructions, but these are available on your machine and could speed up CPU computations.
2018-01-19 17:01:17.131998: W tensorflow/core/platform/cpu_feature_guard.cc:45] The TensorFlow library wasn't compiled to use AVX instructions, but these are available on your machine and could speed up CPU computations.
2018-01-19 17:01:17.132007: W tensorflow/core/platform/cpu_feature_guard.cc:45] The TensorFlow library wasn't compiled to use AVX2 instructions, but these are available on your machine and could speed up CPU computations.
2018-01-19 17:01:17.132016: W tensorflow/core/platform/cpu_feature_guard.cc:45] The TensorFlow library wasn't compiled to use FMA instructions, but these are available on your machine and could speed up CPU computations.
Using TensorFlow backend.
2018-01-19 17:00:38.348957 Start.
Training NTT-like convnet on BirdVox-70k with PCEN input. 
Training set: unit07, unit10, unit01.
Validation set: unit02, unit03.
Test set: unit05.

h5py version: 2.6.0
keras version: 2.0.6
numpy version: 1.13.1
pandas version: 0.20.3
pescador version: 1.0.0
tensorflow version: 1.2.1

____________________________________________________________________________________________________
Layer (type)                     Output Shape          Param #     Connected to                     
====================================================================================================
spec_input (InputLayer)          (None, 128, 104, 1)   0                                            
____________________________________________________________________________________________________
spec_bn (BatchNormalization)     (None, 128, 104, 1)   4           spec_input[0][0]                 
____________________________________________________________________________________________________
spec_conv1 (Conv2D)              (None, 128, 104, 24)  624         spec_bn[0][0]                    
____________________________________________________________________________________________________
bg_input (InputLayer)            (None, 128, 9)        0                                            
____________________________________________________________________________________________________
spec_pool1 (MaxPooling2D)        (None, 64, 26, 24)    0           spec_conv1[0][0]                 
____________________________________________________________________________________________________
bg_pool (AveragePooling1D)       (None, 32, 9)         0           bg_input[0][0]                   
____________________________________________________________________________________________________
spec_conv2 (Conv2D)              (None, 64, 26, 48)    28848       spec_pool1[0][0]                 
____________________________________________________________________________________________________
bg_permute (Permute)             (None, 9, 32)         0           bg_pool[0][0]                    
____________________________________________________________________________________________________
spec_pool2 (MaxPooling2D)        (None, 32, 6, 48)     0           spec_conv2[0][0]                 
____________________________________________________________________________________________________
bg_conv (Conv1D)                 (None, 9, 8)          264         bg_permute[0][0]                 
____________________________________________________________________________________________________
spec_conv3 (Conv2D)              (None, 32, 6, 48)     57648       spec_pool2[0][0]                 
____________________________________________________________________________________________________
bg_flatten (Flatten)             (None, 72)            0           bg_conv[0][0]                    
____________________________________________________________________________________________________
spec_flatten (Flatten)           (None, 9216)          0           spec_conv3[0][0]                 
____________________________________________________________________________________________________
bg_dense1 (Dense)                (None, 16)            1168        bg_flatten[0][0]                 
____________________________________________________________________________________________________
spec_dense1 (Dense)              (None, 64)            589888      spec_flatten[0][0]               
____________________________________________________________________________________________________
bg_dense2 (Dense)                (None, 4)             68          bg_dense1[0][0]                  
____________________________________________________________________________________________________
spec_reshape (Reshape)           (None, 16, 4)         0           spec_dense1[0][0]                
____________________________________________________________________________________________________
bg_reshape (Reshape)             (None, 1, 4)          0           bg_dense2[0][0]                  
____________________________________________________________________________________________________
multiply (Multiply)              (None, 16, 4)         0           spec_reshape[0][0]               
                                                                   bg_reshape[0][0]                 
____________________________________________________________________________________________________
flatten (Flatten)                (None, 64)            0           multiply[0][0]                   
____________________________________________________________________________________________________
dense (Dense)                    (None, 1)             65          flatten[0][0]                    
====================================================================================================
Total params: 678,577
Trainable params: 678,575
Non-trainable params: 2
____________________________________________________________________________________________________
         acc      loss   val_acc  val_loss
0   0.762085  0.500551  0.607910  1.380512
1   0.828613  0.413712  0.722168  1.242793
2   0.887695  0.301677  0.802246  0.751434
3   0.902100  0.276188  0.841797  0.609709
4   0.921875  0.234621  0.857422  0.561737
5   0.926636  0.221437  0.827515  0.672755
6   0.929932  0.210506  0.826904  0.729754
7   0.931885  0.199005  0.868896  0.521963
8   0.935669  0.196591  0.846436  0.598658
9   0.946289  0.167024  0.876343  0.472432
10  0.942749  0.176952  0.896362  0.388573
11  0.942627  0.174002  0.888062  0.447574
12  0.944702  0.169557  0.889160  0.470810
13  0.948730  0.160226  0.878418  0.486678
14  0.948120  0.161837  0.877319  0.529271
15  0.950928  0.154779  0.873047  0.557816
16  0.947510  0.162469  0.903564  0.286492
17  0.952148  0.150091  0.905029  0.369388
18  0.952148  0.143914  0.909668  0.346601
19  0.955078  0.143060  0.915405  0.359531
20  0.959229  0.133406  0.910645  0.428127
21  0.954224  0.143945  0.940430  0.239445
22  0.956055  0.151404  0.897217  0.411915
23  0.955444  0.138176  0.907593  0.399617
24  0.958374  0.137483  0.895386  0.439529
25  0.958496  0.142900  0.911865  0.344368
26  0.959229  0.135325  0.911133  0.402302
27  0.961060  0.129415  0.927368  0.294300
28  0.958984  0.132391  0.914551  0.341157
29  0.959595  0.132233  0.935425  0.241827
30  0.962524  0.129938  0.900024  0.408930
31  0.958374  0.137310  0.928711  0.307201

2018-01-19 21:32:53.545309 Finish.
Total elapsed time: 04:32:15.55.
