2018-01-19 17:03:13.517532: W tensorflow/core/platform/cpu_feature_guard.cc:45] The TensorFlow library wasn't compiled to use SSE4.1 instructions, but these are available on your machine and could speed up CPU computations.
2018-01-19 17:03:13.517824: W tensorflow/core/platform/cpu_feature_guard.cc:45] The TensorFlow library wasn't compiled to use SSE4.2 instructions, but these are available on your machine and could speed up CPU computations.
2018-01-19 17:03:13.517836: W tensorflow/core/platform/cpu_feature_guard.cc:45] The TensorFlow library wasn't compiled to use AVX instructions, but these are available on your machine and could speed up CPU computations.
Using TensorFlow backend.
2018-01-19 17:03:05.972787 Start.
Training NTT-like convnet on BirdVox-70k with PCEN input. 
Training set: unit01, unit02, unit03.
Validation set: unit05, unit07.
Test set: unit10.

h5py version: 2.6.0
keras version: 2.0.6
numpy version: 1.13.1
pandas version: 0.20.3
pescador version: 1.0.0
tensorflow version: 1.2.1

____________________________________________________________________________________________________
Layer (type)                     Output Shape          Param #     Connected to                     
====================================================================================================
spec_input (InputLayer)          (None, 128, 104, 1)   0                                            
____________________________________________________________________________________________________
spec_bn (BatchNormalization)     (None, 128, 104, 1)   4           spec_input[0][0]                 
____________________________________________________________________________________________________
spec_conv1 (Conv2D)              (None, 128, 104, 24)  624         spec_bn[0][0]                    
____________________________________________________________________________________________________
bg_input (InputLayer)            (None, 128, 9)        0                                            
____________________________________________________________________________________________________
spec_pool1 (MaxPooling2D)        (None, 64, 26, 24)    0           spec_conv1[0][0]                 
____________________________________________________________________________________________________
bg_pool (AveragePooling1D)       (None, 32, 9)         0           bg_input[0][0]                   
____________________________________________________________________________________________________
spec_conv2 (Conv2D)              (None, 64, 26, 48)    28848       spec_pool1[0][0]                 
____________________________________________________________________________________________________
bg_permute (Permute)             (None, 9, 32)         0           bg_pool[0][0]                    
____________________________________________________________________________________________________
spec_pool2 (MaxPooling2D)        (None, 32, 6, 48)     0           spec_conv2[0][0]                 
____________________________________________________________________________________________________
bg_conv (Conv1D)                 (None, 9, 8)          264         bg_permute[0][0]                 
____________________________________________________________________________________________________
spec_conv3 (Conv2D)              (None, 32, 6, 48)     57648       spec_pool2[0][0]                 
____________________________________________________________________________________________________
bg_flatten (Flatten)             (None, 72)            0           bg_conv[0][0]                    
____________________________________________________________________________________________________
spec_flatten (Flatten)           (None, 9216)          0           spec_conv3[0][0]                 
____________________________________________________________________________________________________
bg_dense1 (Dense)                (None, 16)            1168        bg_flatten[0][0]                 
____________________________________________________________________________________________________
spec_dense1 (Dense)              (None, 64)            589888      spec_flatten[0][0]               
____________________________________________________________________________________________________
bg_dense2 (Dense)                (None, 4)             68          bg_dense1[0][0]                  
____________________________________________________________________________________________________
spec_reshape (Reshape)           (None, 16, 4)         0           spec_dense1[0][0]                
____________________________________________________________________________________________________
bg_reshape (Reshape)             (None, 1, 4)          0           bg_dense2[0][0]                  
____________________________________________________________________________________________________
multiply (Multiply)              (None, 16, 4)         0           spec_reshape[0][0]               
                                                                   bg_reshape[0][0]                 
____________________________________________________________________________________________________
flatten (Flatten)                (None, 64)            0           multiply[0][0]                   
____________________________________________________________________________________________________
dense (Dense)                    (None, 1)             65          flatten[0][0]                    
====================================================================================================
Total params: 678,577
Trainable params: 678,575
Non-trainable params: 2
____________________________________________________________________________________________________
         acc      loss   val_acc  val_loss
0   0.495117  8.105735  0.493652  8.118307
1   0.494019  8.120008  0.496582  8.069765
2   0.498657  8.043047  0.502197  7.977357
3   0.501343  7.999551  0.501465  7.987700
4   0.512695  7.815253  0.504028  7.946441
5   0.505371  7.932527  0.498047  8.040452
6   0.509277  7.888292  0.501221  8.063653
7   0.504639  8.005686  0.497681  8.116279
8   0.495605  8.148730  0.498047  8.108427
9   0.493530  8.180331  0.495117  8.153866
10  0.499146  8.088081  0.499146  8.087229
11  0.494629  8.159204  0.505859  7.977372
12  0.503540  8.013966  0.503174  8.019085
13  0.503540  8.012432  0.513794  7.846415
14  0.496460  8.125100  0.498291  8.094891
15  0.499390  8.076526  0.503052  8.016856
16  0.501709  8.037898  0.497559  8.104208
17  0.497192  8.109570  0.491821  8.195617
18  0.495361  8.138079  0.500977  8.047110
19  0.498901  8.080143  0.507202  7.945952
20  0.496094  8.124645  0.498169  8.090860
21  0.502563  8.019735  0.497070  8.107998
22  0.498901  8.078246  0.491455  8.198043
23  0.496704  8.113250  0.504272  7.991088
24  0.495972  8.124736  0.497803  8.095090
25  0.496826  8.110722  0.506714  7.951254
26  0.506348  7.957078  0.503174  8.008164
27  0.496826  8.110422  0.499268  8.071024
28  0.505859  7.964740  0.486084  8.283450
29  0.497803  8.094542  0.507080  7.944989
30  0.500122  8.072996  0.499023  8.112194
31  0.500610  8.079985  0.505371  7.999544

2018-01-19 21:11:17.267719 Finish.
Total elapsed time: 04:08:12.27.
