2018-01-19 17:01:28.845347: W tensorflow/core/platform/cpu_feature_guard.cc:45] The TensorFlow library wasn't compiled to use SSE4.1 instructions, but these are available on your machine and could speed up CPU computations.
2018-01-19 17:01:28.845723: W tensorflow/core/platform/cpu_feature_guard.cc:45] The TensorFlow library wasn't compiled to use SSE4.2 instructions, but these are available on your machine and could speed up CPU computations.
2018-01-19 17:01:28.845742: W tensorflow/core/platform/cpu_feature_guard.cc:45] The TensorFlow library wasn't compiled to use AVX instructions, but these are available on your machine and could speed up CPU computations.
2018-01-19 17:01:28.845750: W tensorflow/core/platform/cpu_feature_guard.cc:45] The TensorFlow library wasn't compiled to use AVX2 instructions, but these are available on your machine and could speed up CPU computations.
2018-01-19 17:01:28.845758: W tensorflow/core/platform/cpu_feature_guard.cc:45] The TensorFlow library wasn't compiled to use FMA instructions, but these are available on your machine and could speed up CPU computations.
Using TensorFlow backend.
2018-01-19 17:00:38.350377 Start.
Training NTT-like convnet on BirdVox-70k with PCEN input. 
Training set: unit03, unit05, unit07.
Validation set: unit10, unit01.
Test set: unit02.

h5py version: 2.6.0
keras version: 2.0.6
numpy version: 1.13.1
pandas version: 0.20.3
pescador version: 1.0.0
tensorflow version: 1.2.1

____________________________________________________________________________________________________
Layer (type)                     Output Shape          Param #     Connected to                     
====================================================================================================
spec_input (InputLayer)          (None, 128, 104, 1)   0                                            
____________________________________________________________________________________________________
spec_bn (BatchNormalization)     (None, 128, 104, 1)   4           spec_input[0][0]                 
____________________________________________________________________________________________________
spec_conv1 (Conv2D)              (None, 128, 104, 24)  624         spec_bn[0][0]                    
____________________________________________________________________________________________________
bg_input (InputLayer)            (None, 128, 9)        0                                            
____________________________________________________________________________________________________
spec_pool1 (MaxPooling2D)        (None, 64, 26, 24)    0           spec_conv1[0][0]                 
____________________________________________________________________________________________________
bg_pool (AveragePooling1D)       (None, 32, 9)         0           bg_input[0][0]                   
____________________________________________________________________________________________________
spec_conv2 (Conv2D)              (None, 64, 26, 48)    28848       spec_pool1[0][0]                 
____________________________________________________________________________________________________
bg_permute (Permute)             (None, 9, 32)         0           bg_pool[0][0]                    
____________________________________________________________________________________________________
spec_pool2 (MaxPooling2D)        (None, 32, 6, 48)     0           spec_conv2[0][0]                 
____________________________________________________________________________________________________
bg_conv (Conv1D)                 (None, 9, 8)          264         bg_permute[0][0]                 
____________________________________________________________________________________________________
spec_conv3 (Conv2D)              (None, 32, 6, 48)     57648       spec_pool2[0][0]                 
____________________________________________________________________________________________________
bg_flatten (Flatten)             (None, 72)            0           bg_conv[0][0]                    
____________________________________________________________________________________________________
spec_flatten (Flatten)           (None, 9216)          0           spec_conv3[0][0]                 
____________________________________________________________________________________________________
bg_dense1 (Dense)                (None, 16)            1168        bg_flatten[0][0]                 
____________________________________________________________________________________________________
spec_dense1 (Dense)              (None, 64)            589888      spec_flatten[0][0]               
____________________________________________________________________________________________________
bg_dense2 (Dense)                (None, 4)             68          bg_dense1[0][0]                  
____________________________________________________________________________________________________
spec_reshape (Reshape)           (None, 16, 4)         0           spec_dense1[0][0]                
____________________________________________________________________________________________________
bg_reshape (Reshape)             (None, 1, 4)          0           bg_dense2[0][0]                  
____________________________________________________________________________________________________
multiply (Multiply)              (None, 16, 4)         0           spec_reshape[0][0]               
                                                                   bg_reshape[0][0]                 
____________________________________________________________________________________________________
flatten (Flatten)                (None, 64)            0           multiply[0][0]                   
____________________________________________________________________________________________________
dense (Dense)                    (None, 1)             65          flatten[0][0]                    
====================================================================================================
Total params: 678,577
Trainable params: 678,575
Non-trainable params: 2
____________________________________________________________________________________________________
         acc      loss   val_acc  val_loss
0   0.491333  8.211982  0.490356  8.226422
1   0.490723  8.219488  0.492188  8.194934
2   0.495728  8.137090  0.498535  8.091106
3   0.494507  8.155411  0.505371  7.979713
4   0.509399  7.914274  0.498535  8.088900
5   0.501221  8.045185  0.497070  8.111669
6   0.498535  8.087688  0.505005  7.983050
7   0.502930  8.016171  0.493774  8.163420
8   0.496094  8.125744  0.502441  8.023147
9   0.494751  8.146839  0.504395  7.991146
10  0.521729  7.711518  0.500854  8.047735
11  0.497437  8.102612  0.492554  8.181106
12  0.497681  8.098278  0.509766  7.903306
13  0.503540  8.003482  0.504028  7.995449
14  0.504761  7.983497  0.491943  8.189949
15  0.501587  8.034388  0.503418  8.004756
16  0.509155  7.912178  0.497925  8.093094
17  0.496582  8.114652  0.511963  7.866663
18  0.494507  8.147955  0.497803  8.094770
19  0.502075  8.025855  0.497314  8.102543
20  0.500732  8.047415  0.496704  8.112310
21  0.491821  8.190985  0.501953  8.027656
22  0.502441  8.019767  0.496704  8.112226
23  0.498291  8.086636  0.501465  8.035470
24  0.498169  8.088586  0.496826  8.110223
25  0.492798  8.175147  0.501465  8.035448
26  0.500488  8.051185  0.503540  8.001995
27  0.507324  7.941000  0.501099  8.041343
28  0.492188  8.143734  0.496216  8.066315
29  0.492310  8.123112  0.498535  8.019456
30  0.503906  7.930607  0.492920  8.102864
31  0.505005  7.907871  0.501099  7.968015

2018-01-19 20:51:35.645428 Finish.
Total elapsed time: 03:50:57.65.
