2018-01-19 17:00:13.719393: W tensorflow/core/platform/cpu_feature_guard.cc:45] The TensorFlow library wasn't compiled to use SSE4.1 instructions, but these are available on your machine and could speed up CPU computations.
2018-01-19 17:00:13.719582: W tensorflow/core/platform/cpu_feature_guard.cc:45] The TensorFlow library wasn't compiled to use SSE4.2 instructions, but these are available on your machine and could speed up CPU computations.
2018-01-19 17:00:13.719594: W tensorflow/core/platform/cpu_feature_guard.cc:45] The TensorFlow library wasn't compiled to use AVX instructions, but these are available on your machine and could speed up CPU computations.
2018-01-19 17:00:13.719598: W tensorflow/core/platform/cpu_feature_guard.cc:45] The TensorFlow library wasn't compiled to use AVX2 instructions, but these are available on your machine and could speed up CPU computations.
2018-01-19 17:00:13.719603: W tensorflow/core/platform/cpu_feature_guard.cc:45] The TensorFlow library wasn't compiled to use FMA instructions, but these are available on your machine and could speed up CPU computations.
Using TensorFlow backend.
2018-01-19 17:00:09.683707 Start.
Training NTT-like convnet on BirdVox-70k with PCEN input. 
Training set: unit01, unit02, unit03.
Validation set: unit05, unit07.
Test set: unit10.

h5py version: 2.6.0
keras version: 2.0.6
numpy version: 1.13.1
pandas version: 0.20.3
pescador version: 1.0.0
tensorflow version: 1.2.1

____________________________________________________________________________________________________
Layer (type)                     Output Shape          Param #     Connected to                     
====================================================================================================
spec_input (InputLayer)          (None, 128, 104, 1)   0                                            
____________________________________________________________________________________________________
spec_bn (BatchNormalization)     (None, 128, 104, 1)   4           spec_input[0][0]                 
____________________________________________________________________________________________________
spec_conv1 (Conv2D)              (None, 128, 104, 24)  624         spec_bn[0][0]                    
____________________________________________________________________________________________________
bg_input (InputLayer)            (None, 128, 9)        0                                            
____________________________________________________________________________________________________
spec_pool1 (MaxPooling2D)        (None, 64, 26, 24)    0           spec_conv1[0][0]                 
____________________________________________________________________________________________________
bg_pool (AveragePooling1D)       (None, 32, 9)         0           bg_input[0][0]                   
____________________________________________________________________________________________________
spec_conv2 (Conv2D)              (None, 64, 26, 48)    28848       spec_pool1[0][0]                 
____________________________________________________________________________________________________
bg_permute (Permute)             (None, 9, 32)         0           bg_pool[0][0]                    
____________________________________________________________________________________________________
spec_pool2 (MaxPooling2D)        (None, 32, 6, 48)     0           spec_conv2[0][0]                 
____________________________________________________________________________________________________
bg_conv (Conv1D)                 (None, 9, 8)          264         bg_permute[0][0]                 
____________________________________________________________________________________________________
spec_conv3 (Conv2D)              (None, 32, 6, 48)     57648       spec_pool2[0][0]                 
____________________________________________________________________________________________________
bg_flatten (Flatten)             (None, 72)            0           bg_conv[0][0]                    
____________________________________________________________________________________________________
spec_flatten (Flatten)           (None, 9216)          0           spec_conv3[0][0]                 
____________________________________________________________________________________________________
bg_dense1 (Dense)                (None, 16)            1168        bg_flatten[0][0]                 
____________________________________________________________________________________________________
spec_dense1 (Dense)              (None, 64)            589888      spec_flatten[0][0]               
____________________________________________________________________________________________________
bg_dense2 (Dense)                (None, 4)             68          bg_dense1[0][0]                  
____________________________________________________________________________________________________
spec_reshape (Reshape)           (None, 16, 4)         0           spec_dense1[0][0]                
____________________________________________________________________________________________________
bg_reshape (Reshape)             (None, 1, 4)          0           bg_dense2[0][0]                  
____________________________________________________________________________________________________
multiply (Multiply)              (None, 16, 4)         0           spec_reshape[0][0]               
                                                                   bg_reshape[0][0]                 
____________________________________________________________________________________________________
flatten (Flatten)                (None, 64)            0           multiply[0][0]                   
____________________________________________________________________________________________________
dense (Dense)                    (None, 1)             65          flatten[0][0]                    
====================================================================================================
Total params: 678,577
Trainable params: 678,575
Non-trainable params: 2
____________________________________________________________________________________________________
         acc      loss   val_acc  val_loss
0   0.950195  0.165756  0.911255  0.240857
1   0.944336  0.186336  0.858887  0.340473
2   0.953125  0.157219  0.909668  0.255181
3   0.953613  0.152175  0.940308  0.225803
4   0.957031  0.143397  0.961914  0.145880
5   0.947876  0.163424  0.952148  0.233040
6   0.946899  0.164893  0.956909  0.157832
7   0.954468  0.157691  0.954346  0.181407
8   0.959717  0.139019  0.883057  0.327983
9   0.953979  0.149927  0.947998  0.182270
10  0.960449  0.145710  0.942017  0.257891
11  0.958496  0.144195  0.951416  0.203433
12  0.958740  0.153346  0.935059  0.297362
13  0.940063  0.203301  0.951538  0.213054
14  0.934204  0.216409  0.896606  0.308410
15  0.888062  0.419233  0.935547  0.262144
16  0.929565  0.289987  0.951172  0.252237
17  0.933350  0.252399  0.949585  0.213792
18  0.941162  0.217031  0.960327  0.169078
19  0.783936  3.091429  0.497803  8.053395
20  0.498901  8.027971  0.492554  8.122655
21  0.498657  8.020653  0.507080  7.882231
22  0.486328  8.209846  0.505371  7.903355
23  0.505127  7.904926  0.501953  7.953413
24  0.499878  7.984784  0.508911  7.839209
25  0.501099  8.033202  0.503296  8.037715
26  0.504395  8.013144  0.485962  8.305219
27  0.497681  8.113216  0.495728  8.142067
28  0.490234  8.228683  0.509766  7.912179
29  0.501343  8.046616  0.500244  8.063129
30  0.500366  8.060199  0.496582  8.120313
31  0.503296  8.011376  0.504517  7.991034

2018-01-19 21:29:44.473700 Finish.
Total elapsed time: 04:29:35.47.
