2018-01-19 17:00:12.439723: W tensorflow/core/platform/cpu_feature_guard.cc:45] The TensorFlow library wasn't compiled to use SSE4.1 instructions, but these are available on your machine and could speed up CPU computations.
2018-01-19 17:00:12.439944: W tensorflow/core/platform/cpu_feature_guard.cc:45] The TensorFlow library wasn't compiled to use SSE4.2 instructions, but these are available on your machine and could speed up CPU computations.
2018-01-19 17:00:12.439962: W tensorflow/core/platform/cpu_feature_guard.cc:45] The TensorFlow library wasn't compiled to use AVX instructions, but these are available on your machine and could speed up CPU computations.
2018-01-19 17:00:12.439971: W tensorflow/core/platform/cpu_feature_guard.cc:45] The TensorFlow library wasn't compiled to use AVX2 instructions, but these are available on your machine and could speed up CPU computations.
2018-01-19 17:00:12.439979: W tensorflow/core/platform/cpu_feature_guard.cc:45] The TensorFlow library wasn't compiled to use FMA instructions, but these are available on your machine and could speed up CPU computations.
Using TensorFlow backend.
2018-01-19 17:00:06.852113 Start.
Training NTT-like convnet on BirdVox-70k with PCEN input. 
Training set: unit02, unit03, unit05.
Validation set: unit07, unit10.
Test set: unit01.

h5py version: 2.6.0
keras version: 2.0.6
numpy version: 1.13.1
pandas version: 0.20.3
pescador version: 1.0.0
tensorflow version: 1.2.1

____________________________________________________________________________________________________
Layer (type)                     Output Shape          Param #     Connected to                     
====================================================================================================
spec_input (InputLayer)          (None, 128, 104, 1)   0                                            
____________________________________________________________________________________________________
spec_bn (BatchNormalization)     (None, 128, 104, 1)   4           spec_input[0][0]                 
____________________________________________________________________________________________________
spec_conv1 (Conv2D)              (None, 128, 104, 24)  624         spec_bn[0][0]                    
____________________________________________________________________________________________________
bg_input (InputLayer)            (None, 128, 9)        0                                            
____________________________________________________________________________________________________
spec_pool1 (MaxPooling2D)        (None, 64, 26, 24)    0           spec_conv1[0][0]                 
____________________________________________________________________________________________________
bg_pool (AveragePooling1D)       (None, 32, 9)         0           bg_input[0][0]                   
____________________________________________________________________________________________________
spec_conv2 (Conv2D)              (None, 64, 26, 48)    28848       spec_pool1[0][0]                 
____________________________________________________________________________________________________
bg_permute (Permute)             (None, 9, 32)         0           bg_pool[0][0]                    
____________________________________________________________________________________________________
spec_pool2 (MaxPooling2D)        (None, 32, 6, 48)     0           spec_conv2[0][0]                 
____________________________________________________________________________________________________
bg_conv (Conv1D)                 (None, 9, 8)          264         bg_permute[0][0]                 
____________________________________________________________________________________________________
spec_conv3 (Conv2D)              (None, 32, 6, 48)     57648       spec_pool2[0][0]                 
____________________________________________________________________________________________________
bg_flatten (Flatten)             (None, 72)            0           bg_conv[0][0]                    
____________________________________________________________________________________________________
spec_flatten (Flatten)           (None, 9216)          0           spec_conv3[0][0]                 
____________________________________________________________________________________________________
bg_dense1 (Dense)                (None, 16)            1168        bg_flatten[0][0]                 
____________________________________________________________________________________________________
spec_dense1 (Dense)              (None, 64)            589888      spec_flatten[0][0]               
____________________________________________________________________________________________________
bg_dense2 (Dense)                (None, 4)             68          bg_dense1[0][0]                  
____________________________________________________________________________________________________
spec_reshape (Reshape)           (None, 16, 4)         0           spec_dense1[0][0]                
____________________________________________________________________________________________________
bg_reshape (Reshape)             (None, 1, 4)          0           bg_dense2[0][0]                  
____________________________________________________________________________________________________
multiply (Multiply)              (None, 16, 4)         0           spec_reshape[0][0]               
                                                                   bg_reshape[0][0]                 
____________________________________________________________________________________________________
flatten (Flatten)                (None, 64)            0           multiply[0][0]                   
____________________________________________________________________________________________________
dense (Dense)                    (None, 1)             65          flatten[0][0]                    
====================================================================================================
Total params: 678,577
Trainable params: 678,575
Non-trainable params: 2
____________________________________________________________________________________________________
         acc      loss   val_acc  val_loss
0   0.966675  0.142529  0.953125  0.193813
1   0.969971  0.127914  0.898315  0.315693
2   0.974243  0.110372  0.955933  0.179817
3   0.977295  0.091507  0.943970  0.196551
4   0.979858  0.083534  0.952515  0.172754
5   0.979370  0.086666  0.949341  0.193726
6   0.978394  0.084439  0.886963  0.350885
7   0.977661  0.093680  0.948730  0.208967
8   0.978638  0.100971  0.953125  0.205763
9   0.975098  0.101593  0.962158  0.166523
10  0.981689  0.090864  0.966431  0.161874
11  0.980347  0.092414  0.964722  0.159311
12  0.983398  0.078359  0.913696  0.289253
13  0.981812  0.079469  0.956665  0.164684
14  0.981201  0.078022  0.960938  0.147977
15  0.980591  0.081844  0.961792  0.161879
16  0.973755  0.112556  0.945068  0.173091
17  0.978882  0.090928  0.966553  0.154546
18  0.979858  0.089640  0.969849  0.159320
19  0.972900  0.220433  0.526245  7.587217
20  0.517578  7.839225  0.496338  8.175837
21  0.498779  8.130688  0.507568  7.984172
22  0.501709  8.075056  0.502197  8.064029
23  0.507446  7.976929  0.494385  8.185186
24  0.493896  8.191193  0.495239  8.167830
25  0.492188  8.215570  0.510986  7.911216
26  0.500732  8.075328  0.505005  8.005369
27  0.498169  8.114594  0.501099  8.066464
28  0.505615  7.992855  0.501953  8.051107
29  0.506104  7.983512  0.503906  8.018253
30  0.501343  8.058955  0.499023  8.095739
31  0.501831  8.049930  0.496582  8.133991

2018-01-19 21:20:11.063761 Finish.
Total elapsed time: 04:20:05.06.
