2018-01-19 17:01:47.552976: W tensorflow/core/platform/cpu_feature_guard.cc:45] The TensorFlow library wasn't compiled to use SSE4.1 instructions, but these are available on your machine and could speed up CPU computations.
2018-01-19 17:01:47.553319: W tensorflow/core/platform/cpu_feature_guard.cc:45] The TensorFlow library wasn't compiled to use SSE4.2 instructions, but these are available on your machine and could speed up CPU computations.
2018-01-19 17:01:47.553330: W tensorflow/core/platform/cpu_feature_guard.cc:45] The TensorFlow library wasn't compiled to use AVX instructions, but these are available on your machine and could speed up CPU computations.
2018-01-19 17:01:47.553335: W tensorflow/core/platform/cpu_feature_guard.cc:45] The TensorFlow library wasn't compiled to use AVX2 instructions, but these are available on your machine and could speed up CPU computations.
2018-01-19 17:01:47.553340: W tensorflow/core/platform/cpu_feature_guard.cc:45] The TensorFlow library wasn't compiled to use FMA instructions, but these are available on your machine and could speed up CPU computations.
Using TensorFlow backend.
2018-01-19 17:01:24.358183 Start.
Training NTT-like convnet on BirdVox-70k with PCEN input. 
Training set: unit03, unit05, unit07.
Validation set: unit10, unit01.
Test set: unit02.

h5py version: 2.6.0
keras version: 2.0.6
numpy version: 1.13.1
pandas version: 0.20.3
pescador version: 1.0.0
tensorflow version: 1.2.1

____________________________________________________________________________________________________
Layer (type)                     Output Shape          Param #     Connected to                     
====================================================================================================
spec_input (InputLayer)          (None, 128, 104, 1)   0                                            
____________________________________________________________________________________________________
spec_bn (BatchNormalization)     (None, 128, 104, 1)   4           spec_input[0][0]                 
____________________________________________________________________________________________________
spec_conv1 (Conv2D)              (None, 128, 104, 24)  624         spec_bn[0][0]                    
____________________________________________________________________________________________________
bg_input (InputLayer)            (None, 128, 9)        0                                            
____________________________________________________________________________________________________
spec_pool1 (MaxPooling2D)        (None, 64, 26, 24)    0           spec_conv1[0][0]                 
____________________________________________________________________________________________________
bg_pool (AveragePooling1D)       (None, 32, 9)         0           bg_input[0][0]                   
____________________________________________________________________________________________________
spec_conv2 (Conv2D)              (None, 64, 26, 48)    28848       spec_pool1[0][0]                 
____________________________________________________________________________________________________
bg_permute (Permute)             (None, 9, 32)         0           bg_pool[0][0]                    
____________________________________________________________________________________________________
spec_pool2 (MaxPooling2D)        (None, 32, 6, 48)     0           spec_conv2[0][0]                 
____________________________________________________________________________________________________
bg_conv (Conv1D)                 (None, 9, 8)          264         bg_permute[0][0]                 
____________________________________________________________________________________________________
spec_conv3 (Conv2D)              (None, 32, 6, 48)     57648       spec_pool2[0][0]                 
____________________________________________________________________________________________________
bg_flatten (Flatten)             (None, 72)            0           bg_conv[0][0]                    
____________________________________________________________________________________________________
spec_flatten (Flatten)           (None, 9216)          0           spec_conv3[0][0]                 
____________________________________________________________________________________________________
bg_dense1 (Dense)                (None, 16)            1168        bg_flatten[0][0]                 
____________________________________________________________________________________________________
spec_dense1 (Dense)              (None, 64)            589888      spec_flatten[0][0]               
____________________________________________________________________________________________________
bg_dense2 (Dense)                (None, 4)             68          bg_dense1[0][0]                  
____________________________________________________________________________________________________
spec_reshape (Reshape)           (None, 16, 4)         0           spec_dense1[0][0]                
____________________________________________________________________________________________________
bg_reshape (Reshape)             (None, 1, 4)          0           bg_dense2[0][0]                  
____________________________________________________________________________________________________
multiply (Multiply)              (None, 16, 4)         0           spec_reshape[0][0]               
                                                                   bg_reshape[0][0]                 
____________________________________________________________________________________________________
flatten (Flatten)                (None, 64)            0           multiply[0][0]                   
____________________________________________________________________________________________________
dense (Dense)                    (None, 1)             65          flatten[0][0]                    
====================================================================================================
Total params: 678,577
Trainable params: 678,575
Non-trainable params: 2
____________________________________________________________________________________________________
         acc      loss   val_acc  val_loss
0   0.913086  0.244418  0.744995  0.578103
1   0.932129  0.208349  0.848145  0.464316
2   0.935059  0.200340  0.808838  0.557494
3   0.951050  0.157912  0.822754  0.511090
4   0.954712  0.156746  0.857666  0.412974
5   0.961792  0.137463  0.742798  0.691385
6   0.956787  0.142535  0.842285  0.409208
7   0.959595  0.135343  0.778320  0.631774
8   0.960693  0.127937  0.798828  0.562294
9   0.962280  0.123183  0.825073  0.425989
10  0.966797  0.114761  0.831177  0.425959
11  0.968872  0.113435  0.824829  0.439151
12  0.968750  0.106240  0.865112  0.385552
13  0.971313  0.098325  0.806396  0.503207
14  0.969116  0.100582  0.870850  0.340496
15  0.975342  0.096305  0.848145  0.399019
16  0.969482  0.110504  0.858032  0.337289
17  0.974243  0.093003  0.830444  0.514924
18  0.973877  0.089439  0.790283  0.667608
19  0.974854  0.091943  0.849976  0.398091
20  0.975952  0.090994  0.865356  0.503935
21  0.976196  0.088890  0.858887  0.375471
22  0.974365  0.090457  0.822021  0.581497
23  0.975464  0.094475  0.840332  0.470491
24  0.978271  0.082959  0.873657  0.367355
25  0.978638  0.078921  0.864868  0.418984
26  0.974487  0.088920  0.830200  0.499823
27  0.978394  0.086391  0.837524  0.409237
28  0.976074  0.086695  0.824585  0.635117
29  0.979980  0.070586  0.847778  0.471205
30  0.977783  0.082834  0.877808  0.434633
31  0.976196  0.092852  0.855713  0.457940

2018-01-19 21:15:20.709277 Finish.
Total elapsed time: 04:13:56.71.
