2018-01-19 17:00:25.983744: W tensorflow/core/platform/cpu_feature_guard.cc:45] The TensorFlow library wasn't compiled to use SSE4.1 instructions, but these are available on your machine and could speed up CPU computations.
2018-01-19 17:00:25.983937: W tensorflow/core/platform/cpu_feature_guard.cc:45] The TensorFlow library wasn't compiled to use SSE4.2 instructions, but these are available on your machine and could speed up CPU computations.
2018-01-19 17:00:25.983948: W tensorflow/core/platform/cpu_feature_guard.cc:45] The TensorFlow library wasn't compiled to use AVX instructions, but these are available on your machine and could speed up CPU computations.
2018-01-19 17:00:25.983953: W tensorflow/core/platform/cpu_feature_guard.cc:45] The TensorFlow library wasn't compiled to use AVX2 instructions, but these are available on your machine and could speed up CPU computations.
2018-01-19 17:00:25.983958: W tensorflow/core/platform/cpu_feature_guard.cc:45] The TensorFlow library wasn't compiled to use FMA instructions, but these are available on your machine and could speed up CPU computations.
Using TensorFlow backend.
2018-01-19 17:00:09.670442 Start.
Training NTT-like convnet on BirdVox-70k with PCEN input. 
Training set: unit07, unit10, unit01.
Validation set: unit02, unit03.
Test set: unit05.

h5py version: 2.6.0
keras version: 2.0.6
numpy version: 1.13.1
pandas version: 0.20.3
pescador version: 1.0.0
tensorflow version: 1.2.1

____________________________________________________________________________________________________
Layer (type)                     Output Shape          Param #     Connected to                     
====================================================================================================
spec_input (InputLayer)          (None, 128, 104, 1)   0                                            
____________________________________________________________________________________________________
spec_bn (BatchNormalization)     (None, 128, 104, 1)   4           spec_input[0][0]                 
____________________________________________________________________________________________________
spec_conv1 (Conv2D)              (None, 128, 104, 24)  624         spec_bn[0][0]                    
____________________________________________________________________________________________________
bg_input (InputLayer)            (None, 128, 9)        0                                            
____________________________________________________________________________________________________
spec_pool1 (MaxPooling2D)        (None, 64, 26, 24)    0           spec_conv1[0][0]                 
____________________________________________________________________________________________________
bg_pool (AveragePooling1D)       (None, 32, 9)         0           bg_input[0][0]                   
____________________________________________________________________________________________________
spec_conv2 (Conv2D)              (None, 64, 26, 48)    28848       spec_pool1[0][0]                 
____________________________________________________________________________________________________
bg_permute (Permute)             (None, 9, 32)         0           bg_pool[0][0]                    
____________________________________________________________________________________________________
spec_pool2 (MaxPooling2D)        (None, 32, 6, 48)     0           spec_conv2[0][0]                 
____________________________________________________________________________________________________
bg_conv (Conv1D)                 (None, 9, 8)          264         bg_permute[0][0]                 
____________________________________________________________________________________________________
spec_conv3 (Conv2D)              (None, 32, 6, 48)     57648       spec_pool2[0][0]                 
____________________________________________________________________________________________________
bg_flatten (Flatten)             (None, 72)            0           bg_conv[0][0]                    
____________________________________________________________________________________________________
spec_flatten (Flatten)           (None, 9216)          0           spec_conv3[0][0]                 
____________________________________________________________________________________________________
bg_dense1 (Dense)                (None, 16)            1168        bg_flatten[0][0]                 
____________________________________________________________________________________________________
spec_dense1 (Dense)              (None, 64)            589888      spec_flatten[0][0]               
____________________________________________________________________________________________________
bg_dense2 (Dense)                (None, 4)             68          bg_dense1[0][0]                  
____________________________________________________________________________________________________
spec_reshape (Reshape)           (None, 16, 4)         0           spec_dense1[0][0]                
____________________________________________________________________________________________________
bg_reshape (Reshape)             (None, 1, 4)          0           bg_dense2[0][0]                  
____________________________________________________________________________________________________
multiply (Multiply)              (None, 16, 4)         0           spec_reshape[0][0]               
                                                                   bg_reshape[0][0]                 
____________________________________________________________________________________________________
flatten (Flatten)                (None, 64)            0           multiply[0][0]                   
____________________________________________________________________________________________________
dense (Dense)                    (None, 1)             65          flatten[0][0]                    
====================================================================================================
Total params: 678,577
Trainable params: 678,575
Non-trainable params: 2
____________________________________________________________________________________________________
         acc      loss   val_acc  val_loss
0   0.937866  0.187412  0.949219  0.193774
1   0.943604  0.181542  0.958374  0.169650
2   0.946289  0.177681  0.945801  0.234582
3   0.941284  0.189123  0.940063  0.316878
4   0.944824  0.187963  0.955078  0.210316
5   0.942627  0.183836  0.937012  0.317040
6   0.945801  0.182409  0.938354  0.336061
7   0.909180  0.876554  0.503174  7.998578
8   0.505859  7.941776  0.502563  7.981844
9   0.493286  8.121926  0.496704  8.060770
10  0.494751  8.086939  0.503906  7.936558
11  0.504883  7.917491  0.500732  7.980483
12  0.492554  8.108288  0.503662  7.928824
13  0.495361  8.059200  0.503296  7.930899
14  0.500244  7.978047  0.500244  7.976656
15  0.505493  7.891812  0.500854  7.964687
16  0.501953  7.946272  0.498169  8.005768
17  0.504272  7.907768  0.493774  8.074489
18  0.498535  7.998055  0.498169  8.003399
19  0.501221  7.954336  0.491699  8.105753
20  0.484253  8.224153  0.496826  8.023419
21  0.500977  7.957016  0.495361  8.046321
22  0.508911  7.830128  0.494873  8.053768
23  0.498291  7.999148  0.495117  8.049628
24  0.503052  7.923037  0.505493  7.884029
25  0.503540  7.915098  0.497192  8.016233
26  0.495972  8.035646  0.506104  7.874077
27  0.486938  8.245533  0.500366  8.079501
28  0.500000  8.078843  0.512085  7.879143
29  0.499512  8.078815  0.495972  8.133426
30  0.494629  8.153394  0.506592  7.959147
31  0.512207  7.883679  0.495605  8.262989

2018-01-19 21:26:43.866526 Finish.
Total elapsed time: 04:26:34.87.
