2018-01-19 17:01:09.152600: W tensorflow/core/platform/cpu_feature_guard.cc:45] The TensorFlow library wasn't compiled to use SSE4.1 instructions, but these are available on your machine and could speed up CPU computations.
2018-01-19 17:01:09.152868: W tensorflow/core/platform/cpu_feature_guard.cc:45] The TensorFlow library wasn't compiled to use SSE4.2 instructions, but these are available on your machine and could speed up CPU computations.
2018-01-19 17:01:09.152879: W tensorflow/core/platform/cpu_feature_guard.cc:45] The TensorFlow library wasn't compiled to use AVX instructions, but these are available on your machine and could speed up CPU computations.
2018-01-19 17:01:09.152883: W tensorflow/core/platform/cpu_feature_guard.cc:45] The TensorFlow library wasn't compiled to use AVX2 instructions, but these are available on your machine and could speed up CPU computations.
2018-01-19 17:01:09.152888: W tensorflow/core/platform/cpu_feature_guard.cc:45] The TensorFlow library wasn't compiled to use FMA instructions, but these are available on your machine and could speed up CPU computations.
Using TensorFlow backend.
2018-01-19 17:00:38.348961 Start.
Training NTT-like convnet on BirdVox-70k with PCEN input. 
Training set: unit07, unit10, unit01.
Validation set: unit02, unit03.
Test set: unit05.

h5py version: 2.6.0
keras version: 2.0.6
numpy version: 1.13.1
pandas version: 0.20.3
pescador version: 1.0.0
tensorflow version: 1.2.1

____________________________________________________________________________________________________
Layer (type)                     Output Shape          Param #     Connected to                     
====================================================================================================
spec_input (InputLayer)          (None, 128, 104, 1)   0                                            
____________________________________________________________________________________________________
spec_bn (BatchNormalization)     (None, 128, 104, 1)   4           spec_input[0][0]                 
____________________________________________________________________________________________________
spec_conv1 (Conv2D)              (None, 128, 104, 24)  624         spec_bn[0][0]                    
____________________________________________________________________________________________________
bg_input (InputLayer)            (None, 128, 9)        0                                            
____________________________________________________________________________________________________
spec_pool1 (MaxPooling2D)        (None, 64, 26, 24)    0           spec_conv1[0][0]                 
____________________________________________________________________________________________________
bg_pool (AveragePooling1D)       (None, 32, 9)         0           bg_input[0][0]                   
____________________________________________________________________________________________________
spec_conv2 (Conv2D)              (None, 64, 26, 48)    28848       spec_pool1[0][0]                 
____________________________________________________________________________________________________
bg_permute (Permute)             (None, 9, 32)         0           bg_pool[0][0]                    
____________________________________________________________________________________________________
spec_pool2 (MaxPooling2D)        (None, 32, 6, 48)     0           spec_conv2[0][0]                 
____________________________________________________________________________________________________
bg_conv (Conv1D)                 (None, 9, 8)          264         bg_permute[0][0]                 
____________________________________________________________________________________________________
spec_conv3 (Conv2D)              (None, 32, 6, 48)     57648       spec_pool2[0][0]                 
____________________________________________________________________________________________________
bg_flatten (Flatten)             (None, 72)            0           bg_conv[0][0]                    
____________________________________________________________________________________________________
spec_flatten (Flatten)           (None, 9216)          0           spec_conv3[0][0]                 
____________________________________________________________________________________________________
bg_dense1 (Dense)                (None, 16)            1168        bg_flatten[0][0]                 
____________________________________________________________________________________________________
spec_dense1 (Dense)              (None, 64)            589888      spec_flatten[0][0]               
____________________________________________________________________________________________________
bg_dense2 (Dense)                (None, 4)             68          bg_dense1[0][0]                  
____________________________________________________________________________________________________
spec_reshape (Reshape)           (None, 16, 4)         0           spec_dense1[0][0]                
____________________________________________________________________________________________________
bg_reshape (Reshape)             (None, 1, 4)          0           bg_dense2[0][0]                  
____________________________________________________________________________________________________
multiply (Multiply)              (None, 16, 4)         0           spec_reshape[0][0]               
                                                                   bg_reshape[0][0]                 
____________________________________________________________________________________________________
flatten (Flatten)                (None, 64)            0           multiply[0][0]                   
____________________________________________________________________________________________________
dense (Dense)                    (None, 1)             65          flatten[0][0]                    
====================================================================================================
Total params: 678,577
Trainable params: 678,575
Non-trainable params: 2
____________________________________________________________________________________________________
         acc      loss   val_acc  val_loss
0   0.761597  0.495011  0.677490  1.865723
1   0.848755  0.375821  0.802002  1.027831
2   0.897583  0.269632  0.812622  1.002629
3   0.911743  0.244518  0.867920  0.711584
4   0.928833  0.219310  0.871338  0.535124
5   0.930908  0.215551  0.886108  0.596995
6   0.930054  0.213992  0.899170  0.451723
7   0.942383  0.186504  0.919922  0.387412
8   0.942749  0.174121  0.877930  0.610280
9   0.941650  0.177306  0.924927  0.350057
10  0.946899  0.168410  0.901489  0.469330
11  0.943359  0.167520  0.894287  0.610707
12  0.949097  0.161019  0.901733  0.512678
13  0.951416  0.158204  0.918945  0.351958
14  0.949097  0.151291  0.920654  0.373728
15  0.941772  0.164470  0.920288  0.452524
16  0.952515  0.152909  0.935669  0.380899
17  0.949097  0.156638  0.920166  0.418519
18  0.950073  0.156950  0.939087  0.309793
19  0.952759  0.146313  0.937866  0.273518
20  0.954346  0.141406  0.929443  0.433426
21  0.942871  0.202949  0.942017  0.309549
22  0.952637  0.147665  0.942383  0.320377
23  0.954834  0.145219  0.950806  0.270451
24  0.947632  0.160016  0.939087  0.322209
25  0.956299  0.144862  0.937012  0.286145
26  0.951050  0.149508  0.946411  0.341035
27  0.956543  0.144200  0.927368  0.469509
28  0.958374  0.132328  0.935303  0.383866
29  0.955811  0.138380  0.925537  0.399709
30  0.961670  0.129174  0.939453  0.350456
31  0.957886  0.139402  0.938110  0.382373

2018-01-19 21:32:23.589146 Finish.
Total elapsed time: 04:31:45.59.
