2018-01-19 17:01:27.589815: W tensorflow/core/platform/cpu_feature_guard.cc:45] The TensorFlow library wasn't compiled to use SSE4.1 instructions, but these are available on your machine and could speed up CPU computations.
2018-01-19 17:01:27.590084: W tensorflow/core/platform/cpu_feature_guard.cc:45] The TensorFlow library wasn't compiled to use SSE4.2 instructions, but these are available on your machine and could speed up CPU computations.
2018-01-19 17:01:27.590098: W tensorflow/core/platform/cpu_feature_guard.cc:45] The TensorFlow library wasn't compiled to use AVX instructions, but these are available on your machine and could speed up CPU computations.
2018-01-19 17:01:27.590104: W tensorflow/core/platform/cpu_feature_guard.cc:45] The TensorFlow library wasn't compiled to use AVX2 instructions, but these are available on your machine and could speed up CPU computations.
2018-01-19 17:01:27.590110: W tensorflow/core/platform/cpu_feature_guard.cc:45] The TensorFlow library wasn't compiled to use FMA instructions, but these are available on your machine and could speed up CPU computations.
Using TensorFlow backend.
2018-01-19 17:01:24.358908 Start.
Training NTT-like convnet on BirdVox-70k with PCEN input. 
Training set: unit01, unit02, unit03.
Validation set: unit05, unit07.
Test set: unit10.

h5py version: 2.6.0
keras version: 2.0.6
numpy version: 1.13.1
pandas version: 0.20.3
pescador version: 1.0.0
tensorflow version: 1.2.1

____________________________________________________________________________________________________
Layer (type)                     Output Shape          Param #     Connected to                     
====================================================================================================
spec_input (InputLayer)          (None, 128, 104, 1)   0                                            
____________________________________________________________________________________________________
spec_bn (BatchNormalization)     (None, 128, 104, 1)   4           spec_input[0][0]                 
____________________________________________________________________________________________________
spec_conv1 (Conv2D)              (None, 128, 104, 24)  624         spec_bn[0][0]                    
____________________________________________________________________________________________________
bg_input (InputLayer)            (None, 128, 9)        0                                            
____________________________________________________________________________________________________
spec_pool1 (MaxPooling2D)        (None, 64, 26, 24)    0           spec_conv1[0][0]                 
____________________________________________________________________________________________________
bg_pool (AveragePooling1D)       (None, 32, 9)         0           bg_input[0][0]                   
____________________________________________________________________________________________________
spec_conv2 (Conv2D)              (None, 64, 26, 48)    28848       spec_pool1[0][0]                 
____________________________________________________________________________________________________
bg_permute (Permute)             (None, 9, 32)         0           bg_pool[0][0]                    
____________________________________________________________________________________________________
spec_pool2 (MaxPooling2D)        (None, 32, 6, 48)     0           spec_conv2[0][0]                 
____________________________________________________________________________________________________
bg_conv (Conv1D)                 (None, 9, 8)          264         bg_permute[0][0]                 
____________________________________________________________________________________________________
spec_conv3 (Conv2D)              (None, 32, 6, 48)     57648       spec_pool2[0][0]                 
____________________________________________________________________________________________________
bg_flatten (Flatten)             (None, 72)            0           bg_conv[0][0]                    
____________________________________________________________________________________________________
spec_flatten (Flatten)           (None, 9216)          0           spec_conv3[0][0]                 
____________________________________________________________________________________________________
bg_dense1 (Dense)                (None, 16)            1168        bg_flatten[0][0]                 
____________________________________________________________________________________________________
spec_dense1 (Dense)              (None, 64)            589888      spec_flatten[0][0]               
____________________________________________________________________________________________________
bg_dense2 (Dense)                (None, 4)             68          bg_dense1[0][0]                  
____________________________________________________________________________________________________
spec_reshape (Reshape)           (None, 16, 4)         0           spec_dense1[0][0]                
____________________________________________________________________________________________________
bg_reshape (Reshape)             (None, 1, 4)          0           bg_dense2[0][0]                  
____________________________________________________________________________________________________
multiply (Multiply)              (None, 16, 4)         0           spec_reshape[0][0]               
                                                                   bg_reshape[0][0]                 
____________________________________________________________________________________________________
flatten (Flatten)                (None, 64)            0           multiply[0][0]                   
____________________________________________________________________________________________________
dense (Dense)                    (None, 1)             65          flatten[0][0]                    
====================================================================================================
Total params: 678,577
Trainable params: 678,575
Non-trainable params: 2
____________________________________________________________________________________________________
         acc      loss   val_acc  val_loss
0   0.897339  0.268375  0.731567  0.537707
1   0.910889  0.242382  0.861206  0.321330
2   0.925171  0.224327  0.837891  0.354278
3   0.932617  0.197635  0.904297  0.254645
4   0.935303  0.192751  0.928223  0.206842
5   0.941406  0.175264  0.910522  0.237492
6   0.946411  0.166193  0.898804  0.277123
7   0.943359  0.164609  0.935181  0.202320
8   0.946289  0.161204  0.948975  0.161358
9   0.947998  0.157362  0.920166  0.228373
10  0.953369  0.139885  0.945435  0.159951
11  0.951538  0.146358  0.937012  0.192609
12  0.951538  0.144828  0.938354  0.177127
13  0.953369  0.146229  0.946289  0.169363
14  0.952026  0.146289  0.955322  0.151993
15  0.957031  0.139049  0.872314  0.330260
16  0.957153  0.137068  0.940918  0.175495
17  0.958496  0.130720  0.923218  0.220944
18  0.952637  0.147104  0.938721  0.184130
19  0.958130  0.134402  0.931885  0.202463
20  0.956177  0.137550  0.910034  0.252252
21  0.957886  0.129640  0.942749  0.181837
22  0.959839  0.124552  0.948853  0.172916
23  0.960083  0.128685  0.940918  0.178542
24  0.958008  0.133101  0.898071  0.271789
25  0.956909  0.133507  0.952515  0.149563
26  0.964844  0.111170  0.948975  0.161119
27  0.960571  0.125719  0.951782  0.159599
28  0.961182  0.121107  0.956787  0.146572
29  0.960449  0.122831  0.958374  0.146306
30  0.961304  0.118711  0.922241  0.228053
31  0.962769  0.122359  0.941162  0.177894

2018-01-19 21:08:51.234643 Finish.
Total elapsed time: 04:07:27.23.
