2018-01-19 17:00:32.992020: W tensorflow/core/platform/cpu_feature_guard.cc:45] The TensorFlow library wasn't compiled to use SSE4.1 instructions, but these are available on your machine and could speed up CPU computations.
2018-01-19 17:00:32.992264: W tensorflow/core/platform/cpu_feature_guard.cc:45] The TensorFlow library wasn't compiled to use SSE4.2 instructions, but these are available on your machine and could speed up CPU computations.
2018-01-19 17:00:32.992277: W tensorflow/core/platform/cpu_feature_guard.cc:45] The TensorFlow library wasn't compiled to use AVX instructions, but these are available on your machine and could speed up CPU computations.
2018-01-19 17:00:32.992283: W tensorflow/core/platform/cpu_feature_guard.cc:45] The TensorFlow library wasn't compiled to use AVX2 instructions, but these are available on your machine and could speed up CPU computations.
2018-01-19 17:00:32.992288: W tensorflow/core/platform/cpu_feature_guard.cc:45] The TensorFlow library wasn't compiled to use FMA instructions, but these are available on your machine and could speed up CPU computations.
Using TensorFlow backend.
2018-01-19 17:00:06.874050 Start.
Training NTT-like convnet on BirdVox-70k with PCEN input. 
Training set: unit05, unit07, unit10.
Validation set: unit01, unit02.
Test set: unit03.

h5py version: 2.6.0
keras version: 2.0.6
numpy version: 1.13.1
pandas version: 0.20.3
pescador version: 1.0.0
tensorflow version: 1.2.1

____________________________________________________________________________________________________
Layer (type)                     Output Shape          Param #     Connected to                     
====================================================================================================
spec_input (InputLayer)          (None, 128, 104, 1)   0                                            
____________________________________________________________________________________________________
spec_bn (BatchNormalization)     (None, 128, 104, 1)   4           spec_input[0][0]                 
____________________________________________________________________________________________________
spec_conv1 (Conv2D)              (None, 128, 104, 24)  624         spec_bn[0][0]                    
____________________________________________________________________________________________________
bg_input (InputLayer)            (None, 128, 9)        0                                            
____________________________________________________________________________________________________
spec_pool1 (MaxPooling2D)        (None, 64, 26, 24)    0           spec_conv1[0][0]                 
____________________________________________________________________________________________________
bg_pool (AveragePooling1D)       (None, 32, 9)         0           bg_input[0][0]                   
____________________________________________________________________________________________________
spec_conv2 (Conv2D)              (None, 64, 26, 48)    28848       spec_pool1[0][0]                 
____________________________________________________________________________________________________
bg_permute (Permute)             (None, 9, 32)         0           bg_pool[0][0]                    
____________________________________________________________________________________________________
spec_pool2 (MaxPooling2D)        (None, 32, 6, 48)     0           spec_conv2[0][0]                 
____________________________________________________________________________________________________
bg_conv (Conv1D)                 (None, 9, 8)          264         bg_permute[0][0]                 
____________________________________________________________________________________________________
spec_conv3 (Conv2D)              (None, 32, 6, 48)     57648       spec_pool2[0][0]                 
____________________________________________________________________________________________________
bg_flatten (Flatten)             (None, 72)            0           bg_conv[0][0]                    
____________________________________________________________________________________________________
spec_flatten (Flatten)           (None, 9216)          0           spec_conv3[0][0]                 
____________________________________________________________________________________________________
bg_dense1 (Dense)                (None, 16)            1168        bg_flatten[0][0]                 
____________________________________________________________________________________________________
spec_dense1 (Dense)              (None, 64)            589888      spec_flatten[0][0]               
____________________________________________________________________________________________________
bg_dense2 (Dense)                (None, 4)             68          bg_dense1[0][0]                  
____________________________________________________________________________________________________
spec_reshape (Reshape)           (None, 16, 4)         0           spec_dense1[0][0]                
____________________________________________________________________________________________________
bg_reshape (Reshape)             (None, 1, 4)          0           bg_dense2[0][0]                  
____________________________________________________________________________________________________
multiply (Multiply)              (None, 16, 4)         0           spec_reshape[0][0]               
                                                                   bg_reshape[0][0]                 
____________________________________________________________________________________________________
flatten (Flatten)                (None, 64)            0           multiply[0][0]                   
____________________________________________________________________________________________________
dense (Dense)                    (None, 1)             65          flatten[0][0]                    
====================================================================================================
Total params: 678,577
Trainable params: 678,575
Non-trainable params: 2
____________________________________________________________________________________________________
         acc      loss   val_acc  val_loss
0   0.855957  0.361610  0.653198  1.000645
1   0.909302  0.251883  0.791382  0.615601
2   0.938599  0.191787  0.797363  0.609591
3   0.947388  0.164287  0.818604  0.559676
4   0.946167  0.166266  0.794556  0.812098
5   0.954224  0.147845  0.806519  0.592211
6   0.959106  0.129712  0.813354  0.567576
7   0.962402  0.123184  0.786987  0.578038
8   0.962646  0.127178  0.813354  0.485471
9   0.964355  0.116684  0.803955  0.612973
10  0.967529  0.112175  0.802612  0.632595
11  0.964355  0.120433  0.801270  0.646309
12  0.963867  0.115132  0.821899  0.596206
13  0.968628  0.102526  0.817017  0.716437
14  0.966431  0.115109  0.828491  0.623519
15  0.966064  0.109509  0.828491  0.600425
16  0.968018  0.108296  0.802734  0.596300
17  0.969604  0.106259  0.808350  0.623323
18  0.970947  0.100188  0.805420  0.718840
19  0.969238  0.108305  0.810669  0.663706
20  0.971558  0.100676  0.824707  0.623119
21  0.971558  0.099805  0.844727  0.667745
22  0.973022  0.095148  0.784058  0.907344
23  0.974976  0.089146  0.826294  0.589696
24  0.974243  0.095015  0.813599  0.646807
25  0.977051  0.090852  0.823608  0.614653
26  0.972900  0.098315  0.833252  0.467964
27  0.974609  0.090263  0.843750  0.544911
28  0.973755  0.096757  0.837158  0.568231
29  0.972900  0.094734  0.853394  0.498308
30  0.976196  0.081505  0.829956  0.604276
31  0.975830  0.081823  0.834351  0.568840

2018-01-19 20:47:32.150372 Finish.
Total elapsed time: 03:47:26.15.
