2018-01-19 17:00:25.414670: W tensorflow/core/platform/cpu_feature_guard.cc:45] The TensorFlow library wasn't compiled to use SSE4.1 instructions, but these are available on your machine and could speed up CPU computations.
2018-01-19 17:00:25.414894: W tensorflow/core/platform/cpu_feature_guard.cc:45] The TensorFlow library wasn't compiled to use SSE4.2 instructions, but these are available on your machine and could speed up CPU computations.
2018-01-19 17:00:25.414908: W tensorflow/core/platform/cpu_feature_guard.cc:45] The TensorFlow library wasn't compiled to use AVX instructions, but these are available on your machine and could speed up CPU computations.
2018-01-19 17:00:25.414914: W tensorflow/core/platform/cpu_feature_guard.cc:45] The TensorFlow library wasn't compiled to use AVX2 instructions, but these are available on your machine and could speed up CPU computations.
2018-01-19 17:00:25.414919: W tensorflow/core/platform/cpu_feature_guard.cc:45] The TensorFlow library wasn't compiled to use FMA instructions, but these are available on your machine and could speed up CPU computations.
Using TensorFlow backend.
2018-01-19 17:00:09.680082 Start.
Training NTT-like convnet on BirdVox-70k with PCEN input. 
Training set: unit10, unit01, unit02.
Validation set: unit03, unit05.
Test set: unit07.

h5py version: 2.6.0
keras version: 2.0.6
numpy version: 1.13.1
pandas version: 0.20.3
pescador version: 1.0.0
tensorflow version: 1.2.1

____________________________________________________________________________________________________
Layer (type)                     Output Shape          Param #     Connected to                     
====================================================================================================
spec_input (InputLayer)          (None, 128, 104, 1)   0                                            
____________________________________________________________________________________________________
spec_bn (BatchNormalization)     (None, 128, 104, 1)   4           spec_input[0][0]                 
____________________________________________________________________________________________________
spec_conv1 (Conv2D)              (None, 128, 104, 24)  624         spec_bn[0][0]                    
____________________________________________________________________________________________________
bg_input (InputLayer)            (None, 128, 9)        0                                            
____________________________________________________________________________________________________
spec_pool1 (MaxPooling2D)        (None, 64, 26, 24)    0           spec_conv1[0][0]                 
____________________________________________________________________________________________________
bg_pool (AveragePooling1D)       (None, 32, 9)         0           bg_input[0][0]                   
____________________________________________________________________________________________________
spec_conv2 (Conv2D)              (None, 64, 26, 48)    28848       spec_pool1[0][0]                 
____________________________________________________________________________________________________
bg_permute (Permute)             (None, 9, 32)         0           bg_pool[0][0]                    
____________________________________________________________________________________________________
spec_pool2 (MaxPooling2D)        (None, 32, 6, 48)     0           spec_conv2[0][0]                 
____________________________________________________________________________________________________
bg_conv (Conv1D)                 (None, 9, 8)          264         bg_permute[0][0]                 
____________________________________________________________________________________________________
spec_conv3 (Conv2D)              (None, 32, 6, 48)     57648       spec_pool2[0][0]                 
____________________________________________________________________________________________________
bg_flatten (Flatten)             (None, 72)            0           bg_conv[0][0]                    
____________________________________________________________________________________________________
spec_flatten (Flatten)           (None, 9216)          0           spec_conv3[0][0]                 
____________________________________________________________________________________________________
bg_dense1 (Dense)                (None, 16)            1168        bg_flatten[0][0]                 
____________________________________________________________________________________________________
spec_dense1 (Dense)              (None, 64)            589888      spec_flatten[0][0]               
____________________________________________________________________________________________________
bg_dense2 (Dense)                (None, 4)             68          bg_dense1[0][0]                  
____________________________________________________________________________________________________
spec_reshape (Reshape)           (None, 16, 4)         0           spec_dense1[0][0]                
____________________________________________________________________________________________________
bg_reshape (Reshape)             (None, 1, 4)          0           bg_dense2[0][0]                  
____________________________________________________________________________________________________
multiply (Multiply)              (None, 16, 4)         0           spec_reshape[0][0]               
                                                                   bg_reshape[0][0]                 
____________________________________________________________________________________________________
flatten (Flatten)                (None, 64)            0           multiply[0][0]                   
____________________________________________________________________________________________________
dense (Dense)                    (None, 1)             65          flatten[0][0]                    
====================================================================================================
Total params: 678,577
Trainable params: 678,575
Non-trainable params: 2
____________________________________________________________________________________________________
         acc      loss   val_acc  val_loss
0   0.937256  0.187531  0.973511  0.109158
1   0.784546  2.693478  0.493774  8.113745
2   0.502686  7.964136  0.506958  7.890509
3   0.499512  8.005651  0.494995  8.074558
4   0.509155  7.846394  0.507202  7.875071
5   0.501953  8.043936  0.500122  8.078773
6   0.501465  8.054812  0.494263  8.168772
7   0.498047  8.105972  0.507812  7.946872
8   0.501099  8.053619  0.492065  8.197834
9   0.502075  8.035299  0.504395  7.996791
10  0.496094  8.129615  0.504395  7.994912
11  0.491333  8.204660  0.503418  8.009144
12  0.503906  8.000653  0.500977  8.047296
13  0.506226  7.962202  0.487427  8.264749
14  0.500366  8.055807  0.495483  8.134156
15  0.505859  7.966620  0.494751  8.145394
16  0.496948  8.109753  0.493164  8.170540
17  0.503540  8.003129  0.502808  8.014778
18  0.502075  8.026455  0.500488  8.051916
19  0.498413  8.085269  0.497437  8.100737
20  0.493896  8.144415  0.492188  8.153713
21  0.496460  8.075505  0.504272  7.942954
22  0.503784  7.945243  0.508423  7.866503
23  0.494385  8.086615  0.498047  8.024906
24  0.491943  8.119517  0.501099  7.971088
25  0.493774  8.085799  0.507812  7.860096
26  0.500000  7.983044  0.494995  8.061343
27  0.506226  7.881039  0.498047  8.010251
28  0.493286  8.085152  0.505371  7.891561
29  0.504150  7.910238  0.497803  8.010707
30  0.498413  8.000365  0.506470  7.871358
31  0.500122  7.972083  0.494995  8.053384

2018-01-19 21:35:03.926011 Finish.
Total elapsed time: 04:34:54.93.
