2018-01-19 17:00:13.336494: W tensorflow/core/platform/cpu_feature_guard.cc:45] The TensorFlow library wasn't compiled to use SSE4.1 instructions, but these are available on your machine and could speed up CPU computations.
2018-01-19 17:00:13.337533: W tensorflow/core/platform/cpu_feature_guard.cc:45] The TensorFlow library wasn't compiled to use SSE4.2 instructions, but these are available on your machine and could speed up CPU computations.
2018-01-19 17:00:13.337546: W tensorflow/core/platform/cpu_feature_guard.cc:45] The TensorFlow library wasn't compiled to use AVX instructions, but these are available on your machine and could speed up CPU computations.
2018-01-19 17:00:13.337551: W tensorflow/core/platform/cpu_feature_guard.cc:45] The TensorFlow library wasn't compiled to use AVX2 instructions, but these are available on your machine and could speed up CPU computations.
2018-01-19 17:00:13.337556: W tensorflow/core/platform/cpu_feature_guard.cc:45] The TensorFlow library wasn't compiled to use FMA instructions, but these are available on your machine and could speed up CPU computations.
Using TensorFlow backend.
2018-01-19 17:00:06.864522 Start.
Training NTT-like convnet on BirdVox-70k with PCEN input. 
Training set: unit03, unit05, unit07.
Validation set: unit10, unit01.
Test set: unit02.

h5py version: 2.6.0
keras version: 2.0.6
numpy version: 1.13.1
pandas version: 0.20.3
pescador version: 1.0.0
tensorflow version: 1.2.1

____________________________________________________________________________________________________
Layer (type)                     Output Shape          Param #     Connected to                     
====================================================================================================
spec_input (InputLayer)          (None, 128, 104, 1)   0                                            
____________________________________________________________________________________________________
spec_bn (BatchNormalization)     (None, 128, 104, 1)   4           spec_input[0][0]                 
____________________________________________________________________________________________________
spec_conv1 (Conv2D)              (None, 128, 104, 24)  624         spec_bn[0][0]                    
____________________________________________________________________________________________________
bg_input (InputLayer)            (None, 128, 9)        0                                            
____________________________________________________________________________________________________
spec_pool1 (MaxPooling2D)        (None, 64, 26, 24)    0           spec_conv1[0][0]                 
____________________________________________________________________________________________________
bg_pool (AveragePooling1D)       (None, 32, 9)         0           bg_input[0][0]                   
____________________________________________________________________________________________________
spec_conv2 (Conv2D)              (None, 64, 26, 48)    28848       spec_pool1[0][0]                 
____________________________________________________________________________________________________
bg_permute (Permute)             (None, 9, 32)         0           bg_pool[0][0]                    
____________________________________________________________________________________________________
spec_pool2 (MaxPooling2D)        (None, 32, 6, 48)     0           spec_conv2[0][0]                 
____________________________________________________________________________________________________
bg_conv (Conv1D)                 (None, 9, 8)          264         bg_permute[0][0]                 
____________________________________________________________________________________________________
spec_conv3 (Conv2D)              (None, 32, 6, 48)     57648       spec_pool2[0][0]                 
____________________________________________________________________________________________________
bg_flatten (Flatten)             (None, 72)            0           bg_conv[0][0]                    
____________________________________________________________________________________________________
spec_flatten (Flatten)           (None, 9216)          0           spec_conv3[0][0]                 
____________________________________________________________________________________________________
bg_dense1 (Dense)                (None, 16)            1168        bg_flatten[0][0]                 
____________________________________________________________________________________________________
spec_dense1 (Dense)              (None, 64)            589888      spec_flatten[0][0]               
____________________________________________________________________________________________________
bg_dense2 (Dense)                (None, 4)             68          bg_dense1[0][0]                  
____________________________________________________________________________________________________
spec_reshape (Reshape)           (None, 16, 4)         0           spec_dense1[0][0]                
____________________________________________________________________________________________________
bg_reshape (Reshape)             (None, 1, 4)          0           bg_dense2[0][0]                  
____________________________________________________________________________________________________
multiply (Multiply)              (None, 16, 4)         0           spec_reshape[0][0]               
                                                                   bg_reshape[0][0]                 
____________________________________________________________________________________________________
flatten (Flatten)                (None, 64)            0           multiply[0][0]                   
____________________________________________________________________________________________________
dense (Dense)                    (None, 1)             65          flatten[0][0]                    
====================================================================================================
Total params: 678,577
Trainable params: 678,575
Non-trainable params: 2
____________________________________________________________________________________________________
         acc      loss   val_acc  val_loss
0   0.979736  0.088123  0.762451  0.990470
1   0.975220  0.099174  0.755737  0.763509
2   0.977539  0.093640  0.754639  0.810077
3   0.973999  0.112701  0.833984  0.662121
4   0.978760  0.094762  0.826172  0.500954
5   0.980225  0.082901  0.813721  0.536181
6   0.979126  0.085774  0.817871  0.456568
7   0.977661  0.083444  0.836914  0.499794
8   0.981567  0.075878  0.821167  0.540546
9   0.983032  0.078317  0.813354  0.723511
10  0.983398  0.073954  0.834351  0.527152
11  0.982788  0.067074  0.800415  0.584009
12  0.979736  0.090999  0.804688  0.496776
13  0.985107  0.072082  0.818115  0.584790
14  0.981812  0.078071  0.788696  0.665330
15  0.982056  0.076090  0.778564  0.585768
16  0.979858  0.095589  0.773926  0.927305
17  0.979736  0.091159  0.780518  0.704116
18  0.982300  0.086883  0.777466  0.742025
19  0.981689  0.089989  0.836426  0.489732
20  0.982544  0.091108  0.810913  0.492609
21  0.985107  0.072431  0.800049  0.599677
22  0.983276  0.088836  0.810059  1.237065
23  0.978760  0.107384  0.822510  0.809716
24  0.979492  0.093473  0.810181  0.742481
25  0.986938  0.075056  0.820801  0.597209
26  0.984253  0.075472  0.819458  0.706347
27  0.982056  0.082995  0.828003  0.567018
28  0.983521  0.086905  0.851929  0.729266
29  0.915405  1.126994  0.497559  8.066591
30  0.499756  8.021087  0.489624  8.175013
31  0.504028  7.940757  0.505981  7.905663

2018-01-19 21:16:18.164510 Finish.
Total elapsed time: 04:16:12.16.
