2018-01-19 17:02:09.299597: W tensorflow/core/platform/cpu_feature_guard.cc:45] The TensorFlow library wasn't compiled to use SSE4.1 instructions, but these are available on your machine and could speed up CPU computations.
2018-01-19 17:02:09.299820: W tensorflow/core/platform/cpu_feature_guard.cc:45] The TensorFlow library wasn't compiled to use SSE4.2 instructions, but these are available on your machine and could speed up CPU computations.
2018-01-19 17:02:09.299833: W tensorflow/core/platform/cpu_feature_guard.cc:45] The TensorFlow library wasn't compiled to use AVX instructions, but these are available on your machine and could speed up CPU computations.
2018-01-19 17:02:09.299839: W tensorflow/core/platform/cpu_feature_guard.cc:45] The TensorFlow library wasn't compiled to use AVX2 instructions, but these are available on your machine and could speed up CPU computations.
2018-01-19 17:02:09.299843: W tensorflow/core/platform/cpu_feature_guard.cc:45] The TensorFlow library wasn't compiled to use FMA instructions, but these are available on your machine and could speed up CPU computations.
Using TensorFlow backend.
2018-01-19 17:02:04.471843 Start.
Training NTT-like convnet on BirdVox-70k with PCEN input. 
Training set: unit02, unit03, unit05.
Validation set: unit07, unit10.
Test set: unit01.

h5py version: 2.6.0
keras version: 2.0.6
numpy version: 1.13.1
pandas version: 0.20.3
pescador version: 1.0.0
tensorflow version: 1.2.1

____________________________________________________________________________________________________
Layer (type)                     Output Shape          Param #     Connected to                     
====================================================================================================
spec_input (InputLayer)          (None, 128, 104, 1)   0                                            
____________________________________________________________________________________________________
spec_bn (BatchNormalization)     (None, 128, 104, 1)   4           spec_input[0][0]                 
____________________________________________________________________________________________________
spec_conv1 (Conv2D)              (None, 128, 104, 24)  624         spec_bn[0][0]                    
____________________________________________________________________________________________________
bg_input (InputLayer)            (None, 128, 9)        0                                            
____________________________________________________________________________________________________
spec_pool1 (MaxPooling2D)        (None, 64, 26, 24)    0           spec_conv1[0][0]                 
____________________________________________________________________________________________________
bg_pool (AveragePooling1D)       (None, 32, 9)         0           bg_input[0][0]                   
____________________________________________________________________________________________________
spec_conv2 (Conv2D)              (None, 64, 26, 48)    28848       spec_pool1[0][0]                 
____________________________________________________________________________________________________
bg_permute (Permute)             (None, 9, 32)         0           bg_pool[0][0]                    
____________________________________________________________________________________________________
spec_pool2 (MaxPooling2D)        (None, 32, 6, 48)     0           spec_conv2[0][0]                 
____________________________________________________________________________________________________
bg_conv (Conv1D)                 (None, 9, 8)          264         bg_permute[0][0]                 
____________________________________________________________________________________________________
spec_conv3 (Conv2D)              (None, 32, 6, 48)     57648       spec_pool2[0][0]                 
____________________________________________________________________________________________________
bg_flatten (Flatten)             (None, 72)            0           bg_conv[0][0]                    
____________________________________________________________________________________________________
spec_flatten (Flatten)           (None, 9216)          0           spec_conv3[0][0]                 
____________________________________________________________________________________________________
bg_dense1 (Dense)                (None, 16)            1168        bg_flatten[0][0]                 
____________________________________________________________________________________________________
spec_dense1 (Dense)              (None, 64)            589888      spec_flatten[0][0]               
____________________________________________________________________________________________________
bg_dense2 (Dense)                (None, 4)             68          bg_dense1[0][0]                  
____________________________________________________________________________________________________
spec_reshape (Reshape)           (None, 16, 4)         0           spec_dense1[0][0]                
____________________________________________________________________________________________________
bg_reshape (Reshape)             (None, 1, 4)          0           bg_dense2[0][0]                  
____________________________________________________________________________________________________
multiply (Multiply)              (None, 16, 4)         0           spec_reshape[0][0]               
                                                                   bg_reshape[0][0]                 
____________________________________________________________________________________________________
flatten (Flatten)                (None, 64)            0           multiply[0][0]                   
____________________________________________________________________________________________________
dense (Dense)                    (None, 1)             65          flatten[0][0]                    
====================================================================================================
Total params: 678,577
Trainable params: 678,575
Non-trainable params: 2
____________________________________________________________________________________________________
         acc      loss   val_acc  val_loss
0   0.941406  0.175982  0.824219  0.403297
1   0.953979  0.148109  0.897827  0.263405
2   0.960938  0.128782  0.917236  0.241670
3   0.963379  0.128263  0.937378  0.192120
4   0.963501  0.118867  0.936646  0.229153
5   0.962402  0.128850  0.870850  0.332125
6   0.968140  0.110417  0.904419  0.257188
7   0.967529  0.119845  0.906372  0.257442
8   0.965576  0.118300  0.938110  0.196970
9   0.970337  0.106181  0.865234  0.340142
10  0.971802  0.102072  0.945435  0.179513
11  0.975708  0.093801  0.959595  0.154574
12  0.977295  0.084544  0.948120  0.166975
13  0.976685  0.083310  0.955811  0.175156
14  0.978760  0.081480  0.945312  0.180188
15  0.976074  0.093722  0.877808  0.338757
16  0.982422  0.073969  0.926514  0.234327
17  0.976807  0.089373  0.937378  0.205296
18  0.981689  0.076403  0.944336  0.209182
19  0.974365  0.101815  0.951904  0.175072
20  0.980957  0.079827  0.927612  0.217155
21  0.982910  0.072289  0.925537  0.236545
22  0.980469  0.074388  0.956055  0.152414
23  0.981689  0.071906  0.952271  0.166532
24  0.979248  0.082806  0.950684  0.183586
25  0.984253  0.068733  0.933594  0.212049
26  0.981689  0.068457  0.946655  0.187068
27  0.983276  0.066496  0.963379  0.155903
28  0.983276  0.068308  0.953613  0.167237
29  0.983765  0.069372  0.967896  0.146535
30  0.986084  0.067751  0.957153  0.172149
31  0.983032  0.069636  0.965942  0.134704

2018-01-19 21:16:04.613661 Finish.
Total elapsed time: 04:14:00.61.
