2018-01-19 17:00:13.312398: W tensorflow/core/platform/cpu_feature_guard.cc:45] The TensorFlow library wasn't compiled to use SSE4.1 instructions, but these are available on your machine and could speed up CPU computations.
2018-01-19 17:00:13.312585: W tensorflow/core/platform/cpu_feature_guard.cc:45] The TensorFlow library wasn't compiled to use SSE4.2 instructions, but these are available on your machine and could speed up CPU computations.
2018-01-19 17:00:13.312594: W tensorflow/core/platform/cpu_feature_guard.cc:45] The TensorFlow library wasn't compiled to use AVX instructions, but these are available on your machine and could speed up CPU computations.
2018-01-19 17:00:13.312599: W tensorflow/core/platform/cpu_feature_guard.cc:45] The TensorFlow library wasn't compiled to use AVX2 instructions, but these are available on your machine and could speed up CPU computations.
2018-01-19 17:00:13.312604: W tensorflow/core/platform/cpu_feature_guard.cc:45] The TensorFlow library wasn't compiled to use FMA instructions, but these are available on your machine and could speed up CPU computations.
Using TensorFlow backend.
2018-01-19 17:00:09.685094 Start.
Training NTT-like convnet on BirdVox-70k with PCEN input. 
Training set: unit03, unit05, unit07.
Validation set: unit10, unit01.
Test set: unit02.

h5py version: 2.6.0
keras version: 2.0.6
numpy version: 1.13.1
pandas version: 0.20.3
pescador version: 1.0.0
tensorflow version: 1.2.1

____________________________________________________________________________________________________
Layer (type)                     Output Shape          Param #     Connected to                     
====================================================================================================
spec_input (InputLayer)          (None, 128, 104, 1)   0                                            
____________________________________________________________________________________________________
spec_bn (BatchNormalization)     (None, 128, 104, 1)   4           spec_input[0][0]                 
____________________________________________________________________________________________________
spec_conv1 (Conv2D)              (None, 128, 104, 24)  624         spec_bn[0][0]                    
____________________________________________________________________________________________________
bg_input (InputLayer)            (None, 128, 9)        0                                            
____________________________________________________________________________________________________
spec_pool1 (MaxPooling2D)        (None, 64, 26, 24)    0           spec_conv1[0][0]                 
____________________________________________________________________________________________________
bg_pool (AveragePooling1D)       (None, 32, 9)         0           bg_input[0][0]                   
____________________________________________________________________________________________________
spec_conv2 (Conv2D)              (None, 64, 26, 48)    28848       spec_pool1[0][0]                 
____________________________________________________________________________________________________
bg_permute (Permute)             (None, 9, 32)         0           bg_pool[0][0]                    
____________________________________________________________________________________________________
spec_pool2 (MaxPooling2D)        (None, 32, 6, 48)     0           spec_conv2[0][0]                 
____________________________________________________________________________________________________
bg_conv (Conv1D)                 (None, 9, 8)          264         bg_permute[0][0]                 
____________________________________________________________________________________________________
spec_conv3 (Conv2D)              (None, 32, 6, 48)     57648       spec_pool2[0][0]                 
____________________________________________________________________________________________________
bg_flatten (Flatten)             (None, 72)            0           bg_conv[0][0]                    
____________________________________________________________________________________________________
spec_flatten (Flatten)           (None, 9216)          0           spec_conv3[0][0]                 
____________________________________________________________________________________________________
bg_dense1 (Dense)                (None, 16)            1168        bg_flatten[0][0]                 
____________________________________________________________________________________________________
spec_dense1 (Dense)              (None, 64)            589888      spec_flatten[0][0]               
____________________________________________________________________________________________________
bg_dense2 (Dense)                (None, 4)             68          bg_dense1[0][0]                  
____________________________________________________________________________________________________
spec_reshape (Reshape)           (None, 16, 4)         0           spec_dense1[0][0]                
____________________________________________________________________________________________________
bg_reshape (Reshape)             (None, 1, 4)          0           bg_dense2[0][0]                  
____________________________________________________________________________________________________
multiply (Multiply)              (None, 16, 4)         0           spec_reshape[0][0]               
                                                                   bg_reshape[0][0]                 
____________________________________________________________________________________________________
flatten (Flatten)                (None, 64)            0           multiply[0][0]                   
____________________________________________________________________________________________________
dense (Dense)                    (None, 1)             65          flatten[0][0]                    
====================================================================================================
Total params: 678,577
Trainable params: 678,575
Non-trainable params: 2
____________________________________________________________________________________________________
         acc      loss   val_acc  val_loss
0   0.976562  0.098357  0.874023  0.625863
1   0.974121  0.105363  0.828857  0.471556
2   0.979126  0.090906  0.838745  0.441718
3   0.975586  0.097849  0.828003  0.569963
4   0.979248  0.093437  0.857910  0.461407
5   0.982056  0.085940  0.832886  0.578152
6   0.977173  0.095836  0.848511  0.478692
7   0.975708  0.102526  0.819092  0.717616
8   0.982056  0.085458  0.785522  0.736614
9   0.977295  0.109337  0.740356  0.554105
10  0.979858  0.086903  0.839478  0.437780
11  0.979858  0.082364  0.799072  0.472883
12  0.981079  0.086832  0.854492  0.370850
13  0.969604  0.138796  0.790771  0.490719
14  0.976929  0.112471  0.815063  0.480849
15  0.983276  0.081167  0.812500  0.523499
16  0.984741  0.078683  0.822754  0.469809
17  0.983398  0.076458  0.850098  0.412337
18  0.982422  0.083072  0.852295  0.435270
19  0.980469  0.106740  0.873901  0.463909
20  0.978394  0.117080  0.823120  0.638281
21  0.981934  0.099749  0.848511  0.404514
22  0.982666  0.088326  0.859619  0.359596
23  0.957153  0.183976  0.830200  0.382019
24  0.945312  0.265377  0.829956  0.462114
25  0.952148  0.211648  0.846069  0.407453
26  0.968872  0.157927  0.829834  0.416395
27  0.970825  0.140152  0.829712  0.442203
28  0.973999  0.127755  0.836182  0.414146
29  0.975830  0.117297  0.869019  0.357051
30  0.976685  0.109687  0.837891  0.374675
31  0.747925  3.943536  0.507568  7.973695

2018-01-19 21:29:14.179916 Finish.
Total elapsed time: 04:29:05.18.
