2018-01-19 17:00:12.046907: W tensorflow/core/platform/cpu_feature_guard.cc:45] The TensorFlow library wasn't compiled to use SSE4.1 instructions, but these are available on your machine and could speed up CPU computations.
2018-01-19 17:00:12.048844: W tensorflow/core/platform/cpu_feature_guard.cc:45] The TensorFlow library wasn't compiled to use SSE4.2 instructions, but these are available on your machine and could speed up CPU computations.
2018-01-19 17:00:12.048861: W tensorflow/core/platform/cpu_feature_guard.cc:45] The TensorFlow library wasn't compiled to use AVX instructions, but these are available on your machine and could speed up CPU computations.
2018-01-19 17:00:12.048868: W tensorflow/core/platform/cpu_feature_guard.cc:45] The TensorFlow library wasn't compiled to use AVX2 instructions, but these are available on your machine and could speed up CPU computations.
2018-01-19 17:00:12.048874: W tensorflow/core/platform/cpu_feature_guard.cc:45] The TensorFlow library wasn't compiled to use FMA instructions, but these are available on your machine and could speed up CPU computations.
Using TensorFlow backend.
2018-01-19 17:00:06.862635 Start.
Training NTT-like convnet on BirdVox-70k with PCEN input. 
Training set: unit01, unit02, unit03.
Validation set: unit05, unit07.
Test set: unit10.

h5py version: 2.6.0
keras version: 2.0.6
numpy version: 1.13.1
pandas version: 0.20.3
pescador version: 1.0.0
tensorflow version: 1.2.1

____________________________________________________________________________________________________
Layer (type)                     Output Shape          Param #     Connected to                     
====================================================================================================
spec_input (InputLayer)          (None, 128, 104, 1)   0                                            
____________________________________________________________________________________________________
spec_bn (BatchNormalization)     (None, 128, 104, 1)   4           spec_input[0][0]                 
____________________________________________________________________________________________________
spec_conv1 (Conv2D)              (None, 128, 104, 24)  624         spec_bn[0][0]                    
____________________________________________________________________________________________________
bg_input (InputLayer)            (None, 128, 9)        0                                            
____________________________________________________________________________________________________
spec_pool1 (MaxPooling2D)        (None, 64, 26, 24)    0           spec_conv1[0][0]                 
____________________________________________________________________________________________________
bg_pool (AveragePooling1D)       (None, 32, 9)         0           bg_input[0][0]                   
____________________________________________________________________________________________________
spec_conv2 (Conv2D)              (None, 64, 26, 48)    28848       spec_pool1[0][0]                 
____________________________________________________________________________________________________
bg_permute (Permute)             (None, 9, 32)         0           bg_pool[0][0]                    
____________________________________________________________________________________________________
spec_pool2 (MaxPooling2D)        (None, 32, 6, 48)     0           spec_conv2[0][0]                 
____________________________________________________________________________________________________
bg_conv (Conv1D)                 (None, 9, 8)          264         bg_permute[0][0]                 
____________________________________________________________________________________________________
spec_conv3 (Conv2D)              (None, 32, 6, 48)     57648       spec_pool2[0][0]                 
____________________________________________________________________________________________________
bg_flatten (Flatten)             (None, 72)            0           bg_conv[0][0]                    
____________________________________________________________________________________________________
spec_flatten (Flatten)           (None, 9216)          0           spec_conv3[0][0]                 
____________________________________________________________________________________________________
bg_dense1 (Dense)                (None, 16)            1168        bg_flatten[0][0]                 
____________________________________________________________________________________________________
spec_dense1 (Dense)              (None, 64)            589888      spec_flatten[0][0]               
____________________________________________________________________________________________________
bg_dense2 (Dense)                (None, 4)             68          bg_dense1[0][0]                  
____________________________________________________________________________________________________
spec_reshape (Reshape)           (None, 16, 4)         0           spec_dense1[0][0]                
____________________________________________________________________________________________________
bg_reshape (Reshape)             (None, 1, 4)          0           bg_dense2[0][0]                  
____________________________________________________________________________________________________
multiply (Multiply)              (None, 16, 4)         0           spec_reshape[0][0]               
                                                                   bg_reshape[0][0]                 
____________________________________________________________________________________________________
flatten (Flatten)                (None, 64)            0           multiply[0][0]                   
____________________________________________________________________________________________________
dense (Dense)                    (None, 1)             65          flatten[0][0]                    
====================================================================================================
Total params: 678,577
Trainable params: 678,575
Non-trainable params: 2
____________________________________________________________________________________________________
         acc      loss   val_acc  val_loss
0   0.957397  0.153756  0.953369  0.171463
1   0.955688  0.156319  0.963867  0.150022
2   0.961060  0.158242  0.973755  0.125675
3   0.962036  0.138751  0.972046  0.130086
4   0.965820  0.128276  0.976196  0.114262
5   0.955811  0.190862  0.960571  0.187103
6   0.722046  4.385602  0.492798  8.231798
7   0.494751  8.190271  0.500244  8.093796
8   0.505981  7.995391  0.501465  8.061029
9   0.489868  8.240518  0.498047  8.105054
10  0.492676  8.186213  0.499634  8.071014
11  0.500000  8.061320  0.498535  8.080950
12  0.497314  8.096994  0.498291  8.078103
13  0.497803  8.082801  0.496460  8.101193
14  0.500366  8.036093  0.501099  8.021647
15  0.502686  7.993738  0.502563  7.993119
16  0.495605  8.101620  0.496826  8.079770
17  0.498413  8.052208  0.504517  7.952672
18  0.501831  7.993369  0.502930  7.973767
19  0.497925  8.051577  0.496704  8.069085
20  0.496582  8.069179  0.504517  7.940857
21  0.498779  8.030592  0.499146  8.023049
22  0.498413  8.033109  0.495483  8.078224
23  0.499146  8.018335  0.498657  8.024636
24  0.504517  7.936395  0.500244  8.138356
25  0.503052  8.078777  0.498779  8.137205
26  0.527466  7.667974  0.620483  6.142214
27  0.696533  4.935400  0.593018  6.571469
28  0.694946  4.949868  0.596069  6.514378
29  0.713013  4.655001  0.602539  6.405437
30  0.704834  4.779864  0.610718  6.270003
31  0.701172  4.835256  0.663330  5.430540

2018-01-19 21:22:21.668592 Finish.
Total elapsed time: 04:22:15.67.
