2018-01-19 17:00:26.281192: W tensorflow/core/platform/cpu_feature_guard.cc:45] The TensorFlow library wasn't compiled to use SSE4.1 instructions, but these are available on your machine and could speed up CPU computations.
2018-01-19 17:00:26.281429: W tensorflow/core/platform/cpu_feature_guard.cc:45] The TensorFlow library wasn't compiled to use SSE4.2 instructions, but these are available on your machine and could speed up CPU computations.
2018-01-19 17:00:26.281442: W tensorflow/core/platform/cpu_feature_guard.cc:45] The TensorFlow library wasn't compiled to use AVX instructions, but these are available on your machine and could speed up CPU computations.
2018-01-19 17:00:26.281447: W tensorflow/core/platform/cpu_feature_guard.cc:45] The TensorFlow library wasn't compiled to use AVX2 instructions, but these are available on your machine and could speed up CPU computations.
2018-01-19 17:00:26.281452: W tensorflow/core/platform/cpu_feature_guard.cc:45] The TensorFlow library wasn't compiled to use FMA instructions, but these are available on your machine and could speed up CPU computations.
Using TensorFlow backend.
2018-01-19 17:00:06.805593 Start.
Training NTT-like convnet on BirdVox-70k with PCEN input. 
Training set: unit05, unit07, unit10.
Validation set: unit01, unit02.
Test set: unit03.

h5py version: 2.6.0
keras version: 2.0.6
numpy version: 1.13.1
pandas version: 0.20.3
pescador version: 1.0.0
tensorflow version: 1.2.1

____________________________________________________________________________________________________
Layer (type)                     Output Shape          Param #     Connected to                     
====================================================================================================
spec_input (InputLayer)          (None, 128, 104, 1)   0                                            
____________________________________________________________________________________________________
spec_bn (BatchNormalization)     (None, 128, 104, 1)   4           spec_input[0][0]                 
____________________________________________________________________________________________________
spec_conv1 (Conv2D)              (None, 128, 104, 24)  624         spec_bn[0][0]                    
____________________________________________________________________________________________________
bg_input (InputLayer)            (None, 128, 9)        0                                            
____________________________________________________________________________________________________
spec_pool1 (MaxPooling2D)        (None, 64, 26, 24)    0           spec_conv1[0][0]                 
____________________________________________________________________________________________________
bg_pool (AveragePooling1D)       (None, 32, 9)         0           bg_input[0][0]                   
____________________________________________________________________________________________________
spec_conv2 (Conv2D)              (None, 64, 26, 48)    28848       spec_pool1[0][0]                 
____________________________________________________________________________________________________
bg_permute (Permute)             (None, 9, 32)         0           bg_pool[0][0]                    
____________________________________________________________________________________________________
spec_pool2 (MaxPooling2D)        (None, 32, 6, 48)     0           spec_conv2[0][0]                 
____________________________________________________________________________________________________
bg_conv (Conv1D)                 (None, 9, 8)          264         bg_permute[0][0]                 
____________________________________________________________________________________________________
spec_conv3 (Conv2D)              (None, 32, 6, 48)     57648       spec_pool2[0][0]                 
____________________________________________________________________________________________________
bg_flatten (Flatten)             (None, 72)            0           bg_conv[0][0]                    
____________________________________________________________________________________________________
spec_flatten (Flatten)           (None, 9216)          0           spec_conv3[0][0]                 
____________________________________________________________________________________________________
bg_dense1 (Dense)                (None, 16)            1168        bg_flatten[0][0]                 
____________________________________________________________________________________________________
spec_dense1 (Dense)              (None, 64)            589888      spec_flatten[0][0]               
____________________________________________________________________________________________________
bg_dense2 (Dense)                (None, 4)             68          bg_dense1[0][0]                  
____________________________________________________________________________________________________
spec_reshape (Reshape)           (None, 16, 4)         0           spec_dense1[0][0]                
____________________________________________________________________________________________________
bg_reshape (Reshape)             (None, 1, 4)          0           bg_dense2[0][0]                  
____________________________________________________________________________________________________
multiply (Multiply)              (None, 16, 4)         0           spec_reshape[0][0]               
                                                                   bg_reshape[0][0]                 
____________________________________________________________________________________________________
flatten (Flatten)                (None, 64)            0           multiply[0][0]                   
____________________________________________________________________________________________________
dense (Dense)                    (None, 1)             65          flatten[0][0]                    
====================================================================================================
Total params: 678,577
Trainable params: 678,575
Non-trainable params: 2
____________________________________________________________________________________________________
         acc      loss   val_acc  val_loss
0   0.971802  0.104249  0.751709  0.768596
1   0.971802  0.111533  0.779785  0.800305
2   0.976929  0.095373  0.807251  0.657467
3   0.973877  0.105536  0.805176  0.726782
4   0.978027  0.093799  0.821655  0.485010
5   0.974731  0.108932  0.785400  0.518540
6   0.977539  0.098409  0.812256  0.777906
7   0.805786  2.933954  0.497925  8.044345
8   0.494629  8.092142  0.492310  8.125278
9   0.498779  8.019284  0.502319  7.960261
10  0.496582  8.049571  0.492432  8.113720
11  0.496704  8.043851  0.508301  7.857306
12  0.493530  8.091305  0.497192  8.031509
13  0.504272  7.917368  0.499268  7.995942
14  0.505005  7.903381  0.502441  7.943198
15  0.508179  7.850784  0.497681  8.017238
16  0.493896  8.076748  0.503418  7.924167
17  0.499268  7.989630  0.500122  7.975333
18  0.500977  7.961108  0.499146  7.989725
19  0.508057  7.847150  0.507935  7.848610
20  0.504639  7.900727  0.505859  7.880861
21  0.493774  8.073170  0.501221  7.954124
22  0.493774  8.072546  0.510498  7.805660
23  0.502686  7.929977  0.506348  7.871377
24  0.498413  7.997689  0.504517  7.900213
25  0.500488  7.964292  0.499023  7.987513
26  0.502686  7.929021  0.503296  7.919191
27  0.504150  7.905487  0.492554  8.090291
28  0.505127  7.889784  0.492065  8.097962
29  0.504272  7.903310  0.500610  7.961654
30  0.501221  7.951893  0.509277  7.823424
31  0.498779  7.990766  0.492188  8.095837

2018-01-19 21:14:22.009555 Finish.
Total elapsed time: 04:14:16.01.
