2018-01-19 17:00:11.895211: W tensorflow/core/platform/cpu_feature_guard.cc:45] The TensorFlow library wasn't compiled to use SSE4.1 instructions, but these are available on your machine and could speed up CPU computations.
2018-01-19 17:00:11.898649: W tensorflow/core/platform/cpu_feature_guard.cc:45] The TensorFlow library wasn't compiled to use SSE4.2 instructions, but these are available on your machine and could speed up CPU computations.
2018-01-19 17:00:11.898660: W tensorflow/core/platform/cpu_feature_guard.cc:45] The TensorFlow library wasn't compiled to use AVX instructions, but these are available on your machine and could speed up CPU computations.
2018-01-19 17:00:11.898665: W tensorflow/core/platform/cpu_feature_guard.cc:45] The TensorFlow library wasn't compiled to use AVX2 instructions, but these are available on your machine and could speed up CPU computations.
2018-01-19 17:00:11.898670: W tensorflow/core/platform/cpu_feature_guard.cc:45] The TensorFlow library wasn't compiled to use FMA instructions, but these are available on your machine and could speed up CPU computations.
Using TensorFlow backend.
2018-01-19 17:00:06.839301 Start.
Training NTT-like convnet on BirdVox-70k with PCEN input. 
Training set: unit03, unit05, unit07.
Validation set: unit10, unit01.
Test set: unit02.

h5py version: 2.6.0
keras version: 2.0.6
numpy version: 1.13.1
pandas version: 0.20.3
pescador version: 1.0.0
tensorflow version: 1.2.1

____________________________________________________________________________________________________
Layer (type)                     Output Shape          Param #     Connected to                     
====================================================================================================
spec_input (InputLayer)          (None, 128, 104, 1)   0                                            
____________________________________________________________________________________________________
spec_bn (BatchNormalization)     (None, 128, 104, 1)   4           spec_input[0][0]                 
____________________________________________________________________________________________________
spec_conv1 (Conv2D)              (None, 128, 104, 24)  624         spec_bn[0][0]                    
____________________________________________________________________________________________________
bg_input (InputLayer)            (None, 128, 9)        0                                            
____________________________________________________________________________________________________
spec_pool1 (MaxPooling2D)        (None, 64, 26, 24)    0           spec_conv1[0][0]                 
____________________________________________________________________________________________________
bg_pool (AveragePooling1D)       (None, 32, 9)         0           bg_input[0][0]                   
____________________________________________________________________________________________________
spec_conv2 (Conv2D)              (None, 64, 26, 48)    28848       spec_pool1[0][0]                 
____________________________________________________________________________________________________
bg_permute (Permute)             (None, 9, 32)         0           bg_pool[0][0]                    
____________________________________________________________________________________________________
spec_pool2 (MaxPooling2D)        (None, 32, 6, 48)     0           spec_conv2[0][0]                 
____________________________________________________________________________________________________
bg_conv (Conv1D)                 (None, 9, 8)          264         bg_permute[0][0]                 
____________________________________________________________________________________________________
spec_conv3 (Conv2D)              (None, 32, 6, 48)     57648       spec_pool2[0][0]                 
____________________________________________________________________________________________________
bg_flatten (Flatten)             (None, 72)            0           bg_conv[0][0]                    
____________________________________________________________________________________________________
spec_flatten (Flatten)           (None, 9216)          0           spec_conv3[0][0]                 
____________________________________________________________________________________________________
bg_dense1 (Dense)                (None, 16)            1168        bg_flatten[0][0]                 
____________________________________________________________________________________________________
spec_dense1 (Dense)              (None, 64)            589888      spec_flatten[0][0]               
____________________________________________________________________________________________________
bg_dense2 (Dense)                (None, 4)             68          bg_dense1[0][0]                  
____________________________________________________________________________________________________
spec_reshape (Reshape)           (None, 16, 4)         0           spec_dense1[0][0]                
____________________________________________________________________________________________________
bg_reshape (Reshape)             (None, 1, 4)          0           bg_dense2[0][0]                  
____________________________________________________________________________________________________
multiply (Multiply)              (None, 16, 4)         0           spec_reshape[0][0]               
                                                                   bg_reshape[0][0]                 
____________________________________________________________________________________________________
flatten (Flatten)                (None, 64)            0           multiply[0][0]                   
____________________________________________________________________________________________________
dense (Dense)                    (None, 1)             65          flatten[0][0]                    
====================================================================================================
Total params: 678,577
Trainable params: 678,575
Non-trainable params: 2
____________________________________________________________________________________________________
         acc      loss   val_acc  val_loss
0   0.980103  0.087114  0.863892  0.434172
1   0.976929  0.092851  0.883789  0.442777
2   0.980591  0.085283  0.866333  0.372179
3   0.981323  0.074988  0.830322  0.596706
4   0.977783  0.085550  0.882690  0.329122
5   0.975952  0.114192  0.881958  0.353289
6   0.981079  0.083887  0.860352  0.370803
7   0.979858  0.086037  0.871338  0.342590
8   0.973022  0.110687  0.773315  0.502465
9   0.575195  6.773695  0.491699  8.213246
10  0.496826  8.127349  0.498047  8.104945
11  0.492432  8.193460  0.494507  8.158253
12  0.495972  8.133271  0.503418  8.012017
13  0.505005  7.985452  0.509521  7.911756
14  0.501099  8.046791  0.498779  8.083512
15  0.487671  8.262017  0.479004  8.401218
16  0.496094  8.125356  0.502808  8.016769
17  0.505127  7.970908  0.489380  8.165060
18  0.497925  8.027026  0.495117  8.069505
19  0.499878  7.992035  0.503296  7.936127
20  0.501465  7.964137  0.491821  8.116769
21  0.503540  7.928973  0.509399  7.834636
22  0.496094  8.045933  0.499878  7.984811
23  0.501465  7.958795  0.502563  7.940590
24  0.501221  7.961370  0.503418  7.925735
25  0.493774  8.078925  0.493042  8.090069
26  0.497070  8.025362  0.503052  7.929534
27  0.501343  7.956351  0.493286  8.084380
28  0.489014  8.152116  0.503662  7.918221
29  0.500732  7.964597  0.502930  7.929248
30  0.506714  7.868629  0.502319  7.938409
31  0.500854  7.961509  0.494141  8.068299

2018-01-19 21:18:32.553454 Finish.
Total elapsed time: 04:18:26.55.
