2018-01-19 17:00:33.923554: W tensorflow/core/platform/cpu_feature_guard.cc:45] The TensorFlow library wasn't compiled to use SSE4.1 instructions, but these are available on your machine and could speed up CPU computations.
2018-01-19 17:00:33.923802: W tensorflow/core/platform/cpu_feature_guard.cc:45] The TensorFlow library wasn't compiled to use SSE4.2 instructions, but these are available on your machine and could speed up CPU computations.
2018-01-19 17:00:33.923815: W tensorflow/core/platform/cpu_feature_guard.cc:45] The TensorFlow library wasn't compiled to use AVX instructions, but these are available on your machine and could speed up CPU computations.
Using TensorFlow backend.
2018-01-19 17:00:32.697589 Start.
Training NTT-like convnet on BirdVox-70k with PCEN input. 
Training set: unit01, unit02, unit03.
Validation set: unit05, unit07.
Test set: unit10.

h5py version: 2.6.0
keras version: 2.0.6
numpy version: 1.13.1
pandas version: 0.20.3
pescador version: 1.0.0
tensorflow version: 1.2.1

____________________________________________________________________________________________________
Layer (type)                     Output Shape          Param #     Connected to                     
====================================================================================================
spec_input (InputLayer)          (None, 128, 104, 1)   0                                            
____________________________________________________________________________________________________
spec_bn (BatchNormalization)     (None, 128, 104, 1)   4           spec_input[0][0]                 
____________________________________________________________________________________________________
spec_conv1 (Conv2D)              (None, 128, 104, 24)  624         spec_bn[0][0]                    
____________________________________________________________________________________________________
bg_input (InputLayer)            (None, 128, 9)        0                                            
____________________________________________________________________________________________________
spec_pool1 (MaxPooling2D)        (None, 64, 26, 24)    0           spec_conv1[0][0]                 
____________________________________________________________________________________________________
bg_pool (AveragePooling1D)       (None, 32, 9)         0           bg_input[0][0]                   
____________________________________________________________________________________________________
spec_conv2 (Conv2D)              (None, 64, 26, 48)    28848       spec_pool1[0][0]                 
____________________________________________________________________________________________________
bg_permute (Permute)             (None, 9, 32)         0           bg_pool[0][0]                    
____________________________________________________________________________________________________
spec_pool2 (MaxPooling2D)        (None, 32, 6, 48)     0           spec_conv2[0][0]                 
____________________________________________________________________________________________________
bg_conv (Conv1D)                 (None, 9, 8)          264         bg_permute[0][0]                 
____________________________________________________________________________________________________
spec_conv3 (Conv2D)              (None, 32, 6, 48)     57648       spec_pool2[0][0]                 
____________________________________________________________________________________________________
bg_flatten (Flatten)             (None, 72)            0           bg_conv[0][0]                    
____________________________________________________________________________________________________
spec_flatten (Flatten)           (None, 9216)          0           spec_conv3[0][0]                 
____________________________________________________________________________________________________
bg_dense1 (Dense)                (None, 16)            1168        bg_flatten[0][0]                 
____________________________________________________________________________________________________
spec_dense1 (Dense)              (None, 64)            589888      spec_flatten[0][0]               
____________________________________________________________________________________________________
bg_dense2 (Dense)                (None, 4)             68          bg_dense1[0][0]                  
____________________________________________________________________________________________________
spec_reshape (Reshape)           (None, 16, 4)         0           spec_dense1[0][0]                
____________________________________________________________________________________________________
bg_reshape (Reshape)             (None, 1, 4)          0           bg_dense2[0][0]                  
____________________________________________________________________________________________________
multiply (Multiply)              (None, 16, 4)         0           spec_reshape[0][0]               
                                                                   bg_reshape[0][0]                 
____________________________________________________________________________________________________
flatten (Flatten)                (None, 64)            0           multiply[0][0]                   
____________________________________________________________________________________________________
dense (Dense)                    (None, 1)             65          flatten[0][0]                    
====================================================================================================
Total params: 678,577
Trainable params: 678,575
Non-trainable params: 2
____________________________________________________________________________________________________
         acc      loss   val_acc  val_loss
0   0.969116  0.111982  0.936646  0.179968
1   0.972046  0.110316  0.907471  0.213706
2   0.969727  0.118378  0.919922  0.199631
3   0.975586  0.108067  0.912109  0.217501
4   0.974609  0.100569  0.963257  0.134111
5   0.974121  0.107275  0.931885  0.195430
6   0.973877  0.107534  0.907349  0.230962
7   0.969971  0.122745  0.917480  0.200994
8   0.964355  0.156692  0.893921  0.243190
9   0.963257  0.140513  0.893188  0.232518
10  0.968872  0.132189  0.854614  0.341903
11  0.970459  0.120434  0.899536  0.212740
12  0.978882  0.100079  0.782471  0.456019
13  0.975952  0.106526  0.862183  0.279611
14  0.975342  0.106710  0.825317  0.362204
15  0.972534  0.138381  0.771729  0.514878

2018-01-19 19:20:52.747645 Finish.
Total elapsed time: 02:20:20.75.
