2018-01-19 17:00:07.714328: W tensorflow/core/platform/cpu_feature_guard.cc:45] The TensorFlow library wasn't compiled to use SSE4.1 instructions, but these are available on your machine and could speed up CPU computations.
2018-01-19 17:00:07.714489: W tensorflow/core/platform/cpu_feature_guard.cc:45] The TensorFlow library wasn't compiled to use SSE4.2 instructions, but these are available on your machine and could speed up CPU computations.
2018-01-19 17:00:07.714499: W tensorflow/core/platform/cpu_feature_guard.cc:45] The TensorFlow library wasn't compiled to use AVX instructions, but these are available on your machine and could speed up CPU computations.
2018-01-19 17:00:07.714503: W tensorflow/core/platform/cpu_feature_guard.cc:45] The TensorFlow library wasn't compiled to use AVX2 instructions, but these are available on your machine and could speed up CPU computations.
2018-01-19 17:00:07.714507: W tensorflow/core/platform/cpu_feature_guard.cc:45] The TensorFlow library wasn't compiled to use FMA instructions, but these are available on your machine and could speed up CPU computations.
Using TensorFlow backend.
2018-01-19 17:00:06.798379 Start.
Training NTT-like convnet on BirdVox-70k with PCEN input. 
Training set: unit01, unit02, unit03.
Validation set: unit05, unit07.
Test set: unit10.

h5py version: 2.6.0
keras version: 2.0.6
numpy version: 1.13.1
pandas version: 0.20.3
pescador version: 1.0.0
tensorflow version: 1.2.1

____________________________________________________________________________________________________
Layer (type)                     Output Shape          Param #     Connected to                     
====================================================================================================
spec_input (InputLayer)          (None, 128, 104, 1)   0                                            
____________________________________________________________________________________________________
spec_bn (BatchNormalization)     (None, 128, 104, 1)   4           spec_input[0][0]                 
____________________________________________________________________________________________________
spec_conv1 (Conv2D)              (None, 128, 104, 24)  624         spec_bn[0][0]                    
____________________________________________________________________________________________________
bg_input (InputLayer)            (None, 128, 9)        0                                            
____________________________________________________________________________________________________
spec_pool1 (MaxPooling2D)        (None, 64, 26, 24)    0           spec_conv1[0][0]                 
____________________________________________________________________________________________________
bg_pool (AveragePooling1D)       (None, 32, 9)         0           bg_input[0][0]                   
____________________________________________________________________________________________________
spec_conv2 (Conv2D)              (None, 64, 26, 48)    28848       spec_pool1[0][0]                 
____________________________________________________________________________________________________
bg_permute (Permute)             (None, 9, 32)         0           bg_pool[0][0]                    
____________________________________________________________________________________________________
spec_pool2 (MaxPooling2D)        (None, 32, 6, 48)     0           spec_conv2[0][0]                 
____________________________________________________________________________________________________
bg_conv (Conv1D)                 (None, 9, 8)          264         bg_permute[0][0]                 
____________________________________________________________________________________________________
spec_conv3 (Conv2D)              (None, 32, 6, 48)     57648       spec_pool2[0][0]                 
____________________________________________________________________________________________________
bg_flatten (Flatten)             (None, 72)            0           bg_conv[0][0]                    
____________________________________________________________________________________________________
spec_flatten (Flatten)           (None, 9216)          0           spec_conv3[0][0]                 
____________________________________________________________________________________________________
bg_dense1 (Dense)                (None, 16)            1168        bg_flatten[0][0]                 
____________________________________________________________________________________________________
spec_dense1 (Dense)              (None, 64)            589888      spec_flatten[0][0]               
____________________________________________________________________________________________________
bg_dense2 (Dense)                (None, 4)             68          bg_dense1[0][0]                  
____________________________________________________________________________________________________
spec_reshape (Reshape)           (None, 16, 4)         0           spec_dense1[0][0]                
____________________________________________________________________________________________________
bg_reshape (Reshape)             (None, 1, 4)          0           bg_dense2[0][0]                  
____________________________________________________________________________________________________
multiply (Multiply)              (None, 16, 4)         0           spec_reshape[0][0]               
                                                                   bg_reshape[0][0]                 
____________________________________________________________________________________________________
flatten (Flatten)                (None, 64)            0           multiply[0][0]                   
____________________________________________________________________________________________________
dense (Dense)                    (None, 1)             65          flatten[0][0]                    
====================================================================================================
Total params: 678,577
Trainable params: 678,575
Non-trainable params: 2
____________________________________________________________________________________________________
         acc      loss   val_acc  val_loss
0   0.946045  0.159128  0.872559  0.326153
1   0.947266  0.163166  0.874023  0.342703
2   0.953857  0.170960  0.928345  0.309854
3   0.956665  0.156701  0.938721  0.244419
4   0.958252  0.153690  0.916260  0.237534
5   0.962646  0.137541  0.890381  0.317052
6   0.967041  0.123217  0.905640  0.304799
7   0.970337  0.129281  0.907959  0.265859
8   0.969727  0.129438  0.895630  0.380110
9   0.956787  0.212666  0.867065  0.388057
10  0.950195  0.218765  0.862671  0.487752
11  0.684326  4.939104  0.494873  8.124171
12  0.505005  7.954896  0.499146  8.041738
13  0.498291  8.050365  0.501587  7.993293
14  0.505371  7.929223  0.498169  8.040561
15  0.500366  8.002538  0.496704  8.058094

2018-01-19 19:25:03.900763 Finish.
Total elapsed time: 02:24:57.90.
