2018-01-19 17:00:10.673830: W tensorflow/core/platform/cpu_feature_guard.cc:45] The TensorFlow library wasn't compiled to use SSE4.1 instructions, but these are available on your machine and could speed up CPU computations.
2018-01-19 17:00:10.676282: W tensorflow/core/platform/cpu_feature_guard.cc:45] The TensorFlow library wasn't compiled to use SSE4.2 instructions, but these are available on your machine and could speed up CPU computations.
2018-01-19 17:00:10.676295: W tensorflow/core/platform/cpu_feature_guard.cc:45] The TensorFlow library wasn't compiled to use AVX instructions, but these are available on your machine and could speed up CPU computations.
2018-01-19 17:00:10.676300: W tensorflow/core/platform/cpu_feature_guard.cc:45] The TensorFlow library wasn't compiled to use AVX2 instructions, but these are available on your machine and could speed up CPU computations.
2018-01-19 17:00:10.676305: W tensorflow/core/platform/cpu_feature_guard.cc:45] The TensorFlow library wasn't compiled to use FMA instructions, but these are available on your machine and could speed up CPU computations.
Using TensorFlow backend.
2018-01-19 17:00:05.966645 Start.
Training NTT-like convnet on BirdVox-70k with PCEN input. 
Training set: unit05, unit07, unit10.
Validation set: unit01, unit02.
Test set: unit03.

h5py version: 2.6.0
keras version: 2.0.6
numpy version: 1.13.1
pandas version: 0.20.3
pescador version: 1.0.0
tensorflow version: 1.2.1

____________________________________________________________________________________________________
Layer (type)                     Output Shape          Param #     Connected to                     
====================================================================================================
spec_input (InputLayer)          (None, 128, 104, 1)   0                                            
____________________________________________________________________________________________________
spec_bn (BatchNormalization)     (None, 128, 104, 1)   4           spec_input[0][0]                 
____________________________________________________________________________________________________
spec_conv1 (Conv2D)              (None, 128, 104, 24)  624         spec_bn[0][0]                    
____________________________________________________________________________________________________
bg_input (InputLayer)            (None, 128, 9)        0                                            
____________________________________________________________________________________________________
spec_pool1 (MaxPooling2D)        (None, 64, 26, 24)    0           spec_conv1[0][0]                 
____________________________________________________________________________________________________
bg_pool (AveragePooling1D)       (None, 32, 9)         0           bg_input[0][0]                   
____________________________________________________________________________________________________
spec_conv2 (Conv2D)              (None, 64, 26, 48)    28848       spec_pool1[0][0]                 
____________________________________________________________________________________________________
bg_permute (Permute)             (None, 9, 32)         0           bg_pool[0][0]                    
____________________________________________________________________________________________________
spec_pool2 (MaxPooling2D)        (None, 32, 6, 48)     0           spec_conv2[0][0]                 
____________________________________________________________________________________________________
bg_conv (Conv1D)                 (None, 9, 8)          264         bg_permute[0][0]                 
____________________________________________________________________________________________________
spec_conv3 (Conv2D)              (None, 32, 6, 48)     57648       spec_pool2[0][0]                 
____________________________________________________________________________________________________
bg_flatten (Flatten)             (None, 72)            0           bg_conv[0][0]                    
____________________________________________________________________________________________________
spec_flatten (Flatten)           (None, 9216)          0           spec_conv3[0][0]                 
____________________________________________________________________________________________________
bg_dense1 (Dense)                (None, 16)            1168        bg_flatten[0][0]                 
____________________________________________________________________________________________________
spec_dense1 (Dense)              (None, 64)            589888      spec_flatten[0][0]               
____________________________________________________________________________________________________
bg_dense2 (Dense)                (None, 4)             68          bg_dense1[0][0]                  
____________________________________________________________________________________________________
spec_reshape (Reshape)           (None, 16, 4)         0           spec_dense1[0][0]                
____________________________________________________________________________________________________
bg_reshape (Reshape)             (None, 1, 4)          0           bg_dense2[0][0]                  
____________________________________________________________________________________________________
multiply (Multiply)              (None, 16, 4)         0           spec_reshape[0][0]               
                                                                   bg_reshape[0][0]                 
____________________________________________________________________________________________________
flatten (Flatten)                (None, 64)            0           multiply[0][0]                   
____________________________________________________________________________________________________
dense (Dense)                    (None, 1)             65          flatten[0][0]                    
====================================================================================================
Total params: 678,577
Trainable params: 678,575
Non-trainable params: 2
____________________________________________________________________________________________________
         acc      loss   val_acc  val_loss
0   0.971558  0.129683  0.846924  0.483163
1   0.972168  0.107914  0.850464  0.552002
2   0.973145  0.114245  0.824585  0.835489
3   0.976807  0.106104  0.854126  0.411966
4   0.976807  0.104043  0.847900  0.508451
5   0.977661  0.095063  0.833984  0.585199
6   0.972046  0.114321  0.840332  0.496865
7   0.973633  0.111936  0.850708  0.472563
8   0.976562  0.098253  0.831421  0.767625
9   0.977417  0.096612  0.841553  0.598296
10  0.976318  0.116563  0.842407  0.517153
11  0.972900  0.110694  0.850220  0.351946
12  0.976196  0.098199  0.826172  0.517806
13  0.978638  0.096731  0.845703  0.565040
14  0.976074  0.099708  0.859497  0.335757
15  0.979736  0.088760  0.852905  0.597684
16  0.975342  0.108795  0.844360  0.476141
17  0.979858  0.098720  0.838379  0.531961
18  0.979004  0.099551  0.855103  0.370994
19  0.977173  0.105173  0.844849  0.457686
20  0.974854  0.120735  0.843506  0.394975
21  0.969604  0.161658  0.844360  1.335006
22  0.810059  3.070244  0.594116  6.595375
23  0.680176  5.170967  0.563232  7.017408
24  0.496826  8.072689  0.558960  7.079864
25  0.497559  8.056392  0.562622  7.017881
26  0.500488  8.006284  0.558594  7.078954
27  0.487061  8.217402  0.556885  7.103519
28  0.498901  8.026168  0.558350  7.078157
29  0.489746  8.170042  0.561523  7.025411
30  0.494629  8.090177  0.551392  7.183153
31  0.496948  8.051548  0.560181  7.043077

2018-01-19 21:13:29.468803 Finish.
Total elapsed time: 04:13:24.47.
