2018-01-19 17:00:12.484140: W tensorflow/core/platform/cpu_feature_guard.cc:45] The TensorFlow library wasn't compiled to use SSE4.1 instructions, but these are available on your machine and could speed up CPU computations.
2018-01-19 17:00:12.484343: W tensorflow/core/platform/cpu_feature_guard.cc:45] The TensorFlow library wasn't compiled to use SSE4.2 instructions, but these are available on your machine and could speed up CPU computations.
2018-01-19 17:00:12.484354: W tensorflow/core/platform/cpu_feature_guard.cc:45] The TensorFlow library wasn't compiled to use AVX instructions, but these are available on your machine and could speed up CPU computations.
2018-01-19 17:00:12.484359: W tensorflow/core/platform/cpu_feature_guard.cc:45] The TensorFlow library wasn't compiled to use AVX2 instructions, but these are available on your machine and could speed up CPU computations.
2018-01-19 17:00:12.484364: W tensorflow/core/platform/cpu_feature_guard.cc:45] The TensorFlow library wasn't compiled to use FMA instructions, but these are available on your machine and could speed up CPU computations.
Using TensorFlow backend.
2018-01-19 17:00:05.833937 Start.
Training NTT-like convnet on BirdVox-70k with PCEN input. 
Training set: unit02, unit03, unit05.
Validation set: unit07, unit10.
Test set: unit01.

h5py version: 2.6.0
keras version: 2.0.6
numpy version: 1.13.1
pandas version: 0.20.3
pescador version: 1.0.0
tensorflow version: 1.2.1

____________________________________________________________________________________________________
Layer (type)                     Output Shape          Param #     Connected to                     
====================================================================================================
spec_input (InputLayer)          (None, 128, 104, 1)   0                                            
____________________________________________________________________________________________________
spec_bn (BatchNormalization)     (None, 128, 104, 1)   4           spec_input[0][0]                 
____________________________________________________________________________________________________
spec_conv1 (Conv2D)              (None, 128, 104, 24)  624         spec_bn[0][0]                    
____________________________________________________________________________________________________
bg_input (InputLayer)            (None, 128, 9)        0                                            
____________________________________________________________________________________________________
spec_pool1 (MaxPooling2D)        (None, 64, 26, 24)    0           spec_conv1[0][0]                 
____________________________________________________________________________________________________
bg_pool (AveragePooling1D)       (None, 32, 9)         0           bg_input[0][0]                   
____________________________________________________________________________________________________
spec_conv2 (Conv2D)              (None, 64, 26, 48)    28848       spec_pool1[0][0]                 
____________________________________________________________________________________________________
bg_permute (Permute)             (None, 9, 32)         0           bg_pool[0][0]                    
____________________________________________________________________________________________________
spec_pool2 (MaxPooling2D)        (None, 32, 6, 48)     0           spec_conv2[0][0]                 
____________________________________________________________________________________________________
bg_conv (Conv1D)                 (None, 9, 8)          264         bg_permute[0][0]                 
____________________________________________________________________________________________________
spec_conv3 (Conv2D)              (None, 32, 6, 48)     57648       spec_pool2[0][0]                 
____________________________________________________________________________________________________
bg_flatten (Flatten)             (None, 72)            0           bg_conv[0][0]                    
____________________________________________________________________________________________________
spec_flatten (Flatten)           (None, 9216)          0           spec_conv3[0][0]                 
____________________________________________________________________________________________________
bg_dense1 (Dense)                (None, 16)            1168        bg_flatten[0][0]                 
____________________________________________________________________________________________________
spec_dense1 (Dense)              (None, 64)            589888      spec_flatten[0][0]               
____________________________________________________________________________________________________
bg_dense2 (Dense)                (None, 4)             68          bg_dense1[0][0]                  
____________________________________________________________________________________________________
spec_reshape (Reshape)           (None, 16, 4)         0           spec_dense1[0][0]                
____________________________________________________________________________________________________
bg_reshape (Reshape)             (None, 1, 4)          0           bg_dense2[0][0]                  
____________________________________________________________________________________________________
multiply (Multiply)              (None, 16, 4)         0           spec_reshape[0][0]               
                                                                   bg_reshape[0][0]                 
____________________________________________________________________________________________________
flatten (Flatten)                (None, 64)            0           multiply[0][0]                   
____________________________________________________________________________________________________
dense (Dense)                    (None, 1)             65          flatten[0][0]                    
====================================================================================================
Total params: 678,577
Trainable params: 678,575
Non-trainable params: 2
____________________________________________________________________________________________________
         acc      loss   val_acc  val_loss
0   0.976929  0.093639  0.957031  0.153587
1   0.973267  0.101979  0.961060  0.160769
2   0.977539  0.087458  0.919678  0.337958
3   0.980347  0.083435  0.959106  0.158803
4   0.976807  0.091967  0.936401  0.247171
5   0.980469  0.090119  0.943115  0.220237
6   0.977783  0.086883  0.964233  0.160056
7   0.976440  0.105202  0.947144  0.228493
8   0.980347  0.084122  0.958374  0.166096
9   0.984131  0.068797  0.957520  0.196329
10  0.980591  0.080986  0.966064  0.156342
11  0.982788  0.077811  0.961060  0.166028
12  0.979126  0.090884  0.969727  0.152121
13  0.978882  0.096185  0.967163  0.165660
14  0.983276  0.074088  0.942383  0.229876
15  0.974976  0.105926  0.960571  0.182832
16  0.981567  0.086639  0.968140  0.137436
17  0.980469  0.089244  0.960571  0.176711
18  0.984497  0.086772  0.951416  0.189766
19  0.983887  0.082413  0.945068  0.178927
20  0.982910  0.087099  0.946045  0.199806
21  0.984741  0.075492  0.958618  0.179359
22  0.985229  0.070309  0.965942  0.143326
23  0.737915  4.133829  0.498413  8.123521
24  0.507935  7.964974  0.503906  8.025716
25  0.505371  7.943860  0.499634  8.009251
26  0.500488  7.992737  0.497192  8.042747
27  0.501221  7.976502  0.496094  8.056372
28  0.497070  8.039221  0.499023  8.006598
29  0.500977  7.974166  0.487305  8.190901
30  0.503662  7.929040  0.500610  7.976656
31  0.494141  8.078874  0.497070  8.031281

2018-01-19 21:19:40.007752 Finish.
Total elapsed time: 04:19:35.01.
