2018-01-19 17:00:13.192917: W tensorflow/core/platform/cpu_feature_guard.cc:45] The TensorFlow library wasn't compiled to use SSE4.1 instructions, but these are available on your machine and could speed up CPU computations.
2018-01-19 17:00:13.193097: W tensorflow/core/platform/cpu_feature_guard.cc:45] The TensorFlow library wasn't compiled to use SSE4.2 instructions, but these are available on your machine and could speed up CPU computations.
2018-01-19 17:00:13.193109: W tensorflow/core/platform/cpu_feature_guard.cc:45] The TensorFlow library wasn't compiled to use AVX instructions, but these are available on your machine and could speed up CPU computations.
2018-01-19 17:00:13.193114: W tensorflow/core/platform/cpu_feature_guard.cc:45] The TensorFlow library wasn't compiled to use AVX2 instructions, but these are available on your machine and could speed up CPU computations.
2018-01-19 17:00:13.193119: W tensorflow/core/platform/cpu_feature_guard.cc:45] The TensorFlow library wasn't compiled to use FMA instructions, but these are available on your machine and could speed up CPU computations.
Using TensorFlow backend.
2018-01-19 17:00:09.784344 Start.
Training NTT-like convnet on BirdVox-70k with PCEN input. 
Training set: unit02, unit03, unit05.
Validation set: unit07, unit10.
Test set: unit01.

h5py version: 2.6.0
keras version: 2.0.6
numpy version: 1.13.1
pandas version: 0.20.3
pescador version: 1.0.0
tensorflow version: 1.2.1

____________________________________________________________________________________________________
Layer (type)                     Output Shape          Param #     Connected to                     
====================================================================================================
spec_input (InputLayer)          (None, 128, 104, 1)   0                                            
____________________________________________________________________________________________________
spec_bn (BatchNormalization)     (None, 128, 104, 1)   4           spec_input[0][0]                 
____________________________________________________________________________________________________
spec_conv1 (Conv2D)              (None, 128, 104, 24)  624         spec_bn[0][0]                    
____________________________________________________________________________________________________
bg_input (InputLayer)            (None, 128, 9)        0                                            
____________________________________________________________________________________________________
spec_pool1 (MaxPooling2D)        (None, 64, 26, 24)    0           spec_conv1[0][0]                 
____________________________________________________________________________________________________
bg_pool (AveragePooling1D)       (None, 32, 9)         0           bg_input[0][0]                   
____________________________________________________________________________________________________
spec_conv2 (Conv2D)              (None, 64, 26, 48)    28848       spec_pool1[0][0]                 
____________________________________________________________________________________________________
bg_permute (Permute)             (None, 9, 32)         0           bg_pool[0][0]                    
____________________________________________________________________________________________________
spec_pool2 (MaxPooling2D)        (None, 32, 6, 48)     0           spec_conv2[0][0]                 
____________________________________________________________________________________________________
bg_conv (Conv1D)                 (None, 9, 8)          264         bg_permute[0][0]                 
____________________________________________________________________________________________________
spec_conv3 (Conv2D)              (None, 32, 6, 48)     57648       spec_pool2[0][0]                 
____________________________________________________________________________________________________
bg_flatten (Flatten)             (None, 72)            0           bg_conv[0][0]                    
____________________________________________________________________________________________________
spec_flatten (Flatten)           (None, 9216)          0           spec_conv3[0][0]                 
____________________________________________________________________________________________________
bg_dense1 (Dense)                (None, 16)            1168        bg_flatten[0][0]                 
____________________________________________________________________________________________________
spec_dense1 (Dense)              (None, 64)            589888      spec_flatten[0][0]               
____________________________________________________________________________________________________
bg_dense2 (Dense)                (None, 4)             68          bg_dense1[0][0]                  
____________________________________________________________________________________________________
spec_reshape (Reshape)           (None, 16, 4)         0           spec_dense1[0][0]                
____________________________________________________________________________________________________
bg_reshape (Reshape)             (None, 1, 4)          0           bg_dense2[0][0]                  
____________________________________________________________________________________________________
multiply (Multiply)              (None, 16, 4)         0           spec_reshape[0][0]               
                                                                   bg_reshape[0][0]                 
____________________________________________________________________________________________________
flatten (Flatten)                (None, 64)            0           multiply[0][0]                   
____________________________________________________________________________________________________
dense (Dense)                    (None, 1)             65          flatten[0][0]                    
====================================================================================================
Total params: 678,577
Trainable params: 678,575
Non-trainable params: 2
____________________________________________________________________________________________________
         acc      loss   val_acc  val_loss
0   0.498779  8.149135  0.492920  8.238580
1   0.513550  7.901994  0.503784  8.055625
2   0.510010  7.952066  0.514771  7.871723
3   0.503418  8.052657  0.508667  7.965555
4   0.515991  7.845297  0.506226  8.000597
5   0.512085  7.904278  0.503662  8.038241
6   0.499512  8.103521  0.500977  8.078356
7   0.510254  7.927414  0.513794  7.868581
8   0.501831  8.060569  0.498779  8.108550
9   0.500854  8.073989  0.513550  7.868279
10  0.498779  8.105341  0.509277  7.935143
11  0.495117  8.162446  0.505737  7.990354
12  0.500122  8.080034  0.513916  7.856878
13  0.506592  7.974042  0.492920  8.192955
14  0.501221  8.059015  0.509155  7.930348
15  0.499878  8.079132  0.502563  8.033461
16  0.502686  8.032412  0.512329  7.876258
17  0.498047  8.105765  0.497803  8.109009
18  0.502441  8.033573  0.495972  8.135383
19  0.502441  8.032264  0.507324  7.952923
20  0.492920  8.184477  0.487915  8.264535
21  0.495605  8.139992  0.500854  8.054516
22  0.502808  8.022777  0.509644  7.912041
23  0.506470  7.962669  0.499023  8.082170
24  0.502075  8.032488  0.503662  8.006405
25  0.503296  8.011872  0.507202  7.947565
26  0.500732  8.052324  0.498291  8.089838
27  0.513672  7.820313  0.497559  8.022936
28  0.496948  8.175611  0.505249  8.046468
29  0.504028  8.062121  0.487671  8.322554
30  0.493774  8.221807  0.498901  8.137004
31  0.518311  7.822304  0.497925  8.149109

2018-01-19 21:28:45.853253 Finish.
Total elapsed time: 04:28:36.85.
