2018-01-19 17:00:57.779649: W tensorflow/core/platform/cpu_feature_guard.cc:45] The TensorFlow library wasn't compiled to use SSE4.1 instructions, but these are available on your machine and could speed up CPU computations.
2018-01-19 17:00:57.779883: W tensorflow/core/platform/cpu_feature_guard.cc:45] The TensorFlow library wasn't compiled to use SSE4.2 instructions, but these are available on your machine and could speed up CPU computations.
2018-01-19 17:00:57.779893: W tensorflow/core/platform/cpu_feature_guard.cc:45] The TensorFlow library wasn't compiled to use AVX instructions, but these are available on your machine and could speed up CPU computations.
2018-01-19 17:00:57.779898: W tensorflow/core/platform/cpu_feature_guard.cc:45] The TensorFlow library wasn't compiled to use AVX2 instructions, but these are available on your machine and could speed up CPU computations.
2018-01-19 17:00:57.779903: W tensorflow/core/platform/cpu_feature_guard.cc:45] The TensorFlow library wasn't compiled to use FMA instructions, but these are available on your machine and could speed up CPU computations.
Using TensorFlow backend.
2018-01-19 17:00:38.348846 Start.
Training NTT-like convnet on BirdVox-70k with PCEN input. 
Training set: unit05, unit07, unit10.
Validation set: unit01, unit02.
Test set: unit03.

h5py version: 2.6.0
keras version: 2.0.6
numpy version: 1.13.1
pandas version: 0.20.3
pescador version: 1.0.0
tensorflow version: 1.2.1

____________________________________________________________________________________________________
Layer (type)                     Output Shape          Param #     Connected to                     
====================================================================================================
spec_input (InputLayer)          (None, 128, 104, 1)   0                                            
____________________________________________________________________________________________________
spec_bn (BatchNormalization)     (None, 128, 104, 1)   4           spec_input[0][0]                 
____________________________________________________________________________________________________
spec_conv1 (Conv2D)              (None, 128, 104, 24)  624         spec_bn[0][0]                    
____________________________________________________________________________________________________
bg_input (InputLayer)            (None, 128, 9)        0                                            
____________________________________________________________________________________________________
spec_pool1 (MaxPooling2D)        (None, 64, 26, 24)    0           spec_conv1[0][0]                 
____________________________________________________________________________________________________
bg_pool (AveragePooling1D)       (None, 32, 9)         0           bg_input[0][0]                   
____________________________________________________________________________________________________
spec_conv2 (Conv2D)              (None, 64, 26, 48)    28848       spec_pool1[0][0]                 
____________________________________________________________________________________________________
bg_permute (Permute)             (None, 9, 32)         0           bg_pool[0][0]                    
____________________________________________________________________________________________________
spec_pool2 (MaxPooling2D)        (None, 32, 6, 48)     0           spec_conv2[0][0]                 
____________________________________________________________________________________________________
bg_conv (Conv1D)                 (None, 9, 8)          264         bg_permute[0][0]                 
____________________________________________________________________________________________________
spec_conv3 (Conv2D)              (None, 32, 6, 48)     57648       spec_pool2[0][0]                 
____________________________________________________________________________________________________
bg_flatten (Flatten)             (None, 72)            0           bg_conv[0][0]                    
____________________________________________________________________________________________________
spec_flatten (Flatten)           (None, 9216)          0           spec_conv3[0][0]                 
____________________________________________________________________________________________________
bg_dense1 (Dense)                (None, 16)            1168        bg_flatten[0][0]                 
____________________________________________________________________________________________________
spec_dense1 (Dense)              (None, 64)            589888      spec_flatten[0][0]               
____________________________________________________________________________________________________
bg_dense2 (Dense)                (None, 4)             68          bg_dense1[0][0]                  
____________________________________________________________________________________________________
spec_reshape (Reshape)           (None, 16, 4)         0           spec_dense1[0][0]                
____________________________________________________________________________________________________
bg_reshape (Reshape)             (None, 1, 4)          0           bg_dense2[0][0]                  
____________________________________________________________________________________________________
multiply (Multiply)              (None, 16, 4)         0           spec_reshape[0][0]               
                                                                   bg_reshape[0][0]                 
____________________________________________________________________________________________________
flatten (Flatten)                (None, 64)            0           multiply[0][0]                   
____________________________________________________________________________________________________
dense (Dense)                    (None, 1)             65          flatten[0][0]                    
====================================================================================================
Total params: 678,577
Trainable params: 678,575
Non-trainable params: 2
____________________________________________________________________________________________________
         acc      loss   val_acc  val_loss
0   0.742554  0.528430  0.588379  1.281293
1   0.838623  0.396514  0.614624  1.858525
2   0.908813  0.264220  0.731567  1.046106
3   0.925659  0.235535  0.782349  0.959183
4   0.943726  0.184065  0.790161  0.918709
5   0.951904  0.165385  0.800903  0.844991
6   0.956055  0.147582  0.812378  0.777716
7   0.954590  0.155903  0.814331  0.576013
8   0.960815  0.139564  0.819946  0.659103
9   0.961060  0.133567  0.826294  0.746219
10  0.960327  0.131926  0.793945  0.479607
11  0.964355  0.124606  0.803101  0.700113
12  0.968872  0.105366  0.824829  0.685616
13  0.966675  0.118309  0.833618  0.605109
14  0.966919  0.115218  0.820679  0.477303
15  0.972900  0.099642  0.831055  0.836227
16  0.972168  0.102414  0.828491  0.592072
17  0.969604  0.103113  0.831177  0.723092
18  0.968994  0.099937  0.851562  0.571798
19  0.976074  0.086566  0.832397  0.852914
20  0.969116  0.106773  0.829224  0.604228
21  0.972290  0.094601  0.832520  0.644424
22  0.972656  0.097411  0.824463  0.732428
23  0.973999  0.095010  0.825684  0.691469
24  0.975708  0.092115  0.838867  0.653797
25  0.972778  0.099760  0.834106  0.628635
26  0.975220  0.092354  0.829712  1.028488
27  0.973389  0.092957  0.845093  0.642108
28  0.973022  0.095706  0.833618  0.705014
29  0.975342  0.092775  0.847046  0.634064
30  0.978760  0.079135  0.852905  0.761812
31  0.974976  0.085352  0.832153  1.100744

2018-01-19 21:29:40.123076 Finish.
Total elapsed time: 04:29:02.12.
