2018-01-19 17:00:11.551333: W tensorflow/core/platform/cpu_feature_guard.cc:45] The TensorFlow library wasn't compiled to use SSE4.1 instructions, but these are available on your machine and could speed up CPU computations.
2018-01-19 17:00:11.553079: W tensorflow/core/platform/cpu_feature_guard.cc:45] The TensorFlow library wasn't compiled to use SSE4.2 instructions, but these are available on your machine and could speed up CPU computations.
2018-01-19 17:00:11.553095: W tensorflow/core/platform/cpu_feature_guard.cc:45] The TensorFlow library wasn't compiled to use AVX instructions, but these are available on your machine and could speed up CPU computations.
2018-01-19 17:00:11.553101: W tensorflow/core/platform/cpu_feature_guard.cc:45] The TensorFlow library wasn't compiled to use AVX2 instructions, but these are available on your machine and could speed up CPU computations.
2018-01-19 17:00:11.553106: W tensorflow/core/platform/cpu_feature_guard.cc:45] The TensorFlow library wasn't compiled to use FMA instructions, but these are available on your machine and could speed up CPU computations.
Using TensorFlow backend.
2018-01-19 17:00:06.748283 Start.
Training NTT-like convnet on BirdVox-70k with PCEN input. 
Training set: unit07, unit10, unit01.
Validation set: unit02, unit03.
Test set: unit05.

h5py version: 2.6.0
keras version: 2.0.6
numpy version: 1.13.1
pandas version: 0.20.3
pescador version: 1.0.0
tensorflow version: 1.2.1

____________________________________________________________________________________________________
Layer (type)                     Output Shape          Param #     Connected to                     
====================================================================================================
spec_input (InputLayer)          (None, 128, 104, 1)   0                                            
____________________________________________________________________________________________________
spec_bn (BatchNormalization)     (None, 128, 104, 1)   4           spec_input[0][0]                 
____________________________________________________________________________________________________
spec_conv1 (Conv2D)              (None, 128, 104, 24)  624         spec_bn[0][0]                    
____________________________________________________________________________________________________
bg_input (InputLayer)            (None, 128, 9)        0                                            
____________________________________________________________________________________________________
spec_pool1 (MaxPooling2D)        (None, 64, 26, 24)    0           spec_conv1[0][0]                 
____________________________________________________________________________________________________
bg_pool (AveragePooling1D)       (None, 32, 9)         0           bg_input[0][0]                   
____________________________________________________________________________________________________
spec_conv2 (Conv2D)              (None, 64, 26, 48)    28848       spec_pool1[0][0]                 
____________________________________________________________________________________________________
bg_permute (Permute)             (None, 9, 32)         0           bg_pool[0][0]                    
____________________________________________________________________________________________________
spec_pool2 (MaxPooling2D)        (None, 32, 6, 48)     0           spec_conv2[0][0]                 
____________________________________________________________________________________________________
bg_conv (Conv1D)                 (None, 9, 8)          264         bg_permute[0][0]                 
____________________________________________________________________________________________________
spec_conv3 (Conv2D)              (None, 32, 6, 48)     57648       spec_pool2[0][0]                 
____________________________________________________________________________________________________
bg_flatten (Flatten)             (None, 72)            0           bg_conv[0][0]                    
____________________________________________________________________________________________________
spec_flatten (Flatten)           (None, 9216)          0           spec_conv3[0][0]                 
____________________________________________________________________________________________________
bg_dense1 (Dense)                (None, 16)            1168        bg_flatten[0][0]                 
____________________________________________________________________________________________________
spec_dense1 (Dense)              (None, 64)            589888      spec_flatten[0][0]               
____________________________________________________________________________________________________
bg_dense2 (Dense)                (None, 4)             68          bg_dense1[0][0]                  
____________________________________________________________________________________________________
spec_reshape (Reshape)           (None, 16, 4)         0           spec_dense1[0][0]                
____________________________________________________________________________________________________
bg_reshape (Reshape)             (None, 1, 4)          0           bg_dense2[0][0]                  
____________________________________________________________________________________________________
multiply (Multiply)              (None, 16, 4)         0           spec_reshape[0][0]               
                                                                   bg_reshape[0][0]                 
____________________________________________________________________________________________________
flatten (Flatten)                (None, 64)            0           multiply[0][0]                   
____________________________________________________________________________________________________
dense (Dense)                    (None, 1)             65          flatten[0][0]                    
====================================================================================================
Total params: 678,577
Trainable params: 678,575
Non-trainable params: 2
____________________________________________________________________________________________________
         acc      loss   val_acc  val_loss
0   0.950928  0.172174  0.956543  0.159852
1   0.951904  0.163097  0.942017  0.218514
2   0.947876  0.184940  0.961670  0.138010
3   0.954834  0.158037  0.958130  0.194555
4   0.955200  0.156486  0.955566  0.210682
5   0.943604  0.199807  0.956299  0.192282
6   0.949829  0.187498  0.960571  0.164840
7   0.951660  0.174874  0.945068  0.232373
8   0.954590  0.164336  0.947021  0.277554
9   0.955200  0.147518  0.953003  0.233175
10  0.946899  0.185776  0.958130  0.193113
11  0.959229  0.146261  0.950562  0.233161
12  0.891724  0.595097  0.853149  0.494910
13  0.647827  4.843604  0.488525  8.206452
14  0.506104  7.919966  0.502930  7.965288
15  0.502075  7.974925  0.509399  7.854565
16  0.504761  7.925583  0.500732  7.987093
17  0.501343  7.975067  0.497925  8.027408
18  0.518188  7.621403  0.860840  0.416843
19  0.867188  0.403704  0.912231  0.302633
20  0.557983  6.948499  0.488037  8.193362
21  0.497559  8.037656  0.497437  8.036205
22  0.511108  7.815610  0.505859  7.896906
23  0.501343  7.966965  0.495972  8.050800
24  0.509766  7.806339  0.505371  7.923045
25  0.492554  8.123606  0.490479  8.153401
26  0.496460  8.055453  0.486694  8.208769
27  0.497070  8.041363  0.510620  7.823489
28  0.494995  8.070985  0.502808  7.944919
29  0.498901  8.005860  0.500854  7.973454
30  0.496216  8.046276  0.505737  7.893401
31  0.497559  8.022820  0.497559  8.021889

2018-01-19 21:17:39.318253 Finish.
Total elapsed time: 04:17:33.32.
