2018-01-19 17:00:13.109577: W tensorflow/core/platform/cpu_feature_guard.cc:45] The TensorFlow library wasn't compiled to use SSE4.1 instructions, but these are available on your machine and could speed up CPU computations.
2018-01-19 17:00:13.109785: W tensorflow/core/platform/cpu_feature_guard.cc:45] The TensorFlow library wasn't compiled to use SSE4.2 instructions, but these are available on your machine and could speed up CPU computations.
2018-01-19 17:00:13.109800: W tensorflow/core/platform/cpu_feature_guard.cc:45] The TensorFlow library wasn't compiled to use AVX instructions, but these are available on your machine and could speed up CPU computations.
2018-01-19 17:00:13.109805: W tensorflow/core/platform/cpu_feature_guard.cc:45] The TensorFlow library wasn't compiled to use AVX2 instructions, but these are available on your machine and could speed up CPU computations.
2018-01-19 17:00:13.109809: W tensorflow/core/platform/cpu_feature_guard.cc:45] The TensorFlow library wasn't compiled to use FMA instructions, but these are available on your machine and could speed up CPU computations.
Using TensorFlow backend.
2018-01-19 17:00:09.584038 Start.
Training NTT-like convnet on BirdVox-70k with PCEN input. 
Training set: unit03, unit05, unit07.
Validation set: unit10, unit01.
Test set: unit02.

h5py version: 2.6.0
keras version: 2.0.6
numpy version: 1.13.1
pandas version: 0.20.3
pescador version: 1.0.0
tensorflow version: 1.2.1

____________________________________________________________________________________________________
Layer (type)                     Output Shape          Param #     Connected to                     
====================================================================================================
spec_input (InputLayer)          (None, 128, 104, 1)   0                                            
____________________________________________________________________________________________________
spec_bn (BatchNormalization)     (None, 128, 104, 1)   4           spec_input[0][0]                 
____________________________________________________________________________________________________
spec_conv1 (Conv2D)              (None, 128, 104, 24)  624         spec_bn[0][0]                    
____________________________________________________________________________________________________
bg_input (InputLayer)            (None, 128, 9)        0                                            
____________________________________________________________________________________________________
spec_pool1 (MaxPooling2D)        (None, 64, 26, 24)    0           spec_conv1[0][0]                 
____________________________________________________________________________________________________
bg_pool (AveragePooling1D)       (None, 32, 9)         0           bg_input[0][0]                   
____________________________________________________________________________________________________
spec_conv2 (Conv2D)              (None, 64, 26, 48)    28848       spec_pool1[0][0]                 
____________________________________________________________________________________________________
bg_permute (Permute)             (None, 9, 32)         0           bg_pool[0][0]                    
____________________________________________________________________________________________________
spec_pool2 (MaxPooling2D)        (None, 32, 6, 48)     0           spec_conv2[0][0]                 
____________________________________________________________________________________________________
bg_conv (Conv1D)                 (None, 9, 8)          264         bg_permute[0][0]                 
____________________________________________________________________________________________________
spec_conv3 (Conv2D)              (None, 32, 6, 48)     57648       spec_pool2[0][0]                 
____________________________________________________________________________________________________
bg_flatten (Flatten)             (None, 72)            0           bg_conv[0][0]                    
____________________________________________________________________________________________________
spec_flatten (Flatten)           (None, 9216)          0           spec_conv3[0][0]                 
____________________________________________________________________________________________________
bg_dense1 (Dense)                (None, 16)            1168        bg_flatten[0][0]                 
____________________________________________________________________________________________________
spec_dense1 (Dense)              (None, 64)            589888      spec_flatten[0][0]               
____________________________________________________________________________________________________
bg_dense2 (Dense)                (None, 4)             68          bg_dense1[0][0]                  
____________________________________________________________________________________________________
spec_reshape (Reshape)           (None, 16, 4)         0           spec_dense1[0][0]                
____________________________________________________________________________________________________
bg_reshape (Reshape)             (None, 1, 4)          0           bg_dense2[0][0]                  
____________________________________________________________________________________________________
multiply (Multiply)              (None, 16, 4)         0           spec_reshape[0][0]               
                                                                   bg_reshape[0][0]                 
____________________________________________________________________________________________________
flatten (Flatten)                (None, 64)            0           multiply[0][0]                   
____________________________________________________________________________________________________
dense (Dense)                    (None, 1)             65          flatten[0][0]                    
====================================================================================================
Total params: 678,577
Trainable params: 678,575
Non-trainable params: 2
____________________________________________________________________________________________________
         acc      loss   val_acc  val_loss
0   0.977539  0.093141  0.834106  0.761204
1   0.976929  0.089954  0.794067  0.864175
2   0.981812  0.076025  0.695679  1.094753
3   0.981445  0.078567  0.825806  0.829019
4   0.981812  0.082995  0.774292  0.825986
5   0.985107  0.068858  0.842896  0.636437
6   0.976685  0.096899  0.756470  0.567286
7   0.982544  0.099496  0.865234  0.640954
8   0.982544  0.097732  0.853271  0.453685
9   0.978638  0.092451  0.851807  0.679159
10  0.985107  0.077447  0.850708  0.656840
11  0.983643  0.074628  0.860474  0.696006
12  0.982544  0.083015  0.836914  0.844263
13  0.983276  0.076774  0.835083  0.453942
14  0.982910  0.079887  0.813721  0.617719
15  0.983154  0.082632  0.859619  0.693093
16  0.735229  4.121405  0.493042  8.123593
17  0.487305  8.209314  0.509399  7.852502
18  0.490356  8.152900  0.499634  8.002189
19  0.509521  7.842343  0.500977  7.976550
20  0.501953  7.959587  0.499878  7.991388
21  0.500854  7.974175  0.513428  7.772306
22  0.509277  7.837310  0.498291  8.011368
23  0.494141  8.076578  0.493896  8.079560
24  0.502563  7.991262  0.508057  7.972198
25  0.502319  8.058434  0.499878  8.093205
26  0.516846  7.816601  0.499878  8.087318
27  0.510254  7.917829  0.499146  8.094792
28  0.481445  8.378306  0.503418  8.022473
29  0.493896  8.174477  0.499634  8.080613
30  0.496826  8.124637  0.495117  8.151010
31  0.497803  8.106681  0.500610  8.060431

2018-01-19 21:29:59.003517 Finish.
Total elapsed time: 04:29:50.00.
