2017-12-08 10:54:29.247341: W tensorflow/core/platform/cpu_feature_guard.cc:45] The TensorFlow library wasn't compiled to use SSE4.1 instructions, but these are available on your machine and could speed up CPU computations.
2017-12-08 10:54:29.247682: W tensorflow/core/platform/cpu_feature_guard.cc:45] The TensorFlow library wasn't compiled to use SSE4.2 instructions, but these are available on your machine and could speed up CPU computations.
2017-12-08 10:54:29.247695: W tensorflow/core/platform/cpu_feature_guard.cc:45] The TensorFlow library wasn't compiled to use AVX instructions, but these are available on your machine and could speed up CPU computations.
Using TensorFlow backend.
2017-12-08 10:54:26.669800 Start.
Training Salamon's ICASSP 2017 convnet on BirdVox-70k. 
Training set: unit01, unit02, unit03.
Validation set: unit05, unit07.
Test set: unit10.

h5py version: 2.6.0
keras version: 2.0.6
numpy version: 1.13.1
pandas version: 0.20.3
pescador version: 1.0.0
tensorflow version: 1.2.1

____________________________________________________________________________________________________
Layer (type)                     Output Shape          Param #     Connected to                     
====================================================================================================
spec_input (InputLayer)          (None, 128, 104, 1)   0                                            
____________________________________________________________________________________________________
spec_bn (BatchNormalization)     (None, 128, 104, 1)   4           spec_input[0][0]                 
____________________________________________________________________________________________________
spec_conv1 (Conv2D)              (None, 128, 104, 24)  624         spec_bn[0][0]                    
____________________________________________________________________________________________________
bg_input (InputLayer)            (None, 128, 9)        0                                            
____________________________________________________________________________________________________
spec_pool1 (MaxPooling2D)        (None, 64, 26, 24)    0           spec_conv1[0][0]                 
____________________________________________________________________________________________________
bg_pool (AveragePooling1D)       (None, 32, 9)         0           bg_input[0][0]                   
____________________________________________________________________________________________________
spec_conv2 (Conv2D)              (None, 64, 26, 48)    28848       spec_pool1[0][0]                 
____________________________________________________________________________________________________
bg_permute (Permute)             (None, 9, 32)         0           bg_pool[0][0]                    
____________________________________________________________________________________________________
spec_pool2 (MaxPooling2D)        (None, 32, 6, 48)     0           spec_conv2[0][0]                 
____________________________________________________________________________________________________
bg_conv (Conv1D)                 (None, 9, 8)          264         bg_permute[0][0]                 
____________________________________________________________________________________________________
spec_conv3 (Conv2D)              (None, 32, 6, 48)     57648       spec_pool2[0][0]                 
____________________________________________________________________________________________________
bg_flatten (Flatten)             (None, 72)            0           bg_conv[0][0]                    
____________________________________________________________________________________________________
spec_flatten (Flatten)           (None, 9216)          0           spec_conv3[0][0]                 
____________________________________________________________________________________________________
bg_dense1 (Dense)                (None, 16)            1168        bg_flatten[0][0]                 
____________________________________________________________________________________________________
spec_dense1 (Dense)              (None, 64)            589888      spec_flatten[0][0]               
____________________________________________________________________________________________________
bg_dense2 (Dense)                (None, 4)             68          bg_dense1[0][0]                  
____________________________________________________________________________________________________
spec_reshape (Reshape)           (None, 16, 4)         0           spec_dense1[0][0]                
____________________________________________________________________________________________________
bg_reshape (Reshape)             (None, 1, 4)          0           bg_dense2[0][0]                  
____________________________________________________________________________________________________
multiply (Multiply)              (None, 16, 4)         0           spec_reshape[0][0]               
                                                                   bg_reshape[0][0]                 
____________________________________________________________________________________________________
flatten (Flatten)                (None, 64)            0           multiply[0][0]                   
____________________________________________________________________________________________________
dense (Dense)                    (None, 1)             65          flatten[0][0]                    
====================================================================================================
Total params: 678,577
Trainable params: 678,575
Non-trainable params: 2
____________________________________________________________________________________________________
         acc      loss   val_acc  val_loss
0   0.937744  0.210833  0.904663  0.245620
1   0.947021  0.183329  0.811279  0.408651
2   0.938965  0.192715  0.876953  0.331061
3   0.943481  0.187960  0.846558  0.359565
4   0.951172  0.164065  0.816650  0.386062
5   0.949341  0.173848  0.907349  0.256431
6   0.954956  0.150172  0.905762  0.250990
7   0.953857  0.156791  0.895020  0.266645
8   0.953003  0.161429  0.906738  0.238012
9   0.915039  0.231862  0.503784  0.773449
10  0.516724  2.638637  0.499512  0.753529
11  0.503052  0.746917  0.495361  0.741534
12  0.495239  4.529035  0.495361  8.092834
13  0.500610  8.004962  0.500366  8.005044
14  0.501343  7.986309  0.500977  7.989200
15  0.495483  8.074249  0.503662  7.941486
16  0.496338  8.056185  0.510254  7.832374
17  0.493408  8.099216  0.488403  8.177372
18  0.502808  7.946289  0.500366  7.983834
19  0.501953  7.957310  0.501831  7.958087
20  0.492432  8.106891  0.498535  8.008586
21  0.506226  7.934699  0.508667  7.935400
22  0.490112  8.233257  0.492676  8.190795
23  0.509155  7.924167  0.491455  8.208497
24  0.507812  7.943986  0.489258  8.242229
25  0.505127  7.985709  0.510376  7.900396
26  0.494141  8.161441  0.505127  7.983749
27  0.493530  8.170113  0.493774  8.165647
28  0.502197  8.029408  0.502197  8.028947
29  0.507690  7.939991  0.497192  8.108799
30  0.501343  8.041540  0.492065  8.190724
31  0.496704  8.115642  0.497192  8.107468

2017-12-08 15:15:13.655311 Finish.
Total elapsed time: 04:20:47.66.
