2017-12-08 20:03:27.396367: W tensorflow/core/platform/cpu_feature_guard.cc:45] The TensorFlow library wasn't compiled to use SSE4.1 instructions, but these are available on your machine and could speed up CPU computations.
2017-12-08 20:03:27.396700: W tensorflow/core/platform/cpu_feature_guard.cc:45] The TensorFlow library wasn't compiled to use SSE4.2 instructions, but these are available on your machine and could speed up CPU computations.
2017-12-08 20:03:27.396713: W tensorflow/core/platform/cpu_feature_guard.cc:45] The TensorFlow library wasn't compiled to use AVX instructions, but these are available on your machine and could speed up CPU computations.
Using TensorFlow backend.
2017-12-08 20:02:57.445584 Start.
Training Salamon's ICASSP 2017 convnet on BirdVox-70k. 
Training set: unit07, unit10, unit01.
Validation set: unit02, unit03.
Test set: unit05.

h5py version: 2.6.0
keras version: 2.0.6
numpy version: 1.13.1
pandas version: 0.20.3
pescador version: 1.0.0
tensorflow version: 1.2.1

____________________________________________________________________________________________________
Layer (type)                     Output Shape          Param #     Connected to                     
====================================================================================================
spec_input (InputLayer)          (None, 128, 104, 1)   0                                            
____________________________________________________________________________________________________
spec_bn (BatchNormalization)     (None, 128, 104, 1)   4           spec_input[0][0]                 
____________________________________________________________________________________________________
spec_conv1 (Conv2D)              (None, 128, 104, 24)  624         spec_bn[0][0]                    
____________________________________________________________________________________________________
bg_input (InputLayer)            (None, 128, 9)        0                                            
____________________________________________________________________________________________________
spec_pool1 (MaxPooling2D)        (None, 64, 26, 24)    0           spec_conv1[0][0]                 
____________________________________________________________________________________________________
bg_pool (AveragePooling1D)       (None, 32, 9)         0           bg_input[0][0]                   
____________________________________________________________________________________________________
spec_conv2 (Conv2D)              (None, 64, 26, 48)    28848       spec_pool1[0][0]                 
____________________________________________________________________________________________________
bg_permute (Permute)             (None, 9, 32)         0           bg_pool[0][0]                    
____________________________________________________________________________________________________
spec_pool2 (MaxPooling2D)        (None, 32, 6, 48)     0           spec_conv2[0][0]                 
____________________________________________________________________________________________________
bg_conv (Conv1D)                 (None, 9, 8)          264         bg_permute[0][0]                 
____________________________________________________________________________________________________
spec_conv3 (Conv2D)              (None, 32, 6, 48)     57648       spec_pool2[0][0]                 
____________________________________________________________________________________________________
bg_flatten (Flatten)             (None, 72)            0           bg_conv[0][0]                    
____________________________________________________________________________________________________
spec_flatten (Flatten)           (None, 9216)          0           spec_conv3[0][0]                 
____________________________________________________________________________________________________
bg_dense1 (Dense)                (None, 16)            1168        bg_flatten[0][0]                 
____________________________________________________________________________________________________
spec_dense1 (Dense)              (None, 64)            589888      spec_flatten[0][0]               
____________________________________________________________________________________________________
bg_dense2 (Dense)                (None, 4)             68          bg_dense1[0][0]                  
____________________________________________________________________________________________________
spec_reshape (Reshape)           (None, 16, 4)         0           spec_dense1[0][0]                
____________________________________________________________________________________________________
bg_reshape (Reshape)             (None, 1, 4)          0           bg_dense2[0][0]                  
____________________________________________________________________________________________________
multiply (Multiply)              (None, 16, 4)         0           spec_reshape[0][0]               
                                                                   bg_reshape[0][0]                 
____________________________________________________________________________________________________
flatten (Flatten)                (None, 64)            0           multiply[0][0]                   
____________________________________________________________________________________________________
dense (Dense)                    (None, 1)             65          flatten[0][0]                    
====================================================================================================
Total params: 678,577
Trainable params: 678,575
Non-trainable params: 2
____________________________________________________________________________________________________
         acc      loss   val_acc  val_loss
0   0.934814  0.188577  0.911743  0.288011
1   0.935547  0.190410  0.900513  0.466530
2   0.941772  0.171425  0.906860  0.305281
3   0.946533  0.156454  0.921997  0.405345
4   0.943481  0.172675  0.920654  0.320271
5   0.944702  0.166437  0.918579  0.411650
6   0.948730  0.152448  0.927368  0.427867
7   0.942383  0.168061  0.933716  0.287999
8   0.946289  0.167080  0.936890  0.292088
9   0.950195  0.152473  0.918335  0.385786
10  0.954834  0.154447  0.890625  0.780241
11  0.951050  0.151217  0.934326  0.316639
12  0.954590  0.153552  0.931763  0.238288
13  0.952759  0.156181  0.928955  0.316252
14  0.953857  0.154631  0.924683  0.290103
15  0.957397  0.143700  0.925049  0.301708
16  0.957520  0.143282  0.920776  0.363977
17  0.953491  0.151743  0.932617  0.219952
18  0.957642  0.150155  0.932007  0.251033
19  0.951904  0.158275  0.936890  0.325251
20  0.953735  0.155292  0.933472  0.232594
21  0.947632  0.196699  0.840698  1.361405
22  0.510132  7.807339  0.497070  8.044616
23  0.496460  8.051706  0.501099  7.975362
24  0.507202  7.876063  0.505859  7.895607
25  0.491089  8.129475  0.494995  8.065680
26  0.492065  8.111056  0.503296  7.930755
27  0.499634  7.988028  0.498047  8.012274
28  0.496216  8.040537  0.496338  8.037710
29  0.504395  7.908492  0.496948  8.026468
30  0.491577  8.111450  0.506714  7.869522
31  0.506958  7.865094  0.495361  8.049465

2017-12-09 00:27:51.745135 Finish.
Total elapsed time: 04:24:54.75.
