2017-12-08 20:03:20.288887: W tensorflow/core/platform/cpu_feature_guard.cc:45] The TensorFlow library wasn't compiled to use SSE4.1 instructions, but these are available on your machine and could speed up CPU computations.
2017-12-08 20:03:20.289249: W tensorflow/core/platform/cpu_feature_guard.cc:45] The TensorFlow library wasn't compiled to use SSE4.2 instructions, but these are available on your machine and could speed up CPU computations.
2017-12-08 20:03:20.289262: W tensorflow/core/platform/cpu_feature_guard.cc:45] The TensorFlow library wasn't compiled to use AVX instructions, but these are available on your machine and could speed up CPU computations.
Using TensorFlow backend.
2017-12-08 20:02:57.445606 Start.
Training Salamon's ICASSP 2017 convnet on BirdVox-70k. 
Training set: unit03, unit05, unit07.
Validation set: unit10, unit01.
Test set: unit02.

h5py version: 2.6.0
keras version: 2.0.6
numpy version: 1.13.1
pandas version: 0.20.3
pescador version: 1.0.0
tensorflow version: 1.2.1

____________________________________________________________________________________________________
Layer (type)                     Output Shape          Param #     Connected to                     
====================================================================================================
spec_input (InputLayer)          (None, 128, 104, 1)   0                                            
____________________________________________________________________________________________________
spec_bn (BatchNormalization)     (None, 128, 104, 1)   4           spec_input[0][0]                 
____________________________________________________________________________________________________
spec_conv1 (Conv2D)              (None, 128, 104, 24)  624         spec_bn[0][0]                    
____________________________________________________________________________________________________
bg_input (InputLayer)            (None, 128, 9)        0                                            
____________________________________________________________________________________________________
spec_pool1 (MaxPooling2D)        (None, 64, 26, 24)    0           spec_conv1[0][0]                 
____________________________________________________________________________________________________
bg_pool (AveragePooling1D)       (None, 32, 9)         0           bg_input[0][0]                   
____________________________________________________________________________________________________
spec_conv2 (Conv2D)              (None, 64, 26, 48)    28848       spec_pool1[0][0]                 
____________________________________________________________________________________________________
bg_permute (Permute)             (None, 9, 32)         0           bg_pool[0][0]                    
____________________________________________________________________________________________________
spec_pool2 (MaxPooling2D)        (None, 32, 6, 48)     0           spec_conv2[0][0]                 
____________________________________________________________________________________________________
bg_conv (Conv1D)                 (None, 9, 8)          264         bg_permute[0][0]                 
____________________________________________________________________________________________________
spec_conv3 (Conv2D)              (None, 32, 6, 48)     57648       spec_pool2[0][0]                 
____________________________________________________________________________________________________
bg_flatten (Flatten)             (None, 72)            0           bg_conv[0][0]                    
____________________________________________________________________________________________________
spec_flatten (Flatten)           (None, 9216)          0           spec_conv3[0][0]                 
____________________________________________________________________________________________________
bg_dense1 (Dense)                (None, 16)            1168        bg_flatten[0][0]                 
____________________________________________________________________________________________________
spec_dense1 (Dense)              (None, 64)            589888      spec_flatten[0][0]               
____________________________________________________________________________________________________
bg_dense2 (Dense)                (None, 4)             68          bg_dense1[0][0]                  
____________________________________________________________________________________________________
spec_reshape (Reshape)           (None, 16, 4)         0           spec_dense1[0][0]                
____________________________________________________________________________________________________
bg_reshape (Reshape)             (None, 1, 4)          0           bg_dense2[0][0]                  
____________________________________________________________________________________________________
multiply (Multiply)              (None, 16, 4)         0           spec_reshape[0][0]               
                                                                   bg_reshape[0][0]                 
____________________________________________________________________________________________________
flatten (Flatten)                (None, 64)            0           multiply[0][0]                   
____________________________________________________________________________________________________
dense (Dense)                    (None, 1)             65          flatten[0][0]                    
====================================================================================================
Total params: 678,577
Trainable params: 678,575
Non-trainable params: 2
____________________________________________________________________________________________________
         acc      loss   val_acc  val_loss
0   0.961670  0.124922  0.807861  0.495156
1   0.965332  0.112704  0.811890  0.560246
2   0.964233  0.120817  0.815430  0.495502
3   0.969971  0.106069  0.841675  0.457042
4   0.968872  0.112012  0.768311  0.819846
5   0.968994  0.106339  0.846436  0.448338
6   0.969482  0.102828  0.818726  0.499569
7   0.968872  0.104501  0.868652  0.444256
8   0.974487  0.088571  0.762085  0.854086
9   0.966431  0.110622  0.743530  1.374780
10  0.972412  0.101932  0.852051  0.450936
11  0.976074  0.092201  0.879883  0.563356
12  0.971558  0.103067  0.873779  0.489606
13  0.974121  0.095851  0.829590  0.704515
14  0.972412  0.102146  0.897217  0.390443
15  0.971558  0.106068  0.880981  0.393947
16  0.967041  0.116820  0.861206  0.569232
17  0.973633  0.097918  0.872681  0.450455
18  0.975464  0.097364  0.881470  0.465339
19  0.976562  0.088904  0.868286  0.499288
20  0.977295  0.086287  0.877197  0.514195
21  0.977905  0.084764  0.896729  0.457513
22  0.967407  0.123273  0.783203  1.251950
23  0.943848  0.187258  0.869629  0.599196
24  0.971191  0.114409  0.852173  0.545728
25  0.924194  0.581955  0.628174  5.995822
26  0.515869  7.753140  0.496826  8.052013
27  0.494263  8.090700  0.497803  8.032226
28  0.503296  7.942879  0.505981  7.898379
29  0.490845  8.138193  0.507202  7.875979
30  0.491455  8.125731  0.505005  7.908470
31  0.487183  8.191473  0.503296  7.933504

2017-12-09 01:05:13.540809 Finish.
Total elapsed time: 05:02:16.54.
