2017-12-06 05:39:30.458010: W tensorflow/core/platform/cpu_feature_guard.cc:45] The TensorFlow library wasn't compiled to use SSE4.1 instructions, but these are available on your machine and could speed up CPU computations.
2017-12-06 05:39:30.458271: W tensorflow/core/platform/cpu_feature_guard.cc:45] The TensorFlow library wasn't compiled to use SSE4.2 instructions, but these are available on your machine and could speed up CPU computations.
2017-12-06 05:39:30.458280: W tensorflow/core/platform/cpu_feature_guard.cc:45] The TensorFlow library wasn't compiled to use AVX instructions, but these are available on your machine and could speed up CPU computations.
2017-12-06 05:39:30.458284: W tensorflow/core/platform/cpu_feature_guard.cc:45] The TensorFlow library wasn't compiled to use AVX2 instructions, but these are available on your machine and could speed up CPU computations.
2017-12-06 05:39:30.458288: W tensorflow/core/platform/cpu_feature_guard.cc:45] The TensorFlow library wasn't compiled to use FMA instructions, but these are available on your machine and could speed up CPU computations.
Using TensorFlow backend.
2017-12-06 05:39:28.378673 Start.
Training Salamon's ICASSP 2017 convnet on BirdVox-70k. 
Training set: unit05, unit07, unit10.
Validation set: unit01, unit02.
Test set: unit03.

h5py version: 2.6.0
keras version: 2.0.6
numpy version: 1.13.1
pandas version: 0.20.3
pescador version: 1.0.0
tensorflow version: 1.2.1

____________________________________________________________________________________________________
Layer (type)                     Output Shape          Param #     Connected to                     
====================================================================================================
spec_input (InputLayer)          (None, 128, 104, 1)   0                                            
____________________________________________________________________________________________________
spec_bn (BatchNormalization)     (None, 128, 104, 1)   4           spec_input[0][0]                 
____________________________________________________________________________________________________
spec_conv1 (Conv2D)              (None, 128, 104, 24)  624         spec_bn[0][0]                    
____________________________________________________________________________________________________
bg_input (InputLayer)            (None, 128, 9)        0                                            
____________________________________________________________________________________________________
spec_pool1 (MaxPooling2D)        (None, 64, 26, 24)    0           spec_conv1[0][0]                 
____________________________________________________________________________________________________
bg_pool (AveragePooling1D)       (None, 32, 9)         0           bg_input[0][0]                   
____________________________________________________________________________________________________
spec_conv2 (Conv2D)              (None, 64, 26, 48)    28848       spec_pool1[0][0]                 
____________________________________________________________________________________________________
bg_permute (Permute)             (None, 9, 32)         0           bg_pool[0][0]                    
____________________________________________________________________________________________________
spec_pool2 (MaxPooling2D)        (None, 32, 6, 48)     0           spec_conv2[0][0]                 
____________________________________________________________________________________________________
bg_conv (Conv1D)                 (None, 9, 8)          264         bg_permute[0][0]                 
____________________________________________________________________________________________________
spec_conv3 (Conv2D)              (None, 32, 6, 48)     57648       spec_pool2[0][0]                 
____________________________________________________________________________________________________
bg_flatten (Flatten)             (None, 72)            0           bg_conv[0][0]                    
____________________________________________________________________________________________________
spec_flatten (Flatten)           (None, 9216)          0           spec_conv3[0][0]                 
____________________________________________________________________________________________________
bg_dense1 (Dense)                (None, 16)            1168        bg_flatten[0][0]                 
____________________________________________________________________________________________________
spec_dense1 (Dense)              (None, 64)            589888      spec_flatten[0][0]               
____________________________________________________________________________________________________
bg_dense2 (Dense)                (None, 4)             68          bg_dense1[0][0]                  
____________________________________________________________________________________________________
spec_reshape (Reshape)           (None, 16, 4)         0           spec_dense1[0][0]                
____________________________________________________________________________________________________
bg_reshape (Reshape)             (None, 1, 4)          0           bg_dense2[0][0]                  
____________________________________________________________________________________________________
multiply (Multiply)              (None, 16, 4)         0           spec_reshape[0][0]               
                                                                   bg_reshape[0][0]                 
____________________________________________________________________________________________________
flatten (Flatten)                (None, 64)            0           multiply[0][0]                   
____________________________________________________________________________________________________
dense (Dense)                    (None, 1)             65          flatten[0][0]                    
====================================================================================================
Total params: 678,577
Trainable params: 678,575
Non-trainable params: 2
____________________________________________________________________________________________________
         acc      loss   val_acc  val_loss
0   0.968262  0.104595  0.734375  1.798866
1   0.969238  0.106263  0.741333  1.560380
2   0.970703  0.110747  0.798340  0.910393
3   0.975464  0.094229  0.781128  1.002015
4   0.980713  0.076816  0.822021  0.927515
5   0.978882  0.089536  0.802246  0.751888
6   0.978027  0.083779  0.789551  0.946203
7   0.979126  0.081958  0.811646  0.976774
8   0.978760  0.082020  0.802734  0.784830
9   0.980225  0.077976  0.794800  1.277641
10  0.981934  0.078543  0.804688  0.651402
11  0.981445  0.071257  0.799683  0.874331
12  0.980469  0.074541  0.806885  0.909639
13  0.979370  0.081088  0.769775  1.036579
14  0.983765  0.069929  0.810425  0.955552
15  0.978394  0.082663  0.784058  1.441427
16  0.959473  0.156927  0.770630  1.531545
17  0.968506  0.121707  0.803711  0.865510
18  0.979492  0.080440  0.819580  0.843911
19  0.979370  0.081027  0.830078  0.434852
20  0.981079  0.081114  0.779541  1.272029
21  0.982422  0.083075  0.780884  1.226402
22  0.983643  0.068090  0.794189  0.892879
23  0.983887  0.074238  0.790283  1.183899
24  0.980713  0.079465  0.785400  2.251796
25  0.757690  3.760267  0.507202  7.961051
26  0.501465  8.051224  0.501953  8.041536
27  0.485962  8.297963  0.501587  8.044925
28  0.494507  8.158054  0.503296  8.015468
29  0.495483  8.140591  0.498413  8.092614
30  0.500122  8.064402  0.496948  8.114923
31  0.498901  8.082878  0.499512  8.072502

2017-12-06 09:31:21.170203 Finish.
Total elapsed time: 03:51:53.17.
