2017-12-08 10:54:28.225980: W tensorflow/core/platform/cpu_feature_guard.cc:45] The TensorFlow library wasn't compiled to use SSE4.1 instructions, but these are available on your machine and could speed up CPU computations.
2017-12-08 10:54:28.226288: W tensorflow/core/platform/cpu_feature_guard.cc:45] The TensorFlow library wasn't compiled to use SSE4.2 instructions, but these are available on your machine and could speed up CPU computations.
2017-12-08 10:54:28.226301: W tensorflow/core/platform/cpu_feature_guard.cc:45] The TensorFlow library wasn't compiled to use AVX instructions, but these are available on your machine and could speed up CPU computations.
Using TensorFlow backend.
2017-12-08 10:54:25.479398 Start.
Training Salamon's ICASSP 2017 convnet on BirdVox-70k. 
Training set: unit03, unit05, unit07.
Validation set: unit10, unit01.
Test set: unit02.

h5py version: 2.6.0
keras version: 2.0.6
numpy version: 1.13.1
pandas version: 0.20.3
pescador version: 1.0.0
tensorflow version: 1.2.1

____________________________________________________________________________________________________
Layer (type)                     Output Shape          Param #     Connected to                     
====================================================================================================
spec_input (InputLayer)          (None, 128, 104, 1)   0                                            
____________________________________________________________________________________________________
spec_bn (BatchNormalization)     (None, 128, 104, 1)   4           spec_input[0][0]                 
____________________________________________________________________________________________________
spec_conv1 (Conv2D)              (None, 128, 104, 24)  624         spec_bn[0][0]                    
____________________________________________________________________________________________________
bg_input (InputLayer)            (None, 128, 9)        0                                            
____________________________________________________________________________________________________
spec_pool1 (MaxPooling2D)        (None, 64, 26, 24)    0           spec_conv1[0][0]                 
____________________________________________________________________________________________________
bg_pool (AveragePooling1D)       (None, 32, 9)         0           bg_input[0][0]                   
____________________________________________________________________________________________________
spec_conv2 (Conv2D)              (None, 64, 26, 48)    28848       spec_pool1[0][0]                 
____________________________________________________________________________________________________
bg_permute (Permute)             (None, 9, 32)         0           bg_pool[0][0]                    
____________________________________________________________________________________________________
spec_pool2 (MaxPooling2D)        (None, 32, 6, 48)     0           spec_conv2[0][0]                 
____________________________________________________________________________________________________
bg_conv (Conv1D)                 (None, 9, 8)          264         bg_permute[0][0]                 
____________________________________________________________________________________________________
spec_conv3 (Conv2D)              (None, 32, 6, 48)     57648       spec_pool2[0][0]                 
____________________________________________________________________________________________________
bg_flatten (Flatten)             (None, 72)            0           bg_conv[0][0]                    
____________________________________________________________________________________________________
spec_flatten (Flatten)           (None, 9216)          0           spec_conv3[0][0]                 
____________________________________________________________________________________________________
bg_dense1 (Dense)                (None, 16)            1168        bg_flatten[0][0]                 
____________________________________________________________________________________________________
spec_dense1 (Dense)              (None, 64)            589888      spec_flatten[0][0]               
____________________________________________________________________________________________________
bg_dense2 (Dense)                (None, 4)             68          bg_dense1[0][0]                  
____________________________________________________________________________________________________
spec_reshape (Reshape)           (None, 16, 4)         0           spec_dense1[0][0]                
____________________________________________________________________________________________________
bg_reshape (Reshape)             (None, 1, 4)          0           bg_dense2[0][0]                  
____________________________________________________________________________________________________
multiply (Multiply)              (None, 16, 4)         0           spec_reshape[0][0]               
                                                                   bg_reshape[0][0]                 
____________________________________________________________________________________________________
flatten (Flatten)                (None, 64)            0           multiply[0][0]                   
____________________________________________________________________________________________________
dense (Dense)                    (None, 1)             65          flatten[0][0]                    
====================================================================================================
Total params: 678,577
Trainable params: 678,575
Non-trainable params: 2
____________________________________________________________________________________________________
         acc      loss   val_acc  val_loss
0   0.947876  0.249497  0.677002  0.642991
1   0.583496  4.238888  0.501099  7.974093
2   0.503174  7.938817  0.503784  7.927178
3   0.511597  7.801093  0.495605  8.054609
4   0.500488  7.975548  0.500244  7.978295
5   0.502441  7.942266  0.493042  8.091169
6   0.501709  7.952165  0.499756  7.982514
7   0.509399  7.828078  0.498779  7.996728
8   0.503662  7.918305  0.494385  8.065657
9   0.503174  7.925056  0.498779  7.994658
10  0.497314  8.017611  0.512207  7.779809
11  0.505493  7.886514  0.506714  7.866741
12  0.497803  8.008535  0.499146  7.986873
13  0.512329  7.776474  0.505737  7.881355
14  0.501709  7.945397  0.489624  8.137892
15  0.509277  7.824426  0.505249  7.888512
16  0.500732  7.960401  0.502197  7.936939
17  0.495483  8.043881  0.492798  8.086609
18  0.510132  7.810191  0.494141  8.065060
19  0.493408  8.076679  0.485596  8.201176
20  0.495972  8.035742  0.503296  7.918907
21  0.501343  7.954083  0.500122  8.017928
22  0.495605  8.083726  0.509033  7.864556
23  0.502808  7.960125  0.502441  7.962698
24  0.506348  7.897832  0.497559  8.035584
25  0.506958  7.883771  0.504517  7.920869
26  0.503418  7.936829  0.499390  7.999589
27  0.497314  8.031405  0.488037  8.178108
28  0.502075  7.953250  0.509888  7.827693
29  0.492676  8.101196  0.499390  7.993304
30  0.494019  8.078163  0.491577  8.116346
31  0.501465  7.958046  0.517700  7.698574

2017-12-08 15:08:22.198483 Finish.
Total elapsed time: 04:13:57.20.
