2017-12-08 20:03:27.824850: W tensorflow/core/platform/cpu_feature_guard.cc:45] The TensorFlow library wasn't compiled to use SSE4.1 instructions, but these are available on your machine and could speed up CPU computations.
2017-12-08 20:03:27.825303: W tensorflow/core/platform/cpu_feature_guard.cc:45] The TensorFlow library wasn't compiled to use SSE4.2 instructions, but these are available on your machine and could speed up CPU computations.
2017-12-08 20:03:27.825318: W tensorflow/core/platform/cpu_feature_guard.cc:45] The TensorFlow library wasn't compiled to use AVX instructions, but these are available on your machine and could speed up CPU computations.
Using TensorFlow backend.
2017-12-08 20:02:57.445814 Start.
Training Salamon's ICASSP 2017 convnet on BirdVox-70k. 
Training set: unit02, unit03, unit05.
Validation set: unit07, unit10.
Test set: unit01.

h5py version: 2.6.0
keras version: 2.0.6
numpy version: 1.13.1
pandas version: 0.20.3
pescador version: 1.0.0
tensorflow version: 1.2.1

____________________________________________________________________________________________________
Layer (type)                     Output Shape          Param #     Connected to                     
====================================================================================================
spec_input (InputLayer)          (None, 128, 104, 1)   0                                            
____________________________________________________________________________________________________
spec_bn (BatchNormalization)     (None, 128, 104, 1)   4           spec_input[0][0]                 
____________________________________________________________________________________________________
spec_conv1 (Conv2D)              (None, 128, 104, 24)  624         spec_bn[0][0]                    
____________________________________________________________________________________________________
bg_input (InputLayer)            (None, 128, 9)        0                                            
____________________________________________________________________________________________________
spec_pool1 (MaxPooling2D)        (None, 64, 26, 24)    0           spec_conv1[0][0]                 
____________________________________________________________________________________________________
bg_pool (AveragePooling1D)       (None, 32, 9)         0           bg_input[0][0]                   
____________________________________________________________________________________________________
spec_conv2 (Conv2D)              (None, 64, 26, 48)    28848       spec_pool1[0][0]                 
____________________________________________________________________________________________________
bg_permute (Permute)             (None, 9, 32)         0           bg_pool[0][0]                    
____________________________________________________________________________________________________
spec_pool2 (MaxPooling2D)        (None, 32, 6, 48)     0           spec_conv2[0][0]                 
____________________________________________________________________________________________________
bg_conv (Conv1D)                 (None, 9, 8)          264         bg_permute[0][0]                 
____________________________________________________________________________________________________
spec_conv3 (Conv2D)              (None, 32, 6, 48)     57648       spec_pool2[0][0]                 
____________________________________________________________________________________________________
bg_flatten (Flatten)             (None, 72)            0           bg_conv[0][0]                    
____________________________________________________________________________________________________
spec_flatten (Flatten)           (None, 9216)          0           spec_conv3[0][0]                 
____________________________________________________________________________________________________
bg_dense1 (Dense)                (None, 16)            1168        bg_flatten[0][0]                 
____________________________________________________________________________________________________
spec_dense1 (Dense)              (None, 64)            589888      spec_flatten[0][0]               
____________________________________________________________________________________________________
bg_dense2 (Dense)                (None, 4)             68          bg_dense1[0][0]                  
____________________________________________________________________________________________________
spec_reshape (Reshape)           (None, 16, 4)         0           spec_dense1[0][0]                
____________________________________________________________________________________________________
bg_reshape (Reshape)             (None, 1, 4)          0           bg_dense2[0][0]                  
____________________________________________________________________________________________________
multiply (Multiply)              (None, 16, 4)         0           spec_reshape[0][0]               
                                                                   bg_reshape[0][0]                 
____________________________________________________________________________________________________
flatten (Flatten)                (None, 64)            0           multiply[0][0]                   
____________________________________________________________________________________________________
dense (Dense)                    (None, 1)             65          flatten[0][0]                    
====================================================================================================
Total params: 678,577
Trainable params: 678,575
Non-trainable params: 2
____________________________________________________________________________________________________
         acc      loss   val_acc  val_loss
0   0.961670  0.144455  0.878052  0.325829
1   0.970093  0.123067  0.754272  0.551956
2   0.973267  0.108733  0.908691  0.285884
3   0.970581  0.109918  0.824829  0.400300
4   0.973389  0.099024  0.928101  0.233690
5   0.977051  0.091868  0.886963  0.301073
6   0.976685  0.095105  0.880737  0.333396
7   0.974487  0.096653  0.775024  0.524045
8   0.980347  0.085659  0.883911  0.327536
9   0.974854  0.094360  0.676514  0.866229
10  0.981934  0.082905  0.915405  0.251267
11  0.979736  0.082125  0.798096  0.513220
12  0.978149  0.085284  0.664062  1.339207
13  0.975586  0.089431  0.755981  0.646678
14  0.983521  0.075231  0.813721  0.593374
15  0.980591  0.081045  0.864868  0.383555
16  0.978760  0.079476  0.911377  0.317304
17  0.666870  5.259119  0.499390  8.102713
18  0.498779  8.108626  0.506836  7.975567
19  0.499756  8.087334  0.490723  8.230819
20  0.506958  7.967409  0.495850  8.144855
21  0.496216  8.137590  0.490112  8.234688
22  0.496826  8.125361  0.501587  8.047574
23  0.502441  8.032875  0.497070  8.118565
24  0.503784  8.009569  0.495117  8.148519
25  0.504883  7.990452  0.491699  8.202311
26  0.499878  8.069916  0.497925  8.100851
27  0.496704  8.120036  0.500854  8.052668
28  0.501221  8.046340  0.495361  8.140372
29  0.504761  7.988498  0.506104  7.966496
30  0.493042  8.176695  0.492554  8.184247
31  0.511230  7.882922  0.499390  8.073491

2017-12-09 01:06:59.741500 Finish.
Total elapsed time: 05:04:02.74.
