2017-12-08 10:53:58.209616: W tensorflow/core/platform/cpu_feature_guard.cc:45] The TensorFlow library wasn't compiled to use SSE4.1 instructions, but these are available on your machine and could speed up CPU computations.
2017-12-08 10:53:58.209916: W tensorflow/core/platform/cpu_feature_guard.cc:45] The TensorFlow library wasn't compiled to use SSE4.2 instructions, but these are available on your machine and could speed up CPU computations.
2017-12-08 10:53:58.209929: W tensorflow/core/platform/cpu_feature_guard.cc:45] The TensorFlow library wasn't compiled to use AVX instructions, but these are available on your machine and could speed up CPU computations.
Using TensorFlow backend.
2017-12-08 10:53:56.016546 Start.
Training Salamon's ICASSP 2017 convnet on BirdVox-70k. 
Training set: unit10, unit01, unit02.
Validation set: unit03, unit05.
Test set: unit07.

h5py version: 2.6.0
keras version: 2.0.6
numpy version: 1.13.1
pandas version: 0.20.3
pescador version: 1.0.0
tensorflow version: 1.2.1

____________________________________________________________________________________________________
Layer (type)                     Output Shape          Param #     Connected to                     
====================================================================================================
spec_input (InputLayer)          (None, 128, 104, 1)   0                                            
____________________________________________________________________________________________________
spec_bn (BatchNormalization)     (None, 128, 104, 1)   4           spec_input[0][0]                 
____________________________________________________________________________________________________
spec_conv1 (Conv2D)              (None, 128, 104, 24)  624         spec_bn[0][0]                    
____________________________________________________________________________________________________
bg_input (InputLayer)            (None, 128, 9)        0                                            
____________________________________________________________________________________________________
spec_pool1 (MaxPooling2D)        (None, 64, 26, 24)    0           spec_conv1[0][0]                 
____________________________________________________________________________________________________
bg_pool (AveragePooling1D)       (None, 32, 9)         0           bg_input[0][0]                   
____________________________________________________________________________________________________
spec_conv2 (Conv2D)              (None, 64, 26, 48)    28848       spec_pool1[0][0]                 
____________________________________________________________________________________________________
bg_permute (Permute)             (None, 9, 32)         0           bg_pool[0][0]                    
____________________________________________________________________________________________________
spec_pool2 (MaxPooling2D)        (None, 32, 6, 48)     0           spec_conv2[0][0]                 
____________________________________________________________________________________________________
bg_conv (Conv1D)                 (None, 9, 8)          264         bg_permute[0][0]                 
____________________________________________________________________________________________________
spec_conv3 (Conv2D)              (None, 32, 6, 48)     57648       spec_pool2[0][0]                 
____________________________________________________________________________________________________
bg_flatten (Flatten)             (None, 72)            0           bg_conv[0][0]                    
____________________________________________________________________________________________________
spec_flatten (Flatten)           (None, 9216)          0           spec_conv3[0][0]                 
____________________________________________________________________________________________________
bg_dense1 (Dense)                (None, 16)            1168        bg_flatten[0][0]                 
____________________________________________________________________________________________________
spec_dense1 (Dense)              (None, 64)            589888      spec_flatten[0][0]               
____________________________________________________________________________________________________
bg_dense2 (Dense)                (None, 4)             68          bg_dense1[0][0]                  
____________________________________________________________________________________________________
spec_reshape (Reshape)           (None, 16, 4)         0           spec_dense1[0][0]                
____________________________________________________________________________________________________
bg_reshape (Reshape)             (None, 1, 4)          0           bg_dense2[0][0]                  
____________________________________________________________________________________________________
multiply (Multiply)              (None, 16, 4)         0           spec_reshape[0][0]               
                                                                   bg_reshape[0][0]                 
____________________________________________________________________________________________________
flatten (Flatten)                (None, 64)            0           multiply[0][0]                   
____________________________________________________________________________________________________
dense (Dense)                    (None, 1)             65          flatten[0][0]                    
====================================================================================================
Total params: 678,577
Trainable params: 678,575
Non-trainable params: 2
____________________________________________________________________________________________________
         acc      loss   val_acc  val_loss
0   0.935425  0.200564  0.930786  0.220667
1   0.934937  0.200367  0.889648  0.313947
2   0.543457  7.214588  0.495483  8.063787
3   0.496826  8.040092  0.509766  7.831730
4   0.497314  8.028510  0.500122  7.982149
5   0.498413  8.008027  0.503296  7.928901
6   0.499756  7.984232  0.500244  7.975408
7   0.505615  7.888883  0.503540  7.921123
8   0.499023  7.992402  0.504395  7.906091
9   0.498169  8.004757  0.496704  8.027562
10  0.496216  8.034879  0.505493  7.886539
11  0.495483  8.045749  0.497559  8.012322
12  0.498413  7.998410  0.500977  7.957274
13  0.510254  7.809147  0.504517  7.900408
14  0.493896  8.069547  0.501343  7.950679
15  0.502808  7.927198  0.497681  8.008816
16  0.499390  7.981476  0.498779  7.991119
17  0.504028  7.893557  0.504395  7.920676
18  0.495850  8.056959  0.503296  7.935655
19  0.500977  7.971061  0.505493  7.897689
20  0.495605  8.054236  0.494019  8.078533
21  0.493652  8.083517  0.495361  8.055467
22  0.500977  7.965241  0.500854  7.966515
23  0.502686  7.936726  0.499268  7.990644
24  0.502075  7.945370  0.499023  7.993530
25  0.500488  7.969732  0.497803  8.012119
26  0.493774  8.075953  0.509033  7.832319
27  0.502319  7.939017  0.489380  8.144977
28  0.495850  8.041540  0.502930  7.928382
29  0.499390  7.984561  0.508545  7.838355
30  0.498535  7.997709  0.509766  7.818450
31  0.494141  8.067351  0.496582  8.028237

2017-12-08 15:09:51.740889 Finish.
Total elapsed time: 04:15:55.74.
