2017-12-08 20:03:29.520873: W tensorflow/core/platform/cpu_feature_guard.cc:45] The TensorFlow library wasn't compiled to use SSE4.1 instructions, but these are available on your machine and could speed up CPU computations.
2017-12-08 20:03:29.521122: W tensorflow/core/platform/cpu_feature_guard.cc:45] The TensorFlow library wasn't compiled to use SSE4.2 instructions, but these are available on your machine and could speed up CPU computations.
2017-12-08 20:03:29.521132: W tensorflow/core/platform/cpu_feature_guard.cc:45] The TensorFlow library wasn't compiled to use AVX instructions, but these are available on your machine and could speed up CPU computations.
2017-12-08 20:03:29.521137: W tensorflow/core/platform/cpu_feature_guard.cc:45] The TensorFlow library wasn't compiled to use AVX2 instructions, but these are available on your machine and could speed up CPU computations.
2017-12-08 20:03:29.521141: W tensorflow/core/platform/cpu_feature_guard.cc:45] The TensorFlow library wasn't compiled to use FMA instructions, but these are available on your machine and could speed up CPU computations.
Using TensorFlow backend.
2017-12-08 20:02:41.070830 Start.
Training Salamon's ICASSP 2017 convnet on BirdVox-70k. 
Training set: unit02, unit03, unit05.
Validation set: unit07, unit10.
Test set: unit01.

h5py version: 2.6.0
keras version: 2.0.6
numpy version: 1.13.1
pandas version: 0.20.3
pescador version: 1.0.0
tensorflow version: 1.2.1

____________________________________________________________________________________________________
Layer (type)                     Output Shape          Param #     Connected to                     
====================================================================================================
spec_input (InputLayer)          (None, 128, 104, 1)   0                                            
____________________________________________________________________________________________________
spec_bn (BatchNormalization)     (None, 128, 104, 1)   4           spec_input[0][0]                 
____________________________________________________________________________________________________
spec_conv1 (Conv2D)              (None, 128, 104, 24)  624         spec_bn[0][0]                    
____________________________________________________________________________________________________
bg_input (InputLayer)            (None, 128, 9)        0                                            
____________________________________________________________________________________________________
spec_pool1 (MaxPooling2D)        (None, 64, 26, 24)    0           spec_conv1[0][0]                 
____________________________________________________________________________________________________
bg_pool (AveragePooling1D)       (None, 32, 9)         0           bg_input[0][0]                   
____________________________________________________________________________________________________
spec_conv2 (Conv2D)              (None, 64, 26, 48)    28848       spec_pool1[0][0]                 
____________________________________________________________________________________________________
bg_permute (Permute)             (None, 9, 32)         0           bg_pool[0][0]                    
____________________________________________________________________________________________________
spec_pool2 (MaxPooling2D)        (None, 32, 6, 48)     0           spec_conv2[0][0]                 
____________________________________________________________________________________________________
bg_conv (Conv1D)                 (None, 9, 8)          264         bg_permute[0][0]                 
____________________________________________________________________________________________________
spec_conv3 (Conv2D)              (None, 32, 6, 48)     57648       spec_pool2[0][0]                 
____________________________________________________________________________________________________
bg_flatten (Flatten)             (None, 72)            0           bg_conv[0][0]                    
____________________________________________________________________________________________________
spec_flatten (Flatten)           (None, 9216)          0           spec_conv3[0][0]                 
____________________________________________________________________________________________________
bg_dense1 (Dense)                (None, 16)            1168        bg_flatten[0][0]                 
____________________________________________________________________________________________________
spec_dense1 (Dense)              (None, 64)            589888      spec_flatten[0][0]               
____________________________________________________________________________________________________
bg_dense2 (Dense)                (None, 4)             68          bg_dense1[0][0]                  
____________________________________________________________________________________________________
spec_reshape (Reshape)           (None, 16, 4)         0           spec_dense1[0][0]                
____________________________________________________________________________________________________
bg_reshape (Reshape)             (None, 1, 4)          0           bg_dense2[0][0]                  
____________________________________________________________________________________________________
multiply (Multiply)              (None, 16, 4)         0           spec_reshape[0][0]               
                                                                   bg_reshape[0][0]                 
____________________________________________________________________________________________________
flatten (Flatten)                (None, 64)            0           multiply[0][0]                   
____________________________________________________________________________________________________
dense (Dense)                    (None, 1)             65          flatten[0][0]                    
====================================================================================================
Total params: 678,577
Trainable params: 678,575
Non-trainable params: 2
____________________________________________________________________________________________________
         acc      loss   val_acc  val_loss
0   0.974365  0.099350  0.907715  0.254797
1   0.974365  0.093201  0.785034  0.425683
2   0.974731  0.089388  0.902588  0.271744
3   0.977539  0.085845  0.868164  0.300461
4   0.973877  0.099032  0.937988  0.196431
5   0.978149  0.083685  0.861694  0.336239
6   0.978271  0.084804  0.854370  0.467487
7   0.975586  0.106078  0.868530  0.419250
8   0.977661  0.088232  0.915649  0.264236
9   0.982300  0.079452  0.898926  0.297180
10  0.980713  0.084867  0.922119  0.246732
11  0.978516  0.083932  0.913696  0.276628
12  0.979248  0.085216  0.872803  0.416625
13  0.981689  0.070783  0.842285  0.477387
14  0.980591  0.079368  0.929443  0.239514
15  0.977295  0.090766  0.950439  0.236315
16  0.980225  0.085064  0.958496  0.187433
17  0.979126  0.080801  0.959351  0.167880
18  0.986694  0.064004  0.953247  0.194211
19  0.976929  0.091838  0.890625  0.308535
20  0.980591  0.087083  0.947510  0.205320
21  0.978882  0.082714  0.933105  0.244528
22  0.983154  0.072188  0.950684  0.191809
23  0.979370  0.077991  0.936401  0.203923
24  0.982666  0.067194  0.963257  0.152566
25  0.975952  0.094267  0.941406  0.264476
26  0.974487  0.096721  0.956177  0.231857
27  0.956421  0.138571  0.950806  0.367205
28  0.959106  0.122026  0.932983  0.535338
29  0.963135  0.092965  0.936768  0.482103
30  0.967896  0.093834  0.874268  0.290368
31  0.976440  0.097627  0.852051  0.304753

2017-12-09 00:26:41.536769 Finish.
Total elapsed time: 04:24:00.54.
