2017-12-08 20:03:19.622712: W tensorflow/core/platform/cpu_feature_guard.cc:45] The TensorFlow library wasn't compiled to use SSE4.1 instructions, but these are available on your machine and could speed up CPU computations.
2017-12-08 20:03:19.623010: W tensorflow/core/platform/cpu_feature_guard.cc:45] The TensorFlow library wasn't compiled to use SSE4.2 instructions, but these are available on your machine and could speed up CPU computations.
2017-12-08 20:03:19.623020: W tensorflow/core/platform/cpu_feature_guard.cc:45] The TensorFlow library wasn't compiled to use AVX instructions, but these are available on your machine and could speed up CPU computations.
2017-12-08 20:03:19.623025: W tensorflow/core/platform/cpu_feature_guard.cc:45] The TensorFlow library wasn't compiled to use AVX2 instructions, but these are available on your machine and could speed up CPU computations.
2017-12-08 20:03:19.623029: W tensorflow/core/platform/cpu_feature_guard.cc:45] The TensorFlow library wasn't compiled to use FMA instructions, but these are available on your machine and could speed up CPU computations.
Using TensorFlow backend.
2017-12-08 20:02:41.070805 Start.
Training Salamon's ICASSP 2017 convnet on BirdVox-70k. 
Training set: unit03, unit05, unit07.
Validation set: unit10, unit01.
Test set: unit02.

h5py version: 2.6.0
keras version: 2.0.6
numpy version: 1.13.1
pandas version: 0.20.3
pescador version: 1.0.0
tensorflow version: 1.2.1

____________________________________________________________________________________________________
Layer (type)                     Output Shape          Param #     Connected to                     
====================================================================================================
spec_input (InputLayer)          (None, 128, 104, 1)   0                                            
____________________________________________________________________________________________________
spec_bn (BatchNormalization)     (None, 128, 104, 1)   4           spec_input[0][0]                 
____________________________________________________________________________________________________
spec_conv1 (Conv2D)              (None, 128, 104, 24)  624         spec_bn[0][0]                    
____________________________________________________________________________________________________
bg_input (InputLayer)            (None, 128, 9)        0                                            
____________________________________________________________________________________________________
spec_pool1 (MaxPooling2D)        (None, 64, 26, 24)    0           spec_conv1[0][0]                 
____________________________________________________________________________________________________
bg_pool (AveragePooling1D)       (None, 32, 9)         0           bg_input[0][0]                   
____________________________________________________________________________________________________
spec_conv2 (Conv2D)              (None, 64, 26, 48)    28848       spec_pool1[0][0]                 
____________________________________________________________________________________________________
bg_permute (Permute)             (None, 9, 32)         0           bg_pool[0][0]                    
____________________________________________________________________________________________________
spec_pool2 (MaxPooling2D)        (None, 32, 6, 48)     0           spec_conv2[0][0]                 
____________________________________________________________________________________________________
bg_conv (Conv1D)                 (None, 9, 8)          264         bg_permute[0][0]                 
____________________________________________________________________________________________________
spec_conv3 (Conv2D)              (None, 32, 6, 48)     57648       spec_pool2[0][0]                 
____________________________________________________________________________________________________
bg_flatten (Flatten)             (None, 72)            0           bg_conv[0][0]                    
____________________________________________________________________________________________________
spec_flatten (Flatten)           (None, 9216)          0           spec_conv3[0][0]                 
____________________________________________________________________________________________________
bg_dense1 (Dense)                (None, 16)            1168        bg_flatten[0][0]                 
____________________________________________________________________________________________________
spec_dense1 (Dense)              (None, 64)            589888      spec_flatten[0][0]               
____________________________________________________________________________________________________
bg_dense2 (Dense)                (None, 4)             68          bg_dense1[0][0]                  
____________________________________________________________________________________________________
spec_reshape (Reshape)           (None, 16, 4)         0           spec_dense1[0][0]                
____________________________________________________________________________________________________
bg_reshape (Reshape)             (None, 1, 4)          0           bg_dense2[0][0]                  
____________________________________________________________________________________________________
multiply (Multiply)              (None, 16, 4)         0           spec_reshape[0][0]               
                                                                   bg_reshape[0][0]                 
____________________________________________________________________________________________________
flatten (Flatten)                (None, 64)            0           multiply[0][0]                   
____________________________________________________________________________________________________
dense (Dense)                    (None, 1)             65          flatten[0][0]                    
====================================================================================================
Total params: 678,577
Trainable params: 678,575
Non-trainable params: 2
____________________________________________________________________________________________________
         acc      loss   val_acc  val_loss
0   0.968384  0.110778  0.801270  0.514650
1   0.964600  0.111392  0.747314  0.736749
2   0.969604  0.104465  0.797607  0.507951
3   0.969727  0.103644  0.759644  0.891193
4   0.972656  0.102470  0.837158  0.585237
5   0.972046  0.102169  0.804688  0.781425
6   0.972534  0.096689  0.742920  0.955413
7   0.974854  0.093845  0.844727  0.592652
8   0.975342  0.090842  0.851685  0.528138
9   0.978760  0.085601  0.838379  0.740861
10  0.977295  0.084096  0.848877  0.667641
11  0.974487  0.090877  0.844727  0.643567
12  0.976074  0.082498  0.809692  0.713308
13  0.977051  0.079649  0.858032  0.668590
14  0.974731  0.094907  0.825195  0.591656
15  0.976685  0.088599  0.750610  1.109622
16  0.976685  0.081891  0.842041  0.819761
17  0.976196  0.082574  0.840698  0.621295
18  0.977295  0.085734  0.835693  0.581577
19  0.978271  0.086823  0.852539  0.545275
20  0.977539  0.081637  0.781860  0.732629
21  0.979858  0.085806  0.843994  0.710569
22  0.979248  0.083893  0.832153  0.696468
23  0.975342  0.088314  0.833740  0.630435
24  0.973999  0.096129  0.833740  0.504985
25  0.976196  0.086130  0.851929  0.601277
26  0.972168  0.100960  0.857178  0.657403
27  0.972656  0.078190  0.862427  0.711971
28  0.972900  0.086045  0.861816  0.864483
29  0.861450  0.344545  0.639160  0.636149
30  0.508667  6.508852  0.503418  7.937802
31  0.491089  8.133278  0.498901  8.007718

2017-12-09 00:26:04.227488 Finish.
Total elapsed time: 04:23:23.23.
