2017-12-06 01:56:07.174049: W tensorflow/core/platform/cpu_feature_guard.cc:45] The TensorFlow library wasn't compiled to use SSE4.1 instructions, but these are available on your machine and could speed up CPU computations.
2017-12-06 01:56:07.174313: W tensorflow/core/platform/cpu_feature_guard.cc:45] The TensorFlow library wasn't compiled to use SSE4.2 instructions, but these are available on your machine and could speed up CPU computations.
2017-12-06 01:56:07.174324: W tensorflow/core/platform/cpu_feature_guard.cc:45] The TensorFlow library wasn't compiled to use AVX instructions, but these are available on your machine and could speed up CPU computations.
2017-12-06 01:56:07.174328: W tensorflow/core/platform/cpu_feature_guard.cc:45] The TensorFlow library wasn't compiled to use AVX2 instructions, but these are available on your machine and could speed up CPU computations.
2017-12-06 01:56:07.174332: W tensorflow/core/platform/cpu_feature_guard.cc:45] The TensorFlow library wasn't compiled to use FMA instructions, but these are available on your machine and could speed up CPU computations.
Using TensorFlow backend.
2017-12-06 01:56:04.818418 Start.
Training Salamon's ICASSP 2017 convnet on BirdVox-70k. 
Training set: unit01, unit02, unit03.
Validation set: unit05, unit07.
Test set: unit10.

h5py version: 2.6.0
keras version: 2.0.6
numpy version: 1.13.1
pandas version: 0.20.3
pescador version: 1.0.0
tensorflow version: 1.2.1

____________________________________________________________________________________________________
Layer (type)                     Output Shape          Param #     Connected to                     
====================================================================================================
spec_input (InputLayer)          (None, 128, 104, 1)   0                                            
____________________________________________________________________________________________________
spec_bn (BatchNormalization)     (None, 128, 104, 1)   4           spec_input[0][0]                 
____________________________________________________________________________________________________
spec_conv1 (Conv2D)              (None, 128, 104, 24)  624         spec_bn[0][0]                    
____________________________________________________________________________________________________
bg_input (InputLayer)            (None, 128, 9)        0                                            
____________________________________________________________________________________________________
spec_pool1 (MaxPooling2D)        (None, 64, 26, 24)    0           spec_conv1[0][0]                 
____________________________________________________________________________________________________
bg_pool (AveragePooling1D)       (None, 32, 9)         0           bg_input[0][0]                   
____________________________________________________________________________________________________
spec_conv2 (Conv2D)              (None, 64, 26, 48)    28848       spec_pool1[0][0]                 
____________________________________________________________________________________________________
bg_permute (Permute)             (None, 9, 32)         0           bg_pool[0][0]                    
____________________________________________________________________________________________________
spec_pool2 (MaxPooling2D)        (None, 32, 6, 48)     0           spec_conv2[0][0]                 
____________________________________________________________________________________________________
bg_conv (Conv1D)                 (None, 9, 8)          264         bg_permute[0][0]                 
____________________________________________________________________________________________________
spec_conv3 (Conv2D)              (None, 32, 6, 48)     57648       spec_pool2[0][0]                 
____________________________________________________________________________________________________
bg_flatten (Flatten)             (None, 72)            0           bg_conv[0][0]                    
____________________________________________________________________________________________________
spec_flatten (Flatten)           (None, 9216)          0           spec_conv3[0][0]                 
____________________________________________________________________________________________________
bg_dense1 (Dense)                (None, 16)            1168        bg_flatten[0][0]                 
____________________________________________________________________________________________________
spec_dense1 (Dense)              (None, 64)            589888      spec_flatten[0][0]               
____________________________________________________________________________________________________
bg_dense2 (Dense)                (None, 4)             68          bg_dense1[0][0]                  
____________________________________________________________________________________________________
spec_reshape (Reshape)           (None, 16, 4)         0           spec_dense1[0][0]                
____________________________________________________________________________________________________
bg_reshape (Reshape)             (None, 1, 4)          0           bg_dense2[0][0]                  
____________________________________________________________________________________________________
multiply (Multiply)              (None, 16, 4)         0           spec_reshape[0][0]               
                                                                   bg_reshape[0][0]                 
____________________________________________________________________________________________________
flatten (Flatten)                (None, 64)            0           multiply[0][0]                   
____________________________________________________________________________________________________
dense (Dense)                    (None, 1)             65          flatten[0][0]                    
====================================================================================================
Total params: 678,577
Trainable params: 678,575
Non-trainable params: 2
____________________________________________________________________________________________________
         acc      loss   val_acc  val_loss
0   0.949219  0.148925  0.888916  0.295768
1   0.952026  0.145685  0.931519  0.166307
2   0.954590  0.142472  0.898315  0.253394
3   0.956055  0.131924  0.927612  0.194927
4   0.957031  0.127343  0.947021  0.158708
5   0.956787  0.140407  0.864746  0.390924
6   0.957520  0.140611  0.822266  0.429611
7   0.954102  0.136464  0.932373  0.196365
8   0.960571  0.121802  0.925903  0.216925
9   0.960205  0.137478  0.948975  0.182656
10  0.965942  0.109169  0.944580  0.176072
11  0.964233  0.117362  0.939331  0.156422
12  0.960571  0.125957  0.862183  0.385672
13  0.963013  0.117631  0.942139  0.148131
14  0.963257  0.121170  0.920044  0.211717
15  0.949707  0.149499  0.898560  0.182350
16  0.936279  0.166340  0.875366  0.368060
17  0.959961  0.135272  0.914673  0.251398
18  0.961426  0.125673  0.917358  0.235583
19  0.652588  3.789152  0.494995  8.177154
20  0.500122  8.091470  0.496948  8.140026
21  0.496582  8.143846  0.501221  8.067138
22  0.494751  8.169726  0.504761  8.006776
23  0.496948  8.131255  0.494995  8.161347
24  0.503418  8.024327  0.501099  8.060493
25  0.506348  7.974777  0.493896  8.174390
26  0.489868  8.238333  0.502197  8.038655
27  0.484619  8.321105  0.504639  7.997579
28  0.489258  8.244710  0.505859  7.976369
29  0.506104  7.971742  0.504272  8.000585
30  0.494507  8.157373  0.493774  8.168583
31  0.502930  7.958201  0.487549  8.198233

2017-12-06 05:36:17.382730 Finish.
Total elapsed time: 03:40:13.38.
