2017-12-06 01:55:57.283461: W tensorflow/core/platform/cpu_feature_guard.cc:45] The TensorFlow library wasn't compiled to use SSE4.1 instructions, but these are available on your machine and could speed up CPU computations.
2017-12-06 01:55:57.283773: W tensorflow/core/platform/cpu_feature_guard.cc:45] The TensorFlow library wasn't compiled to use SSE4.2 instructions, but these are available on your machine and could speed up CPU computations.
2017-12-06 01:55:57.283784: W tensorflow/core/platform/cpu_feature_guard.cc:45] The TensorFlow library wasn't compiled to use AVX instructions, but these are available on your machine and could speed up CPU computations.
2017-12-06 01:55:57.283789: W tensorflow/core/platform/cpu_feature_guard.cc:45] The TensorFlow library wasn't compiled to use AVX2 instructions, but these are available on your machine and could speed up CPU computations.
2017-12-06 01:55:57.283792: W tensorflow/core/platform/cpu_feature_guard.cc:45] The TensorFlow library wasn't compiled to use FMA instructions, but these are available on your machine and could speed up CPU computations.
Using TensorFlow backend.
2017-12-06 01:55:41.950189 Start.
Training Salamon's ICASSP 2017 convnet on BirdVox-70k. 
Training set: unit02, unit03, unit05.
Validation set: unit07, unit10.
Test set: unit01.

h5py version: 2.6.0
keras version: 2.0.6
numpy version: 1.13.1
pandas version: 0.20.3
pescador version: 1.0.0
tensorflow version: 1.2.1

____________________________________________________________________________________________________
Layer (type)                     Output Shape          Param #     Connected to                     
====================================================================================================
spec_input (InputLayer)          (None, 128, 104, 1)   0                                            
____________________________________________________________________________________________________
spec_bn (BatchNormalization)     (None, 128, 104, 1)   4           spec_input[0][0]                 
____________________________________________________________________________________________________
spec_conv1 (Conv2D)              (None, 128, 104, 24)  624         spec_bn[0][0]                    
____________________________________________________________________________________________________
bg_input (InputLayer)            (None, 128, 9)        0                                            
____________________________________________________________________________________________________
spec_pool1 (MaxPooling2D)        (None, 64, 26, 24)    0           spec_conv1[0][0]                 
____________________________________________________________________________________________________
bg_pool (AveragePooling1D)       (None, 32, 9)         0           bg_input[0][0]                   
____________________________________________________________________________________________________
spec_conv2 (Conv2D)              (None, 64, 26, 48)    28848       spec_pool1[0][0]                 
____________________________________________________________________________________________________
bg_permute (Permute)             (None, 9, 32)         0           bg_pool[0][0]                    
____________________________________________________________________________________________________
spec_pool2 (MaxPooling2D)        (None, 32, 6, 48)     0           spec_conv2[0][0]                 
____________________________________________________________________________________________________
bg_conv (Conv1D)                 (None, 9, 8)          264         bg_permute[0][0]                 
____________________________________________________________________________________________________
spec_conv3 (Conv2D)              (None, 32, 6, 48)     57648       spec_pool2[0][0]                 
____________________________________________________________________________________________________
bg_flatten (Flatten)             (None, 72)            0           bg_conv[0][0]                    
____________________________________________________________________________________________________
spec_flatten (Flatten)           (None, 9216)          0           spec_conv3[0][0]                 
____________________________________________________________________________________________________
bg_dense1 (Dense)                (None, 16)            1168        bg_flatten[0][0]                 
____________________________________________________________________________________________________
spec_dense1 (Dense)              (None, 64)            589888      spec_flatten[0][0]               
____________________________________________________________________________________________________
bg_dense2 (Dense)                (None, 4)             68          bg_dense1[0][0]                  
____________________________________________________________________________________________________
spec_reshape (Reshape)           (None, 16, 4)         0           spec_dense1[0][0]                
____________________________________________________________________________________________________
bg_reshape (Reshape)             (None, 1, 4)          0           bg_dense2[0][0]                  
____________________________________________________________________________________________________
multiply (Multiply)              (None, 16, 4)         0           spec_reshape[0][0]               
                                                                   bg_reshape[0][0]                 
____________________________________________________________________________________________________
flatten (Flatten)                (None, 64)            0           multiply[0][0]                   
____________________________________________________________________________________________________
dense (Dense)                    (None, 1)             65          flatten[0][0]                    
====================================================================================================
Total params: 678,577
Trainable params: 678,575
Non-trainable params: 2
____________________________________________________________________________________________________
         acc      loss   val_acc  val_loss
0   0.962280  0.140804  0.784790  0.578326
1   0.971924  0.102466  0.916626  0.233458
2   0.970947  0.100136  0.949707  0.269862
3   0.976440  0.092671  0.867310  0.342409
4   0.976929  0.086785  0.887695  0.269778
5   0.978882  0.078626  0.953613  0.208300
6   0.977661  0.089027  0.942017  0.212812
7   0.980225  0.077954  0.857422  0.350850
8   0.979614  0.084275  0.938232  0.196215
9   0.974487  0.091112  0.943359  0.218071
10  0.975708  0.094271  0.924561  0.215059
11  0.979736  0.079643  0.927734  0.246237
12  0.977417  0.090194  0.903076  0.241074
13  0.981201  0.074981  0.928345  0.200395
14  0.979004  0.081798  0.962280  0.131942
15  0.977051  0.083295  0.915039  0.216019
16  0.978394  0.080268  0.894165  0.300245
17  0.975098  0.120082  0.951660  0.188661
18  0.980347  0.078236  0.895996  0.287848
19  0.983887  0.070336  0.895752  0.242434
20  0.979980  0.076442  0.926147  0.207542
21  0.981079  0.073867  0.902832  0.357190
22  0.978638  0.079958  0.898438  0.341502
23  0.982422  0.076998  0.935547  0.234560
24  0.982056  0.079474  0.926636  0.217923
25  0.981934  0.073016  0.930420  0.228564
26  0.981445  0.072415  0.927368  0.209585
27  0.983032  0.068318  0.931641  0.217542
28  0.980835  0.077663  0.941772  0.278729
29  0.983032  0.074552  0.900146  0.265619
30  0.977905  0.086084  0.923950  0.397698
31  0.907837  0.438730  0.621826  0.648772

2017-12-06 05:33:33.413450 Finish.
Total elapsed time: 03:37:52.41.
