2017-12-08 20:03:26.077783: W tensorflow/core/platform/cpu_feature_guard.cc:45] The TensorFlow library wasn't compiled to use SSE4.1 instructions, but these are available on your machine and could speed up CPU computations.
2017-12-08 20:03:26.078205: W tensorflow/core/platform/cpu_feature_guard.cc:45] The TensorFlow library wasn't compiled to use SSE4.2 instructions, but these are available on your machine and could speed up CPU computations.
2017-12-08 20:03:26.078218: W tensorflow/core/platform/cpu_feature_guard.cc:45] The TensorFlow library wasn't compiled to use AVX instructions, but these are available on your machine and could speed up CPU computations.
Using TensorFlow backend.
2017-12-08 20:02:57.445946 Start.
Training Salamon's ICASSP 2017 convnet on BirdVox-70k. 
Training set: unit01, unit02, unit03.
Validation set: unit05, unit07.
Test set: unit10.

h5py version: 2.6.0
keras version: 2.0.6
numpy version: 1.13.1
pandas version: 0.20.3
pescador version: 1.0.0
tensorflow version: 1.2.1

____________________________________________________________________________________________________
Layer (type)                     Output Shape          Param #     Connected to                     
====================================================================================================
spec_input (InputLayer)          (None, 128, 104, 1)   0                                            
____________________________________________________________________________________________________
spec_bn (BatchNormalization)     (None, 128, 104, 1)   4           spec_input[0][0]                 
____________________________________________________________________________________________________
spec_conv1 (Conv2D)              (None, 128, 104, 24)  624         spec_bn[0][0]                    
____________________________________________________________________________________________________
bg_input (InputLayer)            (None, 128, 9)        0                                            
____________________________________________________________________________________________________
spec_pool1 (MaxPooling2D)        (None, 64, 26, 24)    0           spec_conv1[0][0]                 
____________________________________________________________________________________________________
bg_pool (AveragePooling1D)       (None, 32, 9)         0           bg_input[0][0]                   
____________________________________________________________________________________________________
spec_conv2 (Conv2D)              (None, 64, 26, 48)    28848       spec_pool1[0][0]                 
____________________________________________________________________________________________________
bg_permute (Permute)             (None, 9, 32)         0           bg_pool[0][0]                    
____________________________________________________________________________________________________
spec_pool2 (MaxPooling2D)        (None, 32, 6, 48)     0           spec_conv2[0][0]                 
____________________________________________________________________________________________________
bg_conv (Conv1D)                 (None, 9, 8)          264         bg_permute[0][0]                 
____________________________________________________________________________________________________
spec_conv3 (Conv2D)              (None, 32, 6, 48)     57648       spec_pool2[0][0]                 
____________________________________________________________________________________________________
bg_flatten (Flatten)             (None, 72)            0           bg_conv[0][0]                    
____________________________________________________________________________________________________
spec_flatten (Flatten)           (None, 9216)          0           spec_conv3[0][0]                 
____________________________________________________________________________________________________
bg_dense1 (Dense)                (None, 16)            1168        bg_flatten[0][0]                 
____________________________________________________________________________________________________
spec_dense1 (Dense)              (None, 64)            589888      spec_flatten[0][0]               
____________________________________________________________________________________________________
bg_dense2 (Dense)                (None, 4)             68          bg_dense1[0][0]                  
____________________________________________________________________________________________________
spec_reshape (Reshape)           (None, 16, 4)         0           spec_dense1[0][0]                
____________________________________________________________________________________________________
bg_reshape (Reshape)             (None, 1, 4)          0           bg_dense2[0][0]                  
____________________________________________________________________________________________________
multiply (Multiply)              (None, 16, 4)         0           spec_reshape[0][0]               
                                                                   bg_reshape[0][0]                 
____________________________________________________________________________________________________
flatten (Flatten)                (None, 64)            0           multiply[0][0]                   
____________________________________________________________________________________________________
dense (Dense)                    (None, 1)             65          flatten[0][0]                    
====================================================================================================
Total params: 678,577
Trainable params: 678,575
Non-trainable params: 2
____________________________________________________________________________________________________
         acc      loss   val_acc  val_loss
0   0.934448  0.186599  0.922119  0.225319
1   0.933472  0.193244  0.898682  0.229237
2   0.942871  0.160091  0.923462  0.214052
3   0.944824  0.164199  0.872314  0.258883
4   0.941528  0.173421  0.909180  0.210912
5   0.937622  0.213369  0.912109  0.193557
6   0.944946  0.160491  0.909424  0.198699
7   0.948486  0.154941  0.909058  0.184928
8   0.949219  0.151972  0.910767  0.184108
9   0.948364  0.147663  0.913452  0.184600
10  0.950562  0.149011  0.940063  0.173462
11  0.950439  0.152305  0.922363  0.167600
12  0.952393  0.140697  0.877563  0.230064
13  0.953735  0.148321  0.947754  0.151840
14  0.915527  0.388861  0.496948  6.481778
15  0.505005  0.922817  0.492432  0.726246
16  0.506104  1.542623  0.494751  8.086778
17  0.492310  8.123862  0.500610  7.989631
18  0.496704  8.050260  0.493408  8.101233
19  0.501221  7.975265  0.493774  8.092608
20  0.508667  7.853930  0.496582  8.045377
21  0.502686  7.946951  0.492188  8.113224
22  0.497192  8.032426  0.493896  8.083989
23  0.500977  7.970208  0.496948  8.033545
24  0.505249  7.900393  0.494629  8.068907
25  0.496460  8.038979  0.503540  7.925390
26  0.496216  8.041494  0.494629  8.066150
27  0.485718  8.207621  0.504761  7.903454
28  0.494507  8.066395  0.502930  7.931599
29  0.499512  7.985615  0.506592  7.872281
30  0.506348  7.875751  0.505737  7.885071
31  0.503906  7.913887  0.501709  7.948553

2017-12-09 01:06:47.313138 Finish.
Total elapsed time: 05:03:50.31.
