2017-12-06 01:56:00.913443: W tensorflow/core/platform/cpu_feature_guard.cc:45] The TensorFlow library wasn't compiled to use SSE4.1 instructions, but these are available on your machine and could speed up CPU computations.
2017-12-06 01:56:00.913706: W tensorflow/core/platform/cpu_feature_guard.cc:45] The TensorFlow library wasn't compiled to use SSE4.2 instructions, but these are available on your machine and could speed up CPU computations.
2017-12-06 01:56:00.913714: W tensorflow/core/platform/cpu_feature_guard.cc:45] The TensorFlow library wasn't compiled to use AVX instructions, but these are available on your machine and could speed up CPU computations.
2017-12-06 01:56:00.913717: W tensorflow/core/platform/cpu_feature_guard.cc:45] The TensorFlow library wasn't compiled to use AVX2 instructions, but these are available on your machine and could speed up CPU computations.
2017-12-06 01:56:00.913721: W tensorflow/core/platform/cpu_feature_guard.cc:45] The TensorFlow library wasn't compiled to use FMA instructions, but these are available on your machine and could speed up CPU computations.
Using TensorFlow backend.
2017-12-06 01:55:41.790276 Start.
Training Salamon's ICASSP 2017 convnet on BirdVox-70k. 
Training set: unit05, unit07, unit10.
Validation set: unit01, unit02.
Test set: unit03.

h5py version: 2.6.0
keras version: 2.0.6
numpy version: 1.13.1
pandas version: 0.20.3
pescador version: 1.0.0
tensorflow version: 1.2.1

____________________________________________________________________________________________________
Layer (type)                     Output Shape          Param #     Connected to                     
====================================================================================================
spec_input (InputLayer)          (None, 128, 104, 1)   0                                            
____________________________________________________________________________________________________
spec_bn (BatchNormalization)     (None, 128, 104, 1)   4           spec_input[0][0]                 
____________________________________________________________________________________________________
spec_conv1 (Conv2D)              (None, 128, 104, 24)  624         spec_bn[0][0]                    
____________________________________________________________________________________________________
bg_input (InputLayer)            (None, 128, 9)        0                                            
____________________________________________________________________________________________________
spec_pool1 (MaxPooling2D)        (None, 64, 26, 24)    0           spec_conv1[0][0]                 
____________________________________________________________________________________________________
bg_pool (AveragePooling1D)       (None, 32, 9)         0           bg_input[0][0]                   
____________________________________________________________________________________________________
spec_conv2 (Conv2D)              (None, 64, 26, 48)    28848       spec_pool1[0][0]                 
____________________________________________________________________________________________________
bg_permute (Permute)             (None, 9, 32)         0           bg_pool[0][0]                    
____________________________________________________________________________________________________
spec_pool2 (MaxPooling2D)        (None, 32, 6, 48)     0           spec_conv2[0][0]                 
____________________________________________________________________________________________________
bg_conv (Conv1D)                 (None, 9, 8)          264         bg_permute[0][0]                 
____________________________________________________________________________________________________
spec_conv3 (Conv2D)              (None, 32, 6, 48)     57648       spec_pool2[0][0]                 
____________________________________________________________________________________________________
bg_flatten (Flatten)             (None, 72)            0           bg_conv[0][0]                    
____________________________________________________________________________________________________
spec_flatten (Flatten)           (None, 9216)          0           spec_conv3[0][0]                 
____________________________________________________________________________________________________
bg_dense1 (Dense)                (None, 16)            1168        bg_flatten[0][0]                 
____________________________________________________________________________________________________
spec_dense1 (Dense)              (None, 64)            589888      spec_flatten[0][0]               
____________________________________________________________________________________________________
bg_dense2 (Dense)                (None, 4)             68          bg_dense1[0][0]                  
____________________________________________________________________________________________________
spec_reshape (Reshape)           (None, 16, 4)         0           spec_dense1[0][0]                
____________________________________________________________________________________________________
bg_reshape (Reshape)             (None, 1, 4)          0           bg_dense2[0][0]                  
____________________________________________________________________________________________________
multiply (Multiply)              (None, 16, 4)         0           spec_reshape[0][0]               
                                                                   bg_reshape[0][0]                 
____________________________________________________________________________________________________
flatten (Flatten)                (None, 64)            0           multiply[0][0]                   
____________________________________________________________________________________________________
dense (Dense)                    (None, 1)             65          flatten[0][0]                    
====================================================================================================
Total params: 678,577
Trainable params: 678,575
Non-trainable params: 2
____________________________________________________________________________________________________
         acc      loss   val_acc  val_loss
0   0.965088  0.118928  0.691772  2.004853
1   0.970581  0.115323  0.646973  0.604330
2   0.962402  0.146789  0.682129  2.090056
3   0.966309  0.122755  0.684570  1.086977
4   0.972778  0.107111  0.723877  1.471347
5   0.979004  0.096281  0.686401  1.502298
6   0.978516  0.093243  0.729126  1.536080
7   0.976562  0.097785  0.697510  3.000142
8   0.972900  0.105358  0.695923  1.341224
9   0.974731  0.097854  0.674316  1.501207
10  0.974243  0.095821  0.704346  1.661238
11  0.972168  0.102608  0.681641  1.401373
12  0.975220  0.100725  0.688354  2.372996
13  0.973755  0.095979  0.701782  1.242305
14  0.977783  0.088549  0.715454  1.138338
15  0.979980  0.083868  0.705078  1.585582
16  0.980225  0.085601  0.705078  1.198650
17  0.978516  0.092836  0.710815  1.821884
18  0.976440  0.097926  0.702271  1.240128
19  0.978394  0.085938  0.725098  1.025545
20  0.980103  0.086708  0.681763  1.199274
21  0.979248  0.081772  0.715332  1.356702
22  0.980591  0.073515  0.711792  2.224446
23  0.980347  0.085334  0.734497  0.957608
24  0.979492  0.078380  0.705811  1.987856
25  0.978882  0.083175  0.708740  1.038128
26  0.962524  0.131306  0.685913  1.292638
27  0.975098  0.093507  0.710571  0.980260
28  0.972534  0.096050  0.709839  1.856417
29  0.975708  0.097245  0.691162  1.756377
30  0.977051  0.098156  0.703979  1.817007
31  0.970947  0.104501  0.715210  1.356742

2017-12-06 05:35:48.258339 Finish.
Total elapsed time: 03:40:07.26.
