2017-12-08 20:03:27.629477: W tensorflow/core/platform/cpu_feature_guard.cc:45] The TensorFlow library wasn't compiled to use SSE4.1 instructions, but these are available on your machine and could speed up CPU computations.
2017-12-08 20:03:27.629790: W tensorflow/core/platform/cpu_feature_guard.cc:45] The TensorFlow library wasn't compiled to use SSE4.2 instructions, but these are available on your machine and could speed up CPU computations.
2017-12-08 20:03:27.629807: W tensorflow/core/platform/cpu_feature_guard.cc:45] The TensorFlow library wasn't compiled to use AVX instructions, but these are available on your machine and could speed up CPU computations.
2017-12-08 20:03:27.629815: W tensorflow/core/platform/cpu_feature_guard.cc:45] The TensorFlow library wasn't compiled to use AVX2 instructions, but these are available on your machine and could speed up CPU computations.
2017-12-08 20:03:27.629822: W tensorflow/core/platform/cpu_feature_guard.cc:45] The TensorFlow library wasn't compiled to use FMA instructions, but these are available on your machine and could speed up CPU computations.
Using TensorFlow backend.
2017-12-08 20:02:41.070846 Start.
Training Salamon's ICASSP 2017 convnet on BirdVox-70k. 
Training set: unit07, unit10, unit01.
Validation set: unit02, unit03.
Test set: unit05.

h5py version: 2.6.0
keras version: 2.0.6
numpy version: 1.13.1
pandas version: 0.20.3
pescador version: 1.0.0
tensorflow version: 1.2.1

____________________________________________________________________________________________________
Layer (type)                     Output Shape          Param #     Connected to                     
====================================================================================================
spec_input (InputLayer)          (None, 128, 104, 1)   0                                            
____________________________________________________________________________________________________
spec_bn (BatchNormalization)     (None, 128, 104, 1)   4           spec_input[0][0]                 
____________________________________________________________________________________________________
spec_conv1 (Conv2D)              (None, 128, 104, 24)  624         spec_bn[0][0]                    
____________________________________________________________________________________________________
bg_input (InputLayer)            (None, 128, 9)        0                                            
____________________________________________________________________________________________________
spec_pool1 (MaxPooling2D)        (None, 64, 26, 24)    0           spec_conv1[0][0]                 
____________________________________________________________________________________________________
bg_pool (AveragePooling1D)       (None, 32, 9)         0           bg_input[0][0]                   
____________________________________________________________________________________________________
spec_conv2 (Conv2D)              (None, 64, 26, 48)    28848       spec_pool1[0][0]                 
____________________________________________________________________________________________________
bg_permute (Permute)             (None, 9, 32)         0           bg_pool[0][0]                    
____________________________________________________________________________________________________
spec_pool2 (MaxPooling2D)        (None, 32, 6, 48)     0           spec_conv2[0][0]                 
____________________________________________________________________________________________________
bg_conv (Conv1D)                 (None, 9, 8)          264         bg_permute[0][0]                 
____________________________________________________________________________________________________
spec_conv3 (Conv2D)              (None, 32, 6, 48)     57648       spec_pool2[0][0]                 
____________________________________________________________________________________________________
bg_flatten (Flatten)             (None, 72)            0           bg_conv[0][0]                    
____________________________________________________________________________________________________
spec_flatten (Flatten)           (None, 9216)          0           spec_conv3[0][0]                 
____________________________________________________________________________________________________
bg_dense1 (Dense)                (None, 16)            1168        bg_flatten[0][0]                 
____________________________________________________________________________________________________
spec_dense1 (Dense)              (None, 64)            589888      spec_flatten[0][0]               
____________________________________________________________________________________________________
bg_dense2 (Dense)                (None, 4)             68          bg_dense1[0][0]                  
____________________________________________________________________________________________________
spec_reshape (Reshape)           (None, 16, 4)         0           spec_dense1[0][0]                
____________________________________________________________________________________________________
bg_reshape (Reshape)             (None, 1, 4)          0           bg_dense2[0][0]                  
____________________________________________________________________________________________________
multiply (Multiply)              (None, 16, 4)         0           spec_reshape[0][0]               
                                                                   bg_reshape[0][0]                 
____________________________________________________________________________________________________
flatten (Flatten)                (None, 64)            0           multiply[0][0]                   
____________________________________________________________________________________________________
dense (Dense)                    (None, 1)             65          flatten[0][0]                    
====================================================================================================
Total params: 678,577
Trainable params: 678,575
Non-trainable params: 2
____________________________________________________________________________________________________
         acc      loss   val_acc  val_loss
0   0.941895  0.170697  0.938232  0.226029
1   0.943604  0.170233  0.915771  0.282963
2   0.951660  0.156625  0.901855  0.444798
3   0.946167  0.160970  0.906494  0.468856
4   0.942749  0.188715  0.882080  0.702458
5   0.949707  0.164675  0.906006  0.292343
6   0.939575  0.180627  0.928711  0.329378
7   0.953125  0.164848  0.912964  0.494808
8   0.952515  0.160789  0.913330  0.267480
9   0.951904  0.156533  0.933472  0.204536
10  0.950806  0.148306  0.929932  0.364037
11  0.954346  0.144929  0.915161  0.381914
12  0.954346  0.153081  0.891846  0.456707
13  0.956421  0.143927  0.917236  0.528341
14  0.959961  0.136273  0.927246  0.305135
15  0.954834  0.143111  0.941162  0.258952
16  0.953735  0.157763  0.932251  0.248296
17  0.957397  0.143571  0.920898  0.384546
18  0.955933  0.145295  0.942993  0.233456
19  0.956543  0.146394  0.927490  0.359786
20  0.918579  0.228032  0.934937  0.322168
21  0.947754  0.169560  0.917480  0.504668
22  0.953613  0.150880  0.956177  0.186039
23  0.953735  0.147856  0.936523  0.297442
24  0.958618  0.137543  0.920410  0.387356
25  0.956787  0.137150  0.938110  0.321948
26  0.953979  0.147882  0.936768  0.345596
27  0.957764  0.139681  0.927856  0.390789
28  0.962891  0.134025  0.929443  0.298173
29  0.955811  0.137861  0.935547  0.369320
30  0.962524  0.123602  0.929321  0.334133
31  0.955811  0.142943  0.940063  0.286273

2017-12-09 00:31:56.809433 Finish.
Total elapsed time: 04:29:15.81.
