2017-12-06 05:46:08.696370: W tensorflow/core/platform/cpu_feature_guard.cc:45] The TensorFlow library wasn't compiled to use SSE4.1 instructions, but these are available on your machine and could speed up CPU computations.
2017-12-06 05:46:08.696588: W tensorflow/core/platform/cpu_feature_guard.cc:45] The TensorFlow library wasn't compiled to use SSE4.2 instructions, but these are available on your machine and could speed up CPU computations.
2017-12-06 05:46:08.696597: W tensorflow/core/platform/cpu_feature_guard.cc:45] The TensorFlow library wasn't compiled to use AVX instructions, but these are available on your machine and could speed up CPU computations.
2017-12-06 05:46:08.696601: W tensorflow/core/platform/cpu_feature_guard.cc:45] The TensorFlow library wasn't compiled to use AVX2 instructions, but these are available on your machine and could speed up CPU computations.
2017-12-06 05:46:08.696605: W tensorflow/core/platform/cpu_feature_guard.cc:45] The TensorFlow library wasn't compiled to use FMA instructions, but these are available on your machine and could speed up CPU computations.
Using TensorFlow backend.
2017-12-06 05:46:06.588104 Start.
Training Salamon's ICASSP 2017 convnet on BirdVox-70k. 
Training set: unit02, unit03, unit05.
Validation set: unit07, unit10.
Test set: unit01.

h5py version: 2.6.0
keras version: 2.0.6
numpy version: 1.13.1
pandas version: 0.20.3
pescador version: 1.0.0
tensorflow version: 1.2.1

____________________________________________________________________________________________________
Layer (type)                     Output Shape          Param #     Connected to                     
====================================================================================================
spec_input (InputLayer)          (None, 128, 104, 1)   0                                            
____________________________________________________________________________________________________
spec_bn (BatchNormalization)     (None, 128, 104, 1)   4           spec_input[0][0]                 
____________________________________________________________________________________________________
spec_conv1 (Conv2D)              (None, 128, 104, 24)  624         spec_bn[0][0]                    
____________________________________________________________________________________________________
bg_input (InputLayer)            (None, 128, 9)        0                                            
____________________________________________________________________________________________________
spec_pool1 (MaxPooling2D)        (None, 64, 26, 24)    0           spec_conv1[0][0]                 
____________________________________________________________________________________________________
bg_pool (AveragePooling1D)       (None, 32, 9)         0           bg_input[0][0]                   
____________________________________________________________________________________________________
spec_conv2 (Conv2D)              (None, 64, 26, 48)    28848       spec_pool1[0][0]                 
____________________________________________________________________________________________________
bg_permute (Permute)             (None, 9, 32)         0           bg_pool[0][0]                    
____________________________________________________________________________________________________
spec_pool2 (MaxPooling2D)        (None, 32, 6, 48)     0           spec_conv2[0][0]                 
____________________________________________________________________________________________________
bg_conv (Conv1D)                 (None, 9, 8)          264         bg_permute[0][0]                 
____________________________________________________________________________________________________
spec_conv3 (Conv2D)              (None, 32, 6, 48)     57648       spec_pool2[0][0]                 
____________________________________________________________________________________________________
bg_flatten (Flatten)             (None, 72)            0           bg_conv[0][0]                    
____________________________________________________________________________________________________
spec_flatten (Flatten)           (None, 9216)          0           spec_conv3[0][0]                 
____________________________________________________________________________________________________
bg_dense1 (Dense)                (None, 16)            1168        bg_flatten[0][0]                 
____________________________________________________________________________________________________
spec_dense1 (Dense)              (None, 64)            589888      spec_flatten[0][0]               
____________________________________________________________________________________________________
bg_dense2 (Dense)                (None, 4)             68          bg_dense1[0][0]                  
____________________________________________________________________________________________________
spec_reshape (Reshape)           (None, 16, 4)         0           spec_dense1[0][0]                
____________________________________________________________________________________________________
bg_reshape (Reshape)             (None, 1, 4)          0           bg_dense2[0][0]                  
____________________________________________________________________________________________________
multiply (Multiply)              (None, 16, 4)         0           spec_reshape[0][0]               
                                                                   bg_reshape[0][0]                 
____________________________________________________________________________________________________
flatten (Flatten)                (None, 64)            0           multiply[0][0]                   
____________________________________________________________________________________________________
dense (Dense)                    (None, 1)             65          flatten[0][0]                    
====================================================================================================
Total params: 678,577
Trainable params: 678,575
Non-trainable params: 2
____________________________________________________________________________________________________
         acc      loss   val_acc  val_loss
0   0.973999  0.097994  0.891968  0.338507
1   0.972900  0.095203  0.954346  0.185337
2   0.975708  0.089785  0.817261  0.511895
3   0.973633  0.095101  0.947388  0.223169
4   0.977173  0.081934  0.941406  0.227225
5   0.975464  0.090692  0.943726  0.225856
6   0.978027  0.077468  0.888672  0.333653
7   0.977051  0.087166  0.899170  0.323301
8   0.981812  0.073406  0.802856  0.901220
9   0.980835  0.071396  0.851562  0.532414
10  0.977661  0.087450  0.941528  0.253296
11  0.975708  0.103280  0.960205  0.207407
12  0.975098  0.097516  0.959473  0.185910
13  0.978516  0.082370  0.952637  0.198148
14  0.978149  0.088138  0.920410  0.276517
15  0.979736  0.078619  0.956421  0.203479
16  0.981079  0.074181  0.930908  0.281008
17  0.980469  0.080774  0.934570  0.251426
18  0.978760  0.086115  0.938477  0.267573
19  0.983154  0.071971  0.918701  0.265353
20  0.986816  0.058430  0.968018  0.166150
21  0.982544  0.069100  0.949829  0.218899
22  0.952515  0.360712  0.898071  1.163298
23  0.747925  0.647856  0.823364  1.810794
24  0.586914  5.680835  0.487305  8.210933
25  0.495972  8.070659  0.499023  8.020044
26  0.493530  8.105892  0.489014  8.176244
27  0.498901  8.017110  0.495728  8.066255
28  0.494385  8.086325  0.494873  8.077238
29  0.504761  7.918395  0.509033  7.849101
30  0.500732  7.980334  0.501587  7.965634
31  0.506348  7.888728  0.491333  8.127111

2017-12-06 09:27:19.686376 Finish.
Total elapsed time: 03:41:13.69.
