2017-12-08 10:53:55.228340: W tensorflow/core/platform/cpu_feature_guard.cc:45] The TensorFlow library wasn't compiled to use SSE4.1 instructions, but these are available on your machine and could speed up CPU computations.
2017-12-08 10:53:55.228673: W tensorflow/core/platform/cpu_feature_guard.cc:45] The TensorFlow library wasn't compiled to use SSE4.2 instructions, but these are available on your machine and could speed up CPU computations.
2017-12-08 10:53:55.228684: W tensorflow/core/platform/cpu_feature_guard.cc:45] The TensorFlow library wasn't compiled to use AVX instructions, but these are available on your machine and could speed up CPU computations.
Using TensorFlow backend.
2017-12-08 10:53:53.007877 Start.
Training Salamon's ICASSP 2017 convnet on BirdVox-70k. 
Training set: unit05, unit07, unit10.
Validation set: unit01, unit02.
Test set: unit03.

h5py version: 2.6.0
keras version: 2.0.6
numpy version: 1.13.1
pandas version: 0.20.3
pescador version: 1.0.0
tensorflow version: 1.2.1

____________________________________________________________________________________________________
Layer (type)                     Output Shape          Param #     Connected to                     
====================================================================================================
spec_input (InputLayer)          (None, 128, 104, 1)   0                                            
____________________________________________________________________________________________________
spec_bn (BatchNormalization)     (None, 128, 104, 1)   4           spec_input[0][0]                 
____________________________________________________________________________________________________
spec_conv1 (Conv2D)              (None, 128, 104, 24)  624         spec_bn[0][0]                    
____________________________________________________________________________________________________
bg_input (InputLayer)            (None, 128, 9)        0                                            
____________________________________________________________________________________________________
spec_pool1 (MaxPooling2D)        (None, 64, 26, 24)    0           spec_conv1[0][0]                 
____________________________________________________________________________________________________
bg_pool (AveragePooling1D)       (None, 32, 9)         0           bg_input[0][0]                   
____________________________________________________________________________________________________
spec_conv2 (Conv2D)              (None, 64, 26, 48)    28848       spec_pool1[0][0]                 
____________________________________________________________________________________________________
bg_permute (Permute)             (None, 9, 32)         0           bg_pool[0][0]                    
____________________________________________________________________________________________________
spec_pool2 (MaxPooling2D)        (None, 32, 6, 48)     0           spec_conv2[0][0]                 
____________________________________________________________________________________________________
bg_conv (Conv1D)                 (None, 9, 8)          264         bg_permute[0][0]                 
____________________________________________________________________________________________________
spec_conv3 (Conv2D)              (None, 32, 6, 48)     57648       spec_pool2[0][0]                 
____________________________________________________________________________________________________
bg_flatten (Flatten)             (None, 72)            0           bg_conv[0][0]                    
____________________________________________________________________________________________________
spec_flatten (Flatten)           (None, 9216)          0           spec_conv3[0][0]                 
____________________________________________________________________________________________________
bg_dense1 (Dense)                (None, 16)            1168        bg_flatten[0][0]                 
____________________________________________________________________________________________________
spec_dense1 (Dense)              (None, 64)            589888      spec_flatten[0][0]               
____________________________________________________________________________________________________
bg_dense2 (Dense)                (None, 4)             68          bg_dense1[0][0]                  
____________________________________________________________________________________________________
spec_reshape (Reshape)           (None, 16, 4)         0           spec_dense1[0][0]                
____________________________________________________________________________________________________
bg_reshape (Reshape)             (None, 1, 4)          0           bg_dense2[0][0]                  
____________________________________________________________________________________________________
multiply (Multiply)              (None, 16, 4)         0           spec_reshape[0][0]               
                                                                   bg_reshape[0][0]                 
____________________________________________________________________________________________________
flatten (Flatten)                (None, 64)            0           multiply[0][0]                   
____________________________________________________________________________________________________
dense (Dense)                    (None, 1)             65          flatten[0][0]                    
====================================================================================================
Total params: 678,577
Trainable params: 678,575
Non-trainable params: 2
____________________________________________________________________________________________________
         acc      loss   val_acc  val_loss
0   0.969604  0.105939  0.697876  2.209358
1   0.973633  0.102792  0.711914  1.528136
2   0.967285  0.119216  0.728394  1.137802
3   0.971313  0.105097  0.700317  1.577325
4   0.973267  0.115270  0.699829  1.154596
5   0.976196  0.085321  0.708740  1.923615
6   0.978027  0.087950  0.714478  1.868564
7   0.963257  0.236276  0.580078  0.652526
8   0.663452  0.631639  0.493042  0.722570
9   0.490845  6.888593  0.493164  8.193542
10  0.505249  7.997250  0.500488  8.072591
11  0.496094  8.142212  0.500122  8.076127
12  0.504150  8.010156  0.499634  8.081950
13  0.498291  8.102672  0.498413  8.099810
14  0.499023  8.089146  0.498779  8.092277
15  0.499023  8.087595  0.495850  8.138023
16  0.501587  8.044871  0.491455  8.207515
17  0.501221  8.049495  0.498657  8.090212
18  0.493286  8.176224  0.492554  8.187482
19  0.510742  7.893810  0.506714  7.958243
20  0.499268  8.077803  0.500122  8.063581
21  0.513062  7.854606  0.491211  8.206392
22  0.510254  7.899081  0.501099  8.046283
23  0.508789  7.921993  0.499146  8.077103
24  0.497925  8.096479  0.502686  8.019454
25  0.494263  8.154947  0.504028  7.997286
26  0.500244  8.058043  0.502686  8.018463
27  0.510010  7.900201  0.507690  7.937382
28  0.511475  7.876204  0.493286  8.169190
29  0.485962  8.287081  0.491943  8.190516
30  0.494019  8.156927  0.499268  8.072187
31  0.494751  8.144864  0.500122  8.058175

2017-12-08 15:02:10.009966 Finish.
Total elapsed time: 04:08:17.01.
