2017-12-08 20:03:23.378790: W tensorflow/core/platform/cpu_feature_guard.cc:45] The TensorFlow library wasn't compiled to use SSE4.1 instructions, but these are available on your machine and could speed up CPU computations.
2017-12-08 20:03:23.379038: W tensorflow/core/platform/cpu_feature_guard.cc:45] The TensorFlow library wasn't compiled to use SSE4.2 instructions, but these are available on your machine and could speed up CPU computations.
2017-12-08 20:03:23.379049: W tensorflow/core/platform/cpu_feature_guard.cc:45] The TensorFlow library wasn't compiled to use AVX instructions, but these are available on your machine and could speed up CPU computations.
2017-12-08 20:03:23.379054: W tensorflow/core/platform/cpu_feature_guard.cc:45] The TensorFlow library wasn't compiled to use AVX2 instructions, but these are available on your machine and could speed up CPU computations.
2017-12-08 20:03:23.379059: W tensorflow/core/platform/cpu_feature_guard.cc:45] The TensorFlow library wasn't compiled to use FMA instructions, but these are available on your machine and could speed up CPU computations.
Using TensorFlow backend.
2017-12-08 20:02:41.071088 Start.
Training Salamon's ICASSP 2017 convnet on BirdVox-70k. 
Training set: unit03, unit05, unit07.
Validation set: unit10, unit01.
Test set: unit02.

h5py version: 2.6.0
keras version: 2.0.6
numpy version: 1.13.1
pandas version: 0.20.3
pescador version: 1.0.0
tensorflow version: 1.2.1

____________________________________________________________________________________________________
Layer (type)                     Output Shape          Param #     Connected to                     
====================================================================================================
spec_input (InputLayer)          (None, 128, 104, 1)   0                                            
____________________________________________________________________________________________________
spec_bn (BatchNormalization)     (None, 128, 104, 1)   4           spec_input[0][0]                 
____________________________________________________________________________________________________
spec_conv1 (Conv2D)              (None, 128, 104, 24)  624         spec_bn[0][0]                    
____________________________________________________________________________________________________
bg_input (InputLayer)            (None, 128, 9)        0                                            
____________________________________________________________________________________________________
spec_pool1 (MaxPooling2D)        (None, 64, 26, 24)    0           spec_conv1[0][0]                 
____________________________________________________________________________________________________
bg_pool (AveragePooling1D)       (None, 32, 9)         0           bg_input[0][0]                   
____________________________________________________________________________________________________
spec_conv2 (Conv2D)              (None, 64, 26, 48)    28848       spec_pool1[0][0]                 
____________________________________________________________________________________________________
bg_permute (Permute)             (None, 9, 32)         0           bg_pool[0][0]                    
____________________________________________________________________________________________________
spec_pool2 (MaxPooling2D)        (None, 32, 6, 48)     0           spec_conv2[0][0]                 
____________________________________________________________________________________________________
bg_conv (Conv1D)                 (None, 9, 8)          264         bg_permute[0][0]                 
____________________________________________________________________________________________________
spec_conv3 (Conv2D)              (None, 32, 6, 48)     57648       spec_pool2[0][0]                 
____________________________________________________________________________________________________
bg_flatten (Flatten)             (None, 72)            0           bg_conv[0][0]                    
____________________________________________________________________________________________________
spec_flatten (Flatten)           (None, 9216)          0           spec_conv3[0][0]                 
____________________________________________________________________________________________________
bg_dense1 (Dense)                (None, 16)            1168        bg_flatten[0][0]                 
____________________________________________________________________________________________________
spec_dense1 (Dense)              (None, 64)            589888      spec_flatten[0][0]               
____________________________________________________________________________________________________
bg_dense2 (Dense)                (None, 4)             68          bg_dense1[0][0]                  
____________________________________________________________________________________________________
spec_reshape (Reshape)           (None, 16, 4)         0           spec_dense1[0][0]                
____________________________________________________________________________________________________
bg_reshape (Reshape)             (None, 1, 4)          0           bg_dense2[0][0]                  
____________________________________________________________________________________________________
multiply (Multiply)              (None, 16, 4)         0           spec_reshape[0][0]               
                                                                   bg_reshape[0][0]                 
____________________________________________________________________________________________________
flatten (Flatten)                (None, 64)            0           multiply[0][0]                   
____________________________________________________________________________________________________
dense (Dense)                    (None, 1)             65          flatten[0][0]                    
====================================================================================================
Total params: 678,577
Trainable params: 678,575
Non-trainable params: 2
____________________________________________________________________________________________________
         acc      loss   val_acc  val_loss
0   0.955322  0.133834  0.783203  0.584286
1   0.959717  0.125710  0.787476  0.666751
2   0.965332  0.113572  0.755737  0.715353
3   0.966064  0.115695  0.780151  0.574186
4   0.966675  0.103652  0.792480  0.586625
5   0.970093  0.097575  0.767334  0.812898
6   0.973267  0.092102  0.765015  0.591676
7   0.971558  0.092295  0.762451  0.876816
8   0.968140  0.105491  0.780762  0.665876
9   0.974731  0.087972  0.866089  0.594330
10  0.971680  0.104539  0.824585  0.544859
11  0.974243  0.089330  0.833618  0.566519
12  0.969360  0.100598  0.839844  0.582049
13  0.975708  0.081816  0.808472  0.791335
14  0.975464  0.088759  0.804932  0.786527
15  0.975830  0.090935  0.812744  0.764784
16  0.972778  0.093143  0.821899  1.062125
17  0.971924  0.102359  0.796753  0.501026
18  0.973877  0.101145  0.810181  0.869760
19  0.958618  0.192827  0.753906  0.724437
20  0.974121  0.111627  0.753540  0.778323
21  0.976685  0.093449  0.721680  0.845568
22  0.979126  0.087595  0.757935  0.731983
23  0.976196  0.092059  0.791992  0.504874
24  0.979370  0.085564  0.747925  0.509811
25  0.977783  0.082224  0.754883  0.642848
26  0.976196  0.087877  0.767212  0.597091
27  0.977539  0.086376  0.739380  0.722815
28  0.976440  0.084651  0.707764  0.709334
29  0.979370  0.079298  0.733154  0.673620
30  0.976807  0.084363  0.747437  0.662845
31  0.977173  0.080834  0.758789  0.694746

2017-12-09 00:26:44.201538 Finish.
Total elapsed time: 04:24:03.20.
