2017-12-08 20:03:21.859745: W tensorflow/core/platform/cpu_feature_guard.cc:45] The TensorFlow library wasn't compiled to use SSE4.1 instructions, but these are available on your machine and could speed up CPU computations.
2017-12-08 20:03:21.860238: W tensorflow/core/platform/cpu_feature_guard.cc:45] The TensorFlow library wasn't compiled to use SSE4.2 instructions, but these are available on your machine and could speed up CPU computations.
2017-12-08 20:03:21.860251: W tensorflow/core/platform/cpu_feature_guard.cc:45] The TensorFlow library wasn't compiled to use AVX instructions, but these are available on your machine and could speed up CPU computations.
Using TensorFlow backend.
2017-12-08 20:02:57.446043 Start.
Training Salamon's ICASSP 2017 convnet on BirdVox-70k. 
Training set: unit02, unit03, unit05.
Validation set: unit07, unit10.
Test set: unit01.

h5py version: 2.6.0
keras version: 2.0.6
numpy version: 1.13.1
pandas version: 0.20.3
pescador version: 1.0.0
tensorflow version: 1.2.1

____________________________________________________________________________________________________
Layer (type)                     Output Shape          Param #     Connected to                     
====================================================================================================
spec_input (InputLayer)          (None, 128, 104, 1)   0                                            
____________________________________________________________________________________________________
spec_bn (BatchNormalization)     (None, 128, 104, 1)   4           spec_input[0][0]                 
____________________________________________________________________________________________________
spec_conv1 (Conv2D)              (None, 128, 104, 24)  624         spec_bn[0][0]                    
____________________________________________________________________________________________________
bg_input (InputLayer)            (None, 128, 9)        0                                            
____________________________________________________________________________________________________
spec_pool1 (MaxPooling2D)        (None, 64, 26, 24)    0           spec_conv1[0][0]                 
____________________________________________________________________________________________________
bg_pool (AveragePooling1D)       (None, 32, 9)         0           bg_input[0][0]                   
____________________________________________________________________________________________________
spec_conv2 (Conv2D)              (None, 64, 26, 48)    28848       spec_pool1[0][0]                 
____________________________________________________________________________________________________
bg_permute (Permute)             (None, 9, 32)         0           bg_pool[0][0]                    
____________________________________________________________________________________________________
spec_pool2 (MaxPooling2D)        (None, 32, 6, 48)     0           spec_conv2[0][0]                 
____________________________________________________________________________________________________
bg_conv (Conv1D)                 (None, 9, 8)          264         bg_permute[0][0]                 
____________________________________________________________________________________________________
spec_conv3 (Conv2D)              (None, 32, 6, 48)     57648       spec_pool2[0][0]                 
____________________________________________________________________________________________________
bg_flatten (Flatten)             (None, 72)            0           bg_conv[0][0]                    
____________________________________________________________________________________________________
spec_flatten (Flatten)           (None, 9216)          0           spec_conv3[0][0]                 
____________________________________________________________________________________________________
bg_dense1 (Dense)                (None, 16)            1168        bg_flatten[0][0]                 
____________________________________________________________________________________________________
spec_dense1 (Dense)              (None, 64)            589888      spec_flatten[0][0]               
____________________________________________________________________________________________________
bg_dense2 (Dense)                (None, 4)             68          bg_dense1[0][0]                  
____________________________________________________________________________________________________
spec_reshape (Reshape)           (None, 16, 4)         0           spec_dense1[0][0]                
____________________________________________________________________________________________________
bg_reshape (Reshape)             (None, 1, 4)          0           bg_dense2[0][0]                  
____________________________________________________________________________________________________
multiply (Multiply)              (None, 16, 4)         0           spec_reshape[0][0]               
                                                                   bg_reshape[0][0]                 
____________________________________________________________________________________________________
flatten (Flatten)                (None, 64)            0           multiply[0][0]                   
____________________________________________________________________________________________________
dense (Dense)                    (None, 1)             65          flatten[0][0]                    
====================================================================================================
Total params: 678,577
Trainable params: 678,575
Non-trainable params: 2
____________________________________________________________________________________________________
         acc      loss   val_acc  val_loss
0   0.498657  0.694685  0.506226  0.693943
1   0.490845  0.711265  0.490356  0.700660
2   0.494995  3.682046  0.506958  7.953680
3   0.504272  7.995841  0.506470  7.959519
4   0.500488  8.055293  0.507568  7.940618
5   0.496704  8.115294  0.492676  8.179827
6   0.502441  8.022100  0.497070  8.108373
7   0.497070  8.108122  0.501343  8.039025
8   0.497925  8.093918  0.495361  8.135052
9   0.494507  8.148669  0.501343  8.038340
10  0.484375  8.311705  0.496582  8.114836
11  0.490112  8.219019  0.500000  8.059558
12  0.501587  8.033905  0.512695  7.854789
13  0.499634  8.065259  0.510376  7.892063
14  0.500366  8.053359  0.495850  8.126119
15  0.503906  7.996230  0.501587  8.033585
16  0.498169  8.088655  0.497070  8.106343
17  0.493164  8.169289  0.504517  7.986295
18  0.498657  8.080727  0.497437  8.100394
19  0.505371  7.964908  0.495728  8.069097
20  0.501587  7.971692  0.497314  8.034095
21  0.501465  7.964277  0.495117  8.062397
22  0.506226  7.883082  0.501587  7.955096
23  0.498535  8.002282  0.494263  8.069095
24  0.496216  8.036951  0.502441  7.936801
25  0.498901  7.992532  0.489624  8.139801
26  0.501831  7.944692  0.497192  8.018193
27  0.494385  8.062597  0.507568  7.852099
28  0.503540  7.916066  0.495239  8.048172
29  0.505371  7.886467  0.494629  8.057561
30  0.488159  8.160577  0.506226  7.872442
31  0.496460  8.028041  0.500732  7.959849

2017-12-09 01:06:32.830588 Finish.
Total elapsed time: 05:03:35.83.
