2017-12-06 01:57:53.083093: W tensorflow/core/platform/cpu_feature_guard.cc:45] The TensorFlow library wasn't compiled to use SSE4.1 instructions, but these are available on your machine and could speed up CPU computations.
2017-12-06 01:57:53.083348: W tensorflow/core/platform/cpu_feature_guard.cc:45] The TensorFlow library wasn't compiled to use SSE4.2 instructions, but these are available on your machine and could speed up CPU computations.
2017-12-06 01:57:53.083357: W tensorflow/core/platform/cpu_feature_guard.cc:45] The TensorFlow library wasn't compiled to use AVX instructions, but these are available on your machine and could speed up CPU computations.
2017-12-06 01:57:53.083362: W tensorflow/core/platform/cpu_feature_guard.cc:45] The TensorFlow library wasn't compiled to use AVX2 instructions, but these are available on your machine and could speed up CPU computations.
2017-12-06 01:57:53.083366: W tensorflow/core/platform/cpu_feature_guard.cc:45] The TensorFlow library wasn't compiled to use FMA instructions, but these are available on your machine and could speed up CPU computations.
Using TensorFlow backend.
2017-12-06 01:57:50.835462 Start.
Training Salamon's ICASSP 2017 convnet on BirdVox-70k. 
Training set: unit02, unit03, unit05.
Validation set: unit07, unit10.
Test set: unit01.

h5py version: 2.6.0
keras version: 2.0.6
numpy version: 1.13.1
pandas version: 0.20.3
pescador version: 1.0.0
tensorflow version: 1.2.1

____________________________________________________________________________________________________
Layer (type)                     Output Shape          Param #     Connected to                     
====================================================================================================
spec_input (InputLayer)          (None, 128, 104, 1)   0                                            
____________________________________________________________________________________________________
spec_bn (BatchNormalization)     (None, 128, 104, 1)   4           spec_input[0][0]                 
____________________________________________________________________________________________________
spec_conv1 (Conv2D)              (None, 128, 104, 24)  624         spec_bn[0][0]                    
____________________________________________________________________________________________________
bg_input (InputLayer)            (None, 128, 9)        0                                            
____________________________________________________________________________________________________
spec_pool1 (MaxPooling2D)        (None, 64, 26, 24)    0           spec_conv1[0][0]                 
____________________________________________________________________________________________________
bg_pool (AveragePooling1D)       (None, 32, 9)         0           bg_input[0][0]                   
____________________________________________________________________________________________________
spec_conv2 (Conv2D)              (None, 64, 26, 48)    28848       spec_pool1[0][0]                 
____________________________________________________________________________________________________
bg_permute (Permute)             (None, 9, 32)         0           bg_pool[0][0]                    
____________________________________________________________________________________________________
spec_pool2 (MaxPooling2D)        (None, 32, 6, 48)     0           spec_conv2[0][0]                 
____________________________________________________________________________________________________
bg_conv (Conv1D)                 (None, 9, 8)          264         bg_permute[0][0]                 
____________________________________________________________________________________________________
spec_conv3 (Conv2D)              (None, 32, 6, 48)     57648       spec_pool2[0][0]                 
____________________________________________________________________________________________________
bg_flatten (Flatten)             (None, 72)            0           bg_conv[0][0]                    
____________________________________________________________________________________________________
spec_flatten (Flatten)           (None, 9216)          0           spec_conv3[0][0]                 
____________________________________________________________________________________________________
bg_dense1 (Dense)                (None, 16)            1168        bg_flatten[0][0]                 
____________________________________________________________________________________________________
spec_dense1 (Dense)              (None, 64)            589888      spec_flatten[0][0]               
____________________________________________________________________________________________________
bg_dense2 (Dense)                (None, 4)             68          bg_dense1[0][0]                  
____________________________________________________________________________________________________
spec_reshape (Reshape)           (None, 16, 4)         0           spec_dense1[0][0]                
____________________________________________________________________________________________________
bg_reshape (Reshape)             (None, 1, 4)          0           bg_dense2[0][0]                  
____________________________________________________________________________________________________
multiply (Multiply)              (None, 16, 4)         0           spec_reshape[0][0]               
                                                                   bg_reshape[0][0]                 
____________________________________________________________________________________________________
flatten (Flatten)                (None, 64)            0           multiply[0][0]                   
____________________________________________________________________________________________________
dense (Dense)                    (None, 1)             65          flatten[0][0]                    
====================================================================================================
Total params: 678,577
Trainable params: 678,575
Non-trainable params: 2
____________________________________________________________________________________________________
         acc      loss   val_acc  val_loss
0   0.970459  0.096048  0.935181  0.208869
1   0.972534  0.089524  0.899902  0.258950
2   0.972412  0.088425  0.906738  0.235975
3   0.974976  0.085357  0.936157  0.180403
4   0.972900  0.092939  0.963623  0.160736
5   0.977417  0.077508  0.920532  0.223990
6   0.976318  0.077949  0.940918  0.174191
7   0.979492  0.074283  0.967285  0.142434
8   0.979492  0.077382  0.906006  0.331455
9   0.978516  0.077996  0.957642  0.145781
10  0.983521  0.065857  0.946533  0.168518
11  0.981445  0.069219  0.903809  0.263545
12  0.979858  0.074990  0.941284  0.178592
13  0.982910  0.069432  0.925293  0.229570
14  0.981812  0.071700  0.904907  0.282845
15  0.982178  0.068386  0.903198  0.275696
16  0.982544  0.069648  0.937744  0.210386
17  0.978394  0.078558  0.964233  0.168044
18  0.981445  0.070357  0.967529  0.162976
19  0.984009  0.063706  0.949341  0.237201
20  0.978394  0.076349  0.936401  0.232563
21  0.980835  0.070615  0.961548  0.179401
22  0.982300  0.065025  0.944214  0.209649
23  0.983032  0.070279  0.925903  0.211609
24  0.982666  0.070288  0.889648  0.340270
25  0.981445  0.065436  0.884888  0.314886
26  0.982666  0.071108  0.833130  0.464004
27  0.981323  0.078526  0.954956  0.204795
28  0.985352  0.066776  0.916382  0.250190
29  0.984619  0.064292  0.936646  0.210616
30  0.983154  0.067031  0.963013  0.156632
31  0.983398  0.062746  0.962158  0.163259

2017-12-06 05:39:46.325317 Finish.
Total elapsed time: 03:41:56.33.
