2017-12-08 10:54:26.279439: W tensorflow/core/platform/cpu_feature_guard.cc:45] The TensorFlow library wasn't compiled to use SSE4.1 instructions, but these are available on your machine and could speed up CPU computations.
2017-12-08 10:54:26.279712: W tensorflow/core/platform/cpu_feature_guard.cc:45] The TensorFlow library wasn't compiled to use SSE4.2 instructions, but these are available on your machine and could speed up CPU computations.
2017-12-08 10:54:26.279725: W tensorflow/core/platform/cpu_feature_guard.cc:45] The TensorFlow library wasn't compiled to use AVX instructions, but these are available on your machine and could speed up CPU computations.
Using TensorFlow backend.
2017-12-08 10:54:24.096161 Start.
Training Salamon's ICASSP 2017 convnet on BirdVox-70k. 
Training set: unit10, unit01, unit02.
Validation set: unit03, unit05.
Test set: unit07.

h5py version: 2.6.0
keras version: 2.0.6
numpy version: 1.13.1
pandas version: 0.20.3
pescador version: 1.0.0
tensorflow version: 1.2.1

____________________________________________________________________________________________________
Layer (type)                     Output Shape          Param #     Connected to                     
====================================================================================================
spec_input (InputLayer)          (None, 128, 104, 1)   0                                            
____________________________________________________________________________________________________
spec_bn (BatchNormalization)     (None, 128, 104, 1)   4           spec_input[0][0]                 
____________________________________________________________________________________________________
spec_conv1 (Conv2D)              (None, 128, 104, 24)  624         spec_bn[0][0]                    
____________________________________________________________________________________________________
bg_input (InputLayer)            (None, 128, 9)        0                                            
____________________________________________________________________________________________________
spec_pool1 (MaxPooling2D)        (None, 64, 26, 24)    0           spec_conv1[0][0]                 
____________________________________________________________________________________________________
bg_pool (AveragePooling1D)       (None, 32, 9)         0           bg_input[0][0]                   
____________________________________________________________________________________________________
spec_conv2 (Conv2D)              (None, 64, 26, 48)    28848       spec_pool1[0][0]                 
____________________________________________________________________________________________________
bg_permute (Permute)             (None, 9, 32)         0           bg_pool[0][0]                    
____________________________________________________________________________________________________
spec_pool2 (MaxPooling2D)        (None, 32, 6, 48)     0           spec_conv2[0][0]                 
____________________________________________________________________________________________________
bg_conv (Conv1D)                 (None, 9, 8)          264         bg_permute[0][0]                 
____________________________________________________________________________________________________
spec_conv3 (Conv2D)              (None, 32, 6, 48)     57648       spec_pool2[0][0]                 
____________________________________________________________________________________________________
bg_flatten (Flatten)             (None, 72)            0           bg_conv[0][0]                    
____________________________________________________________________________________________________
spec_flatten (Flatten)           (None, 9216)          0           spec_conv3[0][0]                 
____________________________________________________________________________________________________
bg_dense1 (Dense)                (None, 16)            1168        bg_flatten[0][0]                 
____________________________________________________________________________________________________
spec_dense1 (Dense)              (None, 64)            589888      spec_flatten[0][0]               
____________________________________________________________________________________________________
bg_dense2 (Dense)                (None, 4)             68          bg_dense1[0][0]                  
____________________________________________________________________________________________________
spec_reshape (Reshape)           (None, 16, 4)         0           spec_dense1[0][0]                
____________________________________________________________________________________________________
bg_reshape (Reshape)             (None, 1, 4)          0           bg_dense2[0][0]                  
____________________________________________________________________________________________________
multiply (Multiply)              (None, 16, 4)         0           spec_reshape[0][0]               
                                                                   bg_reshape[0][0]                 
____________________________________________________________________________________________________
flatten (Flatten)                (None, 64)            0           multiply[0][0]                   
____________________________________________________________________________________________________
dense (Dense)                    (None, 1)             65          flatten[0][0]                    
====================================================================================================
Total params: 678,577
Trainable params: 678,575
Non-trainable params: 2
____________________________________________________________________________________________________
         acc      loss   val_acc  val_loss
0   0.498169  8.012222  0.496460  8.037308
1   0.500977  7.963539  0.500732  7.965835
2   0.490112  8.133887  0.504272  7.907021
3   0.510620  7.804973  0.502319  7.936563
4   0.497803  8.008022  0.504761  7.896624
5   0.507446  7.853477  0.499512  7.979691
6   0.498169  8.000906  0.497925  8.004639
7   0.498291  7.998696  0.499512  7.979150
8   0.497314  8.014126  0.500488  7.963486
9   0.496338  8.029627  0.497314  8.014039
10  0.508911  7.829149  0.499390  7.980936
11  0.497559  8.142494  0.502441  8.058648
12  0.508545  7.954385  0.500122  8.085138
13  0.507202  7.967271  0.500244  8.076081
14  0.496338  8.136408  0.514038  7.848730
15  0.489990  8.234409  0.503418  8.016218
16  0.502686  8.026578  0.503906  8.005573
17  0.513550  7.849034  0.497314  8.109696
18  0.502808  8.020304  0.500732  8.052962
19  0.500854  8.050330  0.493530  8.167766
20  0.497192  8.108221  0.504150  7.995590
21  0.500610  8.052243  0.491821  8.193529
22  0.494019  8.157797  0.500854  8.047322
23  0.502197  8.025432  0.498169  8.090133
24  0.489624  8.227669  0.509277  7.910718
25  0.500488  8.052232  0.500366  8.054062
26  0.502563  8.018531  0.497803  8.095158
27  0.501465  8.036042  0.497192  8.104823
28  0.505615  7.968993  0.503052  8.010247
29  0.496094  8.122343  0.508301  7.925539
30  0.501099  8.041583  0.502808  8.013999
31  0.503540  8.002162  0.504517  7.986393

2017-12-08 15:03:17.015268 Finish.
Total elapsed time: 04:08:53.02.
