2017-12-06 05:37:44.270732: W tensorflow/core/platform/cpu_feature_guard.cc:45] The TensorFlow library wasn't compiled to use SSE4.1 instructions, but these are available on your machine and could speed up CPU computations.
2017-12-06 05:37:44.271074: W tensorflow/core/platform/cpu_feature_guard.cc:45] The TensorFlow library wasn't compiled to use SSE4.2 instructions, but these are available on your machine and could speed up CPU computations.
2017-12-06 05:37:44.271084: W tensorflow/core/platform/cpu_feature_guard.cc:45] The TensorFlow library wasn't compiled to use AVX instructions, but these are available on your machine and could speed up CPU computations.
2017-12-06 05:37:44.271088: W tensorflow/core/platform/cpu_feature_guard.cc:45] The TensorFlow library wasn't compiled to use AVX2 instructions, but these are available on your machine and could speed up CPU computations.
2017-12-06 05:37:44.271092: W tensorflow/core/platform/cpu_feature_guard.cc:45] The TensorFlow library wasn't compiled to use FMA instructions, but these are available on your machine and could speed up CPU computations.
Using TensorFlow backend.
2017-12-06 05:37:42.286575 Start.
Training Salamon's ICASSP 2017 convnet on BirdVox-70k. 
Training set: unit07, unit10, unit01.
Validation set: unit02, unit03.
Test set: unit05.

h5py version: 2.6.0
keras version: 2.0.6
numpy version: 1.13.1
pandas version: 0.20.3
pescador version: 1.0.0
tensorflow version: 1.2.1

____________________________________________________________________________________________________
Layer (type)                     Output Shape          Param #     Connected to                     
====================================================================================================
spec_input (InputLayer)          (None, 128, 104, 1)   0                                            
____________________________________________________________________________________________________
spec_bn (BatchNormalization)     (None, 128, 104, 1)   4           spec_input[0][0]                 
____________________________________________________________________________________________________
spec_conv1 (Conv2D)              (None, 128, 104, 24)  624         spec_bn[0][0]                    
____________________________________________________________________________________________________
bg_input (InputLayer)            (None, 128, 9)        0                                            
____________________________________________________________________________________________________
spec_pool1 (MaxPooling2D)        (None, 64, 26, 24)    0           spec_conv1[0][0]                 
____________________________________________________________________________________________________
bg_pool (AveragePooling1D)       (None, 32, 9)         0           bg_input[0][0]                   
____________________________________________________________________________________________________
spec_conv2 (Conv2D)              (None, 64, 26, 48)    28848       spec_pool1[0][0]                 
____________________________________________________________________________________________________
bg_permute (Permute)             (None, 9, 32)         0           bg_pool[0][0]                    
____________________________________________________________________________________________________
spec_pool2 (MaxPooling2D)        (None, 32, 6, 48)     0           spec_conv2[0][0]                 
____________________________________________________________________________________________________
bg_conv (Conv1D)                 (None, 9, 8)          264         bg_permute[0][0]                 
____________________________________________________________________________________________________
spec_conv3 (Conv2D)              (None, 32, 6, 48)     57648       spec_pool2[0][0]                 
____________________________________________________________________________________________________
bg_flatten (Flatten)             (None, 72)            0           bg_conv[0][0]                    
____________________________________________________________________________________________________
spec_flatten (Flatten)           (None, 9216)          0           spec_conv3[0][0]                 
____________________________________________________________________________________________________
bg_dense1 (Dense)                (None, 16)            1168        bg_flatten[0][0]                 
____________________________________________________________________________________________________
spec_dense1 (Dense)              (None, 64)            589888      spec_flatten[0][0]               
____________________________________________________________________________________________________
bg_dense2 (Dense)                (None, 4)             68          bg_dense1[0][0]                  
____________________________________________________________________________________________________
spec_reshape (Reshape)           (None, 16, 4)         0           spec_dense1[0][0]                
____________________________________________________________________________________________________
bg_reshape (Reshape)             (None, 1, 4)          0           bg_dense2[0][0]                  
____________________________________________________________________________________________________
multiply (Multiply)              (None, 16, 4)         0           spec_reshape[0][0]               
                                                                   bg_reshape[0][0]                 
____________________________________________________________________________________________________
flatten (Flatten)                (None, 64)            0           multiply[0][0]                   
____________________________________________________________________________________________________
dense (Dense)                    (None, 1)             65          flatten[0][0]                    
====================================================================================================
Total params: 678,577
Trainable params: 678,575
Non-trainable params: 2
____________________________________________________________________________________________________
         acc      loss   val_acc  val_loss
0   0.494629  8.155360  0.498535  8.091558
1   0.503296  8.014066  0.503540  8.009401
2   0.504150  7.998902  0.493286  8.173377
3   0.496460  8.121647  0.509888  7.904668
4   0.505859  7.969106  0.503540  8.006022
5   0.502075  8.029219  0.494873  8.144913
6   0.502075  8.028486  0.497803  8.097028
7   0.500854  8.047561  0.493652  8.163385
8   0.502563  8.019531  0.504150  7.993744
9   0.493652  8.162776  0.497192  8.105552
10  0.495605  8.130992  0.485474  8.294169
11  0.500854  8.046151  0.492798  8.175909
12  0.494873  8.142377  0.502686  8.016377
13  0.501953  8.028117  0.494385  8.150044
14  0.494751  8.144090  0.492554  8.179459
15  0.495850  8.126295  0.500977  8.043620
16  0.502197  8.013395  0.499878  8.004068
17  0.496460  8.050338  0.495850  8.054076
18  0.491455  8.120732  0.504517  7.909738
19  0.497070  8.026567  0.499634  7.984086
20  0.495239  8.052956  0.505005  7.896223
21  0.502197  7.940182  0.506592  7.869410
22  0.497437  8.014812  0.500122  7.971502
23  0.502808  7.928301  0.507568  7.852058
24  0.492676  8.089213  0.501465  7.948855
25  0.481079  8.273668  0.498291  7.999105
26  0.494995  8.051525  0.498169  8.000817
27  0.498413  7.996841  0.513550  7.755452
28  0.496948  8.020066  0.497803  8.006396
29  0.498901  7.988845  0.503296  7.918755
30  0.503540  7.914840  0.495850  8.037424
31  0.497559  8.010165  0.503052  7.922578

2017-12-06 09:31:49.886443 Finish.
Total elapsed time: 03:54:07.89.
