2017-12-08 20:03:16.862729: W tensorflow/core/platform/cpu_feature_guard.cc:45] The TensorFlow library wasn't compiled to use SSE4.1 instructions, but these are available on your machine and could speed up CPU computations.
2017-12-08 20:03:16.863174: W tensorflow/core/platform/cpu_feature_guard.cc:45] The TensorFlow library wasn't compiled to use SSE4.2 instructions, but these are available on your machine and could speed up CPU computations.
2017-12-08 20:03:16.863192: W tensorflow/core/platform/cpu_feature_guard.cc:45] The TensorFlow library wasn't compiled to use AVX instructions, but these are available on your machine and could speed up CPU computations.
Using TensorFlow backend.
2017-12-08 20:02:57.445608 Start.
Training Salamon's ICASSP 2017 convnet on BirdVox-70k. 
Training set: unit07, unit10, unit01.
Validation set: unit02, unit03.
Test set: unit05.

h5py version: 2.6.0
keras version: 2.0.6
numpy version: 1.13.1
pandas version: 0.20.3
pescador version: 1.0.0
tensorflow version: 1.2.1

____________________________________________________________________________________________________
Layer (type)                     Output Shape          Param #     Connected to                     
====================================================================================================
spec_input (InputLayer)          (None, 128, 104, 1)   0                                            
____________________________________________________________________________________________________
spec_bn (BatchNormalization)     (None, 128, 104, 1)   4           spec_input[0][0]                 
____________________________________________________________________________________________________
spec_conv1 (Conv2D)              (None, 128, 104, 24)  624         spec_bn[0][0]                    
____________________________________________________________________________________________________
bg_input (InputLayer)            (None, 128, 9)        0                                            
____________________________________________________________________________________________________
spec_pool1 (MaxPooling2D)        (None, 64, 26, 24)    0           spec_conv1[0][0]                 
____________________________________________________________________________________________________
bg_pool (AveragePooling1D)       (None, 32, 9)         0           bg_input[0][0]                   
____________________________________________________________________________________________________
spec_conv2 (Conv2D)              (None, 64, 26, 48)    28848       spec_pool1[0][0]                 
____________________________________________________________________________________________________
bg_permute (Permute)             (None, 9, 32)         0           bg_pool[0][0]                    
____________________________________________________________________________________________________
spec_pool2 (MaxPooling2D)        (None, 32, 6, 48)     0           spec_conv2[0][0]                 
____________________________________________________________________________________________________
bg_conv (Conv1D)                 (None, 9, 8)          264         bg_permute[0][0]                 
____________________________________________________________________________________________________
spec_conv3 (Conv2D)              (None, 32, 6, 48)     57648       spec_pool2[0][0]                 
____________________________________________________________________________________________________
bg_flatten (Flatten)             (None, 72)            0           bg_conv[0][0]                    
____________________________________________________________________________________________________
spec_flatten (Flatten)           (None, 9216)          0           spec_conv3[0][0]                 
____________________________________________________________________________________________________
bg_dense1 (Dense)                (None, 16)            1168        bg_flatten[0][0]                 
____________________________________________________________________________________________________
spec_dense1 (Dense)              (None, 64)            589888      spec_flatten[0][0]               
____________________________________________________________________________________________________
bg_dense2 (Dense)                (None, 4)             68          bg_dense1[0][0]                  
____________________________________________________________________________________________________
spec_reshape (Reshape)           (None, 16, 4)         0           spec_dense1[0][0]                
____________________________________________________________________________________________________
bg_reshape (Reshape)             (None, 1, 4)          0           bg_dense2[0][0]                  
____________________________________________________________________________________________________
multiply (Multiply)              (None, 16, 4)         0           spec_reshape[0][0]               
                                                                   bg_reshape[0][0]                 
____________________________________________________________________________________________________
flatten (Flatten)                (None, 64)            0           multiply[0][0]                   
____________________________________________________________________________________________________
dense (Dense)                    (None, 1)             65          flatten[0][0]                    
====================================================================================================
Total params: 678,577
Trainable params: 678,575
Non-trainable params: 2
____________________________________________________________________________________________________
         acc      loss   val_acc  val_loss
0   0.506714  0.696103  0.494019  0.695591
1   0.502197  7.539752  0.499512  7.981049
2   0.504272  7.904487  0.503052  7.923480
3   0.504150  7.905713  0.491699  8.104017
4   0.500366  7.976337  0.498169  8.101325
5   0.502197  8.032603  0.494385  8.155786
6   0.507446  7.943680  0.511108  7.883385
7   0.511963  7.868788  0.499878  8.062894
8   0.506104  7.962094  0.511230  7.879078
9   0.500122  8.057870  0.499878  8.061593
10  0.495483  8.132283  0.501587  8.033788
11  0.499634  8.065190  0.497437  8.100541
12  0.503296  8.006056  0.493164  8.169326
13  0.500244  8.022462  0.492432  8.125370
14  0.500732  7.991273  0.512451  7.802789
15  0.497925  8.032914  0.490234  8.154124
16  0.501343  7.975785  0.505371  7.910371
17  0.503906  7.932651  0.501343  7.972487
18  0.495239  8.068857  0.504150  7.925893
19  0.500977  7.975672  0.498047  8.021586
20  0.504883  7.911881  0.497437  8.029889
21  0.502686  7.945559  0.502075  7.954659
22  0.501831  7.957964  0.504028  7.922361
23  0.501343  7.964638  0.501221  7.966057
24  0.501465  7.961667  0.497803  8.019560
25  0.508667  7.845891  0.508057  7.855160
26  0.506714  7.876125  0.491699  8.115056
27  0.504272  7.914187  0.497437  8.022749
28  0.495239  8.057373  0.497803  8.016101
29  0.494507  8.068254  0.497314  8.023104
30  0.508667  7.841739  0.505615  7.890014
31  0.496582  8.033660  0.491333  8.116978

2017-12-09 01:06:56.882597 Finish.
Total elapsed time: 05:03:59.88.
