2017-12-08 20:03:20.570901: W tensorflow/core/platform/cpu_feature_guard.cc:45] The TensorFlow library wasn't compiled to use SSE4.1 instructions, but these are available on your machine and could speed up CPU computations.
2017-12-08 20:03:20.571266: W tensorflow/core/platform/cpu_feature_guard.cc:45] The TensorFlow library wasn't compiled to use SSE4.2 instructions, but these are available on your machine and could speed up CPU computations.
2017-12-08 20:03:20.571280: W tensorflow/core/platform/cpu_feature_guard.cc:45] The TensorFlow library wasn't compiled to use AVX instructions, but these are available on your machine and could speed up CPU computations.
Using TensorFlow backend.
2017-12-08 20:02:57.445583 Start.
Training Salamon's ICASSP 2017 convnet on BirdVox-70k. 
Training set: unit01, unit02, unit03.
Validation set: unit05, unit07.
Test set: unit10.

h5py version: 2.6.0
keras version: 2.0.6
numpy version: 1.13.1
pandas version: 0.20.3
pescador version: 1.0.0
tensorflow version: 1.2.1

____________________________________________________________________________________________________
Layer (type)                     Output Shape          Param #     Connected to                     
====================================================================================================
spec_input (InputLayer)          (None, 128, 104, 1)   0                                            
____________________________________________________________________________________________________
spec_bn (BatchNormalization)     (None, 128, 104, 1)   4           spec_input[0][0]                 
____________________________________________________________________________________________________
spec_conv1 (Conv2D)              (None, 128, 104, 24)  624         spec_bn[0][0]                    
____________________________________________________________________________________________________
bg_input (InputLayer)            (None, 128, 9)        0                                            
____________________________________________________________________________________________________
spec_pool1 (MaxPooling2D)        (None, 64, 26, 24)    0           spec_conv1[0][0]                 
____________________________________________________________________________________________________
bg_pool (AveragePooling1D)       (None, 32, 9)         0           bg_input[0][0]                   
____________________________________________________________________________________________________
spec_conv2 (Conv2D)              (None, 64, 26, 48)    28848       spec_pool1[0][0]                 
____________________________________________________________________________________________________
bg_permute (Permute)             (None, 9, 32)         0           bg_pool[0][0]                    
____________________________________________________________________________________________________
spec_pool2 (MaxPooling2D)        (None, 32, 6, 48)     0           spec_conv2[0][0]                 
____________________________________________________________________________________________________
bg_conv (Conv1D)                 (None, 9, 8)          264         bg_permute[0][0]                 
____________________________________________________________________________________________________
spec_conv3 (Conv2D)              (None, 32, 6, 48)     57648       spec_pool2[0][0]                 
____________________________________________________________________________________________________
bg_flatten (Flatten)             (None, 72)            0           bg_conv[0][0]                    
____________________________________________________________________________________________________
spec_flatten (Flatten)           (None, 9216)          0           spec_conv3[0][0]                 
____________________________________________________________________________________________________
bg_dense1 (Dense)                (None, 16)            1168        bg_flatten[0][0]                 
____________________________________________________________________________________________________
spec_dense1 (Dense)              (None, 64)            589888      spec_flatten[0][0]               
____________________________________________________________________________________________________
bg_dense2 (Dense)                (None, 4)             68          bg_dense1[0][0]                  
____________________________________________________________________________________________________
spec_reshape (Reshape)           (None, 16, 4)         0           spec_dense1[0][0]                
____________________________________________________________________________________________________
bg_reshape (Reshape)             (None, 1, 4)          0           bg_dense2[0][0]                  
____________________________________________________________________________________________________
multiply (Multiply)              (None, 16, 4)         0           spec_reshape[0][0]               
                                                                   bg_reshape[0][0]                 
____________________________________________________________________________________________________
flatten (Flatten)                (None, 64)            0           multiply[0][0]                   
____________________________________________________________________________________________________
dense (Dense)                    (None, 1)             65          flatten[0][0]                    
====================================================================================================
Total params: 678,577
Trainable params: 678,575
Non-trainable params: 2
____________________________________________________________________________________________________
         acc      loss   val_acc  val_loss
0   0.941040  0.180309  0.800781  0.416296
1   0.939209  0.179335  0.836182  0.357528
2   0.939819  0.172263  0.891357  0.249412
3   0.941528  0.178474  0.913940  0.223211
4   0.938599  0.188325  0.802856  0.390154
5   0.945801  0.158556  0.903809  0.244773
6   0.950928  0.164909  0.919189  0.215777
7   0.950439  0.157332  0.861328  0.282463
8   0.944458  0.166812  0.919556  0.231974
9   0.953247  0.151954  0.930908  0.178366
10  0.955566  0.128238  0.946655  0.182363
11  0.951172  0.151219  0.942749  0.178913
12  0.948120  0.167205  0.883301  0.256141
13  0.953491  0.156431  0.887817  0.248877
14  0.955200  0.138251  0.932495  0.188641
15  0.951904  0.153770  0.798218  0.515261
16  0.954956  0.143219  0.794434  0.456610
17  0.960083  0.134248  0.910278  0.212850
18  0.959961  0.130048  0.909546  0.209340
19  0.960693  0.129326  0.925293  0.196509
20  0.963623  0.126503  0.934204  0.170948
21  0.958008  0.136864  0.888306  0.258894
22  0.959961  0.127431  0.849731  0.334004
23  0.960449  0.139068  0.888550  0.279086
24  0.963013  0.128448  0.809937  0.440269
25  0.962402  0.125202  0.927979  0.185037
26  0.913574  0.752168  0.500122  8.020849
27  0.506958  7.906058  0.492310  8.133454
28  0.494873  8.089009  0.504150  7.938021
29  0.512939  7.795480  0.503418  7.945042
30  0.509521  7.845829  0.505615  7.906299
31  0.504883  7.916378  0.509155  7.846734

2017-12-09 00:27:45.356298 Finish.
Total elapsed time: 04:24:48.36.
