2017-12-08 10:54:26.596042: W tensorflow/core/platform/cpu_feature_guard.cc:45] The TensorFlow library wasn't compiled to use SSE4.1 instructions, but these are available on your machine and could speed up CPU computations.
2017-12-08 10:54:26.596333: W tensorflow/core/platform/cpu_feature_guard.cc:45] The TensorFlow library wasn't compiled to use SSE4.2 instructions, but these are available on your machine and could speed up CPU computations.
2017-12-08 10:54:26.596346: W tensorflow/core/platform/cpu_feature_guard.cc:45] The TensorFlow library wasn't compiled to use AVX instructions, but these are available on your machine and could speed up CPU computations.
Using TensorFlow backend.
2017-12-08 10:54:24.137819 Start.
Training Salamon's ICASSP 2017 convnet on BirdVox-70k. 
Training set: unit05, unit07, unit10.
Validation set: unit01, unit02.
Test set: unit03.

h5py version: 2.6.0
keras version: 2.0.6
numpy version: 1.13.1
pandas version: 0.20.3
pescador version: 1.0.0
tensorflow version: 1.2.1

____________________________________________________________________________________________________
Layer (type)                     Output Shape          Param #     Connected to                     
====================================================================================================
spec_input (InputLayer)          (None, 128, 104, 1)   0                                            
____________________________________________________________________________________________________
spec_bn (BatchNormalization)     (None, 128, 104, 1)   4           spec_input[0][0]                 
____________________________________________________________________________________________________
spec_conv1 (Conv2D)              (None, 128, 104, 24)  624         spec_bn[0][0]                    
____________________________________________________________________________________________________
bg_input (InputLayer)            (None, 128, 9)        0                                            
____________________________________________________________________________________________________
spec_pool1 (MaxPooling2D)        (None, 64, 26, 24)    0           spec_conv1[0][0]                 
____________________________________________________________________________________________________
bg_pool (AveragePooling1D)       (None, 32, 9)         0           bg_input[0][0]                   
____________________________________________________________________________________________________
spec_conv2 (Conv2D)              (None, 64, 26, 48)    28848       spec_pool1[0][0]                 
____________________________________________________________________________________________________
bg_permute (Permute)             (None, 9, 32)         0           bg_pool[0][0]                    
____________________________________________________________________________________________________
spec_pool2 (MaxPooling2D)        (None, 32, 6, 48)     0           spec_conv2[0][0]                 
____________________________________________________________________________________________________
bg_conv (Conv1D)                 (None, 9, 8)          264         bg_permute[0][0]                 
____________________________________________________________________________________________________
spec_conv3 (Conv2D)              (None, 32, 6, 48)     57648       spec_pool2[0][0]                 
____________________________________________________________________________________________________
bg_flatten (Flatten)             (None, 72)            0           bg_conv[0][0]                    
____________________________________________________________________________________________________
spec_flatten (Flatten)           (None, 9216)          0           spec_conv3[0][0]                 
____________________________________________________________________________________________________
bg_dense1 (Dense)                (None, 16)            1168        bg_flatten[0][0]                 
____________________________________________________________________________________________________
spec_dense1 (Dense)              (None, 64)            589888      spec_flatten[0][0]               
____________________________________________________________________________________________________
bg_dense2 (Dense)                (None, 4)             68          bg_dense1[0][0]                  
____________________________________________________________________________________________________
spec_reshape (Reshape)           (None, 16, 4)         0           spec_dense1[0][0]                
____________________________________________________________________________________________________
bg_reshape (Reshape)             (None, 1, 4)          0           bg_dense2[0][0]                  
____________________________________________________________________________________________________
multiply (Multiply)              (None, 16, 4)         0           spec_reshape[0][0]               
                                                                   bg_reshape[0][0]                 
____________________________________________________________________________________________________
flatten (Flatten)                (None, 64)            0           multiply[0][0]                   
____________________________________________________________________________________________________
dense (Dense)                    (None, 1)             65          flatten[0][0]                    
====================================================================================================
Total params: 678,577
Trainable params: 678,575
Non-trainable params: 2
____________________________________________________________________________________________________
         acc      loss   val_acc  val_loss
0   0.503052  0.695742  0.512695  0.694145
1   0.499756  0.693982  0.502808  0.693664
2   0.502075  0.694472  0.502319  0.697242
3   0.506958  6.641055  0.489258  8.153123
4   0.500488  7.972173  0.491211  8.118614
5   0.505737  7.886106  0.505615  7.887275
6   0.491577  8.110502  0.487183  8.180049
7   0.491577  8.109575  0.511353  7.793924
8   0.492432  8.095242  0.499390  7.984007
9   0.502686  7.931194  0.500732  7.962076
10  0.502686  7.930714  0.498413  7.998613
11  0.505371  7.887496  0.500000  7.972944
12  0.503296  7.920239  0.501221  7.953169
13  0.500977  7.956926  0.510376  7.806947
14  0.500732  7.960574  0.504761  7.896244
15  0.503906  7.909770  0.491211  8.112072
16  0.502686  7.929058  0.501709  7.944550
17  0.497437  8.012596  0.498047  8.002802
18  0.510132  7.810083  0.498169  8.000748
19  0.498413  7.996810  0.499512  7.979252
20  0.500488  7.963647  0.491333  8.109570
21  0.495728  8.147373  0.499756  8.096450
22  0.494873  8.171839  0.499023  8.102142
23  0.494751  8.168805  0.505859  7.987722
24  0.498047  8.111892  0.497192  8.124007
25  0.489624  8.244530  0.503296  8.022767
26  0.498413  8.100217  0.501343  8.051797
27  0.505371  7.985788  0.503906  8.008361
28  0.492554  8.190405  0.501587  8.043907
29  0.502197  8.033255  0.489624  8.235129
30  0.498901  8.084889  0.503540  8.009443
31  0.502319  8.028505  0.499146  8.079072

2017-12-08 15:05:15.881669 Finish.
Total elapsed time: 04:10:51.88.
