2017-12-08 20:03:15.249355: W tensorflow/core/platform/cpu_feature_guard.cc:45] The TensorFlow library wasn't compiled to use SSE4.1 instructions, but these are available on your machine and could speed up CPU computations.
2017-12-08 20:03:15.249910: W tensorflow/core/platform/cpu_feature_guard.cc:45] The TensorFlow library wasn't compiled to use SSE4.2 instructions, but these are available on your machine and could speed up CPU computations.
2017-12-08 20:03:15.249924: W tensorflow/core/platform/cpu_feature_guard.cc:45] The TensorFlow library wasn't compiled to use AVX instructions, but these are available on your machine and could speed up CPU computations.
Using TensorFlow backend.
2017-12-08 20:02:57.445588 Start.
Training Salamon's ICASSP 2017 convnet on BirdVox-70k. 
Training set: unit10, unit01, unit02.
Validation set: unit03, unit05.
Test set: unit07.

h5py version: 2.6.0
keras version: 2.0.6
numpy version: 1.13.1
pandas version: 0.20.3
pescador version: 1.0.0
tensorflow version: 1.2.1

____________________________________________________________________________________________________
Layer (type)                     Output Shape          Param #     Connected to                     
====================================================================================================
spec_input (InputLayer)          (None, 128, 104, 1)   0                                            
____________________________________________________________________________________________________
spec_bn (BatchNormalization)     (None, 128, 104, 1)   4           spec_input[0][0]                 
____________________________________________________________________________________________________
spec_conv1 (Conv2D)              (None, 128, 104, 24)  624         spec_bn[0][0]                    
____________________________________________________________________________________________________
bg_input (InputLayer)            (None, 128, 9)        0                                            
____________________________________________________________________________________________________
spec_pool1 (MaxPooling2D)        (None, 64, 26, 24)    0           spec_conv1[0][0]                 
____________________________________________________________________________________________________
bg_pool (AveragePooling1D)       (None, 32, 9)         0           bg_input[0][0]                   
____________________________________________________________________________________________________
spec_conv2 (Conv2D)              (None, 64, 26, 48)    28848       spec_pool1[0][0]                 
____________________________________________________________________________________________________
bg_permute (Permute)             (None, 9, 32)         0           bg_pool[0][0]                    
____________________________________________________________________________________________________
spec_pool2 (MaxPooling2D)        (None, 32, 6, 48)     0           spec_conv2[0][0]                 
____________________________________________________________________________________________________
bg_conv (Conv1D)                 (None, 9, 8)          264         bg_permute[0][0]                 
____________________________________________________________________________________________________
spec_conv3 (Conv2D)              (None, 32, 6, 48)     57648       spec_pool2[0][0]                 
____________________________________________________________________________________________________
bg_flatten (Flatten)             (None, 72)            0           bg_conv[0][0]                    
____________________________________________________________________________________________________
spec_flatten (Flatten)           (None, 9216)          0           spec_conv3[0][0]                 
____________________________________________________________________________________________________
bg_dense1 (Dense)                (None, 16)            1168        bg_flatten[0][0]                 
____________________________________________________________________________________________________
spec_dense1 (Dense)              (None, 64)            589888      spec_flatten[0][0]               
____________________________________________________________________________________________________
bg_dense2 (Dense)                (None, 4)             68          bg_dense1[0][0]                  
____________________________________________________________________________________________________
spec_reshape (Reshape)           (None, 16, 4)         0           spec_dense1[0][0]                
____________________________________________________________________________________________________
bg_reshape (Reshape)             (None, 1, 4)          0           bg_dense2[0][0]                  
____________________________________________________________________________________________________
multiply (Multiply)              (None, 16, 4)         0           spec_reshape[0][0]               
                                                                   bg_reshape[0][0]                 
____________________________________________________________________________________________________
flatten (Flatten)                (None, 64)            0           multiply[0][0]                   
____________________________________________________________________________________________________
dense (Dense)                    (None, 1)             65          flatten[0][0]                    
====================================================================================================
Total params: 678,577
Trainable params: 678,575
Non-trainable params: 2
____________________________________________________________________________________________________
         acc      loss   val_acc  val_loss
0   0.947632  0.172387  0.846924  0.294415
1   0.947754  0.172259  0.939209  0.224253
2   0.945557  0.183898  0.958740  0.165383
3   0.945679  0.186559  0.839722  0.340955
4   0.955566  0.158360  0.885620  0.279551
5   0.956299  0.160231  0.894165  0.239249
6   0.955566  0.155037  0.924927  0.208085
7   0.957275  0.142513  0.948730  0.172133
8   0.954956  0.150740  0.937622  0.180907
9   0.957642  0.150075  0.922119  0.207316
10  0.947754  0.324441  0.498901  7.997385
11  0.570557  2.112784  0.502930  8.087635
12  0.505127  8.044514  0.496826  8.170462
13  0.508423  7.977758  0.500244  8.104415
14  0.504150  8.037287  0.498779  8.120019
15  0.511353  7.914120  0.498169  8.123576
16  0.497314  8.134714  0.498047  8.120414
17  0.510498  7.917525  0.499390  8.094474
18  0.499268  8.094572  0.490112  8.240348
19  0.495728  8.148235  0.499878  8.079796
20  0.492188  8.202360  0.504272  8.006234
21  0.499634  8.079791  0.492065  8.200613
22  0.488525  8.256616  0.497681  8.108034
23  0.508667  7.930036  0.509521  7.915378
24  0.495117  8.146747  0.502441  8.027924
25  0.506104  7.968203  0.494141  8.160355
26  0.497070  8.112535  0.500366  8.058837
27  0.504150  7.997328  0.504761  7.986998
28  0.508179  7.931469  0.496704  8.115999
29  0.502808  8.017251  0.493042  8.174302
30  0.490845  8.209407  0.502075  8.028098
31  0.498535  8.029205  0.500488  7.971836

2017-12-09 00:27:40.179988 Finish.
Total elapsed time: 04:24:43.18.
