2017-12-08 20:03:23.029300: W tensorflow/core/platform/cpu_feature_guard.cc:45] The TensorFlow library wasn't compiled to use SSE4.1 instructions, but these are available on your machine and could speed up CPU computations.
2017-12-08 20:03:23.029815: W tensorflow/core/platform/cpu_feature_guard.cc:45] The TensorFlow library wasn't compiled to use SSE4.2 instructions, but these are available on your machine and could speed up CPU computations.
2017-12-08 20:03:23.029829: W tensorflow/core/platform/cpu_feature_guard.cc:45] The TensorFlow library wasn't compiled to use AVX instructions, but these are available on your machine and could speed up CPU computations.
Using TensorFlow backend.
2017-12-08 20:02:57.446027 Start.
Training Salamon's ICASSP 2017 convnet on BirdVox-70k. 
Training set: unit03, unit05, unit07.
Validation set: unit10, unit01.
Test set: unit02.

h5py version: 2.6.0
keras version: 2.0.6
numpy version: 1.13.1
pandas version: 0.20.3
pescador version: 1.0.0
tensorflow version: 1.2.1

____________________________________________________________________________________________________
Layer (type)                     Output Shape          Param #     Connected to                     
====================================================================================================
spec_input (InputLayer)          (None, 128, 104, 1)   0                                            
____________________________________________________________________________________________________
spec_bn (BatchNormalization)     (None, 128, 104, 1)   4           spec_input[0][0]                 
____________________________________________________________________________________________________
spec_conv1 (Conv2D)              (None, 128, 104, 24)  624         spec_bn[0][0]                    
____________________________________________________________________________________________________
bg_input (InputLayer)            (None, 128, 9)        0                                            
____________________________________________________________________________________________________
spec_pool1 (MaxPooling2D)        (None, 64, 26, 24)    0           spec_conv1[0][0]                 
____________________________________________________________________________________________________
bg_pool (AveragePooling1D)       (None, 32, 9)         0           bg_input[0][0]                   
____________________________________________________________________________________________________
spec_conv2 (Conv2D)              (None, 64, 26, 48)    28848       spec_pool1[0][0]                 
____________________________________________________________________________________________________
bg_permute (Permute)             (None, 9, 32)         0           bg_pool[0][0]                    
____________________________________________________________________________________________________
spec_pool2 (MaxPooling2D)        (None, 32, 6, 48)     0           spec_conv2[0][0]                 
____________________________________________________________________________________________________
bg_conv (Conv1D)                 (None, 9, 8)          264         bg_permute[0][0]                 
____________________________________________________________________________________________________
spec_conv3 (Conv2D)              (None, 32, 6, 48)     57648       spec_pool2[0][0]                 
____________________________________________________________________________________________________
bg_flatten (Flatten)             (None, 72)            0           bg_conv[0][0]                    
____________________________________________________________________________________________________
spec_flatten (Flatten)           (None, 9216)          0           spec_conv3[0][0]                 
____________________________________________________________________________________________________
bg_dense1 (Dense)                (None, 16)            1168        bg_flatten[0][0]                 
____________________________________________________________________________________________________
spec_dense1 (Dense)              (None, 64)            589888      spec_flatten[0][0]               
____________________________________________________________________________________________________
bg_dense2 (Dense)                (None, 4)             68          bg_dense1[0][0]                  
____________________________________________________________________________________________________
spec_reshape (Reshape)           (None, 16, 4)         0           spec_dense1[0][0]                
____________________________________________________________________________________________________
bg_reshape (Reshape)             (None, 1, 4)          0           bg_dense2[0][0]                  
____________________________________________________________________________________________________
multiply (Multiply)              (None, 16, 4)         0           spec_reshape[0][0]               
                                                                   bg_reshape[0][0]                 
____________________________________________________________________________________________________
flatten (Flatten)                (None, 64)            0           multiply[0][0]                   
____________________________________________________________________________________________________
dense (Dense)                    (None, 1)             65          flatten[0][0]                    
====================================================================================================
Total params: 678,577
Trainable params: 678,575
Non-trainable params: 2
____________________________________________________________________________________________________
         acc      loss   val_acc  val_loss
0   0.968018  0.110055  0.698364  0.766707
1   0.965210  0.114403  0.760132  0.715699
2   0.971924  0.097975  0.798340  0.554021
3   0.969360  0.099314  0.748047  0.772562
4   0.973877  0.094429  0.726196  0.863009
5   0.973511  0.096585  0.705444  0.902040
6   0.971802  0.092052  0.802612  0.766230
7   0.975830  0.087989  0.817505  0.657420
8   0.973145  0.098666  0.786987  0.677031
9   0.974976  0.090305  0.826416  0.596088
10  0.973755  0.099392  0.794189  0.765123
11  0.973267  0.092390  0.751465  0.892226
12  0.976929  0.087763  0.760986  0.715808
13  0.975342  0.090710  0.804321  0.703611
14  0.971558  0.100555  0.809082  0.605525
15  0.972534  0.093970  0.855835  0.591640
16  0.976440  0.085166  0.771118  0.986723
17  0.977783  0.088770  0.821411  0.705063
18  0.975464  0.094334  0.825806  0.726933
19  0.979492  0.086493  0.774536  0.652359
20  0.977051  0.094302  0.753052  1.158173
21  0.977173  0.080220  0.858276  0.648151
22  0.978394  0.082177  0.762817  1.154078
23  0.977783  0.093123  0.725952  1.309118
24  0.976929  0.090740  0.772949  0.815397
25  0.975098  0.089481  0.814453  0.846303
26  0.977051  0.092255  0.788818  1.086490
27  0.978394  0.082311  0.830322  0.795407
28  0.969238  0.099968  0.790894  1.040335
29  0.824951  2.343785  0.504150  8.020471
30  0.494751  8.170222  0.504761  8.007346
31  0.496948  8.132002  0.499023  8.097358

2017-12-09 01:05:55.107825 Finish.
Total elapsed time: 05:02:58.11.
