2017-12-06 01:55:49.603420: W tensorflow/core/platform/cpu_feature_guard.cc:45] The TensorFlow library wasn't compiled to use SSE4.1 instructions, but these are available on your machine and could speed up CPU computations.
2017-12-06 01:55:49.603740: W tensorflow/core/platform/cpu_feature_guard.cc:45] The TensorFlow library wasn't compiled to use SSE4.2 instructions, but these are available on your machine and could speed up CPU computations.
2017-12-06 01:55:49.603757: W tensorflow/core/platform/cpu_feature_guard.cc:45] The TensorFlow library wasn't compiled to use AVX instructions, but these are available on your machine and could speed up CPU computations.
2017-12-06 01:55:49.603764: W tensorflow/core/platform/cpu_feature_guard.cc:45] The TensorFlow library wasn't compiled to use AVX2 instructions, but these are available on your machine and could speed up CPU computations.
2017-12-06 01:55:49.603771: W tensorflow/core/platform/cpu_feature_guard.cc:45] The TensorFlow library wasn't compiled to use FMA instructions, but these are available on your machine and could speed up CPU computations.
Using TensorFlow backend.
2017-12-06 01:55:41.790276 Start.
Training Salamon's ICASSP 2017 convnet on BirdVox-70k. 
Training set: unit10, unit01, unit02.
Validation set: unit03, unit05.
Test set: unit07.

h5py version: 2.6.0
keras version: 2.0.6
numpy version: 1.13.1
pandas version: 0.20.3
pescador version: 1.0.0
tensorflow version: 1.2.1

____________________________________________________________________________________________________
Layer (type)                     Output Shape          Param #     Connected to                     
====================================================================================================
spec_input (InputLayer)          (None, 128, 104, 1)   0                                            
____________________________________________________________________________________________________
spec_bn (BatchNormalization)     (None, 128, 104, 1)   4           spec_input[0][0]                 
____________________________________________________________________________________________________
spec_conv1 (Conv2D)              (None, 128, 104, 24)  624         spec_bn[0][0]                    
____________________________________________________________________________________________________
bg_input (InputLayer)            (None, 128, 9)        0                                            
____________________________________________________________________________________________________
spec_pool1 (MaxPooling2D)        (None, 64, 26, 24)    0           spec_conv1[0][0]                 
____________________________________________________________________________________________________
bg_pool (AveragePooling1D)       (None, 32, 9)         0           bg_input[0][0]                   
____________________________________________________________________________________________________
spec_conv2 (Conv2D)              (None, 64, 26, 48)    28848       spec_pool1[0][0]                 
____________________________________________________________________________________________________
bg_permute (Permute)             (None, 9, 32)         0           bg_pool[0][0]                    
____________________________________________________________________________________________________
spec_pool2 (MaxPooling2D)        (None, 32, 6, 48)     0           spec_conv2[0][0]                 
____________________________________________________________________________________________________
bg_conv (Conv1D)                 (None, 9, 8)          264         bg_permute[0][0]                 
____________________________________________________________________________________________________
spec_conv3 (Conv2D)              (None, 32, 6, 48)     57648       spec_pool2[0][0]                 
____________________________________________________________________________________________________
bg_flatten (Flatten)             (None, 72)            0           bg_conv[0][0]                    
____________________________________________________________________________________________________
spec_flatten (Flatten)           (None, 9216)          0           spec_conv3[0][0]                 
____________________________________________________________________________________________________
bg_dense1 (Dense)                (None, 16)            1168        bg_flatten[0][0]                 
____________________________________________________________________________________________________
spec_dense1 (Dense)              (None, 64)            589888      spec_flatten[0][0]               
____________________________________________________________________________________________________
bg_dense2 (Dense)                (None, 4)             68          bg_dense1[0][0]                  
____________________________________________________________________________________________________
spec_reshape (Reshape)           (None, 16, 4)         0           spec_dense1[0][0]                
____________________________________________________________________________________________________
bg_reshape (Reshape)             (None, 1, 4)          0           bg_dense2[0][0]                  
____________________________________________________________________________________________________
multiply (Multiply)              (None, 16, 4)         0           spec_reshape[0][0]               
                                                                   bg_reshape[0][0]                 
____________________________________________________________________________________________________
flatten (Flatten)                (None, 64)            0           multiply[0][0]                   
____________________________________________________________________________________________________
dense (Dense)                    (None, 1)             65          flatten[0][0]                    
====================================================================================================
Total params: 678,577
Trainable params: 678,575
Non-trainable params: 2
____________________________________________________________________________________________________
         acc      loss   val_acc  val_loss
0   0.938721  0.189827  0.942749  0.169108
1   0.949707  0.158965  0.910767  0.255162
2   0.954346  0.146867  0.865234  0.351392
3   0.951416  0.160499  0.885864  0.330845
4   0.948242  0.160394  0.933716  0.192457
5   0.948853  0.168059  0.855469  0.378506
6   0.955444  0.150499  0.966064  0.114715
7   0.955444  0.139682  0.892578  0.368131
8   0.963623  0.132882  0.953613  0.142057
9   0.958984  0.133458  0.966553  0.121420
10  0.959839  0.140217  0.949463  0.151501
11  0.960327  0.142376  0.909790  0.255600
12  0.956909  0.152056  0.912354  0.255527
13  0.956543  0.151918  0.916504  0.249562
14  0.960938  0.139486  0.967773  0.124595
15  0.963257  0.132090  0.938721  0.183399
16  0.956909  0.135698  0.931274  0.209893
17  0.956177  0.159817  0.958740  0.153265
18  0.964600  0.134110  0.945679  0.170070
19  0.964966  0.124750  0.881470  0.367293
20  0.957520  0.152201  0.965698  0.129249
21  0.962769  0.142815  0.956543  0.144826
22  0.959595  0.148741  0.930298  0.211865
23  0.965210  0.131079  0.945801  0.183658
24  0.963745  0.123020  0.966919  0.122215
25  0.962280  0.134702  0.900269  0.322700
26  0.964600  0.142465  0.970093  0.128206
27  0.957642  0.166198  0.943481  0.225288
28  0.959351  0.164072  0.903687  0.366685
29  0.960938  0.141869  0.953735  0.147645
30  0.963013  0.134405  0.936890  0.189398
31  0.966431  0.134501  0.944824  0.179031

2017-12-06 05:36:00.889096 Finish.
Total elapsed time: 03:40:19.89.
