2017-12-08 20:03:21.920982: W tensorflow/core/platform/cpu_feature_guard.cc:45] The TensorFlow library wasn't compiled to use SSE4.1 instructions, but these are available on your machine and could speed up CPU computations.
2017-12-08 20:03:21.921385: W tensorflow/core/platform/cpu_feature_guard.cc:45] The TensorFlow library wasn't compiled to use SSE4.2 instructions, but these are available on your machine and could speed up CPU computations.
2017-12-08 20:03:21.921404: W tensorflow/core/platform/cpu_feature_guard.cc:45] The TensorFlow library wasn't compiled to use AVX instructions, but these are available on your machine and could speed up CPU computations.
Using TensorFlow backend.
2017-12-08 20:02:57.445584 Start.
Training Salamon's ICASSP 2017 convnet on BirdVox-70k. 
Training set: unit01, unit02, unit03.
Validation set: unit05, unit07.
Test set: unit10.

h5py version: 2.6.0
keras version: 2.0.6
numpy version: 1.13.1
pandas version: 0.20.3
pescador version: 1.0.0
tensorflow version: 1.2.1

____________________________________________________________________________________________________
Layer (type)                     Output Shape          Param #     Connected to                     
====================================================================================================
spec_input (InputLayer)          (None, 128, 104, 1)   0                                            
____________________________________________________________________________________________________
spec_bn (BatchNormalization)     (None, 128, 104, 1)   4           spec_input[0][0]                 
____________________________________________________________________________________________________
spec_conv1 (Conv2D)              (None, 128, 104, 24)  624         spec_bn[0][0]                    
____________________________________________________________________________________________________
bg_input (InputLayer)            (None, 128, 9)        0                                            
____________________________________________________________________________________________________
spec_pool1 (MaxPooling2D)        (None, 64, 26, 24)    0           spec_conv1[0][0]                 
____________________________________________________________________________________________________
bg_pool (AveragePooling1D)       (None, 32, 9)         0           bg_input[0][0]                   
____________________________________________________________________________________________________
spec_conv2 (Conv2D)              (None, 64, 26, 48)    28848       spec_pool1[0][0]                 
____________________________________________________________________________________________________
bg_permute (Permute)             (None, 9, 32)         0           bg_pool[0][0]                    
____________________________________________________________________________________________________
spec_pool2 (MaxPooling2D)        (None, 32, 6, 48)     0           spec_conv2[0][0]                 
____________________________________________________________________________________________________
bg_conv (Conv1D)                 (None, 9, 8)          264         bg_permute[0][0]                 
____________________________________________________________________________________________________
spec_conv3 (Conv2D)              (None, 32, 6, 48)     57648       spec_pool2[0][0]                 
____________________________________________________________________________________________________
bg_flatten (Flatten)             (None, 72)            0           bg_conv[0][0]                    
____________________________________________________________________________________________________
spec_flatten (Flatten)           (None, 9216)          0           spec_conv3[0][0]                 
____________________________________________________________________________________________________
bg_dense1 (Dense)                (None, 16)            1168        bg_flatten[0][0]                 
____________________________________________________________________________________________________
spec_dense1 (Dense)              (None, 64)            589888      spec_flatten[0][0]               
____________________________________________________________________________________________________
bg_dense2 (Dense)                (None, 4)             68          bg_dense1[0][0]                  
____________________________________________________________________________________________________
spec_reshape (Reshape)           (None, 16, 4)         0           spec_dense1[0][0]                
____________________________________________________________________________________________________
bg_reshape (Reshape)             (None, 1, 4)          0           bg_dense2[0][0]                  
____________________________________________________________________________________________________
multiply (Multiply)              (None, 16, 4)         0           spec_reshape[0][0]               
                                                                   bg_reshape[0][0]                 
____________________________________________________________________________________________________
flatten (Flatten)                (None, 64)            0           multiply[0][0]                   
____________________________________________________________________________________________________
dense (Dense)                    (None, 1)             65          flatten[0][0]                    
====================================================================================================
Total params: 678,577
Trainable params: 678,575
Non-trainable params: 2
____________________________________________________________________________________________________
         acc      loss   val_acc  val_loss
0   0.937866  0.184379  0.921509  0.221848
1   0.935059  0.186655  0.850708  0.331010
2   0.938843  0.180019  0.938965  0.194343
3   0.942627  0.169212  0.760498  0.338840
4   0.945190  0.160963  0.864258  0.271346
5   0.946411  0.154176  0.886719  0.242394
6   0.940796  0.174835  0.913452  0.203922
7   0.947510  0.155016  0.877197  0.236085
8   0.951172  0.146491  0.893311  0.200212
9   0.556763  0.664788  0.614502  0.634477
10  0.749512  0.588399  0.637085  0.661292
11  0.657715  0.825603  0.629150  0.632947
12  0.596191  0.661259  0.635132  0.622337
13  0.605469  0.690166  0.508545  0.721568
14  0.555664  0.714176  0.497559  8.125057
15  0.505371  8.005943  0.495728  8.160031
16  0.503784  8.028820  0.507690  7.964577
17  0.493774  8.187730  0.488037  8.279096
18  0.495728  8.154121  0.498779  8.103937
19  0.492920  8.197448  0.503052  8.033227
20  0.504517  8.008753  0.505005  8.000031
21  0.504883  8.001187  0.508911  7.935457
22  0.499756  8.082256  0.507568  7.955574
23  0.533691  7.529019  0.710571  4.691758
24  0.630737  5.953987  0.514771  7.783189
25  0.504639  7.943945  0.502319  7.979709
26  0.490967  8.159557  0.491699  8.146763
27  0.506348  7.912172  0.502441  7.973397
28  0.498657  8.032715  0.501587  7.985004
29  0.491943  8.137772  0.504272  7.940246
30  0.508179  7.877026  0.494263  8.097937
31  0.496338  8.063932  0.510498  7.837264

2017-12-09 00:27:48.009999 Finish.
Total elapsed time: 04:24:51.01.
