2017-12-08 10:54:26.168568: W tensorflow/core/platform/cpu_feature_guard.cc:45] The TensorFlow library wasn't compiled to use SSE4.1 instructions, but these are available on your machine and could speed up CPU computations.
2017-12-08 10:54:26.168815: W tensorflow/core/platform/cpu_feature_guard.cc:45] The TensorFlow library wasn't compiled to use SSE4.2 instructions, but these are available on your machine and could speed up CPU computations.
2017-12-08 10:54:26.168827: W tensorflow/core/platform/cpu_feature_guard.cc:45] The TensorFlow library wasn't compiled to use AVX instructions, but these are available on your machine and could speed up CPU computations.
Using TensorFlow backend.
2017-12-08 10:54:24.181408 Start.
Training Salamon's ICASSP 2017 convnet on BirdVox-70k. 
Training set: unit10, unit01, unit02.
Validation set: unit03, unit05.
Test set: unit07.

h5py version: 2.6.0
keras version: 2.0.6
numpy version: 1.13.1
pandas version: 0.20.3
pescador version: 1.0.0
tensorflow version: 1.2.1

____________________________________________________________________________________________________
Layer (type)                     Output Shape          Param #     Connected to                     
====================================================================================================
spec_input (InputLayer)          (None, 128, 104, 1)   0                                            
____________________________________________________________________________________________________
spec_bn (BatchNormalization)     (None, 128, 104, 1)   4           spec_input[0][0]                 
____________________________________________________________________________________________________
spec_conv1 (Conv2D)              (None, 128, 104, 24)  624         spec_bn[0][0]                    
____________________________________________________________________________________________________
bg_input (InputLayer)            (None, 128, 9)        0                                            
____________________________________________________________________________________________________
spec_pool1 (MaxPooling2D)        (None, 64, 26, 24)    0           spec_conv1[0][0]                 
____________________________________________________________________________________________________
bg_pool (AveragePooling1D)       (None, 32, 9)         0           bg_input[0][0]                   
____________________________________________________________________________________________________
spec_conv2 (Conv2D)              (None, 64, 26, 48)    28848       spec_pool1[0][0]                 
____________________________________________________________________________________________________
bg_permute (Permute)             (None, 9, 32)         0           bg_pool[0][0]                    
____________________________________________________________________________________________________
spec_pool2 (MaxPooling2D)        (None, 32, 6, 48)     0           spec_conv2[0][0]                 
____________________________________________________________________________________________________
bg_conv (Conv1D)                 (None, 9, 8)          264         bg_permute[0][0]                 
____________________________________________________________________________________________________
spec_conv3 (Conv2D)              (None, 32, 6, 48)     57648       spec_pool2[0][0]                 
____________________________________________________________________________________________________
bg_flatten (Flatten)             (None, 72)            0           bg_conv[0][0]                    
____________________________________________________________________________________________________
spec_flatten (Flatten)           (None, 9216)          0           spec_conv3[0][0]                 
____________________________________________________________________________________________________
bg_dense1 (Dense)                (None, 16)            1168        bg_flatten[0][0]                 
____________________________________________________________________________________________________
spec_dense1 (Dense)              (None, 64)            589888      spec_flatten[0][0]               
____________________________________________________________________________________________________
bg_dense2 (Dense)                (None, 4)             68          bg_dense1[0][0]                  
____________________________________________________________________________________________________
spec_reshape (Reshape)           (None, 16, 4)         0           spec_dense1[0][0]                
____________________________________________________________________________________________________
bg_reshape (Reshape)             (None, 1, 4)          0           bg_dense2[0][0]                  
____________________________________________________________________________________________________
multiply (Multiply)              (None, 16, 4)         0           spec_reshape[0][0]               
                                                                   bg_reshape[0][0]                 
____________________________________________________________________________________________________
flatten (Flatten)                (None, 64)            0           multiply[0][0]                   
____________________________________________________________________________________________________
dense (Dense)                    (None, 1)             65          flatten[0][0]                    
====================================================================================================
Total params: 678,577
Trainable params: 678,575
Non-trainable params: 2
____________________________________________________________________________________________________
         acc      loss   val_acc  val_loss
0   0.942383  0.203968  0.951904  0.168134
1   0.950684  0.173849  0.967163  0.122598
2   0.952515  0.167216  0.954590  0.160001
3   0.958618  0.149847  0.944702  0.174118
4   0.945923  0.188373  0.967041  0.166182
5   0.957397  0.160562  0.973633  0.109709
6   0.959839  0.155524  0.945068  0.176987
7   0.961548  0.148496  0.929199  0.218660
8   0.962402  0.135346  0.957275  0.150886
9   0.957153  0.146839  0.960571  0.142805
10  0.963623  0.134668  0.972900  0.107067
11  0.963013  0.138252  0.942383  0.189433
12  0.961426  0.143280  0.923218  0.245788
13  0.890625  0.317022  0.494263  0.460004
14  0.721191  0.566022  0.725830  0.463302
15  0.640869  3.114449  0.500000  8.114503
16  0.491699  8.243850  0.511841  7.915395
17  0.644287  5.775283  0.704834  4.802593
18  0.678711  5.216818  0.832397  2.755882
19  0.704468  4.787330  0.720337  4.526562
20  0.723022  4.480561  0.715332  4.601918
21  0.708618  4.719802  0.815430  3.025121
22  0.688232  5.034579  0.633057  5.908694
23  0.631958  5.973693  0.620728  6.183941
24  0.553711  7.262717  0.618530  6.216680
25  0.566040  7.061424  0.615479  6.262977
26  0.692261  4.999592  0.789307  3.457593
27  0.690186  5.029596  0.790283  3.438705
28  0.690308  5.025830  0.789551  3.448503
29  0.686768  5.080499  0.791016  3.424750
30  0.688477  5.052073  0.792969  3.391494
31  0.687866  5.061214  0.784912  3.520680

2017-12-08 15:01:17.699261 Finish.
Total elapsed time: 04:06:53.70.
