2017-12-08 20:03:21.383285: W tensorflow/core/platform/cpu_feature_guard.cc:45] The TensorFlow library wasn't compiled to use SSE4.1 instructions, but these are available on your machine and could speed up CPU computations.
2017-12-08 20:03:21.383521: W tensorflow/core/platform/cpu_feature_guard.cc:45] The TensorFlow library wasn't compiled to use SSE4.2 instructions, but these are available on your machine and could speed up CPU computations.
2017-12-08 20:03:21.383532: W tensorflow/core/platform/cpu_feature_guard.cc:45] The TensorFlow library wasn't compiled to use AVX instructions, but these are available on your machine and could speed up CPU computations.
2017-12-08 20:03:21.383536: W tensorflow/core/platform/cpu_feature_guard.cc:45] The TensorFlow library wasn't compiled to use AVX2 instructions, but these are available on your machine and could speed up CPU computations.
2017-12-08 20:03:21.383541: W tensorflow/core/platform/cpu_feature_guard.cc:45] The TensorFlow library wasn't compiled to use FMA instructions, but these are available on your machine and could speed up CPU computations.
Using TensorFlow backend.
2017-12-08 20:02:41.071206 Start.
Training Salamon's ICASSP 2017 convnet on BirdVox-70k. 
Training set: unit02, unit03, unit05.
Validation set: unit07, unit10.
Test set: unit01.

h5py version: 2.6.0
keras version: 2.0.6
numpy version: 1.13.1
pandas version: 0.20.3
pescador version: 1.0.0
tensorflow version: 1.2.1

____________________________________________________________________________________________________
Layer (type)                     Output Shape          Param #     Connected to                     
====================================================================================================
spec_input (InputLayer)          (None, 128, 104, 1)   0                                            
____________________________________________________________________________________________________
spec_bn (BatchNormalization)     (None, 128, 104, 1)   4           spec_input[0][0]                 
____________________________________________________________________________________________________
spec_conv1 (Conv2D)              (None, 128, 104, 24)  624         spec_bn[0][0]                    
____________________________________________________________________________________________________
bg_input (InputLayer)            (None, 128, 9)        0                                            
____________________________________________________________________________________________________
spec_pool1 (MaxPooling2D)        (None, 64, 26, 24)    0           spec_conv1[0][0]                 
____________________________________________________________________________________________________
bg_pool (AveragePooling1D)       (None, 32, 9)         0           bg_input[0][0]                   
____________________________________________________________________________________________________
spec_conv2 (Conv2D)              (None, 64, 26, 48)    28848       spec_pool1[0][0]                 
____________________________________________________________________________________________________
bg_permute (Permute)             (None, 9, 32)         0           bg_pool[0][0]                    
____________________________________________________________________________________________________
spec_pool2 (MaxPooling2D)        (None, 32, 6, 48)     0           spec_conv2[0][0]                 
____________________________________________________________________________________________________
bg_conv (Conv1D)                 (None, 9, 8)          264         bg_permute[0][0]                 
____________________________________________________________________________________________________
spec_conv3 (Conv2D)              (None, 32, 6, 48)     57648       spec_pool2[0][0]                 
____________________________________________________________________________________________________
bg_flatten (Flatten)             (None, 72)            0           bg_conv[0][0]                    
____________________________________________________________________________________________________
spec_flatten (Flatten)           (None, 9216)          0           spec_conv3[0][0]                 
____________________________________________________________________________________________________
bg_dense1 (Dense)                (None, 16)            1168        bg_flatten[0][0]                 
____________________________________________________________________________________________________
spec_dense1 (Dense)              (None, 64)            589888      spec_flatten[0][0]               
____________________________________________________________________________________________________
bg_dense2 (Dense)                (None, 4)             68          bg_dense1[0][0]                  
____________________________________________________________________________________________________
spec_reshape (Reshape)           (None, 16, 4)         0           spec_dense1[0][0]                
____________________________________________________________________________________________________
bg_reshape (Reshape)             (None, 1, 4)          0           bg_dense2[0][0]                  
____________________________________________________________________________________________________
multiply (Multiply)              (None, 16, 4)         0           spec_reshape[0][0]               
                                                                   bg_reshape[0][0]                 
____________________________________________________________________________________________________
flatten (Flatten)                (None, 64)            0           multiply[0][0]                   
____________________________________________________________________________________________________
dense (Dense)                    (None, 1)             65          flatten[0][0]                    
====================================================================================================
Total params: 678,577
Trainable params: 678,575
Non-trainable params: 2
____________________________________________________________________________________________________
         acc      loss   val_acc  val_loss
0   0.965088  0.116977  0.929688  0.226720
1   0.969360  0.105586  0.924316  0.214027
2   0.973145  0.098673  0.887573  0.281665
3   0.975708  0.094367  0.837769  0.393225
4   0.974365  0.094341  0.874878  0.324940
5   0.977783  0.086073  0.927856  0.226332
6   0.972412  0.100457  0.875244  0.328682
7   0.973145  0.098612  0.940674  0.225466
8   0.979858  0.084990  0.873291  0.345252
9   0.978027  0.082254  0.944824  0.196982
10  0.981689  0.076621  0.932129  0.217812
11  0.979736  0.082111  0.842773  0.415266
12  0.981567  0.079461  0.926880  0.235048
13  0.978394  0.085795  0.899902  0.267773
14  0.979858  0.080463  0.786377  0.679314
15  0.979004  0.087096  0.925171  0.228115
16  0.979004  0.081610  0.920166  0.257885
17  0.976074  0.086633  0.941650  0.220233
18  0.971436  0.149738  0.790649  2.338134
19  0.709473  0.610125  0.801025  0.614363
20  0.765015  0.755293  0.669800  4.951407
21  0.591431  0.780957  0.665161  0.626987
22  0.575439  0.955189  0.612549  1.516092
23  0.532715  0.846406  0.635010  0.650149
24  0.619995  2.475644  0.485718  8.245000
25  0.508545  7.878689  0.507324  7.883430
26  0.503418  7.957836  0.499634  8.018480
27  0.506226  7.911702  0.504028  7.945181
28  0.498291  8.035810  0.489624  8.172671
29  0.506958  7.894948  0.498047  8.035712
30  0.496094  8.065673  0.492554  8.120964
31  0.500977  7.985612  0.505005  7.920337

2017-12-09 00:26:36.638327 Finish.
Total elapsed time: 04:23:55.64.
