2017-12-08 10:54:27.801247: W tensorflow/core/platform/cpu_feature_guard.cc:45] The TensorFlow library wasn't compiled to use SSE4.1 instructions, but these are available on your machine and could speed up CPU computations.
2017-12-08 10:54:27.801479: W tensorflow/core/platform/cpu_feature_guard.cc:45] The TensorFlow library wasn't compiled to use SSE4.2 instructions, but these are available on your machine and could speed up CPU computations.
2017-12-08 10:54:27.801491: W tensorflow/core/platform/cpu_feature_guard.cc:45] The TensorFlow library wasn't compiled to use AVX instructions, but these are available on your machine and could speed up CPU computations.
Using TensorFlow backend.
2017-12-08 10:54:25.591568 Start.
Training Salamon's ICASSP 2017 convnet on BirdVox-70k. 
Training set: unit07, unit10, unit01.
Validation set: unit02, unit03.
Test set: unit05.

h5py version: 2.6.0
keras version: 2.0.6
numpy version: 1.13.1
pandas version: 0.20.3
pescador version: 1.0.0
tensorflow version: 1.2.1

____________________________________________________________________________________________________
Layer (type)                     Output Shape          Param #     Connected to                     
====================================================================================================
spec_input (InputLayer)          (None, 128, 104, 1)   0                                            
____________________________________________________________________________________________________
spec_bn (BatchNormalization)     (None, 128, 104, 1)   4           spec_input[0][0]                 
____________________________________________________________________________________________________
spec_conv1 (Conv2D)              (None, 128, 104, 24)  624         spec_bn[0][0]                    
____________________________________________________________________________________________________
bg_input (InputLayer)            (None, 128, 9)        0                                            
____________________________________________________________________________________________________
spec_pool1 (MaxPooling2D)        (None, 64, 26, 24)    0           spec_conv1[0][0]                 
____________________________________________________________________________________________________
bg_pool (AveragePooling1D)       (None, 32, 9)         0           bg_input[0][0]                   
____________________________________________________________________________________________________
spec_conv2 (Conv2D)              (None, 64, 26, 48)    28848       spec_pool1[0][0]                 
____________________________________________________________________________________________________
bg_permute (Permute)             (None, 9, 32)         0           bg_pool[0][0]                    
____________________________________________________________________________________________________
spec_pool2 (MaxPooling2D)        (None, 32, 6, 48)     0           spec_conv2[0][0]                 
____________________________________________________________________________________________________
bg_conv (Conv1D)                 (None, 9, 8)          264         bg_permute[0][0]                 
____________________________________________________________________________________________________
spec_conv3 (Conv2D)              (None, 32, 6, 48)     57648       spec_pool2[0][0]                 
____________________________________________________________________________________________________
bg_flatten (Flatten)             (None, 72)            0           bg_conv[0][0]                    
____________________________________________________________________________________________________
spec_flatten (Flatten)           (None, 9216)          0           spec_conv3[0][0]                 
____________________________________________________________________________________________________
bg_dense1 (Dense)                (None, 16)            1168        bg_flatten[0][0]                 
____________________________________________________________________________________________________
spec_dense1 (Dense)              (None, 64)            589888      spec_flatten[0][0]               
____________________________________________________________________________________________________
bg_dense2 (Dense)                (None, 4)             68          bg_dense1[0][0]                  
____________________________________________________________________________________________________
spec_reshape (Reshape)           (None, 16, 4)         0           spec_dense1[0][0]                
____________________________________________________________________________________________________
bg_reshape (Reshape)             (None, 1, 4)          0           bg_dense2[0][0]                  
____________________________________________________________________________________________________
multiply (Multiply)              (None, 16, 4)         0           spec_reshape[0][0]               
                                                                   bg_reshape[0][0]                 
____________________________________________________________________________________________________
flatten (Flatten)                (None, 64)            0           multiply[0][0]                   
____________________________________________________________________________________________________
dense (Dense)                    (None, 1)             65          flatten[0][0]                    
====================================================================================================
Total params: 678,577
Trainable params: 678,575
Non-trainable params: 2
____________________________________________________________________________________________________
         acc      loss   val_acc  val_loss
0   0.935669  0.199309  0.914673  0.304210
1   0.936890  0.182138  0.916504  0.347053
2   0.932983  0.201926  0.807373  1.366291
3   0.937744  0.186211  0.889893  0.481894
4   0.941406  0.176767  0.915771  0.354222
5   0.943726  0.173196  0.905151  0.485743
6   0.945190  0.164780  0.919312  0.438712
7   0.945068  0.171875  0.917603  0.415137
8   0.947388  0.163853  0.921997  0.517548
9   0.916748  0.193340  0.909424  0.662888
10  0.952148  0.154452  0.910522  0.522770
11  0.953491  0.155816  0.908813  0.539890
12  0.951660  0.153890  0.931396  0.312961
13  0.949951  0.158558  0.916016  0.404366
14  0.950073  0.161894  0.915527  0.335610
15  0.954102  0.148443  0.943115  0.201270
16  0.954712  0.154615  0.930298  0.326769
17  0.952271  0.144769  0.920288  0.232959
18  0.953979  0.147522  0.907227  0.349860
19  0.949707  0.166740  0.922974  0.327722
20  0.958008  0.138563  0.922729  0.352813
21  0.955200  0.142358  0.897583  0.293109
22  0.951538  0.168001  0.908936  0.456351
23  0.957031  0.149188  0.898926  0.457771
24  0.962280  0.127935  0.912598  0.549101
25  0.961060  0.142149  0.931152  0.404772
26  0.959473  0.143037  0.909058  0.592428
27  0.955811  0.151833  0.900879  0.599184
28  0.957397  0.147426  0.894165  0.654510
29  0.961548  0.132999  0.921265  0.349002
30  0.961182  0.122893  0.924316  0.373712
31  0.961426  0.136494  0.924438  0.242924

2017-12-08 15:06:52.347862 Finish.
Total elapsed time: 04:12:27.35.
