2017-12-08 20:03:26.391610: W tensorflow/core/platform/cpu_feature_guard.cc:45] The TensorFlow library wasn't compiled to use SSE4.1 instructions, but these are available on your machine and could speed up CPU computations.
2017-12-08 20:03:26.391994: W tensorflow/core/platform/cpu_feature_guard.cc:45] The TensorFlow library wasn't compiled to use SSE4.2 instructions, but these are available on your machine and could speed up CPU computations.
2017-12-08 20:03:26.392006: W tensorflow/core/platform/cpu_feature_guard.cc:45] The TensorFlow library wasn't compiled to use AVX instructions, but these are available on your machine and could speed up CPU computations.
Using TensorFlow backend.
2017-12-08 20:02:57.462500 Start.
Training Salamon's ICASSP 2017 convnet on BirdVox-70k. 
Training set: unit01, unit02, unit03.
Validation set: unit05, unit07.
Test set: unit10.

h5py version: 2.6.0
keras version: 2.0.6
numpy version: 1.13.1
pandas version: 0.20.3
pescador version: 1.0.0
tensorflow version: 1.2.1

____________________________________________________________________________________________________
Layer (type)                     Output Shape          Param #     Connected to                     
====================================================================================================
spec_input (InputLayer)          (None, 128, 104, 1)   0                                            
____________________________________________________________________________________________________
spec_bn (BatchNormalization)     (None, 128, 104, 1)   4           spec_input[0][0]                 
____________________________________________________________________________________________________
spec_conv1 (Conv2D)              (None, 128, 104, 24)  624         spec_bn[0][0]                    
____________________________________________________________________________________________________
bg_input (InputLayer)            (None, 128, 9)        0                                            
____________________________________________________________________________________________________
spec_pool1 (MaxPooling2D)        (None, 64, 26, 24)    0           spec_conv1[0][0]                 
____________________________________________________________________________________________________
bg_pool (AveragePooling1D)       (None, 32, 9)         0           bg_input[0][0]                   
____________________________________________________________________________________________________
spec_conv2 (Conv2D)              (None, 64, 26, 48)    28848       spec_pool1[0][0]                 
____________________________________________________________________________________________________
bg_permute (Permute)             (None, 9, 32)         0           bg_pool[0][0]                    
____________________________________________________________________________________________________
spec_pool2 (MaxPooling2D)        (None, 32, 6, 48)     0           spec_conv2[0][0]                 
____________________________________________________________________________________________________
bg_conv (Conv1D)                 (None, 9, 8)          264         bg_permute[0][0]                 
____________________________________________________________________________________________________
spec_conv3 (Conv2D)              (None, 32, 6, 48)     57648       spec_pool2[0][0]                 
____________________________________________________________________________________________________
bg_flatten (Flatten)             (None, 72)            0           bg_conv[0][0]                    
____________________________________________________________________________________________________
spec_flatten (Flatten)           (None, 9216)          0           spec_conv3[0][0]                 
____________________________________________________________________________________________________
bg_dense1 (Dense)                (None, 16)            1168        bg_flatten[0][0]                 
____________________________________________________________________________________________________
spec_dense1 (Dense)              (None, 64)            589888      spec_flatten[0][0]               
____________________________________________________________________________________________________
bg_dense2 (Dense)                (None, 4)             68          bg_dense1[0][0]                  
____________________________________________________________________________________________________
spec_reshape (Reshape)           (None, 16, 4)         0           spec_dense1[0][0]                
____________________________________________________________________________________________________
bg_reshape (Reshape)             (None, 1, 4)          0           bg_dense2[0][0]                  
____________________________________________________________________________________________________
multiply (Multiply)              (None, 16, 4)         0           spec_reshape[0][0]               
                                                                   bg_reshape[0][0]                 
____________________________________________________________________________________________________
flatten (Flatten)                (None, 64)            0           multiply[0][0]                   
____________________________________________________________________________________________________
dense (Dense)                    (None, 1)             65          flatten[0][0]                    
====================================================================================================
Total params: 678,577
Trainable params: 678,575
Non-trainable params: 2
____________________________________________________________________________________________________
         acc      loss   val_acc  val_loss
0   0.890503  0.344781  0.785645  0.560544
1   0.904175  0.289690  0.793579  0.486064
2   0.916870  0.267262  0.755005  0.469425
3   0.908569  0.288111  0.858276  0.330322
4   0.886963  0.362261  0.878174  0.340388
5   0.924683  0.289907  0.923462  0.273731
6   0.779785  2.082158  0.656738  0.705638
7   0.689209  0.756026  0.719727  1.565741
8   0.692993  0.674009  0.629150  0.678283
9   0.682861  0.612864  0.551880  0.723745
10  0.724976  0.555021  0.543701  0.704304
11  0.743896  0.529732  0.576538  0.678360
12  0.754150  0.526429  0.584106  0.670062
13  0.636841  4.187509  0.508545  7.881951
14  0.504517  7.942955  0.496216  8.072626
15  0.494507  8.097814  0.494751  8.092015
16  0.491943  8.135117  0.499023  8.020657
17  0.501831  7.974458  0.500610  7.992523
18  0.496582  8.055453  0.503174  7.949103
19  0.501465  7.975169  0.495483  8.069370
20  0.502808  7.951514  0.491943  8.123644
21  0.507446  7.875475  0.494019  8.088544
22  0.499146  8.005857  0.508667  7.853124
23  0.500122  7.988457  0.500854  7.975897
24  0.511230  7.809637  0.504517  7.915840
25  0.503296  7.934506  0.505371  7.900637
26  0.511230  7.806476  0.490601  8.134624
27  0.489868  8.145594  0.507202  7.868551
28  0.491699  8.115041  0.498779  8.001512
29  0.500732  7.969751  0.496094  8.043089
30  0.493286  8.087268  0.498047  8.010798
31  0.504150  7.912953  0.494507  8.066164

2017-12-09 01:05:54.303960 Finish.
Total elapsed time: 05:02:57.30.
