2017-12-08 20:03:11.785381: W tensorflow/core/platform/cpu_feature_guard.cc:45] The TensorFlow library wasn't compiled to use SSE4.1 instructions, but these are available on your machine and could speed up CPU computations.
2017-12-08 20:03:11.785804: W tensorflow/core/platform/cpu_feature_guard.cc:45] The TensorFlow library wasn't compiled to use SSE4.2 instructions, but these are available on your machine and could speed up CPU computations.
2017-12-08 20:03:11.785821: W tensorflow/core/platform/cpu_feature_guard.cc:45] The TensorFlow library wasn't compiled to use AVX instructions, but these are available on your machine and could speed up CPU computations.
Using TensorFlow backend.
2017-12-08 20:03:04.640449 Start.
Training Salamon's ICASSP 2017 convnet on BirdVox-70k. 
Training set: unit10, unit01, unit02.
Validation set: unit03, unit05.
Test set: unit07.

h5py version: 2.6.0
keras version: 2.0.6
numpy version: 1.13.1
pandas version: 0.20.3
pescador version: 1.0.0
tensorflow version: 1.2.1

____________________________________________________________________________________________________
Layer (type)                     Output Shape          Param #     Connected to                     
====================================================================================================
spec_input (InputLayer)          (None, 128, 104, 1)   0                                            
____________________________________________________________________________________________________
spec_bn (BatchNormalization)     (None, 128, 104, 1)   4           spec_input[0][0]                 
____________________________________________________________________________________________________
spec_conv1 (Conv2D)              (None, 128, 104, 24)  624         spec_bn[0][0]                    
____________________________________________________________________________________________________
bg_input (InputLayer)            (None, 128, 9)        0                                            
____________________________________________________________________________________________________
spec_pool1 (MaxPooling2D)        (None, 64, 26, 24)    0           spec_conv1[0][0]                 
____________________________________________________________________________________________________
bg_pool (AveragePooling1D)       (None, 32, 9)         0           bg_input[0][0]                   
____________________________________________________________________________________________________
spec_conv2 (Conv2D)              (None, 64, 26, 48)    28848       spec_pool1[0][0]                 
____________________________________________________________________________________________________
bg_permute (Permute)             (None, 9, 32)         0           bg_pool[0][0]                    
____________________________________________________________________________________________________
spec_pool2 (MaxPooling2D)        (None, 32, 6, 48)     0           spec_conv2[0][0]                 
____________________________________________________________________________________________________
bg_conv (Conv1D)                 (None, 9, 8)          264         bg_permute[0][0]                 
____________________________________________________________________________________________________
spec_conv3 (Conv2D)              (None, 32, 6, 48)     57648       spec_pool2[0][0]                 
____________________________________________________________________________________________________
bg_flatten (Flatten)             (None, 72)            0           bg_conv[0][0]                    
____________________________________________________________________________________________________
spec_flatten (Flatten)           (None, 9216)          0           spec_conv3[0][0]                 
____________________________________________________________________________________________________
bg_dense1 (Dense)                (None, 16)            1168        bg_flatten[0][0]                 
____________________________________________________________________________________________________
spec_dense1 (Dense)              (None, 64)            589888      spec_flatten[0][0]               
____________________________________________________________________________________________________
bg_dense2 (Dense)                (None, 4)             68          bg_dense1[0][0]                  
____________________________________________________________________________________________________
spec_reshape (Reshape)           (None, 16, 4)         0           spec_dense1[0][0]                
____________________________________________________________________________________________________
bg_reshape (Reshape)             (None, 1, 4)          0           bg_dense2[0][0]                  
____________________________________________________________________________________________________
multiply (Multiply)              (None, 16, 4)         0           spec_reshape[0][0]               
                                                                   bg_reshape[0][0]                 
____________________________________________________________________________________________________
flatten (Flatten)                (None, 64)            0           multiply[0][0]                   
____________________________________________________________________________________________________
dense (Dense)                    (None, 1)             65          flatten[0][0]                    
====================================================================================================
Total params: 678,577
Trainable params: 678,575
Non-trainable params: 2
____________________________________________________________________________________________________
         acc      loss   val_acc  val_loss
0   0.933105  0.192833  0.928589  0.208682
1   0.940552  0.171831  0.938599  0.189962
2   0.943604  0.170522  0.954224  0.145093
3   0.948486  0.156237  0.949097  0.155016
4   0.949341  0.160970  0.947876  0.172246
5   0.947754  0.156956  0.942749  0.183119
6   0.946899  0.157992  0.920532  0.189496
7   0.954468  0.143046  0.932861  0.187701
8   0.953857  0.147448  0.920288  0.199219
9   0.952393  0.146715  0.925171  0.186441
10  0.955688  0.135637  0.925293  0.202150
11  0.857788  0.408125  0.497192  0.659816
12  0.611084  0.861512  0.571655  0.792442
13  0.581299  4.656066  0.526611  7.674704
14  0.530396  7.610892  0.524780  7.695810
15  0.674438  5.273273  0.751221  4.043557
16  0.701538  4.844105  0.648438  5.704939
17  0.678345  5.220418  0.654785  5.599451
18  0.674561  5.278536  0.650146  5.671490
19  0.681274  5.167281  0.658325  5.535014
20  0.622070  6.084660  0.613647  6.269089
21  0.653931  5.615790  0.622681  6.120716
22  0.660889  5.500180  0.618896  6.179420
23  0.591553  6.576312  0.518677  7.727916
24  0.556885  7.115210  0.512939  7.816675
25  0.545898  7.288207  0.509277  7.871906
26  0.538818  7.398443  0.503052  7.976347
27  0.561157  7.054111  0.602661  6.426606
28  0.609009  6.317375  0.502563  8.088125
29  0.496582  8.184608  0.494751  8.213324
30  0.511597  7.941034  0.506836  8.017013
31  0.489380  8.297653  0.500977  8.110025

2017-12-09 00:17:57.615826 Finish.
Total elapsed time: 04:14:53.62.
