2017-12-06 01:57:54.219390: W tensorflow/core/platform/cpu_feature_guard.cc:45] The TensorFlow library wasn't compiled to use SSE4.1 instructions, but these are available on your machine and could speed up CPU computations.
2017-12-06 01:57:54.219716: W tensorflow/core/platform/cpu_feature_guard.cc:45] The TensorFlow library wasn't compiled to use SSE4.2 instructions, but these are available on your machine and could speed up CPU computations.
2017-12-06 01:57:54.219735: W tensorflow/core/platform/cpu_feature_guard.cc:45] The TensorFlow library wasn't compiled to use AVX instructions, but these are available on your machine and could speed up CPU computations.
2017-12-06 01:57:54.219746: W tensorflow/core/platform/cpu_feature_guard.cc:45] The TensorFlow library wasn't compiled to use AVX2 instructions, but these are available on your machine and could speed up CPU computations.
2017-12-06 01:57:54.219756: W tensorflow/core/platform/cpu_feature_guard.cc:45] The TensorFlow library wasn't compiled to use FMA instructions, but these are available on your machine and could speed up CPU computations.
Using TensorFlow backend.
2017-12-06 01:57:51.600312 Start.
Training Salamon's ICASSP 2017 convnet on BirdVox-70k. 
Training set: unit05, unit07, unit10.
Validation set: unit01, unit02.
Test set: unit03.

h5py version: 2.6.0
keras version: 2.0.6
numpy version: 1.13.1
pandas version: 0.20.3
pescador version: 1.0.0
tensorflow version: 1.2.1

____________________________________________________________________________________________________
Layer (type)                     Output Shape          Param #     Connected to                     
====================================================================================================
spec_input (InputLayer)          (None, 128, 104, 1)   0                                            
____________________________________________________________________________________________________
spec_bn (BatchNormalization)     (None, 128, 104, 1)   4           spec_input[0][0]                 
____________________________________________________________________________________________________
spec_conv1 (Conv2D)              (None, 128, 104, 24)  624         spec_bn[0][0]                    
____________________________________________________________________________________________________
bg_input (InputLayer)            (None, 128, 9)        0                                            
____________________________________________________________________________________________________
spec_pool1 (MaxPooling2D)        (None, 64, 26, 24)    0           spec_conv1[0][0]                 
____________________________________________________________________________________________________
bg_pool (AveragePooling1D)       (None, 32, 9)         0           bg_input[0][0]                   
____________________________________________________________________________________________________
spec_conv2 (Conv2D)              (None, 64, 26, 48)    28848       spec_pool1[0][0]                 
____________________________________________________________________________________________________
bg_permute (Permute)             (None, 9, 32)         0           bg_pool[0][0]                    
____________________________________________________________________________________________________
spec_pool2 (MaxPooling2D)        (None, 32, 6, 48)     0           spec_conv2[0][0]                 
____________________________________________________________________________________________________
bg_conv (Conv1D)                 (None, 9, 8)          264         bg_permute[0][0]                 
____________________________________________________________________________________________________
spec_conv3 (Conv2D)              (None, 32, 6, 48)     57648       spec_pool2[0][0]                 
____________________________________________________________________________________________________
bg_flatten (Flatten)             (None, 72)            0           bg_conv[0][0]                    
____________________________________________________________________________________________________
spec_flatten (Flatten)           (None, 9216)          0           spec_conv3[0][0]                 
____________________________________________________________________________________________________
bg_dense1 (Dense)                (None, 16)            1168        bg_flatten[0][0]                 
____________________________________________________________________________________________________
spec_dense1 (Dense)              (None, 64)            589888      spec_flatten[0][0]               
____________________________________________________________________________________________________
bg_dense2 (Dense)                (None, 4)             68          bg_dense1[0][0]                  
____________________________________________________________________________________________________
spec_reshape (Reshape)           (None, 16, 4)         0           spec_dense1[0][0]                
____________________________________________________________________________________________________
bg_reshape (Reshape)             (None, 1, 4)          0           bg_dense2[0][0]                  
____________________________________________________________________________________________________
multiply (Multiply)              (None, 16, 4)         0           spec_reshape[0][0]               
                                                                   bg_reshape[0][0]                 
____________________________________________________________________________________________________
flatten (Flatten)                (None, 64)            0           multiply[0][0]                   
____________________________________________________________________________________________________
dense (Dense)                    (None, 1)             65          flatten[0][0]                    
====================================================================================================
Total params: 678,577
Trainable params: 678,575
Non-trainable params: 2
____________________________________________________________________________________________________
         acc      loss   val_acc  val_loss
0   0.954346  0.164195  0.661133  0.750485
1   0.965210  0.137639  0.695312  1.432673
2   0.973511  0.107186  0.700806  0.927333
3   0.977417  0.090855  0.682861  0.680285
4   0.976440  0.095140  0.667358  1.613170
5   0.977661  0.096991  0.706299  1.515148
6   0.980347  0.082658  0.690430  1.415190
7   0.975708  0.103397  0.738159  0.740076
8   0.974731  0.102082  0.699707  0.854108
9   0.978394  0.097156  0.676270  2.329826
10  0.975708  0.096316  0.690430  1.202287
11  0.978027  0.093539  0.686646  0.820894
12  0.983032  0.074795  0.670044  1.339773
13  0.978882  0.087250  0.681519  1.990620
14  0.979248  0.083391  0.683838  1.461856
15  0.979980  0.082588  0.702881  1.660067
16  0.977905  0.091642  0.686279  0.813423
17  0.979004  0.080557  0.705200  1.380880
18  0.980957  0.082942  0.695312  1.445777
19  0.977173  0.095869  0.730225  0.741435
20  0.983154  0.072381  0.689209  1.831328
21  0.979248  0.086466  0.655029  1.900783
22  0.973389  0.109630  0.657715  1.320629
23  0.983032  0.071638  0.682373  2.261693
24  0.979004  0.085559  0.700928  1.349131
25  0.981079  0.072516  0.699951  1.739993
26  0.978516  0.084588  0.717651  1.161881
27  0.981079  0.075636  0.679565  1.465125
28  0.974121  0.099569  0.750000  1.732808
29  0.962646  0.139003  0.701294  1.711185
30  0.974976  0.128400  0.700439  3.134379
31  0.980347  0.098845  0.717407  1.820434

2017-12-06 05:39:15.075804 Finish.
Total elapsed time: 03:41:24.08.
